[2024-03-17T08:05:59.909+0000] {taskinstance.py:1979} INFO - Dependencies all met for dep_context=non-requeueable deps ti=<TaskInstance: study_case_etl_cloud_storage_tiga.fetch_data_aplikasi_consumer_task_id manual__2024-03-17T08:05:57.696794+00:00 [queued]>
[2024-03-17T08:05:59.919+0000] {taskinstance.py:1979} INFO - Dependencies all met for dep_context=requeueable deps ti=<TaskInstance: study_case_etl_cloud_storage_tiga.fetch_data_aplikasi_consumer_task_id manual__2024-03-17T08:05:57.696794+00:00 [queued]>
[2024-03-17T08:05:59.921+0000] {taskinstance.py:2193} INFO - Starting attempt 1 of 2
[2024-03-17T08:05:59.949+0000] {taskinstance.py:2214} INFO - Executing <Task(PythonOperator): fetch_data_aplikasi_consumer_task_id> on 2024-03-17 08:05:57.696794+00:00
[2024-03-17T08:05:59.956+0000] {standard_task_runner.py:60} INFO - Started process 7969 to run task
[2024-03-17T08:05:59.959+0000] {standard_task_runner.py:87} INFO - Running: ['***', 'tasks', 'run', 'study_case_etl_cloud_storage_tiga', 'fetch_data_aplikasi_consumer_task_id', 'manual__2024-03-17T08:05:57.696794+00:00', '--job-id', '1018', '--raw', '--subdir', 'DAGS_FOLDER/etl_day_bigquery/study_case_etl_cloud_bigquery.py', '--cfg-path', '/tmp/tmpoivwb5sp']
[2024-03-17T08:05:59.963+0000] {standard_task_runner.py:88} INFO - Job 1018: Subtask fetch_data_aplikasi_consumer_task_id
[2024-03-17T08:06:00.017+0000] {task_command.py:423} INFO - Running <TaskInstance: study_case_etl_cloud_storage_tiga.fetch_data_aplikasi_consumer_task_id manual__2024-03-17T08:05:57.696794+00:00 [running]> on host 1d5b76b26ba5
[2024-03-17T08:06:00.100+0000] {taskinstance.py:2510} INFO - Exporting env vars: AIRFLOW_CTX_DAG_OWNER='Agus mahari' AIRFLOW_CTX_DAG_ID='study_case_etl_cloud_storage_tiga' AIRFLOW_CTX_TASK_ID='fetch_data_aplikasi_consumer_task_id' AIRFLOW_CTX_EXECUTION_DATE='2024-03-17T08:05:57.696794+00:00' AIRFLOW_CTX_TRY_NUMBER='1' AIRFLOW_CTX_DAG_RUN_ID='manual__2024-03-17T08:05:57.696794+00:00'
[2024-03-17T08:06:03.373+0000] {logging_mixin.py:188} INFO - 2024-03-17 08:06:03,372 INFO sqlalchemy.engine.Engine SELECT DATABASE()
[2024-03-17T08:06:03.372+0000] {base.py:1863} INFO - SELECT DATABASE()
[2024-03-17T08:06:03.376+0000] {logging_mixin.py:188} INFO - 2024-03-17 08:06:03,376 INFO sqlalchemy.engine.Engine [raw sql] {}
[2024-03-17T08:06:03.376+0000] {base.py:1868} INFO - [raw sql] {}
[2024-03-17T08:06:04.705+0000] {logging_mixin.py:188} INFO - 2024-03-17 08:06:04,705 INFO sqlalchemy.engine.Engine SELECT @@sql_mode
[2024-03-17T08:06:04.705+0000] {base.py:1863} INFO - SELECT @@sql_mode
[2024-03-17T08:06:04.709+0000] {logging_mixin.py:188} INFO - 2024-03-17 08:06:04,709 INFO sqlalchemy.engine.Engine [raw sql] {}
[2024-03-17T08:06:04.709+0000] {base.py:1868} INFO - [raw sql] {}
[2024-03-17T08:06:05.631+0000] {logging_mixin.py:188} INFO - 2024-03-17 08:06:05,631 INFO sqlalchemy.engine.Engine SELECT @@lower_case_table_names
[2024-03-17T08:06:05.631+0000] {base.py:1863} INFO - SELECT @@lower_case_table_names
[2024-03-17T08:06:05.636+0000] {logging_mixin.py:188} INFO - 2024-03-17 08:06:05,635 INFO sqlalchemy.engine.Engine [raw sql] {}
[2024-03-17T08:06:05.635+0000] {base.py:1868} INFO - [raw sql] {}
[2024-03-17T08:06:06.377+0000] {logging_mixin.py:188} INFO - 2024-03-17 08:06:06,377 INFO sqlalchemy.engine.Engine 



  SELECT 
    *
FROM databasename.consumer
[2024-03-17T08:06:06.377+0000] {base.py:1863} INFO - 



  SELECT 
    *
FROM databasename.consumer
[2024-03-17T08:06:06.381+0000] {logging_mixin.py:188} INFO - 2024-03-17 08:06:06,381 INFO sqlalchemy.engine.Engine [raw sql] {}
[2024-03-17T08:06:06.381+0000] {base.py:1868} INFO - [raw sql] {}
[2024-03-17T08:06:06.893+0000] {python.py:202} INFO - Done. Returned value was: /opt/***/data/fetch_data_aplikasi_consumer_task_id_2024-03-17.csv
[2024-03-17T08:06:06.912+0000] {taskinstance.py:1149} INFO - Marking task as SUCCESS. dag_id=study_case_etl_cloud_storage_tiga, task_id=fetch_data_aplikasi_consumer_task_id, execution_date=20240317T080557, start_date=20240317T080559, end_date=20240317T080606
[2024-03-17T08:06:06.961+0000] {local_task_job_runner.py:234} INFO - Task exited with return code 0
[2024-03-17T08:06:06.995+0000] {taskinstance.py:3309} INFO - 0 downstream tasks scheduled from follow-on schedule check
