[2024-03-30T19:41:04.348+0000] {taskinstance.py:1979} INFO - Dependencies all met for dep_context=non-requeueable deps ti=<TaskInstance: study_case_etl_all_pipeline.fetch_data_task_id manual__2024-03-30T19:41:03.129131+00:00 [queued]>
[2024-03-30T19:41:04.356+0000] {taskinstance.py:1979} INFO - Dependencies all met for dep_context=requeueable deps ti=<TaskInstance: study_case_etl_all_pipeline.fetch_data_task_id manual__2024-03-30T19:41:03.129131+00:00 [queued]>
[2024-03-30T19:41:04.356+0000] {taskinstance.py:2193} INFO - Starting attempt 1 of 2
[2024-03-30T19:41:04.367+0000] {taskinstance.py:2214} INFO - Executing <Task(PythonOperator): fetch_data_task_id> on 2024-03-30 19:41:03.129131+00:00
[2024-03-30T19:41:04.372+0000] {standard_task_runner.py:60} INFO - Started process 2701 to run task
[2024-03-30T19:41:04.374+0000] {standard_task_runner.py:87} INFO - Running: ['***', 'tasks', 'run', 'study_case_etl_all_pipeline', 'fetch_data_task_id', 'manual__2024-03-30T19:41:03.129131+00:00', '--job-id', '185', '--raw', '--subdir', 'DAGS_FOLDER/running_dbt_core/study_case_etl_all_pipeline.py', '--cfg-path', '/tmp/tmpptfw1drr']
[2024-03-30T19:41:04.379+0000] {standard_task_runner.py:88} INFO - Job 185: Subtask fetch_data_task_id
[2024-03-30T19:41:04.413+0000] {task_command.py:423} INFO - Running <TaskInstance: study_case_etl_all_pipeline.fetch_data_task_id manual__2024-03-30T19:41:03.129131+00:00 [running]> on host f5156ab87ac1
[2024-03-30T19:41:04.475+0000] {taskinstance.py:2510} INFO - Exporting env vars: AIRFLOW_CTX_DAG_OWNER='Agus mahari' AIRFLOW_CTX_DAG_ID='study_case_etl_all_pipeline' AIRFLOW_CTX_TASK_ID='fetch_data_task_id' AIRFLOW_CTX_EXECUTION_DATE='2024-03-30T19:41:03.129131+00:00' AIRFLOW_CTX_TRY_NUMBER='1' AIRFLOW_CTX_DAG_RUN_ID='manual__2024-03-30T19:41:03.129131+00:00'
[2024-03-30T19:41:07.144+0000] {logging_mixin.py:188} INFO - 2024-03-30 19:41:07,144 INFO sqlalchemy.engine.Engine SELECT DATABASE()
[2024-03-30T19:41:07.144+0000] {base.py:1863} INFO - SELECT DATABASE()
[2024-03-30T19:41:07.151+0000] {logging_mixin.py:188} INFO - 2024-03-30 19:41:07,151 INFO sqlalchemy.engine.Engine [raw sql] {}
[2024-03-30T19:41:07.151+0000] {base.py:1868} INFO - [raw sql] {}
[2024-03-30T19:41:08.078+0000] {logging_mixin.py:188} INFO - 2024-03-30 19:41:08,078 INFO sqlalchemy.engine.Engine SELECT @@sql_mode
[2024-03-30T19:41:08.078+0000] {base.py:1863} INFO - SELECT @@sql_mode
[2024-03-30T19:41:08.079+0000] {logging_mixin.py:188} INFO - 2024-03-30 19:41:08,079 INFO sqlalchemy.engine.Engine [raw sql] {}
[2024-03-30T19:41:08.079+0000] {base.py:1868} INFO - [raw sql] {}
[2024-03-30T19:41:08.568+0000] {logging_mixin.py:188} INFO - 2024-03-30 19:41:08,568 INFO sqlalchemy.engine.Engine SELECT @@lower_case_table_names
[2024-03-30T19:41:08.568+0000] {base.py:1863} INFO - SELECT @@lower_case_table_names
[2024-03-30T19:41:08.569+0000] {logging_mixin.py:188} INFO - 2024-03-30 19:41:08,569 INFO sqlalchemy.engine.Engine [raw sql] {}
[2024-03-30T19:41:08.569+0000] {base.py:1868} INFO - [raw sql] {}
[2024-03-30T19:41:09.273+0000] {logging_mixin.py:188} INFO - 2024-03-30 19:41:09,273 INFO sqlalchemy.engine.Engine 
  SELECT 
    *
FROM databasename.raw_credit_card
[2024-03-30T19:41:09.273+0000] {base.py:1863} INFO - 
  SELECT 
    *
FROM databasename.raw_credit_card
[2024-03-30T19:41:09.274+0000] {logging_mixin.py:188} INFO - 2024-03-30 19:41:09,274 INFO sqlalchemy.engine.Engine [raw sql] {}
[2024-03-30T19:41:09.274+0000] {base.py:1868} INFO - [raw sql] {}
[2024-03-30T19:41:27.818+0000] {logging_mixin.py:188} INFO - File already exists.
[2024-03-30T19:41:27.846+0000] {python.py:202} INFO - Done. Returned value was: /opt/***/data/fetch_data_task_id_2024-03-30.csv
[2024-03-30T19:41:27.862+0000] {taskinstance.py:1149} INFO - Marking task as SUCCESS. dag_id=study_case_etl_all_pipeline, task_id=fetch_data_task_id, execution_date=20240330T194103, start_date=20240330T194104, end_date=20240330T194127
[2024-03-30T19:41:27.914+0000] {local_task_job_runner.py:234} INFO - Task exited with return code 0
[2024-03-30T19:41:27.934+0000] {taskinstance.py:3309} INFO - 1 downstream tasks scheduled from follow-on schedule check
