[2024-03-30T22:46:07.284+0000] {taskinstance.py:1979} INFO - Dependencies all met for dep_context=non-requeueable deps ti=<TaskInstance: study_case_etl_all_pipeline.fetch_data_task_id manual__2024-03-30T22:46:05.538421+00:00 [queued]>
[2024-03-30T22:46:07.291+0000] {taskinstance.py:1979} INFO - Dependencies all met for dep_context=requeueable deps ti=<TaskInstance: study_case_etl_all_pipeline.fetch_data_task_id manual__2024-03-30T22:46:05.538421+00:00 [queued]>
[2024-03-30T22:46:07.291+0000] {taskinstance.py:2193} INFO - Starting attempt 1 of 2
[2024-03-30T22:46:07.303+0000] {taskinstance.py:2214} INFO - Executing <Task(PythonOperator): fetch_data_task_id> on 2024-03-30 22:46:05.538421+00:00
[2024-03-30T22:46:07.307+0000] {standard_task_runner.py:60} INFO - Started process 5690 to run task
[2024-03-30T22:46:07.310+0000] {standard_task_runner.py:87} INFO - Running: ['***', 'tasks', 'run', 'study_case_etl_all_pipeline', 'fetch_data_task_id', 'manual__2024-03-30T22:46:05.538421+00:00', '--job-id', '212', '--raw', '--subdir', 'DAGS_FOLDER/running_dbt_core/study_case_etl_all_pipeline.py', '--cfg-path', '/tmp/tmpl31ljqgo']
[2024-03-30T22:46:07.313+0000] {standard_task_runner.py:88} INFO - Job 212: Subtask fetch_data_task_id
[2024-03-30T22:46:07.350+0000] {task_command.py:423} INFO - Running <TaskInstance: study_case_etl_all_pipeline.fetch_data_task_id manual__2024-03-30T22:46:05.538421+00:00 [running]> on host f5156ab87ac1
[2024-03-30T22:46:07.415+0000] {taskinstance.py:2510} INFO - Exporting env vars: AIRFLOW_CTX_DAG_OWNER='Agus mahari' AIRFLOW_CTX_DAG_ID='study_case_etl_all_pipeline' AIRFLOW_CTX_TASK_ID='fetch_data_task_id' AIRFLOW_CTX_EXECUTION_DATE='2024-03-30T22:46:05.538421+00:00' AIRFLOW_CTX_TRY_NUMBER='1' AIRFLOW_CTX_DAG_RUN_ID='manual__2024-03-30T22:46:05.538421+00:00'
[2024-03-30T22:46:10.119+0000] {logging_mixin.py:188} INFO - 2024-03-30 22:46:10,118 INFO sqlalchemy.engine.Engine SELECT DATABASE()
[2024-03-30T22:46:10.118+0000] {base.py:1863} INFO - SELECT DATABASE()
[2024-03-30T22:46:10.120+0000] {logging_mixin.py:188} INFO - 2024-03-30 22:46:10,119 INFO sqlalchemy.engine.Engine [raw sql] {}
[2024-03-30T22:46:10.119+0000] {base.py:1868} INFO - [raw sql] {}
[2024-03-30T22:46:11.011+0000] {logging_mixin.py:188} INFO - 2024-03-30 22:46:11,010 INFO sqlalchemy.engine.Engine SELECT @@sql_mode
[2024-03-30T22:46:11.010+0000] {base.py:1863} INFO - SELECT @@sql_mode
[2024-03-30T22:46:11.015+0000] {logging_mixin.py:188} INFO - 2024-03-30 22:46:11,015 INFO sqlalchemy.engine.Engine [raw sql] {}
[2024-03-30T22:46:11.015+0000] {base.py:1868} INFO - [raw sql] {}
[2024-03-30T22:46:11.463+0000] {logging_mixin.py:188} INFO - 2024-03-30 22:46:11,463 INFO sqlalchemy.engine.Engine SELECT @@lower_case_table_names
[2024-03-30T22:46:11.463+0000] {base.py:1863} INFO - SELECT @@lower_case_table_names
[2024-03-30T22:46:11.464+0000] {logging_mixin.py:188} INFO - 2024-03-30 22:46:11,463 INFO sqlalchemy.engine.Engine [raw sql] {}
[2024-03-30T22:46:11.463+0000] {base.py:1868} INFO - [raw sql] {}
[2024-03-30T22:46:12.131+0000] {logging_mixin.py:188} INFO - 2024-03-30 22:46:12,130 INFO sqlalchemy.engine.Engine 
  SELECT 
    *
FROM databasename.raw_credit_card
[2024-03-30T22:46:12.130+0000] {base.py:1863} INFO - 
  SELECT 
    *
FROM databasename.raw_credit_card
[2024-03-30T22:46:12.133+0000] {logging_mixin.py:188} INFO - 2024-03-30 22:46:12,133 INFO sqlalchemy.engine.Engine [raw sql] {}
[2024-03-30T22:46:12.133+0000] {base.py:1868} INFO - [raw sql] {}
[2024-03-30T22:46:20.400+0000] {python.py:202} INFO - Done. Returned value was: /opt/***/data/fetch_data_task_id_2024-03-30.csv
[2024-03-30T22:46:20.417+0000] {taskinstance.py:1149} INFO - Marking task as SUCCESS. dag_id=study_case_etl_all_pipeline, task_id=fetch_data_task_id, execution_date=20240330T224605, start_date=20240330T224607, end_date=20240330T224620
[2024-03-30T22:46:20.464+0000] {local_task_job_runner.py:234} INFO - Task exited with return code 0
[2024-03-30T22:46:20.494+0000] {taskinstance.py:3309} INFO - 0 downstream tasks scheduled from follow-on schedule check
