[2024-03-30T18:53:45.729+0000] {taskinstance.py:1979} INFO - Dependencies all met for dep_context=non-requeueable deps ti=<TaskInstance: study_case_etl_all_pipeline.fetch_data_task_id manual__2024-03-30T18:53:44.412667+00:00 [queued]>
[2024-03-30T18:53:45.738+0000] {taskinstance.py:1979} INFO - Dependencies all met for dep_context=requeueable deps ti=<TaskInstance: study_case_etl_all_pipeline.fetch_data_task_id manual__2024-03-30T18:53:44.412667+00:00 [queued]>
[2024-03-30T18:53:45.739+0000] {taskinstance.py:2193} INFO - Starting attempt 1 of 2
[2024-03-30T18:53:45.759+0000] {taskinstance.py:2214} INFO - Executing <Task(PythonOperator): fetch_data_task_id> on 2024-03-30 18:53:44.412667+00:00
[2024-03-30T18:53:45.765+0000] {standard_task_runner.py:60} INFO - Started process 1815 to run task
[2024-03-30T18:53:45.769+0000] {standard_task_runner.py:87} INFO - Running: ['***', 'tasks', 'run', 'study_case_etl_all_pipeline', 'fetch_data_task_id', 'manual__2024-03-30T18:53:44.412667+00:00', '--job-id', '163', '--raw', '--subdir', 'DAGS_FOLDER/running_dbt_core/study_case_etl_all_pipeline.py', '--cfg-path', '/tmp/tmp5107dki1']
[2024-03-30T18:53:45.780+0000] {standard_task_runner.py:88} INFO - Job 163: Subtask fetch_data_task_id
[2024-03-30T18:53:45.839+0000] {task_command.py:423} INFO - Running <TaskInstance: study_case_etl_all_pipeline.fetch_data_task_id manual__2024-03-30T18:53:44.412667+00:00 [running]> on host f5156ab87ac1
[2024-03-30T18:53:45.909+0000] {taskinstance.py:2510} INFO - Exporting env vars: AIRFLOW_CTX_DAG_OWNER='Agus mahari' AIRFLOW_CTX_DAG_ID='study_case_etl_all_pipeline' AIRFLOW_CTX_TASK_ID='fetch_data_task_id' AIRFLOW_CTX_EXECUTION_DATE='2024-03-30T18:53:44.412667+00:00' AIRFLOW_CTX_TRY_NUMBER='1' AIRFLOW_CTX_DAG_RUN_ID='manual__2024-03-30T18:53:44.412667+00:00'
[2024-03-30T18:53:48.602+0000] {logging_mixin.py:188} INFO - 2024-03-30 18:53:48,602 INFO sqlalchemy.engine.Engine SELECT DATABASE()
[2024-03-30T18:53:48.602+0000] {base.py:1863} INFO - SELECT DATABASE()
[2024-03-30T18:53:48.603+0000] {logging_mixin.py:188} INFO - 2024-03-30 18:53:48,603 INFO sqlalchemy.engine.Engine [raw sql] {}
[2024-03-30T18:53:48.603+0000] {base.py:1868} INFO - [raw sql] {}
[2024-03-30T18:53:49.717+0000] {logging_mixin.py:188} INFO - 2024-03-30 18:53:49,717 INFO sqlalchemy.engine.Engine SELECT @@sql_mode
[2024-03-30T18:53:49.717+0000] {base.py:1863} INFO - SELECT @@sql_mode
[2024-03-30T18:53:49.718+0000] {logging_mixin.py:188} INFO - 2024-03-30 18:53:49,718 INFO sqlalchemy.engine.Engine [raw sql] {}
[2024-03-30T18:53:49.718+0000] {base.py:1868} INFO - [raw sql] {}
[2024-03-30T18:53:50.299+0000] {logging_mixin.py:188} INFO - 2024-03-30 18:53:50,299 INFO sqlalchemy.engine.Engine SELECT @@lower_case_table_names
[2024-03-30T18:53:50.299+0000] {base.py:1863} INFO - SELECT @@lower_case_table_names
[2024-03-30T18:53:50.303+0000] {logging_mixin.py:188} INFO - 2024-03-30 18:53:50,302 INFO sqlalchemy.engine.Engine [raw sql] {}
[2024-03-30T18:53:50.302+0000] {base.py:1868} INFO - [raw sql] {}
[2024-03-30T18:53:51.604+0000] {logging_mixin.py:188} INFO - 2024-03-30 18:53:51,604 INFO sqlalchemy.engine.Engine 
  SELECT 
    *
FROM databasename.raw_credit_card
[2024-03-30T18:53:51.604+0000] {base.py:1863} INFO - 
  SELECT 
    *
FROM databasename.raw_credit_card
[2024-03-30T18:53:51.605+0000] {logging_mixin.py:188} INFO - 2024-03-30 18:53:51,605 INFO sqlalchemy.engine.Engine [raw sql] {}
[2024-03-30T18:53:51.605+0000] {base.py:1868} INFO - [raw sql] {}
[2024-03-30T18:54:12.136+0000] {python.py:202} INFO - Done. Returned value was: /opt/***/data/fetch_data_task_id_2024-03-30.csv
[2024-03-30T18:54:12.159+0000] {taskinstance.py:1149} INFO - Marking task as SUCCESS. dag_id=study_case_etl_all_pipeline, task_id=fetch_data_task_id, execution_date=20240330T185344, start_date=20240330T185345, end_date=20240330T185412
[2024-03-30T18:54:12.186+0000] {local_task_job_runner.py:234} INFO - Task exited with return code 0
[2024-03-30T18:54:12.205+0000] {taskinstance.py:3309} INFO - 1 downstream tasks scheduled from follow-on schedule check
