[2024-03-30T09:00:00.571+0000] {taskinstance.py:1979} INFO - Dependencies all met for dep_context=non-requeueable deps ti=<TaskInstance: study_case_etl_all_pipeline.fetch_data_task_id manual__2024-03-30T08:59:59.287385+00:00 [queued]>
[2024-03-30T09:00:00.578+0000] {taskinstance.py:1979} INFO - Dependencies all met for dep_context=requeueable deps ti=<TaskInstance: study_case_etl_all_pipeline.fetch_data_task_id manual__2024-03-30T08:59:59.287385+00:00 [queued]>
[2024-03-30T09:00:00.578+0000] {taskinstance.py:2193} INFO - Starting attempt 1 of 2
[2024-03-30T09:00:00.590+0000] {taskinstance.py:2214} INFO - Executing <Task(PythonOperator): fetch_data_task_id> on 2024-03-30 08:59:59.287385+00:00
[2024-03-30T09:00:00.596+0000] {standard_task_runner.py:60} INFO - Started process 272 to run task
[2024-03-30T09:00:00.600+0000] {standard_task_runner.py:87} INFO - Running: ['***', 'tasks', 'run', 'study_case_etl_all_pipeline', 'fetch_data_task_id', 'manual__2024-03-30T08:59:59.287385+00:00', '--job-id', '9', '--raw', '--subdir', 'DAGS_FOLDER/running_dbt_core/study_case_etl_all_pipeline.py', '--cfg-path', '/tmp/tmpdtu1bfih']
[2024-03-30T09:00:00.604+0000] {standard_task_runner.py:88} INFO - Job 9: Subtask fetch_data_task_id
[2024-03-30T09:00:00.654+0000] {task_command.py:423} INFO - Running <TaskInstance: study_case_etl_all_pipeline.fetch_data_task_id manual__2024-03-30T08:59:59.287385+00:00 [running]> on host 8e1e687a7cdb
[2024-03-30T09:00:00.722+0000] {taskinstance.py:2510} INFO - Exporting env vars: AIRFLOW_CTX_DAG_OWNER='Agus mahari' AIRFLOW_CTX_DAG_ID='study_case_etl_all_pipeline' AIRFLOW_CTX_TASK_ID='fetch_data_task_id' AIRFLOW_CTX_EXECUTION_DATE='2024-03-30T08:59:59.287385+00:00' AIRFLOW_CTX_TRY_NUMBER='1' AIRFLOW_CTX_DAG_RUN_ID='manual__2024-03-30T08:59:59.287385+00:00'
[2024-03-30T09:00:03.945+0000] {logging_mixin.py:188} INFO - 2024-03-30 09:00:03,945 INFO sqlalchemy.engine.Engine SELECT DATABASE()
[2024-03-30T09:00:03.945+0000] {base.py:1863} INFO - SELECT DATABASE()
[2024-03-30T09:00:03.947+0000] {logging_mixin.py:188} INFO - 2024-03-30 09:00:03,947 INFO sqlalchemy.engine.Engine [raw sql] {}
[2024-03-30T09:00:03.947+0000] {base.py:1868} INFO - [raw sql] {}
[2024-03-30T09:00:04.897+0000] {logging_mixin.py:188} INFO - 2024-03-30 09:00:04,896 INFO sqlalchemy.engine.Engine SELECT @@sql_mode
[2024-03-30T09:00:04.896+0000] {base.py:1863} INFO - SELECT @@sql_mode
[2024-03-30T09:00:04.900+0000] {logging_mixin.py:188} INFO - 2024-03-30 09:00:04,900 INFO sqlalchemy.engine.Engine [raw sql] {}
[2024-03-30T09:00:04.900+0000] {base.py:1868} INFO - [raw sql] {}
[2024-03-30T09:00:05.378+0000] {logging_mixin.py:188} INFO - 2024-03-30 09:00:05,377 INFO sqlalchemy.engine.Engine SELECT @@lower_case_table_names
[2024-03-30T09:00:05.377+0000] {base.py:1863} INFO - SELECT @@lower_case_table_names
[2024-03-30T09:00:05.380+0000] {logging_mixin.py:188} INFO - 2024-03-30 09:00:05,380 INFO sqlalchemy.engine.Engine [raw sql] {}
[2024-03-30T09:00:05.380+0000] {base.py:1868} INFO - [raw sql] {}
[2024-03-30T09:00:06.121+0000] {logging_mixin.py:188} INFO - 2024-03-30 09:00:06,121 INFO sqlalchemy.engine.Engine 
  SELECT 
    *
FROM databasename.raw_credit_card
[2024-03-30T09:00:06.121+0000] {base.py:1863} INFO - 
  SELECT 
    *
FROM databasename.raw_credit_card
[2024-03-30T09:00:06.122+0000] {logging_mixin.py:188} INFO - 2024-03-30 09:00:06,122 INFO sqlalchemy.engine.Engine [raw sql] {}
[2024-03-30T09:00:06.122+0000] {base.py:1868} INFO - [raw sql] {}
[2024-03-30T09:00:29.762+0000] {python.py:202} INFO - Done. Returned value was: /opt/***/data/fetch_data_task_id_2024-03-30.csv
[2024-03-30T09:00:29.799+0000] {taskinstance.py:1149} INFO - Marking task as SUCCESS. dag_id=study_case_etl_all_pipeline, task_id=fetch_data_task_id, execution_date=20240330T085959, start_date=20240330T090000, end_date=20240330T090029
[2024-03-30T09:00:29.877+0000] {local_task_job_runner.py:234} INFO - Task exited with return code 0
[2024-03-30T09:00:29.945+0000] {taskinstance.py:3309} INFO - 0 downstream tasks scheduled from follow-on schedule check
