[2024-03-12T10:04:49.720+0000] {taskinstance.py:1979} INFO - Dependencies all met for dep_context=non-requeueable deps ti=<TaskInstance: example_lima_solid.fetch_data_task manual__2024-03-12T10:04:48.487001+00:00 [queued]>
[2024-03-12T10:04:49.727+0000] {taskinstance.py:1979} INFO - Dependencies all met for dep_context=requeueable deps ti=<TaskInstance: example_lima_solid.fetch_data_task manual__2024-03-12T10:04:48.487001+00:00 [queued]>
[2024-03-12T10:04:49.727+0000] {taskinstance.py:2193} INFO - Starting attempt 1 of 2
[2024-03-12T10:04:49.737+0000] {taskinstance.py:2214} INFO - Executing <Task(PythonOperator): fetch_data_task> on 2024-03-12 10:04:48.487001+00:00
[2024-03-12T10:04:49.743+0000] {standard_task_runner.py:60} INFO - Started process 604 to run task
[2024-03-12T10:04:49.746+0000] {standard_task_runner.py:87} INFO - Running: ['***', 'tasks', 'run', 'example_lima_solid', 'fetch_data_task', 'manual__2024-03-12T10:04:48.487001+00:00', '--job-id', '28', '--raw', '--subdir', 'DAGS_FOLDER/other_ingestion_postgre/main_dag_sql_lima.py', '--cfg-path', '/tmp/tmpzucu9nzn']
[2024-03-12T10:04:49.748+0000] {standard_task_runner.py:88} INFO - Job 28: Subtask fetch_data_task
[2024-03-12T10:04:49.784+0000] {task_command.py:423} INFO - Running <TaskInstance: example_lima_solid.fetch_data_task manual__2024-03-12T10:04:48.487001+00:00 [running]> on host 31e68e31498e
[2024-03-12T10:04:49.846+0000] {taskinstance.py:2510} INFO - Exporting env vars: AIRFLOW_CTX_DAG_OWNER='***' AIRFLOW_CTX_DAG_ID='example_lima_solid' AIRFLOW_CTX_TASK_ID='fetch_data_task' AIRFLOW_CTX_EXECUTION_DATE='2024-03-12T10:04:48.487001+00:00' AIRFLOW_CTX_TRY_NUMBER='1' AIRFLOW_CTX_DAG_RUN_ID='manual__2024-03-12T10:04:48.487001+00:00'
[2024-03-12T10:04:49.847+0000] {warnings.py:109} WARNING - /home/***/.local/lib/python3.8/site-packages/***/utils/context.py:315: AirflowContextDeprecationWarning: Accessing 'execution_date' from the template is deprecated and will be removed in a future version. Please use 'data_interval_start' or 'logical_date' instead.
  warnings.warn(_create_deprecation_warning(k, replacements))

[2024-03-12T10:04:53.537+0000] {logging_mixin.py:188} INFO - 2024-03-12 10:04:53,537 INFO sqlalchemy.engine.Engine SELECT DATABASE()
[2024-03-12T10:04:53.537+0000] {base.py:1863} INFO - SELECT DATABASE()
[2024-03-12T10:04:53.538+0000] {logging_mixin.py:188} INFO - 2024-03-12 10:04:53,538 INFO sqlalchemy.engine.Engine [raw sql] {}
[2024-03-12T10:04:53.538+0000] {base.py:1868} INFO - [raw sql] {}
[2024-03-12T10:04:54.427+0000] {logging_mixin.py:188} INFO - 2024-03-12 10:04:54,426 INFO sqlalchemy.engine.Engine SELECT @@sql_mode
[2024-03-12T10:04:54.426+0000] {base.py:1863} INFO - SELECT @@sql_mode
[2024-03-12T10:04:54.427+0000] {logging_mixin.py:188} INFO - 2024-03-12 10:04:54,427 INFO sqlalchemy.engine.Engine [raw sql] {}
[2024-03-12T10:04:54.427+0000] {base.py:1868} INFO - [raw sql] {}
[2024-03-12T10:04:54.872+0000] {logging_mixin.py:188} INFO - 2024-03-12 10:04:54,872 INFO sqlalchemy.engine.Engine SELECT @@lower_case_table_names
[2024-03-12T10:04:54.872+0000] {base.py:1863} INFO - SELECT @@lower_case_table_names
[2024-03-12T10:04:54.872+0000] {logging_mixin.py:188} INFO - 2024-03-12 10:04:54,872 INFO sqlalchemy.engine.Engine [raw sql] {}
[2024-03-12T10:04:54.872+0000] {base.py:1868} INFO - [raw sql] {}
[2024-03-12T10:04:55.537+0000] {logging_mixin.py:188} INFO - 2024-03-12 10:04:55,537 INFO sqlalchemy.engine.Engine SELECT 
    id_transaksi, 
    tanggal_transaksi, 
    id_pelanggan, 
    metode_pembayaran, 
    barang_jasa_dibeli, 
    status_pembayaran, 
    created_at, 
    updated_at, 
    CONVERT_TZ(NOW(), 'UTC', '+07:00') as execution_at
FROM test.transaksi 
WHERE updated_at BETWEEN CONVERT_TZ(NOW(), 'UTC', '+07:00') - INTERVAL 1 HOUR AND CONVERT_TZ(NOW(), 'UTC', '+07:00');
[2024-03-12T10:04:55.537+0000] {base.py:1863} INFO - SELECT 
    id_transaksi, 
    tanggal_transaksi, 
    id_pelanggan, 
    metode_pembayaran, 
    barang_jasa_dibeli, 
    status_pembayaran, 
    created_at, 
    updated_at, 
    CONVERT_TZ(NOW(), 'UTC', '+07:00') as execution_at
FROM test.transaksi 
WHERE updated_at BETWEEN CONVERT_TZ(NOW(), 'UTC', '+07:00') - INTERVAL 1 HOUR AND CONVERT_TZ(NOW(), 'UTC', '+07:00');
[2024-03-12T10:04:55.537+0000] {logging_mixin.py:188} INFO - 2024-03-12 10:04:55,537 INFO sqlalchemy.engine.Engine [raw sql] {}
[2024-03-12T10:04:55.537+0000] {base.py:1868} INFO - [raw sql] {}
[2024-03-12T10:04:56.010+0000] {python.py:202} INFO - Done. Returned value was: None
[2024-03-12T10:04:56.018+0000] {taskinstance.py:1149} INFO - Marking task as SUCCESS. dag_id=example_lima_solid, task_id=fetch_data_task, execution_date=20240312T100448, start_date=20240312T100449, end_date=20240312T100456
[2024-03-12T10:04:56.066+0000] {local_task_job_runner.py:234} INFO - Task exited with return code 0
[2024-03-12T10:04:56.082+0000] {taskinstance.py:3309} INFO - 1 downstream tasks scheduled from follow-on schedule check
