[2024-03-23T05:40:02.265+0000] {taskinstance.py:1979} INFO - Dependencies all met for dep_context=non-requeueable deps ti=<TaskInstance: study_case_etl_cloud_storage.fetch_data_task scheduled__2024-03-22T22:00:00+00:00 [queued]>
[2024-03-23T05:40:02.294+0000] {taskinstance.py:1979} INFO - Dependencies all met for dep_context=requeueable deps ti=<TaskInstance: study_case_etl_cloud_storage.fetch_data_task scheduled__2024-03-22T22:00:00+00:00 [queued]>
[2024-03-23T05:40:02.296+0000] {taskinstance.py:2193} INFO - Starting attempt 1 of 2
[2024-03-23T05:40:02.397+0000] {taskinstance.py:2214} INFO - Executing <Task(PythonOperator): fetch_data_task> on 2024-03-22 22:00:00+00:00
[2024-03-23T05:40:02.411+0000] {standard_task_runner.py:60} INFO - Started process 69 to run task
[2024-03-23T05:40:02.432+0000] {standard_task_runner.py:87} INFO - Running: ['***', 'tasks', 'run', 'study_case_etl_cloud_storage', 'fetch_data_task', 'scheduled__2024-03-22T22:00:00+00:00', '--job-id', '270', '--raw', '--subdir', 'DAGS_FOLDER/etl_day_bigquery/study_case_etl_cloud_storage.py', '--cfg-path', '/tmp/tmphvjaviun']
[2024-03-23T05:40:02.445+0000] {standard_task_runner.py:88} INFO - Job 270: Subtask fetch_data_task
[2024-03-23T05:40:02.581+0000] {task_command.py:423} INFO - Running <TaskInstance: study_case_etl_cloud_storage.fetch_data_task scheduled__2024-03-22T22:00:00+00:00 [running]> on host 428086c4ef09
[2024-03-23T05:40:02.705+0000] {taskinstance.py:2510} INFO - Exporting env vars: AIRFLOW_CTX_DAG_OWNER='Agus mahari' AIRFLOW_CTX_DAG_ID='study_case_etl_cloud_storage' AIRFLOW_CTX_TASK_ID='fetch_data_task' AIRFLOW_CTX_EXECUTION_DATE='2024-03-22T22:00:00+00:00' AIRFLOW_CTX_TRY_NUMBER='1' AIRFLOW_CTX_DAG_RUN_ID='scheduled__2024-03-22T22:00:00+00:00'
[2024-03-23T05:40:05.288+0000] {logging_mixin.py:188} INFO - 2024-03-23 05:40:05,288 INFO sqlalchemy.engine.Engine SELECT DATABASE()
[2024-03-23T05:40:05.288+0000] {base.py:1863} INFO - SELECT DATABASE()
[2024-03-23T05:40:05.290+0000] {logging_mixin.py:188} INFO - 2024-03-23 05:40:05,290 INFO sqlalchemy.engine.Engine [raw sql] {}
[2024-03-23T05:40:05.290+0000] {base.py:1868} INFO - [raw sql] {}
[2024-03-23T05:40:06.189+0000] {logging_mixin.py:188} INFO - 2024-03-23 05:40:06,189 INFO sqlalchemy.engine.Engine SELECT @@sql_mode
[2024-03-23T05:40:06.189+0000] {base.py:1863} INFO - SELECT @@sql_mode
[2024-03-23T05:40:06.191+0000] {logging_mixin.py:188} INFO - 2024-03-23 05:40:06,191 INFO sqlalchemy.engine.Engine [raw sql] {}
[2024-03-23T05:40:06.191+0000] {base.py:1868} INFO - [raw sql] {}
[2024-03-23T05:40:06.633+0000] {logging_mixin.py:188} INFO - 2024-03-23 05:40:06,633 INFO sqlalchemy.engine.Engine SELECT @@lower_case_table_names
[2024-03-23T05:40:06.633+0000] {base.py:1863} INFO - SELECT @@lower_case_table_names
[2024-03-23T05:40:06.635+0000] {logging_mixin.py:188} INFO - 2024-03-23 05:40:06,635 INFO sqlalchemy.engine.Engine [raw sql] {}
[2024-03-23T05:40:06.635+0000] {base.py:1868} INFO - [raw sql] {}
[2024-03-23T05:40:07.297+0000] {logging_mixin.py:188} INFO - 2024-03-23 05:40:07,297 INFO sqlalchemy.engine.Engine 


  SELECT 
    *
FROM databasename.mytable
[2024-03-23T05:40:07.297+0000] {base.py:1863} INFO - 


  SELECT 
    *
FROM databasename.mytable
[2024-03-23T05:40:07.303+0000] {logging_mixin.py:188} INFO - 2024-03-23 05:40:07,302 INFO sqlalchemy.engine.Engine [raw sql] {}
[2024-03-23T05:40:07.302+0000] {base.py:1868} INFO - [raw sql] {}
[2024-03-23T05:40:07.755+0000] {logging_mixin.py:188} INFO - File already exists.
[2024-03-23T05:40:07.757+0000] {python.py:202} INFO - Done. Returned value was: /opt/***/data/aplikasi_table_['{ ds }.parquet']
[2024-03-23T05:40:07.780+0000] {taskinstance.py:1149} INFO - Marking task as SUCCESS. dag_id=study_case_etl_cloud_storage, task_id=fetch_data_task, execution_date=20240322T220000, start_date=20240323T054002, end_date=20240323T054007
[2024-03-23T05:40:07.830+0000] {local_task_job_runner.py:234} INFO - Task exited with return code 0
[2024-03-23T05:40:07.855+0000] {taskinstance.py:3309} INFO - 0 downstream tasks scheduled from follow-on schedule check
