[2024-03-16T06:06:34.715+0000] {taskinstance.py:1979} INFO - Dependencies all met for dep_context=non-requeueable deps ti=<TaskInstance: study_case_etl_cloud_storage.fetch_data_task scheduled__2024-03-15T04:00:00+00:00 [queued]>
[2024-03-16T06:06:34.728+0000] {taskinstance.py:1979} INFO - Dependencies all met for dep_context=requeueable deps ti=<TaskInstance: study_case_etl_cloud_storage.fetch_data_task scheduled__2024-03-15T04:00:00+00:00 [queued]>
[2024-03-16T06:06:34.729+0000] {taskinstance.py:2193} INFO - Starting attempt 1 of 2
[2024-03-16T06:06:34.965+0000] {taskinstance.py:2214} INFO - Executing <Task(PythonOperator): fetch_data_task> on 2024-03-15 04:00:00+00:00
[2024-03-16T06:06:34.975+0000] {standard_task_runner.py:60} INFO - Started process 165 to run task
[2024-03-16T06:06:34.987+0000] {standard_task_runner.py:87} INFO - Running: ['***', 'tasks', 'run', 'study_case_etl_cloud_storage', 'fetch_data_task', 'scheduled__2024-03-15T04:00:00+00:00', '--job-id', '489', '--raw', '--subdir', 'DAGS_FOLDER/etl_day_bigquery/study_case_etl_cloud_storage.py', '--cfg-path', '/tmp/tmpj463ljud']
[2024-03-16T06:06:34.996+0000] {standard_task_runner.py:88} INFO - Job 489: Subtask fetch_data_task
[2024-03-16T06:06:35.108+0000] {task_command.py:423} INFO - Running <TaskInstance: study_case_etl_cloud_storage.fetch_data_task scheduled__2024-03-15T04:00:00+00:00 [running]> on host 72d5c878da28
[2024-03-16T06:06:35.195+0000] {taskinstance.py:2510} INFO - Exporting env vars: AIRFLOW_CTX_DAG_OWNER='Agus mahari' AIRFLOW_CTX_DAG_ID='study_case_etl_cloud_storage' AIRFLOW_CTX_TASK_ID='fetch_data_task' AIRFLOW_CTX_EXECUTION_DATE='2024-03-15T04:00:00+00:00' AIRFLOW_CTX_TRY_NUMBER='1' AIRFLOW_CTX_DAG_RUN_ID='scheduled__2024-03-15T04:00:00+00:00'
[2024-03-16T06:06:35.198+0000] {warnings.py:109} WARNING - /home/***/.local/lib/python3.8/site-packages/***/utils/context.py:315: AirflowContextDeprecationWarning: Accessing 'execution_date' from the template is deprecated and will be removed in a future version. Please use 'data_interval_start' or 'logical_date' instead.
  warnings.warn(_create_deprecation_warning(k, replacements))

[2024-03-16T06:06:37.847+0000] {logging_mixin.py:188} INFO - 2024-03-16 06:06:37,847 INFO sqlalchemy.engine.Engine SELECT DATABASE()
[2024-03-16T06:06:37.847+0000] {base.py:1863} INFO - SELECT DATABASE()
[2024-03-16T06:06:37.853+0000] {logging_mixin.py:188} INFO - 2024-03-16 06:06:37,853 INFO sqlalchemy.engine.Engine [raw sql] {}
[2024-03-16T06:06:37.853+0000] {base.py:1868} INFO - [raw sql] {}
[2024-03-16T06:06:39.199+0000] {logging_mixin.py:188} INFO - 2024-03-16 06:06:39,199 INFO sqlalchemy.engine.Engine SELECT @@sql_mode
[2024-03-16T06:06:39.199+0000] {base.py:1863} INFO - SELECT @@sql_mode
[2024-03-16T06:06:39.201+0000] {logging_mixin.py:188} INFO - 2024-03-16 06:06:39,200 INFO sqlalchemy.engine.Engine [raw sql] {}
[2024-03-16T06:06:39.200+0000] {base.py:1868} INFO - [raw sql] {}
[2024-03-16T06:06:39.651+0000] {logging_mixin.py:188} INFO - 2024-03-16 06:06:39,651 INFO sqlalchemy.engine.Engine SELECT @@lower_case_table_names
[2024-03-16T06:06:39.651+0000] {base.py:1863} INFO - SELECT @@lower_case_table_names
[2024-03-16T06:06:39.664+0000] {logging_mixin.py:188} INFO - 2024-03-16 06:06:39,664 INFO sqlalchemy.engine.Engine [raw sql] {}
[2024-03-16T06:06:39.664+0000] {base.py:1868} INFO - [raw sql] {}
[2024-03-16T06:06:40.329+0000] {logging_mixin.py:188} INFO - 2024-03-16 06:06:40,329 INFO sqlalchemy.engine.Engine 


   SELECT 
    *, 
    CONVERT_TZ(NOW(), 'UTC', '+07:00') as execution_at
FROM test.user
WHERE updated_at BETWEEN NOW() - INTERVAL 7 MINUTE AND NOW()
[2024-03-16T06:06:40.329+0000] {base.py:1863} INFO - 


   SELECT 
    *, 
    CONVERT_TZ(NOW(), 'UTC', '+07:00') as execution_at
FROM test.user
WHERE updated_at BETWEEN NOW() - INTERVAL 7 MINUTE AND NOW()
[2024-03-16T06:06:40.332+0000] {logging_mixin.py:188} INFO - 2024-03-16 06:06:40,331 INFO sqlalchemy.engine.Engine [raw sql] {}
[2024-03-16T06:06:40.331+0000] {base.py:1868} INFO - [raw sql] {}
[2024-03-16T06:06:40.794+0000] {python.py:202} INFO - Done. Returned value was: /opt/***/data/aplikasi_table_2024-03-15-4-00-00.parquet
[2024-03-16T06:06:40.844+0000] {taskinstance.py:1149} INFO - Marking task as SUCCESS. dag_id=study_case_etl_cloud_storage, task_id=fetch_data_task, execution_date=20240315T040000, start_date=20240316T060634, end_date=20240316T060640
[2024-03-16T06:06:41.138+0000] {local_task_job_runner.py:234} INFO - Task exited with return code 0
[2024-03-16T06:06:41.189+0000] {taskinstance.py:3309} INFO - 1 downstream tasks scheduled from follow-on schedule check
[2024-03-22T17:28:04.046+0000] {taskinstance.py:1979} INFO - Dependencies all met for dep_context=non-requeueable deps ti=<TaskInstance: study_case_etl_cloud_storage.fetch_data_task scheduled__2024-03-15T04:00:00+00:00 [queued]>
[2024-03-22T17:28:04.060+0000] {taskinstance.py:1979} INFO - Dependencies all met for dep_context=requeueable deps ti=<TaskInstance: study_case_etl_cloud_storage.fetch_data_task scheduled__2024-03-15T04:00:00+00:00 [queued]>
[2024-03-22T17:28:04.061+0000] {taskinstance.py:2193} INFO - Starting attempt 1 of 2
[2024-03-22T17:28:04.133+0000] {taskinstance.py:2214} INFO - Executing <Task(PythonOperator): fetch_data_task> on 2024-03-15 04:00:00+00:00
[2024-03-22T17:28:04.146+0000] {standard_task_runner.py:60} INFO - Started process 349 to run task
[2024-03-22T17:28:04.154+0000] {standard_task_runner.py:87} INFO - Running: ['***', 'tasks', 'run', 'study_case_etl_cloud_storage', 'fetch_data_task', 'scheduled__2024-03-15T04:00:00+00:00', '--job-id', '17', '--raw', '--subdir', 'DAGS_FOLDER/etl_day_bigquery/study_case_etl_cloud_storage.py', '--cfg-path', '/tmp/tmpeh2cewc6']
[2024-03-22T17:28:04.158+0000] {standard_task_runner.py:88} INFO - Job 17: Subtask fetch_data_task
[2024-03-22T17:28:04.252+0000] {task_command.py:423} INFO - Running <TaskInstance: study_case_etl_cloud_storage.fetch_data_task scheduled__2024-03-15T04:00:00+00:00 [running]> on host eb8b31fafb1e
[2024-03-22T17:28:04.444+0000] {taskinstance.py:2510} INFO - Exporting env vars: AIRFLOW_CTX_DAG_OWNER='Agus mahari' AIRFLOW_CTX_DAG_ID='study_case_etl_cloud_storage' AIRFLOW_CTX_TASK_ID='fetch_data_task' AIRFLOW_CTX_EXECUTION_DATE='2024-03-15T04:00:00+00:00' AIRFLOW_CTX_TRY_NUMBER='1' AIRFLOW_CTX_DAG_RUN_ID='scheduled__2024-03-15T04:00:00+00:00'
[2024-03-22T17:28:07.121+0000] {logging_mixin.py:188} INFO - 2024-03-22 17:28:07,121 INFO sqlalchemy.engine.Engine SELECT DATABASE()
[2024-03-22T17:28:07.121+0000] {base.py:1863} INFO - SELECT DATABASE()
[2024-03-22T17:28:07.122+0000] {logging_mixin.py:188} INFO - 2024-03-22 17:28:07,122 INFO sqlalchemy.engine.Engine [raw sql] {}
[2024-03-22T17:28:07.122+0000] {base.py:1868} INFO - [raw sql] {}
[2024-03-22T17:28:08.016+0000] {logging_mixin.py:188} INFO - 2024-03-22 17:28:08,013 INFO sqlalchemy.engine.Engine SELECT @@sql_mode
[2024-03-22T17:28:08.013+0000] {base.py:1863} INFO - SELECT @@sql_mode
[2024-03-22T17:28:08.017+0000] {logging_mixin.py:188} INFO - 2024-03-22 17:28:08,017 INFO sqlalchemy.engine.Engine [raw sql] {}
[2024-03-22T17:28:08.017+0000] {base.py:1868} INFO - [raw sql] {}
[2024-03-22T17:28:08.466+0000] {logging_mixin.py:188} INFO - 2024-03-22 17:28:08,465 INFO sqlalchemy.engine.Engine SELECT @@lower_case_table_names
[2024-03-22T17:28:08.465+0000] {base.py:1863} INFO - SELECT @@lower_case_table_names
[2024-03-22T17:28:08.467+0000] {logging_mixin.py:188} INFO - 2024-03-22 17:28:08,467 INFO sqlalchemy.engine.Engine [raw sql] {}
[2024-03-22T17:28:08.467+0000] {base.py:1868} INFO - [raw sql] {}
[2024-03-22T17:28:09.595+0000] {logging_mixin.py:188} INFO - 2024-03-22 17:28:09,595 INFO sqlalchemy.engine.Engine 


  SELECT 
    *
FROM databasename.mytable
[2024-03-22T17:28:09.595+0000] {base.py:1863} INFO - 


  SELECT 
    *
FROM databasename.mytable
[2024-03-22T17:28:09.600+0000] {logging_mixin.py:188} INFO - 2024-03-22 17:28:09,600 INFO sqlalchemy.engine.Engine [raw sql] {}
[2024-03-22T17:28:09.600+0000] {base.py:1868} INFO - [raw sql] {}
[2024-03-22T17:28:10.066+0000] {logging_mixin.py:188} INFO - File already exists.
[2024-03-22T17:28:10.069+0000] {python.py:202} INFO - Done. Returned value was: /opt/***/data/aplikasi_table_['{ ds }.parquet']
[2024-03-22T17:28:10.098+0000] {taskinstance.py:1149} INFO - Marking task as SUCCESS. dag_id=study_case_etl_cloud_storage, task_id=fetch_data_task, execution_date=20240315T040000, start_date=20240322T172804, end_date=20240322T172810
[2024-03-22T17:28:10.145+0000] {local_task_job_runner.py:234} INFO - Task exited with return code 0
[2024-03-22T17:28:10.159+0000] {taskinstance.py:3309} INFO - 0 downstream tasks scheduled from follow-on schedule check
