[2024-03-30T22:31:35.337+0000] {taskinstance.py:1979} INFO - Dependencies all met for dep_context=non-requeueable deps ti=<TaskInstance: study_case_etl_all_pipeline.bash_task_2 manual__2024-03-30T22:31:11.955130+00:00 [queued]>
[2024-03-30T22:31:35.344+0000] {taskinstance.py:1979} INFO - Dependencies all met for dep_context=requeueable deps ti=<TaskInstance: study_case_etl_all_pipeline.bash_task_2 manual__2024-03-30T22:31:11.955130+00:00 [queued]>
[2024-03-30T22:31:35.345+0000] {taskinstance.py:2193} INFO - Starting attempt 1 of 2
[2024-03-30T22:31:35.355+0000] {taskinstance.py:2214} INFO - Executing <Task(BashOperator): bash_task_2> on 2024-03-30 22:31:11.955130+00:00
[2024-03-30T22:31:35.360+0000] {standard_task_runner.py:60} INFO - Started process 5439 to run task
[2024-03-30T22:31:35.364+0000] {standard_task_runner.py:87} INFO - Running: ['***', 'tasks', 'run', 'study_case_etl_all_pipeline', 'bash_task_2', 'manual__2024-03-30T22:31:11.955130+00:00', '--job-id', '209', '--raw', '--subdir', 'DAGS_FOLDER/running_dbt_core/study_case_etl_all_pipeline.py', '--cfg-path', '/tmp/tmp3mb37k1w']
[2024-03-30T22:31:35.368+0000] {standard_task_runner.py:88} INFO - Job 209: Subtask bash_task_2
[2024-03-30T22:31:35.406+0000] {task_command.py:423} INFO - Running <TaskInstance: study_case_etl_all_pipeline.bash_task_2 manual__2024-03-30T22:31:11.955130+00:00 [running]> on host f5156ab87ac1
[2024-03-30T22:31:35.476+0000] {taskinstance.py:2510} INFO - Exporting env vars: AIRFLOW_CTX_DAG_OWNER='Agus mahari' AIRFLOW_CTX_DAG_ID='study_case_etl_all_pipeline' AIRFLOW_CTX_TASK_ID='bash_task_2' AIRFLOW_CTX_EXECUTION_DATE='2024-03-30T22:31:11.955130+00:00' AIRFLOW_CTX_TRY_NUMBER='1' AIRFLOW_CTX_DAG_RUN_ID='manual__2024-03-30T22:31:11.955130+00:00'
[2024-03-30T22:31:35.478+0000] {subprocess.py:63} INFO - Tmp dir root location: /tmp
[2024-03-30T22:31:35.479+0000] {subprocess.py:75} INFO - Running command: ['/usr/bin/bash', '-c', 'cd /opt/***/dbt/credit_card_dwh && dbt run --profiles-dir .']
[2024-03-30T22:31:35.487+0000] {subprocess.py:86} INFO - Output:
[2024-03-30T22:31:37.847+0000] {subprocess.py:93} INFO - [0m22:31:37  Running with dbt=1.7.11
[2024-03-30T22:31:38.785+0000] {subprocess.py:93} INFO - [0m22:31:38  Registered adapter: bigquery=1.7.7
[2024-03-30T22:31:38.946+0000] {subprocess.py:93} INFO - [0m22:31:38  Found 1 model, 2 tests, 1 source, 0 exposures, 0 metrics, 907 macros, 0 groups, 0 semantic models
[2024-03-30T22:31:38.950+0000] {subprocess.py:93} INFO - [0m22:31:38
[2024-03-30T22:31:40.175+0000] {subprocess.py:93} INFO - [0m22:31:40  Concurrency: 4 threads (target='dev')
[2024-03-30T22:31:40.176+0000] {subprocess.py:93} INFO - [0m22:31:40
[2024-03-30T22:31:40.186+0000] {subprocess.py:93} INFO - [0m22:31:40  1 of 1 START sql incremental model test_location.stg__credit_card .............. [RUN]
[2024-03-30T22:31:44.212+0000] {subprocess.py:93} INFO - [0m22:31:44  1 of 1 OK created sql incremental model test_location.stg__credit_card ......... [[32mCREATE TABLE (55.5k rows, 12.1 MiB processed)[0m in 4.02s]
[2024-03-30T22:31:44.220+0000] {subprocess.py:93} INFO - [0m22:31:44
[2024-03-30T22:31:44.221+0000] {subprocess.py:93} INFO - [0m22:31:44  Finished running 1 incremental model in 0 hours 0 minutes and 5.27 seconds (5.27s).
[2024-03-30T22:31:44.241+0000] {subprocess.py:93} INFO - [0m22:31:44
[2024-03-30T22:31:44.243+0000] {subprocess.py:93} INFO - [0m22:31:44  [32mCompleted successfully[0m
[2024-03-30T22:31:44.244+0000] {subprocess.py:93} INFO - [0m22:31:44
[2024-03-30T22:31:44.246+0000] {subprocess.py:93} INFO - [0m22:31:44  Done. PASS=1 WARN=0 ERROR=0 SKIP=0 TOTAL=1
[2024-03-30T22:31:46.681+0000] {subprocess.py:97} INFO - Command exited with return code 0
[2024-03-30T22:31:46.699+0000] {taskinstance.py:1149} INFO - Marking task as SUCCESS. dag_id=study_case_etl_all_pipeline, task_id=bash_task_2, execution_date=20240330T223111, start_date=20240330T223135, end_date=20240330T223146
[2024-03-30T22:31:46.719+0000] {local_task_job_runner.py:234} INFO - Task exited with return code 0
[2024-03-30T22:31:46.734+0000] {taskinstance.py:3309} INFO - 2 downstream tasks scheduled from follow-on schedule check
