[2024-03-30T17:44:16.050+0000] {taskinstance.py:1979} INFO - Dependencies all met for dep_context=non-requeueable deps ti=<TaskInstance: study_case_etl_all_pipeline.fetch_data_task_id manual__2024-03-30T17:44:14.882021+00:00 [queued]>
[2024-03-30T17:44:16.058+0000] {taskinstance.py:1979} INFO - Dependencies all met for dep_context=requeueable deps ti=<TaskInstance: study_case_etl_all_pipeline.fetch_data_task_id manual__2024-03-30T17:44:14.882021+00:00 [queued]>
[2024-03-30T17:44:16.058+0000] {taskinstance.py:2193} INFO - Starting attempt 1 of 2
[2024-03-30T17:44:16.074+0000] {taskinstance.py:2214} INFO - Executing <Task(PythonOperator): fetch_data_task_id> on 2024-03-30 17:44:14.882021+00:00
[2024-03-30T17:44:16.078+0000] {standard_task_runner.py:60} INFO - Started process 541 to run task
[2024-03-30T17:44:16.082+0000] {standard_task_runner.py:87} INFO - Running: ['***', 'tasks', 'run', 'study_case_etl_all_pipeline', 'fetch_data_task_id', 'manual__2024-03-30T17:44:14.882021+00:00', '--job-id', '134', '--raw', '--subdir', 'DAGS_FOLDER/running_dbt_core/study_case_etl_all_pipeline.py', '--cfg-path', '/tmp/tmpmdlbwpu0']
[2024-03-30T17:44:16.086+0000] {standard_task_runner.py:88} INFO - Job 134: Subtask fetch_data_task_id
[2024-03-30T17:44:16.123+0000] {task_command.py:423} INFO - Running <TaskInstance: study_case_etl_all_pipeline.fetch_data_task_id manual__2024-03-30T17:44:14.882021+00:00 [running]> on host f5156ab87ac1
[2024-03-30T17:44:16.183+0000] {taskinstance.py:2510} INFO - Exporting env vars: AIRFLOW_CTX_DAG_OWNER='Agus mahari' AIRFLOW_CTX_DAG_ID='study_case_etl_all_pipeline' AIRFLOW_CTX_TASK_ID='fetch_data_task_id' AIRFLOW_CTX_EXECUTION_DATE='2024-03-30T17:44:14.882021+00:00' AIRFLOW_CTX_TRY_NUMBER='1' AIRFLOW_CTX_DAG_RUN_ID='manual__2024-03-30T17:44:14.882021+00:00'
[2024-03-30T17:44:18.849+0000] {logging_mixin.py:188} INFO - 2024-03-30 17:44:18,849 INFO sqlalchemy.engine.Engine SELECT DATABASE()
[2024-03-30T17:44:18.849+0000] {base.py:1863} INFO - SELECT DATABASE()
[2024-03-30T17:44:18.856+0000] {logging_mixin.py:188} INFO - 2024-03-30 17:44:18,855 INFO sqlalchemy.engine.Engine [raw sql] {}
[2024-03-30T17:44:18.855+0000] {base.py:1868} INFO - [raw sql] {}
[2024-03-30T17:44:19.851+0000] {logging_mixin.py:188} INFO - 2024-03-30 17:44:19,851 INFO sqlalchemy.engine.Engine SELECT @@sql_mode
[2024-03-30T17:44:19.851+0000] {base.py:1863} INFO - SELECT @@sql_mode
[2024-03-30T17:44:19.852+0000] {logging_mixin.py:188} INFO - 2024-03-30 17:44:19,852 INFO sqlalchemy.engine.Engine [raw sql] {}
[2024-03-30T17:44:19.852+0000] {base.py:1868} INFO - [raw sql] {}
[2024-03-30T17:44:20.344+0000] {logging_mixin.py:188} INFO - 2024-03-30 17:44:20,344 INFO sqlalchemy.engine.Engine SELECT @@lower_case_table_names
[2024-03-30T17:44:20.344+0000] {base.py:1863} INFO - SELECT @@lower_case_table_names
[2024-03-30T17:44:20.345+0000] {logging_mixin.py:188} INFO - 2024-03-30 17:44:20,345 INFO sqlalchemy.engine.Engine [raw sql] {}
[2024-03-30T17:44:20.345+0000] {base.py:1868} INFO - [raw sql] {}
[2024-03-30T17:44:21.076+0000] {logging_mixin.py:188} INFO - 2024-03-30 17:44:21,076 INFO sqlalchemy.engine.Engine 
  SELECT 
    *
FROM databasename.raw_credit_card
[2024-03-30T17:44:21.076+0000] {base.py:1863} INFO - 
  SELECT 
    *
FROM databasename.raw_credit_card
[2024-03-30T17:44:21.078+0000] {logging_mixin.py:188} INFO - 2024-03-30 17:44:21,078 INFO sqlalchemy.engine.Engine [raw sql] {}
[2024-03-30T17:44:21.078+0000] {base.py:1868} INFO - [raw sql] {}
[2024-03-30T17:44:33.470+0000] {logging_mixin.py:188} INFO - File already exists.
[2024-03-30T17:44:33.519+0000] {python.py:202} INFO - Done. Returned value was: /opt/***/data/fetch_data_task_id_2024-03-30.csv
[2024-03-30T17:44:33.538+0000] {taskinstance.py:1149} INFO - Marking task as SUCCESS. dag_id=study_case_etl_all_pipeline, task_id=fetch_data_task_id, execution_date=20240330T174414, start_date=20240330T174416, end_date=20240330T174433
[2024-03-30T17:44:33.580+0000] {local_task_job_runner.py:234} INFO - Task exited with return code 0
[2024-03-30T17:44:33.600+0000] {taskinstance.py:3309} INFO - 1 downstream tasks scheduled from follow-on schedule check
