[2024-03-03T08:09:49.280+0000] {processor.py:161} INFO - Started process (PID=45) to work on /home/airflow/.local/lib/python3.11/site-packages/airflow/example_dags/example_task_group_decorator.py
[2024-03-03T08:09:49.281+0000] {processor.py:830} INFO - Processing file /home/airflow/.local/lib/python3.11/site-packages/airflow/example_dags/example_task_group_decorator.py for tasks to queue
[2024-03-03T08:09:49.283+0000] {logging_mixin.py:188} INFO - [2024-03-03T08:09:49.283+0000] {dagbag.py:540} INFO - Filling up the DagBag from /home/airflow/.local/lib/python3.11/site-packages/airflow/example_dags/example_task_group_decorator.py
[2024-03-03T08:09:49.307+0000] {processor.py:840} INFO - DAG(s) 'example_task_group_decorator' retrieved from /home/airflow/.local/lib/python3.11/site-packages/airflow/example_dags/example_task_group_decorator.py
[2024-03-03T08:09:49.463+0000] {logging_mixin.py:188} INFO - [2024-03-03T08:09:49.462+0000] {override.py:1769} INFO - Created Permission View: can edit on DAG:example_task_group_decorator
[2024-03-03T08:09:49.474+0000] {logging_mixin.py:188} INFO - [2024-03-03T08:09:49.474+0000] {override.py:1769} INFO - Created Permission View: can read on DAG:example_task_group_decorator
[2024-03-03T08:09:49.481+0000] {logging_mixin.py:188} INFO - [2024-03-03T08:09:49.481+0000] {override.py:1769} INFO - Created Permission View: can delete on DAG:example_task_group_decorator
[2024-03-03T08:09:49.482+0000] {logging_mixin.py:188} INFO - [2024-03-03T08:09:49.482+0000] {dag.py:3047} INFO - Sync 1 DAGs
[2024-03-03T08:09:49.493+0000] {logging_mixin.py:188} INFO - [2024-03-03T08:09:49.493+0000] {dag.py:3069} INFO - Creating ORM DAG for example_task_group_decorator
[2024-03-03T08:09:49.507+0000] {logging_mixin.py:188} INFO - [2024-03-03T08:09:49.506+0000] {dag.py:3834} INFO - Setting next_dagrun for example_task_group_decorator to 2024-03-02 00:00:00+00:00, run_after=2024-03-03 00:00:00+00:00
[2024-03-03T08:09:49.525+0000] {processor.py:183} INFO - Processing /home/airflow/.local/lib/python3.11/site-packages/airflow/example_dags/example_task_group_decorator.py took 0.249 seconds
[2024-03-03T08:10:19.879+0000] {processor.py:161} INFO - Started process (PID=100) to work on /home/airflow/.local/lib/python3.11/site-packages/airflow/example_dags/example_task_group_decorator.py
[2024-03-03T08:10:19.880+0000] {processor.py:830} INFO - Processing file /home/airflow/.local/lib/python3.11/site-packages/airflow/example_dags/example_task_group_decorator.py for tasks to queue
[2024-03-03T08:10:19.883+0000] {logging_mixin.py:188} INFO - [2024-03-03T08:10:19.882+0000] {dagbag.py:540} INFO - Filling up the DagBag from /home/airflow/.local/lib/python3.11/site-packages/airflow/example_dags/example_task_group_decorator.py
[2024-03-03T08:10:19.902+0000] {processor.py:840} INFO - DAG(s) 'example_task_group_decorator' retrieved from /home/airflow/.local/lib/python3.11/site-packages/airflow/example_dags/example_task_group_decorator.py
[2024-03-03T08:10:19.928+0000] {logging_mixin.py:188} INFO - [2024-03-03T08:10:19.927+0000] {dag.py:3047} INFO - Sync 1 DAGs
[2024-03-03T08:10:19.954+0000] {logging_mixin.py:188} INFO - [2024-03-03T08:10:19.954+0000] {dag.py:3834} INFO - Setting next_dagrun for example_task_group_decorator to 2024-03-02 00:00:00+00:00, run_after=2024-03-03 00:00:00+00:00
[2024-03-03T08:10:19.973+0000] {processor.py:183} INFO - Processing /home/airflow/.local/lib/python3.11/site-packages/airflow/example_dags/example_task_group_decorator.py took 0.096 seconds
[2024-03-03T08:10:50.341+0000] {processor.py:161} INFO - Started process (PID=155) to work on /home/airflow/.local/lib/python3.11/site-packages/airflow/example_dags/example_task_group_decorator.py
[2024-03-03T08:10:50.342+0000] {processor.py:830} INFO - Processing file /home/airflow/.local/lib/python3.11/site-packages/airflow/example_dags/example_task_group_decorator.py for tasks to queue
[2024-03-03T08:10:50.344+0000] {logging_mixin.py:188} INFO - [2024-03-03T08:10:50.343+0000] {dagbag.py:540} INFO - Filling up the DagBag from /home/airflow/.local/lib/python3.11/site-packages/airflow/example_dags/example_task_group_decorator.py
[2024-03-03T08:10:50.356+0000] {processor.py:840} INFO - DAG(s) 'example_task_group_decorator' retrieved from /home/airflow/.local/lib/python3.11/site-packages/airflow/example_dags/example_task_group_decorator.py
[2024-03-03T08:10:50.377+0000] {logging_mixin.py:188} INFO - [2024-03-03T08:10:50.376+0000] {dag.py:3047} INFO - Sync 1 DAGs
[2024-03-03T08:10:50.394+0000] {logging_mixin.py:188} INFO - [2024-03-03T08:10:50.394+0000] {dag.py:3834} INFO - Setting next_dagrun for example_task_group_decorator to 2024-03-02 00:00:00+00:00, run_after=2024-03-03 00:00:00+00:00
[2024-03-03T08:10:50.409+0000] {processor.py:183} INFO - Processing /home/airflow/.local/lib/python3.11/site-packages/airflow/example_dags/example_task_group_decorator.py took 0.071 seconds
[2024-03-03T08:11:20.791+0000] {processor.py:161} INFO - Started process (PID=210) to work on /home/airflow/.local/lib/python3.11/site-packages/airflow/example_dags/example_task_group_decorator.py
[2024-03-03T08:11:20.792+0000] {processor.py:830} INFO - Processing file /home/airflow/.local/lib/python3.11/site-packages/airflow/example_dags/example_task_group_decorator.py for tasks to queue
[2024-03-03T08:11:20.795+0000] {logging_mixin.py:188} INFO - [2024-03-03T08:11:20.794+0000] {dagbag.py:540} INFO - Filling up the DagBag from /home/airflow/.local/lib/python3.11/site-packages/airflow/example_dags/example_task_group_decorator.py
[2024-03-03T08:11:20.812+0000] {processor.py:840} INFO - DAG(s) 'example_task_group_decorator' retrieved from /home/airflow/.local/lib/python3.11/site-packages/airflow/example_dags/example_task_group_decorator.py
[2024-03-03T08:11:20.833+0000] {logging_mixin.py:188} INFO - [2024-03-03T08:11:20.833+0000] {dag.py:3047} INFO - Sync 1 DAGs
[2024-03-03T08:11:20.855+0000] {logging_mixin.py:188} INFO - [2024-03-03T08:11:20.855+0000] {dag.py:3834} INFO - Setting next_dagrun for example_task_group_decorator to 2024-03-02 00:00:00+00:00, run_after=2024-03-03 00:00:00+00:00
[2024-03-03T08:11:20.873+0000] {processor.py:183} INFO - Processing /home/airflow/.local/lib/python3.11/site-packages/airflow/example_dags/example_task_group_decorator.py took 0.086 seconds
[2024-03-03T08:11:51.444+0000] {processor.py:161} INFO - Started process (PID=265) to work on /home/airflow/.local/lib/python3.11/site-packages/airflow/example_dags/example_task_group_decorator.py
[2024-03-03T08:11:51.445+0000] {processor.py:830} INFO - Processing file /home/airflow/.local/lib/python3.11/site-packages/airflow/example_dags/example_task_group_decorator.py for tasks to queue
[2024-03-03T08:11:51.447+0000] {logging_mixin.py:188} INFO - [2024-03-03T08:11:51.447+0000] {dagbag.py:540} INFO - Filling up the DagBag from /home/airflow/.local/lib/python3.11/site-packages/airflow/example_dags/example_task_group_decorator.py
[2024-03-03T08:11:51.460+0000] {processor.py:840} INFO - DAG(s) 'example_task_group_decorator' retrieved from /home/airflow/.local/lib/python3.11/site-packages/airflow/example_dags/example_task_group_decorator.py
[2024-03-03T08:11:51.481+0000] {logging_mixin.py:188} INFO - [2024-03-03T08:11:51.481+0000] {dag.py:3047} INFO - Sync 1 DAGs
[2024-03-03T08:11:51.499+0000] {logging_mixin.py:188} INFO - [2024-03-03T08:11:51.499+0000] {dag.py:3834} INFO - Setting next_dagrun for example_task_group_decorator to 2024-03-02 00:00:00+00:00, run_after=2024-03-03 00:00:00+00:00
[2024-03-03T08:11:51.517+0000] {processor.py:183} INFO - Processing /home/airflow/.local/lib/python3.11/site-packages/airflow/example_dags/example_task_group_decorator.py took 0.076 seconds
[2024-03-03T08:12:21.964+0000] {processor.py:161} INFO - Started process (PID=320) to work on /home/airflow/.local/lib/python3.11/site-packages/airflow/example_dags/example_task_group_decorator.py
[2024-03-03T08:12:21.965+0000] {processor.py:830} INFO - Processing file /home/airflow/.local/lib/python3.11/site-packages/airflow/example_dags/example_task_group_decorator.py for tasks to queue
[2024-03-03T08:12:21.967+0000] {logging_mixin.py:188} INFO - [2024-03-03T08:12:21.967+0000] {dagbag.py:540} INFO - Filling up the DagBag from /home/airflow/.local/lib/python3.11/site-packages/airflow/example_dags/example_task_group_decorator.py
[2024-03-03T08:12:21.980+0000] {processor.py:840} INFO - DAG(s) 'example_task_group_decorator' retrieved from /home/airflow/.local/lib/python3.11/site-packages/airflow/example_dags/example_task_group_decorator.py
[2024-03-03T08:12:22.000+0000] {logging_mixin.py:188} INFO - [2024-03-03T08:12:22.000+0000] {dag.py:3047} INFO - Sync 1 DAGs
[2024-03-03T08:12:22.022+0000] {logging_mixin.py:188} INFO - [2024-03-03T08:12:22.022+0000] {dag.py:3834} INFO - Setting next_dagrun for example_task_group_decorator to 2024-03-02 00:00:00+00:00, run_after=2024-03-03 00:00:00+00:00
[2024-03-03T08:12:22.038+0000] {processor.py:183} INFO - Processing /home/airflow/.local/lib/python3.11/site-packages/airflow/example_dags/example_task_group_decorator.py took 0.074 seconds
[2024-03-03T08:12:52.597+0000] {processor.py:161} INFO - Started process (PID=375) to work on /home/airflow/.local/lib/python3.11/site-packages/airflow/example_dags/example_task_group_decorator.py
[2024-03-03T08:12:52.598+0000] {processor.py:830} INFO - Processing file /home/airflow/.local/lib/python3.11/site-packages/airflow/example_dags/example_task_group_decorator.py for tasks to queue
[2024-03-03T08:12:52.602+0000] {logging_mixin.py:188} INFO - [2024-03-03T08:12:52.601+0000] {dagbag.py:540} INFO - Filling up the DagBag from /home/airflow/.local/lib/python3.11/site-packages/airflow/example_dags/example_task_group_decorator.py
[2024-03-03T08:12:52.620+0000] {processor.py:840} INFO - DAG(s) 'example_task_group_decorator' retrieved from /home/airflow/.local/lib/python3.11/site-packages/airflow/example_dags/example_task_group_decorator.py
[2024-03-03T08:12:52.643+0000] {logging_mixin.py:188} INFO - [2024-03-03T08:12:52.643+0000] {dag.py:3047} INFO - Sync 1 DAGs
[2024-03-03T08:12:52.664+0000] {logging_mixin.py:188} INFO - [2024-03-03T08:12:52.664+0000] {dag.py:3834} INFO - Setting next_dagrun for example_task_group_decorator to 2024-03-02 00:00:00+00:00, run_after=2024-03-03 00:00:00+00:00
[2024-03-03T08:12:52.682+0000] {processor.py:183} INFO - Processing /home/airflow/.local/lib/python3.11/site-packages/airflow/example_dags/example_task_group_decorator.py took 0.088 seconds
[2024-03-03T08:13:23.084+0000] {processor.py:161} INFO - Started process (PID=430) to work on /home/airflow/.local/lib/python3.11/site-packages/airflow/example_dags/example_task_group_decorator.py
[2024-03-03T08:13:23.085+0000] {processor.py:830} INFO - Processing file /home/airflow/.local/lib/python3.11/site-packages/airflow/example_dags/example_task_group_decorator.py for tasks to queue
[2024-03-03T08:13:23.087+0000] {logging_mixin.py:188} INFO - [2024-03-03T08:13:23.087+0000] {dagbag.py:540} INFO - Filling up the DagBag from /home/airflow/.local/lib/python3.11/site-packages/airflow/example_dags/example_task_group_decorator.py
[2024-03-03T08:13:23.104+0000] {processor.py:840} INFO - DAG(s) 'example_task_group_decorator' retrieved from /home/airflow/.local/lib/python3.11/site-packages/airflow/example_dags/example_task_group_decorator.py
[2024-03-03T08:13:23.127+0000] {logging_mixin.py:188} INFO - [2024-03-03T08:13:23.127+0000] {dag.py:3047} INFO - Sync 1 DAGs
[2024-03-03T08:13:23.153+0000] {logging_mixin.py:188} INFO - [2024-03-03T08:13:23.153+0000] {dag.py:3834} INFO - Setting next_dagrun for example_task_group_decorator to 2024-03-02 00:00:00+00:00, run_after=2024-03-03 00:00:00+00:00
[2024-03-03T08:13:23.170+0000] {processor.py:183} INFO - Processing /home/airflow/.local/lib/python3.11/site-packages/airflow/example_dags/example_task_group_decorator.py took 0.090 seconds
[2024-03-03T08:13:53.845+0000] {processor.py:161} INFO - Started process (PID=485) to work on /home/airflow/.local/lib/python3.11/site-packages/airflow/example_dags/example_task_group_decorator.py
[2024-03-03T08:13:53.846+0000] {processor.py:830} INFO - Processing file /home/airflow/.local/lib/python3.11/site-packages/airflow/example_dags/example_task_group_decorator.py for tasks to queue
[2024-03-03T08:13:53.849+0000] {logging_mixin.py:188} INFO - [2024-03-03T08:13:53.848+0000] {dagbag.py:540} INFO - Filling up the DagBag from /home/airflow/.local/lib/python3.11/site-packages/airflow/example_dags/example_task_group_decorator.py
[2024-03-03T08:13:53.866+0000] {processor.py:840} INFO - DAG(s) 'example_task_group_decorator' retrieved from /home/airflow/.local/lib/python3.11/site-packages/airflow/example_dags/example_task_group_decorator.py
[2024-03-03T08:13:53.890+0000] {logging_mixin.py:188} INFO - [2024-03-03T08:13:53.890+0000] {dag.py:3047} INFO - Sync 1 DAGs
[2024-03-03T08:13:53.916+0000] {logging_mixin.py:188} INFO - [2024-03-03T08:13:53.916+0000] {dag.py:3834} INFO - Setting next_dagrun for example_task_group_decorator to 2024-03-02 00:00:00+00:00, run_after=2024-03-03 00:00:00+00:00
[2024-03-03T08:13:53.938+0000] {processor.py:183} INFO - Processing /home/airflow/.local/lib/python3.11/site-packages/airflow/example_dags/example_task_group_decorator.py took 0.097 seconds
[2024-03-03T08:14:23.973+0000] {processor.py:161} INFO - Started process (PID=548) to work on /home/airflow/.local/lib/python3.11/site-packages/airflow/example_dags/example_task_group_decorator.py
[2024-03-03T08:14:23.974+0000] {processor.py:830} INFO - Processing file /home/airflow/.local/lib/python3.11/site-packages/airflow/example_dags/example_task_group_decorator.py for tasks to queue
[2024-03-03T08:14:23.976+0000] {logging_mixin.py:188} INFO - [2024-03-03T08:14:23.976+0000] {dagbag.py:540} INFO - Filling up the DagBag from /home/airflow/.local/lib/python3.11/site-packages/airflow/example_dags/example_task_group_decorator.py
[2024-03-03T08:14:23.989+0000] {processor.py:840} INFO - DAG(s) 'example_task_group_decorator' retrieved from /home/airflow/.local/lib/python3.11/site-packages/airflow/example_dags/example_task_group_decorator.py
[2024-03-03T08:14:24.009+0000] {logging_mixin.py:188} INFO - [2024-03-03T08:14:24.009+0000] {dag.py:3047} INFO - Sync 1 DAGs
[2024-03-03T08:14:24.030+0000] {logging_mixin.py:188} INFO - [2024-03-03T08:14:24.030+0000] {dag.py:3834} INFO - Setting next_dagrun for example_task_group_decorator to 2024-03-02 00:00:00+00:00, run_after=2024-03-03 00:00:00+00:00
[2024-03-03T08:14:24.046+0000] {processor.py:183} INFO - Processing /home/airflow/.local/lib/python3.11/site-packages/airflow/example_dags/example_task_group_decorator.py took 0.076 seconds
[2024-03-03T08:14:54.697+0000] {processor.py:161} INFO - Started process (PID=604) to work on /home/airflow/.local/lib/python3.11/site-packages/airflow/example_dags/example_task_group_decorator.py
[2024-03-03T08:14:54.698+0000] {processor.py:830} INFO - Processing file /home/airflow/.local/lib/python3.11/site-packages/airflow/example_dags/example_task_group_decorator.py for tasks to queue
[2024-03-03T08:14:54.701+0000] {logging_mixin.py:188} INFO - [2024-03-03T08:14:54.700+0000] {dagbag.py:540} INFO - Filling up the DagBag from /home/airflow/.local/lib/python3.11/site-packages/airflow/example_dags/example_task_group_decorator.py
[2024-03-03T08:14:54.719+0000] {processor.py:840} INFO - DAG(s) 'example_task_group_decorator' retrieved from /home/airflow/.local/lib/python3.11/site-packages/airflow/example_dags/example_task_group_decorator.py
[2024-03-03T08:14:54.744+0000] {logging_mixin.py:188} INFO - [2024-03-03T08:14:54.744+0000] {dag.py:3047} INFO - Sync 1 DAGs
[2024-03-03T08:14:54.767+0000] {logging_mixin.py:188} INFO - [2024-03-03T08:14:54.766+0000] {dag.py:3834} INFO - Setting next_dagrun for example_task_group_decorator to 2024-03-02 00:00:00+00:00, run_after=2024-03-03 00:00:00+00:00
[2024-03-03T08:14:54.785+0000] {processor.py:183} INFO - Processing /home/airflow/.local/lib/python3.11/site-packages/airflow/example_dags/example_task_group_decorator.py took 0.092 seconds
[2024-03-03T08:15:25.441+0000] {processor.py:161} INFO - Started process (PID=660) to work on /home/airflow/.local/lib/python3.11/site-packages/airflow/example_dags/example_task_group_decorator.py
[2024-03-03T08:15:25.442+0000] {processor.py:830} INFO - Processing file /home/airflow/.local/lib/python3.11/site-packages/airflow/example_dags/example_task_group_decorator.py for tasks to queue
[2024-03-03T08:15:25.445+0000] {logging_mixin.py:188} INFO - [2024-03-03T08:15:25.444+0000] {dagbag.py:540} INFO - Filling up the DagBag from /home/airflow/.local/lib/python3.11/site-packages/airflow/example_dags/example_task_group_decorator.py
[2024-03-03T08:15:25.460+0000] {processor.py:840} INFO - DAG(s) 'example_task_group_decorator' retrieved from /home/airflow/.local/lib/python3.11/site-packages/airflow/example_dags/example_task_group_decorator.py
[2024-03-03T08:15:25.492+0000] {logging_mixin.py:188} INFO - [2024-03-03T08:15:25.492+0000] {dag.py:3047} INFO - Sync 1 DAGs
[2024-03-03T08:15:25.517+0000] {logging_mixin.py:188} INFO - [2024-03-03T08:15:25.517+0000] {dag.py:3834} INFO - Setting next_dagrun for example_task_group_decorator to 2024-03-02 00:00:00+00:00, run_after=2024-03-03 00:00:00+00:00
[2024-03-03T08:15:25.536+0000] {processor.py:183} INFO - Processing /home/airflow/.local/lib/python3.11/site-packages/airflow/example_dags/example_task_group_decorator.py took 0.099 seconds
[2024-03-03T08:15:56.213+0000] {processor.py:161} INFO - Started process (PID=716) to work on /home/airflow/.local/lib/python3.11/site-packages/airflow/example_dags/example_task_group_decorator.py
[2024-03-03T08:15:56.214+0000] {processor.py:830} INFO - Processing file /home/airflow/.local/lib/python3.11/site-packages/airflow/example_dags/example_task_group_decorator.py for tasks to queue
[2024-03-03T08:15:56.217+0000] {logging_mixin.py:188} INFO - [2024-03-03T08:15:56.216+0000] {dagbag.py:540} INFO - Filling up the DagBag from /home/airflow/.local/lib/python3.11/site-packages/airflow/example_dags/example_task_group_decorator.py
[2024-03-03T08:15:56.231+0000] {processor.py:840} INFO - DAG(s) 'example_task_group_decorator' retrieved from /home/airflow/.local/lib/python3.11/site-packages/airflow/example_dags/example_task_group_decorator.py
[2024-03-03T08:15:56.257+0000] {logging_mixin.py:188} INFO - [2024-03-03T08:15:56.257+0000] {dag.py:3047} INFO - Sync 1 DAGs
[2024-03-03T08:15:56.281+0000] {logging_mixin.py:188} INFO - [2024-03-03T08:15:56.281+0000] {dag.py:3834} INFO - Setting next_dagrun for example_task_group_decorator to 2024-03-02 00:00:00+00:00, run_after=2024-03-03 00:00:00+00:00
[2024-03-03T08:15:56.303+0000] {processor.py:183} INFO - Processing /home/airflow/.local/lib/python3.11/site-packages/airflow/example_dags/example_task_group_decorator.py took 0.093 seconds
[2024-03-03T08:16:26.930+0000] {processor.py:161} INFO - Started process (PID=772) to work on /home/airflow/.local/lib/python3.11/site-packages/airflow/example_dags/example_task_group_decorator.py
[2024-03-03T08:16:26.931+0000] {processor.py:830} INFO - Processing file /home/airflow/.local/lib/python3.11/site-packages/airflow/example_dags/example_task_group_decorator.py for tasks to queue
[2024-03-03T08:16:26.933+0000] {logging_mixin.py:188} INFO - [2024-03-03T08:16:26.933+0000] {dagbag.py:540} INFO - Filling up the DagBag from /home/airflow/.local/lib/python3.11/site-packages/airflow/example_dags/example_task_group_decorator.py
[2024-03-03T08:16:26.947+0000] {processor.py:840} INFO - DAG(s) 'example_task_group_decorator' retrieved from /home/airflow/.local/lib/python3.11/site-packages/airflow/example_dags/example_task_group_decorator.py
[2024-03-03T08:16:26.972+0000] {logging_mixin.py:188} INFO - [2024-03-03T08:16:26.972+0000] {dag.py:3047} INFO - Sync 1 DAGs
[2024-03-03T08:16:26.999+0000] {logging_mixin.py:188} INFO - [2024-03-03T08:16:26.998+0000] {dag.py:3834} INFO - Setting next_dagrun for example_task_group_decorator to 2024-03-02 00:00:00+00:00, run_after=2024-03-03 00:00:00+00:00
[2024-03-03T08:16:27.018+0000] {processor.py:183} INFO - Processing /home/airflow/.local/lib/python3.11/site-packages/airflow/example_dags/example_task_group_decorator.py took 0.091 seconds
[2024-03-03T08:16:57.678+0000] {processor.py:161} INFO - Started process (PID=828) to work on /home/airflow/.local/lib/python3.11/site-packages/airflow/example_dags/example_task_group_decorator.py
[2024-03-03T08:16:57.680+0000] {processor.py:830} INFO - Processing file /home/airflow/.local/lib/python3.11/site-packages/airflow/example_dags/example_task_group_decorator.py for tasks to queue
[2024-03-03T08:16:57.682+0000] {logging_mixin.py:188} INFO - [2024-03-03T08:16:57.682+0000] {dagbag.py:540} INFO - Filling up the DagBag from /home/airflow/.local/lib/python3.11/site-packages/airflow/example_dags/example_task_group_decorator.py
[2024-03-03T08:16:57.696+0000] {processor.py:840} INFO - DAG(s) 'example_task_group_decorator' retrieved from /home/airflow/.local/lib/python3.11/site-packages/airflow/example_dags/example_task_group_decorator.py
[2024-03-03T08:16:57.717+0000] {logging_mixin.py:188} INFO - [2024-03-03T08:16:57.717+0000] {dag.py:3047} INFO - Sync 1 DAGs
[2024-03-03T08:16:57.738+0000] {logging_mixin.py:188} INFO - [2024-03-03T08:16:57.738+0000] {dag.py:3834} INFO - Setting next_dagrun for example_task_group_decorator to 2024-03-02 00:00:00+00:00, run_after=2024-03-03 00:00:00+00:00
[2024-03-03T08:16:57.757+0000] {processor.py:183} INFO - Processing /home/airflow/.local/lib/python3.11/site-packages/airflow/example_dags/example_task_group_decorator.py took 0.082 seconds
[2024-03-03T08:17:28.212+0000] {processor.py:161} INFO - Started process (PID=884) to work on /home/airflow/.local/lib/python3.11/site-packages/airflow/example_dags/example_task_group_decorator.py
[2024-03-03T08:17:28.213+0000] {processor.py:830} INFO - Processing file /home/airflow/.local/lib/python3.11/site-packages/airflow/example_dags/example_task_group_decorator.py for tasks to queue
[2024-03-03T08:17:28.215+0000] {logging_mixin.py:188} INFO - [2024-03-03T08:17:28.215+0000] {dagbag.py:540} INFO - Filling up the DagBag from /home/airflow/.local/lib/python3.11/site-packages/airflow/example_dags/example_task_group_decorator.py
[2024-03-03T08:17:28.229+0000] {processor.py:840} INFO - DAG(s) 'example_task_group_decorator' retrieved from /home/airflow/.local/lib/python3.11/site-packages/airflow/example_dags/example_task_group_decorator.py
[2024-03-03T08:17:28.250+0000] {logging_mixin.py:188} INFO - [2024-03-03T08:17:28.249+0000] {dag.py:3047} INFO - Sync 1 DAGs
[2024-03-03T08:17:28.272+0000] {logging_mixin.py:188} INFO - [2024-03-03T08:17:28.272+0000] {dag.py:3834} INFO - Setting next_dagrun for example_task_group_decorator to 2024-03-02 00:00:00+00:00, run_after=2024-03-03 00:00:00+00:00
[2024-03-03T08:17:28.290+0000] {processor.py:183} INFO - Processing /home/airflow/.local/lib/python3.11/site-packages/airflow/example_dags/example_task_group_decorator.py took 0.081 seconds
[2024-03-03T08:17:58.566+0000] {processor.py:161} INFO - Started process (PID=939) to work on /home/airflow/.local/lib/python3.11/site-packages/airflow/example_dags/example_task_group_decorator.py
[2024-03-03T08:17:58.567+0000] {processor.py:830} INFO - Processing file /home/airflow/.local/lib/python3.11/site-packages/airflow/example_dags/example_task_group_decorator.py for tasks to queue
[2024-03-03T08:17:58.568+0000] {logging_mixin.py:188} INFO - [2024-03-03T08:17:58.568+0000] {dagbag.py:540} INFO - Filling up the DagBag from /home/airflow/.local/lib/python3.11/site-packages/airflow/example_dags/example_task_group_decorator.py
[2024-03-03T08:17:58.587+0000] {processor.py:840} INFO - DAG(s) 'example_task_group_decorator' retrieved from /home/airflow/.local/lib/python3.11/site-packages/airflow/example_dags/example_task_group_decorator.py
[2024-03-03T08:17:58.613+0000] {logging_mixin.py:188} INFO - [2024-03-03T08:17:58.613+0000] {dag.py:3047} INFO - Sync 1 DAGs
[2024-03-03T08:17:58.638+0000] {logging_mixin.py:188} INFO - [2024-03-03T08:17:58.638+0000] {dag.py:3834} INFO - Setting next_dagrun for example_task_group_decorator to 2024-03-02 00:00:00+00:00, run_after=2024-03-03 00:00:00+00:00
[2024-03-03T08:17:58.657+0000] {processor.py:183} INFO - Processing /home/airflow/.local/lib/python3.11/site-packages/airflow/example_dags/example_task_group_decorator.py took 0.095 seconds
