[2024-03-03T08:09:47.876+0000] {processor.py:161} INFO - Started process (PID=34) to work on /home/airflow/.local/lib/python3.11/site-packages/airflow/example_dags/example_params_trigger_ui.py
[2024-03-03T08:09:47.877+0000] {processor.py:830} INFO - Processing file /home/airflow/.local/lib/python3.11/site-packages/airflow/example_dags/example_params_trigger_ui.py for tasks to queue
[2024-03-03T08:09:47.879+0000] {logging_mixin.py:188} INFO - [2024-03-03T08:09:47.879+0000] {dagbag.py:540} INFO - Filling up the DagBag from /home/airflow/.local/lib/python3.11/site-packages/airflow/example_dags/example_params_trigger_ui.py
[2024-03-03T08:09:47.896+0000] {processor.py:840} INFO - DAG(s) 'example_params_trigger_ui' retrieved from /home/airflow/.local/lib/python3.11/site-packages/airflow/example_dags/example_params_trigger_ui.py
[2024-03-03T08:09:48.062+0000] {logging_mixin.py:188} INFO - [2024-03-03T08:09:48.061+0000] {override.py:1769} INFO - Created Permission View: can edit on DAG:example_params_trigger_ui
[2024-03-03T08:09:48.074+0000] {logging_mixin.py:188} INFO - [2024-03-03T08:09:48.074+0000] {override.py:1769} INFO - Created Permission View: can read on DAG:example_params_trigger_ui
[2024-03-03T08:09:48.083+0000] {logging_mixin.py:188} INFO - [2024-03-03T08:09:48.082+0000] {override.py:1769} INFO - Created Permission View: can delete on DAG:example_params_trigger_ui
[2024-03-03T08:09:48.083+0000] {logging_mixin.py:188} INFO - [2024-03-03T08:09:48.083+0000] {dag.py:3047} INFO - Sync 1 DAGs
[2024-03-03T08:09:48.099+0000] {logging_mixin.py:188} INFO - [2024-03-03T08:09:48.099+0000] {dag.py:3069} INFO - Creating ORM DAG for example_params_trigger_ui
[2024-03-03T08:09:48.100+0000] {logging_mixin.py:188} INFO - [2024-03-03T08:09:48.100+0000] {dag.py:3834} INFO - Setting next_dagrun for example_params_trigger_ui to None, run_after=None
[2024-03-03T08:09:48.122+0000] {processor.py:183} INFO - Processing /home/airflow/.local/lib/python3.11/site-packages/airflow/example_dags/example_params_trigger_ui.py took 0.249 seconds
[2024-03-03T08:10:18.415+0000] {processor.py:161} INFO - Started process (PID=89) to work on /home/airflow/.local/lib/python3.11/site-packages/airflow/example_dags/example_params_trigger_ui.py
[2024-03-03T08:10:18.416+0000] {processor.py:830} INFO - Processing file /home/airflow/.local/lib/python3.11/site-packages/airflow/example_dags/example_params_trigger_ui.py for tasks to queue
[2024-03-03T08:10:18.418+0000] {logging_mixin.py:188} INFO - [2024-03-03T08:10:18.417+0000] {dagbag.py:540} INFO - Filling up the DagBag from /home/airflow/.local/lib/python3.11/site-packages/airflow/example_dags/example_params_trigger_ui.py
[2024-03-03T08:10:18.431+0000] {processor.py:840} INFO - DAG(s) 'example_params_trigger_ui' retrieved from /home/airflow/.local/lib/python3.11/site-packages/airflow/example_dags/example_params_trigger_ui.py
[2024-03-03T08:10:18.465+0000] {logging_mixin.py:188} INFO - [2024-03-03T08:10:18.465+0000] {dag.py:3047} INFO - Sync 1 DAGs
[2024-03-03T08:10:18.475+0000] {logging_mixin.py:188} INFO - [2024-03-03T08:10:18.475+0000] {dag.py:3834} INFO - Setting next_dagrun for example_params_trigger_ui to None, run_after=None
[2024-03-03T08:10:18.493+0000] {processor.py:183} INFO - Processing /home/airflow/.local/lib/python3.11/site-packages/airflow/example_dags/example_params_trigger_ui.py took 0.082 seconds
[2024-03-03T08:10:48.799+0000] {processor.py:161} INFO - Started process (PID=144) to work on /home/airflow/.local/lib/python3.11/site-packages/airflow/example_dags/example_params_trigger_ui.py
[2024-03-03T08:10:48.800+0000] {processor.py:830} INFO - Processing file /home/airflow/.local/lib/python3.11/site-packages/airflow/example_dags/example_params_trigger_ui.py for tasks to queue
[2024-03-03T08:10:48.803+0000] {logging_mixin.py:188} INFO - [2024-03-03T08:10:48.802+0000] {dagbag.py:540} INFO - Filling up the DagBag from /home/airflow/.local/lib/python3.11/site-packages/airflow/example_dags/example_params_trigger_ui.py
[2024-03-03T08:10:48.816+0000] {processor.py:840} INFO - DAG(s) 'example_params_trigger_ui' retrieved from /home/airflow/.local/lib/python3.11/site-packages/airflow/example_dags/example_params_trigger_ui.py
[2024-03-03T08:10:48.858+0000] {logging_mixin.py:188} INFO - [2024-03-03T08:10:48.858+0000] {dag.py:3047} INFO - Sync 1 DAGs
[2024-03-03T08:10:48.869+0000] {logging_mixin.py:188} INFO - [2024-03-03T08:10:48.868+0000] {dag.py:3834} INFO - Setting next_dagrun for example_params_trigger_ui to None, run_after=None
[2024-03-03T08:10:48.886+0000] {processor.py:183} INFO - Processing /home/airflow/.local/lib/python3.11/site-packages/airflow/example_dags/example_params_trigger_ui.py took 0.091 seconds
[2024-03-03T08:11:19.258+0000] {processor.py:161} INFO - Started process (PID=199) to work on /home/airflow/.local/lib/python3.11/site-packages/airflow/example_dags/example_params_trigger_ui.py
[2024-03-03T08:11:19.259+0000] {processor.py:830} INFO - Processing file /home/airflow/.local/lib/python3.11/site-packages/airflow/example_dags/example_params_trigger_ui.py for tasks to queue
[2024-03-03T08:11:19.263+0000] {logging_mixin.py:188} INFO - [2024-03-03T08:11:19.262+0000] {dagbag.py:540} INFO - Filling up the DagBag from /home/airflow/.local/lib/python3.11/site-packages/airflow/example_dags/example_params_trigger_ui.py
[2024-03-03T08:11:19.279+0000] {processor.py:840} INFO - DAG(s) 'example_params_trigger_ui' retrieved from /home/airflow/.local/lib/python3.11/site-packages/airflow/example_dags/example_params_trigger_ui.py
[2024-03-03T08:11:19.317+0000] {logging_mixin.py:188} INFO - [2024-03-03T08:11:19.316+0000] {dag.py:3047} INFO - Sync 1 DAGs
[2024-03-03T08:11:19.331+0000] {logging_mixin.py:188} INFO - [2024-03-03T08:11:19.331+0000] {dag.py:3834} INFO - Setting next_dagrun for example_params_trigger_ui to None, run_after=None
[2024-03-03T08:11:19.349+0000] {processor.py:183} INFO - Processing /home/airflow/.local/lib/python3.11/site-packages/airflow/example_dags/example_params_trigger_ui.py took 0.094 seconds
[2024-03-03T08:11:49.868+0000] {processor.py:161} INFO - Started process (PID=254) to work on /home/airflow/.local/lib/python3.11/site-packages/airflow/example_dags/example_params_trigger_ui.py
[2024-03-03T08:11:49.869+0000] {processor.py:830} INFO - Processing file /home/airflow/.local/lib/python3.11/site-packages/airflow/example_dags/example_params_trigger_ui.py for tasks to queue
[2024-03-03T08:11:49.871+0000] {logging_mixin.py:188} INFO - [2024-03-03T08:11:49.871+0000] {dagbag.py:540} INFO - Filling up the DagBag from /home/airflow/.local/lib/python3.11/site-packages/airflow/example_dags/example_params_trigger_ui.py
[2024-03-03T08:11:49.885+0000] {processor.py:840} INFO - DAG(s) 'example_params_trigger_ui' retrieved from /home/airflow/.local/lib/python3.11/site-packages/airflow/example_dags/example_params_trigger_ui.py
[2024-03-03T08:11:49.923+0000] {logging_mixin.py:188} INFO - [2024-03-03T08:11:49.923+0000] {dag.py:3047} INFO - Sync 1 DAGs
[2024-03-03T08:11:49.935+0000] {logging_mixin.py:188} INFO - [2024-03-03T08:11:49.934+0000] {dag.py:3834} INFO - Setting next_dagrun for example_params_trigger_ui to None, run_after=None
[2024-03-03T08:11:49.951+0000] {processor.py:183} INFO - Processing /home/airflow/.local/lib/python3.11/site-packages/airflow/example_dags/example_params_trigger_ui.py took 0.086 seconds
[2024-03-03T08:12:20.354+0000] {processor.py:161} INFO - Started process (PID=309) to work on /home/airflow/.local/lib/python3.11/site-packages/airflow/example_dags/example_params_trigger_ui.py
[2024-03-03T08:12:20.356+0000] {processor.py:830} INFO - Processing file /home/airflow/.local/lib/python3.11/site-packages/airflow/example_dags/example_params_trigger_ui.py for tasks to queue
[2024-03-03T08:12:20.358+0000] {logging_mixin.py:188} INFO - [2024-03-03T08:12:20.357+0000] {dagbag.py:540} INFO - Filling up the DagBag from /home/airflow/.local/lib/python3.11/site-packages/airflow/example_dags/example_params_trigger_ui.py
[2024-03-03T08:12:20.373+0000] {processor.py:840} INFO - DAG(s) 'example_params_trigger_ui' retrieved from /home/airflow/.local/lib/python3.11/site-packages/airflow/example_dags/example_params_trigger_ui.py
[2024-03-03T08:12:20.415+0000] {logging_mixin.py:188} INFO - [2024-03-03T08:12:20.415+0000] {dag.py:3047} INFO - Sync 1 DAGs
[2024-03-03T08:12:20.428+0000] {logging_mixin.py:188} INFO - [2024-03-03T08:12:20.428+0000] {dag.py:3834} INFO - Setting next_dagrun for example_params_trigger_ui to None, run_after=None
[2024-03-03T08:12:20.454+0000] {processor.py:183} INFO - Processing /home/airflow/.local/lib/python3.11/site-packages/airflow/example_dags/example_params_trigger_ui.py took 0.103 seconds
[2024-03-03T08:12:50.970+0000] {processor.py:161} INFO - Started process (PID=364) to work on /home/airflow/.local/lib/python3.11/site-packages/airflow/example_dags/example_params_trigger_ui.py
[2024-03-03T08:12:50.971+0000] {processor.py:830} INFO - Processing file /home/airflow/.local/lib/python3.11/site-packages/airflow/example_dags/example_params_trigger_ui.py for tasks to queue
[2024-03-03T08:12:50.973+0000] {logging_mixin.py:188} INFO - [2024-03-03T08:12:50.973+0000] {dagbag.py:540} INFO - Filling up the DagBag from /home/airflow/.local/lib/python3.11/site-packages/airflow/example_dags/example_params_trigger_ui.py
[2024-03-03T08:12:50.988+0000] {processor.py:840} INFO - DAG(s) 'example_params_trigger_ui' retrieved from /home/airflow/.local/lib/python3.11/site-packages/airflow/example_dags/example_params_trigger_ui.py
[2024-03-03T08:12:51.033+0000] {logging_mixin.py:188} INFO - [2024-03-03T08:12:51.033+0000] {dag.py:3047} INFO - Sync 1 DAGs
[2024-03-03T08:12:51.046+0000] {logging_mixin.py:188} INFO - [2024-03-03T08:12:51.046+0000] {dag.py:3834} INFO - Setting next_dagrun for example_params_trigger_ui to None, run_after=None
[2024-03-03T08:12:51.065+0000] {processor.py:183} INFO - Processing /home/airflow/.local/lib/python3.11/site-packages/airflow/example_dags/example_params_trigger_ui.py took 0.099 seconds
[2024-03-03T08:13:21.481+0000] {processor.py:161} INFO - Started process (PID=419) to work on /home/airflow/.local/lib/python3.11/site-packages/airflow/example_dags/example_params_trigger_ui.py
[2024-03-03T08:13:21.482+0000] {processor.py:830} INFO - Processing file /home/airflow/.local/lib/python3.11/site-packages/airflow/example_dags/example_params_trigger_ui.py for tasks to queue
[2024-03-03T08:13:21.485+0000] {logging_mixin.py:188} INFO - [2024-03-03T08:13:21.484+0000] {dagbag.py:540} INFO - Filling up the DagBag from /home/airflow/.local/lib/python3.11/site-packages/airflow/example_dags/example_params_trigger_ui.py
[2024-03-03T08:13:21.498+0000] {processor.py:840} INFO - DAG(s) 'example_params_trigger_ui' retrieved from /home/airflow/.local/lib/python3.11/site-packages/airflow/example_dags/example_params_trigger_ui.py
[2024-03-03T08:13:21.536+0000] {logging_mixin.py:188} INFO - [2024-03-03T08:13:21.536+0000] {dag.py:3047} INFO - Sync 1 DAGs
[2024-03-03T08:13:21.550+0000] {logging_mixin.py:188} INFO - [2024-03-03T08:13:21.549+0000] {dag.py:3834} INFO - Setting next_dagrun for example_params_trigger_ui to None, run_after=None
[2024-03-03T08:13:21.569+0000] {processor.py:183} INFO - Processing /home/airflow/.local/lib/python3.11/site-packages/airflow/example_dags/example_params_trigger_ui.py took 0.091 seconds
[2024-03-03T08:13:52.169+0000] {processor.py:161} INFO - Started process (PID=474) to work on /home/airflow/.local/lib/python3.11/site-packages/airflow/example_dags/example_params_trigger_ui.py
[2024-03-03T08:13:52.170+0000] {processor.py:830} INFO - Processing file /home/airflow/.local/lib/python3.11/site-packages/airflow/example_dags/example_params_trigger_ui.py for tasks to queue
[2024-03-03T08:13:52.174+0000] {logging_mixin.py:188} INFO - [2024-03-03T08:13:52.173+0000] {dagbag.py:540} INFO - Filling up the DagBag from /home/airflow/.local/lib/python3.11/site-packages/airflow/example_dags/example_params_trigger_ui.py
[2024-03-03T08:13:52.191+0000] {processor.py:840} INFO - DAG(s) 'example_params_trigger_ui' retrieved from /home/airflow/.local/lib/python3.11/site-packages/airflow/example_dags/example_params_trigger_ui.py
[2024-03-03T08:13:52.234+0000] {logging_mixin.py:188} INFO - [2024-03-03T08:13:52.234+0000] {dag.py:3047} INFO - Sync 1 DAGs
[2024-03-03T08:13:52.250+0000] {logging_mixin.py:188} INFO - [2024-03-03T08:13:52.250+0000] {dag.py:3834} INFO - Setting next_dagrun for example_params_trigger_ui to None, run_after=None
[2024-03-03T08:13:52.268+0000] {processor.py:183} INFO - Processing /home/airflow/.local/lib/python3.11/site-packages/airflow/example_dags/example_params_trigger_ui.py took 0.103 seconds
[2024-03-03T08:14:22.401+0000] {processor.py:161} INFO - Started process (PID=537) to work on /home/airflow/.local/lib/python3.11/site-packages/airflow/example_dags/example_params_trigger_ui.py
[2024-03-03T08:14:22.402+0000] {processor.py:830} INFO - Processing file /home/airflow/.local/lib/python3.11/site-packages/airflow/example_dags/example_params_trigger_ui.py for tasks to queue
[2024-03-03T08:14:22.405+0000] {logging_mixin.py:188} INFO - [2024-03-03T08:14:22.404+0000] {dagbag.py:540} INFO - Filling up the DagBag from /home/airflow/.local/lib/python3.11/site-packages/airflow/example_dags/example_params_trigger_ui.py
[2024-03-03T08:14:22.418+0000] {processor.py:840} INFO - DAG(s) 'example_params_trigger_ui' retrieved from /home/airflow/.local/lib/python3.11/site-packages/airflow/example_dags/example_params_trigger_ui.py
[2024-03-03T08:14:22.455+0000] {logging_mixin.py:188} INFO - [2024-03-03T08:14:22.454+0000] {dag.py:3047} INFO - Sync 1 DAGs
[2024-03-03T08:14:22.467+0000] {logging_mixin.py:188} INFO - [2024-03-03T08:14:22.466+0000] {dag.py:3834} INFO - Setting next_dagrun for example_params_trigger_ui to None, run_after=None
[2024-03-03T08:14:22.488+0000] {processor.py:183} INFO - Processing /home/airflow/.local/lib/python3.11/site-packages/airflow/example_dags/example_params_trigger_ui.py took 0.090 seconds
[2024-03-03T08:14:53.009+0000] {processor.py:161} INFO - Started process (PID=593) to work on /home/airflow/.local/lib/python3.11/site-packages/airflow/example_dags/example_params_trigger_ui.py
[2024-03-03T08:14:53.011+0000] {processor.py:830} INFO - Processing file /home/airflow/.local/lib/python3.11/site-packages/airflow/example_dags/example_params_trigger_ui.py for tasks to queue
[2024-03-03T08:14:53.014+0000] {logging_mixin.py:188} INFO - [2024-03-03T08:14:53.013+0000] {dagbag.py:540} INFO - Filling up the DagBag from /home/airflow/.local/lib/python3.11/site-packages/airflow/example_dags/example_params_trigger_ui.py
[2024-03-03T08:14:53.030+0000] {processor.py:840} INFO - DAG(s) 'example_params_trigger_ui' retrieved from /home/airflow/.local/lib/python3.11/site-packages/airflow/example_dags/example_params_trigger_ui.py
[2024-03-03T08:14:53.082+0000] {logging_mixin.py:188} INFO - [2024-03-03T08:14:53.082+0000] {dag.py:3047} INFO - Sync 1 DAGs
[2024-03-03T08:14:53.099+0000] {logging_mixin.py:188} INFO - [2024-03-03T08:14:53.099+0000] {dag.py:3834} INFO - Setting next_dagrun for example_params_trigger_ui to None, run_after=None
[2024-03-03T08:14:53.125+0000] {processor.py:183} INFO - Processing /home/airflow/.local/lib/python3.11/site-packages/airflow/example_dags/example_params_trigger_ui.py took 0.120 seconds
[2024-03-03T08:15:23.776+0000] {processor.py:161} INFO - Started process (PID=649) to work on /home/airflow/.local/lib/python3.11/site-packages/airflow/example_dags/example_params_trigger_ui.py
[2024-03-03T08:15:23.777+0000] {processor.py:830} INFO - Processing file /home/airflow/.local/lib/python3.11/site-packages/airflow/example_dags/example_params_trigger_ui.py for tasks to queue
[2024-03-03T08:15:23.780+0000] {logging_mixin.py:188} INFO - [2024-03-03T08:15:23.779+0000] {dagbag.py:540} INFO - Filling up the DagBag from /home/airflow/.local/lib/python3.11/site-packages/airflow/example_dags/example_params_trigger_ui.py
[2024-03-03T08:15:23.796+0000] {processor.py:840} INFO - DAG(s) 'example_params_trigger_ui' retrieved from /home/airflow/.local/lib/python3.11/site-packages/airflow/example_dags/example_params_trigger_ui.py
[2024-03-03T08:15:23.836+0000] {logging_mixin.py:188} INFO - [2024-03-03T08:15:23.836+0000] {dag.py:3047} INFO - Sync 1 DAGs
[2024-03-03T08:15:23.848+0000] {logging_mixin.py:188} INFO - [2024-03-03T08:15:23.848+0000] {dag.py:3834} INFO - Setting next_dagrun for example_params_trigger_ui to None, run_after=None
[2024-03-03T08:15:23.866+0000] {processor.py:183} INFO - Processing /home/airflow/.local/lib/python3.11/site-packages/airflow/example_dags/example_params_trigger_ui.py took 0.093 seconds
[2024-03-03T08:15:54.700+0000] {processor.py:161} INFO - Started process (PID=705) to work on /home/airflow/.local/lib/python3.11/site-packages/airflow/example_dags/example_params_trigger_ui.py
[2024-03-03T08:15:54.702+0000] {processor.py:830} INFO - Processing file /home/airflow/.local/lib/python3.11/site-packages/airflow/example_dags/example_params_trigger_ui.py for tasks to queue
[2024-03-03T08:15:54.704+0000] {logging_mixin.py:188} INFO - [2024-03-03T08:15:54.704+0000] {dagbag.py:540} INFO - Filling up the DagBag from /home/airflow/.local/lib/python3.11/site-packages/airflow/example_dags/example_params_trigger_ui.py
[2024-03-03T08:15:54.719+0000] {processor.py:840} INFO - DAG(s) 'example_params_trigger_ui' retrieved from /home/airflow/.local/lib/python3.11/site-packages/airflow/example_dags/example_params_trigger_ui.py
[2024-03-03T08:15:54.755+0000] {logging_mixin.py:188} INFO - [2024-03-03T08:15:54.755+0000] {dag.py:3047} INFO - Sync 1 DAGs
[2024-03-03T08:15:54.768+0000] {logging_mixin.py:188} INFO - [2024-03-03T08:15:54.767+0000] {dag.py:3834} INFO - Setting next_dagrun for example_params_trigger_ui to None, run_after=None
[2024-03-03T08:15:54.787+0000] {processor.py:183} INFO - Processing /home/airflow/.local/lib/python3.11/site-packages/airflow/example_dags/example_params_trigger_ui.py took 0.091 seconds
[2024-03-03T08:16:25.358+0000] {processor.py:161} INFO - Started process (PID=761) to work on /home/airflow/.local/lib/python3.11/site-packages/airflow/example_dags/example_params_trigger_ui.py
[2024-03-03T08:16:25.359+0000] {processor.py:830} INFO - Processing file /home/airflow/.local/lib/python3.11/site-packages/airflow/example_dags/example_params_trigger_ui.py for tasks to queue
[2024-03-03T08:16:25.362+0000] {logging_mixin.py:188} INFO - [2024-03-03T08:16:25.361+0000] {dagbag.py:540} INFO - Filling up the DagBag from /home/airflow/.local/lib/python3.11/site-packages/airflow/example_dags/example_params_trigger_ui.py
[2024-03-03T08:16:25.379+0000] {processor.py:840} INFO - DAG(s) 'example_params_trigger_ui' retrieved from /home/airflow/.local/lib/python3.11/site-packages/airflow/example_dags/example_params_trigger_ui.py
[2024-03-03T08:16:25.420+0000] {logging_mixin.py:188} INFO - [2024-03-03T08:16:25.420+0000] {dag.py:3047} INFO - Sync 1 DAGs
[2024-03-03T08:16:25.435+0000] {logging_mixin.py:188} INFO - [2024-03-03T08:16:25.435+0000] {dag.py:3834} INFO - Setting next_dagrun for example_params_trigger_ui to None, run_after=None
[2024-03-03T08:16:25.454+0000] {processor.py:183} INFO - Processing /home/airflow/.local/lib/python3.11/site-packages/airflow/example_dags/example_params_trigger_ui.py took 0.100 seconds
[2024-03-03T08:16:56.170+0000] {processor.py:161} INFO - Started process (PID=817) to work on /home/airflow/.local/lib/python3.11/site-packages/airflow/example_dags/example_params_trigger_ui.py
[2024-03-03T08:16:56.172+0000] {processor.py:830} INFO - Processing file /home/airflow/.local/lib/python3.11/site-packages/airflow/example_dags/example_params_trigger_ui.py for tasks to queue
[2024-03-03T08:16:56.174+0000] {logging_mixin.py:188} INFO - [2024-03-03T08:16:56.174+0000] {dagbag.py:540} INFO - Filling up the DagBag from /home/airflow/.local/lib/python3.11/site-packages/airflow/example_dags/example_params_trigger_ui.py
[2024-03-03T08:16:56.192+0000] {processor.py:840} INFO - DAG(s) 'example_params_trigger_ui' retrieved from /home/airflow/.local/lib/python3.11/site-packages/airflow/example_dags/example_params_trigger_ui.py
[2024-03-03T08:16:56.227+0000] {logging_mixin.py:188} INFO - [2024-03-03T08:16:56.227+0000] {dag.py:3047} INFO - Sync 1 DAGs
[2024-03-03T08:16:56.240+0000] {logging_mixin.py:188} INFO - [2024-03-03T08:16:56.240+0000] {dag.py:3834} INFO - Setting next_dagrun for example_params_trigger_ui to None, run_after=None
[2024-03-03T08:16:56.256+0000] {processor.py:183} INFO - Processing /home/airflow/.local/lib/python3.11/site-packages/airflow/example_dags/example_params_trigger_ui.py took 0.090 seconds
[2024-03-03T08:17:26.721+0000] {processor.py:161} INFO - Started process (PID=873) to work on /home/airflow/.local/lib/python3.11/site-packages/airflow/example_dags/example_params_trigger_ui.py
[2024-03-03T08:17:26.722+0000] {processor.py:830} INFO - Processing file /home/airflow/.local/lib/python3.11/site-packages/airflow/example_dags/example_params_trigger_ui.py for tasks to queue
[2024-03-03T08:17:26.724+0000] {logging_mixin.py:188} INFO - [2024-03-03T08:17:26.724+0000] {dagbag.py:540} INFO - Filling up the DagBag from /home/airflow/.local/lib/python3.11/site-packages/airflow/example_dags/example_params_trigger_ui.py
[2024-03-03T08:17:26.739+0000] {processor.py:840} INFO - DAG(s) 'example_params_trigger_ui' retrieved from /home/airflow/.local/lib/python3.11/site-packages/airflow/example_dags/example_params_trigger_ui.py
[2024-03-03T08:17:26.776+0000] {logging_mixin.py:188} INFO - [2024-03-03T08:17:26.776+0000] {dag.py:3047} INFO - Sync 1 DAGs
[2024-03-03T08:17:26.787+0000] {logging_mixin.py:188} INFO - [2024-03-03T08:17:26.787+0000] {dag.py:3834} INFO - Setting next_dagrun for example_params_trigger_ui to None, run_after=None
[2024-03-03T08:17:26.804+0000] {processor.py:183} INFO - Processing /home/airflow/.local/lib/python3.11/site-packages/airflow/example_dags/example_params_trigger_ui.py took 0.086 seconds
[2024-03-03T08:17:57.060+0000] {processor.py:161} INFO - Started process (PID=928) to work on /home/airflow/.local/lib/python3.11/site-packages/airflow/example_dags/example_params_trigger_ui.py
[2024-03-03T08:17:57.061+0000] {processor.py:830} INFO - Processing file /home/airflow/.local/lib/python3.11/site-packages/airflow/example_dags/example_params_trigger_ui.py for tasks to queue
[2024-03-03T08:17:57.064+0000] {logging_mixin.py:188} INFO - [2024-03-03T08:17:57.063+0000] {dagbag.py:540} INFO - Filling up the DagBag from /home/airflow/.local/lib/python3.11/site-packages/airflow/example_dags/example_params_trigger_ui.py
[2024-03-03T08:17:57.080+0000] {processor.py:840} INFO - DAG(s) 'example_params_trigger_ui' retrieved from /home/airflow/.local/lib/python3.11/site-packages/airflow/example_dags/example_params_trigger_ui.py
[2024-03-03T08:17:57.117+0000] {logging_mixin.py:188} INFO - [2024-03-03T08:17:57.117+0000] {dag.py:3047} INFO - Sync 1 DAGs
[2024-03-03T08:17:57.128+0000] {logging_mixin.py:188} INFO - [2024-03-03T08:17:57.128+0000] {dag.py:3834} INFO - Setting next_dagrun for example_params_trigger_ui to None, run_after=None
[2024-03-03T08:17:57.145+0000] {processor.py:183} INFO - Processing /home/airflow/.local/lib/python3.11/site-packages/airflow/example_dags/example_params_trigger_ui.py took 0.088 seconds
