[2024-03-03T08:09:47.709+0000] {processor.py:161} INFO - Started process (PID=33) to work on /home/airflow/.local/lib/python3.11/site-packages/airflow/example_dags/example_kubernetes_executor.py
[2024-03-03T08:09:47.710+0000] {processor.py:830} INFO - Processing file /home/airflow/.local/lib/python3.11/site-packages/airflow/example_dags/example_kubernetes_executor.py for tasks to queue
[2024-03-03T08:09:47.712+0000] {logging_mixin.py:188} INFO - [2024-03-03T08:09:47.712+0000] {dagbag.py:540} INFO - Filling up the DagBag from /home/airflow/.local/lib/python3.11/site-packages/airflow/example_dags/example_kubernetes_executor.py
[2024-03-03T08:09:47.733+0000] {processor.py:840} INFO - DAG(s) 'example_kubernetes_executor' retrieved from /home/airflow/.local/lib/python3.11/site-packages/airflow/example_dags/example_kubernetes_executor.py
[2024-03-03T08:09:47.856+0000] {logging_mixin.py:188} INFO - [2024-03-03T08:09:47.855+0000] {override.py:1769} INFO - Created Permission View: can edit on DAG:example_kubernetes_executor
[2024-03-03T08:09:47.866+0000] {logging_mixin.py:188} INFO - [2024-03-03T08:09:47.866+0000] {override.py:1769} INFO - Created Permission View: can read on DAG:example_kubernetes_executor
[2024-03-03T08:09:47.873+0000] {logging_mixin.py:188} INFO - [2024-03-03T08:09:47.873+0000] {override.py:1769} INFO - Created Permission View: can delete on DAG:example_kubernetes_executor
[2024-03-03T08:09:47.874+0000] {logging_mixin.py:188} INFO - [2024-03-03T08:09:47.874+0000] {dag.py:3047} INFO - Sync 1 DAGs
[2024-03-03T08:09:47.885+0000] {logging_mixin.py:188} INFO - [2024-03-03T08:09:47.885+0000] {dag.py:3069} INFO - Creating ORM DAG for example_kubernetes_executor
[2024-03-03T08:09:47.886+0000] {logging_mixin.py:188} INFO - [2024-03-03T08:09:47.886+0000] {dag.py:3834} INFO - Setting next_dagrun for example_kubernetes_executor to None, run_after=None
[2024-03-03T08:09:47.902+0000] {processor.py:183} INFO - Processing /home/airflow/.local/lib/python3.11/site-packages/airflow/example_dags/example_kubernetes_executor.py took 0.197 seconds
[2024-03-03T08:10:18.349+0000] {processor.py:161} INFO - Started process (PID=88) to work on /home/airflow/.local/lib/python3.11/site-packages/airflow/example_dags/example_kubernetes_executor.py
[2024-03-03T08:10:18.350+0000] {processor.py:830} INFO - Processing file /home/airflow/.local/lib/python3.11/site-packages/airflow/example_dags/example_kubernetes_executor.py for tasks to queue
[2024-03-03T08:10:18.352+0000] {logging_mixin.py:188} INFO - [2024-03-03T08:10:18.352+0000] {dagbag.py:540} INFO - Filling up the DagBag from /home/airflow/.local/lib/python3.11/site-packages/airflow/example_dags/example_kubernetes_executor.py
[2024-03-03T08:10:18.364+0000] {processor.py:840} INFO - DAG(s) 'example_kubernetes_executor' retrieved from /home/airflow/.local/lib/python3.11/site-packages/airflow/example_dags/example_kubernetes_executor.py
[2024-03-03T08:10:18.396+0000] {logging_mixin.py:188} INFO - [2024-03-03T08:10:18.395+0000] {dag.py:3047} INFO - Sync 1 DAGs
[2024-03-03T08:10:18.406+0000] {logging_mixin.py:188} INFO - [2024-03-03T08:10:18.406+0000] {dag.py:3834} INFO - Setting next_dagrun for example_kubernetes_executor to None, run_after=None
[2024-03-03T08:10:18.425+0000] {processor.py:183} INFO - Processing /home/airflow/.local/lib/python3.11/site-packages/airflow/example_dags/example_kubernetes_executor.py took 0.079 seconds
[2024-03-03T08:10:48.742+0000] {processor.py:161} INFO - Started process (PID=143) to work on /home/airflow/.local/lib/python3.11/site-packages/airflow/example_dags/example_kubernetes_executor.py
[2024-03-03T08:10:48.743+0000] {processor.py:830} INFO - Processing file /home/airflow/.local/lib/python3.11/site-packages/airflow/example_dags/example_kubernetes_executor.py for tasks to queue
[2024-03-03T08:10:48.745+0000] {logging_mixin.py:188} INFO - [2024-03-03T08:10:48.745+0000] {dagbag.py:540} INFO - Filling up the DagBag from /home/airflow/.local/lib/python3.11/site-packages/airflow/example_dags/example_kubernetes_executor.py
[2024-03-03T08:10:48.761+0000] {processor.py:840} INFO - DAG(s) 'example_kubernetes_executor' retrieved from /home/airflow/.local/lib/python3.11/site-packages/airflow/example_dags/example_kubernetes_executor.py
[2024-03-03T08:10:48.794+0000] {logging_mixin.py:188} INFO - [2024-03-03T08:10:48.794+0000] {dag.py:3047} INFO - Sync 1 DAGs
[2024-03-03T08:10:48.807+0000] {logging_mixin.py:188} INFO - [2024-03-03T08:10:48.807+0000] {dag.py:3834} INFO - Setting next_dagrun for example_kubernetes_executor to None, run_after=None
[2024-03-03T08:10:48.824+0000] {processor.py:183} INFO - Processing /home/airflow/.local/lib/python3.11/site-packages/airflow/example_dags/example_kubernetes_executor.py took 0.085 seconds
[2024-03-03T08:11:19.171+0000] {processor.py:161} INFO - Started process (PID=198) to work on /home/airflow/.local/lib/python3.11/site-packages/airflow/example_dags/example_kubernetes_executor.py
[2024-03-03T08:11:19.173+0000] {processor.py:830} INFO - Processing file /home/airflow/.local/lib/python3.11/site-packages/airflow/example_dags/example_kubernetes_executor.py for tasks to queue
[2024-03-03T08:11:19.175+0000] {logging_mixin.py:188} INFO - [2024-03-03T08:11:19.174+0000] {dagbag.py:540} INFO - Filling up the DagBag from /home/airflow/.local/lib/python3.11/site-packages/airflow/example_dags/example_kubernetes_executor.py
[2024-03-03T08:11:19.187+0000] {processor.py:840} INFO - DAG(s) 'example_kubernetes_executor' retrieved from /home/airflow/.local/lib/python3.11/site-packages/airflow/example_dags/example_kubernetes_executor.py
[2024-03-03T08:11:19.223+0000] {logging_mixin.py:188} INFO - [2024-03-03T08:11:19.223+0000] {dag.py:3047} INFO - Sync 1 DAGs
[2024-03-03T08:11:19.238+0000] {logging_mixin.py:188} INFO - [2024-03-03T08:11:19.238+0000] {dag.py:3834} INFO - Setting next_dagrun for example_kubernetes_executor to None, run_after=None
[2024-03-03T08:11:19.257+0000] {processor.py:183} INFO - Processing /home/airflow/.local/lib/python3.11/site-packages/airflow/example_dags/example_kubernetes_executor.py took 0.089 seconds
[2024-03-03T08:11:49.820+0000] {processor.py:161} INFO - Started process (PID=253) to work on /home/airflow/.local/lib/python3.11/site-packages/airflow/example_dags/example_kubernetes_executor.py
[2024-03-03T08:11:49.821+0000] {processor.py:830} INFO - Processing file /home/airflow/.local/lib/python3.11/site-packages/airflow/example_dags/example_kubernetes_executor.py for tasks to queue
[2024-03-03T08:11:49.823+0000] {logging_mixin.py:188} INFO - [2024-03-03T08:11:49.823+0000] {dagbag.py:540} INFO - Filling up the DagBag from /home/airflow/.local/lib/python3.11/site-packages/airflow/example_dags/example_kubernetes_executor.py
[2024-03-03T08:11:49.835+0000] {processor.py:840} INFO - DAG(s) 'example_kubernetes_executor' retrieved from /home/airflow/.local/lib/python3.11/site-packages/airflow/example_dags/example_kubernetes_executor.py
[2024-03-03T08:11:49.868+0000] {logging_mixin.py:188} INFO - [2024-03-03T08:11:49.868+0000] {dag.py:3047} INFO - Sync 1 DAGs
[2024-03-03T08:11:49.881+0000] {logging_mixin.py:188} INFO - [2024-03-03T08:11:49.880+0000] {dag.py:3834} INFO - Setting next_dagrun for example_kubernetes_executor to None, run_after=None
[2024-03-03T08:11:49.899+0000] {processor.py:183} INFO - Processing /home/airflow/.local/lib/python3.11/site-packages/airflow/example_dags/example_kubernetes_executor.py took 0.082 seconds
[2024-03-03T08:12:20.286+0000] {processor.py:161} INFO - Started process (PID=308) to work on /home/airflow/.local/lib/python3.11/site-packages/airflow/example_dags/example_kubernetes_executor.py
[2024-03-03T08:12:20.287+0000] {processor.py:830} INFO - Processing file /home/airflow/.local/lib/python3.11/site-packages/airflow/example_dags/example_kubernetes_executor.py for tasks to queue
[2024-03-03T08:12:20.289+0000] {logging_mixin.py:188} INFO - [2024-03-03T08:12:20.289+0000] {dagbag.py:540} INFO - Filling up the DagBag from /home/airflow/.local/lib/python3.11/site-packages/airflow/example_dags/example_kubernetes_executor.py
[2024-03-03T08:12:20.304+0000] {processor.py:840} INFO - DAG(s) 'example_kubernetes_executor' retrieved from /home/airflow/.local/lib/python3.11/site-packages/airflow/example_dags/example_kubernetes_executor.py
[2024-03-03T08:12:20.345+0000] {logging_mixin.py:188} INFO - [2024-03-03T08:12:20.345+0000] {dag.py:3047} INFO - Sync 1 DAGs
[2024-03-03T08:12:20.359+0000] {logging_mixin.py:188} INFO - [2024-03-03T08:12:20.358+0000] {dag.py:3834} INFO - Setting next_dagrun for example_kubernetes_executor to None, run_after=None
[2024-03-03T08:12:20.381+0000] {processor.py:183} INFO - Processing /home/airflow/.local/lib/python3.11/site-packages/airflow/example_dags/example_kubernetes_executor.py took 0.099 seconds
[2024-03-03T08:12:50.915+0000] {processor.py:161} INFO - Started process (PID=363) to work on /home/airflow/.local/lib/python3.11/site-packages/airflow/example_dags/example_kubernetes_executor.py
[2024-03-03T08:12:50.917+0000] {processor.py:830} INFO - Processing file /home/airflow/.local/lib/python3.11/site-packages/airflow/example_dags/example_kubernetes_executor.py for tasks to queue
[2024-03-03T08:12:50.920+0000] {logging_mixin.py:188} INFO - [2024-03-03T08:12:50.919+0000] {dagbag.py:540} INFO - Filling up the DagBag from /home/airflow/.local/lib/python3.11/site-packages/airflow/example_dags/example_kubernetes_executor.py
[2024-03-03T08:12:50.937+0000] {processor.py:840} INFO - DAG(s) 'example_kubernetes_executor' retrieved from /home/airflow/.local/lib/python3.11/site-packages/airflow/example_dags/example_kubernetes_executor.py
[2024-03-03T08:12:50.983+0000] {logging_mixin.py:188} INFO - [2024-03-03T08:12:50.983+0000] {dag.py:3047} INFO - Sync 1 DAGs
[2024-03-03T08:12:51.000+0000] {logging_mixin.py:188} INFO - [2024-03-03T08:12:51.000+0000] {dag.py:3834} INFO - Setting next_dagrun for example_kubernetes_executor to None, run_after=None
[2024-03-03T08:12:51.024+0000] {processor.py:183} INFO - Processing /home/airflow/.local/lib/python3.11/site-packages/airflow/example_dags/example_kubernetes_executor.py took 0.113 seconds
[2024-03-03T08:13:21.421+0000] {processor.py:161} INFO - Started process (PID=418) to work on /home/airflow/.local/lib/python3.11/site-packages/airflow/example_dags/example_kubernetes_executor.py
[2024-03-03T08:13:21.422+0000] {processor.py:830} INFO - Processing file /home/airflow/.local/lib/python3.11/site-packages/airflow/example_dags/example_kubernetes_executor.py for tasks to queue
[2024-03-03T08:13:21.425+0000] {logging_mixin.py:188} INFO - [2024-03-03T08:13:21.424+0000] {dagbag.py:540} INFO - Filling up the DagBag from /home/airflow/.local/lib/python3.11/site-packages/airflow/example_dags/example_kubernetes_executor.py
[2024-03-03T08:13:21.437+0000] {processor.py:840} INFO - DAG(s) 'example_kubernetes_executor' retrieved from /home/airflow/.local/lib/python3.11/site-packages/airflow/example_dags/example_kubernetes_executor.py
[2024-03-03T08:13:21.471+0000] {logging_mixin.py:188} INFO - [2024-03-03T08:13:21.471+0000] {dag.py:3047} INFO - Sync 1 DAGs
[2024-03-03T08:13:21.482+0000] {logging_mixin.py:188} INFO - [2024-03-03T08:13:21.482+0000] {dag.py:3834} INFO - Setting next_dagrun for example_kubernetes_executor to None, run_after=None
[2024-03-03T08:13:21.502+0000] {processor.py:183} INFO - Processing /home/airflow/.local/lib/python3.11/site-packages/airflow/example_dags/example_kubernetes_executor.py took 0.084 seconds
[2024-03-03T08:13:52.111+0000] {processor.py:161} INFO - Started process (PID=473) to work on /home/airflow/.local/lib/python3.11/site-packages/airflow/example_dags/example_kubernetes_executor.py
[2024-03-03T08:13:52.112+0000] {processor.py:830} INFO - Processing file /home/airflow/.local/lib/python3.11/site-packages/airflow/example_dags/example_kubernetes_executor.py for tasks to queue
[2024-03-03T08:13:52.115+0000] {logging_mixin.py:188} INFO - [2024-03-03T08:13:52.114+0000] {dagbag.py:540} INFO - Filling up the DagBag from /home/airflow/.local/lib/python3.11/site-packages/airflow/example_dags/example_kubernetes_executor.py
[2024-03-03T08:13:52.130+0000] {processor.py:840} INFO - DAG(s) 'example_kubernetes_executor' retrieved from /home/airflow/.local/lib/python3.11/site-packages/airflow/example_dags/example_kubernetes_executor.py
[2024-03-03T08:13:52.167+0000] {logging_mixin.py:188} INFO - [2024-03-03T08:13:52.166+0000] {dag.py:3047} INFO - Sync 1 DAGs
[2024-03-03T08:13:52.182+0000] {logging_mixin.py:188} INFO - [2024-03-03T08:13:52.181+0000] {dag.py:3834} INFO - Setting next_dagrun for example_kubernetes_executor to None, run_after=None
[2024-03-03T08:13:52.202+0000] {processor.py:183} INFO - Processing /home/airflow/.local/lib/python3.11/site-packages/airflow/example_dags/example_kubernetes_executor.py took 0.095 seconds
[2024-03-03T08:14:22.274+0000] {processor.py:161} INFO - Started process (PID=536) to work on /home/airflow/.local/lib/python3.11/site-packages/airflow/example_dags/example_kubernetes_executor.py
[2024-03-03T08:14:22.275+0000] {processor.py:830} INFO - Processing file /home/airflow/.local/lib/python3.11/site-packages/airflow/example_dags/example_kubernetes_executor.py for tasks to queue
[2024-03-03T08:14:22.277+0000] {logging_mixin.py:188} INFO - [2024-03-03T08:14:22.277+0000] {dagbag.py:540} INFO - Filling up the DagBag from /home/airflow/.local/lib/python3.11/site-packages/airflow/example_dags/example_kubernetes_executor.py
[2024-03-03T08:14:22.290+0000] {processor.py:840} INFO - DAG(s) 'example_kubernetes_executor' retrieved from /home/airflow/.local/lib/python3.11/site-packages/airflow/example_dags/example_kubernetes_executor.py
[2024-03-03T08:14:22.351+0000] {logging_mixin.py:188} INFO - [2024-03-03T08:14:22.351+0000] {dag.py:3047} INFO - Sync 1 DAGs
[2024-03-03T08:14:22.362+0000] {logging_mixin.py:188} INFO - [2024-03-03T08:14:22.362+0000] {dag.py:3834} INFO - Setting next_dagrun for example_kubernetes_executor to None, run_after=None
[2024-03-03T08:14:22.380+0000] {processor.py:183} INFO - Processing /home/airflow/.local/lib/python3.11/site-packages/airflow/example_dags/example_kubernetes_executor.py took 0.110 seconds
[2024-03-03T08:14:52.979+0000] {processor.py:161} INFO - Started process (PID=592) to work on /home/airflow/.local/lib/python3.11/site-packages/airflow/example_dags/example_kubernetes_executor.py
[2024-03-03T08:14:52.980+0000] {processor.py:830} INFO - Processing file /home/airflow/.local/lib/python3.11/site-packages/airflow/example_dags/example_kubernetes_executor.py for tasks to queue
[2024-03-03T08:14:52.983+0000] {logging_mixin.py:188} INFO - [2024-03-03T08:14:52.983+0000] {dagbag.py:540} INFO - Filling up the DagBag from /home/airflow/.local/lib/python3.11/site-packages/airflow/example_dags/example_kubernetes_executor.py
[2024-03-03T08:14:52.999+0000] {processor.py:840} INFO - DAG(s) 'example_kubernetes_executor' retrieved from /home/airflow/.local/lib/python3.11/site-packages/airflow/example_dags/example_kubernetes_executor.py
[2024-03-03T08:14:53.036+0000] {logging_mixin.py:188} INFO - [2024-03-03T08:14:53.036+0000] {dag.py:3047} INFO - Sync 1 DAGs
[2024-03-03T08:14:53.051+0000] {logging_mixin.py:188} INFO - [2024-03-03T08:14:53.050+0000] {dag.py:3834} INFO - Setting next_dagrun for example_kubernetes_executor to None, run_after=None
[2024-03-03T08:14:53.071+0000] {processor.py:183} INFO - Processing /home/airflow/.local/lib/python3.11/site-packages/airflow/example_dags/example_kubernetes_executor.py took 0.096 seconds
[2024-03-03T08:15:23.704+0000] {processor.py:161} INFO - Started process (PID=648) to work on /home/airflow/.local/lib/python3.11/site-packages/airflow/example_dags/example_kubernetes_executor.py
[2024-03-03T08:15:23.705+0000] {processor.py:830} INFO - Processing file /home/airflow/.local/lib/python3.11/site-packages/airflow/example_dags/example_kubernetes_executor.py for tasks to queue
[2024-03-03T08:15:23.707+0000] {logging_mixin.py:188} INFO - [2024-03-03T08:15:23.706+0000] {dagbag.py:540} INFO - Filling up the DagBag from /home/airflow/.local/lib/python3.11/site-packages/airflow/example_dags/example_kubernetes_executor.py
[2024-03-03T08:15:23.723+0000] {processor.py:840} INFO - DAG(s) 'example_kubernetes_executor' retrieved from /home/airflow/.local/lib/python3.11/site-packages/airflow/example_dags/example_kubernetes_executor.py
[2024-03-03T08:15:23.771+0000] {logging_mixin.py:188} INFO - [2024-03-03T08:15:23.771+0000] {dag.py:3047} INFO - Sync 1 DAGs
[2024-03-03T08:15:23.786+0000] {logging_mixin.py:188} INFO - [2024-03-03T08:15:23.785+0000] {dag.py:3834} INFO - Setting next_dagrun for example_kubernetes_executor to None, run_after=None
[2024-03-03T08:15:23.806+0000] {processor.py:183} INFO - Processing /home/airflow/.local/lib/python3.11/site-packages/airflow/example_dags/example_kubernetes_executor.py took 0.105 seconds
[2024-03-03T08:15:54.650+0000] {processor.py:161} INFO - Started process (PID=704) to work on /home/airflow/.local/lib/python3.11/site-packages/airflow/example_dags/example_kubernetes_executor.py
[2024-03-03T08:15:54.652+0000] {processor.py:830} INFO - Processing file /home/airflow/.local/lib/python3.11/site-packages/airflow/example_dags/example_kubernetes_executor.py for tasks to queue
[2024-03-03T08:15:54.655+0000] {logging_mixin.py:188} INFO - [2024-03-03T08:15:54.654+0000] {dagbag.py:540} INFO - Filling up the DagBag from /home/airflow/.local/lib/python3.11/site-packages/airflow/example_dags/example_kubernetes_executor.py
[2024-03-03T08:15:54.668+0000] {processor.py:840} INFO - DAG(s) 'example_kubernetes_executor' retrieved from /home/airflow/.local/lib/python3.11/site-packages/airflow/example_dags/example_kubernetes_executor.py
[2024-03-03T08:15:54.712+0000] {logging_mixin.py:188} INFO - [2024-03-03T08:15:54.712+0000] {dag.py:3047} INFO - Sync 1 DAGs
[2024-03-03T08:15:54.724+0000] {logging_mixin.py:188} INFO - [2024-03-03T08:15:54.724+0000] {dag.py:3834} INFO - Setting next_dagrun for example_kubernetes_executor to None, run_after=None
[2024-03-03T08:15:54.741+0000] {processor.py:183} INFO - Processing /home/airflow/.local/lib/python3.11/site-packages/airflow/example_dags/example_kubernetes_executor.py took 0.095 seconds
[2024-03-03T08:16:25.286+0000] {processor.py:161} INFO - Started process (PID=760) to work on /home/airflow/.local/lib/python3.11/site-packages/airflow/example_dags/example_kubernetes_executor.py
[2024-03-03T08:16:25.287+0000] {processor.py:830} INFO - Processing file /home/airflow/.local/lib/python3.11/site-packages/airflow/example_dags/example_kubernetes_executor.py for tasks to queue
[2024-03-03T08:16:25.289+0000] {logging_mixin.py:188} INFO - [2024-03-03T08:16:25.289+0000] {dagbag.py:540} INFO - Filling up the DagBag from /home/airflow/.local/lib/python3.11/site-packages/airflow/example_dags/example_kubernetes_executor.py
[2024-03-03T08:16:25.306+0000] {processor.py:840} INFO - DAG(s) 'example_kubernetes_executor' retrieved from /home/airflow/.local/lib/python3.11/site-packages/airflow/example_dags/example_kubernetes_executor.py
[2024-03-03T08:16:25.347+0000] {logging_mixin.py:188} INFO - [2024-03-03T08:16:25.347+0000] {dag.py:3047} INFO - Sync 1 DAGs
[2024-03-03T08:16:25.359+0000] {logging_mixin.py:188} INFO - [2024-03-03T08:16:25.359+0000] {dag.py:3834} INFO - Setting next_dagrun for example_kubernetes_executor to None, run_after=None
[2024-03-03T08:16:25.378+0000] {processor.py:183} INFO - Processing /home/airflow/.local/lib/python3.11/site-packages/airflow/example_dags/example_kubernetes_executor.py took 0.097 seconds
[2024-03-03T08:16:56.102+0000] {processor.py:161} INFO - Started process (PID=816) to work on /home/airflow/.local/lib/python3.11/site-packages/airflow/example_dags/example_kubernetes_executor.py
[2024-03-03T08:16:56.103+0000] {processor.py:830} INFO - Processing file /home/airflow/.local/lib/python3.11/site-packages/airflow/example_dags/example_kubernetes_executor.py for tasks to queue
[2024-03-03T08:16:56.105+0000] {logging_mixin.py:188} INFO - [2024-03-03T08:16:56.105+0000] {dagbag.py:540} INFO - Filling up the DagBag from /home/airflow/.local/lib/python3.11/site-packages/airflow/example_dags/example_kubernetes_executor.py
[2024-03-03T08:16:56.118+0000] {processor.py:840} INFO - DAG(s) 'example_kubernetes_executor' retrieved from /home/airflow/.local/lib/python3.11/site-packages/airflow/example_dags/example_kubernetes_executor.py
[2024-03-03T08:16:56.158+0000] {logging_mixin.py:188} INFO - [2024-03-03T08:16:56.157+0000] {dag.py:3047} INFO - Sync 1 DAGs
[2024-03-03T08:16:56.171+0000] {logging_mixin.py:188} INFO - [2024-03-03T08:16:56.171+0000] {dag.py:3834} INFO - Setting next_dagrun for example_kubernetes_executor to None, run_after=None
[2024-03-03T08:16:56.193+0000] {processor.py:183} INFO - Processing /home/airflow/.local/lib/python3.11/site-packages/airflow/example_dags/example_kubernetes_executor.py took 0.094 seconds
[2024-03-03T08:17:26.654+0000] {processor.py:161} INFO - Started process (PID=872) to work on /home/airflow/.local/lib/python3.11/site-packages/airflow/example_dags/example_kubernetes_executor.py
[2024-03-03T08:17:26.655+0000] {processor.py:830} INFO - Processing file /home/airflow/.local/lib/python3.11/site-packages/airflow/example_dags/example_kubernetes_executor.py for tasks to queue
[2024-03-03T08:17:26.657+0000] {logging_mixin.py:188} INFO - [2024-03-03T08:17:26.657+0000] {dagbag.py:540} INFO - Filling up the DagBag from /home/airflow/.local/lib/python3.11/site-packages/airflow/example_dags/example_kubernetes_executor.py
[2024-03-03T08:17:26.669+0000] {processor.py:840} INFO - DAG(s) 'example_kubernetes_executor' retrieved from /home/airflow/.local/lib/python3.11/site-packages/airflow/example_dags/example_kubernetes_executor.py
[2024-03-03T08:17:26.702+0000] {logging_mixin.py:188} INFO - [2024-03-03T08:17:26.702+0000] {dag.py:3047} INFO - Sync 1 DAGs
[2024-03-03T08:17:26.713+0000] {logging_mixin.py:188} INFO - [2024-03-03T08:17:26.713+0000] {dag.py:3834} INFO - Setting next_dagrun for example_kubernetes_executor to None, run_after=None
[2024-03-03T08:17:26.734+0000] {processor.py:183} INFO - Processing /home/airflow/.local/lib/python3.11/site-packages/airflow/example_dags/example_kubernetes_executor.py took 0.083 seconds
[2024-03-03T08:17:56.996+0000] {processor.py:161} INFO - Started process (PID=927) to work on /home/airflow/.local/lib/python3.11/site-packages/airflow/example_dags/example_kubernetes_executor.py
[2024-03-03T08:17:56.997+0000] {processor.py:830} INFO - Processing file /home/airflow/.local/lib/python3.11/site-packages/airflow/example_dags/example_kubernetes_executor.py for tasks to queue
[2024-03-03T08:17:56.998+0000] {logging_mixin.py:188} INFO - [2024-03-03T08:17:56.997+0000] {dagbag.py:540} INFO - Filling up the DagBag from /home/airflow/.local/lib/python3.11/site-packages/airflow/example_dags/example_kubernetes_executor.py
[2024-03-03T08:17:57.014+0000] {processor.py:840} INFO - DAG(s) 'example_kubernetes_executor' retrieved from /home/airflow/.local/lib/python3.11/site-packages/airflow/example_dags/example_kubernetes_executor.py
[2024-03-03T08:17:57.050+0000] {logging_mixin.py:188} INFO - [2024-03-03T08:17:57.050+0000] {dag.py:3047} INFO - Sync 1 DAGs
[2024-03-03T08:17:57.061+0000] {logging_mixin.py:188} INFO - [2024-03-03T08:17:57.061+0000] {dag.py:3834} INFO - Setting next_dagrun for example_kubernetes_executor to None, run_after=None
[2024-03-03T08:17:57.078+0000] {processor.py:183} INFO - Processing /home/airflow/.local/lib/python3.11/site-packages/airflow/example_dags/example_kubernetes_executor.py took 0.087 seconds
