[2024-03-03T08:09:49.763+0000] {processor.py:161} INFO - Started process (PID=48) to work on /home/airflow/.local/lib/python3.11/site-packages/airflow/example_dags/example_external_task_marker_dag.py
[2024-03-03T08:09:49.765+0000] {processor.py:830} INFO - Processing file /home/airflow/.local/lib/python3.11/site-packages/airflow/example_dags/example_external_task_marker_dag.py for tasks to queue
[2024-03-03T08:09:49.769+0000] {logging_mixin.py:188} INFO - [2024-03-03T08:09:49.769+0000] {dagbag.py:540} INFO - Filling up the DagBag from /home/airflow/.local/lib/python3.11/site-packages/airflow/example_dags/example_external_task_marker_dag.py
[2024-03-03T08:09:49.789+0000] {processor.py:840} INFO - DAG(s) 'example_external_task_marker_child', 'example_external_task_marker_parent' retrieved from /home/airflow/.local/lib/python3.11/site-packages/airflow/example_dags/example_external_task_marker_dag.py
[2024-03-03T08:09:49.927+0000] {logging_mixin.py:188} INFO - [2024-03-03T08:09:49.926+0000] {override.py:1769} INFO - Created Permission View: can edit on DAG:example_external_task_marker_child
[2024-03-03T08:09:49.939+0000] {logging_mixin.py:188} INFO - [2024-03-03T08:09:49.939+0000] {override.py:1769} INFO - Created Permission View: can read on DAG:example_external_task_marker_child
[2024-03-03T08:09:49.947+0000] {logging_mixin.py:188} INFO - [2024-03-03T08:09:49.946+0000] {override.py:1769} INFO - Created Permission View: can delete on DAG:example_external_task_marker_child
[2024-03-03T08:09:49.963+0000] {logging_mixin.py:188} INFO - [2024-03-03T08:09:49.962+0000] {override.py:1769} INFO - Created Permission View: can edit on DAG:example_external_task_marker_parent
[2024-03-03T08:09:49.970+0000] {logging_mixin.py:188} INFO - [2024-03-03T08:09:49.970+0000] {override.py:1769} INFO - Created Permission View: can read on DAG:example_external_task_marker_parent
[2024-03-03T08:09:49.979+0000] {logging_mixin.py:188} INFO - [2024-03-03T08:09:49.978+0000] {override.py:1769} INFO - Created Permission View: can delete on DAG:example_external_task_marker_parent
[2024-03-03T08:09:49.979+0000] {logging_mixin.py:188} INFO - [2024-03-03T08:09:49.979+0000] {dag.py:3047} INFO - Sync 2 DAGs
[2024-03-03T08:09:49.992+0000] {logging_mixin.py:188} INFO - [2024-03-03T08:09:49.992+0000] {dag.py:3069} INFO - Creating ORM DAG for example_external_task_marker_child
[2024-03-03T08:09:49.993+0000] {logging_mixin.py:188} INFO - [2024-03-03T08:09:49.992+0000] {dag.py:3069} INFO - Creating ORM DAG for example_external_task_marker_parent
[2024-03-03T08:09:49.994+0000] {logging_mixin.py:188} INFO - [2024-03-03T08:09:49.994+0000] {dag.py:3834} INFO - Setting next_dagrun for example_external_task_marker_child to None, run_after=None
[2024-03-03T08:09:49.995+0000] {logging_mixin.py:188} INFO - [2024-03-03T08:09:49.995+0000] {dag.py:3834} INFO - Setting next_dagrun for example_external_task_marker_parent to None, run_after=None
[2024-03-03T08:09:50.023+0000] {processor.py:183} INFO - Processing /home/airflow/.local/lib/python3.11/site-packages/airflow/example_dags/example_external_task_marker_dag.py took 0.267 seconds
[2024-03-03T08:10:20.067+0000] {processor.py:161} INFO - Started process (PID=103) to work on /home/airflow/.local/lib/python3.11/site-packages/airflow/example_dags/example_external_task_marker_dag.py
[2024-03-03T08:10:20.068+0000] {processor.py:830} INFO - Processing file /home/airflow/.local/lib/python3.11/site-packages/airflow/example_dags/example_external_task_marker_dag.py for tasks to queue
[2024-03-03T08:10:20.070+0000] {logging_mixin.py:188} INFO - [2024-03-03T08:10:20.070+0000] {dagbag.py:540} INFO - Filling up the DagBag from /home/airflow/.local/lib/python3.11/site-packages/airflow/example_dags/example_external_task_marker_dag.py
[2024-03-03T08:10:20.076+0000] {processor.py:840} INFO - DAG(s) 'example_external_task_marker_child', 'example_external_task_marker_parent' retrieved from /home/airflow/.local/lib/python3.11/site-packages/airflow/example_dags/example_external_task_marker_dag.py
[2024-03-03T08:10:20.099+0000] {logging_mixin.py:188} INFO - [2024-03-03T08:10:20.099+0000] {dag.py:3047} INFO - Sync 2 DAGs
[2024-03-03T08:10:20.112+0000] {logging_mixin.py:188} INFO - [2024-03-03T08:10:20.112+0000] {dag.py:3834} INFO - Setting next_dagrun for example_external_task_marker_child to None, run_after=None
[2024-03-03T08:10:20.116+0000] {logging_mixin.py:188} INFO - [2024-03-03T08:10:20.115+0000] {dag.py:3834} INFO - Setting next_dagrun for example_external_task_marker_parent to None, run_after=None
[2024-03-03T08:10:20.130+0000] {processor.py:183} INFO - Processing /home/airflow/.local/lib/python3.11/site-packages/airflow/example_dags/example_external_task_marker_dag.py took 0.065 seconds
[2024-03-03T08:10:50.525+0000] {processor.py:161} INFO - Started process (PID=158) to work on /home/airflow/.local/lib/python3.11/site-packages/airflow/example_dags/example_external_task_marker_dag.py
[2024-03-03T08:10:50.526+0000] {processor.py:830} INFO - Processing file /home/airflow/.local/lib/python3.11/site-packages/airflow/example_dags/example_external_task_marker_dag.py for tasks to queue
[2024-03-03T08:10:50.528+0000] {logging_mixin.py:188} INFO - [2024-03-03T08:10:50.528+0000] {dagbag.py:540} INFO - Filling up the DagBag from /home/airflow/.local/lib/python3.11/site-packages/airflow/example_dags/example_external_task_marker_dag.py
[2024-03-03T08:10:50.534+0000] {processor.py:840} INFO - DAG(s) 'example_external_task_marker_child', 'example_external_task_marker_parent' retrieved from /home/airflow/.local/lib/python3.11/site-packages/airflow/example_dags/example_external_task_marker_dag.py
[2024-03-03T08:10:50.552+0000] {logging_mixin.py:188} INFO - [2024-03-03T08:10:50.552+0000] {dag.py:3047} INFO - Sync 2 DAGs
[2024-03-03T08:10:50.562+0000] {logging_mixin.py:188} INFO - [2024-03-03T08:10:50.562+0000] {dag.py:3834} INFO - Setting next_dagrun for example_external_task_marker_child to None, run_after=None
[2024-03-03T08:10:50.566+0000] {logging_mixin.py:188} INFO - [2024-03-03T08:10:50.565+0000] {dag.py:3834} INFO - Setting next_dagrun for example_external_task_marker_parent to None, run_after=None
[2024-03-03T08:10:50.578+0000] {processor.py:183} INFO - Processing /home/airflow/.local/lib/python3.11/site-packages/airflow/example_dags/example_external_task_marker_dag.py took 0.058 seconds
[2024-03-03T08:11:20.985+0000] {processor.py:161} INFO - Started process (PID=213) to work on /home/airflow/.local/lib/python3.11/site-packages/airflow/example_dags/example_external_task_marker_dag.py
[2024-03-03T08:11:20.985+0000] {processor.py:830} INFO - Processing file /home/airflow/.local/lib/python3.11/site-packages/airflow/example_dags/example_external_task_marker_dag.py for tasks to queue
[2024-03-03T08:11:20.988+0000] {logging_mixin.py:188} INFO - [2024-03-03T08:11:20.987+0000] {dagbag.py:540} INFO - Filling up the DagBag from /home/airflow/.local/lib/python3.11/site-packages/airflow/example_dags/example_external_task_marker_dag.py
[2024-03-03T08:11:20.994+0000] {processor.py:840} INFO - DAG(s) 'example_external_task_marker_child', 'example_external_task_marker_parent' retrieved from /home/airflow/.local/lib/python3.11/site-packages/airflow/example_dags/example_external_task_marker_dag.py
[2024-03-03T08:11:21.015+0000] {logging_mixin.py:188} INFO - [2024-03-03T08:11:21.015+0000] {dag.py:3047} INFO - Sync 2 DAGs
[2024-03-03T08:11:21.026+0000] {logging_mixin.py:188} INFO - [2024-03-03T08:11:21.026+0000] {dag.py:3834} INFO - Setting next_dagrun for example_external_task_marker_child to None, run_after=None
[2024-03-03T08:11:21.030+0000] {logging_mixin.py:188} INFO - [2024-03-03T08:11:21.030+0000] {dag.py:3834} INFO - Setting next_dagrun for example_external_task_marker_parent to None, run_after=None
[2024-03-03T08:11:21.050+0000] {processor.py:183} INFO - Processing /home/airflow/.local/lib/python3.11/site-packages/airflow/example_dags/example_external_task_marker_dag.py took 0.068 seconds
[2024-03-03T08:11:51.637+0000] {processor.py:161} INFO - Started process (PID=268) to work on /home/airflow/.local/lib/python3.11/site-packages/airflow/example_dags/example_external_task_marker_dag.py
[2024-03-03T08:11:51.638+0000] {processor.py:830} INFO - Processing file /home/airflow/.local/lib/python3.11/site-packages/airflow/example_dags/example_external_task_marker_dag.py for tasks to queue
[2024-03-03T08:11:51.640+0000] {logging_mixin.py:188} INFO - [2024-03-03T08:11:51.640+0000] {dagbag.py:540} INFO - Filling up the DagBag from /home/airflow/.local/lib/python3.11/site-packages/airflow/example_dags/example_external_task_marker_dag.py
[2024-03-03T08:11:51.647+0000] {processor.py:840} INFO - DAG(s) 'example_external_task_marker_child', 'example_external_task_marker_parent' retrieved from /home/airflow/.local/lib/python3.11/site-packages/airflow/example_dags/example_external_task_marker_dag.py
[2024-03-03T08:11:51.667+0000] {logging_mixin.py:188} INFO - [2024-03-03T08:11:51.667+0000] {dag.py:3047} INFO - Sync 2 DAGs
[2024-03-03T08:11:51.679+0000] {logging_mixin.py:188} INFO - [2024-03-03T08:11:51.679+0000] {dag.py:3834} INFO - Setting next_dagrun for example_external_task_marker_child to None, run_after=None
[2024-03-03T08:11:51.682+0000] {logging_mixin.py:188} INFO - [2024-03-03T08:11:51.682+0000] {dag.py:3834} INFO - Setting next_dagrun for example_external_task_marker_parent to None, run_after=None
[2024-03-03T08:11:51.698+0000] {processor.py:183} INFO - Processing /home/airflow/.local/lib/python3.11/site-packages/airflow/example_dags/example_external_task_marker_dag.py took 0.064 seconds
[2024-03-03T08:12:22.157+0000] {processor.py:161} INFO - Started process (PID=323) to work on /home/airflow/.local/lib/python3.11/site-packages/airflow/example_dags/example_external_task_marker_dag.py
[2024-03-03T08:12:22.157+0000] {processor.py:830} INFO - Processing file /home/airflow/.local/lib/python3.11/site-packages/airflow/example_dags/example_external_task_marker_dag.py for tasks to queue
[2024-03-03T08:12:22.160+0000] {logging_mixin.py:188} INFO - [2024-03-03T08:12:22.159+0000] {dagbag.py:540} INFO - Filling up the DagBag from /home/airflow/.local/lib/python3.11/site-packages/airflow/example_dags/example_external_task_marker_dag.py
[2024-03-03T08:12:22.166+0000] {processor.py:840} INFO - DAG(s) 'example_external_task_marker_parent', 'example_external_task_marker_child' retrieved from /home/airflow/.local/lib/python3.11/site-packages/airflow/example_dags/example_external_task_marker_dag.py
[2024-03-03T08:12:22.190+0000] {logging_mixin.py:188} INFO - [2024-03-03T08:12:22.189+0000] {dag.py:3047} INFO - Sync 2 DAGs
[2024-03-03T08:12:22.201+0000] {logging_mixin.py:188} INFO - [2024-03-03T08:12:22.201+0000] {dag.py:3834} INFO - Setting next_dagrun for example_external_task_marker_child to None, run_after=None
[2024-03-03T08:12:22.205+0000] {logging_mixin.py:188} INFO - [2024-03-03T08:12:22.205+0000] {dag.py:3834} INFO - Setting next_dagrun for example_external_task_marker_parent to None, run_after=None
[2024-03-03T08:12:22.220+0000] {processor.py:183} INFO - Processing /home/airflow/.local/lib/python3.11/site-packages/airflow/example_dags/example_external_task_marker_dag.py took 0.066 seconds
[2024-03-03T08:12:52.745+0000] {processor.py:161} INFO - Started process (PID=378) to work on /home/airflow/.local/lib/python3.11/site-packages/airflow/example_dags/example_external_task_marker_dag.py
[2024-03-03T08:12:52.746+0000] {processor.py:830} INFO - Processing file /home/airflow/.local/lib/python3.11/site-packages/airflow/example_dags/example_external_task_marker_dag.py for tasks to queue
[2024-03-03T08:12:52.749+0000] {logging_mixin.py:188} INFO - [2024-03-03T08:12:52.748+0000] {dagbag.py:540} INFO - Filling up the DagBag from /home/airflow/.local/lib/python3.11/site-packages/airflow/example_dags/example_external_task_marker_dag.py
[2024-03-03T08:12:52.754+0000] {processor.py:840} INFO - DAG(s) 'example_external_task_marker_child', 'example_external_task_marker_parent' retrieved from /home/airflow/.local/lib/python3.11/site-packages/airflow/example_dags/example_external_task_marker_dag.py
[2024-03-03T08:12:52.775+0000] {logging_mixin.py:188} INFO - [2024-03-03T08:12:52.775+0000] {dag.py:3047} INFO - Sync 2 DAGs
[2024-03-03T08:12:52.788+0000] {logging_mixin.py:188} INFO - [2024-03-03T08:12:52.788+0000] {dag.py:3834} INFO - Setting next_dagrun for example_external_task_marker_child to None, run_after=None
[2024-03-03T08:12:52.792+0000] {logging_mixin.py:188} INFO - [2024-03-03T08:12:52.792+0000] {dag.py:3834} INFO - Setting next_dagrun for example_external_task_marker_parent to None, run_after=None
[2024-03-03T08:12:52.809+0000] {processor.py:183} INFO - Processing /home/airflow/.local/lib/python3.11/site-packages/airflow/example_dags/example_external_task_marker_dag.py took 0.068 seconds
[2024-03-03T08:13:23.237+0000] {processor.py:161} INFO - Started process (PID=433) to work on /home/airflow/.local/lib/python3.11/site-packages/airflow/example_dags/example_external_task_marker_dag.py
[2024-03-03T08:13:23.238+0000] {processor.py:830} INFO - Processing file /home/airflow/.local/lib/python3.11/site-packages/airflow/example_dags/example_external_task_marker_dag.py for tasks to queue
[2024-03-03T08:13:23.242+0000] {logging_mixin.py:188} INFO - [2024-03-03T08:13:23.242+0000] {dagbag.py:540} INFO - Filling up the DagBag from /home/airflow/.local/lib/python3.11/site-packages/airflow/example_dags/example_external_task_marker_dag.py
[2024-03-03T08:13:23.249+0000] {processor.py:840} INFO - DAG(s) 'example_external_task_marker_parent', 'example_external_task_marker_child' retrieved from /home/airflow/.local/lib/python3.11/site-packages/airflow/example_dags/example_external_task_marker_dag.py
[2024-03-03T08:13:23.270+0000] {logging_mixin.py:188} INFO - [2024-03-03T08:13:23.270+0000] {dag.py:3047} INFO - Sync 2 DAGs
[2024-03-03T08:13:23.282+0000] {logging_mixin.py:188} INFO - [2024-03-03T08:13:23.282+0000] {dag.py:3834} INFO - Setting next_dagrun for example_external_task_marker_child to None, run_after=None
[2024-03-03T08:13:23.286+0000] {logging_mixin.py:188} INFO - [2024-03-03T08:13:23.285+0000] {dag.py:3834} INFO - Setting next_dagrun for example_external_task_marker_parent to None, run_after=None
[2024-03-03T08:13:23.302+0000] {processor.py:183} INFO - Processing /home/airflow/.local/lib/python3.11/site-packages/airflow/example_dags/example_external_task_marker_dag.py took 0.069 seconds
[2024-03-03T08:13:54.006+0000] {processor.py:161} INFO - Started process (PID=488) to work on /home/airflow/.local/lib/python3.11/site-packages/airflow/example_dags/example_external_task_marker_dag.py
[2024-03-03T08:13:54.007+0000] {processor.py:830} INFO - Processing file /home/airflow/.local/lib/python3.11/site-packages/airflow/example_dags/example_external_task_marker_dag.py for tasks to queue
[2024-03-03T08:13:54.009+0000] {logging_mixin.py:188} INFO - [2024-03-03T08:13:54.009+0000] {dagbag.py:540} INFO - Filling up the DagBag from /home/airflow/.local/lib/python3.11/site-packages/airflow/example_dags/example_external_task_marker_dag.py
[2024-03-03T08:13:54.015+0000] {processor.py:840} INFO - DAG(s) 'example_external_task_marker_parent', 'example_external_task_marker_child' retrieved from /home/airflow/.local/lib/python3.11/site-packages/airflow/example_dags/example_external_task_marker_dag.py
[2024-03-03T08:13:54.037+0000] {logging_mixin.py:188} INFO - [2024-03-03T08:13:54.037+0000] {dag.py:3047} INFO - Sync 2 DAGs
[2024-03-03T08:13:54.052+0000] {logging_mixin.py:188} INFO - [2024-03-03T08:13:54.052+0000] {dag.py:3834} INFO - Setting next_dagrun for example_external_task_marker_child to None, run_after=None
[2024-03-03T08:13:54.056+0000] {logging_mixin.py:188} INFO - [2024-03-03T08:13:54.056+0000] {dag.py:3834} INFO - Setting next_dagrun for example_external_task_marker_parent to None, run_after=None
[2024-03-03T08:13:54.071+0000] {processor.py:183} INFO - Processing /home/airflow/.local/lib/python3.11/site-packages/airflow/example_dags/example_external_task_marker_dag.py took 0.069 seconds
[2024-03-03T08:14:24.164+0000] {processor.py:161} INFO - Started process (PID=551) to work on /home/airflow/.local/lib/python3.11/site-packages/airflow/example_dags/example_external_task_marker_dag.py
[2024-03-03T08:14:24.164+0000] {processor.py:830} INFO - Processing file /home/airflow/.local/lib/python3.11/site-packages/airflow/example_dags/example_external_task_marker_dag.py for tasks to queue
[2024-03-03T08:14:24.167+0000] {logging_mixin.py:188} INFO - [2024-03-03T08:14:24.167+0000] {dagbag.py:540} INFO - Filling up the DagBag from /home/airflow/.local/lib/python3.11/site-packages/airflow/example_dags/example_external_task_marker_dag.py
[2024-03-03T08:14:24.174+0000] {processor.py:840} INFO - DAG(s) 'example_external_task_marker_child', 'example_external_task_marker_parent' retrieved from /home/airflow/.local/lib/python3.11/site-packages/airflow/example_dags/example_external_task_marker_dag.py
[2024-03-03T08:14:24.198+0000] {logging_mixin.py:188} INFO - [2024-03-03T08:14:24.197+0000] {dag.py:3047} INFO - Sync 2 DAGs
[2024-03-03T08:14:24.213+0000] {logging_mixin.py:188} INFO - [2024-03-03T08:14:24.213+0000] {dag.py:3834} INFO - Setting next_dagrun for example_external_task_marker_child to None, run_after=None
[2024-03-03T08:14:24.218+0000] {logging_mixin.py:188} INFO - [2024-03-03T08:14:24.218+0000] {dag.py:3834} INFO - Setting next_dagrun for example_external_task_marker_parent to None, run_after=None
[2024-03-03T08:14:24.235+0000] {processor.py:183} INFO - Processing /home/airflow/.local/lib/python3.11/site-packages/airflow/example_dags/example_external_task_marker_dag.py took 0.075 seconds
[2024-03-03T08:14:54.826+0000] {processor.py:161} INFO - Started process (PID=607) to work on /home/airflow/.local/lib/python3.11/site-packages/airflow/example_dags/example_external_task_marker_dag.py
[2024-03-03T08:14:54.827+0000] {processor.py:830} INFO - Processing file /home/airflow/.local/lib/python3.11/site-packages/airflow/example_dags/example_external_task_marker_dag.py for tasks to queue
[2024-03-03T08:14:54.830+0000] {logging_mixin.py:188} INFO - [2024-03-03T08:14:54.830+0000] {dagbag.py:540} INFO - Filling up the DagBag from /home/airflow/.local/lib/python3.11/site-packages/airflow/example_dags/example_external_task_marker_dag.py
[2024-03-03T08:14:54.838+0000] {processor.py:840} INFO - DAG(s) 'example_external_task_marker_child', 'example_external_task_marker_parent' retrieved from /home/airflow/.local/lib/python3.11/site-packages/airflow/example_dags/example_external_task_marker_dag.py
[2024-03-03T08:14:54.861+0000] {logging_mixin.py:188} INFO - [2024-03-03T08:14:54.860+0000] {dag.py:3047} INFO - Sync 2 DAGs
[2024-03-03T08:14:54.872+0000] {logging_mixin.py:188} INFO - [2024-03-03T08:14:54.872+0000] {dag.py:3834} INFO - Setting next_dagrun for example_external_task_marker_child to None, run_after=None
[2024-03-03T08:14:54.876+0000] {logging_mixin.py:188} INFO - [2024-03-03T08:14:54.876+0000] {dag.py:3834} INFO - Setting next_dagrun for example_external_task_marker_parent to None, run_after=None
[2024-03-03T08:14:54.891+0000] {processor.py:183} INFO - Processing /home/airflow/.local/lib/python3.11/site-packages/airflow/example_dags/example_external_task_marker_dag.py took 0.069 seconds
[2024-03-03T08:15:25.636+0000] {processor.py:161} INFO - Started process (PID=663) to work on /home/airflow/.local/lib/python3.11/site-packages/airflow/example_dags/example_external_task_marker_dag.py
[2024-03-03T08:15:25.637+0000] {processor.py:830} INFO - Processing file /home/airflow/.local/lib/python3.11/site-packages/airflow/example_dags/example_external_task_marker_dag.py for tasks to queue
[2024-03-03T08:15:25.639+0000] {logging_mixin.py:188} INFO - [2024-03-03T08:15:25.639+0000] {dagbag.py:540} INFO - Filling up the DagBag from /home/airflow/.local/lib/python3.11/site-packages/airflow/example_dags/example_external_task_marker_dag.py
[2024-03-03T08:15:25.645+0000] {processor.py:840} INFO - DAG(s) 'example_external_task_marker_child', 'example_external_task_marker_parent' retrieved from /home/airflow/.local/lib/python3.11/site-packages/airflow/example_dags/example_external_task_marker_dag.py
[2024-03-03T08:15:25.671+0000] {logging_mixin.py:188} INFO - [2024-03-03T08:15:25.671+0000] {dag.py:3047} INFO - Sync 2 DAGs
[2024-03-03T08:15:25.684+0000] {logging_mixin.py:188} INFO - [2024-03-03T08:15:25.684+0000] {dag.py:3834} INFO - Setting next_dagrun for example_external_task_marker_child to None, run_after=None
[2024-03-03T08:15:25.689+0000] {logging_mixin.py:188} INFO - [2024-03-03T08:15:25.688+0000] {dag.py:3834} INFO - Setting next_dagrun for example_external_task_marker_parent to None, run_after=None
[2024-03-03T08:15:25.706+0000] {processor.py:183} INFO - Processing /home/airflow/.local/lib/python3.11/site-packages/airflow/example_dags/example_external_task_marker_dag.py took 0.074 seconds
[2024-03-03T08:15:56.401+0000] {processor.py:161} INFO - Started process (PID=719) to work on /home/airflow/.local/lib/python3.11/site-packages/airflow/example_dags/example_external_task_marker_dag.py
[2024-03-03T08:15:56.402+0000] {processor.py:830} INFO - Processing file /home/airflow/.local/lib/python3.11/site-packages/airflow/example_dags/example_external_task_marker_dag.py for tasks to queue
[2024-03-03T08:15:56.404+0000] {logging_mixin.py:188} INFO - [2024-03-03T08:15:56.404+0000] {dagbag.py:540} INFO - Filling up the DagBag from /home/airflow/.local/lib/python3.11/site-packages/airflow/example_dags/example_external_task_marker_dag.py
[2024-03-03T08:15:56.412+0000] {processor.py:840} INFO - DAG(s) 'example_external_task_marker_parent', 'example_external_task_marker_child' retrieved from /home/airflow/.local/lib/python3.11/site-packages/airflow/example_dags/example_external_task_marker_dag.py
[2024-03-03T08:15:56.435+0000] {logging_mixin.py:188} INFO - [2024-03-03T08:15:56.435+0000] {dag.py:3047} INFO - Sync 2 DAGs
[2024-03-03T08:15:56.446+0000] {logging_mixin.py:188} INFO - [2024-03-03T08:15:56.446+0000] {dag.py:3834} INFO - Setting next_dagrun for example_external_task_marker_child to None, run_after=None
[2024-03-03T08:15:56.450+0000] {logging_mixin.py:188} INFO - [2024-03-03T08:15:56.450+0000] {dag.py:3834} INFO - Setting next_dagrun for example_external_task_marker_parent to None, run_after=None
[2024-03-03T08:15:56.474+0000] {processor.py:183} INFO - Processing /home/airflow/.local/lib/python3.11/site-packages/airflow/example_dags/example_external_task_marker_dag.py took 0.076 seconds
[2024-03-03T08:16:27.070+0000] {processor.py:161} INFO - Started process (PID=775) to work on /home/airflow/.local/lib/python3.11/site-packages/airflow/example_dags/example_external_task_marker_dag.py
[2024-03-03T08:16:27.071+0000] {processor.py:830} INFO - Processing file /home/airflow/.local/lib/python3.11/site-packages/airflow/example_dags/example_external_task_marker_dag.py for tasks to queue
[2024-03-03T08:16:27.074+0000] {logging_mixin.py:188} INFO - [2024-03-03T08:16:27.073+0000] {dagbag.py:540} INFO - Filling up the DagBag from /home/airflow/.local/lib/python3.11/site-packages/airflow/example_dags/example_external_task_marker_dag.py
[2024-03-03T08:16:27.080+0000] {processor.py:840} INFO - DAG(s) 'example_external_task_marker_parent', 'example_external_task_marker_child' retrieved from /home/airflow/.local/lib/python3.11/site-packages/airflow/example_dags/example_external_task_marker_dag.py
[2024-03-03T08:16:27.105+0000] {logging_mixin.py:188} INFO - [2024-03-03T08:16:27.105+0000] {dag.py:3047} INFO - Sync 2 DAGs
[2024-03-03T08:16:27.121+0000] {logging_mixin.py:188} INFO - [2024-03-03T08:16:27.120+0000] {dag.py:3834} INFO - Setting next_dagrun for example_external_task_marker_child to None, run_after=None
[2024-03-03T08:16:27.125+0000] {logging_mixin.py:188} INFO - [2024-03-03T08:16:27.125+0000] {dag.py:3834} INFO - Setting next_dagrun for example_external_task_marker_parent to None, run_after=None
[2024-03-03T08:16:27.142+0000] {processor.py:183} INFO - Processing /home/airflow/.local/lib/python3.11/site-packages/airflow/example_dags/example_external_task_marker_dag.py took 0.074 seconds
[2024-03-03T08:16:57.865+0000] {processor.py:161} INFO - Started process (PID=831) to work on /home/airflow/.local/lib/python3.11/site-packages/airflow/example_dags/example_external_task_marker_dag.py
[2024-03-03T08:16:57.866+0000] {processor.py:830} INFO - Processing file /home/airflow/.local/lib/python3.11/site-packages/airflow/example_dags/example_external_task_marker_dag.py for tasks to queue
[2024-03-03T08:16:57.868+0000] {logging_mixin.py:188} INFO - [2024-03-03T08:16:57.867+0000] {dagbag.py:540} INFO - Filling up the DagBag from /home/airflow/.local/lib/python3.11/site-packages/airflow/example_dags/example_external_task_marker_dag.py
[2024-03-03T08:16:57.875+0000] {processor.py:840} INFO - DAG(s) 'example_external_task_marker_child', 'example_external_task_marker_parent' retrieved from /home/airflow/.local/lib/python3.11/site-packages/airflow/example_dags/example_external_task_marker_dag.py
[2024-03-03T08:16:57.899+0000] {logging_mixin.py:188} INFO - [2024-03-03T08:16:57.898+0000] {dag.py:3047} INFO - Sync 2 DAGs
[2024-03-03T08:16:57.912+0000] {logging_mixin.py:188} INFO - [2024-03-03T08:16:57.912+0000] {dag.py:3834} INFO - Setting next_dagrun for example_external_task_marker_child to None, run_after=None
[2024-03-03T08:16:57.916+0000] {logging_mixin.py:188} INFO - [2024-03-03T08:16:57.916+0000] {dag.py:3834} INFO - Setting next_dagrun for example_external_task_marker_parent to None, run_after=None
[2024-03-03T08:16:57.930+0000] {processor.py:183} INFO - Processing /home/airflow/.local/lib/python3.11/site-packages/airflow/example_dags/example_external_task_marker_dag.py took 0.069 seconds
[2024-03-03T08:17:28.389+0000] {processor.py:161} INFO - Started process (PID=887) to work on /home/airflow/.local/lib/python3.11/site-packages/airflow/example_dags/example_external_task_marker_dag.py
[2024-03-03T08:17:28.391+0000] {processor.py:830} INFO - Processing file /home/airflow/.local/lib/python3.11/site-packages/airflow/example_dags/example_external_task_marker_dag.py for tasks to queue
[2024-03-03T08:17:28.393+0000] {logging_mixin.py:188} INFO - [2024-03-03T08:17:28.392+0000] {dagbag.py:540} INFO - Filling up the DagBag from /home/airflow/.local/lib/python3.11/site-packages/airflow/example_dags/example_external_task_marker_dag.py
[2024-03-03T08:17:28.400+0000] {processor.py:840} INFO - DAG(s) 'example_external_task_marker_child', 'example_external_task_marker_parent' retrieved from /home/airflow/.local/lib/python3.11/site-packages/airflow/example_dags/example_external_task_marker_dag.py
[2024-03-03T08:17:28.423+0000] {logging_mixin.py:188} INFO - [2024-03-03T08:17:28.423+0000] {dag.py:3047} INFO - Sync 2 DAGs
[2024-03-03T08:17:28.437+0000] {logging_mixin.py:188} INFO - [2024-03-03T08:17:28.436+0000] {dag.py:3834} INFO - Setting next_dagrun for example_external_task_marker_child to None, run_after=None
[2024-03-03T08:17:28.440+0000] {logging_mixin.py:188} INFO - [2024-03-03T08:17:28.440+0000] {dag.py:3834} INFO - Setting next_dagrun for example_external_task_marker_parent to None, run_after=None
[2024-03-03T08:17:28.455+0000] {processor.py:183} INFO - Processing /home/airflow/.local/lib/python3.11/site-packages/airflow/example_dags/example_external_task_marker_dag.py took 0.070 seconds
[2024-03-03T08:17:58.700+0000] {processor.py:161} INFO - Started process (PID=942) to work on /home/airflow/.local/lib/python3.11/site-packages/airflow/example_dags/example_external_task_marker_dag.py
[2024-03-03T08:17:58.701+0000] {processor.py:830} INFO - Processing file /home/airflow/.local/lib/python3.11/site-packages/airflow/example_dags/example_external_task_marker_dag.py for tasks to queue
[2024-03-03T08:17:58.703+0000] {logging_mixin.py:188} INFO - [2024-03-03T08:17:58.702+0000] {dagbag.py:540} INFO - Filling up the DagBag from /home/airflow/.local/lib/python3.11/site-packages/airflow/example_dags/example_external_task_marker_dag.py
[2024-03-03T08:17:58.711+0000] {processor.py:840} INFO - DAG(s) 'example_external_task_marker_parent', 'example_external_task_marker_child' retrieved from /home/airflow/.local/lib/python3.11/site-packages/airflow/example_dags/example_external_task_marker_dag.py
[2024-03-03T08:17:58.739+0000] {logging_mixin.py:188} INFO - [2024-03-03T08:17:58.739+0000] {dag.py:3047} INFO - Sync 2 DAGs
[2024-03-03T08:17:58.755+0000] {logging_mixin.py:188} INFO - [2024-03-03T08:17:58.754+0000] {dag.py:3834} INFO - Setting next_dagrun for example_external_task_marker_child to None, run_after=None
[2024-03-03T08:17:58.760+0000] {logging_mixin.py:188} INFO - [2024-03-03T08:17:58.759+0000] {dag.py:3834} INFO - Setting next_dagrun for example_external_task_marker_parent to None, run_after=None
[2024-03-03T08:17:58.774+0000] {processor.py:183} INFO - Processing /home/airflow/.local/lib/python3.11/site-packages/airflow/example_dags/example_external_task_marker_dag.py took 0.078 seconds
