[2024-03-03T08:09:49.216+0000] {processor.py:161} INFO - Started process (PID=44) to work on /home/airflow/.local/lib/python3.11/site-packages/airflow/example_dags/example_latest_only.py
[2024-03-03T08:09:49.217+0000] {processor.py:830} INFO - Processing file /home/airflow/.local/lib/python3.11/site-packages/airflow/example_dags/example_latest_only.py for tasks to queue
[2024-03-03T08:09:49.219+0000] {logging_mixin.py:188} INFO - [2024-03-03T08:09:49.219+0000] {dagbag.py:540} INFO - Filling up the DagBag from /home/airflow/.local/lib/python3.11/site-packages/airflow/example_dags/example_latest_only.py
[2024-03-03T08:09:49.228+0000] {processor.py:840} INFO - DAG(s) 'latest_only' retrieved from /home/airflow/.local/lib/python3.11/site-packages/airflow/example_dags/example_latest_only.py
[2024-03-03T08:09:49.367+0000] {logging_mixin.py:188} INFO - [2024-03-03T08:09:49.367+0000] {override.py:1769} INFO - Created Permission View: can edit on DAG:latest_only
[2024-03-03T08:09:49.379+0000] {logging_mixin.py:188} INFO - [2024-03-03T08:09:49.378+0000] {override.py:1769} INFO - Created Permission View: can read on DAG:latest_only
[2024-03-03T08:09:49.386+0000] {logging_mixin.py:188} INFO - [2024-03-03T08:09:49.386+0000] {override.py:1769} INFO - Created Permission View: can delete on DAG:latest_only
[2024-03-03T08:09:49.387+0000] {logging_mixin.py:188} INFO - [2024-03-03T08:09:49.387+0000] {dag.py:3047} INFO - Sync 1 DAGs
[2024-03-03T08:09:49.401+0000] {logging_mixin.py:188} INFO - [2024-03-03T08:09:49.401+0000] {dag.py:3069} INFO - Creating ORM DAG for latest_only
[2024-03-03T08:09:49.415+0000] {logging_mixin.py:188} INFO - [2024-03-03T08:09:49.415+0000] {dag.py:3834} INFO - Setting next_dagrun for latest_only to 2024-03-03 04:00:00+00:00, run_after=2024-03-03 08:00:00+00:00
[2024-03-03T08:09:49.437+0000] {processor.py:183} INFO - Processing /home/airflow/.local/lib/python3.11/site-packages/airflow/example_dags/example_latest_only.py took 0.225 seconds
[2024-03-03T08:10:19.805+0000] {processor.py:161} INFO - Started process (PID=99) to work on /home/airflow/.local/lib/python3.11/site-packages/airflow/example_dags/example_latest_only.py
[2024-03-03T08:10:19.806+0000] {processor.py:830} INFO - Processing file /home/airflow/.local/lib/python3.11/site-packages/airflow/example_dags/example_latest_only.py for tasks to queue
[2024-03-03T08:10:19.809+0000] {logging_mixin.py:188} INFO - [2024-03-03T08:10:19.808+0000] {dagbag.py:540} INFO - Filling up the DagBag from /home/airflow/.local/lib/python3.11/site-packages/airflow/example_dags/example_latest_only.py
[2024-03-03T08:10:19.815+0000] {processor.py:840} INFO - DAG(s) 'latest_only' retrieved from /home/airflow/.local/lib/python3.11/site-packages/airflow/example_dags/example_latest_only.py
[2024-03-03T08:10:19.831+0000] {logging_mixin.py:188} INFO - [2024-03-03T08:10:19.830+0000] {dag.py:3047} INFO - Sync 1 DAGs
[2024-03-03T08:10:19.849+0000] {logging_mixin.py:188} INFO - [2024-03-03T08:10:19.849+0000] {dag.py:3834} INFO - Setting next_dagrun for latest_only to 2024-03-03 04:00:00+00:00, run_after=2024-03-03 08:00:00+00:00
[2024-03-03T08:10:19.863+0000] {processor.py:183} INFO - Processing /home/airflow/.local/lib/python3.11/site-packages/airflow/example_dags/example_latest_only.py took 0.061 seconds
[2024-03-03T08:10:50.268+0000] {processor.py:161} INFO - Started process (PID=154) to work on /home/airflow/.local/lib/python3.11/site-packages/airflow/example_dags/example_latest_only.py
[2024-03-03T08:10:50.269+0000] {processor.py:830} INFO - Processing file /home/airflow/.local/lib/python3.11/site-packages/airflow/example_dags/example_latest_only.py for tasks to queue
[2024-03-03T08:10:50.271+0000] {logging_mixin.py:188} INFO - [2024-03-03T08:10:50.271+0000] {dagbag.py:540} INFO - Filling up the DagBag from /home/airflow/.local/lib/python3.11/site-packages/airflow/example_dags/example_latest_only.py
[2024-03-03T08:10:50.276+0000] {processor.py:840} INFO - DAG(s) 'latest_only' retrieved from /home/airflow/.local/lib/python3.11/site-packages/airflow/example_dags/example_latest_only.py
[2024-03-03T08:10:50.292+0000] {logging_mixin.py:188} INFO - [2024-03-03T08:10:50.292+0000] {dag.py:3047} INFO - Sync 1 DAGs
[2024-03-03T08:10:50.310+0000] {logging_mixin.py:188} INFO - [2024-03-03T08:10:50.310+0000] {dag.py:3834} INFO - Setting next_dagrun for latest_only to 2024-03-03 04:00:00+00:00, run_after=2024-03-03 08:00:00+00:00
[2024-03-03T08:10:50.325+0000] {processor.py:183} INFO - Processing /home/airflow/.local/lib/python3.11/site-packages/airflow/example_dags/example_latest_only.py took 0.060 seconds
[2024-03-03T08:11:20.778+0000] {processor.py:161} INFO - Started process (PID=209) to work on /home/airflow/.local/lib/python3.11/site-packages/airflow/example_dags/example_latest_only.py
[2024-03-03T08:11:20.779+0000] {processor.py:830} INFO - Processing file /home/airflow/.local/lib/python3.11/site-packages/airflow/example_dags/example_latest_only.py for tasks to queue
[2024-03-03T08:11:20.781+0000] {logging_mixin.py:188} INFO - [2024-03-03T08:11:20.781+0000] {dagbag.py:540} INFO - Filling up the DagBag from /home/airflow/.local/lib/python3.11/site-packages/airflow/example_dags/example_latest_only.py
[2024-03-03T08:11:20.788+0000] {processor.py:840} INFO - DAG(s) 'latest_only' retrieved from /home/airflow/.local/lib/python3.11/site-packages/airflow/example_dags/example_latest_only.py
[2024-03-03T08:11:20.808+0000] {logging_mixin.py:188} INFO - [2024-03-03T08:11:20.808+0000] {dag.py:3047} INFO - Sync 1 DAGs
[2024-03-03T08:11:20.838+0000] {logging_mixin.py:188} INFO - [2024-03-03T08:11:20.838+0000] {dag.py:3834} INFO - Setting next_dagrun for latest_only to 2024-03-03 04:00:00+00:00, run_after=2024-03-03 08:00:00+00:00
[2024-03-03T08:11:20.856+0000] {processor.py:183} INFO - Processing /home/airflow/.local/lib/python3.11/site-packages/airflow/example_dags/example_latest_only.py took 0.082 seconds
[2024-03-03T08:11:51.353+0000] {processor.py:161} INFO - Started process (PID=264) to work on /home/airflow/.local/lib/python3.11/site-packages/airflow/example_dags/example_latest_only.py
[2024-03-03T08:11:51.354+0000] {processor.py:830} INFO - Processing file /home/airflow/.local/lib/python3.11/site-packages/airflow/example_dags/example_latest_only.py for tasks to queue
[2024-03-03T08:11:51.357+0000] {logging_mixin.py:188} INFO - [2024-03-03T08:11:51.356+0000] {dagbag.py:540} INFO - Filling up the DagBag from /home/airflow/.local/lib/python3.11/site-packages/airflow/example_dags/example_latest_only.py
[2024-03-03T08:11:51.364+0000] {processor.py:840} INFO - DAG(s) 'latest_only' retrieved from /home/airflow/.local/lib/python3.11/site-packages/airflow/example_dags/example_latest_only.py
[2024-03-03T08:11:51.387+0000] {logging_mixin.py:188} INFO - [2024-03-03T08:11:51.387+0000] {dag.py:3047} INFO - Sync 1 DAGs
[2024-03-03T08:11:51.410+0000] {logging_mixin.py:188} INFO - [2024-03-03T08:11:51.410+0000] {dag.py:3834} INFO - Setting next_dagrun for latest_only to 2024-03-03 04:00:00+00:00, run_after=2024-03-03 08:00:00+00:00
[2024-03-03T08:11:51.428+0000] {processor.py:183} INFO - Processing /home/airflow/.local/lib/python3.11/site-packages/airflow/example_dags/example_latest_only.py took 0.079 seconds
[2024-03-03T08:12:21.884+0000] {processor.py:161} INFO - Started process (PID=319) to work on /home/airflow/.local/lib/python3.11/site-packages/airflow/example_dags/example_latest_only.py
[2024-03-03T08:12:21.885+0000] {processor.py:830} INFO - Processing file /home/airflow/.local/lib/python3.11/site-packages/airflow/example_dags/example_latest_only.py for tasks to queue
[2024-03-03T08:12:21.887+0000] {logging_mixin.py:188} INFO - [2024-03-03T08:12:21.886+0000] {dagbag.py:540} INFO - Filling up the DagBag from /home/airflow/.local/lib/python3.11/site-packages/airflow/example_dags/example_latest_only.py
[2024-03-03T08:12:21.892+0000] {processor.py:840} INFO - DAG(s) 'latest_only' retrieved from /home/airflow/.local/lib/python3.11/site-packages/airflow/example_dags/example_latest_only.py
[2024-03-03T08:12:21.909+0000] {logging_mixin.py:188} INFO - [2024-03-03T08:12:21.909+0000] {dag.py:3047} INFO - Sync 1 DAGs
[2024-03-03T08:12:21.928+0000] {logging_mixin.py:188} INFO - [2024-03-03T08:12:21.928+0000] {dag.py:3834} INFO - Setting next_dagrun for latest_only to 2024-03-03 04:00:00+00:00, run_after=2024-03-03 08:00:00+00:00
[2024-03-03T08:12:21.944+0000] {processor.py:183} INFO - Processing /home/airflow/.local/lib/python3.11/site-packages/airflow/example_dags/example_latest_only.py took 0.064 seconds
[2024-03-03T08:12:52.514+0000] {processor.py:161} INFO - Started process (PID=374) to work on /home/airflow/.local/lib/python3.11/site-packages/airflow/example_dags/example_latest_only.py
[2024-03-03T08:12:52.515+0000] {processor.py:830} INFO - Processing file /home/airflow/.local/lib/python3.11/site-packages/airflow/example_dags/example_latest_only.py for tasks to queue
[2024-03-03T08:12:52.517+0000] {logging_mixin.py:188} INFO - [2024-03-03T08:12:52.517+0000] {dagbag.py:540} INFO - Filling up the DagBag from /home/airflow/.local/lib/python3.11/site-packages/airflow/example_dags/example_latest_only.py
[2024-03-03T08:12:52.526+0000] {processor.py:840} INFO - DAG(s) 'latest_only' retrieved from /home/airflow/.local/lib/python3.11/site-packages/airflow/example_dags/example_latest_only.py
[2024-03-03T08:12:52.552+0000] {logging_mixin.py:188} INFO - [2024-03-03T08:12:52.552+0000] {dag.py:3047} INFO - Sync 1 DAGs
[2024-03-03T08:12:52.576+0000] {logging_mixin.py:188} INFO - [2024-03-03T08:12:52.576+0000] {dag.py:3834} INFO - Setting next_dagrun for latest_only to 2024-03-03 04:00:00+00:00, run_after=2024-03-03 08:00:00+00:00
[2024-03-03T08:12:52.597+0000] {processor.py:183} INFO - Processing /home/airflow/.local/lib/python3.11/site-packages/airflow/example_dags/example_latest_only.py took 0.087 seconds
[2024-03-03T08:13:22.998+0000] {processor.py:161} INFO - Started process (PID=429) to work on /home/airflow/.local/lib/python3.11/site-packages/airflow/example_dags/example_latest_only.py
[2024-03-03T08:13:22.999+0000] {processor.py:830} INFO - Processing file /home/airflow/.local/lib/python3.11/site-packages/airflow/example_dags/example_latest_only.py for tasks to queue
[2024-03-03T08:13:23.001+0000] {logging_mixin.py:188} INFO - [2024-03-03T08:13:23.001+0000] {dagbag.py:540} INFO - Filling up the DagBag from /home/airflow/.local/lib/python3.11/site-packages/airflow/example_dags/example_latest_only.py
[2024-03-03T08:13:23.006+0000] {processor.py:840} INFO - DAG(s) 'latest_only' retrieved from /home/airflow/.local/lib/python3.11/site-packages/airflow/example_dags/example_latest_only.py
[2024-03-03T08:13:23.026+0000] {logging_mixin.py:188} INFO - [2024-03-03T08:13:23.026+0000] {dag.py:3047} INFO - Sync 1 DAGs
[2024-03-03T08:13:23.046+0000] {logging_mixin.py:188} INFO - [2024-03-03T08:13:23.046+0000] {dag.py:3834} INFO - Setting next_dagrun for latest_only to 2024-03-03 04:00:00+00:00, run_after=2024-03-03 08:00:00+00:00
[2024-03-03T08:13:23.065+0000] {processor.py:183} INFO - Processing /home/airflow/.local/lib/python3.11/site-packages/airflow/example_dags/example_latest_only.py took 0.069 seconds
[2024-03-03T08:13:53.748+0000] {processor.py:161} INFO - Started process (PID=484) to work on /home/airflow/.local/lib/python3.11/site-packages/airflow/example_dags/example_latest_only.py
[2024-03-03T08:13:53.750+0000] {processor.py:830} INFO - Processing file /home/airflow/.local/lib/python3.11/site-packages/airflow/example_dags/example_latest_only.py for tasks to queue
[2024-03-03T08:13:53.753+0000] {logging_mixin.py:188} INFO - [2024-03-03T08:13:53.752+0000] {dagbag.py:540} INFO - Filling up the DagBag from /home/airflow/.local/lib/python3.11/site-packages/airflow/example_dags/example_latest_only.py
[2024-03-03T08:13:53.759+0000] {processor.py:840} INFO - DAG(s) 'latest_only' retrieved from /home/airflow/.local/lib/python3.11/site-packages/airflow/example_dags/example_latest_only.py
[2024-03-03T08:13:53.781+0000] {logging_mixin.py:188} INFO - [2024-03-03T08:13:53.781+0000] {dag.py:3047} INFO - Sync 1 DAGs
[2024-03-03T08:13:53.822+0000] {logging_mixin.py:188} INFO - [2024-03-03T08:13:53.822+0000] {dag.py:3834} INFO - Setting next_dagrun for latest_only to 2024-03-03 04:00:00+00:00, run_after=2024-03-03 08:00:00+00:00
[2024-03-03T08:13:53.843+0000] {processor.py:183} INFO - Processing /home/airflow/.local/lib/python3.11/site-packages/airflow/example_dags/example_latest_only.py took 0.100 seconds
[2024-03-03T08:14:23.894+0000] {processor.py:161} INFO - Started process (PID=547) to work on /home/airflow/.local/lib/python3.11/site-packages/airflow/example_dags/example_latest_only.py
[2024-03-03T08:14:23.895+0000] {processor.py:830} INFO - Processing file /home/airflow/.local/lib/python3.11/site-packages/airflow/example_dags/example_latest_only.py for tasks to queue
[2024-03-03T08:14:23.897+0000] {logging_mixin.py:188} INFO - [2024-03-03T08:14:23.897+0000] {dagbag.py:540} INFO - Filling up the DagBag from /home/airflow/.local/lib/python3.11/site-packages/airflow/example_dags/example_latest_only.py
[2024-03-03T08:14:23.903+0000] {processor.py:840} INFO - DAG(s) 'latest_only' retrieved from /home/airflow/.local/lib/python3.11/site-packages/airflow/example_dags/example_latest_only.py
[2024-03-03T08:14:23.920+0000] {logging_mixin.py:188} INFO - [2024-03-03T08:14:23.920+0000] {dag.py:3047} INFO - Sync 1 DAGs
[2024-03-03T08:14:23.944+0000] {logging_mixin.py:188} INFO - [2024-03-03T08:14:23.943+0000] {dag.py:3834} INFO - Setting next_dagrun for latest_only to 2024-03-03 04:00:00+00:00, run_after=2024-03-03 08:00:00+00:00
[2024-03-03T08:14:23.961+0000] {processor.py:183} INFO - Processing /home/airflow/.local/lib/python3.11/site-packages/airflow/example_dags/example_latest_only.py took 0.070 seconds
[2024-03-03T08:14:54.603+0000] {processor.py:161} INFO - Started process (PID=603) to work on /home/airflow/.local/lib/python3.11/site-packages/airflow/example_dags/example_latest_only.py
[2024-03-03T08:14:54.604+0000] {processor.py:830} INFO - Processing file /home/airflow/.local/lib/python3.11/site-packages/airflow/example_dags/example_latest_only.py for tasks to queue
[2024-03-03T08:14:54.607+0000] {logging_mixin.py:188} INFO - [2024-03-03T08:14:54.606+0000] {dagbag.py:540} INFO - Filling up the DagBag from /home/airflow/.local/lib/python3.11/site-packages/airflow/example_dags/example_latest_only.py
[2024-03-03T08:14:54.612+0000] {processor.py:840} INFO - DAG(s) 'latest_only' retrieved from /home/airflow/.local/lib/python3.11/site-packages/airflow/example_dags/example_latest_only.py
[2024-03-03T08:14:54.629+0000] {logging_mixin.py:188} INFO - [2024-03-03T08:14:54.629+0000] {dag.py:3047} INFO - Sync 1 DAGs
[2024-03-03T08:14:54.655+0000] {logging_mixin.py:188} INFO - [2024-03-03T08:14:54.654+0000] {dag.py:3834} INFO - Setting next_dagrun for latest_only to 2024-03-03 04:00:00+00:00, run_after=2024-03-03 08:00:00+00:00
[2024-03-03T08:14:54.678+0000] {processor.py:183} INFO - Processing /home/airflow/.local/lib/python3.11/site-packages/airflow/example_dags/example_latest_only.py took 0.077 seconds
[2024-03-03T08:15:25.358+0000] {processor.py:161} INFO - Started process (PID=659) to work on /home/airflow/.local/lib/python3.11/site-packages/airflow/example_dags/example_latest_only.py
[2024-03-03T08:15:25.359+0000] {processor.py:830} INFO - Processing file /home/airflow/.local/lib/python3.11/site-packages/airflow/example_dags/example_latest_only.py for tasks to queue
[2024-03-03T08:15:25.363+0000] {logging_mixin.py:188} INFO - [2024-03-03T08:15:25.362+0000] {dagbag.py:540} INFO - Filling up the DagBag from /home/airflow/.local/lib/python3.11/site-packages/airflow/example_dags/example_latest_only.py
[2024-03-03T08:15:25.372+0000] {processor.py:840} INFO - DAG(s) 'latest_only' retrieved from /home/airflow/.local/lib/python3.11/site-packages/airflow/example_dags/example_latest_only.py
[2024-03-03T08:15:25.406+0000] {logging_mixin.py:188} INFO - [2024-03-03T08:15:25.406+0000] {dag.py:3047} INFO - Sync 1 DAGs
[2024-03-03T08:15:25.439+0000] {logging_mixin.py:188} INFO - [2024-03-03T08:15:25.439+0000] {dag.py:3834} INFO - Setting next_dagrun for latest_only to 2024-03-03 04:00:00+00:00, run_after=2024-03-03 08:00:00+00:00
[2024-03-03T08:15:25.469+0000] {processor.py:183} INFO - Processing /home/airflow/.local/lib/python3.11/site-packages/airflow/example_dags/example_latest_only.py took 0.115 seconds
[2024-03-03T08:15:56.197+0000] {processor.py:161} INFO - Started process (PID=715) to work on /home/airflow/.local/lib/python3.11/site-packages/airflow/example_dags/example_latest_only.py
[2024-03-03T08:15:56.198+0000] {processor.py:830} INFO - Processing file /home/airflow/.local/lib/python3.11/site-packages/airflow/example_dags/example_latest_only.py for tasks to queue
[2024-03-03T08:15:56.200+0000] {logging_mixin.py:188} INFO - [2024-03-03T08:15:56.200+0000] {dagbag.py:540} INFO - Filling up the DagBag from /home/airflow/.local/lib/python3.11/site-packages/airflow/example_dags/example_latest_only.py
[2024-03-03T08:15:56.205+0000] {processor.py:840} INFO - DAG(s) 'latest_only' retrieved from /home/airflow/.local/lib/python3.11/site-packages/airflow/example_dags/example_latest_only.py
[2024-03-03T08:15:56.225+0000] {logging_mixin.py:188} INFO - [2024-03-03T08:15:56.225+0000] {dag.py:3047} INFO - Sync 1 DAGs
[2024-03-03T08:15:56.247+0000] {logging_mixin.py:188} INFO - [2024-03-03T08:15:56.247+0000] {dag.py:3834} INFO - Setting next_dagrun for latest_only to 2024-03-03 04:00:00+00:00, run_after=2024-03-03 08:00:00+00:00
[2024-03-03T08:15:56.267+0000] {processor.py:183} INFO - Processing /home/airflow/.local/lib/python3.11/site-packages/airflow/example_dags/example_latest_only.py took 0.074 seconds
[2024-03-03T08:16:26.864+0000] {processor.py:161} INFO - Started process (PID=771) to work on /home/airflow/.local/lib/python3.11/site-packages/airflow/example_dags/example_latest_only.py
[2024-03-03T08:16:26.865+0000] {processor.py:830} INFO - Processing file /home/airflow/.local/lib/python3.11/site-packages/airflow/example_dags/example_latest_only.py for tasks to queue
[2024-03-03T08:16:26.868+0000] {logging_mixin.py:188} INFO - [2024-03-03T08:16:26.867+0000] {dagbag.py:540} INFO - Filling up the DagBag from /home/airflow/.local/lib/python3.11/site-packages/airflow/example_dags/example_latest_only.py
[2024-03-03T08:16:26.873+0000] {processor.py:840} INFO - DAG(s) 'latest_only' retrieved from /home/airflow/.local/lib/python3.11/site-packages/airflow/example_dags/example_latest_only.py
[2024-03-03T08:16:26.890+0000] {logging_mixin.py:188} INFO - [2024-03-03T08:16:26.890+0000] {dag.py:3047} INFO - Sync 1 DAGs
[2024-03-03T08:16:26.909+0000] {logging_mixin.py:188} INFO - [2024-03-03T08:16:26.909+0000] {dag.py:3834} INFO - Setting next_dagrun for latest_only to 2024-03-03 04:00:00+00:00, run_after=2024-03-03 08:00:00+00:00
[2024-03-03T08:16:26.927+0000] {processor.py:183} INFO - Processing /home/airflow/.local/lib/python3.11/site-packages/airflow/example_dags/example_latest_only.py took 0.066 seconds
[2024-03-03T08:16:57.666+0000] {processor.py:161} INFO - Started process (PID=827) to work on /home/airflow/.local/lib/python3.11/site-packages/airflow/example_dags/example_latest_only.py
[2024-03-03T08:16:57.666+0000] {processor.py:830} INFO - Processing file /home/airflow/.local/lib/python3.11/site-packages/airflow/example_dags/example_latest_only.py for tasks to queue
[2024-03-03T08:16:57.668+0000] {logging_mixin.py:188} INFO - [2024-03-03T08:16:57.668+0000] {dagbag.py:540} INFO - Filling up the DagBag from /home/airflow/.local/lib/python3.11/site-packages/airflow/example_dags/example_latest_only.py
[2024-03-03T08:16:57.673+0000] {processor.py:840} INFO - DAG(s) 'latest_only' retrieved from /home/airflow/.local/lib/python3.11/site-packages/airflow/example_dags/example_latest_only.py
[2024-03-03T08:16:57.700+0000] {logging_mixin.py:188} INFO - [2024-03-03T08:16:57.699+0000] {dag.py:3047} INFO - Sync 1 DAGs
[2024-03-03T08:16:57.721+0000] {logging_mixin.py:188} INFO - [2024-03-03T08:16:57.720+0000] {dag.py:3834} INFO - Setting next_dagrun for latest_only to 2024-03-03 04:00:00+00:00, run_after=2024-03-03 08:00:00+00:00
[2024-03-03T08:16:57.737+0000] {processor.py:183} INFO - Processing /home/airflow/.local/lib/python3.11/site-packages/airflow/example_dags/example_latest_only.py took 0.074 seconds
[2024-03-03T08:17:28.199+0000] {processor.py:161} INFO - Started process (PID=883) to work on /home/airflow/.local/lib/python3.11/site-packages/airflow/example_dags/example_latest_only.py
[2024-03-03T08:17:28.200+0000] {processor.py:830} INFO - Processing file /home/airflow/.local/lib/python3.11/site-packages/airflow/example_dags/example_latest_only.py for tasks to queue
[2024-03-03T08:17:28.203+0000] {logging_mixin.py:188} INFO - [2024-03-03T08:17:28.202+0000] {dagbag.py:540} INFO - Filling up the DagBag from /home/airflow/.local/lib/python3.11/site-packages/airflow/example_dags/example_latest_only.py
[2024-03-03T08:17:28.208+0000] {processor.py:840} INFO - DAG(s) 'latest_only' retrieved from /home/airflow/.local/lib/python3.11/site-packages/airflow/example_dags/example_latest_only.py
[2024-03-03T08:17:28.230+0000] {logging_mixin.py:188} INFO - [2024-03-03T08:17:28.230+0000] {dag.py:3047} INFO - Sync 1 DAGs
[2024-03-03T08:17:28.249+0000] {logging_mixin.py:188} INFO - [2024-03-03T08:17:28.249+0000] {dag.py:3834} INFO - Setting next_dagrun for latest_only to 2024-03-03 04:00:00+00:00, run_after=2024-03-03 08:00:00+00:00
[2024-03-03T08:17:28.266+0000] {processor.py:183} INFO - Processing /home/airflow/.local/lib/python3.11/site-packages/airflow/example_dags/example_latest_only.py took 0.070 seconds
[2024-03-03T08:17:58.490+0000] {processor.py:161} INFO - Started process (PID=938) to work on /home/airflow/.local/lib/python3.11/site-packages/airflow/example_dags/example_latest_only.py
[2024-03-03T08:17:58.491+0000] {processor.py:830} INFO - Processing file /home/airflow/.local/lib/python3.11/site-packages/airflow/example_dags/example_latest_only.py for tasks to queue
[2024-03-03T08:17:58.492+0000] {logging_mixin.py:188} INFO - [2024-03-03T08:17:58.491+0000] {dagbag.py:540} INFO - Filling up the DagBag from /home/airflow/.local/lib/python3.11/site-packages/airflow/example_dags/example_latest_only.py
[2024-03-03T08:17:58.497+0000] {processor.py:840} INFO - DAG(s) 'latest_only' retrieved from /home/airflow/.local/lib/python3.11/site-packages/airflow/example_dags/example_latest_only.py
[2024-03-03T08:17:58.514+0000] {logging_mixin.py:188} INFO - [2024-03-03T08:17:58.514+0000] {dag.py:3047} INFO - Sync 1 DAGs
[2024-03-03T08:17:58.533+0000] {logging_mixin.py:188} INFO - [2024-03-03T08:17:58.533+0000] {dag.py:3834} INFO - Setting next_dagrun for latest_only to 2024-03-03 04:00:00+00:00, run_after=2024-03-03 08:00:00+00:00
[2024-03-03T08:17:58.548+0000] {processor.py:183} INFO - Processing /home/airflow/.local/lib/python3.11/site-packages/airflow/example_dags/example_latest_only.py took 0.061 seconds
