[2024-03-03T08:09:50.046+0000] {processor.py:161} INFO - Started process (PID=50) to work on /home/airflow/.local/lib/python3.11/site-packages/airflow/example_dags/example_branch_labels.py
[2024-03-03T08:09:50.047+0000] {processor.py:830} INFO - Processing file /home/airflow/.local/lib/python3.11/site-packages/airflow/example_dags/example_branch_labels.py for tasks to queue
[2024-03-03T08:09:50.050+0000] {logging_mixin.py:188} INFO - [2024-03-03T08:09:50.050+0000] {dagbag.py:540} INFO - Filling up the DagBag from /home/airflow/.local/lib/python3.11/site-packages/airflow/example_dags/example_branch_labels.py
[2024-03-03T08:09:50.066+0000] {processor.py:840} INFO - DAG(s) 'example_branch_labels' retrieved from /home/airflow/.local/lib/python3.11/site-packages/airflow/example_dags/example_branch_labels.py
[2024-03-03T08:09:50.192+0000] {logging_mixin.py:188} INFO - [2024-03-03T08:09:50.191+0000] {override.py:1769} INFO - Created Permission View: can edit on DAG:example_branch_labels
[2024-03-03T08:09:50.210+0000] {logging_mixin.py:188} INFO - [2024-03-03T08:09:50.209+0000] {override.py:1769} INFO - Created Permission View: can read on DAG:example_branch_labels
[2024-03-03T08:09:50.217+0000] {logging_mixin.py:188} INFO - [2024-03-03T08:09:50.217+0000] {override.py:1769} INFO - Created Permission View: can delete on DAG:example_branch_labels
[2024-03-03T08:09:50.218+0000] {logging_mixin.py:188} INFO - [2024-03-03T08:09:50.218+0000] {dag.py:3047} INFO - Sync 1 DAGs
[2024-03-03T08:09:50.233+0000] {logging_mixin.py:188} INFO - [2024-03-03T08:09:50.233+0000] {dag.py:3069} INFO - Creating ORM DAG for example_branch_labels
[2024-03-03T08:09:50.246+0000] {logging_mixin.py:188} INFO - [2024-03-03T08:09:50.245+0000] {dag.py:3834} INFO - Setting next_dagrun for example_branch_labels to 2024-03-02 00:00:00+00:00, run_after=2024-03-03 00:00:00+00:00
[2024-03-03T08:09:50.264+0000] {processor.py:183} INFO - Processing /home/airflow/.local/lib/python3.11/site-packages/airflow/example_dags/example_branch_labels.py took 0.222 seconds
[2024-03-03T08:10:21.151+0000] {processor.py:161} INFO - Started process (PID=105) to work on /home/airflow/.local/lib/python3.11/site-packages/airflow/example_dags/example_branch_labels.py
[2024-03-03T08:10:21.152+0000] {processor.py:830} INFO - Processing file /home/airflow/.local/lib/python3.11/site-packages/airflow/example_dags/example_branch_labels.py for tasks to queue
[2024-03-03T08:10:21.155+0000] {logging_mixin.py:188} INFO - [2024-03-03T08:10:21.154+0000] {dagbag.py:540} INFO - Filling up the DagBag from /home/airflow/.local/lib/python3.11/site-packages/airflow/example_dags/example_branch_labels.py
[2024-03-03T08:10:21.163+0000] {processor.py:840} INFO - DAG(s) 'example_branch_labels' retrieved from /home/airflow/.local/lib/python3.11/site-packages/airflow/example_dags/example_branch_labels.py
[2024-03-03T08:10:21.181+0000] {logging_mixin.py:188} INFO - [2024-03-03T08:10:21.181+0000] {dag.py:3047} INFO - Sync 1 DAGs
[2024-03-03T08:10:21.202+0000] {logging_mixin.py:188} INFO - [2024-03-03T08:10:21.201+0000] {dag.py:3834} INFO - Setting next_dagrun for example_branch_labels to 2024-03-02 00:00:00+00:00, run_after=2024-03-03 00:00:00+00:00
[2024-03-03T08:10:21.219+0000] {processor.py:183} INFO - Processing /home/airflow/.local/lib/python3.11/site-packages/airflow/example_dags/example_branch_labels.py took 0.072 seconds
[2024-03-03T08:10:51.603+0000] {processor.py:161} INFO - Started process (PID=160) to work on /home/airflow/.local/lib/python3.11/site-packages/airflow/example_dags/example_branch_labels.py
[2024-03-03T08:10:51.604+0000] {processor.py:830} INFO - Processing file /home/airflow/.local/lib/python3.11/site-packages/airflow/example_dags/example_branch_labels.py for tasks to queue
[2024-03-03T08:10:51.606+0000] {logging_mixin.py:188} INFO - [2024-03-03T08:10:51.606+0000] {dagbag.py:540} INFO - Filling up the DagBag from /home/airflow/.local/lib/python3.11/site-packages/airflow/example_dags/example_branch_labels.py
[2024-03-03T08:10:51.615+0000] {processor.py:840} INFO - DAG(s) 'example_branch_labels' retrieved from /home/airflow/.local/lib/python3.11/site-packages/airflow/example_dags/example_branch_labels.py
[2024-03-03T08:10:51.634+0000] {logging_mixin.py:188} INFO - [2024-03-03T08:10:51.634+0000] {dag.py:3047} INFO - Sync 1 DAGs
[2024-03-03T08:10:51.653+0000] {logging_mixin.py:188} INFO - [2024-03-03T08:10:51.653+0000] {dag.py:3834} INFO - Setting next_dagrun for example_branch_labels to 2024-03-02 00:00:00+00:00, run_after=2024-03-03 00:00:00+00:00
[2024-03-03T08:10:51.669+0000] {processor.py:183} INFO - Processing /home/airflow/.local/lib/python3.11/site-packages/airflow/example_dags/example_branch_labels.py took 0.069 seconds
[2024-03-03T08:11:22.079+0000] {processor.py:161} INFO - Started process (PID=215) to work on /home/airflow/.local/lib/python3.11/site-packages/airflow/example_dags/example_branch_labels.py
[2024-03-03T08:11:22.080+0000] {processor.py:830} INFO - Processing file /home/airflow/.local/lib/python3.11/site-packages/airflow/example_dags/example_branch_labels.py for tasks to queue
[2024-03-03T08:11:22.084+0000] {logging_mixin.py:188} INFO - [2024-03-03T08:11:22.083+0000] {dagbag.py:540} INFO - Filling up the DagBag from /home/airflow/.local/lib/python3.11/site-packages/airflow/example_dags/example_branch_labels.py
[2024-03-03T08:11:22.096+0000] {processor.py:840} INFO - DAG(s) 'example_branch_labels' retrieved from /home/airflow/.local/lib/python3.11/site-packages/airflow/example_dags/example_branch_labels.py
[2024-03-03T08:11:22.116+0000] {logging_mixin.py:188} INFO - [2024-03-03T08:11:22.116+0000] {dag.py:3047} INFO - Sync 1 DAGs
[2024-03-03T08:11:22.138+0000] {logging_mixin.py:188} INFO - [2024-03-03T08:11:22.137+0000] {dag.py:3834} INFO - Setting next_dagrun for example_branch_labels to 2024-03-02 00:00:00+00:00, run_after=2024-03-03 00:00:00+00:00
[2024-03-03T08:11:22.158+0000] {processor.py:183} INFO - Processing /home/airflow/.local/lib/python3.11/site-packages/airflow/example_dags/example_branch_labels.py took 0.084 seconds
[2024-03-03T08:11:52.729+0000] {processor.py:161} INFO - Started process (PID=270) to work on /home/airflow/.local/lib/python3.11/site-packages/airflow/example_dags/example_branch_labels.py
[2024-03-03T08:11:52.730+0000] {processor.py:830} INFO - Processing file /home/airflow/.local/lib/python3.11/site-packages/airflow/example_dags/example_branch_labels.py for tasks to queue
[2024-03-03T08:11:52.733+0000] {logging_mixin.py:188} INFO - [2024-03-03T08:11:52.732+0000] {dagbag.py:540} INFO - Filling up the DagBag from /home/airflow/.local/lib/python3.11/site-packages/airflow/example_dags/example_branch_labels.py
[2024-03-03T08:11:52.743+0000] {processor.py:840} INFO - DAG(s) 'example_branch_labels' retrieved from /home/airflow/.local/lib/python3.11/site-packages/airflow/example_dags/example_branch_labels.py
[2024-03-03T08:11:52.764+0000] {logging_mixin.py:188} INFO - [2024-03-03T08:11:52.764+0000] {dag.py:3047} INFO - Sync 1 DAGs
[2024-03-03T08:11:52.785+0000] {logging_mixin.py:188} INFO - [2024-03-03T08:11:52.785+0000] {dag.py:3834} INFO - Setting next_dagrun for example_branch_labels to 2024-03-02 00:00:00+00:00, run_after=2024-03-03 00:00:00+00:00
[2024-03-03T08:11:52.803+0000] {processor.py:183} INFO - Processing /home/airflow/.local/lib/python3.11/site-packages/airflow/example_dags/example_branch_labels.py took 0.079 seconds
[2024-03-03T08:12:23.243+0000] {processor.py:161} INFO - Started process (PID=325) to work on /home/airflow/.local/lib/python3.11/site-packages/airflow/example_dags/example_branch_labels.py
[2024-03-03T08:12:23.244+0000] {processor.py:830} INFO - Processing file /home/airflow/.local/lib/python3.11/site-packages/airflow/example_dags/example_branch_labels.py for tasks to queue
[2024-03-03T08:12:23.247+0000] {logging_mixin.py:188} INFO - [2024-03-03T08:12:23.246+0000] {dagbag.py:540} INFO - Filling up the DagBag from /home/airflow/.local/lib/python3.11/site-packages/airflow/example_dags/example_branch_labels.py
[2024-03-03T08:12:23.255+0000] {processor.py:840} INFO - DAG(s) 'example_branch_labels' retrieved from /home/airflow/.local/lib/python3.11/site-packages/airflow/example_dags/example_branch_labels.py
[2024-03-03T08:12:23.276+0000] {logging_mixin.py:188} INFO - [2024-03-03T08:12:23.276+0000] {dag.py:3047} INFO - Sync 1 DAGs
[2024-03-03T08:12:23.298+0000] {logging_mixin.py:188} INFO - [2024-03-03T08:12:23.297+0000] {dag.py:3834} INFO - Setting next_dagrun for example_branch_labels to 2024-03-02 00:00:00+00:00, run_after=2024-03-03 00:00:00+00:00
[2024-03-03T08:12:23.315+0000] {processor.py:183} INFO - Processing /home/airflow/.local/lib/python3.11/site-packages/airflow/example_dags/example_branch_labels.py took 0.075 seconds
[2024-03-03T08:12:53.835+0000] {processor.py:161} INFO - Started process (PID=380) to work on /home/airflow/.local/lib/python3.11/site-packages/airflow/example_dags/example_branch_labels.py
[2024-03-03T08:12:53.836+0000] {processor.py:830} INFO - Processing file /home/airflow/.local/lib/python3.11/site-packages/airflow/example_dags/example_branch_labels.py for tasks to queue
[2024-03-03T08:12:53.838+0000] {logging_mixin.py:188} INFO - [2024-03-03T08:12:53.837+0000] {dagbag.py:540} INFO - Filling up the DagBag from /home/airflow/.local/lib/python3.11/site-packages/airflow/example_dags/example_branch_labels.py
[2024-03-03T08:12:53.846+0000] {processor.py:840} INFO - DAG(s) 'example_branch_labels' retrieved from /home/airflow/.local/lib/python3.11/site-packages/airflow/example_dags/example_branch_labels.py
[2024-03-03T08:12:53.868+0000] {logging_mixin.py:188} INFO - [2024-03-03T08:12:53.868+0000] {dag.py:3047} INFO - Sync 1 DAGs
[2024-03-03T08:12:53.891+0000] {logging_mixin.py:188} INFO - [2024-03-03T08:12:53.891+0000] {dag.py:3834} INFO - Setting next_dagrun for example_branch_labels to 2024-03-02 00:00:00+00:00, run_after=2024-03-03 00:00:00+00:00
[2024-03-03T08:12:53.909+0000] {processor.py:183} INFO - Processing /home/airflow/.local/lib/python3.11/site-packages/airflow/example_dags/example_branch_labels.py took 0.077 seconds
[2024-03-03T08:13:24.326+0000] {processor.py:161} INFO - Started process (PID=435) to work on /home/airflow/.local/lib/python3.11/site-packages/airflow/example_dags/example_branch_labels.py
[2024-03-03T08:13:24.327+0000] {processor.py:830} INFO - Processing file /home/airflow/.local/lib/python3.11/site-packages/airflow/example_dags/example_branch_labels.py for tasks to queue
[2024-03-03T08:13:24.330+0000] {logging_mixin.py:188} INFO - [2024-03-03T08:13:24.329+0000] {dagbag.py:540} INFO - Filling up the DagBag from /home/airflow/.local/lib/python3.11/site-packages/airflow/example_dags/example_branch_labels.py
[2024-03-03T08:13:24.340+0000] {processor.py:840} INFO - DAG(s) 'example_branch_labels' retrieved from /home/airflow/.local/lib/python3.11/site-packages/airflow/example_dags/example_branch_labels.py
[2024-03-03T08:13:24.362+0000] {logging_mixin.py:188} INFO - [2024-03-03T08:13:24.362+0000] {dag.py:3047} INFO - Sync 1 DAGs
[2024-03-03T08:13:24.386+0000] {logging_mixin.py:188} INFO - [2024-03-03T08:13:24.386+0000] {dag.py:3834} INFO - Setting next_dagrun for example_branch_labels to 2024-03-02 00:00:00+00:00, run_after=2024-03-03 00:00:00+00:00
[2024-03-03T08:13:24.402+0000] {processor.py:183} INFO - Processing /home/airflow/.local/lib/python3.11/site-packages/airflow/example_dags/example_branch_labels.py took 0.080 seconds
[2024-03-03T08:13:55.097+0000] {processor.py:161} INFO - Started process (PID=490) to work on /home/airflow/.local/lib/python3.11/site-packages/airflow/example_dags/example_branch_labels.py
[2024-03-03T08:13:55.099+0000] {processor.py:830} INFO - Processing file /home/airflow/.local/lib/python3.11/site-packages/airflow/example_dags/example_branch_labels.py for tasks to queue
[2024-03-03T08:13:55.101+0000] {logging_mixin.py:188} INFO - [2024-03-03T08:13:55.101+0000] {dagbag.py:540} INFO - Filling up the DagBag from /home/airflow/.local/lib/python3.11/site-packages/airflow/example_dags/example_branch_labels.py
[2024-03-03T08:13:55.112+0000] {processor.py:840} INFO - DAG(s) 'example_branch_labels' retrieved from /home/airflow/.local/lib/python3.11/site-packages/airflow/example_dags/example_branch_labels.py
[2024-03-03T08:13:55.132+0000] {logging_mixin.py:188} INFO - [2024-03-03T08:13:55.132+0000] {dag.py:3047} INFO - Sync 1 DAGs
[2024-03-03T08:13:55.153+0000] {logging_mixin.py:188} INFO - [2024-03-03T08:13:55.153+0000] {dag.py:3834} INFO - Setting next_dagrun for example_branch_labels to 2024-03-02 00:00:00+00:00, run_after=2024-03-03 00:00:00+00:00
[2024-03-03T08:13:55.168+0000] {processor.py:183} INFO - Processing /home/airflow/.local/lib/python3.11/site-packages/airflow/example_dags/example_branch_labels.py took 0.075 seconds
[2024-03-03T08:14:25.263+0000] {processor.py:161} INFO - Started process (PID=553) to work on /home/airflow/.local/lib/python3.11/site-packages/airflow/example_dags/example_branch_labels.py
[2024-03-03T08:14:25.264+0000] {processor.py:830} INFO - Processing file /home/airflow/.local/lib/python3.11/site-packages/airflow/example_dags/example_branch_labels.py for tasks to queue
[2024-03-03T08:14:25.266+0000] {logging_mixin.py:188} INFO - [2024-03-03T08:14:25.266+0000] {dagbag.py:540} INFO - Filling up the DagBag from /home/airflow/.local/lib/python3.11/site-packages/airflow/example_dags/example_branch_labels.py
[2024-03-03T08:14:25.274+0000] {processor.py:840} INFO - DAG(s) 'example_branch_labels' retrieved from /home/airflow/.local/lib/python3.11/site-packages/airflow/example_dags/example_branch_labels.py
[2024-03-03T08:14:25.296+0000] {logging_mixin.py:188} INFO - [2024-03-03T08:14:25.296+0000] {dag.py:3047} INFO - Sync 1 DAGs
[2024-03-03T08:14:25.317+0000] {logging_mixin.py:188} INFO - [2024-03-03T08:14:25.317+0000] {dag.py:3834} INFO - Setting next_dagrun for example_branch_labels to 2024-03-02 00:00:00+00:00, run_after=2024-03-03 00:00:00+00:00
[2024-03-03T08:14:25.334+0000] {processor.py:183} INFO - Processing /home/airflow/.local/lib/python3.11/site-packages/airflow/example_dags/example_branch_labels.py took 0.074 seconds
[2024-03-03T08:14:55.913+0000] {processor.py:161} INFO - Started process (PID=609) to work on /home/airflow/.local/lib/python3.11/site-packages/airflow/example_dags/example_branch_labels.py
[2024-03-03T08:14:55.914+0000] {processor.py:830} INFO - Processing file /home/airflow/.local/lib/python3.11/site-packages/airflow/example_dags/example_branch_labels.py for tasks to queue
[2024-03-03T08:14:55.917+0000] {logging_mixin.py:188} INFO - [2024-03-03T08:14:55.917+0000] {dagbag.py:540} INFO - Filling up the DagBag from /home/airflow/.local/lib/python3.11/site-packages/airflow/example_dags/example_branch_labels.py
[2024-03-03T08:14:55.926+0000] {processor.py:840} INFO - DAG(s) 'example_branch_labels' retrieved from /home/airflow/.local/lib/python3.11/site-packages/airflow/example_dags/example_branch_labels.py
[2024-03-03T08:14:55.946+0000] {logging_mixin.py:188} INFO - [2024-03-03T08:14:55.945+0000] {dag.py:3047} INFO - Sync 1 DAGs
[2024-03-03T08:14:55.967+0000] {logging_mixin.py:188} INFO - [2024-03-03T08:14:55.967+0000] {dag.py:3834} INFO - Setting next_dagrun for example_branch_labels to 2024-03-02 00:00:00+00:00, run_after=2024-03-03 00:00:00+00:00
[2024-03-03T08:14:55.984+0000] {processor.py:183} INFO - Processing /home/airflow/.local/lib/python3.11/site-packages/airflow/example_dags/example_branch_labels.py took 0.073 seconds
[2024-03-03T08:15:26.730+0000] {processor.py:161} INFO - Started process (PID=665) to work on /home/airflow/.local/lib/python3.11/site-packages/airflow/example_dags/example_branch_labels.py
[2024-03-03T08:15:26.731+0000] {processor.py:830} INFO - Processing file /home/airflow/.local/lib/python3.11/site-packages/airflow/example_dags/example_branch_labels.py for tasks to queue
[2024-03-03T08:15:26.734+0000] {logging_mixin.py:188} INFO - [2024-03-03T08:15:26.733+0000] {dagbag.py:540} INFO - Filling up the DagBag from /home/airflow/.local/lib/python3.11/site-packages/airflow/example_dags/example_branch_labels.py
[2024-03-03T08:15:26.743+0000] {processor.py:840} INFO - DAG(s) 'example_branch_labels' retrieved from /home/airflow/.local/lib/python3.11/site-packages/airflow/example_dags/example_branch_labels.py
[2024-03-03T08:15:26.764+0000] {logging_mixin.py:188} INFO - [2024-03-03T08:15:26.763+0000] {dag.py:3047} INFO - Sync 1 DAGs
[2024-03-03T08:15:26.792+0000] {logging_mixin.py:188} INFO - [2024-03-03T08:15:26.792+0000] {dag.py:3834} INFO - Setting next_dagrun for example_branch_labels to 2024-03-02 00:00:00+00:00, run_after=2024-03-03 00:00:00+00:00
[2024-03-03T08:15:26.813+0000] {processor.py:183} INFO - Processing /home/airflow/.local/lib/python3.11/site-packages/airflow/example_dags/example_branch_labels.py took 0.087 seconds
[2024-03-03T08:15:57.501+0000] {processor.py:161} INFO - Started process (PID=721) to work on /home/airflow/.local/lib/python3.11/site-packages/airflow/example_dags/example_branch_labels.py
[2024-03-03T08:15:57.502+0000] {processor.py:830} INFO - Processing file /home/airflow/.local/lib/python3.11/site-packages/airflow/example_dags/example_branch_labels.py for tasks to queue
[2024-03-03T08:15:57.505+0000] {logging_mixin.py:188} INFO - [2024-03-03T08:15:57.504+0000] {dagbag.py:540} INFO - Filling up the DagBag from /home/airflow/.local/lib/python3.11/site-packages/airflow/example_dags/example_branch_labels.py
[2024-03-03T08:15:57.515+0000] {processor.py:840} INFO - DAG(s) 'example_branch_labels' retrieved from /home/airflow/.local/lib/python3.11/site-packages/airflow/example_dags/example_branch_labels.py
[2024-03-03T08:15:57.556+0000] {logging_mixin.py:188} INFO - [2024-03-03T08:15:57.556+0000] {dag.py:3047} INFO - Sync 1 DAGs
[2024-03-03T08:15:57.583+0000] {logging_mixin.py:188} INFO - [2024-03-03T08:15:57.583+0000] {dag.py:3834} INFO - Setting next_dagrun for example_branch_labels to 2024-03-02 00:00:00+00:00, run_after=2024-03-03 00:00:00+00:00
[2024-03-03T08:15:57.600+0000] {processor.py:183} INFO - Processing /home/airflow/.local/lib/python3.11/site-packages/airflow/example_dags/example_branch_labels.py took 0.103 seconds
[2024-03-03T08:16:28.165+0000] {processor.py:161} INFO - Started process (PID=777) to work on /home/airflow/.local/lib/python3.11/site-packages/airflow/example_dags/example_branch_labels.py
[2024-03-03T08:16:28.166+0000] {processor.py:830} INFO - Processing file /home/airflow/.local/lib/python3.11/site-packages/airflow/example_dags/example_branch_labels.py for tasks to queue
[2024-03-03T08:16:28.168+0000] {logging_mixin.py:188} INFO - [2024-03-03T08:16:28.167+0000] {dagbag.py:540} INFO - Filling up the DagBag from /home/airflow/.local/lib/python3.11/site-packages/airflow/example_dags/example_branch_labels.py
[2024-03-03T08:16:28.175+0000] {processor.py:840} INFO - DAG(s) 'example_branch_labels' retrieved from /home/airflow/.local/lib/python3.11/site-packages/airflow/example_dags/example_branch_labels.py
[2024-03-03T08:16:28.195+0000] {logging_mixin.py:188} INFO - [2024-03-03T08:16:28.195+0000] {dag.py:3047} INFO - Sync 1 DAGs
[2024-03-03T08:16:28.222+0000] {logging_mixin.py:188} INFO - [2024-03-03T08:16:28.222+0000] {dag.py:3834} INFO - Setting next_dagrun for example_branch_labels to 2024-03-02 00:00:00+00:00, run_after=2024-03-03 00:00:00+00:00
[2024-03-03T08:16:28.238+0000] {processor.py:183} INFO - Processing /home/airflow/.local/lib/python3.11/site-packages/airflow/example_dags/example_branch_labels.py took 0.076 seconds
[2024-03-03T08:16:58.952+0000] {processor.py:161} INFO - Started process (PID=833) to work on /home/airflow/.local/lib/python3.11/site-packages/airflow/example_dags/example_branch_labels.py
[2024-03-03T08:16:58.953+0000] {processor.py:830} INFO - Processing file /home/airflow/.local/lib/python3.11/site-packages/airflow/example_dags/example_branch_labels.py for tasks to queue
[2024-03-03T08:16:58.956+0000] {logging_mixin.py:188} INFO - [2024-03-03T08:16:58.955+0000] {dagbag.py:540} INFO - Filling up the DagBag from /home/airflow/.local/lib/python3.11/site-packages/airflow/example_dags/example_branch_labels.py
[2024-03-03T08:16:58.965+0000] {processor.py:840} INFO - DAG(s) 'example_branch_labels' retrieved from /home/airflow/.local/lib/python3.11/site-packages/airflow/example_dags/example_branch_labels.py
[2024-03-03T08:16:58.985+0000] {logging_mixin.py:188} INFO - [2024-03-03T08:16:58.985+0000] {dag.py:3047} INFO - Sync 1 DAGs
[2024-03-03T08:16:59.006+0000] {logging_mixin.py:188} INFO - [2024-03-03T08:16:59.006+0000] {dag.py:3834} INFO - Setting next_dagrun for example_branch_labels to 2024-03-02 00:00:00+00:00, run_after=2024-03-03 00:00:00+00:00
[2024-03-03T08:16:59.021+0000] {processor.py:183} INFO - Processing /home/airflow/.local/lib/python3.11/site-packages/airflow/example_dags/example_branch_labels.py took 0.072 seconds
[2024-03-03T08:17:29.476+0000] {processor.py:161} INFO - Started process (PID=889) to work on /home/airflow/.local/lib/python3.11/site-packages/airflow/example_dags/example_branch_labels.py
[2024-03-03T08:17:29.477+0000] {processor.py:830} INFO - Processing file /home/airflow/.local/lib/python3.11/site-packages/airflow/example_dags/example_branch_labels.py for tasks to queue
[2024-03-03T08:17:29.479+0000] {logging_mixin.py:188} INFO - [2024-03-03T08:17:29.479+0000] {dagbag.py:540} INFO - Filling up the DagBag from /home/airflow/.local/lib/python3.11/site-packages/airflow/example_dags/example_branch_labels.py
[2024-03-03T08:17:29.487+0000] {processor.py:840} INFO - DAG(s) 'example_branch_labels' retrieved from /home/airflow/.local/lib/python3.11/site-packages/airflow/example_dags/example_branch_labels.py
[2024-03-03T08:17:29.506+0000] {logging_mixin.py:188} INFO - [2024-03-03T08:17:29.506+0000] {dag.py:3047} INFO - Sync 1 DAGs
[2024-03-03T08:17:29.526+0000] {logging_mixin.py:188} INFO - [2024-03-03T08:17:29.526+0000] {dag.py:3834} INFO - Setting next_dagrun for example_branch_labels to 2024-03-02 00:00:00+00:00, run_after=2024-03-03 00:00:00+00:00
[2024-03-03T08:17:29.542+0000] {processor.py:183} INFO - Processing /home/airflow/.local/lib/python3.11/site-packages/airflow/example_dags/example_branch_labels.py took 0.069 seconds
[2024-03-03T08:17:59.798+0000] {processor.py:161} INFO - Started process (PID=944) to work on /home/airflow/.local/lib/python3.11/site-packages/airflow/example_dags/example_branch_labels.py
[2024-03-03T08:17:59.799+0000] {processor.py:830} INFO - Processing file /home/airflow/.local/lib/python3.11/site-packages/airflow/example_dags/example_branch_labels.py for tasks to queue
[2024-03-03T08:17:59.801+0000] {logging_mixin.py:188} INFO - [2024-03-03T08:17:59.800+0000] {dagbag.py:540} INFO - Filling up the DagBag from /home/airflow/.local/lib/python3.11/site-packages/airflow/example_dags/example_branch_labels.py
[2024-03-03T08:17:59.809+0000] {processor.py:840} INFO - DAG(s) 'example_branch_labels' retrieved from /home/airflow/.local/lib/python3.11/site-packages/airflow/example_dags/example_branch_labels.py
[2024-03-03T08:17:59.829+0000] {logging_mixin.py:188} INFO - [2024-03-03T08:17:59.829+0000] {dag.py:3047} INFO - Sync 1 DAGs
[2024-03-03T08:17:59.850+0000] {logging_mixin.py:188} INFO - [2024-03-03T08:17:59.850+0000] {dag.py:3834} INFO - Setting next_dagrun for example_branch_labels to 2024-03-02 00:00:00+00:00, run_after=2024-03-03 00:00:00+00:00
[2024-03-03T08:17:59.867+0000] {processor.py:183} INFO - Processing /home/airflow/.local/lib/python3.11/site-packages/airflow/example_dags/example_branch_labels.py took 0.071 seconds
