[2024-03-03T08:09:48.153+0000] {processor.py:161} INFO - Started process (PID=36) to work on /home/airflow/.local/lib/python3.11/site-packages/airflow/example_dags/example_xcom.py
[2024-03-03T08:09:48.154+0000] {processor.py:830} INFO - Processing file /home/airflow/.local/lib/python3.11/site-packages/airflow/example_dags/example_xcom.py for tasks to queue
[2024-03-03T08:09:48.156+0000] {logging_mixin.py:188} INFO - [2024-03-03T08:09:48.156+0000] {dagbag.py:540} INFO - Filling up the DagBag from /home/airflow/.local/lib/python3.11/site-packages/airflow/example_dags/example_xcom.py
[2024-03-03T08:09:48.169+0000] {processor.py:840} INFO - DAG(s) 'example_xcom' retrieved from /home/airflow/.local/lib/python3.11/site-packages/airflow/example_dags/example_xcom.py
[2024-03-03T08:09:48.323+0000] {logging_mixin.py:188} INFO - [2024-03-03T08:09:48.322+0000] {override.py:1769} INFO - Created Permission View: can edit on DAG:example_xcom
[2024-03-03T08:09:48.336+0000] {logging_mixin.py:188} INFO - [2024-03-03T08:09:48.335+0000] {override.py:1769} INFO - Created Permission View: can read on DAG:example_xcom
[2024-03-03T08:09:48.345+0000] {logging_mixin.py:188} INFO - [2024-03-03T08:09:48.345+0000] {override.py:1769} INFO - Created Permission View: can delete on DAG:example_xcom
[2024-03-03T08:09:48.346+0000] {logging_mixin.py:188} INFO - [2024-03-03T08:09:48.346+0000] {dag.py:3047} INFO - Sync 1 DAGs
[2024-03-03T08:09:48.360+0000] {logging_mixin.py:188} INFO - [2024-03-03T08:09:48.360+0000] {dag.py:3069} INFO - Creating ORM DAG for example_xcom
[2024-03-03T08:09:48.371+0000] {logging_mixin.py:188} INFO - [2024-03-03T08:09:48.371+0000] {dag.py:3834} INFO - Setting next_dagrun for example_xcom to 2021-01-01 00:00:00+00:00, run_after=2021-01-01 00:00:00+00:00
[2024-03-03T08:09:48.388+0000] {processor.py:183} INFO - Processing /home/airflow/.local/lib/python3.11/site-packages/airflow/example_dags/example_xcom.py took 0.238 seconds
[2024-03-03T08:10:18.513+0000] {processor.py:161} INFO - Started process (PID=91) to work on /home/airflow/.local/lib/python3.11/site-packages/airflow/example_dags/example_xcom.py
[2024-03-03T08:10:18.514+0000] {processor.py:830} INFO - Processing file /home/airflow/.local/lib/python3.11/site-packages/airflow/example_dags/example_xcom.py for tasks to queue
[2024-03-03T08:10:18.516+0000] {logging_mixin.py:188} INFO - [2024-03-03T08:10:18.516+0000] {dagbag.py:540} INFO - Filling up the DagBag from /home/airflow/.local/lib/python3.11/site-packages/airflow/example_dags/example_xcom.py
[2024-03-03T08:10:18.523+0000] {processor.py:840} INFO - DAG(s) 'example_xcom' retrieved from /home/airflow/.local/lib/python3.11/site-packages/airflow/example_dags/example_xcom.py
[2024-03-03T08:10:18.541+0000] {logging_mixin.py:188} INFO - [2024-03-03T08:10:18.541+0000] {dag.py:3047} INFO - Sync 1 DAGs
[2024-03-03T08:10:18.563+0000] {logging_mixin.py:188} INFO - [2024-03-03T08:10:18.562+0000] {dag.py:3834} INFO - Setting next_dagrun for example_xcom to 2021-01-01 00:00:00+00:00, run_after=2021-01-01 00:00:00+00:00
[2024-03-03T08:10:18.579+0000] {processor.py:183} INFO - Processing /home/airflow/.local/lib/python3.11/site-packages/airflow/example_dags/example_xcom.py took 0.069 seconds
[2024-03-03T08:10:48.907+0000] {processor.py:161} INFO - Started process (PID=146) to work on /home/airflow/.local/lib/python3.11/site-packages/airflow/example_dags/example_xcom.py
[2024-03-03T08:10:48.908+0000] {processor.py:830} INFO - Processing file /home/airflow/.local/lib/python3.11/site-packages/airflow/example_dags/example_xcom.py for tasks to queue
[2024-03-03T08:10:48.911+0000] {logging_mixin.py:188} INFO - [2024-03-03T08:10:48.910+0000] {dagbag.py:540} INFO - Filling up the DagBag from /home/airflow/.local/lib/python3.11/site-packages/airflow/example_dags/example_xcom.py
[2024-03-03T08:10:48.919+0000] {processor.py:840} INFO - DAG(s) 'example_xcom' retrieved from /home/airflow/.local/lib/python3.11/site-packages/airflow/example_dags/example_xcom.py
[2024-03-03T08:10:48.937+0000] {logging_mixin.py:188} INFO - [2024-03-03T08:10:48.936+0000] {dag.py:3047} INFO - Sync 1 DAGs
[2024-03-03T08:10:48.957+0000] {logging_mixin.py:188} INFO - [2024-03-03T08:10:48.957+0000] {dag.py:3834} INFO - Setting next_dagrun for example_xcom to 2021-01-01 00:00:00+00:00, run_after=2021-01-01 00:00:00+00:00
[2024-03-03T08:10:48.973+0000] {processor.py:183} INFO - Processing /home/airflow/.local/lib/python3.11/site-packages/airflow/example_dags/example_xcom.py took 0.070 seconds
[2024-03-03T08:11:19.368+0000] {processor.py:161} INFO - Started process (PID=201) to work on /home/airflow/.local/lib/python3.11/site-packages/airflow/example_dags/example_xcom.py
[2024-03-03T08:11:19.370+0000] {processor.py:830} INFO - Processing file /home/airflow/.local/lib/python3.11/site-packages/airflow/example_dags/example_xcom.py for tasks to queue
[2024-03-03T08:11:19.372+0000] {logging_mixin.py:188} INFO - [2024-03-03T08:11:19.371+0000] {dagbag.py:540} INFO - Filling up the DagBag from /home/airflow/.local/lib/python3.11/site-packages/airflow/example_dags/example_xcom.py
[2024-03-03T08:11:19.380+0000] {processor.py:840} INFO - DAG(s) 'example_xcom' retrieved from /home/airflow/.local/lib/python3.11/site-packages/airflow/example_dags/example_xcom.py
[2024-03-03T08:11:19.398+0000] {logging_mixin.py:188} INFO - [2024-03-03T08:11:19.398+0000] {dag.py:3047} INFO - Sync 1 DAGs
[2024-03-03T08:11:19.419+0000] {logging_mixin.py:188} INFO - [2024-03-03T08:11:19.419+0000] {dag.py:3834} INFO - Setting next_dagrun for example_xcom to 2021-01-01 00:00:00+00:00, run_after=2021-01-01 00:00:00+00:00
[2024-03-03T08:11:19.437+0000] {processor.py:183} INFO - Processing /home/airflow/.local/lib/python3.11/site-packages/airflow/example_dags/example_xcom.py took 0.072 seconds
[2024-03-03T08:11:49.969+0000] {processor.py:161} INFO - Started process (PID=256) to work on /home/airflow/.local/lib/python3.11/site-packages/airflow/example_dags/example_xcom.py
[2024-03-03T08:11:49.970+0000] {processor.py:830} INFO - Processing file /home/airflow/.local/lib/python3.11/site-packages/airflow/example_dags/example_xcom.py for tasks to queue
[2024-03-03T08:11:49.972+0000] {logging_mixin.py:188} INFO - [2024-03-03T08:11:49.972+0000] {dagbag.py:540} INFO - Filling up the DagBag from /home/airflow/.local/lib/python3.11/site-packages/airflow/example_dags/example_xcom.py
[2024-03-03T08:11:49.980+0000] {processor.py:840} INFO - DAG(s) 'example_xcom' retrieved from /home/airflow/.local/lib/python3.11/site-packages/airflow/example_dags/example_xcom.py
[2024-03-03T08:11:49.997+0000] {logging_mixin.py:188} INFO - [2024-03-03T08:11:49.997+0000] {dag.py:3047} INFO - Sync 1 DAGs
[2024-03-03T08:11:50.017+0000] {logging_mixin.py:188} INFO - [2024-03-03T08:11:50.017+0000] {dag.py:3834} INFO - Setting next_dagrun for example_xcom to 2021-01-01 00:00:00+00:00, run_after=2021-01-01 00:00:00+00:00
[2024-03-03T08:11:50.033+0000] {processor.py:183} INFO - Processing /home/airflow/.local/lib/python3.11/site-packages/airflow/example_dags/example_xcom.py took 0.067 seconds
[2024-03-03T08:12:20.480+0000] {processor.py:161} INFO - Started process (PID=311) to work on /home/airflow/.local/lib/python3.11/site-packages/airflow/example_dags/example_xcom.py
[2024-03-03T08:12:20.481+0000] {processor.py:830} INFO - Processing file /home/airflow/.local/lib/python3.11/site-packages/airflow/example_dags/example_xcom.py for tasks to queue
[2024-03-03T08:12:20.484+0000] {logging_mixin.py:188} INFO - [2024-03-03T08:12:20.484+0000] {dagbag.py:540} INFO - Filling up the DagBag from /home/airflow/.local/lib/python3.11/site-packages/airflow/example_dags/example_xcom.py
[2024-03-03T08:12:20.495+0000] {processor.py:840} INFO - DAG(s) 'example_xcom' retrieved from /home/airflow/.local/lib/python3.11/site-packages/airflow/example_dags/example_xcom.py
[2024-03-03T08:12:20.525+0000] {logging_mixin.py:188} INFO - [2024-03-03T08:12:20.525+0000] {dag.py:3047} INFO - Sync 1 DAGs
[2024-03-03T08:12:20.553+0000] {logging_mixin.py:188} INFO - [2024-03-03T08:12:20.553+0000] {dag.py:3834} INFO - Setting next_dagrun for example_xcom to 2021-01-01 00:00:00+00:00, run_after=2021-01-01 00:00:00+00:00
[2024-03-03T08:12:20.573+0000] {processor.py:183} INFO - Processing /home/airflow/.local/lib/python3.11/site-packages/airflow/example_dags/example_xcom.py took 0.097 seconds
[2024-03-03T08:12:51.088+0000] {processor.py:161} INFO - Started process (PID=366) to work on /home/airflow/.local/lib/python3.11/site-packages/airflow/example_dags/example_xcom.py
[2024-03-03T08:12:51.089+0000] {processor.py:830} INFO - Processing file /home/airflow/.local/lib/python3.11/site-packages/airflow/example_dags/example_xcom.py for tasks to queue
[2024-03-03T08:12:51.092+0000] {logging_mixin.py:188} INFO - [2024-03-03T08:12:51.091+0000] {dagbag.py:540} INFO - Filling up the DagBag from /home/airflow/.local/lib/python3.11/site-packages/airflow/example_dags/example_xcom.py
[2024-03-03T08:12:51.103+0000] {processor.py:840} INFO - DAG(s) 'example_xcom' retrieved from /home/airflow/.local/lib/python3.11/site-packages/airflow/example_dags/example_xcom.py
[2024-03-03T08:12:51.132+0000] {logging_mixin.py:188} INFO - [2024-03-03T08:12:51.132+0000] {dag.py:3047} INFO - Sync 1 DAGs
[2024-03-03T08:12:51.154+0000] {logging_mixin.py:188} INFO - [2024-03-03T08:12:51.153+0000] {dag.py:3834} INFO - Setting next_dagrun for example_xcom to 2021-01-01 00:00:00+00:00, run_after=2021-01-01 00:00:00+00:00
[2024-03-03T08:12:51.175+0000] {processor.py:183} INFO - Processing /home/airflow/.local/lib/python3.11/site-packages/airflow/example_dags/example_xcom.py took 0.090 seconds
[2024-03-03T08:13:21.590+0000] {processor.py:161} INFO - Started process (PID=421) to work on /home/airflow/.local/lib/python3.11/site-packages/airflow/example_dags/example_xcom.py
[2024-03-03T08:13:21.590+0000] {processor.py:830} INFO - Processing file /home/airflow/.local/lib/python3.11/site-packages/airflow/example_dags/example_xcom.py for tasks to queue
[2024-03-03T08:13:21.593+0000] {logging_mixin.py:188} INFO - [2024-03-03T08:13:21.592+0000] {dagbag.py:540} INFO - Filling up the DagBag from /home/airflow/.local/lib/python3.11/site-packages/airflow/example_dags/example_xcom.py
[2024-03-03T08:13:21.601+0000] {processor.py:840} INFO - DAG(s) 'example_xcom' retrieved from /home/airflow/.local/lib/python3.11/site-packages/airflow/example_dags/example_xcom.py
[2024-03-03T08:13:21.621+0000] {logging_mixin.py:188} INFO - [2024-03-03T08:13:21.621+0000] {dag.py:3047} INFO - Sync 1 DAGs
[2024-03-03T08:13:21.642+0000] {logging_mixin.py:188} INFO - [2024-03-03T08:13:21.642+0000] {dag.py:3834} INFO - Setting next_dagrun for example_xcom to 2021-01-01 00:00:00+00:00, run_after=2021-01-01 00:00:00+00:00
[2024-03-03T08:13:21.659+0000] {processor.py:183} INFO - Processing /home/airflow/.local/lib/python3.11/site-packages/airflow/example_dags/example_xcom.py took 0.072 seconds
[2024-03-03T08:13:52.289+0000] {processor.py:161} INFO - Started process (PID=476) to work on /home/airflow/.local/lib/python3.11/site-packages/airflow/example_dags/example_xcom.py
[2024-03-03T08:13:52.290+0000] {processor.py:830} INFO - Processing file /home/airflow/.local/lib/python3.11/site-packages/airflow/example_dags/example_xcom.py for tasks to queue
[2024-03-03T08:13:52.293+0000] {logging_mixin.py:188} INFO - [2024-03-03T08:13:52.292+0000] {dagbag.py:540} INFO - Filling up the DagBag from /home/airflow/.local/lib/python3.11/site-packages/airflow/example_dags/example_xcom.py
[2024-03-03T08:13:52.301+0000] {processor.py:840} INFO - DAG(s) 'example_xcom' retrieved from /home/airflow/.local/lib/python3.11/site-packages/airflow/example_dags/example_xcom.py
[2024-03-03T08:13:52.320+0000] {logging_mixin.py:188} INFO - [2024-03-03T08:13:52.320+0000] {dag.py:3047} INFO - Sync 1 DAGs
[2024-03-03T08:13:52.343+0000] {logging_mixin.py:188} INFO - [2024-03-03T08:13:52.343+0000] {dag.py:3834} INFO - Setting next_dagrun for example_xcom to 2021-01-01 00:00:00+00:00, run_after=2021-01-01 00:00:00+00:00
[2024-03-03T08:13:52.361+0000] {processor.py:183} INFO - Processing /home/airflow/.local/lib/python3.11/site-packages/airflow/example_dags/example_xcom.py took 0.074 seconds
[2024-03-03T08:14:22.510+0000] {processor.py:161} INFO - Started process (PID=539) to work on /home/airflow/.local/lib/python3.11/site-packages/airflow/example_dags/example_xcom.py
[2024-03-03T08:14:22.511+0000] {processor.py:830} INFO - Processing file /home/airflow/.local/lib/python3.11/site-packages/airflow/example_dags/example_xcom.py for tasks to queue
[2024-03-03T08:14:22.516+0000] {logging_mixin.py:188} INFO - [2024-03-03T08:14:22.515+0000] {dagbag.py:540} INFO - Filling up the DagBag from /home/airflow/.local/lib/python3.11/site-packages/airflow/example_dags/example_xcom.py
[2024-03-03T08:14:22.524+0000] {processor.py:840} INFO - DAG(s) 'example_xcom' retrieved from /home/airflow/.local/lib/python3.11/site-packages/airflow/example_dags/example_xcom.py
[2024-03-03T08:14:22.542+0000] {logging_mixin.py:188} INFO - [2024-03-03T08:14:22.542+0000] {dag.py:3047} INFO - Sync 1 DAGs
[2024-03-03T08:14:22.561+0000] {logging_mixin.py:188} INFO - [2024-03-03T08:14:22.561+0000] {dag.py:3834} INFO - Setting next_dagrun for example_xcom to 2021-01-01 00:00:00+00:00, run_after=2021-01-01 00:00:00+00:00
[2024-03-03T08:14:22.579+0000] {processor.py:183} INFO - Processing /home/airflow/.local/lib/python3.11/site-packages/airflow/example_dags/example_xcom.py took 0.073 seconds
[2024-03-03T08:14:53.151+0000] {processor.py:161} INFO - Started process (PID=595) to work on /home/airflow/.local/lib/python3.11/site-packages/airflow/example_dags/example_xcom.py
[2024-03-03T08:14:53.152+0000] {processor.py:830} INFO - Processing file /home/airflow/.local/lib/python3.11/site-packages/airflow/example_dags/example_xcom.py for tasks to queue
[2024-03-03T08:14:53.156+0000] {logging_mixin.py:188} INFO - [2024-03-03T08:14:53.155+0000] {dagbag.py:540} INFO - Filling up the DagBag from /home/airflow/.local/lib/python3.11/site-packages/airflow/example_dags/example_xcom.py
[2024-03-03T08:14:53.166+0000] {processor.py:840} INFO - DAG(s) 'example_xcom' retrieved from /home/airflow/.local/lib/python3.11/site-packages/airflow/example_dags/example_xcom.py
[2024-03-03T08:14:53.192+0000] {logging_mixin.py:188} INFO - [2024-03-03T08:14:53.192+0000] {dag.py:3047} INFO - Sync 1 DAGs
[2024-03-03T08:14:53.217+0000] {logging_mixin.py:188} INFO - [2024-03-03T08:14:53.217+0000] {dag.py:3834} INFO - Setting next_dagrun for example_xcom to 2021-01-01 00:00:00+00:00, run_after=2021-01-01 00:00:00+00:00
[2024-03-03T08:14:53.238+0000] {processor.py:183} INFO - Processing /home/airflow/.local/lib/python3.11/site-packages/airflow/example_dags/example_xcom.py took 0.091 seconds
[2024-03-03T08:15:23.889+0000] {processor.py:161} INFO - Started process (PID=651) to work on /home/airflow/.local/lib/python3.11/site-packages/airflow/example_dags/example_xcom.py
[2024-03-03T08:15:23.891+0000] {processor.py:830} INFO - Processing file /home/airflow/.local/lib/python3.11/site-packages/airflow/example_dags/example_xcom.py for tasks to queue
[2024-03-03T08:15:23.895+0000] {logging_mixin.py:188} INFO - [2024-03-03T08:15:23.893+0000] {dagbag.py:540} INFO - Filling up the DagBag from /home/airflow/.local/lib/python3.11/site-packages/airflow/example_dags/example_xcom.py
[2024-03-03T08:15:23.907+0000] {processor.py:840} INFO - DAG(s) 'example_xcom' retrieved from /home/airflow/.local/lib/python3.11/site-packages/airflow/example_dags/example_xcom.py
[2024-03-03T08:15:23.931+0000] {logging_mixin.py:188} INFO - [2024-03-03T08:15:23.930+0000] {dag.py:3047} INFO - Sync 1 DAGs
[2024-03-03T08:15:23.954+0000] {logging_mixin.py:188} INFO - [2024-03-03T08:15:23.954+0000] {dag.py:3834} INFO - Setting next_dagrun for example_xcom to 2021-01-01 00:00:00+00:00, run_after=2021-01-01 00:00:00+00:00
[2024-03-03T08:15:23.972+0000] {processor.py:183} INFO - Processing /home/airflow/.local/lib/python3.11/site-packages/airflow/example_dags/example_xcom.py took 0.089 seconds
[2024-03-03T08:15:54.807+0000] {processor.py:161} INFO - Started process (PID=707) to work on /home/airflow/.local/lib/python3.11/site-packages/airflow/example_dags/example_xcom.py
[2024-03-03T08:15:54.808+0000] {processor.py:830} INFO - Processing file /home/airflow/.local/lib/python3.11/site-packages/airflow/example_dags/example_xcom.py for tasks to queue
[2024-03-03T08:15:54.810+0000] {logging_mixin.py:188} INFO - [2024-03-03T08:15:54.810+0000] {dagbag.py:540} INFO - Filling up the DagBag from /home/airflow/.local/lib/python3.11/site-packages/airflow/example_dags/example_xcom.py
[2024-03-03T08:15:54.819+0000] {processor.py:840} INFO - DAG(s) 'example_xcom' retrieved from /home/airflow/.local/lib/python3.11/site-packages/airflow/example_dags/example_xcom.py
[2024-03-03T08:15:54.841+0000] {logging_mixin.py:188} INFO - [2024-03-03T08:15:54.841+0000] {dag.py:3047} INFO - Sync 1 DAGs
[2024-03-03T08:15:54.870+0000] {logging_mixin.py:188} INFO - [2024-03-03T08:15:54.869+0000] {dag.py:3834} INFO - Setting next_dagrun for example_xcom to 2021-01-01 00:00:00+00:00, run_after=2021-01-01 00:00:00+00:00
[2024-03-03T08:15:54.890+0000] {processor.py:183} INFO - Processing /home/airflow/.local/lib/python3.11/site-packages/airflow/example_dags/example_xcom.py took 0.086 seconds
[2024-03-03T08:16:25.479+0000] {processor.py:161} INFO - Started process (PID=763) to work on /home/airflow/.local/lib/python3.11/site-packages/airflow/example_dags/example_xcom.py
[2024-03-03T08:16:25.480+0000] {processor.py:830} INFO - Processing file /home/airflow/.local/lib/python3.11/site-packages/airflow/example_dags/example_xcom.py for tasks to queue
[2024-03-03T08:16:25.482+0000] {logging_mixin.py:188} INFO - [2024-03-03T08:16:25.482+0000] {dagbag.py:540} INFO - Filling up the DagBag from /home/airflow/.local/lib/python3.11/site-packages/airflow/example_dags/example_xcom.py
[2024-03-03T08:16:25.492+0000] {processor.py:840} INFO - DAG(s) 'example_xcom' retrieved from /home/airflow/.local/lib/python3.11/site-packages/airflow/example_dags/example_xcom.py
[2024-03-03T08:16:25.512+0000] {logging_mixin.py:188} INFO - [2024-03-03T08:16:25.512+0000] {dag.py:3047} INFO - Sync 1 DAGs
[2024-03-03T08:16:25.536+0000] {logging_mixin.py:188} INFO - [2024-03-03T08:16:25.536+0000] {dag.py:3834} INFO - Setting next_dagrun for example_xcom to 2021-01-01 00:00:00+00:00, run_after=2021-01-01 00:00:00+00:00
[2024-03-03T08:16:25.552+0000] {processor.py:183} INFO - Processing /home/airflow/.local/lib/python3.11/site-packages/airflow/example_dags/example_xcom.py took 0.077 seconds
[2024-03-03T08:16:56.278+0000] {processor.py:161} INFO - Started process (PID=819) to work on /home/airflow/.local/lib/python3.11/site-packages/airflow/example_dags/example_xcom.py
[2024-03-03T08:16:56.279+0000] {processor.py:830} INFO - Processing file /home/airflow/.local/lib/python3.11/site-packages/airflow/example_dags/example_xcom.py for tasks to queue
[2024-03-03T08:16:56.281+0000] {logging_mixin.py:188} INFO - [2024-03-03T08:16:56.281+0000] {dagbag.py:540} INFO - Filling up the DagBag from /home/airflow/.local/lib/python3.11/site-packages/airflow/example_dags/example_xcom.py
[2024-03-03T08:16:56.289+0000] {processor.py:840} INFO - DAG(s) 'example_xcom' retrieved from /home/airflow/.local/lib/python3.11/site-packages/airflow/example_dags/example_xcom.py
[2024-03-03T08:16:56.308+0000] {logging_mixin.py:188} INFO - [2024-03-03T08:16:56.308+0000] {dag.py:3047} INFO - Sync 1 DAGs
[2024-03-03T08:16:56.328+0000] {logging_mixin.py:188} INFO - [2024-03-03T08:16:56.328+0000] {dag.py:3834} INFO - Setting next_dagrun for example_xcom to 2021-01-01 00:00:00+00:00, run_after=2021-01-01 00:00:00+00:00
[2024-03-03T08:16:56.344+0000] {processor.py:183} INFO - Processing /home/airflow/.local/lib/python3.11/site-packages/airflow/example_dags/example_xcom.py took 0.069 seconds
[2024-03-03T08:17:26.822+0000] {processor.py:161} INFO - Started process (PID=875) to work on /home/airflow/.local/lib/python3.11/site-packages/airflow/example_dags/example_xcom.py
[2024-03-03T08:17:26.823+0000] {processor.py:830} INFO - Processing file /home/airflow/.local/lib/python3.11/site-packages/airflow/example_dags/example_xcom.py for tasks to queue
[2024-03-03T08:17:26.826+0000] {logging_mixin.py:188} INFO - [2024-03-03T08:17:26.825+0000] {dagbag.py:540} INFO - Filling up the DagBag from /home/airflow/.local/lib/python3.11/site-packages/airflow/example_dags/example_xcom.py
[2024-03-03T08:17:26.835+0000] {processor.py:840} INFO - DAG(s) 'example_xcom' retrieved from /home/airflow/.local/lib/python3.11/site-packages/airflow/example_dags/example_xcom.py
[2024-03-03T08:17:26.855+0000] {logging_mixin.py:188} INFO - [2024-03-03T08:17:26.854+0000] {dag.py:3047} INFO - Sync 1 DAGs
[2024-03-03T08:17:26.880+0000] {logging_mixin.py:188} INFO - [2024-03-03T08:17:26.880+0000] {dag.py:3834} INFO - Setting next_dagrun for example_xcom to 2021-01-01 00:00:00+00:00, run_after=2021-01-01 00:00:00+00:00
[2024-03-03T08:17:26.896+0000] {processor.py:183} INFO - Processing /home/airflow/.local/lib/python3.11/site-packages/airflow/example_dags/example_xcom.py took 0.077 seconds
[2024-03-03T08:17:57.165+0000] {processor.py:161} INFO - Started process (PID=930) to work on /home/airflow/.local/lib/python3.11/site-packages/airflow/example_dags/example_xcom.py
[2024-03-03T08:17:57.166+0000] {processor.py:830} INFO - Processing file /home/airflow/.local/lib/python3.11/site-packages/airflow/example_dags/example_xcom.py for tasks to queue
[2024-03-03T08:17:57.168+0000] {logging_mixin.py:188} INFO - [2024-03-03T08:17:57.167+0000] {dagbag.py:540} INFO - Filling up the DagBag from /home/airflow/.local/lib/python3.11/site-packages/airflow/example_dags/example_xcom.py
[2024-03-03T08:17:57.177+0000] {processor.py:840} INFO - DAG(s) 'example_xcom' retrieved from /home/airflow/.local/lib/python3.11/site-packages/airflow/example_dags/example_xcom.py
[2024-03-03T08:17:57.200+0000] {logging_mixin.py:188} INFO - [2024-03-03T08:17:57.200+0000] {dag.py:3047} INFO - Sync 1 DAGs
[2024-03-03T08:17:57.226+0000] {logging_mixin.py:188} INFO - [2024-03-03T08:17:57.225+0000] {dag.py:3834} INFO - Setting next_dagrun for example_xcom to 2021-01-01 00:00:00+00:00, run_after=2021-01-01 00:00:00+00:00
[2024-03-03T08:17:57.248+0000] {processor.py:183} INFO - Processing /home/airflow/.local/lib/python3.11/site-packages/airflow/example_dags/example_xcom.py took 0.087 seconds
