[2024-03-03T08:09:51.098+0000] {processor.py:161} INFO - Started process (PID=58) to work on /home/airflow/.local/lib/python3.11/site-packages/airflow/example_dags/example_subdag_operator.py
[2024-03-03T08:09:51.100+0000] {processor.py:830} INFO - Processing file /home/airflow/.local/lib/python3.11/site-packages/airflow/example_dags/example_subdag_operator.py for tasks to queue
[2024-03-03T08:09:51.102+0000] {logging_mixin.py:188} INFO - [2024-03-03T08:09:51.102+0000] {dagbag.py:540} INFO - Filling up the DagBag from /home/airflow/.local/lib/python3.11/site-packages/airflow/example_dags/example_subdag_operator.py
[2024-03-03T08:09:51.124+0000] {processor.py:840} INFO - DAG(s) 'example_subdag_operator.section-1', 'example_subdag_operator.section-2', 'example_subdag_operator' retrieved from /home/airflow/.local/lib/python3.11/site-packages/airflow/example_dags/example_subdag_operator.py
[2024-03-03T08:09:51.238+0000] {logging_mixin.py:188} INFO - [2024-03-03T08:09:51.237+0000] {override.py:1769} INFO - Created Permission View: can edit on DAG:example_subdag_operator
[2024-03-03T08:09:51.246+0000] {logging_mixin.py:188} INFO - [2024-03-03T08:09:51.246+0000] {override.py:1769} INFO - Created Permission View: can read on DAG:example_subdag_operator
[2024-03-03T08:09:51.253+0000] {logging_mixin.py:188} INFO - [2024-03-03T08:09:51.252+0000] {override.py:1769} INFO - Created Permission View: can delete on DAG:example_subdag_operator
[2024-03-03T08:09:51.253+0000] {logging_mixin.py:188} INFO - [2024-03-03T08:09:51.253+0000] {dag.py:3047} INFO - Sync 3 DAGs
[2024-03-03T08:09:51.267+0000] {logging_mixin.py:188} INFO - [2024-03-03T08:09:51.267+0000] {dag.py:3069} INFO - Creating ORM DAG for example_subdag_operator.section-2
[2024-03-03T08:09:51.268+0000] {logging_mixin.py:188} INFO - [2024-03-03T08:09:51.268+0000] {dag.py:3069} INFO - Creating ORM DAG for example_subdag_operator
[2024-03-03T08:09:51.269+0000] {logging_mixin.py:188} INFO - [2024-03-03T08:09:51.269+0000] {dag.py:3069} INFO - Creating ORM DAG for example_subdag_operator.section-1
[2024-03-03T08:09:51.280+0000] {logging_mixin.py:188} INFO - [2024-03-03T08:09:51.279+0000] {dag.py:3834} INFO - Setting next_dagrun for example_subdag_operator to 2022-01-01 00:00:00+00:00, run_after=2022-01-01 00:00:00+00:00
[2024-03-03T08:09:51.281+0000] {logging_mixin.py:188} INFO - [2024-03-03T08:09:51.281+0000] {dag.py:3834} INFO - Setting next_dagrun for example_subdag_operator.section-1 to None, run_after=None
[2024-03-03T08:09:51.282+0000] {logging_mixin.py:188} INFO - [2024-03-03T08:09:51.281+0000] {dag.py:3834} INFO - Setting next_dagrun for example_subdag_operator.section-2 to None, run_after=None
[2024-03-03T08:09:51.291+0000] {logging_mixin.py:188} INFO - [2024-03-03T08:09:51.290+0000] {dag.py:3047} INFO - Sync 2 DAGs
[2024-03-03T08:09:51.297+0000] {logging_mixin.py:188} INFO - [2024-03-03T08:09:51.297+0000] {dag.py:3834} INFO - Setting next_dagrun for example_subdag_operator.section-1 to None, run_after=None
[2024-03-03T08:09:51.301+0000] {logging_mixin.py:188} INFO - [2024-03-03T08:09:51.301+0000] {dag.py:3834} INFO - Setting next_dagrun for example_subdag_operator.section-2 to None, run_after=None
[2024-03-03T08:09:51.312+0000] {processor.py:183} INFO - Processing /home/airflow/.local/lib/python3.11/site-packages/airflow/example_dags/example_subdag_operator.py took 0.217 seconds
[2024-03-03T08:10:21.499+0000] {processor.py:161} INFO - Started process (PID=113) to work on /home/airflow/.local/lib/python3.11/site-packages/airflow/example_dags/example_subdag_operator.py
[2024-03-03T08:10:21.499+0000] {processor.py:830} INFO - Processing file /home/airflow/.local/lib/python3.11/site-packages/airflow/example_dags/example_subdag_operator.py for tasks to queue
[2024-03-03T08:10:21.502+0000] {logging_mixin.py:188} INFO - [2024-03-03T08:10:21.501+0000] {dagbag.py:540} INFO - Filling up the DagBag from /home/airflow/.local/lib/python3.11/site-packages/airflow/example_dags/example_subdag_operator.py
[2024-03-03T08:10:21.523+0000] {processor.py:840} INFO - DAG(s) 'example_subdag_operator.section-1', 'example_subdag_operator.section-2', 'example_subdag_operator' retrieved from /home/airflow/.local/lib/python3.11/site-packages/airflow/example_dags/example_subdag_operator.py
[2024-03-03T08:10:21.537+0000] {logging_mixin.py:188} INFO - [2024-03-03T08:10:21.536+0000] {dag.py:3047} INFO - Sync 3 DAGs
[2024-03-03T08:10:21.556+0000] {logging_mixin.py:188} INFO - [2024-03-03T08:10:21.556+0000] {dag.py:3834} INFO - Setting next_dagrun for example_subdag_operator to 2022-01-01 00:00:00+00:00, run_after=2022-01-01 00:00:00+00:00
[2024-03-03T08:10:21.560+0000] {logging_mixin.py:188} INFO - [2024-03-03T08:10:21.560+0000] {dag.py:3834} INFO - Setting next_dagrun for example_subdag_operator.section-1 to None, run_after=None
[2024-03-03T08:10:21.562+0000] {logging_mixin.py:188} INFO - [2024-03-03T08:10:21.562+0000] {dag.py:3834} INFO - Setting next_dagrun for example_subdag_operator.section-2 to None, run_after=None
[2024-03-03T08:10:21.569+0000] {logging_mixin.py:188} INFO - [2024-03-03T08:10:21.569+0000] {dag.py:3047} INFO - Sync 2 DAGs
[2024-03-03T08:10:21.574+0000] {logging_mixin.py:188} INFO - [2024-03-03T08:10:21.574+0000] {dag.py:3834} INFO - Setting next_dagrun for example_subdag_operator.section-1 to None, run_after=None
[2024-03-03T08:10:21.574+0000] {logging_mixin.py:188} INFO - [2024-03-03T08:10:21.574+0000] {dag.py:3834} INFO - Setting next_dagrun for example_subdag_operator.section-2 to None, run_after=None
[2024-03-03T08:10:21.583+0000] {processor.py:183} INFO - Processing /home/airflow/.local/lib/python3.11/site-packages/airflow/example_dags/example_subdag_operator.py took 0.088 seconds
[2024-03-03T08:10:51.978+0000] {processor.py:161} INFO - Started process (PID=169) to work on /home/airflow/.local/lib/python3.11/site-packages/airflow/example_dags/example_subdag_operator.py
[2024-03-03T08:10:51.979+0000] {processor.py:830} INFO - Processing file /home/airflow/.local/lib/python3.11/site-packages/airflow/example_dags/example_subdag_operator.py for tasks to queue
[2024-03-03T08:10:51.982+0000] {logging_mixin.py:188} INFO - [2024-03-03T08:10:51.981+0000] {dagbag.py:540} INFO - Filling up the DagBag from /home/airflow/.local/lib/python3.11/site-packages/airflow/example_dags/example_subdag_operator.py
[2024-03-03T08:10:52.006+0000] {processor.py:840} INFO - DAG(s) 'example_subdag_operator.section-1', 'example_subdag_operator.section-2', 'example_subdag_operator' retrieved from /home/airflow/.local/lib/python3.11/site-packages/airflow/example_dags/example_subdag_operator.py
[2024-03-03T08:10:52.016+0000] {logging_mixin.py:188} INFO - [2024-03-03T08:10:52.016+0000] {dag.py:3047} INFO - Sync 3 DAGs
[2024-03-03T08:10:52.038+0000] {logging_mixin.py:188} INFO - [2024-03-03T08:10:52.038+0000] {dag.py:3834} INFO - Setting next_dagrun for example_subdag_operator to 2022-01-01 00:00:00+00:00, run_after=2022-01-01 00:00:00+00:00
[2024-03-03T08:10:52.043+0000] {logging_mixin.py:188} INFO - [2024-03-03T08:10:52.042+0000] {dag.py:3834} INFO - Setting next_dagrun for example_subdag_operator.section-1 to None, run_after=None
[2024-03-03T08:10:52.044+0000] {logging_mixin.py:188} INFO - [2024-03-03T08:10:52.044+0000] {dag.py:3834} INFO - Setting next_dagrun for example_subdag_operator.section-2 to None, run_after=None
[2024-03-03T08:10:52.052+0000] {logging_mixin.py:188} INFO - [2024-03-03T08:10:52.052+0000] {dag.py:3047} INFO - Sync 2 DAGs
[2024-03-03T08:10:52.057+0000] {logging_mixin.py:188} INFO - [2024-03-03T08:10:52.057+0000] {dag.py:3834} INFO - Setting next_dagrun for example_subdag_operator.section-1 to None, run_after=None
[2024-03-03T08:10:52.058+0000] {logging_mixin.py:188} INFO - [2024-03-03T08:10:52.057+0000] {dag.py:3834} INFO - Setting next_dagrun for example_subdag_operator.section-2 to None, run_after=None
[2024-03-03T08:10:52.067+0000] {processor.py:183} INFO - Processing /home/airflow/.local/lib/python3.11/site-packages/airflow/example_dags/example_subdag_operator.py took 0.096 seconds
[2024-03-03T08:11:22.552+0000] {processor.py:161} INFO - Started process (PID=224) to work on /home/airflow/.local/lib/python3.11/site-packages/airflow/example_dags/example_subdag_operator.py
[2024-03-03T08:11:22.553+0000] {processor.py:830} INFO - Processing file /home/airflow/.local/lib/python3.11/site-packages/airflow/example_dags/example_subdag_operator.py for tasks to queue
[2024-03-03T08:11:22.555+0000] {logging_mixin.py:188} INFO - [2024-03-03T08:11:22.555+0000] {dagbag.py:540} INFO - Filling up the DagBag from /home/airflow/.local/lib/python3.11/site-packages/airflow/example_dags/example_subdag_operator.py
[2024-03-03T08:11:22.578+0000] {processor.py:840} INFO - DAG(s) 'example_subdag_operator.section-1', 'example_subdag_operator.section-2', 'example_subdag_operator' retrieved from /home/airflow/.local/lib/python3.11/site-packages/airflow/example_dags/example_subdag_operator.py
[2024-03-03T08:11:22.596+0000] {logging_mixin.py:188} INFO - [2024-03-03T08:11:22.595+0000] {dag.py:3047} INFO - Sync 3 DAGs
[2024-03-03T08:11:22.615+0000] {logging_mixin.py:188} INFO - [2024-03-03T08:11:22.615+0000] {dag.py:3834} INFO - Setting next_dagrun for example_subdag_operator to 2022-01-01 00:00:00+00:00, run_after=2022-01-01 00:00:00+00:00
[2024-03-03T08:11:22.619+0000] {logging_mixin.py:188} INFO - [2024-03-03T08:11:22.619+0000] {dag.py:3834} INFO - Setting next_dagrun for example_subdag_operator.section-1 to None, run_after=None
[2024-03-03T08:11:22.621+0000] {logging_mixin.py:188} INFO - [2024-03-03T08:11:22.621+0000] {dag.py:3834} INFO - Setting next_dagrun for example_subdag_operator.section-2 to None, run_after=None
[2024-03-03T08:11:22.628+0000] {logging_mixin.py:188} INFO - [2024-03-03T08:11:22.627+0000] {dag.py:3047} INFO - Sync 2 DAGs
[2024-03-03T08:11:22.633+0000] {logging_mixin.py:188} INFO - [2024-03-03T08:11:22.633+0000] {dag.py:3834} INFO - Setting next_dagrun for example_subdag_operator.section-1 to None, run_after=None
[2024-03-03T08:11:22.634+0000] {logging_mixin.py:188} INFO - [2024-03-03T08:11:22.633+0000] {dag.py:3834} INFO - Setting next_dagrun for example_subdag_operator.section-2 to None, run_after=None
[2024-03-03T08:11:22.645+0000] {processor.py:183} INFO - Processing /home/airflow/.local/lib/python3.11/site-packages/airflow/example_dags/example_subdag_operator.py took 0.096 seconds
[2024-03-03T08:11:53.106+0000] {processor.py:161} INFO - Started process (PID=278) to work on /home/airflow/.local/lib/python3.11/site-packages/airflow/example_dags/example_subdag_operator.py
[2024-03-03T08:11:53.107+0000] {processor.py:830} INFO - Processing file /home/airflow/.local/lib/python3.11/site-packages/airflow/example_dags/example_subdag_operator.py for tasks to queue
[2024-03-03T08:11:53.109+0000] {logging_mixin.py:188} INFO - [2024-03-03T08:11:53.109+0000] {dagbag.py:540} INFO - Filling up the DagBag from /home/airflow/.local/lib/python3.11/site-packages/airflow/example_dags/example_subdag_operator.py
[2024-03-03T08:11:53.131+0000] {processor.py:840} INFO - DAG(s) 'example_subdag_operator.section-1', 'example_subdag_operator.section-2', 'example_subdag_operator' retrieved from /home/airflow/.local/lib/python3.11/site-packages/airflow/example_dags/example_subdag_operator.py
[2024-03-03T08:11:53.145+0000] {logging_mixin.py:188} INFO - [2024-03-03T08:11:53.144+0000] {dag.py:3047} INFO - Sync 3 DAGs
[2024-03-03T08:11:53.164+0000] {logging_mixin.py:188} INFO - [2024-03-03T08:11:53.163+0000] {dag.py:3834} INFO - Setting next_dagrun for example_subdag_operator to 2022-01-01 00:00:00+00:00, run_after=2022-01-01 00:00:00+00:00
[2024-03-03T08:11:53.168+0000] {logging_mixin.py:188} INFO - [2024-03-03T08:11:53.168+0000] {dag.py:3834} INFO - Setting next_dagrun for example_subdag_operator.section-1 to None, run_after=None
[2024-03-03T08:11:53.170+0000] {logging_mixin.py:188} INFO - [2024-03-03T08:11:53.169+0000] {dag.py:3834} INFO - Setting next_dagrun for example_subdag_operator.section-2 to None, run_after=None
[2024-03-03T08:11:53.177+0000] {logging_mixin.py:188} INFO - [2024-03-03T08:11:53.177+0000] {dag.py:3047} INFO - Sync 2 DAGs
[2024-03-03T08:11:53.182+0000] {logging_mixin.py:188} INFO - [2024-03-03T08:11:53.182+0000] {dag.py:3834} INFO - Setting next_dagrun for example_subdag_operator.section-1 to None, run_after=None
[2024-03-03T08:11:53.183+0000] {logging_mixin.py:188} INFO - [2024-03-03T08:11:53.183+0000] {dag.py:3834} INFO - Setting next_dagrun for example_subdag_operator.section-2 to None, run_after=None
[2024-03-03T08:11:53.192+0000] {processor.py:183} INFO - Processing /home/airflow/.local/lib/python3.11/site-packages/airflow/example_dags/example_subdag_operator.py took 0.089 seconds
[2024-03-03T08:12:23.646+0000] {processor.py:161} INFO - Started process (PID=333) to work on /home/airflow/.local/lib/python3.11/site-packages/airflow/example_dags/example_subdag_operator.py
[2024-03-03T08:12:23.647+0000] {processor.py:830} INFO - Processing file /home/airflow/.local/lib/python3.11/site-packages/airflow/example_dags/example_subdag_operator.py for tasks to queue
[2024-03-03T08:12:23.650+0000] {logging_mixin.py:188} INFO - [2024-03-03T08:12:23.650+0000] {dagbag.py:540} INFO - Filling up the DagBag from /home/airflow/.local/lib/python3.11/site-packages/airflow/example_dags/example_subdag_operator.py
[2024-03-03T08:12:23.673+0000] {processor.py:840} INFO - DAG(s) 'example_subdag_operator.section-1', 'example_subdag_operator.section-2', 'example_subdag_operator' retrieved from /home/airflow/.local/lib/python3.11/site-packages/airflow/example_dags/example_subdag_operator.py
[2024-03-03T08:12:23.687+0000] {logging_mixin.py:188} INFO - [2024-03-03T08:12:23.686+0000] {dag.py:3047} INFO - Sync 3 DAGs
[2024-03-03T08:12:23.708+0000] {logging_mixin.py:188} INFO - [2024-03-03T08:12:23.708+0000] {dag.py:3834} INFO - Setting next_dagrun for example_subdag_operator to 2022-01-01 00:00:00+00:00, run_after=2022-01-01 00:00:00+00:00
[2024-03-03T08:12:23.713+0000] {logging_mixin.py:188} INFO - [2024-03-03T08:12:23.713+0000] {dag.py:3834} INFO - Setting next_dagrun for example_subdag_operator.section-1 to None, run_after=None
[2024-03-03T08:12:23.714+0000] {logging_mixin.py:188} INFO - [2024-03-03T08:12:23.714+0000] {dag.py:3834} INFO - Setting next_dagrun for example_subdag_operator.section-2 to None, run_after=None
[2024-03-03T08:12:23.721+0000] {logging_mixin.py:188} INFO - [2024-03-03T08:12:23.721+0000] {dag.py:3047} INFO - Sync 2 DAGs
[2024-03-03T08:12:23.727+0000] {logging_mixin.py:188} INFO - [2024-03-03T08:12:23.727+0000] {dag.py:3834} INFO - Setting next_dagrun for example_subdag_operator.section-1 to None, run_after=None
[2024-03-03T08:12:23.727+0000] {logging_mixin.py:188} INFO - [2024-03-03T08:12:23.727+0000] {dag.py:3834} INFO - Setting next_dagrun for example_subdag_operator.section-2 to None, run_after=None
[2024-03-03T08:12:23.737+0000] {processor.py:183} INFO - Processing /home/airflow/.local/lib/python3.11/site-packages/airflow/example_dags/example_subdag_operator.py took 0.094 seconds
[2024-03-03T08:12:54.209+0000] {processor.py:161} INFO - Started process (PID=388) to work on /home/airflow/.local/lib/python3.11/site-packages/airflow/example_dags/example_subdag_operator.py
[2024-03-03T08:12:54.211+0000] {processor.py:830} INFO - Processing file /home/airflow/.local/lib/python3.11/site-packages/airflow/example_dags/example_subdag_operator.py for tasks to queue
[2024-03-03T08:12:54.213+0000] {logging_mixin.py:188} INFO - [2024-03-03T08:12:54.213+0000] {dagbag.py:540} INFO - Filling up the DagBag from /home/airflow/.local/lib/python3.11/site-packages/airflow/example_dags/example_subdag_operator.py
[2024-03-03T08:12:54.238+0000] {processor.py:840} INFO - DAG(s) 'example_subdag_operator.section-1', 'example_subdag_operator.section-2', 'example_subdag_operator' retrieved from /home/airflow/.local/lib/python3.11/site-packages/airflow/example_dags/example_subdag_operator.py
[2024-03-03T08:12:54.255+0000] {logging_mixin.py:188} INFO - [2024-03-03T08:12:54.254+0000] {dag.py:3047} INFO - Sync 3 DAGs
[2024-03-03T08:12:54.276+0000] {logging_mixin.py:188} INFO - [2024-03-03T08:12:54.275+0000] {dag.py:3834} INFO - Setting next_dagrun for example_subdag_operator to 2022-01-01 00:00:00+00:00, run_after=2022-01-01 00:00:00+00:00
[2024-03-03T08:12:54.279+0000] {logging_mixin.py:188} INFO - [2024-03-03T08:12:54.279+0000] {dag.py:3834} INFO - Setting next_dagrun for example_subdag_operator.section-1 to None, run_after=None
[2024-03-03T08:12:54.281+0000] {logging_mixin.py:188} INFO - [2024-03-03T08:12:54.281+0000] {dag.py:3834} INFO - Setting next_dagrun for example_subdag_operator.section-2 to None, run_after=None
[2024-03-03T08:12:54.287+0000] {logging_mixin.py:188} INFO - [2024-03-03T08:12:54.287+0000] {dag.py:3047} INFO - Sync 2 DAGs
[2024-03-03T08:12:54.292+0000] {logging_mixin.py:188} INFO - [2024-03-03T08:12:54.292+0000] {dag.py:3834} INFO - Setting next_dagrun for example_subdag_operator.section-1 to None, run_after=None
[2024-03-03T08:12:54.293+0000] {logging_mixin.py:188} INFO - [2024-03-03T08:12:54.293+0000] {dag.py:3834} INFO - Setting next_dagrun for example_subdag_operator.section-2 to None, run_after=None
[2024-03-03T08:12:54.302+0000] {processor.py:183} INFO - Processing /home/airflow/.local/lib/python3.11/site-packages/airflow/example_dags/example_subdag_operator.py took 0.097 seconds
[2024-03-03T08:13:24.707+0000] {processor.py:161} INFO - Started process (PID=443) to work on /home/airflow/.local/lib/python3.11/site-packages/airflow/example_dags/example_subdag_operator.py
[2024-03-03T08:13:24.709+0000] {processor.py:830} INFO - Processing file /home/airflow/.local/lib/python3.11/site-packages/airflow/example_dags/example_subdag_operator.py for tasks to queue
[2024-03-03T08:13:24.711+0000] {logging_mixin.py:188} INFO - [2024-03-03T08:13:24.710+0000] {dagbag.py:540} INFO - Filling up the DagBag from /home/airflow/.local/lib/python3.11/site-packages/airflow/example_dags/example_subdag_operator.py
[2024-03-03T08:13:24.735+0000] {processor.py:840} INFO - DAG(s) 'example_subdag_operator.section-1', 'example_subdag_operator.section-2', 'example_subdag_operator' retrieved from /home/airflow/.local/lib/python3.11/site-packages/airflow/example_dags/example_subdag_operator.py
[2024-03-03T08:13:24.750+0000] {logging_mixin.py:188} INFO - [2024-03-03T08:13:24.749+0000] {dag.py:3047} INFO - Sync 3 DAGs
[2024-03-03T08:13:24.772+0000] {logging_mixin.py:188} INFO - [2024-03-03T08:13:24.772+0000] {dag.py:3834} INFO - Setting next_dagrun for example_subdag_operator to 2022-01-01 00:00:00+00:00, run_after=2022-01-01 00:00:00+00:00
[2024-03-03T08:13:24.776+0000] {logging_mixin.py:188} INFO - [2024-03-03T08:13:24.776+0000] {dag.py:3834} INFO - Setting next_dagrun for example_subdag_operator.section-1 to None, run_after=None
[2024-03-03T08:13:24.778+0000] {logging_mixin.py:188} INFO - [2024-03-03T08:13:24.778+0000] {dag.py:3834} INFO - Setting next_dagrun for example_subdag_operator.section-2 to None, run_after=None
[2024-03-03T08:13:24.785+0000] {logging_mixin.py:188} INFO - [2024-03-03T08:13:24.785+0000] {dag.py:3047} INFO - Sync 2 DAGs
[2024-03-03T08:13:24.791+0000] {logging_mixin.py:188} INFO - [2024-03-03T08:13:24.791+0000] {dag.py:3834} INFO - Setting next_dagrun for example_subdag_operator.section-1 to None, run_after=None
[2024-03-03T08:13:24.791+0000] {logging_mixin.py:188} INFO - [2024-03-03T08:13:24.791+0000] {dag.py:3834} INFO - Setting next_dagrun for example_subdag_operator.section-2 to None, run_after=None
[2024-03-03T08:13:24.802+0000] {processor.py:183} INFO - Processing /home/airflow/.local/lib/python3.11/site-packages/airflow/example_dags/example_subdag_operator.py took 0.099 seconds
[2024-03-03T08:13:55.492+0000] {processor.py:161} INFO - Started process (PID=498) to work on /home/airflow/.local/lib/python3.11/site-packages/airflow/example_dags/example_subdag_operator.py
[2024-03-03T08:13:55.493+0000] {processor.py:830} INFO - Processing file /home/airflow/.local/lib/python3.11/site-packages/airflow/example_dags/example_subdag_operator.py for tasks to queue
[2024-03-03T08:13:55.496+0000] {logging_mixin.py:188} INFO - [2024-03-03T08:13:55.496+0000] {dagbag.py:540} INFO - Filling up the DagBag from /home/airflow/.local/lib/python3.11/site-packages/airflow/example_dags/example_subdag_operator.py
[2024-03-03T08:13:55.522+0000] {processor.py:840} INFO - DAG(s) 'example_subdag_operator.section-1', 'example_subdag_operator.section-2', 'example_subdag_operator' retrieved from /home/airflow/.local/lib/python3.11/site-packages/airflow/example_dags/example_subdag_operator.py
[2024-03-03T08:13:55.540+0000] {logging_mixin.py:188} INFO - [2024-03-03T08:13:55.539+0000] {dag.py:3047} INFO - Sync 3 DAGs
[2024-03-03T08:13:55.560+0000] {logging_mixin.py:188} INFO - [2024-03-03T08:13:55.559+0000] {dag.py:3834} INFO - Setting next_dagrun for example_subdag_operator to 2022-01-01 00:00:00+00:00, run_after=2022-01-01 00:00:00+00:00
[2024-03-03T08:13:55.563+0000] {logging_mixin.py:188} INFO - [2024-03-03T08:13:55.563+0000] {dag.py:3834} INFO - Setting next_dagrun for example_subdag_operator.section-1 to None, run_after=None
[2024-03-03T08:13:55.565+0000] {logging_mixin.py:188} INFO - [2024-03-03T08:13:55.565+0000] {dag.py:3834} INFO - Setting next_dagrun for example_subdag_operator.section-2 to None, run_after=None
[2024-03-03T08:13:55.573+0000] {logging_mixin.py:188} INFO - [2024-03-03T08:13:55.573+0000] {dag.py:3047} INFO - Sync 2 DAGs
[2024-03-03T08:13:55.578+0000] {logging_mixin.py:188} INFO - [2024-03-03T08:13:55.578+0000] {dag.py:3834} INFO - Setting next_dagrun for example_subdag_operator.section-1 to None, run_after=None
[2024-03-03T08:13:55.579+0000] {logging_mixin.py:188} INFO - [2024-03-03T08:13:55.579+0000] {dag.py:3834} INFO - Setting next_dagrun for example_subdag_operator.section-2 to None, run_after=None
[2024-03-03T08:13:55.592+0000] {processor.py:183} INFO - Processing /home/airflow/.local/lib/python3.11/site-packages/airflow/example_dags/example_subdag_operator.py took 0.104 seconds
[2024-03-03T08:14:25.631+0000] {processor.py:161} INFO - Started process (PID=561) to work on /home/airflow/.local/lib/python3.11/site-packages/airflow/example_dags/example_subdag_operator.py
[2024-03-03T08:14:25.633+0000] {processor.py:830} INFO - Processing file /home/airflow/.local/lib/python3.11/site-packages/airflow/example_dags/example_subdag_operator.py for tasks to queue
[2024-03-03T08:14:25.635+0000] {logging_mixin.py:188} INFO - [2024-03-03T08:14:25.635+0000] {dagbag.py:540} INFO - Filling up the DagBag from /home/airflow/.local/lib/python3.11/site-packages/airflow/example_dags/example_subdag_operator.py
[2024-03-03T08:14:25.659+0000] {processor.py:840} INFO - DAG(s) 'example_subdag_operator.section-1', 'example_subdag_operator.section-2', 'example_subdag_operator' retrieved from /home/airflow/.local/lib/python3.11/site-packages/airflow/example_dags/example_subdag_operator.py
[2024-03-03T08:14:25.676+0000] {logging_mixin.py:188} INFO - [2024-03-03T08:14:25.675+0000] {dag.py:3047} INFO - Sync 3 DAGs
[2024-03-03T08:14:25.700+0000] {logging_mixin.py:188} INFO - [2024-03-03T08:14:25.699+0000] {dag.py:3834} INFO - Setting next_dagrun for example_subdag_operator to 2022-01-01 00:00:00+00:00, run_after=2022-01-01 00:00:00+00:00
[2024-03-03T08:14:25.703+0000] {logging_mixin.py:188} INFO - [2024-03-03T08:14:25.703+0000] {dag.py:3834} INFO - Setting next_dagrun for example_subdag_operator.section-1 to None, run_after=None
[2024-03-03T08:14:25.705+0000] {logging_mixin.py:188} INFO - [2024-03-03T08:14:25.704+0000] {dag.py:3834} INFO - Setting next_dagrun for example_subdag_operator.section-2 to None, run_after=None
[2024-03-03T08:14:25.713+0000] {logging_mixin.py:188} INFO - [2024-03-03T08:14:25.713+0000] {dag.py:3047} INFO - Sync 2 DAGs
[2024-03-03T08:14:25.718+0000] {logging_mixin.py:188} INFO - [2024-03-03T08:14:25.718+0000] {dag.py:3834} INFO - Setting next_dagrun for example_subdag_operator.section-1 to None, run_after=None
[2024-03-03T08:14:25.719+0000] {logging_mixin.py:188} INFO - [2024-03-03T08:14:25.719+0000] {dag.py:3834} INFO - Setting next_dagrun for example_subdag_operator.section-2 to None, run_after=None
[2024-03-03T08:14:25.730+0000] {processor.py:183} INFO - Processing /home/airflow/.local/lib/python3.11/site-packages/airflow/example_dags/example_subdag_operator.py took 0.102 seconds
[2024-03-03T08:14:56.269+0000] {processor.py:161} INFO - Started process (PID=617) to work on /home/airflow/.local/lib/python3.11/site-packages/airflow/example_dags/example_subdag_operator.py
[2024-03-03T08:14:56.270+0000] {processor.py:830} INFO - Processing file /home/airflow/.local/lib/python3.11/site-packages/airflow/example_dags/example_subdag_operator.py for tasks to queue
[2024-03-03T08:14:56.273+0000] {logging_mixin.py:188} INFO - [2024-03-03T08:14:56.272+0000] {dagbag.py:540} INFO - Filling up the DagBag from /home/airflow/.local/lib/python3.11/site-packages/airflow/example_dags/example_subdag_operator.py
[2024-03-03T08:14:56.294+0000] {processor.py:840} INFO - DAG(s) 'example_subdag_operator.section-1', 'example_subdag_operator.section-2', 'example_subdag_operator' retrieved from /home/airflow/.local/lib/python3.11/site-packages/airflow/example_dags/example_subdag_operator.py
[2024-03-03T08:14:56.308+0000] {logging_mixin.py:188} INFO - [2024-03-03T08:14:56.308+0000] {dag.py:3047} INFO - Sync 3 DAGs
[2024-03-03T08:14:56.328+0000] {logging_mixin.py:188} INFO - [2024-03-03T08:14:56.328+0000] {dag.py:3834} INFO - Setting next_dagrun for example_subdag_operator to 2022-01-01 00:00:00+00:00, run_after=2022-01-01 00:00:00+00:00
[2024-03-03T08:14:56.333+0000] {logging_mixin.py:188} INFO - [2024-03-03T08:14:56.333+0000] {dag.py:3834} INFO - Setting next_dagrun for example_subdag_operator.section-1 to None, run_after=None
[2024-03-03T08:14:56.335+0000] {logging_mixin.py:188} INFO - [2024-03-03T08:14:56.334+0000] {dag.py:3834} INFO - Setting next_dagrun for example_subdag_operator.section-2 to None, run_after=None
[2024-03-03T08:14:56.343+0000] {logging_mixin.py:188} INFO - [2024-03-03T08:14:56.342+0000] {dag.py:3047} INFO - Sync 2 DAGs
[2024-03-03T08:14:56.347+0000] {logging_mixin.py:188} INFO - [2024-03-03T08:14:56.347+0000] {dag.py:3834} INFO - Setting next_dagrun for example_subdag_operator.section-1 to None, run_after=None
[2024-03-03T08:14:56.348+0000] {logging_mixin.py:188} INFO - [2024-03-03T08:14:56.347+0000] {dag.py:3834} INFO - Setting next_dagrun for example_subdag_operator.section-2 to None, run_after=None
[2024-03-03T08:14:56.358+0000] {processor.py:183} INFO - Processing /home/airflow/.local/lib/python3.11/site-packages/airflow/example_dags/example_subdag_operator.py took 0.092 seconds
[2024-03-03T08:15:27.128+0000] {processor.py:161} INFO - Started process (PID=673) to work on /home/airflow/.local/lib/python3.11/site-packages/airflow/example_dags/example_subdag_operator.py
[2024-03-03T08:15:27.129+0000] {processor.py:830} INFO - Processing file /home/airflow/.local/lib/python3.11/site-packages/airflow/example_dags/example_subdag_operator.py for tasks to queue
[2024-03-03T08:15:27.132+0000] {logging_mixin.py:188} INFO - [2024-03-03T08:15:27.131+0000] {dagbag.py:540} INFO - Filling up the DagBag from /home/airflow/.local/lib/python3.11/site-packages/airflow/example_dags/example_subdag_operator.py
[2024-03-03T08:15:27.161+0000] {processor.py:840} INFO - DAG(s) 'example_subdag_operator.section-1', 'example_subdag_operator.section-2', 'example_subdag_operator' retrieved from /home/airflow/.local/lib/python3.11/site-packages/airflow/example_dags/example_subdag_operator.py
[2024-03-03T08:15:27.178+0000] {logging_mixin.py:188} INFO - [2024-03-03T08:15:27.177+0000] {dag.py:3047} INFO - Sync 3 DAGs
[2024-03-03T08:15:27.199+0000] {logging_mixin.py:188} INFO - [2024-03-03T08:15:27.198+0000] {dag.py:3834} INFO - Setting next_dagrun for example_subdag_operator to 2022-01-01 00:00:00+00:00, run_after=2022-01-01 00:00:00+00:00
[2024-03-03T08:15:27.202+0000] {logging_mixin.py:188} INFO - [2024-03-03T08:15:27.202+0000] {dag.py:3834} INFO - Setting next_dagrun for example_subdag_operator.section-1 to None, run_after=None
[2024-03-03T08:15:27.205+0000] {logging_mixin.py:188} INFO - [2024-03-03T08:15:27.204+0000] {dag.py:3834} INFO - Setting next_dagrun for example_subdag_operator.section-2 to None, run_after=None
[2024-03-03T08:15:27.211+0000] {logging_mixin.py:188} INFO - [2024-03-03T08:15:27.211+0000] {dag.py:3047} INFO - Sync 2 DAGs
[2024-03-03T08:15:27.216+0000] {logging_mixin.py:188} INFO - [2024-03-03T08:15:27.216+0000] {dag.py:3834} INFO - Setting next_dagrun for example_subdag_operator.section-1 to None, run_after=None
[2024-03-03T08:15:27.216+0000] {logging_mixin.py:188} INFO - [2024-03-03T08:15:27.216+0000] {dag.py:3834} INFO - Setting next_dagrun for example_subdag_operator.section-2 to None, run_after=None
[2024-03-03T08:15:27.227+0000] {processor.py:183} INFO - Processing /home/airflow/.local/lib/python3.11/site-packages/airflow/example_dags/example_subdag_operator.py took 0.101 seconds
[2024-03-03T08:15:58.000+0000] {processor.py:161} INFO - Started process (PID=729) to work on /home/airflow/.local/lib/python3.11/site-packages/airflow/example_dags/example_subdag_operator.py
[2024-03-03T08:15:58.001+0000] {processor.py:830} INFO - Processing file /home/airflow/.local/lib/python3.11/site-packages/airflow/example_dags/example_subdag_operator.py for tasks to queue
[2024-03-03T08:15:58.003+0000] {logging_mixin.py:188} INFO - [2024-03-03T08:15:58.003+0000] {dagbag.py:540} INFO - Filling up the DagBag from /home/airflow/.local/lib/python3.11/site-packages/airflow/example_dags/example_subdag_operator.py
[2024-03-03T08:15:58.029+0000] {processor.py:840} INFO - DAG(s) 'example_subdag_operator.section-1', 'example_subdag_operator.section-2', 'example_subdag_operator' retrieved from /home/airflow/.local/lib/python3.11/site-packages/airflow/example_dags/example_subdag_operator.py
[2024-03-03T08:15:58.044+0000] {logging_mixin.py:188} INFO - [2024-03-03T08:15:58.044+0000] {dag.py:3047} INFO - Sync 3 DAGs
[2024-03-03T08:15:58.066+0000] {logging_mixin.py:188} INFO - [2024-03-03T08:15:58.065+0000] {dag.py:3834} INFO - Setting next_dagrun for example_subdag_operator to 2022-01-01 00:00:00+00:00, run_after=2022-01-01 00:00:00+00:00
[2024-03-03T08:15:58.070+0000] {logging_mixin.py:188} INFO - [2024-03-03T08:15:58.070+0000] {dag.py:3834} INFO - Setting next_dagrun for example_subdag_operator.section-1 to None, run_after=None
[2024-03-03T08:15:58.072+0000] {logging_mixin.py:188} INFO - [2024-03-03T08:15:58.072+0000] {dag.py:3834} INFO - Setting next_dagrun for example_subdag_operator.section-2 to None, run_after=None
[2024-03-03T08:15:58.084+0000] {logging_mixin.py:188} INFO - [2024-03-03T08:15:58.084+0000] {dag.py:3047} INFO - Sync 2 DAGs
[2024-03-03T08:15:58.091+0000] {logging_mixin.py:188} INFO - [2024-03-03T08:15:58.090+0000] {dag.py:3834} INFO - Setting next_dagrun for example_subdag_operator.section-1 to None, run_after=None
[2024-03-03T08:15:58.091+0000] {logging_mixin.py:188} INFO - [2024-03-03T08:15:58.091+0000] {dag.py:3834} INFO - Setting next_dagrun for example_subdag_operator.section-2 to None, run_after=None
[2024-03-03T08:15:58.105+0000] {processor.py:183} INFO - Processing /home/airflow/.local/lib/python3.11/site-packages/airflow/example_dags/example_subdag_operator.py took 0.109 seconds
[2024-03-03T08:16:28.537+0000] {processor.py:161} INFO - Started process (PID=785) to work on /home/airflow/.local/lib/python3.11/site-packages/airflow/example_dags/example_subdag_operator.py
[2024-03-03T08:16:28.538+0000] {processor.py:830} INFO - Processing file /home/airflow/.local/lib/python3.11/site-packages/airflow/example_dags/example_subdag_operator.py for tasks to queue
[2024-03-03T08:16:28.540+0000] {logging_mixin.py:188} INFO - [2024-03-03T08:16:28.540+0000] {dagbag.py:540} INFO - Filling up the DagBag from /home/airflow/.local/lib/python3.11/site-packages/airflow/example_dags/example_subdag_operator.py
[2024-03-03T08:16:28.562+0000] {processor.py:840} INFO - DAG(s) 'example_subdag_operator.section-1', 'example_subdag_operator.section-2', 'example_subdag_operator' retrieved from /home/airflow/.local/lib/python3.11/site-packages/airflow/example_dags/example_subdag_operator.py
[2024-03-03T08:16:28.579+0000] {logging_mixin.py:188} INFO - [2024-03-03T08:16:28.579+0000] {dag.py:3047} INFO - Sync 3 DAGs
[2024-03-03T08:16:28.602+0000] {logging_mixin.py:188} INFO - [2024-03-03T08:16:28.602+0000] {dag.py:3834} INFO - Setting next_dagrun for example_subdag_operator to 2022-01-01 00:00:00+00:00, run_after=2022-01-01 00:00:00+00:00
[2024-03-03T08:16:28.607+0000] {logging_mixin.py:188} INFO - [2024-03-03T08:16:28.606+0000] {dag.py:3834} INFO - Setting next_dagrun for example_subdag_operator.section-1 to None, run_after=None
[2024-03-03T08:16:28.610+0000] {logging_mixin.py:188} INFO - [2024-03-03T08:16:28.610+0000] {dag.py:3834} INFO - Setting next_dagrun for example_subdag_operator.section-2 to None, run_after=None
[2024-03-03T08:16:28.619+0000] {logging_mixin.py:188} INFO - [2024-03-03T08:16:28.619+0000] {dag.py:3047} INFO - Sync 2 DAGs
[2024-03-03T08:16:28.624+0000] {logging_mixin.py:188} INFO - [2024-03-03T08:16:28.624+0000] {dag.py:3834} INFO - Setting next_dagrun for example_subdag_operator.section-1 to None, run_after=None
[2024-03-03T08:16:28.626+0000] {logging_mixin.py:188} INFO - [2024-03-03T08:16:28.625+0000] {dag.py:3834} INFO - Setting next_dagrun for example_subdag_operator.section-2 to None, run_after=None
[2024-03-03T08:16:28.641+0000] {processor.py:183} INFO - Processing /home/airflow/.local/lib/python3.11/site-packages/airflow/example_dags/example_subdag_operator.py took 0.108 seconds
[2024-03-03T08:16:59.310+0000] {processor.py:161} INFO - Started process (PID=841) to work on /home/airflow/.local/lib/python3.11/site-packages/airflow/example_dags/example_subdag_operator.py
[2024-03-03T08:16:59.311+0000] {processor.py:830} INFO - Processing file /home/airflow/.local/lib/python3.11/site-packages/airflow/example_dags/example_subdag_operator.py for tasks to queue
[2024-03-03T08:16:59.313+0000] {logging_mixin.py:188} INFO - [2024-03-03T08:16:59.313+0000] {dagbag.py:540} INFO - Filling up the DagBag from /home/airflow/.local/lib/python3.11/site-packages/airflow/example_dags/example_subdag_operator.py
[2024-03-03T08:16:59.334+0000] {processor.py:840} INFO - DAG(s) 'example_subdag_operator.section-1', 'example_subdag_operator.section-2', 'example_subdag_operator' retrieved from /home/airflow/.local/lib/python3.11/site-packages/airflow/example_dags/example_subdag_operator.py
[2024-03-03T08:16:59.351+0000] {logging_mixin.py:188} INFO - [2024-03-03T08:16:59.351+0000] {dag.py:3047} INFO - Sync 3 DAGs
[2024-03-03T08:16:59.371+0000] {logging_mixin.py:188} INFO - [2024-03-03T08:16:59.371+0000] {dag.py:3834} INFO - Setting next_dagrun for example_subdag_operator to 2022-01-01 00:00:00+00:00, run_after=2022-01-01 00:00:00+00:00
[2024-03-03T08:16:59.375+0000] {logging_mixin.py:188} INFO - [2024-03-03T08:16:59.374+0000] {dag.py:3834} INFO - Setting next_dagrun for example_subdag_operator.section-1 to None, run_after=None
[2024-03-03T08:16:59.376+0000] {logging_mixin.py:188} INFO - [2024-03-03T08:16:59.376+0000] {dag.py:3834} INFO - Setting next_dagrun for example_subdag_operator.section-2 to None, run_after=None
[2024-03-03T08:16:59.385+0000] {logging_mixin.py:188} INFO - [2024-03-03T08:16:59.385+0000] {dag.py:3047} INFO - Sync 2 DAGs
[2024-03-03T08:16:59.390+0000] {logging_mixin.py:188} INFO - [2024-03-03T08:16:59.390+0000] {dag.py:3834} INFO - Setting next_dagrun for example_subdag_operator.section-1 to None, run_after=None
[2024-03-03T08:16:59.391+0000] {logging_mixin.py:188} INFO - [2024-03-03T08:16:59.390+0000] {dag.py:3834} INFO - Setting next_dagrun for example_subdag_operator.section-2 to None, run_after=None
[2024-03-03T08:16:59.403+0000] {processor.py:183} INFO - Processing /home/airflow/.local/lib/python3.11/site-packages/airflow/example_dags/example_subdag_operator.py took 0.096 seconds
[2024-03-03T08:17:29.837+0000] {processor.py:161} INFO - Started process (PID=897) to work on /home/airflow/.local/lib/python3.11/site-packages/airflow/example_dags/example_subdag_operator.py
[2024-03-03T08:17:29.838+0000] {processor.py:830} INFO - Processing file /home/airflow/.local/lib/python3.11/site-packages/airflow/example_dags/example_subdag_operator.py for tasks to queue
[2024-03-03T08:17:29.840+0000] {logging_mixin.py:188} INFO - [2024-03-03T08:17:29.840+0000] {dagbag.py:540} INFO - Filling up the DagBag from /home/airflow/.local/lib/python3.11/site-packages/airflow/example_dags/example_subdag_operator.py
[2024-03-03T08:17:29.862+0000] {processor.py:840} INFO - DAG(s) 'example_subdag_operator.section-1', 'example_subdag_operator.section-2', 'example_subdag_operator' retrieved from /home/airflow/.local/lib/python3.11/site-packages/airflow/example_dags/example_subdag_operator.py
[2024-03-03T08:17:29.876+0000] {logging_mixin.py:188} INFO - [2024-03-03T08:17:29.876+0000] {dag.py:3047} INFO - Sync 3 DAGs
[2024-03-03T08:17:29.895+0000] {logging_mixin.py:188} INFO - [2024-03-03T08:17:29.895+0000] {dag.py:3834} INFO - Setting next_dagrun for example_subdag_operator to 2022-01-01 00:00:00+00:00, run_after=2022-01-01 00:00:00+00:00
[2024-03-03T08:17:29.899+0000] {logging_mixin.py:188} INFO - [2024-03-03T08:17:29.899+0000] {dag.py:3834} INFO - Setting next_dagrun for example_subdag_operator.section-1 to None, run_after=None
[2024-03-03T08:17:29.901+0000] {logging_mixin.py:188} INFO - [2024-03-03T08:17:29.901+0000] {dag.py:3834} INFO - Setting next_dagrun for example_subdag_operator.section-2 to None, run_after=None
[2024-03-03T08:17:29.909+0000] {logging_mixin.py:188} INFO - [2024-03-03T08:17:29.909+0000] {dag.py:3047} INFO - Sync 2 DAGs
[2024-03-03T08:17:29.914+0000] {logging_mixin.py:188} INFO - [2024-03-03T08:17:29.914+0000] {dag.py:3834} INFO - Setting next_dagrun for example_subdag_operator.section-1 to None, run_after=None
[2024-03-03T08:17:29.915+0000] {logging_mixin.py:188} INFO - [2024-03-03T08:17:29.915+0000] {dag.py:3834} INFO - Setting next_dagrun for example_subdag_operator.section-2 to None, run_after=None
[2024-03-03T08:17:29.924+0000] {processor.py:183} INFO - Processing /home/airflow/.local/lib/python3.11/site-packages/airflow/example_dags/example_subdag_operator.py took 0.091 seconds
[2024-03-03T08:18:00.186+0000] {processor.py:161} INFO - Started process (PID=952) to work on /home/airflow/.local/lib/python3.11/site-packages/airflow/example_dags/example_subdag_operator.py
[2024-03-03T08:18:00.187+0000] {processor.py:830} INFO - Processing file /home/airflow/.local/lib/python3.11/site-packages/airflow/example_dags/example_subdag_operator.py for tasks to queue
[2024-03-03T08:18:00.189+0000] {logging_mixin.py:188} INFO - [2024-03-03T08:18:00.189+0000] {dagbag.py:540} INFO - Filling up the DagBag from /home/airflow/.local/lib/python3.11/site-packages/airflow/example_dags/example_subdag_operator.py
[2024-03-03T08:18:00.215+0000] {processor.py:840} INFO - DAG(s) 'example_subdag_operator.section-1', 'example_subdag_operator.section-2', 'example_subdag_operator' retrieved from /home/airflow/.local/lib/python3.11/site-packages/airflow/example_dags/example_subdag_operator.py
[2024-03-03T08:18:00.233+0000] {logging_mixin.py:188} INFO - [2024-03-03T08:18:00.233+0000] {dag.py:3047} INFO - Sync 3 DAGs
[2024-03-03T08:18:00.254+0000] {logging_mixin.py:188} INFO - [2024-03-03T08:18:00.254+0000] {dag.py:3834} INFO - Setting next_dagrun for example_subdag_operator to 2022-01-01 00:00:00+00:00, run_after=2022-01-01 00:00:00+00:00
[2024-03-03T08:18:00.258+0000] {logging_mixin.py:188} INFO - [2024-03-03T08:18:00.258+0000] {dag.py:3834} INFO - Setting next_dagrun for example_subdag_operator.section-1 to None, run_after=None
[2024-03-03T08:18:00.260+0000] {logging_mixin.py:188} INFO - [2024-03-03T08:18:00.260+0000] {dag.py:3834} INFO - Setting next_dagrun for example_subdag_operator.section-2 to None, run_after=None
[2024-03-03T08:18:00.271+0000] {logging_mixin.py:188} INFO - [2024-03-03T08:18:00.271+0000] {dag.py:3047} INFO - Sync 2 DAGs
[2024-03-03T08:18:00.276+0000] {logging_mixin.py:188} INFO - [2024-03-03T08:18:00.276+0000] {dag.py:3834} INFO - Setting next_dagrun for example_subdag_operator.section-1 to None, run_after=None
[2024-03-03T08:18:00.277+0000] {logging_mixin.py:188} INFO - [2024-03-03T08:18:00.277+0000] {dag.py:3834} INFO - Setting next_dagrun for example_subdag_operator.section-2 to None, run_after=None
[2024-03-03T08:18:00.289+0000] {processor.py:183} INFO - Processing /home/airflow/.local/lib/python3.11/site-packages/airflow/example_dags/example_subdag_operator.py took 0.107 seconds
