[2024-03-03T08:09:52.699+0000] {processor.py:161} INFO - Started process (PID=72) to work on /home/airflow/.local/lib/python3.11/site-packages/airflow/example_dags/example_params_ui_tutorial.py
[2024-03-03T08:09:52.700+0000] {processor.py:830} INFO - Processing file /home/airflow/.local/lib/python3.11/site-packages/airflow/example_dags/example_params_ui_tutorial.py for tasks to queue
[2024-03-03T08:09:52.703+0000] {logging_mixin.py:188} INFO - [2024-03-03T08:09:52.702+0000] {dagbag.py:540} INFO - Filling up the DagBag from /home/airflow/.local/lib/python3.11/site-packages/airflow/example_dags/example_params_ui_tutorial.py
[2024-03-03T08:09:52.726+0000] {processor.py:840} INFO - DAG(s) 'example_params_ui_tutorial' retrieved from /home/airflow/.local/lib/python3.11/site-packages/airflow/example_dags/example_params_ui_tutorial.py
[2024-03-03T08:09:52.902+0000] {logging_mixin.py:188} INFO - [2024-03-03T08:09:52.902+0000] {override.py:1769} INFO - Created Permission View: can edit on DAG:example_params_ui_tutorial
[2024-03-03T08:09:52.914+0000] {logging_mixin.py:188} INFO - [2024-03-03T08:09:52.913+0000] {override.py:1769} INFO - Created Permission View: can read on DAG:example_params_ui_tutorial
[2024-03-03T08:09:52.920+0000] {logging_mixin.py:188} INFO - [2024-03-03T08:09:52.919+0000] {override.py:1769} INFO - Created Permission View: can delete on DAG:example_params_ui_tutorial
[2024-03-03T08:09:52.920+0000] {logging_mixin.py:188} INFO - [2024-03-03T08:09:52.920+0000] {dag.py:3047} INFO - Sync 1 DAGs
[2024-03-03T08:09:52.933+0000] {logging_mixin.py:188} INFO - [2024-03-03T08:09:52.932+0000] {dag.py:3069} INFO - Creating ORM DAG for example_params_ui_tutorial
[2024-03-03T08:09:52.934+0000] {logging_mixin.py:188} INFO - [2024-03-03T08:09:52.933+0000] {dag.py:3834} INFO - Setting next_dagrun for example_params_ui_tutorial to None, run_after=None
[2024-03-03T08:09:52.949+0000] {processor.py:183} INFO - Processing /home/airflow/.local/lib/python3.11/site-packages/airflow/example_dags/example_params_ui_tutorial.py took 0.253 seconds
[2024-03-03T08:10:23.128+0000] {processor.py:161} INFO - Started process (PID=127) to work on /home/airflow/.local/lib/python3.11/site-packages/airflow/example_dags/example_params_ui_tutorial.py
[2024-03-03T08:10:23.128+0000] {processor.py:830} INFO - Processing file /home/airflow/.local/lib/python3.11/site-packages/airflow/example_dags/example_params_ui_tutorial.py for tasks to queue
[2024-03-03T08:10:23.131+0000] {logging_mixin.py:188} INFO - [2024-03-03T08:10:23.131+0000] {dagbag.py:540} INFO - Filling up the DagBag from /home/airflow/.local/lib/python3.11/site-packages/airflow/example_dags/example_params_ui_tutorial.py
[2024-03-03T08:10:23.145+0000] {processor.py:840} INFO - DAG(s) 'example_params_ui_tutorial' retrieved from /home/airflow/.local/lib/python3.11/site-packages/airflow/example_dags/example_params_ui_tutorial.py
[2024-03-03T08:10:23.196+0000] {logging_mixin.py:188} INFO - [2024-03-03T08:10:23.196+0000] {dag.py:3047} INFO - Sync 1 DAGs
[2024-03-03T08:10:23.210+0000] {logging_mixin.py:188} INFO - [2024-03-03T08:10:23.209+0000] {dag.py:3834} INFO - Setting next_dagrun for example_params_ui_tutorial to None, run_after=None
[2024-03-03T08:10:23.227+0000] {processor.py:183} INFO - Processing /home/airflow/.local/lib/python3.11/site-packages/airflow/example_dags/example_params_ui_tutorial.py took 0.103 seconds
[2024-03-03T08:10:53.568+0000] {processor.py:161} INFO - Started process (PID=182) to work on /home/airflow/.local/lib/python3.11/site-packages/airflow/example_dags/example_params_ui_tutorial.py
[2024-03-03T08:10:53.569+0000] {processor.py:830} INFO - Processing file /home/airflow/.local/lib/python3.11/site-packages/airflow/example_dags/example_params_ui_tutorial.py for tasks to queue
[2024-03-03T08:10:53.571+0000] {logging_mixin.py:188} INFO - [2024-03-03T08:10:53.571+0000] {dagbag.py:540} INFO - Filling up the DagBag from /home/airflow/.local/lib/python3.11/site-packages/airflow/example_dags/example_params_ui_tutorial.py
[2024-03-03T08:10:53.585+0000] {processor.py:840} INFO - DAG(s) 'example_params_ui_tutorial' retrieved from /home/airflow/.local/lib/python3.11/site-packages/airflow/example_dags/example_params_ui_tutorial.py
[2024-03-03T08:10:53.636+0000] {logging_mixin.py:188} INFO - [2024-03-03T08:10:53.636+0000] {dag.py:3047} INFO - Sync 1 DAGs
[2024-03-03T08:10:53.651+0000] {logging_mixin.py:188} INFO - [2024-03-03T08:10:53.651+0000] {dag.py:3834} INFO - Setting next_dagrun for example_params_ui_tutorial to None, run_after=None
[2024-03-03T08:10:53.669+0000] {processor.py:183} INFO - Processing /home/airflow/.local/lib/python3.11/site-packages/airflow/example_dags/example_params_ui_tutorial.py took 0.106 seconds
[2024-03-03T08:11:24.224+0000] {processor.py:161} INFO - Started process (PID=237) to work on /home/airflow/.local/lib/python3.11/site-packages/airflow/example_dags/example_params_ui_tutorial.py
[2024-03-03T08:11:24.225+0000] {processor.py:830} INFO - Processing file /home/airflow/.local/lib/python3.11/site-packages/airflow/example_dags/example_params_ui_tutorial.py for tasks to queue
[2024-03-03T08:11:24.227+0000] {logging_mixin.py:188} INFO - [2024-03-03T08:11:24.227+0000] {dagbag.py:540} INFO - Filling up the DagBag from /home/airflow/.local/lib/python3.11/site-packages/airflow/example_dags/example_params_ui_tutorial.py
[2024-03-03T08:11:24.238+0000] {processor.py:840} INFO - DAG(s) 'example_params_ui_tutorial' retrieved from /home/airflow/.local/lib/python3.11/site-packages/airflow/example_dags/example_params_ui_tutorial.py
[2024-03-03T08:11:24.283+0000] {logging_mixin.py:188} INFO - [2024-03-03T08:11:24.283+0000] {dag.py:3047} INFO - Sync 1 DAGs
[2024-03-03T08:11:24.295+0000] {logging_mixin.py:188} INFO - [2024-03-03T08:11:24.294+0000] {dag.py:3834} INFO - Setting next_dagrun for example_params_ui_tutorial to None, run_after=None
[2024-03-03T08:11:24.314+0000] {processor.py:183} INFO - Processing /home/airflow/.local/lib/python3.11/site-packages/airflow/example_dags/example_params_ui_tutorial.py took 0.093 seconds
[2024-03-03T08:11:54.725+0000] {processor.py:161} INFO - Started process (PID=292) to work on /home/airflow/.local/lib/python3.11/site-packages/airflow/example_dags/example_params_ui_tutorial.py
[2024-03-03T08:11:54.726+0000] {processor.py:830} INFO - Processing file /home/airflow/.local/lib/python3.11/site-packages/airflow/example_dags/example_params_ui_tutorial.py for tasks to queue
[2024-03-03T08:11:54.729+0000] {logging_mixin.py:188} INFO - [2024-03-03T08:11:54.728+0000] {dagbag.py:540} INFO - Filling up the DagBag from /home/airflow/.local/lib/python3.11/site-packages/airflow/example_dags/example_params_ui_tutorial.py
[2024-03-03T08:11:54.743+0000] {processor.py:840} INFO - DAG(s) 'example_params_ui_tutorial' retrieved from /home/airflow/.local/lib/python3.11/site-packages/airflow/example_dags/example_params_ui_tutorial.py
[2024-03-03T08:11:54.786+0000] {logging_mixin.py:188} INFO - [2024-03-03T08:11:54.786+0000] {dag.py:3047} INFO - Sync 1 DAGs
[2024-03-03T08:11:54.800+0000] {logging_mixin.py:188} INFO - [2024-03-03T08:11:54.800+0000] {dag.py:3834} INFO - Setting next_dagrun for example_params_ui_tutorial to None, run_after=None
[2024-03-03T08:11:54.818+0000] {processor.py:183} INFO - Processing /home/airflow/.local/lib/python3.11/site-packages/airflow/example_dags/example_params_ui_tutorial.py took 0.097 seconds
[2024-03-03T08:12:25.308+0000] {processor.py:161} INFO - Started process (PID=347) to work on /home/airflow/.local/lib/python3.11/site-packages/airflow/example_dags/example_params_ui_tutorial.py
[2024-03-03T08:12:25.309+0000] {processor.py:830} INFO - Processing file /home/airflow/.local/lib/python3.11/site-packages/airflow/example_dags/example_params_ui_tutorial.py for tasks to queue
[2024-03-03T08:12:25.311+0000] {logging_mixin.py:188} INFO - [2024-03-03T08:12:25.311+0000] {dagbag.py:540} INFO - Filling up the DagBag from /home/airflow/.local/lib/python3.11/site-packages/airflow/example_dags/example_params_ui_tutorial.py
[2024-03-03T08:12:25.322+0000] {processor.py:840} INFO - DAG(s) 'example_params_ui_tutorial' retrieved from /home/airflow/.local/lib/python3.11/site-packages/airflow/example_dags/example_params_ui_tutorial.py
[2024-03-03T08:12:25.363+0000] {logging_mixin.py:188} INFO - [2024-03-03T08:12:25.363+0000] {dag.py:3047} INFO - Sync 1 DAGs
[2024-03-03T08:12:25.374+0000] {logging_mixin.py:188} INFO - [2024-03-03T08:12:25.374+0000] {dag.py:3834} INFO - Setting next_dagrun for example_params_ui_tutorial to None, run_after=None
[2024-03-03T08:12:25.390+0000] {processor.py:183} INFO - Processing /home/airflow/.local/lib/python3.11/site-packages/airflow/example_dags/example_params_ui_tutorial.py took 0.085 seconds
[2024-03-03T08:12:55.861+0000] {processor.py:161} INFO - Started process (PID=402) to work on /home/airflow/.local/lib/python3.11/site-packages/airflow/example_dags/example_params_ui_tutorial.py
[2024-03-03T08:12:55.862+0000] {processor.py:830} INFO - Processing file /home/airflow/.local/lib/python3.11/site-packages/airflow/example_dags/example_params_ui_tutorial.py for tasks to queue
[2024-03-03T08:12:55.865+0000] {logging_mixin.py:188} INFO - [2024-03-03T08:12:55.864+0000] {dagbag.py:540} INFO - Filling up the DagBag from /home/airflow/.local/lib/python3.11/site-packages/airflow/example_dags/example_params_ui_tutorial.py
[2024-03-03T08:12:55.876+0000] {processor.py:840} INFO - DAG(s) 'example_params_ui_tutorial' retrieved from /home/airflow/.local/lib/python3.11/site-packages/airflow/example_dags/example_params_ui_tutorial.py
[2024-03-03T08:12:55.918+0000] {logging_mixin.py:188} INFO - [2024-03-03T08:12:55.918+0000] {dag.py:3047} INFO - Sync 1 DAGs
[2024-03-03T08:12:55.929+0000] {logging_mixin.py:188} INFO - [2024-03-03T08:12:55.929+0000] {dag.py:3834} INFO - Setting next_dagrun for example_params_ui_tutorial to None, run_after=None
[2024-03-03T08:12:55.948+0000] {processor.py:183} INFO - Processing /home/airflow/.local/lib/python3.11/site-packages/airflow/example_dags/example_params_ui_tutorial.py took 0.089 seconds
[2024-03-03T08:13:26.433+0000] {processor.py:161} INFO - Started process (PID=457) to work on /home/airflow/.local/lib/python3.11/site-packages/airflow/example_dags/example_params_ui_tutorial.py
[2024-03-03T08:13:26.434+0000] {processor.py:830} INFO - Processing file /home/airflow/.local/lib/python3.11/site-packages/airflow/example_dags/example_params_ui_tutorial.py for tasks to queue
[2024-03-03T08:13:26.437+0000] {logging_mixin.py:188} INFO - [2024-03-03T08:13:26.436+0000] {dagbag.py:540} INFO - Filling up the DagBag from /home/airflow/.local/lib/python3.11/site-packages/airflow/example_dags/example_params_ui_tutorial.py
[2024-03-03T08:13:26.454+0000] {processor.py:840} INFO - DAG(s) 'example_params_ui_tutorial' retrieved from /home/airflow/.local/lib/python3.11/site-packages/airflow/example_dags/example_params_ui_tutorial.py
[2024-03-03T08:13:26.514+0000] {logging_mixin.py:188} INFO - [2024-03-03T08:13:26.513+0000] {dag.py:3047} INFO - Sync 1 DAGs
[2024-03-03T08:13:26.528+0000] {logging_mixin.py:188} INFO - [2024-03-03T08:13:26.528+0000] {dag.py:3834} INFO - Setting next_dagrun for example_params_ui_tutorial to None, run_after=None
[2024-03-03T08:13:26.547+0000] {processor.py:183} INFO - Processing /home/airflow/.local/lib/python3.11/site-packages/airflow/example_dags/example_params_ui_tutorial.py took 0.117 seconds
[2024-03-03T08:13:57.685+0000] {processor.py:161} INFO - Started process (PID=516) to work on /home/airflow/.local/lib/python3.11/site-packages/airflow/example_dags/example_params_ui_tutorial.py
[2024-03-03T08:13:57.687+0000] {processor.py:830} INFO - Processing file /home/airflow/.local/lib/python3.11/site-packages/airflow/example_dags/example_params_ui_tutorial.py for tasks to queue
[2024-03-03T08:13:57.694+0000] {logging_mixin.py:188} INFO - [2024-03-03T08:13:57.691+0000] {dagbag.py:540} INFO - Filling up the DagBag from /home/airflow/.local/lib/python3.11/site-packages/airflow/example_dags/example_params_ui_tutorial.py
[2024-03-03T08:13:57.722+0000] {processor.py:840} INFO - DAG(s) 'example_params_ui_tutorial' retrieved from /home/airflow/.local/lib/python3.11/site-packages/airflow/example_dags/example_params_ui_tutorial.py
[2024-03-03T08:13:57.786+0000] {logging_mixin.py:188} INFO - [2024-03-03T08:13:57.786+0000] {dag.py:3047} INFO - Sync 1 DAGs
[2024-03-03T08:13:57.804+0000] {logging_mixin.py:188} INFO - [2024-03-03T08:13:57.804+0000] {dag.py:3834} INFO - Setting next_dagrun for example_params_ui_tutorial to None, run_after=None
[2024-03-03T08:13:57.841+0000] {processor.py:183} INFO - Processing /home/airflow/.local/lib/python3.11/site-packages/airflow/example_dags/example_params_ui_tutorial.py took 0.161 seconds
[2024-03-03T08:14:28.338+0000] {processor.py:161} INFO - Started process (PID=575) to work on /home/airflow/.local/lib/python3.11/site-packages/airflow/example_dags/example_params_ui_tutorial.py
[2024-03-03T08:14:28.339+0000] {processor.py:830} INFO - Processing file /home/airflow/.local/lib/python3.11/site-packages/airflow/example_dags/example_params_ui_tutorial.py for tasks to queue
[2024-03-03T08:14:28.342+0000] {logging_mixin.py:188} INFO - [2024-03-03T08:14:28.341+0000] {dagbag.py:540} INFO - Filling up the DagBag from /home/airflow/.local/lib/python3.11/site-packages/airflow/example_dags/example_params_ui_tutorial.py
[2024-03-03T08:14:28.357+0000] {processor.py:840} INFO - DAG(s) 'example_params_ui_tutorial' retrieved from /home/airflow/.local/lib/python3.11/site-packages/airflow/example_dags/example_params_ui_tutorial.py
[2024-03-03T08:14:28.403+0000] {logging_mixin.py:188} INFO - [2024-03-03T08:14:28.403+0000] {dag.py:3047} INFO - Sync 1 DAGs
[2024-03-03T08:14:28.417+0000] {logging_mixin.py:188} INFO - [2024-03-03T08:14:28.417+0000] {dag.py:3834} INFO - Setting next_dagrun for example_params_ui_tutorial to None, run_after=None
[2024-03-03T08:14:28.435+0000] {processor.py:183} INFO - Processing /home/airflow/.local/lib/python3.11/site-packages/airflow/example_dags/example_params_ui_tutorial.py took 0.100 seconds
[2024-03-03T08:14:58.871+0000] {processor.py:161} INFO - Started process (PID=631) to work on /home/airflow/.local/lib/python3.11/site-packages/airflow/example_dags/example_params_ui_tutorial.py
[2024-03-03T08:14:58.872+0000] {processor.py:830} INFO - Processing file /home/airflow/.local/lib/python3.11/site-packages/airflow/example_dags/example_params_ui_tutorial.py for tasks to queue
[2024-03-03T08:14:58.876+0000] {logging_mixin.py:188} INFO - [2024-03-03T08:14:58.875+0000] {dagbag.py:540} INFO - Filling up the DagBag from /home/airflow/.local/lib/python3.11/site-packages/airflow/example_dags/example_params_ui_tutorial.py
[2024-03-03T08:14:58.888+0000] {processor.py:840} INFO - DAG(s) 'example_params_ui_tutorial' retrieved from /home/airflow/.local/lib/python3.11/site-packages/airflow/example_dags/example_params_ui_tutorial.py
[2024-03-03T08:14:58.930+0000] {logging_mixin.py:188} INFO - [2024-03-03T08:14:58.930+0000] {dag.py:3047} INFO - Sync 1 DAGs
[2024-03-03T08:14:58.941+0000] {logging_mixin.py:188} INFO - [2024-03-03T08:14:58.941+0000] {dag.py:3834} INFO - Setting next_dagrun for example_params_ui_tutorial to None, run_after=None
[2024-03-03T08:14:58.959+0000] {processor.py:183} INFO - Processing /home/airflow/.local/lib/python3.11/site-packages/airflow/example_dags/example_params_ui_tutorial.py took 0.092 seconds
[2024-03-03T08:15:29.726+0000] {processor.py:161} INFO - Started process (PID=687) to work on /home/airflow/.local/lib/python3.11/site-packages/airflow/example_dags/example_params_ui_tutorial.py
[2024-03-03T08:15:29.727+0000] {processor.py:830} INFO - Processing file /home/airflow/.local/lib/python3.11/site-packages/airflow/example_dags/example_params_ui_tutorial.py for tasks to queue
[2024-03-03T08:15:29.729+0000] {logging_mixin.py:188} INFO - [2024-03-03T08:15:29.728+0000] {dagbag.py:540} INFO - Filling up the DagBag from /home/airflow/.local/lib/python3.11/site-packages/airflow/example_dags/example_params_ui_tutorial.py
[2024-03-03T08:15:29.740+0000] {processor.py:840} INFO - DAG(s) 'example_params_ui_tutorial' retrieved from /home/airflow/.local/lib/python3.11/site-packages/airflow/example_dags/example_params_ui_tutorial.py
[2024-03-03T08:15:29.787+0000] {logging_mixin.py:188} INFO - [2024-03-03T08:15:29.787+0000] {dag.py:3047} INFO - Sync 1 DAGs
[2024-03-03T08:15:29.801+0000] {logging_mixin.py:188} INFO - [2024-03-03T08:15:29.801+0000] {dag.py:3834} INFO - Setting next_dagrun for example_params_ui_tutorial to None, run_after=None
[2024-03-03T08:15:29.821+0000] {processor.py:183} INFO - Processing /home/airflow/.local/lib/python3.11/site-packages/airflow/example_dags/example_params_ui_tutorial.py took 0.098 seconds
[2024-03-03T08:16:00.683+0000] {processor.py:161} INFO - Started process (PID=743) to work on /home/airflow/.local/lib/python3.11/site-packages/airflow/example_dags/example_params_ui_tutorial.py
[2024-03-03T08:16:00.684+0000] {processor.py:830} INFO - Processing file /home/airflow/.local/lib/python3.11/site-packages/airflow/example_dags/example_params_ui_tutorial.py for tasks to queue
[2024-03-03T08:16:00.686+0000] {logging_mixin.py:188} INFO - [2024-03-03T08:16:00.686+0000] {dagbag.py:540} INFO - Filling up the DagBag from /home/airflow/.local/lib/python3.11/site-packages/airflow/example_dags/example_params_ui_tutorial.py
[2024-03-03T08:16:00.697+0000] {processor.py:840} INFO - DAG(s) 'example_params_ui_tutorial' retrieved from /home/airflow/.local/lib/python3.11/site-packages/airflow/example_dags/example_params_ui_tutorial.py
[2024-03-03T08:16:00.737+0000] {logging_mixin.py:188} INFO - [2024-03-03T08:16:00.737+0000] {dag.py:3047} INFO - Sync 1 DAGs
[2024-03-03T08:16:00.750+0000] {logging_mixin.py:188} INFO - [2024-03-03T08:16:00.750+0000] {dag.py:3834} INFO - Setting next_dagrun for example_params_ui_tutorial to None, run_after=None
[2024-03-03T08:16:00.766+0000] {processor.py:183} INFO - Processing /home/airflow/.local/lib/python3.11/site-packages/airflow/example_dags/example_params_ui_tutorial.py took 0.087 seconds
[2024-03-03T08:16:31.394+0000] {processor.py:161} INFO - Started process (PID=799) to work on /home/airflow/.local/lib/python3.11/site-packages/airflow/example_dags/example_params_ui_tutorial.py
[2024-03-03T08:16:31.395+0000] {processor.py:830} INFO - Processing file /home/airflow/.local/lib/python3.11/site-packages/airflow/example_dags/example_params_ui_tutorial.py for tasks to queue
[2024-03-03T08:16:31.400+0000] {logging_mixin.py:188} INFO - [2024-03-03T08:16:31.399+0000] {dagbag.py:540} INFO - Filling up the DagBag from /home/airflow/.local/lib/python3.11/site-packages/airflow/example_dags/example_params_ui_tutorial.py
[2024-03-03T08:16:31.419+0000] {processor.py:840} INFO - DAG(s) 'example_params_ui_tutorial' retrieved from /home/airflow/.local/lib/python3.11/site-packages/airflow/example_dags/example_params_ui_tutorial.py
[2024-03-03T08:16:31.485+0000] {logging_mixin.py:188} INFO - [2024-03-03T08:16:31.485+0000] {dag.py:3047} INFO - Sync 1 DAGs
[2024-03-03T08:16:31.500+0000] {logging_mixin.py:188} INFO - [2024-03-03T08:16:31.500+0000] {dag.py:3834} INFO - Setting next_dagrun for example_params_ui_tutorial to None, run_after=None
[2024-03-03T08:16:31.521+0000] {processor.py:183} INFO - Processing /home/airflow/.local/lib/python3.11/site-packages/airflow/example_dags/example_params_ui_tutorial.py took 0.130 seconds
[2024-03-03T08:17:02.009+0000] {processor.py:161} INFO - Started process (PID=855) to work on /home/airflow/.local/lib/python3.11/site-packages/airflow/example_dags/example_params_ui_tutorial.py
[2024-03-03T08:17:02.011+0000] {processor.py:830} INFO - Processing file /home/airflow/.local/lib/python3.11/site-packages/airflow/example_dags/example_params_ui_tutorial.py for tasks to queue
[2024-03-03T08:17:02.013+0000] {logging_mixin.py:188} INFO - [2024-03-03T08:17:02.013+0000] {dagbag.py:540} INFO - Filling up the DagBag from /home/airflow/.local/lib/python3.11/site-packages/airflow/example_dags/example_params_ui_tutorial.py
[2024-03-03T08:17:02.028+0000] {processor.py:840} INFO - DAG(s) 'example_params_ui_tutorial' retrieved from /home/airflow/.local/lib/python3.11/site-packages/airflow/example_dags/example_params_ui_tutorial.py
[2024-03-03T08:17:02.077+0000] {logging_mixin.py:188} INFO - [2024-03-03T08:17:02.076+0000] {dag.py:3047} INFO - Sync 1 DAGs
[2024-03-03T08:17:02.090+0000] {logging_mixin.py:188} INFO - [2024-03-03T08:17:02.090+0000] {dag.py:3834} INFO - Setting next_dagrun for example_params_ui_tutorial to None, run_after=None
[2024-03-03T08:17:02.111+0000] {processor.py:183} INFO - Processing /home/airflow/.local/lib/python3.11/site-packages/airflow/example_dags/example_params_ui_tutorial.py took 0.105 seconds
[2024-03-03T08:17:32.426+0000] {processor.py:161} INFO - Started process (PID=911) to work on /home/airflow/.local/lib/python3.11/site-packages/airflow/example_dags/example_params_ui_tutorial.py
[2024-03-03T08:17:32.427+0000] {processor.py:830} INFO - Processing file /home/airflow/.local/lib/python3.11/site-packages/airflow/example_dags/example_params_ui_tutorial.py for tasks to queue
[2024-03-03T08:17:32.429+0000] {logging_mixin.py:188} INFO - [2024-03-03T08:17:32.429+0000] {dagbag.py:540} INFO - Filling up the DagBag from /home/airflow/.local/lib/python3.11/site-packages/airflow/example_dags/example_params_ui_tutorial.py
[2024-03-03T08:17:32.440+0000] {processor.py:840} INFO - DAG(s) 'example_params_ui_tutorial' retrieved from /home/airflow/.local/lib/python3.11/site-packages/airflow/example_dags/example_params_ui_tutorial.py
[2024-03-03T08:17:32.488+0000] {logging_mixin.py:188} INFO - [2024-03-03T08:17:32.488+0000] {dag.py:3047} INFO - Sync 1 DAGs
[2024-03-03T08:17:32.500+0000] {logging_mixin.py:188} INFO - [2024-03-03T08:17:32.500+0000] {dag.py:3834} INFO - Setting next_dagrun for example_params_ui_tutorial to None, run_after=None
[2024-03-03T08:17:32.518+0000] {processor.py:183} INFO - Processing /home/airflow/.local/lib/python3.11/site-packages/airflow/example_dags/example_params_ui_tutorial.py took 0.095 seconds
[2024-03-03T08:18:02.883+0000] {processor.py:161} INFO - Started process (PID=966) to work on /home/airflow/.local/lib/python3.11/site-packages/airflow/example_dags/example_params_ui_tutorial.py
[2024-03-03T08:18:02.884+0000] {processor.py:830} INFO - Processing file /home/airflow/.local/lib/python3.11/site-packages/airflow/example_dags/example_params_ui_tutorial.py for tasks to queue
[2024-03-03T08:18:02.886+0000] {logging_mixin.py:188} INFO - [2024-03-03T08:18:02.885+0000] {dagbag.py:540} INFO - Filling up the DagBag from /home/airflow/.local/lib/python3.11/site-packages/airflow/example_dags/example_params_ui_tutorial.py
[2024-03-03T08:18:02.899+0000] {processor.py:840} INFO - DAG(s) 'example_params_ui_tutorial' retrieved from /home/airflow/.local/lib/python3.11/site-packages/airflow/example_dags/example_params_ui_tutorial.py
[2024-03-03T08:18:02.958+0000] {logging_mixin.py:188} INFO - [2024-03-03T08:18:02.957+0000] {dag.py:3047} INFO - Sync 1 DAGs
[2024-03-03T08:18:02.971+0000] {logging_mixin.py:188} INFO - [2024-03-03T08:18:02.971+0000] {dag.py:3834} INFO - Setting next_dagrun for example_params_ui_tutorial to None, run_after=None
[2024-03-03T08:18:02.990+0000] {processor.py:183} INFO - Processing /home/airflow/.local/lib/python3.11/site-packages/airflow/example_dags/example_params_ui_tutorial.py took 0.110 seconds
