[2024-03-03T08:09:48.729+0000] {processor.py:161} INFO - Started process (PID=40) to work on /home/airflow/.local/lib/python3.11/site-packages/airflow/example_dags/example_latest_only_with_trigger.py
[2024-03-03T08:09:48.730+0000] {processor.py:830} INFO - Processing file /home/airflow/.local/lib/python3.11/site-packages/airflow/example_dags/example_latest_only_with_trigger.py for tasks to queue
[2024-03-03T08:09:48.733+0000] {logging_mixin.py:188} INFO - [2024-03-03T08:09:48.733+0000] {dagbag.py:540} INFO - Filling up the DagBag from /home/airflow/.local/lib/python3.11/site-packages/airflow/example_dags/example_latest_only_with_trigger.py
[2024-03-03T08:09:48.747+0000] {processor.py:840} INFO - DAG(s) 'latest_only_with_trigger' retrieved from /home/airflow/.local/lib/python3.11/site-packages/airflow/example_dags/example_latest_only_with_trigger.py
[2024-03-03T08:09:48.872+0000] {logging_mixin.py:188} INFO - [2024-03-03T08:09:48.871+0000] {override.py:1769} INFO - Created Permission View: can edit on DAG:latest_only_with_trigger
[2024-03-03T08:09:48.884+0000] {logging_mixin.py:188} INFO - [2024-03-03T08:09:48.884+0000] {override.py:1769} INFO - Created Permission View: can read on DAG:latest_only_with_trigger
[2024-03-03T08:09:48.892+0000] {logging_mixin.py:188} INFO - [2024-03-03T08:09:48.891+0000] {override.py:1769} INFO - Created Permission View: can delete on DAG:latest_only_with_trigger
[2024-03-03T08:09:48.892+0000] {logging_mixin.py:188} INFO - [2024-03-03T08:09:48.892+0000] {dag.py:3047} INFO - Sync 1 DAGs
[2024-03-03T08:09:48.907+0000] {logging_mixin.py:188} INFO - [2024-03-03T08:09:48.907+0000] {dag.py:3069} INFO - Creating ORM DAG for latest_only_with_trigger
[2024-03-03T08:09:48.923+0000] {logging_mixin.py:188} INFO - [2024-03-03T08:09:48.922+0000] {dag.py:3834} INFO - Setting next_dagrun for latest_only_with_trigger to 2024-03-03 04:00:00+00:00, run_after=2024-03-03 08:00:00+00:00
[2024-03-03T08:09:48.944+0000] {processor.py:183} INFO - Processing /home/airflow/.local/lib/python3.11/site-packages/airflow/example_dags/example_latest_only_with_trigger.py took 0.220 seconds
[2024-03-03T08:10:19.628+0000] {processor.py:161} INFO - Started process (PID=95) to work on /home/airflow/.local/lib/python3.11/site-packages/airflow/example_dags/example_latest_only_with_trigger.py
[2024-03-03T08:10:19.629+0000] {processor.py:830} INFO - Processing file /home/airflow/.local/lib/python3.11/site-packages/airflow/example_dags/example_latest_only_with_trigger.py for tasks to queue
[2024-03-03T08:10:19.631+0000] {logging_mixin.py:188} INFO - [2024-03-03T08:10:19.630+0000] {dagbag.py:540} INFO - Filling up the DagBag from /home/airflow/.local/lib/python3.11/site-packages/airflow/example_dags/example_latest_only_with_trigger.py
[2024-03-03T08:10:19.637+0000] {processor.py:840} INFO - DAG(s) 'latest_only_with_trigger' retrieved from /home/airflow/.local/lib/python3.11/site-packages/airflow/example_dags/example_latest_only_with_trigger.py
[2024-03-03T08:10:19.658+0000] {logging_mixin.py:188} INFO - [2024-03-03T08:10:19.658+0000] {dag.py:3047} INFO - Sync 1 DAGs
[2024-03-03T08:10:19.679+0000] {logging_mixin.py:188} INFO - [2024-03-03T08:10:19.679+0000] {dag.py:3834} INFO - Setting next_dagrun for latest_only_with_trigger to 2024-03-03 04:00:00+00:00, run_after=2024-03-03 08:00:00+00:00
[2024-03-03T08:10:19.696+0000] {processor.py:183} INFO - Processing /home/airflow/.local/lib/python3.11/site-packages/airflow/example_dags/example_latest_only_with_trigger.py took 0.072 seconds
[2024-03-03T08:10:50.091+0000] {processor.py:161} INFO - Started process (PID=150) to work on /home/airflow/.local/lib/python3.11/site-packages/airflow/example_dags/example_latest_only_with_trigger.py
[2024-03-03T08:10:50.092+0000] {processor.py:830} INFO - Processing file /home/airflow/.local/lib/python3.11/site-packages/airflow/example_dags/example_latest_only_with_trigger.py for tasks to queue
[2024-03-03T08:10:50.094+0000] {logging_mixin.py:188} INFO - [2024-03-03T08:10:50.094+0000] {dagbag.py:540} INFO - Filling up the DagBag from /home/airflow/.local/lib/python3.11/site-packages/airflow/example_dags/example_latest_only_with_trigger.py
[2024-03-03T08:10:50.101+0000] {processor.py:840} INFO - DAG(s) 'latest_only_with_trigger' retrieved from /home/airflow/.local/lib/python3.11/site-packages/airflow/example_dags/example_latest_only_with_trigger.py
[2024-03-03T08:10:50.120+0000] {logging_mixin.py:188} INFO - [2024-03-03T08:10:50.120+0000] {dag.py:3047} INFO - Sync 1 DAGs
[2024-03-03T08:10:50.141+0000] {logging_mixin.py:188} INFO - [2024-03-03T08:10:50.140+0000] {dag.py:3834} INFO - Setting next_dagrun for latest_only_with_trigger to 2024-03-03 04:00:00+00:00, run_after=2024-03-03 08:00:00+00:00
[2024-03-03T08:10:50.157+0000] {processor.py:183} INFO - Processing /home/airflow/.local/lib/python3.11/site-packages/airflow/example_dags/example_latest_only_with_trigger.py took 0.069 seconds
[2024-03-03T08:11:20.585+0000] {processor.py:161} INFO - Started process (PID=205) to work on /home/airflow/.local/lib/python3.11/site-packages/airflow/example_dags/example_latest_only_with_trigger.py
[2024-03-03T08:11:20.586+0000] {processor.py:830} INFO - Processing file /home/airflow/.local/lib/python3.11/site-packages/airflow/example_dags/example_latest_only_with_trigger.py for tasks to queue
[2024-03-03T08:11:20.589+0000] {logging_mixin.py:188} INFO - [2024-03-03T08:11:20.588+0000] {dagbag.py:540} INFO - Filling up the DagBag from /home/airflow/.local/lib/python3.11/site-packages/airflow/example_dags/example_latest_only_with_trigger.py
[2024-03-03T08:11:20.595+0000] {processor.py:840} INFO - DAG(s) 'latest_only_with_trigger' retrieved from /home/airflow/.local/lib/python3.11/site-packages/airflow/example_dags/example_latest_only_with_trigger.py
[2024-03-03T08:11:20.614+0000] {logging_mixin.py:188} INFO - [2024-03-03T08:11:20.614+0000] {dag.py:3047} INFO - Sync 1 DAGs
[2024-03-03T08:11:20.636+0000] {logging_mixin.py:188} INFO - [2024-03-03T08:11:20.635+0000] {dag.py:3834} INFO - Setting next_dagrun for latest_only_with_trigger to 2024-03-03 04:00:00+00:00, run_after=2024-03-03 08:00:00+00:00
[2024-03-03T08:11:20.654+0000] {processor.py:183} INFO - Processing /home/airflow/.local/lib/python3.11/site-packages/airflow/example_dags/example_latest_only_with_trigger.py took 0.073 seconds
[2024-03-03T08:11:51.165+0000] {processor.py:161} INFO - Started process (PID=260) to work on /home/airflow/.local/lib/python3.11/site-packages/airflow/example_dags/example_latest_only_with_trigger.py
[2024-03-03T08:11:51.166+0000] {processor.py:830} INFO - Processing file /home/airflow/.local/lib/python3.11/site-packages/airflow/example_dags/example_latest_only_with_trigger.py for tasks to queue
[2024-03-03T08:11:51.168+0000] {logging_mixin.py:188} INFO - [2024-03-03T08:11:51.168+0000] {dagbag.py:540} INFO - Filling up the DagBag from /home/airflow/.local/lib/python3.11/site-packages/airflow/example_dags/example_latest_only_with_trigger.py
[2024-03-03T08:11:51.175+0000] {processor.py:840} INFO - DAG(s) 'latest_only_with_trigger' retrieved from /home/airflow/.local/lib/python3.11/site-packages/airflow/example_dags/example_latest_only_with_trigger.py
[2024-03-03T08:11:51.198+0000] {logging_mixin.py:188} INFO - [2024-03-03T08:11:51.198+0000] {dag.py:3047} INFO - Sync 1 DAGs
[2024-03-03T08:11:51.221+0000] {logging_mixin.py:188} INFO - [2024-03-03T08:11:51.221+0000] {dag.py:3834} INFO - Setting next_dagrun for latest_only_with_trigger to 2024-03-03 04:00:00+00:00, run_after=2024-03-03 08:00:00+00:00
[2024-03-03T08:11:51.238+0000] {processor.py:183} INFO - Processing /home/airflow/.local/lib/python3.11/site-packages/airflow/example_dags/example_latest_only_with_trigger.py took 0.076 seconds
[2024-03-03T08:12:21.699+0000] {processor.py:161} INFO - Started process (PID=315) to work on /home/airflow/.local/lib/python3.11/site-packages/airflow/example_dags/example_latest_only_with_trigger.py
[2024-03-03T08:12:21.700+0000] {processor.py:830} INFO - Processing file /home/airflow/.local/lib/python3.11/site-packages/airflow/example_dags/example_latest_only_with_trigger.py for tasks to queue
[2024-03-03T08:12:21.702+0000] {logging_mixin.py:188} INFO - [2024-03-03T08:12:21.701+0000] {dagbag.py:540} INFO - Filling up the DagBag from /home/airflow/.local/lib/python3.11/site-packages/airflow/example_dags/example_latest_only_with_trigger.py
[2024-03-03T08:12:21.708+0000] {processor.py:840} INFO - DAG(s) 'latest_only_with_trigger' retrieved from /home/airflow/.local/lib/python3.11/site-packages/airflow/example_dags/example_latest_only_with_trigger.py
[2024-03-03T08:12:21.728+0000] {logging_mixin.py:188} INFO - [2024-03-03T08:12:21.728+0000] {dag.py:3047} INFO - Sync 1 DAGs
[2024-03-03T08:12:21.748+0000] {logging_mixin.py:188} INFO - [2024-03-03T08:12:21.748+0000] {dag.py:3834} INFO - Setting next_dagrun for latest_only_with_trigger to 2024-03-03 04:00:00+00:00, run_after=2024-03-03 08:00:00+00:00
[2024-03-03T08:12:21.767+0000] {processor.py:183} INFO - Processing /home/airflow/.local/lib/python3.11/site-packages/airflow/example_dags/example_latest_only_with_trigger.py took 0.071 seconds
[2024-03-03T08:12:52.313+0000] {processor.py:161} INFO - Started process (PID=370) to work on /home/airflow/.local/lib/python3.11/site-packages/airflow/example_dags/example_latest_only_with_trigger.py
[2024-03-03T08:12:52.314+0000] {processor.py:830} INFO - Processing file /home/airflow/.local/lib/python3.11/site-packages/airflow/example_dags/example_latest_only_with_trigger.py for tasks to queue
[2024-03-03T08:12:52.317+0000] {logging_mixin.py:188} INFO - [2024-03-03T08:12:52.316+0000] {dagbag.py:540} INFO - Filling up the DagBag from /home/airflow/.local/lib/python3.11/site-packages/airflow/example_dags/example_latest_only_with_trigger.py
[2024-03-03T08:12:52.326+0000] {processor.py:840} INFO - DAG(s) 'latest_only_with_trigger' retrieved from /home/airflow/.local/lib/python3.11/site-packages/airflow/example_dags/example_latest_only_with_trigger.py
[2024-03-03T08:12:52.351+0000] {logging_mixin.py:188} INFO - [2024-03-03T08:12:52.351+0000] {dag.py:3047} INFO - Sync 1 DAGs
[2024-03-03T08:12:52.375+0000] {logging_mixin.py:188} INFO - [2024-03-03T08:12:52.375+0000] {dag.py:3834} INFO - Setting next_dagrun for latest_only_with_trigger to 2024-03-03 04:00:00+00:00, run_after=2024-03-03 08:00:00+00:00
[2024-03-03T08:12:52.394+0000] {processor.py:183} INFO - Processing /home/airflow/.local/lib/python3.11/site-packages/airflow/example_dags/example_latest_only_with_trigger.py took 0.085 seconds
[2024-03-03T08:13:22.790+0000] {processor.py:161} INFO - Started process (PID=425) to work on /home/airflow/.local/lib/python3.11/site-packages/airflow/example_dags/example_latest_only_with_trigger.py
[2024-03-03T08:13:22.791+0000] {processor.py:830} INFO - Processing file /home/airflow/.local/lib/python3.11/site-packages/airflow/example_dags/example_latest_only_with_trigger.py for tasks to queue
[2024-03-03T08:13:22.794+0000] {logging_mixin.py:188} INFO - [2024-03-03T08:13:22.793+0000] {dagbag.py:540} INFO - Filling up the DagBag from /home/airflow/.local/lib/python3.11/site-packages/airflow/example_dags/example_latest_only_with_trigger.py
[2024-03-03T08:13:22.800+0000] {processor.py:840} INFO - DAG(s) 'latest_only_with_trigger' retrieved from /home/airflow/.local/lib/python3.11/site-packages/airflow/example_dags/example_latest_only_with_trigger.py
[2024-03-03T08:13:22.826+0000] {logging_mixin.py:188} INFO - [2024-03-03T08:13:22.825+0000] {dag.py:3047} INFO - Sync 1 DAGs
[2024-03-03T08:13:22.851+0000] {logging_mixin.py:188} INFO - [2024-03-03T08:13:22.850+0000] {dag.py:3834} INFO - Setting next_dagrun for latest_only_with_trigger to 2024-03-03 04:00:00+00:00, run_after=2024-03-03 08:00:00+00:00
[2024-03-03T08:13:22.871+0000] {processor.py:183} INFO - Processing /home/airflow/.local/lib/python3.11/site-packages/airflow/example_dags/example_latest_only_with_trigger.py took 0.084 seconds
[2024-03-03T08:13:53.516+0000] {processor.py:161} INFO - Started process (PID=480) to work on /home/airflow/.local/lib/python3.11/site-packages/airflow/example_dags/example_latest_only_with_trigger.py
[2024-03-03T08:13:53.517+0000] {processor.py:830} INFO - Processing file /home/airflow/.local/lib/python3.11/site-packages/airflow/example_dags/example_latest_only_with_trigger.py for tasks to queue
[2024-03-03T08:13:53.520+0000] {logging_mixin.py:188} INFO - [2024-03-03T08:13:53.519+0000] {dagbag.py:540} INFO - Filling up the DagBag from /home/airflow/.local/lib/python3.11/site-packages/airflow/example_dags/example_latest_only_with_trigger.py
[2024-03-03T08:13:53.528+0000] {processor.py:840} INFO - DAG(s) 'latest_only_with_trigger' retrieved from /home/airflow/.local/lib/python3.11/site-packages/airflow/example_dags/example_latest_only_with_trigger.py
[2024-03-03T08:13:53.554+0000] {logging_mixin.py:188} INFO - [2024-03-03T08:13:53.554+0000] {dag.py:3047} INFO - Sync 1 DAGs
[2024-03-03T08:13:53.578+0000] {logging_mixin.py:188} INFO - [2024-03-03T08:13:53.578+0000] {dag.py:3834} INFO - Setting next_dagrun for latest_only_with_trigger to 2024-03-03 04:00:00+00:00, run_after=2024-03-03 08:00:00+00:00
[2024-03-03T08:13:53.600+0000] {processor.py:183} INFO - Processing /home/airflow/.local/lib/python3.11/site-packages/airflow/example_dags/example_latest_only_with_trigger.py took 0.091 seconds
[2024-03-03T08:14:23.713+0000] {processor.py:161} INFO - Started process (PID=543) to work on /home/airflow/.local/lib/python3.11/site-packages/airflow/example_dags/example_latest_only_with_trigger.py
[2024-03-03T08:14:23.714+0000] {processor.py:830} INFO - Processing file /home/airflow/.local/lib/python3.11/site-packages/airflow/example_dags/example_latest_only_with_trigger.py for tasks to queue
[2024-03-03T08:14:23.717+0000] {logging_mixin.py:188} INFO - [2024-03-03T08:14:23.716+0000] {dagbag.py:540} INFO - Filling up the DagBag from /home/airflow/.local/lib/python3.11/site-packages/airflow/example_dags/example_latest_only_with_trigger.py
[2024-03-03T08:14:23.723+0000] {processor.py:840} INFO - DAG(s) 'latest_only_with_trigger' retrieved from /home/airflow/.local/lib/python3.11/site-packages/airflow/example_dags/example_latest_only_with_trigger.py
[2024-03-03T08:14:23.747+0000] {logging_mixin.py:188} INFO - [2024-03-03T08:14:23.747+0000] {dag.py:3047} INFO - Sync 1 DAGs
[2024-03-03T08:14:23.772+0000] {logging_mixin.py:188} INFO - [2024-03-03T08:14:23.771+0000] {dag.py:3834} INFO - Setting next_dagrun for latest_only_with_trigger to 2024-03-03 04:00:00+00:00, run_after=2024-03-03 08:00:00+00:00
[2024-03-03T08:14:23.788+0000] {processor.py:183} INFO - Processing /home/airflow/.local/lib/python3.11/site-packages/airflow/example_dags/example_latest_only_with_trigger.py took 0.078 seconds
[2024-03-03T08:14:54.386+0000] {processor.py:161} INFO - Started process (PID=599) to work on /home/airflow/.local/lib/python3.11/site-packages/airflow/example_dags/example_latest_only_with_trigger.py
[2024-03-03T08:14:54.387+0000] {processor.py:830} INFO - Processing file /home/airflow/.local/lib/python3.11/site-packages/airflow/example_dags/example_latest_only_with_trigger.py for tasks to queue
[2024-03-03T08:14:54.390+0000] {logging_mixin.py:188} INFO - [2024-03-03T08:14:54.390+0000] {dagbag.py:540} INFO - Filling up the DagBag from /home/airflow/.local/lib/python3.11/site-packages/airflow/example_dags/example_latest_only_with_trigger.py
[2024-03-03T08:14:54.397+0000] {processor.py:840} INFO - DAG(s) 'latest_only_with_trigger' retrieved from /home/airflow/.local/lib/python3.11/site-packages/airflow/example_dags/example_latest_only_with_trigger.py
[2024-03-03T08:14:54.420+0000] {logging_mixin.py:188} INFO - [2024-03-03T08:14:54.420+0000] {dag.py:3047} INFO - Sync 1 DAGs
[2024-03-03T08:14:54.441+0000] {logging_mixin.py:188} INFO - [2024-03-03T08:14:54.441+0000] {dag.py:3834} INFO - Setting next_dagrun for latest_only_with_trigger to 2024-03-03 04:00:00+00:00, run_after=2024-03-03 08:00:00+00:00
[2024-03-03T08:14:54.460+0000] {processor.py:183} INFO - Processing /home/airflow/.local/lib/python3.11/site-packages/airflow/example_dags/example_latest_only_with_trigger.py took 0.078 seconds
[2024-03-03T08:15:25.126+0000] {processor.py:161} INFO - Started process (PID=655) to work on /home/airflow/.local/lib/python3.11/site-packages/airflow/example_dags/example_latest_only_with_trigger.py
[2024-03-03T08:15:25.128+0000] {processor.py:830} INFO - Processing file /home/airflow/.local/lib/python3.11/site-packages/airflow/example_dags/example_latest_only_with_trigger.py for tasks to queue
[2024-03-03T08:15:25.131+0000] {logging_mixin.py:188} INFO - [2024-03-03T08:15:25.130+0000] {dagbag.py:540} INFO - Filling up the DagBag from /home/airflow/.local/lib/python3.11/site-packages/airflow/example_dags/example_latest_only_with_trigger.py
[2024-03-03T08:15:25.138+0000] {processor.py:840} INFO - DAG(s) 'latest_only_with_trigger' retrieved from /home/airflow/.local/lib/python3.11/site-packages/airflow/example_dags/example_latest_only_with_trigger.py
[2024-03-03T08:15:25.162+0000] {logging_mixin.py:188} INFO - [2024-03-03T08:15:25.162+0000] {dag.py:3047} INFO - Sync 1 DAGs
[2024-03-03T08:15:25.191+0000] {logging_mixin.py:188} INFO - [2024-03-03T08:15:25.190+0000] {dag.py:3834} INFO - Setting next_dagrun for latest_only_with_trigger to 2024-03-03 04:00:00+00:00, run_after=2024-03-03 08:00:00+00:00
[2024-03-03T08:15:25.212+0000] {processor.py:183} INFO - Processing /home/airflow/.local/lib/python3.11/site-packages/airflow/example_dags/example_latest_only_with_trigger.py took 0.090 seconds
[2024-03-03T08:15:56.014+0000] {processor.py:161} INFO - Started process (PID=711) to work on /home/airflow/.local/lib/python3.11/site-packages/airflow/example_dags/example_latest_only_with_trigger.py
[2024-03-03T08:15:56.015+0000] {processor.py:830} INFO - Processing file /home/airflow/.local/lib/python3.11/site-packages/airflow/example_dags/example_latest_only_with_trigger.py for tasks to queue
[2024-03-03T08:15:56.017+0000] {logging_mixin.py:188} INFO - [2024-03-03T08:15:56.016+0000] {dagbag.py:540} INFO - Filling up the DagBag from /home/airflow/.local/lib/python3.11/site-packages/airflow/example_dags/example_latest_only_with_trigger.py
[2024-03-03T08:15:56.022+0000] {processor.py:840} INFO - DAG(s) 'latest_only_with_trigger' retrieved from /home/airflow/.local/lib/python3.11/site-packages/airflow/example_dags/example_latest_only_with_trigger.py
[2024-03-03T08:15:56.045+0000] {logging_mixin.py:188} INFO - [2024-03-03T08:15:56.044+0000] {dag.py:3047} INFO - Sync 1 DAGs
[2024-03-03T08:15:56.065+0000] {logging_mixin.py:188} INFO - [2024-03-03T08:15:56.065+0000] {dag.py:3834} INFO - Setting next_dagrun for latest_only_with_trigger to 2024-03-03 04:00:00+00:00, run_after=2024-03-03 08:00:00+00:00
[2024-03-03T08:15:56.083+0000] {processor.py:183} INFO - Processing /home/airflow/.local/lib/python3.11/site-packages/airflow/example_dags/example_latest_only_with_trigger.py took 0.072 seconds
[2024-03-03T08:16:26.676+0000] {processor.py:161} INFO - Started process (PID=767) to work on /home/airflow/.local/lib/python3.11/site-packages/airflow/example_dags/example_latest_only_with_trigger.py
[2024-03-03T08:16:26.677+0000] {processor.py:830} INFO - Processing file /home/airflow/.local/lib/python3.11/site-packages/airflow/example_dags/example_latest_only_with_trigger.py for tasks to queue
[2024-03-03T08:16:26.679+0000] {logging_mixin.py:188} INFO - [2024-03-03T08:16:26.679+0000] {dagbag.py:540} INFO - Filling up the DagBag from /home/airflow/.local/lib/python3.11/site-packages/airflow/example_dags/example_latest_only_with_trigger.py
[2024-03-03T08:16:26.686+0000] {processor.py:840} INFO - DAG(s) 'latest_only_with_trigger' retrieved from /home/airflow/.local/lib/python3.11/site-packages/airflow/example_dags/example_latest_only_with_trigger.py
[2024-03-03T08:16:26.706+0000] {logging_mixin.py:188} INFO - [2024-03-03T08:16:26.706+0000] {dag.py:3047} INFO - Sync 1 DAGs
[2024-03-03T08:16:26.725+0000] {logging_mixin.py:188} INFO - [2024-03-03T08:16:26.725+0000] {dag.py:3834} INFO - Setting next_dagrun for latest_only_with_trigger to 2024-03-03 04:00:00+00:00, run_after=2024-03-03 08:00:00+00:00
[2024-03-03T08:16:26.740+0000] {processor.py:183} INFO - Processing /home/airflow/.local/lib/python3.11/site-packages/airflow/example_dags/example_latest_only_with_trigger.py took 0.067 seconds
[2024-03-03T08:16:57.469+0000] {processor.py:161} INFO - Started process (PID=823) to work on /home/airflow/.local/lib/python3.11/site-packages/airflow/example_dags/example_latest_only_with_trigger.py
[2024-03-03T08:16:57.470+0000] {processor.py:830} INFO - Processing file /home/airflow/.local/lib/python3.11/site-packages/airflow/example_dags/example_latest_only_with_trigger.py for tasks to queue
[2024-03-03T08:16:57.472+0000] {logging_mixin.py:188} INFO - [2024-03-03T08:16:57.472+0000] {dagbag.py:540} INFO - Filling up the DagBag from /home/airflow/.local/lib/python3.11/site-packages/airflow/example_dags/example_latest_only_with_trigger.py
[2024-03-03T08:16:57.477+0000] {processor.py:840} INFO - DAG(s) 'latest_only_with_trigger' retrieved from /home/airflow/.local/lib/python3.11/site-packages/airflow/example_dags/example_latest_only_with_trigger.py
[2024-03-03T08:16:57.501+0000] {logging_mixin.py:188} INFO - [2024-03-03T08:16:57.500+0000] {dag.py:3047} INFO - Sync 1 DAGs
[2024-03-03T08:16:57.521+0000] {logging_mixin.py:188} INFO - [2024-03-03T08:16:57.521+0000] {dag.py:3834} INFO - Setting next_dagrun for latest_only_with_trigger to 2024-03-03 04:00:00+00:00, run_after=2024-03-03 08:00:00+00:00
[2024-03-03T08:16:57.541+0000] {processor.py:183} INFO - Processing /home/airflow/.local/lib/python3.11/site-packages/airflow/example_dags/example_latest_only_with_trigger.py took 0.075 seconds
[2024-03-03T08:17:28.020+0000] {processor.py:161} INFO - Started process (PID=879) to work on /home/airflow/.local/lib/python3.11/site-packages/airflow/example_dags/example_latest_only_with_trigger.py
[2024-03-03T08:17:28.021+0000] {processor.py:830} INFO - Processing file /home/airflow/.local/lib/python3.11/site-packages/airflow/example_dags/example_latest_only_with_trigger.py for tasks to queue
[2024-03-03T08:17:28.024+0000] {logging_mixin.py:188} INFO - [2024-03-03T08:17:28.023+0000] {dagbag.py:540} INFO - Filling up the DagBag from /home/airflow/.local/lib/python3.11/site-packages/airflow/example_dags/example_latest_only_with_trigger.py
[2024-03-03T08:17:28.030+0000] {processor.py:840} INFO - DAG(s) 'latest_only_with_trigger' retrieved from /home/airflow/.local/lib/python3.11/site-packages/airflow/example_dags/example_latest_only_with_trigger.py
[2024-03-03T08:17:28.049+0000] {logging_mixin.py:188} INFO - [2024-03-03T08:17:28.049+0000] {dag.py:3047} INFO - Sync 1 DAGs
[2024-03-03T08:17:28.069+0000] {logging_mixin.py:188} INFO - [2024-03-03T08:17:28.069+0000] {dag.py:3834} INFO - Setting next_dagrun for latest_only_with_trigger to 2024-03-03 04:00:00+00:00, run_after=2024-03-03 08:00:00+00:00
[2024-03-03T08:17:28.085+0000] {processor.py:183} INFO - Processing /home/airflow/.local/lib/python3.11/site-packages/airflow/example_dags/example_latest_only_with_trigger.py took 0.069 seconds
[2024-03-03T08:17:58.297+0000] {processor.py:161} INFO - Started process (PID=934) to work on /home/airflow/.local/lib/python3.11/site-packages/airflow/example_dags/example_latest_only_with_trigger.py
[2024-03-03T08:17:58.298+0000] {processor.py:830} INFO - Processing file /home/airflow/.local/lib/python3.11/site-packages/airflow/example_dags/example_latest_only_with_trigger.py for tasks to queue
[2024-03-03T08:17:58.299+0000] {logging_mixin.py:188} INFO - [2024-03-03T08:17:58.299+0000] {dagbag.py:540} INFO - Filling up the DagBag from /home/airflow/.local/lib/python3.11/site-packages/airflow/example_dags/example_latest_only_with_trigger.py
[2024-03-03T08:17:58.306+0000] {processor.py:840} INFO - DAG(s) 'latest_only_with_trigger' retrieved from /home/airflow/.local/lib/python3.11/site-packages/airflow/example_dags/example_latest_only_with_trigger.py
[2024-03-03T08:17:58.330+0000] {logging_mixin.py:188} INFO - [2024-03-03T08:17:58.329+0000] {dag.py:3047} INFO - Sync 1 DAGs
[2024-03-03T08:17:58.357+0000] {logging_mixin.py:188} INFO - [2024-03-03T08:17:58.357+0000] {dag.py:3834} INFO - Setting next_dagrun for latest_only_with_trigger to 2024-03-03 04:00:00+00:00, run_after=2024-03-03 08:00:00+00:00
[2024-03-03T08:17:58.374+0000] {processor.py:183} INFO - Processing /home/airflow/.local/lib/python3.11/site-packages/airflow/example_dags/example_latest_only_with_trigger.py took 0.081 seconds
