[2024-03-03T08:09:51.392+0000] {processor.py:161} INFO - Started process (PID=61) to work on /home/airflow/.local/lib/python3.11/site-packages/airflow/example_dags/example_short_circuit_operator.py
[2024-03-03T08:09:51.393+0000] {processor.py:830} INFO - Processing file /home/airflow/.local/lib/python3.11/site-packages/airflow/example_dags/example_short_circuit_operator.py for tasks to queue
[2024-03-03T08:09:51.395+0000] {logging_mixin.py:188} INFO - [2024-03-03T08:09:51.395+0000] {dagbag.py:540} INFO - Filling up the DagBag from /home/airflow/.local/lib/python3.11/site-packages/airflow/example_dags/example_short_circuit_operator.py
[2024-03-03T08:09:51.405+0000] {processor.py:840} INFO - DAG(s) 'example_short_circuit_operator' retrieved from /home/airflow/.local/lib/python3.11/site-packages/airflow/example_dags/example_short_circuit_operator.py
[2024-03-03T08:09:51.531+0000] {logging_mixin.py:188} INFO - [2024-03-03T08:09:51.530+0000] {override.py:1769} INFO - Created Permission View: can edit on DAG:example_short_circuit_operator
[2024-03-03T08:09:51.541+0000] {logging_mixin.py:188} INFO - [2024-03-03T08:09:51.541+0000] {override.py:1769} INFO - Created Permission View: can read on DAG:example_short_circuit_operator
[2024-03-03T08:09:51.548+0000] {logging_mixin.py:188} INFO - [2024-03-03T08:09:51.547+0000] {override.py:1769} INFO - Created Permission View: can delete on DAG:example_short_circuit_operator
[2024-03-03T08:09:51.548+0000] {logging_mixin.py:188} INFO - [2024-03-03T08:09:51.548+0000] {dag.py:3047} INFO - Sync 1 DAGs
[2024-03-03T08:09:51.559+0000] {logging_mixin.py:188} INFO - [2024-03-03T08:09:51.559+0000] {dag.py:3069} INFO - Creating ORM DAG for example_short_circuit_operator
[2024-03-03T08:09:51.571+0000] {logging_mixin.py:188} INFO - [2024-03-03T08:09:51.571+0000] {dag.py:3834} INFO - Setting next_dagrun for example_short_circuit_operator to 2024-03-02 00:00:00+00:00, run_after=2024-03-03 00:00:00+00:00
[2024-03-03T08:09:51.589+0000] {processor.py:183} INFO - Processing /home/airflow/.local/lib/python3.11/site-packages/airflow/example_dags/example_short_circuit_operator.py took 0.199 seconds
[2024-03-03T08:10:21.676+0000] {processor.py:161} INFO - Started process (PID=116) to work on /home/airflow/.local/lib/python3.11/site-packages/airflow/example_dags/example_short_circuit_operator.py
[2024-03-03T08:10:21.676+0000] {processor.py:830} INFO - Processing file /home/airflow/.local/lib/python3.11/site-packages/airflow/example_dags/example_short_circuit_operator.py for tasks to queue
[2024-03-03T08:10:21.678+0000] {logging_mixin.py:188} INFO - [2024-03-03T08:10:21.678+0000] {dagbag.py:540} INFO - Filling up the DagBag from /home/airflow/.local/lib/python3.11/site-packages/airflow/example_dags/example_short_circuit_operator.py
[2024-03-03T08:10:21.685+0000] {processor.py:840} INFO - DAG(s) 'example_short_circuit_operator' retrieved from /home/airflow/.local/lib/python3.11/site-packages/airflow/example_dags/example_short_circuit_operator.py
[2024-03-03T08:10:21.702+0000] {logging_mixin.py:188} INFO - [2024-03-03T08:10:21.702+0000] {dag.py:3047} INFO - Sync 1 DAGs
[2024-03-03T08:10:21.721+0000] {logging_mixin.py:188} INFO - [2024-03-03T08:10:21.721+0000] {dag.py:3834} INFO - Setting next_dagrun for example_short_circuit_operator to 2024-03-02 00:00:00+00:00, run_after=2024-03-03 00:00:00+00:00
[2024-03-03T08:10:21.735+0000] {processor.py:183} INFO - Processing /home/airflow/.local/lib/python3.11/site-packages/airflow/example_dags/example_short_circuit_operator.py took 0.063 seconds
[2024-03-03T08:10:52.084+0000] {processor.py:161} INFO - Started process (PID=171) to work on /home/airflow/.local/lib/python3.11/site-packages/airflow/example_dags/example_short_circuit_operator.py
[2024-03-03T08:10:52.085+0000] {processor.py:830} INFO - Processing file /home/airflow/.local/lib/python3.11/site-packages/airflow/example_dags/example_short_circuit_operator.py for tasks to queue
[2024-03-03T08:10:52.088+0000] {logging_mixin.py:188} INFO - [2024-03-03T08:10:52.087+0000] {dagbag.py:540} INFO - Filling up the DagBag from /home/airflow/.local/lib/python3.11/site-packages/airflow/example_dags/example_short_circuit_operator.py
[2024-03-03T08:10:52.098+0000] {processor.py:840} INFO - DAG(s) 'example_short_circuit_operator' retrieved from /home/airflow/.local/lib/python3.11/site-packages/airflow/example_dags/example_short_circuit_operator.py
[2024-03-03T08:10:52.117+0000] {logging_mixin.py:188} INFO - [2024-03-03T08:10:52.117+0000] {dag.py:3047} INFO - Sync 1 DAGs
[2024-03-03T08:10:52.137+0000] {logging_mixin.py:188} INFO - [2024-03-03T08:10:52.136+0000] {dag.py:3834} INFO - Setting next_dagrun for example_short_circuit_operator to 2024-03-02 00:00:00+00:00, run_after=2024-03-03 00:00:00+00:00
[2024-03-03T08:10:52.152+0000] {processor.py:183} INFO - Processing /home/airflow/.local/lib/python3.11/site-packages/airflow/example_dags/example_short_circuit_operator.py took 0.071 seconds
[2024-03-03T08:11:22.670+0000] {processor.py:161} INFO - Started process (PID=226) to work on /home/airflow/.local/lib/python3.11/site-packages/airflow/example_dags/example_short_circuit_operator.py
[2024-03-03T08:11:22.671+0000] {processor.py:830} INFO - Processing file /home/airflow/.local/lib/python3.11/site-packages/airflow/example_dags/example_short_circuit_operator.py for tasks to queue
[2024-03-03T08:11:22.673+0000] {logging_mixin.py:188} INFO - [2024-03-03T08:11:22.673+0000] {dagbag.py:540} INFO - Filling up the DagBag from /home/airflow/.local/lib/python3.11/site-packages/airflow/example_dags/example_short_circuit_operator.py
[2024-03-03T08:11:22.681+0000] {processor.py:840} INFO - DAG(s) 'example_short_circuit_operator' retrieved from /home/airflow/.local/lib/python3.11/site-packages/airflow/example_dags/example_short_circuit_operator.py
[2024-03-03T08:11:22.702+0000] {logging_mixin.py:188} INFO - [2024-03-03T08:11:22.702+0000] {dag.py:3047} INFO - Sync 1 DAGs
[2024-03-03T08:11:22.726+0000] {logging_mixin.py:188} INFO - [2024-03-03T08:11:22.726+0000] {dag.py:3834} INFO - Setting next_dagrun for example_short_circuit_operator to 2024-03-02 00:00:00+00:00, run_after=2024-03-03 00:00:00+00:00
[2024-03-03T08:11:22.744+0000] {processor.py:183} INFO - Processing /home/airflow/.local/lib/python3.11/site-packages/airflow/example_dags/example_short_circuit_operator.py took 0.078 seconds
[2024-03-03T08:11:53.299+0000] {processor.py:161} INFO - Started process (PID=281) to work on /home/airflow/.local/lib/python3.11/site-packages/airflow/example_dags/example_short_circuit_operator.py
[2024-03-03T08:11:53.300+0000] {processor.py:830} INFO - Processing file /home/airflow/.local/lib/python3.11/site-packages/airflow/example_dags/example_short_circuit_operator.py for tasks to queue
[2024-03-03T08:11:53.302+0000] {logging_mixin.py:188} INFO - [2024-03-03T08:11:53.302+0000] {dagbag.py:540} INFO - Filling up the DagBag from /home/airflow/.local/lib/python3.11/site-packages/airflow/example_dags/example_short_circuit_operator.py
[2024-03-03T08:11:53.311+0000] {processor.py:840} INFO - DAG(s) 'example_short_circuit_operator' retrieved from /home/airflow/.local/lib/python3.11/site-packages/airflow/example_dags/example_short_circuit_operator.py
[2024-03-03T08:11:53.336+0000] {logging_mixin.py:188} INFO - [2024-03-03T08:11:53.336+0000] {dag.py:3047} INFO - Sync 1 DAGs
[2024-03-03T08:11:53.356+0000] {logging_mixin.py:188} INFO - [2024-03-03T08:11:53.355+0000] {dag.py:3834} INFO - Setting next_dagrun for example_short_circuit_operator to 2024-03-02 00:00:00+00:00, run_after=2024-03-03 00:00:00+00:00
[2024-03-03T08:11:53.373+0000] {processor.py:183} INFO - Processing /home/airflow/.local/lib/python3.11/site-packages/airflow/example_dags/example_short_circuit_operator.py took 0.076 seconds
[2024-03-03T08:12:23.808+0000] {processor.py:161} INFO - Started process (PID=336) to work on /home/airflow/.local/lib/python3.11/site-packages/airflow/example_dags/example_short_circuit_operator.py
[2024-03-03T08:12:23.809+0000] {processor.py:830} INFO - Processing file /home/airflow/.local/lib/python3.11/site-packages/airflow/example_dags/example_short_circuit_operator.py for tasks to queue
[2024-03-03T08:12:23.812+0000] {logging_mixin.py:188} INFO - [2024-03-03T08:12:23.811+0000] {dagbag.py:540} INFO - Filling up the DagBag from /home/airflow/.local/lib/python3.11/site-packages/airflow/example_dags/example_short_circuit_operator.py
[2024-03-03T08:12:23.819+0000] {processor.py:840} INFO - DAG(s) 'example_short_circuit_operator' retrieved from /home/airflow/.local/lib/python3.11/site-packages/airflow/example_dags/example_short_circuit_operator.py
[2024-03-03T08:12:23.845+0000] {logging_mixin.py:188} INFO - [2024-03-03T08:12:23.845+0000] {dag.py:3047} INFO - Sync 1 DAGs
[2024-03-03T08:12:23.872+0000] {logging_mixin.py:188} INFO - [2024-03-03T08:12:23.871+0000] {dag.py:3834} INFO - Setting next_dagrun for example_short_circuit_operator to 2024-03-02 00:00:00+00:00, run_after=2024-03-03 00:00:00+00:00
[2024-03-03T08:12:23.893+0000] {processor.py:183} INFO - Processing /home/airflow/.local/lib/python3.11/site-packages/airflow/example_dags/example_short_circuit_operator.py took 0.088 seconds
[2024-03-03T08:12:54.347+0000] {processor.py:161} INFO - Started process (PID=391) to work on /home/airflow/.local/lib/python3.11/site-packages/airflow/example_dags/example_short_circuit_operator.py
[2024-03-03T08:12:54.348+0000] {processor.py:830} INFO - Processing file /home/airflow/.local/lib/python3.11/site-packages/airflow/example_dags/example_short_circuit_operator.py for tasks to queue
[2024-03-03T08:12:54.351+0000] {logging_mixin.py:188} INFO - [2024-03-03T08:12:54.350+0000] {dagbag.py:540} INFO - Filling up the DagBag from /home/airflow/.local/lib/python3.11/site-packages/airflow/example_dags/example_short_circuit_operator.py
[2024-03-03T08:12:54.359+0000] {processor.py:840} INFO - DAG(s) 'example_short_circuit_operator' retrieved from /home/airflow/.local/lib/python3.11/site-packages/airflow/example_dags/example_short_circuit_operator.py
[2024-03-03T08:12:54.381+0000] {logging_mixin.py:188} INFO - [2024-03-03T08:12:54.381+0000] {dag.py:3047} INFO - Sync 1 DAGs
[2024-03-03T08:12:54.402+0000] {logging_mixin.py:188} INFO - [2024-03-03T08:12:54.402+0000] {dag.py:3834} INFO - Setting next_dagrun for example_short_circuit_operator to 2024-03-02 00:00:00+00:00, run_after=2024-03-03 00:00:00+00:00
[2024-03-03T08:12:54.420+0000] {processor.py:183} INFO - Processing /home/airflow/.local/lib/python3.11/site-packages/airflow/example_dags/example_short_circuit_operator.py took 0.075 seconds
[2024-03-03T08:13:24.825+0000] {processor.py:161} INFO - Started process (PID=446) to work on /home/airflow/.local/lib/python3.11/site-packages/airflow/example_dags/example_short_circuit_operator.py
[2024-03-03T08:13:24.827+0000] {processor.py:830} INFO - Processing file /home/airflow/.local/lib/python3.11/site-packages/airflow/example_dags/example_short_circuit_operator.py for tasks to queue
[2024-03-03T08:13:24.829+0000] {logging_mixin.py:188} INFO - [2024-03-03T08:13:24.828+0000] {dagbag.py:540} INFO - Filling up the DagBag from /home/airflow/.local/lib/python3.11/site-packages/airflow/example_dags/example_short_circuit_operator.py
[2024-03-03T08:13:24.836+0000] {processor.py:840} INFO - DAG(s) 'example_short_circuit_operator' retrieved from /home/airflow/.local/lib/python3.11/site-packages/airflow/example_dags/example_short_circuit_operator.py
[2024-03-03T08:13:24.856+0000] {logging_mixin.py:188} INFO - [2024-03-03T08:13:24.856+0000] {dag.py:3047} INFO - Sync 1 DAGs
[2024-03-03T08:13:24.877+0000] {logging_mixin.py:188} INFO - [2024-03-03T08:13:24.876+0000] {dag.py:3834} INFO - Setting next_dagrun for example_short_circuit_operator to 2024-03-02 00:00:00+00:00, run_after=2024-03-03 00:00:00+00:00
[2024-03-03T08:13:24.894+0000] {processor.py:183} INFO - Processing /home/airflow/.local/lib/python3.11/site-packages/airflow/example_dags/example_short_circuit_operator.py took 0.073 seconds
[2024-03-03T08:13:55.686+0000] {processor.py:161} INFO - Started process (PID=501) to work on /home/airflow/.local/lib/python3.11/site-packages/airflow/example_dags/example_short_circuit_operator.py
[2024-03-03T08:13:55.687+0000] {processor.py:830} INFO - Processing file /home/airflow/.local/lib/python3.11/site-packages/airflow/example_dags/example_short_circuit_operator.py for tasks to queue
[2024-03-03T08:13:55.690+0000] {logging_mixin.py:188} INFO - [2024-03-03T08:13:55.689+0000] {dagbag.py:540} INFO - Filling up the DagBag from /home/airflow/.local/lib/python3.11/site-packages/airflow/example_dags/example_short_circuit_operator.py
[2024-03-03T08:13:55.699+0000] {processor.py:840} INFO - DAG(s) 'example_short_circuit_operator' retrieved from /home/airflow/.local/lib/python3.11/site-packages/airflow/example_dags/example_short_circuit_operator.py
[2024-03-03T08:13:55.724+0000] {logging_mixin.py:188} INFO - [2024-03-03T08:13:55.724+0000] {dag.py:3047} INFO - Sync 1 DAGs
[2024-03-03T08:13:55.749+0000] {logging_mixin.py:188} INFO - [2024-03-03T08:13:55.749+0000] {dag.py:3834} INFO - Setting next_dagrun for example_short_circuit_operator to 2024-03-02 00:00:00+00:00, run_after=2024-03-03 00:00:00+00:00
[2024-03-03T08:13:55.771+0000] {processor.py:183} INFO - Processing /home/airflow/.local/lib/python3.11/site-packages/airflow/example_dags/example_short_circuit_operator.py took 0.088 seconds
[2024-03-03T08:14:25.820+0000] {processor.py:161} INFO - Started process (PID=564) to work on /home/airflow/.local/lib/python3.11/site-packages/airflow/example_dags/example_short_circuit_operator.py
[2024-03-03T08:14:25.821+0000] {processor.py:830} INFO - Processing file /home/airflow/.local/lib/python3.11/site-packages/airflow/example_dags/example_short_circuit_operator.py for tasks to queue
[2024-03-03T08:14:25.823+0000] {logging_mixin.py:188} INFO - [2024-03-03T08:14:25.823+0000] {dagbag.py:540} INFO - Filling up the DagBag from /home/airflow/.local/lib/python3.11/site-packages/airflow/example_dags/example_short_circuit_operator.py
[2024-03-03T08:14:25.831+0000] {processor.py:840} INFO - DAG(s) 'example_short_circuit_operator' retrieved from /home/airflow/.local/lib/python3.11/site-packages/airflow/example_dags/example_short_circuit_operator.py
[2024-03-03T08:14:25.851+0000] {logging_mixin.py:188} INFO - [2024-03-03T08:14:25.851+0000] {dag.py:3047} INFO - Sync 1 DAGs
[2024-03-03T08:14:25.871+0000] {logging_mixin.py:188} INFO - [2024-03-03T08:14:25.871+0000] {dag.py:3834} INFO - Setting next_dagrun for example_short_circuit_operator to 2024-03-02 00:00:00+00:00, run_after=2024-03-03 00:00:00+00:00
[2024-03-03T08:14:25.890+0000] {processor.py:183} INFO - Processing /home/airflow/.local/lib/python3.11/site-packages/airflow/example_dags/example_short_circuit_operator.py took 0.073 seconds
[2024-03-03T08:14:56.459+0000] {processor.py:161} INFO - Started process (PID=620) to work on /home/airflow/.local/lib/python3.11/site-packages/airflow/example_dags/example_short_circuit_operator.py
[2024-03-03T08:14:56.460+0000] {processor.py:830} INFO - Processing file /home/airflow/.local/lib/python3.11/site-packages/airflow/example_dags/example_short_circuit_operator.py for tasks to queue
[2024-03-03T08:14:56.462+0000] {logging_mixin.py:188} INFO - [2024-03-03T08:14:56.461+0000] {dagbag.py:540} INFO - Filling up the DagBag from /home/airflow/.local/lib/python3.11/site-packages/airflow/example_dags/example_short_circuit_operator.py
[2024-03-03T08:14:56.470+0000] {processor.py:840} INFO - DAG(s) 'example_short_circuit_operator' retrieved from /home/airflow/.local/lib/python3.11/site-packages/airflow/example_dags/example_short_circuit_operator.py
[2024-03-03T08:14:56.494+0000] {logging_mixin.py:188} INFO - [2024-03-03T08:14:56.494+0000] {dag.py:3047} INFO - Sync 1 DAGs
[2024-03-03T08:14:56.519+0000] {logging_mixin.py:188} INFO - [2024-03-03T08:14:56.519+0000] {dag.py:3834} INFO - Setting next_dagrun for example_short_circuit_operator to 2024-03-02 00:00:00+00:00, run_after=2024-03-03 00:00:00+00:00
[2024-03-03T08:14:56.536+0000] {processor.py:183} INFO - Processing /home/airflow/.local/lib/python3.11/site-packages/airflow/example_dags/example_short_circuit_operator.py took 0.081 seconds
[2024-03-03T08:15:27.319+0000] {processor.py:161} INFO - Started process (PID=676) to work on /home/airflow/.local/lib/python3.11/site-packages/airflow/example_dags/example_short_circuit_operator.py
[2024-03-03T08:15:27.320+0000] {processor.py:830} INFO - Processing file /home/airflow/.local/lib/python3.11/site-packages/airflow/example_dags/example_short_circuit_operator.py for tasks to queue
[2024-03-03T08:15:27.323+0000] {logging_mixin.py:188} INFO - [2024-03-03T08:15:27.322+0000] {dagbag.py:540} INFO - Filling up the DagBag from /home/airflow/.local/lib/python3.11/site-packages/airflow/example_dags/example_short_circuit_operator.py
[2024-03-03T08:15:27.333+0000] {processor.py:840} INFO - DAG(s) 'example_short_circuit_operator' retrieved from /home/airflow/.local/lib/python3.11/site-packages/airflow/example_dags/example_short_circuit_operator.py
[2024-03-03T08:15:27.356+0000] {logging_mixin.py:188} INFO - [2024-03-03T08:15:27.355+0000] {dag.py:3047} INFO - Sync 1 DAGs
[2024-03-03T08:15:27.378+0000] {logging_mixin.py:188} INFO - [2024-03-03T08:15:27.378+0000] {dag.py:3834} INFO - Setting next_dagrun for example_short_circuit_operator to 2024-03-02 00:00:00+00:00, run_after=2024-03-03 00:00:00+00:00
[2024-03-03T08:15:27.396+0000] {processor.py:183} INFO - Processing /home/airflow/.local/lib/python3.11/site-packages/airflow/example_dags/example_short_circuit_operator.py took 0.080 seconds
[2024-03-03T08:15:58.131+0000] {processor.py:161} INFO - Started process (PID=732) to work on /home/airflow/.local/lib/python3.11/site-packages/airflow/example_dags/example_short_circuit_operator.py
[2024-03-03T08:15:58.132+0000] {processor.py:830} INFO - Processing file /home/airflow/.local/lib/python3.11/site-packages/airflow/example_dags/example_short_circuit_operator.py for tasks to queue
[2024-03-03T08:15:58.136+0000] {logging_mixin.py:188} INFO - [2024-03-03T08:15:58.135+0000] {dagbag.py:540} INFO - Filling up the DagBag from /home/airflow/.local/lib/python3.11/site-packages/airflow/example_dags/example_short_circuit_operator.py
[2024-03-03T08:15:58.145+0000] {processor.py:840} INFO - DAG(s) 'example_short_circuit_operator' retrieved from /home/airflow/.local/lib/python3.11/site-packages/airflow/example_dags/example_short_circuit_operator.py
[2024-03-03T08:15:58.173+0000] {logging_mixin.py:188} INFO - [2024-03-03T08:15:58.172+0000] {dag.py:3047} INFO - Sync 1 DAGs
[2024-03-03T08:15:58.201+0000] {logging_mixin.py:188} INFO - [2024-03-03T08:15:58.200+0000] {dag.py:3834} INFO - Setting next_dagrun for example_short_circuit_operator to 2024-03-02 00:00:00+00:00, run_after=2024-03-03 00:00:00+00:00
[2024-03-03T08:15:58.223+0000] {processor.py:183} INFO - Processing /home/airflow/.local/lib/python3.11/site-packages/airflow/example_dags/example_short_circuit_operator.py took 0.096 seconds
[2024-03-03T08:16:28.667+0000] {processor.py:161} INFO - Started process (PID=788) to work on /home/airflow/.local/lib/python3.11/site-packages/airflow/example_dags/example_short_circuit_operator.py
[2024-03-03T08:16:28.668+0000] {processor.py:830} INFO - Processing file /home/airflow/.local/lib/python3.11/site-packages/airflow/example_dags/example_short_circuit_operator.py for tasks to queue
[2024-03-03T08:16:28.671+0000] {logging_mixin.py:188} INFO - [2024-03-03T08:16:28.671+0000] {dagbag.py:540} INFO - Filling up the DagBag from /home/airflow/.local/lib/python3.11/site-packages/airflow/example_dags/example_short_circuit_operator.py
[2024-03-03T08:16:28.682+0000] {processor.py:840} INFO - DAG(s) 'example_short_circuit_operator' retrieved from /home/airflow/.local/lib/python3.11/site-packages/airflow/example_dags/example_short_circuit_operator.py
[2024-03-03T08:16:28.708+0000] {logging_mixin.py:188} INFO - [2024-03-03T08:16:28.708+0000] {dag.py:3047} INFO - Sync 1 DAGs
[2024-03-03T08:16:28.736+0000] {logging_mixin.py:188} INFO - [2024-03-03T08:16:28.736+0000] {dag.py:3834} INFO - Setting next_dagrun for example_short_circuit_operator to 2024-03-02 00:00:00+00:00, run_after=2024-03-03 00:00:00+00:00
[2024-03-03T08:16:28.754+0000] {processor.py:183} INFO - Processing /home/airflow/.local/lib/python3.11/site-packages/airflow/example_dags/example_short_circuit_operator.py took 0.091 seconds
[2024-03-03T08:16:59.489+0000] {processor.py:161} INFO - Started process (PID=844) to work on /home/airflow/.local/lib/python3.11/site-packages/airflow/example_dags/example_short_circuit_operator.py
[2024-03-03T08:16:59.491+0000] {processor.py:830} INFO - Processing file /home/airflow/.local/lib/python3.11/site-packages/airflow/example_dags/example_short_circuit_operator.py for tasks to queue
[2024-03-03T08:16:59.494+0000] {logging_mixin.py:188} INFO - [2024-03-03T08:16:59.493+0000] {dagbag.py:540} INFO - Filling up the DagBag from /home/airflow/.local/lib/python3.11/site-packages/airflow/example_dags/example_short_circuit_operator.py
[2024-03-03T08:16:59.504+0000] {processor.py:840} INFO - DAG(s) 'example_short_circuit_operator' retrieved from /home/airflow/.local/lib/python3.11/site-packages/airflow/example_dags/example_short_circuit_operator.py
[2024-03-03T08:16:59.525+0000] {logging_mixin.py:188} INFO - [2024-03-03T08:16:59.524+0000] {dag.py:3047} INFO - Sync 1 DAGs
[2024-03-03T08:16:59.546+0000] {logging_mixin.py:188} INFO - [2024-03-03T08:16:59.546+0000] {dag.py:3834} INFO - Setting next_dagrun for example_short_circuit_operator to 2024-03-02 00:00:00+00:00, run_after=2024-03-03 00:00:00+00:00
[2024-03-03T08:16:59.564+0000] {processor.py:183} INFO - Processing /home/airflow/.local/lib/python3.11/site-packages/airflow/example_dags/example_short_circuit_operator.py took 0.078 seconds
[2024-03-03T08:17:30.011+0000] {processor.py:161} INFO - Started process (PID=900) to work on /home/airflow/.local/lib/python3.11/site-packages/airflow/example_dags/example_short_circuit_operator.py
[2024-03-03T08:17:30.013+0000] {processor.py:830} INFO - Processing file /home/airflow/.local/lib/python3.11/site-packages/airflow/example_dags/example_short_circuit_operator.py for tasks to queue
[2024-03-03T08:17:30.015+0000] {logging_mixin.py:188} INFO - [2024-03-03T08:17:30.015+0000] {dagbag.py:540} INFO - Filling up the DagBag from /home/airflow/.local/lib/python3.11/site-packages/airflow/example_dags/example_short_circuit_operator.py
[2024-03-03T08:17:30.023+0000] {processor.py:840} INFO - DAG(s) 'example_short_circuit_operator' retrieved from /home/airflow/.local/lib/python3.11/site-packages/airflow/example_dags/example_short_circuit_operator.py
[2024-03-03T08:17:30.047+0000] {logging_mixin.py:188} INFO - [2024-03-03T08:17:30.047+0000] {dag.py:3047} INFO - Sync 1 DAGs
[2024-03-03T08:17:30.069+0000] {logging_mixin.py:188} INFO - [2024-03-03T08:17:30.069+0000] {dag.py:3834} INFO - Setting next_dagrun for example_short_circuit_operator to 2024-03-02 00:00:00+00:00, run_after=2024-03-03 00:00:00+00:00
[2024-03-03T08:17:30.088+0000] {processor.py:183} INFO - Processing /home/airflow/.local/lib/python3.11/site-packages/airflow/example_dags/example_short_circuit_operator.py took 0.079 seconds
[2024-03-03T08:18:00.362+0000] {processor.py:161} INFO - Started process (PID=955) to work on /home/airflow/.local/lib/python3.11/site-packages/airflow/example_dags/example_short_circuit_operator.py
[2024-03-03T08:18:00.363+0000] {processor.py:830} INFO - Processing file /home/airflow/.local/lib/python3.11/site-packages/airflow/example_dags/example_short_circuit_operator.py for tasks to queue
[2024-03-03T08:18:00.364+0000] {logging_mixin.py:188} INFO - [2024-03-03T08:18:00.364+0000] {dagbag.py:540} INFO - Filling up the DagBag from /home/airflow/.local/lib/python3.11/site-packages/airflow/example_dags/example_short_circuit_operator.py
[2024-03-03T08:18:00.372+0000] {processor.py:840} INFO - DAG(s) 'example_short_circuit_operator' retrieved from /home/airflow/.local/lib/python3.11/site-packages/airflow/example_dags/example_short_circuit_operator.py
[2024-03-03T08:18:00.395+0000] {logging_mixin.py:188} INFO - [2024-03-03T08:18:00.395+0000] {dag.py:3047} INFO - Sync 1 DAGs
[2024-03-03T08:18:00.417+0000] {logging_mixin.py:188} INFO - [2024-03-03T08:18:00.416+0000] {dag.py:3834} INFO - Setting next_dagrun for example_short_circuit_operator to 2024-03-02 00:00:00+00:00, run_after=2024-03-03 00:00:00+00:00
[2024-03-03T08:18:00.435+0000] {processor.py:183} INFO - Processing /home/airflow/.local/lib/python3.11/site-packages/airflow/example_dags/example_short_circuit_operator.py took 0.075 seconds
