[2024-03-03T08:09:48.413+0000] {processor.py:161} INFO - Started process (PID=38) to work on /home/airflow/.local/lib/python3.11/site-packages/airflow/example_dags/example_branch_datetime_operator.py
[2024-03-03T08:09:48.415+0000] {processor.py:830} INFO - Processing file /home/airflow/.local/lib/python3.11/site-packages/airflow/example_dags/example_branch_datetime_operator.py for tasks to queue
[2024-03-03T08:09:48.418+0000] {logging_mixin.py:188} INFO - [2024-03-03T08:09:48.417+0000] {dagbag.py:540} INFO - Filling up the DagBag from /home/airflow/.local/lib/python3.11/site-packages/airflow/example_dags/example_branch_datetime_operator.py
[2024-03-03T08:09:48.435+0000] {processor.py:840} INFO - DAG(s) 'example_branch_datetime_operator_2', 'example_branch_datetime_operator', 'example_branch_datetime_operator_3' retrieved from /home/airflow/.local/lib/python3.11/site-packages/airflow/example_dags/example_branch_datetime_operator.py
[2024-03-03T08:09:48.572+0000] {logging_mixin.py:188} INFO - [2024-03-03T08:09:48.572+0000] {override.py:1769} INFO - Created Permission View: can edit on DAG:example_branch_datetime_operator_2
[2024-03-03T08:09:48.584+0000] {logging_mixin.py:188} INFO - [2024-03-03T08:09:48.584+0000] {override.py:1769} INFO - Created Permission View: can read on DAG:example_branch_datetime_operator_2
[2024-03-03T08:09:48.591+0000] {logging_mixin.py:188} INFO - [2024-03-03T08:09:48.591+0000] {override.py:1769} INFO - Created Permission View: can delete on DAG:example_branch_datetime_operator_2
[2024-03-03T08:09:48.605+0000] {logging_mixin.py:188} INFO - [2024-03-03T08:09:48.605+0000] {override.py:1769} INFO - Created Permission View: can edit on DAG:example_branch_datetime_operator
[2024-03-03T08:09:48.613+0000] {logging_mixin.py:188} INFO - [2024-03-03T08:09:48.612+0000] {override.py:1769} INFO - Created Permission View: can read on DAG:example_branch_datetime_operator
[2024-03-03T08:09:48.620+0000] {logging_mixin.py:188} INFO - [2024-03-03T08:09:48.619+0000] {override.py:1769} INFO - Created Permission View: can delete on DAG:example_branch_datetime_operator
[2024-03-03T08:09:48.633+0000] {logging_mixin.py:188} INFO - [2024-03-03T08:09:48.633+0000] {override.py:1769} INFO - Created Permission View: can edit on DAG:example_branch_datetime_operator_3
[2024-03-03T08:09:48.641+0000] {logging_mixin.py:188} INFO - [2024-03-03T08:09:48.641+0000] {override.py:1769} INFO - Created Permission View: can read on DAG:example_branch_datetime_operator_3
[2024-03-03T08:09:48.650+0000] {logging_mixin.py:188} INFO - [2024-03-03T08:09:48.649+0000] {override.py:1769} INFO - Created Permission View: can delete on DAG:example_branch_datetime_operator_3
[2024-03-03T08:09:48.651+0000] {logging_mixin.py:188} INFO - [2024-03-03T08:09:48.650+0000] {dag.py:3047} INFO - Sync 3 DAGs
[2024-03-03T08:09:48.663+0000] {logging_mixin.py:188} INFO - [2024-03-03T08:09:48.663+0000] {dag.py:3069} INFO - Creating ORM DAG for example_branch_datetime_operator_2
[2024-03-03T08:09:48.664+0000] {logging_mixin.py:188} INFO - [2024-03-03T08:09:48.664+0000] {dag.py:3069} INFO - Creating ORM DAG for example_branch_datetime_operator
[2024-03-03T08:09:48.665+0000] {logging_mixin.py:188} INFO - [2024-03-03T08:09:48.665+0000] {dag.py:3069} INFO - Creating ORM DAG for example_branch_datetime_operator_3
[2024-03-03T08:09:48.677+0000] {logging_mixin.py:188} INFO - [2024-03-03T08:09:48.677+0000] {dag.py:3834} INFO - Setting next_dagrun for example_branch_datetime_operator to 2024-03-02 00:00:00+00:00, run_after=2024-03-03 00:00:00+00:00
[2024-03-03T08:09:48.679+0000] {logging_mixin.py:188} INFO - [2024-03-03T08:09:48.679+0000] {dag.py:3834} INFO - Setting next_dagrun for example_branch_datetime_operator_2 to 2024-03-02 00:00:00+00:00, run_after=2024-03-03 00:00:00+00:00
[2024-03-03T08:09:48.682+0000] {logging_mixin.py:188} INFO - [2024-03-03T08:09:48.681+0000] {dag.py:3834} INFO - Setting next_dagrun for example_branch_datetime_operator_3 to 2024-03-02 00:00:00+00:00, run_after=2024-03-03 00:00:00+00:00
[2024-03-03T08:09:48.704+0000] {processor.py:183} INFO - Processing /home/airflow/.local/lib/python3.11/site-packages/airflow/example_dags/example_branch_datetime_operator.py took 0.295 seconds
[2024-03-03T08:10:19.530+0000] {processor.py:161} INFO - Started process (PID=93) to work on /home/airflow/.local/lib/python3.11/site-packages/airflow/example_dags/example_branch_datetime_operator.py
[2024-03-03T08:10:19.531+0000] {processor.py:830} INFO - Processing file /home/airflow/.local/lib/python3.11/site-packages/airflow/example_dags/example_branch_datetime_operator.py for tasks to queue
[2024-03-03T08:10:19.534+0000] {logging_mixin.py:188} INFO - [2024-03-03T08:10:19.533+0000] {dagbag.py:540} INFO - Filling up the DagBag from /home/airflow/.local/lib/python3.11/site-packages/airflow/example_dags/example_branch_datetime_operator.py
[2024-03-03T08:10:19.544+0000] {processor.py:840} INFO - DAG(s) 'example_branch_datetime_operator', 'example_branch_datetime_operator_2', 'example_branch_datetime_operator_3' retrieved from /home/airflow/.local/lib/python3.11/site-packages/airflow/example_dags/example_branch_datetime_operator.py
[2024-03-03T08:10:19.567+0000] {logging_mixin.py:188} INFO - [2024-03-03T08:10:19.567+0000] {dag.py:3047} INFO - Sync 3 DAGs
[2024-03-03T08:10:19.588+0000] {logging_mixin.py:188} INFO - [2024-03-03T08:10:19.587+0000] {dag.py:3834} INFO - Setting next_dagrun for example_branch_datetime_operator to 2024-03-02 00:00:00+00:00, run_after=2024-03-03 00:00:00+00:00
[2024-03-03T08:10:19.592+0000] {logging_mixin.py:188} INFO - [2024-03-03T08:10:19.592+0000] {dag.py:3834} INFO - Setting next_dagrun for example_branch_datetime_operator_2 to 2024-03-02 00:00:00+00:00, run_after=2024-03-03 00:00:00+00:00
[2024-03-03T08:10:19.594+0000] {logging_mixin.py:188} INFO - [2024-03-03T08:10:19.594+0000] {dag.py:3834} INFO - Setting next_dagrun for example_branch_datetime_operator_3 to 2024-03-02 00:00:00+00:00, run_after=2024-03-03 00:00:00+00:00
[2024-03-03T08:10:19.611+0000] {processor.py:183} INFO - Processing /home/airflow/.local/lib/python3.11/site-packages/airflow/example_dags/example_branch_datetime_operator.py took 0.084 seconds
[2024-03-03T08:10:49.994+0000] {processor.py:161} INFO - Started process (PID=148) to work on /home/airflow/.local/lib/python3.11/site-packages/airflow/example_dags/example_branch_datetime_operator.py
[2024-03-03T08:10:49.995+0000] {processor.py:830} INFO - Processing file /home/airflow/.local/lib/python3.11/site-packages/airflow/example_dags/example_branch_datetime_operator.py for tasks to queue
[2024-03-03T08:10:49.997+0000] {logging_mixin.py:188} INFO - [2024-03-03T08:10:49.996+0000] {dagbag.py:540} INFO - Filling up the DagBag from /home/airflow/.local/lib/python3.11/site-packages/airflow/example_dags/example_branch_datetime_operator.py
[2024-03-03T08:10:50.008+0000] {processor.py:840} INFO - DAG(s) 'example_branch_datetime_operator_3', 'example_branch_datetime_operator', 'example_branch_datetime_operator_2' retrieved from /home/airflow/.local/lib/python3.11/site-packages/airflow/example_dags/example_branch_datetime_operator.py
[2024-03-03T08:10:50.030+0000] {logging_mixin.py:188} INFO - [2024-03-03T08:10:50.030+0000] {dag.py:3047} INFO - Sync 3 DAGs
[2024-03-03T08:10:50.050+0000] {logging_mixin.py:188} INFO - [2024-03-03T08:10:50.050+0000] {dag.py:3834} INFO - Setting next_dagrun for example_branch_datetime_operator to 2024-03-02 00:00:00+00:00, run_after=2024-03-03 00:00:00+00:00
[2024-03-03T08:10:50.055+0000] {logging_mixin.py:188} INFO - [2024-03-03T08:10:50.055+0000] {dag.py:3834} INFO - Setting next_dagrun for example_branch_datetime_operator_2 to 2024-03-02 00:00:00+00:00, run_after=2024-03-03 00:00:00+00:00
[2024-03-03T08:10:50.057+0000] {logging_mixin.py:188} INFO - [2024-03-03T08:10:50.057+0000] {dag.py:3834} INFO - Setting next_dagrun for example_branch_datetime_operator_3 to 2024-03-02 00:00:00+00:00, run_after=2024-03-03 00:00:00+00:00
[2024-03-03T08:10:50.072+0000] {processor.py:183} INFO - Processing /home/airflow/.local/lib/python3.11/site-packages/airflow/example_dags/example_branch_datetime_operator.py took 0.081 seconds
[2024-03-03T08:11:20.462+0000] {processor.py:161} INFO - Started process (PID=203) to work on /home/airflow/.local/lib/python3.11/site-packages/airflow/example_dags/example_branch_datetime_operator.py
[2024-03-03T08:11:20.464+0000] {processor.py:830} INFO - Processing file /home/airflow/.local/lib/python3.11/site-packages/airflow/example_dags/example_branch_datetime_operator.py for tasks to queue
[2024-03-03T08:11:20.466+0000] {logging_mixin.py:188} INFO - [2024-03-03T08:11:20.466+0000] {dagbag.py:540} INFO - Filling up the DagBag from /home/airflow/.local/lib/python3.11/site-packages/airflow/example_dags/example_branch_datetime_operator.py
[2024-03-03T08:11:20.481+0000] {processor.py:840} INFO - DAG(s) 'example_branch_datetime_operator_3', 'example_branch_datetime_operator', 'example_branch_datetime_operator_2' retrieved from /home/airflow/.local/lib/python3.11/site-packages/airflow/example_dags/example_branch_datetime_operator.py
[2024-03-03T08:11:20.511+0000] {logging_mixin.py:188} INFO - [2024-03-03T08:11:20.510+0000] {dag.py:3047} INFO - Sync 3 DAGs
[2024-03-03T08:11:20.539+0000] {logging_mixin.py:188} INFO - [2024-03-03T08:11:20.539+0000] {dag.py:3834} INFO - Setting next_dagrun for example_branch_datetime_operator to 2024-03-02 00:00:00+00:00, run_after=2024-03-03 00:00:00+00:00
[2024-03-03T08:11:20.544+0000] {logging_mixin.py:188} INFO - [2024-03-03T08:11:20.544+0000] {dag.py:3834} INFO - Setting next_dagrun for example_branch_datetime_operator_2 to 2024-03-02 00:00:00+00:00, run_after=2024-03-03 00:00:00+00:00
[2024-03-03T08:11:20.547+0000] {logging_mixin.py:188} INFO - [2024-03-03T08:11:20.547+0000] {dag.py:3834} INFO - Setting next_dagrun for example_branch_datetime_operator_3 to 2024-03-02 00:00:00+00:00, run_after=2024-03-03 00:00:00+00:00
[2024-03-03T08:11:20.564+0000] {processor.py:183} INFO - Processing /home/airflow/.local/lib/python3.11/site-packages/airflow/example_dags/example_branch_datetime_operator.py took 0.105 seconds
[2024-03-03T08:11:51.053+0000] {processor.py:161} INFO - Started process (PID=258) to work on /home/airflow/.local/lib/python3.11/site-packages/airflow/example_dags/example_branch_datetime_operator.py
[2024-03-03T08:11:51.054+0000] {processor.py:830} INFO - Processing file /home/airflow/.local/lib/python3.11/site-packages/airflow/example_dags/example_branch_datetime_operator.py for tasks to queue
[2024-03-03T08:11:51.057+0000] {logging_mixin.py:188} INFO - [2024-03-03T08:11:51.057+0000] {dagbag.py:540} INFO - Filling up the DagBag from /home/airflow/.local/lib/python3.11/site-packages/airflow/example_dags/example_branch_datetime_operator.py
[2024-03-03T08:11:51.068+0000] {processor.py:840} INFO - DAG(s) 'example_branch_datetime_operator_2', 'example_branch_datetime_operator', 'example_branch_datetime_operator_3' retrieved from /home/airflow/.local/lib/python3.11/site-packages/airflow/example_dags/example_branch_datetime_operator.py
[2024-03-03T08:11:51.098+0000] {logging_mixin.py:188} INFO - [2024-03-03T08:11:51.097+0000] {dag.py:3047} INFO - Sync 3 DAGs
[2024-03-03T08:11:51.126+0000] {logging_mixin.py:188} INFO - [2024-03-03T08:11:51.126+0000] {dag.py:3834} INFO - Setting next_dagrun for example_branch_datetime_operator to 2024-03-02 00:00:00+00:00, run_after=2024-03-03 00:00:00+00:00
[2024-03-03T08:11:51.131+0000] {logging_mixin.py:188} INFO - [2024-03-03T08:11:51.130+0000] {dag.py:3834} INFO - Setting next_dagrun for example_branch_datetime_operator_2 to 2024-03-02 00:00:00+00:00, run_after=2024-03-03 00:00:00+00:00
[2024-03-03T08:11:51.133+0000] {logging_mixin.py:188} INFO - [2024-03-03T08:11:51.133+0000] {dag.py:3834} INFO - Setting next_dagrun for example_branch_datetime_operator_3 to 2024-03-02 00:00:00+00:00, run_after=2024-03-03 00:00:00+00:00
[2024-03-03T08:11:51.149+0000] {processor.py:183} INFO - Processing /home/airflow/.local/lib/python3.11/site-packages/airflow/example_dags/example_branch_datetime_operator.py took 0.098 seconds
[2024-03-03T08:12:21.598+0000] {processor.py:161} INFO - Started process (PID=313) to work on /home/airflow/.local/lib/python3.11/site-packages/airflow/example_dags/example_branch_datetime_operator.py
[2024-03-03T08:12:21.600+0000] {processor.py:830} INFO - Processing file /home/airflow/.local/lib/python3.11/site-packages/airflow/example_dags/example_branch_datetime_operator.py for tasks to queue
[2024-03-03T08:12:21.603+0000] {logging_mixin.py:188} INFO - [2024-03-03T08:12:21.602+0000] {dagbag.py:540} INFO - Filling up the DagBag from /home/airflow/.local/lib/python3.11/site-packages/airflow/example_dags/example_branch_datetime_operator.py
[2024-03-03T08:12:21.614+0000] {processor.py:840} INFO - DAG(s) 'example_branch_datetime_operator_3', 'example_branch_datetime_operator', 'example_branch_datetime_operator_2' retrieved from /home/airflow/.local/lib/python3.11/site-packages/airflow/example_dags/example_branch_datetime_operator.py
[2024-03-03T08:12:21.637+0000] {logging_mixin.py:188} INFO - [2024-03-03T08:12:21.637+0000] {dag.py:3047} INFO - Sync 3 DAGs
[2024-03-03T08:12:21.660+0000] {logging_mixin.py:188} INFO - [2024-03-03T08:12:21.660+0000] {dag.py:3834} INFO - Setting next_dagrun for example_branch_datetime_operator to 2024-03-02 00:00:00+00:00, run_after=2024-03-03 00:00:00+00:00
[2024-03-03T08:12:21.665+0000] {logging_mixin.py:188} INFO - [2024-03-03T08:12:21.664+0000] {dag.py:3834} INFO - Setting next_dagrun for example_branch_datetime_operator_2 to 2024-03-02 00:00:00+00:00, run_after=2024-03-03 00:00:00+00:00
[2024-03-03T08:12:21.667+0000] {logging_mixin.py:188} INFO - [2024-03-03T08:12:21.667+0000] {dag.py:3834} INFO - Setting next_dagrun for example_branch_datetime_operator_3 to 2024-03-02 00:00:00+00:00, run_after=2024-03-03 00:00:00+00:00
[2024-03-03T08:12:21.682+0000] {processor.py:183} INFO - Processing /home/airflow/.local/lib/python3.11/site-packages/airflow/example_dags/example_branch_datetime_operator.py took 0.087 seconds
[2024-03-03T08:12:52.202+0000] {processor.py:161} INFO - Started process (PID=368) to work on /home/airflow/.local/lib/python3.11/site-packages/airflow/example_dags/example_branch_datetime_operator.py
[2024-03-03T08:12:52.203+0000] {processor.py:830} INFO - Processing file /home/airflow/.local/lib/python3.11/site-packages/airflow/example_dags/example_branch_datetime_operator.py for tasks to queue
[2024-03-03T08:12:52.205+0000] {logging_mixin.py:188} INFO - [2024-03-03T08:12:52.205+0000] {dagbag.py:540} INFO - Filling up the DagBag from /home/airflow/.local/lib/python3.11/site-packages/airflow/example_dags/example_branch_datetime_operator.py
[2024-03-03T08:12:52.217+0000] {processor.py:840} INFO - DAG(s) 'example_branch_datetime_operator_2', 'example_branch_datetime_operator_3', 'example_branch_datetime_operator' retrieved from /home/airflow/.local/lib/python3.11/site-packages/airflow/example_dags/example_branch_datetime_operator.py
[2024-03-03T08:12:52.244+0000] {logging_mixin.py:188} INFO - [2024-03-03T08:12:52.244+0000] {dag.py:3047} INFO - Sync 3 DAGs
[2024-03-03T08:12:52.268+0000] {logging_mixin.py:188} INFO - [2024-03-03T08:12:52.268+0000] {dag.py:3834} INFO - Setting next_dagrun for example_branch_datetime_operator to 2024-03-02 00:00:00+00:00, run_after=2024-03-03 00:00:00+00:00
[2024-03-03T08:12:52.273+0000] {logging_mixin.py:188} INFO - [2024-03-03T08:12:52.273+0000] {dag.py:3834} INFO - Setting next_dagrun for example_branch_datetime_operator_2 to 2024-03-02 00:00:00+00:00, run_after=2024-03-03 00:00:00+00:00
[2024-03-03T08:12:52.276+0000] {logging_mixin.py:188} INFO - [2024-03-03T08:12:52.276+0000] {dag.py:3834} INFO - Setting next_dagrun for example_branch_datetime_operator_3 to 2024-03-02 00:00:00+00:00, run_after=2024-03-03 00:00:00+00:00
[2024-03-03T08:12:52.292+0000] {processor.py:183} INFO - Processing /home/airflow/.local/lib/python3.11/site-packages/airflow/example_dags/example_branch_datetime_operator.py took 0.093 seconds
[2024-03-03T08:13:22.684+0000] {processor.py:161} INFO - Started process (PID=423) to work on /home/airflow/.local/lib/python3.11/site-packages/airflow/example_dags/example_branch_datetime_operator.py
[2024-03-03T08:13:22.685+0000] {processor.py:830} INFO - Processing file /home/airflow/.local/lib/python3.11/site-packages/airflow/example_dags/example_branch_datetime_operator.py for tasks to queue
[2024-03-03T08:13:22.688+0000] {logging_mixin.py:188} INFO - [2024-03-03T08:13:22.687+0000] {dagbag.py:540} INFO - Filling up the DagBag from /home/airflow/.local/lib/python3.11/site-packages/airflow/example_dags/example_branch_datetime_operator.py
[2024-03-03T08:13:22.701+0000] {processor.py:840} INFO - DAG(s) 'example_branch_datetime_operator', 'example_branch_datetime_operator_2', 'example_branch_datetime_operator_3' retrieved from /home/airflow/.local/lib/python3.11/site-packages/airflow/example_dags/example_branch_datetime_operator.py
[2024-03-03T08:13:22.726+0000] {logging_mixin.py:188} INFO - [2024-03-03T08:13:22.726+0000] {dag.py:3047} INFO - Sync 3 DAGs
[2024-03-03T08:13:22.748+0000] {logging_mixin.py:188} INFO - [2024-03-03T08:13:22.748+0000] {dag.py:3834} INFO - Setting next_dagrun for example_branch_datetime_operator to 2024-03-02 00:00:00+00:00, run_after=2024-03-03 00:00:00+00:00
[2024-03-03T08:13:22.753+0000] {logging_mixin.py:188} INFO - [2024-03-03T08:13:22.752+0000] {dag.py:3834} INFO - Setting next_dagrun for example_branch_datetime_operator_2 to 2024-03-02 00:00:00+00:00, run_after=2024-03-03 00:00:00+00:00
[2024-03-03T08:13:22.755+0000] {logging_mixin.py:188} INFO - [2024-03-03T08:13:22.755+0000] {dag.py:3834} INFO - Setting next_dagrun for example_branch_datetime_operator_3 to 2024-03-02 00:00:00+00:00, run_after=2024-03-03 00:00:00+00:00
[2024-03-03T08:13:22.773+0000] {processor.py:183} INFO - Processing /home/airflow/.local/lib/python3.11/site-packages/airflow/example_dags/example_branch_datetime_operator.py took 0.092 seconds
[2024-03-03T08:13:53.386+0000] {processor.py:161} INFO - Started process (PID=478) to work on /home/airflow/.local/lib/python3.11/site-packages/airflow/example_dags/example_branch_datetime_operator.py
[2024-03-03T08:13:53.387+0000] {processor.py:830} INFO - Processing file /home/airflow/.local/lib/python3.11/site-packages/airflow/example_dags/example_branch_datetime_operator.py for tasks to queue
[2024-03-03T08:13:53.390+0000] {logging_mixin.py:188} INFO - [2024-03-03T08:13:53.389+0000] {dagbag.py:540} INFO - Filling up the DagBag from /home/airflow/.local/lib/python3.11/site-packages/airflow/example_dags/example_branch_datetime_operator.py
[2024-03-03T08:13:53.400+0000] {processor.py:840} INFO - DAG(s) 'example_branch_datetime_operator_2', 'example_branch_datetime_operator', 'example_branch_datetime_operator_3' retrieved from /home/airflow/.local/lib/python3.11/site-packages/airflow/example_dags/example_branch_datetime_operator.py
[2024-03-03T08:13:53.431+0000] {logging_mixin.py:188} INFO - [2024-03-03T08:13:53.431+0000] {dag.py:3047} INFO - Sync 3 DAGs
[2024-03-03T08:13:53.460+0000] {logging_mixin.py:188} INFO - [2024-03-03T08:13:53.460+0000] {dag.py:3834} INFO - Setting next_dagrun for example_branch_datetime_operator to 2024-03-02 00:00:00+00:00, run_after=2024-03-03 00:00:00+00:00
[2024-03-03T08:13:53.465+0000] {logging_mixin.py:188} INFO - [2024-03-03T08:13:53.465+0000] {dag.py:3834} INFO - Setting next_dagrun for example_branch_datetime_operator_2 to 2024-03-02 00:00:00+00:00, run_after=2024-03-03 00:00:00+00:00
[2024-03-03T08:13:53.469+0000] {logging_mixin.py:188} INFO - [2024-03-03T08:13:53.468+0000] {dag.py:3834} INFO - Setting next_dagrun for example_branch_datetime_operator_3 to 2024-03-02 00:00:00+00:00, run_after=2024-03-03 00:00:00+00:00
[2024-03-03T08:13:53.486+0000] {processor.py:183} INFO - Processing /home/airflow/.local/lib/python3.11/site-packages/airflow/example_dags/example_branch_datetime_operator.py took 0.105 seconds
[2024-03-03T08:14:23.603+0000] {processor.py:161} INFO - Started process (PID=541) to work on /home/airflow/.local/lib/python3.11/site-packages/airflow/example_dags/example_branch_datetime_operator.py
[2024-03-03T08:14:23.604+0000] {processor.py:830} INFO - Processing file /home/airflow/.local/lib/python3.11/site-packages/airflow/example_dags/example_branch_datetime_operator.py for tasks to queue
[2024-03-03T08:14:23.607+0000] {logging_mixin.py:188} INFO - [2024-03-03T08:14:23.606+0000] {dagbag.py:540} INFO - Filling up the DagBag from /home/airflow/.local/lib/python3.11/site-packages/airflow/example_dags/example_branch_datetime_operator.py
[2024-03-03T08:14:23.617+0000] {processor.py:840} INFO - DAG(s) 'example_branch_datetime_operator', 'example_branch_datetime_operator_3', 'example_branch_datetime_operator_2' retrieved from /home/airflow/.local/lib/python3.11/site-packages/airflow/example_dags/example_branch_datetime_operator.py
[2024-03-03T08:14:23.647+0000] {logging_mixin.py:188} INFO - [2024-03-03T08:14:23.646+0000] {dag.py:3047} INFO - Sync 3 DAGs
[2024-03-03T08:14:23.673+0000] {logging_mixin.py:188} INFO - [2024-03-03T08:14:23.673+0000] {dag.py:3834} INFO - Setting next_dagrun for example_branch_datetime_operator to 2024-03-02 00:00:00+00:00, run_after=2024-03-03 00:00:00+00:00
[2024-03-03T08:14:23.677+0000] {logging_mixin.py:188} INFO - [2024-03-03T08:14:23.677+0000] {dag.py:3834} INFO - Setting next_dagrun for example_branch_datetime_operator_2 to 2024-03-02 00:00:00+00:00, run_after=2024-03-03 00:00:00+00:00
[2024-03-03T08:14:23.680+0000] {logging_mixin.py:188} INFO - [2024-03-03T08:14:23.680+0000] {dag.py:3834} INFO - Setting next_dagrun for example_branch_datetime_operator_3 to 2024-03-02 00:00:00+00:00, run_after=2024-03-03 00:00:00+00:00
[2024-03-03T08:14:23.695+0000] {processor.py:183} INFO - Processing /home/airflow/.local/lib/python3.11/site-packages/airflow/example_dags/example_branch_datetime_operator.py took 0.096 seconds
[2024-03-03T08:14:54.263+0000] {processor.py:161} INFO - Started process (PID=597) to work on /home/airflow/.local/lib/python3.11/site-packages/airflow/example_dags/example_branch_datetime_operator.py
[2024-03-03T08:14:54.264+0000] {processor.py:830} INFO - Processing file /home/airflow/.local/lib/python3.11/site-packages/airflow/example_dags/example_branch_datetime_operator.py for tasks to queue
[2024-03-03T08:14:54.267+0000] {logging_mixin.py:188} INFO - [2024-03-03T08:14:54.266+0000] {dagbag.py:540} INFO - Filling up the DagBag from /home/airflow/.local/lib/python3.11/site-packages/airflow/example_dags/example_branch_datetime_operator.py
[2024-03-03T08:14:54.280+0000] {processor.py:840} INFO - DAG(s) 'example_branch_datetime_operator_2', 'example_branch_datetime_operator', 'example_branch_datetime_operator_3' retrieved from /home/airflow/.local/lib/python3.11/site-packages/airflow/example_dags/example_branch_datetime_operator.py
[2024-03-03T08:14:54.308+0000] {logging_mixin.py:188} INFO - [2024-03-03T08:14:54.307+0000] {dag.py:3047} INFO - Sync 3 DAGs
[2024-03-03T08:14:54.334+0000] {logging_mixin.py:188} INFO - [2024-03-03T08:14:54.334+0000] {dag.py:3834} INFO - Setting next_dagrun for example_branch_datetime_operator to 2024-03-02 00:00:00+00:00, run_after=2024-03-03 00:00:00+00:00
[2024-03-03T08:14:54.340+0000] {logging_mixin.py:188} INFO - [2024-03-03T08:14:54.340+0000] {dag.py:3834} INFO - Setting next_dagrun for example_branch_datetime_operator_2 to 2024-03-02 00:00:00+00:00, run_after=2024-03-03 00:00:00+00:00
[2024-03-03T08:14:54.344+0000] {logging_mixin.py:188} INFO - [2024-03-03T08:14:54.344+0000] {dag.py:3834} INFO - Setting next_dagrun for example_branch_datetime_operator_3 to 2024-03-02 00:00:00+00:00, run_after=2024-03-03 00:00:00+00:00
[2024-03-03T08:14:54.364+0000] {processor.py:183} INFO - Processing /home/airflow/.local/lib/python3.11/site-packages/airflow/example_dags/example_branch_datetime_operator.py took 0.104 seconds
[2024-03-03T08:15:24.998+0000] {processor.py:161} INFO - Started process (PID=653) to work on /home/airflow/.local/lib/python3.11/site-packages/airflow/example_dags/example_branch_datetime_operator.py
[2024-03-03T08:15:24.999+0000] {processor.py:830} INFO - Processing file /home/airflow/.local/lib/python3.11/site-packages/airflow/example_dags/example_branch_datetime_operator.py for tasks to queue
[2024-03-03T08:15:25.002+0000] {logging_mixin.py:188} INFO - [2024-03-03T08:15:25.002+0000] {dagbag.py:540} INFO - Filling up the DagBag from /home/airflow/.local/lib/python3.11/site-packages/airflow/example_dags/example_branch_datetime_operator.py
[2024-03-03T08:15:25.015+0000] {processor.py:840} INFO - DAG(s) 'example_branch_datetime_operator', 'example_branch_datetime_operator_3', 'example_branch_datetime_operator_2' retrieved from /home/airflow/.local/lib/python3.11/site-packages/airflow/example_dags/example_branch_datetime_operator.py
[2024-03-03T08:15:25.046+0000] {logging_mixin.py:188} INFO - [2024-03-03T08:15:25.045+0000] {dag.py:3047} INFO - Sync 3 DAGs
[2024-03-03T08:15:25.076+0000] {logging_mixin.py:188} INFO - [2024-03-03T08:15:25.075+0000] {dag.py:3834} INFO - Setting next_dagrun for example_branch_datetime_operator to 2024-03-02 00:00:00+00:00, run_after=2024-03-03 00:00:00+00:00
[2024-03-03T08:15:25.081+0000] {logging_mixin.py:188} INFO - [2024-03-03T08:15:25.081+0000] {dag.py:3834} INFO - Setting next_dagrun for example_branch_datetime_operator_2 to 2024-03-02 00:00:00+00:00, run_after=2024-03-03 00:00:00+00:00
[2024-03-03T08:15:25.085+0000] {logging_mixin.py:188} INFO - [2024-03-03T08:15:25.084+0000] {dag.py:3834} INFO - Setting next_dagrun for example_branch_datetime_operator_3 to 2024-03-02 00:00:00+00:00, run_after=2024-03-03 00:00:00+00:00
[2024-03-03T08:15:25.104+0000] {processor.py:183} INFO - Processing /home/airflow/.local/lib/python3.11/site-packages/airflow/example_dags/example_branch_datetime_operator.py took 0.109 seconds
[2024-03-03T08:15:55.912+0000] {processor.py:161} INFO - Started process (PID=709) to work on /home/airflow/.local/lib/python3.11/site-packages/airflow/example_dags/example_branch_datetime_operator.py
[2024-03-03T08:15:55.913+0000] {processor.py:830} INFO - Processing file /home/airflow/.local/lib/python3.11/site-packages/airflow/example_dags/example_branch_datetime_operator.py for tasks to queue
[2024-03-03T08:15:55.916+0000] {logging_mixin.py:188} INFO - [2024-03-03T08:15:55.915+0000] {dagbag.py:540} INFO - Filling up the DagBag from /home/airflow/.local/lib/python3.11/site-packages/airflow/example_dags/example_branch_datetime_operator.py
[2024-03-03T08:15:55.927+0000] {processor.py:840} INFO - DAG(s) 'example_branch_datetime_operator_3', 'example_branch_datetime_operator', 'example_branch_datetime_operator_2' retrieved from /home/airflow/.local/lib/python3.11/site-packages/airflow/example_dags/example_branch_datetime_operator.py
[2024-03-03T08:15:55.950+0000] {logging_mixin.py:188} INFO - [2024-03-03T08:15:55.950+0000] {dag.py:3047} INFO - Sync 3 DAGs
[2024-03-03T08:15:55.972+0000] {logging_mixin.py:188} INFO - [2024-03-03T08:15:55.972+0000] {dag.py:3834} INFO - Setting next_dagrun for example_branch_datetime_operator to 2024-03-02 00:00:00+00:00, run_after=2024-03-03 00:00:00+00:00
[2024-03-03T08:15:55.977+0000] {logging_mixin.py:188} INFO - [2024-03-03T08:15:55.977+0000] {dag.py:3834} INFO - Setting next_dagrun for example_branch_datetime_operator_2 to 2024-03-02 00:00:00+00:00, run_after=2024-03-03 00:00:00+00:00
[2024-03-03T08:15:55.981+0000] {logging_mixin.py:188} INFO - [2024-03-03T08:15:55.980+0000] {dag.py:3834} INFO - Setting next_dagrun for example_branch_datetime_operator_3 to 2024-03-02 00:00:00+00:00, run_after=2024-03-03 00:00:00+00:00
[2024-03-03T08:15:55.996+0000] {processor.py:183} INFO - Processing /home/airflow/.local/lib/python3.11/site-packages/airflow/example_dags/example_branch_datetime_operator.py took 0.087 seconds
[2024-03-03T08:16:26.572+0000] {processor.py:161} INFO - Started process (PID=765) to work on /home/airflow/.local/lib/python3.11/site-packages/airflow/example_dags/example_branch_datetime_operator.py
[2024-03-03T08:16:26.573+0000] {processor.py:830} INFO - Processing file /home/airflow/.local/lib/python3.11/site-packages/airflow/example_dags/example_branch_datetime_operator.py for tasks to queue
[2024-03-03T08:16:26.576+0000] {logging_mixin.py:188} INFO - [2024-03-03T08:16:26.575+0000] {dagbag.py:540} INFO - Filling up the DagBag from /home/airflow/.local/lib/python3.11/site-packages/airflow/example_dags/example_branch_datetime_operator.py
[2024-03-03T08:16:26.586+0000] {processor.py:840} INFO - DAG(s) 'example_branch_datetime_operator_3', 'example_branch_datetime_operator_2', 'example_branch_datetime_operator' retrieved from /home/airflow/.local/lib/python3.11/site-packages/airflow/example_dags/example_branch_datetime_operator.py
[2024-03-03T08:16:26.610+0000] {logging_mixin.py:188} INFO - [2024-03-03T08:16:26.610+0000] {dag.py:3047} INFO - Sync 3 DAGs
[2024-03-03T08:16:26.632+0000] {logging_mixin.py:188} INFO - [2024-03-03T08:16:26.632+0000] {dag.py:3834} INFO - Setting next_dagrun for example_branch_datetime_operator to 2024-03-02 00:00:00+00:00, run_after=2024-03-03 00:00:00+00:00
[2024-03-03T08:16:26.638+0000] {logging_mixin.py:188} INFO - [2024-03-03T08:16:26.638+0000] {dag.py:3834} INFO - Setting next_dagrun for example_branch_datetime_operator_2 to 2024-03-02 00:00:00+00:00, run_after=2024-03-03 00:00:00+00:00
[2024-03-03T08:16:26.642+0000] {logging_mixin.py:188} INFO - [2024-03-03T08:16:26.641+0000] {dag.py:3834} INFO - Setting next_dagrun for example_branch_datetime_operator_3 to 2024-03-02 00:00:00+00:00, run_after=2024-03-03 00:00:00+00:00
[2024-03-03T08:16:26.658+0000] {processor.py:183} INFO - Processing /home/airflow/.local/lib/python3.11/site-packages/airflow/example_dags/example_branch_datetime_operator.py took 0.088 seconds
[2024-03-03T08:16:57.365+0000] {processor.py:161} INFO - Started process (PID=821) to work on /home/airflow/.local/lib/python3.11/site-packages/airflow/example_dags/example_branch_datetime_operator.py
[2024-03-03T08:16:57.366+0000] {processor.py:830} INFO - Processing file /home/airflow/.local/lib/python3.11/site-packages/airflow/example_dags/example_branch_datetime_operator.py for tasks to queue
[2024-03-03T08:16:57.369+0000] {logging_mixin.py:188} INFO - [2024-03-03T08:16:57.368+0000] {dagbag.py:540} INFO - Filling up the DagBag from /home/airflow/.local/lib/python3.11/site-packages/airflow/example_dags/example_branch_datetime_operator.py
[2024-03-03T08:16:57.379+0000] {processor.py:840} INFO - DAG(s) 'example_branch_datetime_operator_2', 'example_branch_datetime_operator_3', 'example_branch_datetime_operator' retrieved from /home/airflow/.local/lib/python3.11/site-packages/airflow/example_dags/example_branch_datetime_operator.py
[2024-03-03T08:16:57.403+0000] {logging_mixin.py:188} INFO - [2024-03-03T08:16:57.403+0000] {dag.py:3047} INFO - Sync 3 DAGs
[2024-03-03T08:16:57.424+0000] {logging_mixin.py:188} INFO - [2024-03-03T08:16:57.424+0000] {dag.py:3834} INFO - Setting next_dagrun for example_branch_datetime_operator to 2024-03-02 00:00:00+00:00, run_after=2024-03-03 00:00:00+00:00
[2024-03-03T08:16:57.430+0000] {logging_mixin.py:188} INFO - [2024-03-03T08:16:57.430+0000] {dag.py:3834} INFO - Setting next_dagrun for example_branch_datetime_operator_2 to 2024-03-02 00:00:00+00:00, run_after=2024-03-03 00:00:00+00:00
[2024-03-03T08:16:57.433+0000] {logging_mixin.py:188} INFO - [2024-03-03T08:16:57.433+0000] {dag.py:3834} INFO - Setting next_dagrun for example_branch_datetime_operator_3 to 2024-03-02 00:00:00+00:00, run_after=2024-03-03 00:00:00+00:00
[2024-03-03T08:16:57.451+0000] {processor.py:183} INFO - Processing /home/airflow/.local/lib/python3.11/site-packages/airflow/example_dags/example_branch_datetime_operator.py took 0.089 seconds
[2024-03-03T08:17:27.918+0000] {processor.py:161} INFO - Started process (PID=877) to work on /home/airflow/.local/lib/python3.11/site-packages/airflow/example_dags/example_branch_datetime_operator.py
[2024-03-03T08:17:27.919+0000] {processor.py:830} INFO - Processing file /home/airflow/.local/lib/python3.11/site-packages/airflow/example_dags/example_branch_datetime_operator.py for tasks to queue
[2024-03-03T08:17:27.921+0000] {logging_mixin.py:188} INFO - [2024-03-03T08:17:27.921+0000] {dagbag.py:540} INFO - Filling up the DagBag from /home/airflow/.local/lib/python3.11/site-packages/airflow/example_dags/example_branch_datetime_operator.py
[2024-03-03T08:17:27.931+0000] {processor.py:840} INFO - DAG(s) 'example_branch_datetime_operator', 'example_branch_datetime_operator_3', 'example_branch_datetime_operator_2' retrieved from /home/airflow/.local/lib/python3.11/site-packages/airflow/example_dags/example_branch_datetime_operator.py
[2024-03-03T08:17:27.956+0000] {logging_mixin.py:188} INFO - [2024-03-03T08:17:27.956+0000] {dag.py:3047} INFO - Sync 3 DAGs
[2024-03-03T08:17:27.977+0000] {logging_mixin.py:188} INFO - [2024-03-03T08:17:27.977+0000] {dag.py:3834} INFO - Setting next_dagrun for example_branch_datetime_operator to 2024-03-02 00:00:00+00:00, run_after=2024-03-03 00:00:00+00:00
[2024-03-03T08:17:27.982+0000] {logging_mixin.py:188} INFO - [2024-03-03T08:17:27.982+0000] {dag.py:3834} INFO - Setting next_dagrun for example_branch_datetime_operator_2 to 2024-03-02 00:00:00+00:00, run_after=2024-03-03 00:00:00+00:00
[2024-03-03T08:17:27.984+0000] {logging_mixin.py:188} INFO - [2024-03-03T08:17:27.984+0000] {dag.py:3834} INFO - Setting next_dagrun for example_branch_datetime_operator_3 to 2024-03-02 00:00:00+00:00, run_after=2024-03-03 00:00:00+00:00
[2024-03-03T08:17:28.000+0000] {processor.py:183} INFO - Processing /home/airflow/.local/lib/python3.11/site-packages/airflow/example_dags/example_branch_datetime_operator.py took 0.085 seconds
[2024-03-03T08:17:58.192+0000] {processor.py:161} INFO - Started process (PID=932) to work on /home/airflow/.local/lib/python3.11/site-packages/airflow/example_dags/example_branch_datetime_operator.py
[2024-03-03T08:17:58.193+0000] {processor.py:830} INFO - Processing file /home/airflow/.local/lib/python3.11/site-packages/airflow/example_dags/example_branch_datetime_operator.py for tasks to queue
[2024-03-03T08:17:58.194+0000] {logging_mixin.py:188} INFO - [2024-03-03T08:17:58.194+0000] {dagbag.py:540} INFO - Filling up the DagBag from /home/airflow/.local/lib/python3.11/site-packages/airflow/example_dags/example_branch_datetime_operator.py
[2024-03-03T08:17:58.204+0000] {processor.py:840} INFO - DAG(s) 'example_branch_datetime_operator', 'example_branch_datetime_operator_3', 'example_branch_datetime_operator_2' retrieved from /home/airflow/.local/lib/python3.11/site-packages/airflow/example_dags/example_branch_datetime_operator.py
[2024-03-03T08:17:58.230+0000] {logging_mixin.py:188} INFO - [2024-03-03T08:17:58.229+0000] {dag.py:3047} INFO - Sync 3 DAGs
[2024-03-03T08:17:58.253+0000] {logging_mixin.py:188} INFO - [2024-03-03T08:17:58.253+0000] {dag.py:3834} INFO - Setting next_dagrun for example_branch_datetime_operator to 2024-03-02 00:00:00+00:00, run_after=2024-03-03 00:00:00+00:00
[2024-03-03T08:17:58.258+0000] {logging_mixin.py:188} INFO - [2024-03-03T08:17:58.258+0000] {dag.py:3834} INFO - Setting next_dagrun for example_branch_datetime_operator_2 to 2024-03-02 00:00:00+00:00, run_after=2024-03-03 00:00:00+00:00
[2024-03-03T08:17:58.260+0000] {logging_mixin.py:188} INFO - [2024-03-03T08:17:58.260+0000] {dag.py:3834} INFO - Setting next_dagrun for example_branch_datetime_operator_3 to 2024-03-02 00:00:00+00:00, run_after=2024-03-03 00:00:00+00:00
[2024-03-03T08:17:58.277+0000] {processor.py:183} INFO - Processing /home/airflow/.local/lib/python3.11/site-packages/airflow/example_dags/example_branch_datetime_operator.py took 0.087 seconds
