[2024-03-03T08:09:47.255+0000] {processor.py:161} INFO - Started process (PID=31) to work on /home/airflow/.local/lib/python3.11/site-packages/airflow/example_dags/example_branch_python_dop_operator_3.py
[2024-03-03T08:09:47.260+0000] {processor.py:830} INFO - Processing file /home/airflow/.local/lib/python3.11/site-packages/airflow/example_dags/example_branch_python_dop_operator_3.py for tasks to queue
[2024-03-03T08:09:47.265+0000] {logging_mixin.py:188} INFO - [2024-03-03T08:09:47.264+0000] {dagbag.py:540} INFO - Filling up the DagBag from /home/airflow/.local/lib/python3.11/site-packages/airflow/example_dags/example_branch_python_dop_operator_3.py
[2024-03-03T08:09:47.291+0000] {processor.py:840} INFO - DAG(s) 'example_branch_dop_operator_v3' retrieved from /home/airflow/.local/lib/python3.11/site-packages/airflow/example_dags/example_branch_python_dop_operator_3.py
[2024-03-03T08:09:47.602+0000] {logging_mixin.py:188} INFO - [2024-03-03T08:09:47.601+0000] {override.py:1769} INFO - Created Permission View: can edit on DAG:example_branch_dop_operator_v3
[2024-03-03T08:09:47.613+0000] {logging_mixin.py:188} INFO - [2024-03-03T08:09:47.613+0000] {override.py:1769} INFO - Created Permission View: can read on DAG:example_branch_dop_operator_v3
[2024-03-03T08:09:47.621+0000] {logging_mixin.py:188} INFO - [2024-03-03T08:09:47.620+0000] {override.py:1769} INFO - Created Permission View: can delete on DAG:example_branch_dop_operator_v3
[2024-03-03T08:09:47.622+0000] {logging_mixin.py:188} INFO - [2024-03-03T08:09:47.622+0000] {dag.py:3047} INFO - Sync 1 DAGs
[2024-03-03T08:09:47.636+0000] {logging_mixin.py:188} INFO - [2024-03-03T08:09:47.636+0000] {dag.py:3069} INFO - Creating ORM DAG for example_branch_dop_operator_v3
[2024-03-03T08:09:47.652+0000] {logging_mixin.py:188} INFO - [2024-03-03T08:09:47.652+0000] {dag.py:3834} INFO - Setting next_dagrun for example_branch_dop_operator_v3 to 2024-03-03 08:08:00+00:00, run_after=2024-03-03 08:09:00+00:00
[2024-03-03T08:09:47.671+0000] {processor.py:183} INFO - Processing /home/airflow/.local/lib/python3.11/site-packages/airflow/example_dags/example_branch_python_dop_operator_3.py took 0.422 seconds
[2024-03-03T08:10:18.194+0000] {processor.py:161} INFO - Started process (PID=86) to work on /home/airflow/.local/lib/python3.11/site-packages/airflow/example_dags/example_branch_python_dop_operator_3.py
[2024-03-03T08:10:18.195+0000] {processor.py:830} INFO - Processing file /home/airflow/.local/lib/python3.11/site-packages/airflow/example_dags/example_branch_python_dop_operator_3.py for tasks to queue
[2024-03-03T08:10:18.198+0000] {logging_mixin.py:188} INFO - [2024-03-03T08:10:18.197+0000] {dagbag.py:540} INFO - Filling up the DagBag from /home/airflow/.local/lib/python3.11/site-packages/airflow/example_dags/example_branch_python_dop_operator_3.py
[2024-03-03T08:10:18.206+0000] {processor.py:840} INFO - DAG(s) 'example_branch_dop_operator_v3' retrieved from /home/airflow/.local/lib/python3.11/site-packages/airflow/example_dags/example_branch_python_dop_operator_3.py
[2024-03-03T08:10:18.222+0000] {logging_mixin.py:188} INFO - [2024-03-03T08:10:18.221+0000] {dag.py:3047} INFO - Sync 1 DAGs
[2024-03-03T08:10:18.242+0000] {logging_mixin.py:188} INFO - [2024-03-03T08:10:18.242+0000] {dag.py:3834} INFO - Setting next_dagrun for example_branch_dop_operator_v3 to 2024-03-03 08:09:00+00:00, run_after=2024-03-03 08:10:00+00:00
[2024-03-03T08:10:18.258+0000] {processor.py:183} INFO - Processing /home/airflow/.local/lib/python3.11/site-packages/airflow/example_dags/example_branch_python_dop_operator_3.py took 0.067 seconds
[2024-03-03T08:10:48.561+0000] {processor.py:161} INFO - Started process (PID=141) to work on /home/airflow/.local/lib/python3.11/site-packages/airflow/example_dags/example_branch_python_dop_operator_3.py
[2024-03-03T08:10:48.562+0000] {processor.py:830} INFO - Processing file /home/airflow/.local/lib/python3.11/site-packages/airflow/example_dags/example_branch_python_dop_operator_3.py for tasks to queue
[2024-03-03T08:10:48.565+0000] {logging_mixin.py:188} INFO - [2024-03-03T08:10:48.565+0000] {dagbag.py:540} INFO - Filling up the DagBag from /home/airflow/.local/lib/python3.11/site-packages/airflow/example_dags/example_branch_python_dop_operator_3.py
[2024-03-03T08:10:48.577+0000] {processor.py:840} INFO - DAG(s) 'example_branch_dop_operator_v3' retrieved from /home/airflow/.local/lib/python3.11/site-packages/airflow/example_dags/example_branch_python_dop_operator_3.py
[2024-03-03T08:10:48.598+0000] {logging_mixin.py:188} INFO - [2024-03-03T08:10:48.598+0000] {dag.py:3047} INFO - Sync 1 DAGs
[2024-03-03T08:10:48.621+0000] {logging_mixin.py:188} INFO - [2024-03-03T08:10:48.621+0000] {dag.py:3834} INFO - Setting next_dagrun for example_branch_dop_operator_v3 to 2024-03-03 08:09:00+00:00, run_after=2024-03-03 08:10:00+00:00
[2024-03-03T08:10:48.637+0000] {processor.py:183} INFO - Processing /home/airflow/.local/lib/python3.11/site-packages/airflow/example_dags/example_branch_python_dop_operator_3.py took 0.082 seconds
[2024-03-03T08:11:18.988+0000] {processor.py:161} INFO - Started process (PID=196) to work on /home/airflow/.local/lib/python3.11/site-packages/airflow/example_dags/example_branch_python_dop_operator_3.py
[2024-03-03T08:11:18.990+0000] {processor.py:830} INFO - Processing file /home/airflow/.local/lib/python3.11/site-packages/airflow/example_dags/example_branch_python_dop_operator_3.py for tasks to queue
[2024-03-03T08:11:18.993+0000] {logging_mixin.py:188} INFO - [2024-03-03T08:11:18.993+0000] {dagbag.py:540} INFO - Filling up the DagBag from /home/airflow/.local/lib/python3.11/site-packages/airflow/example_dags/example_branch_python_dop_operator_3.py
[2024-03-03T08:11:19.004+0000] {processor.py:840} INFO - DAG(s) 'example_branch_dop_operator_v3' retrieved from /home/airflow/.local/lib/python3.11/site-packages/airflow/example_dags/example_branch_python_dop_operator_3.py
[2024-03-03T08:11:19.023+0000] {logging_mixin.py:188} INFO - [2024-03-03T08:11:19.023+0000] {dag.py:3047} INFO - Sync 1 DAGs
[2024-03-03T08:11:19.048+0000] {logging_mixin.py:188} INFO - [2024-03-03T08:11:19.048+0000] {dag.py:3834} INFO - Setting next_dagrun for example_branch_dop_operator_v3 to 2024-03-03 08:10:00+00:00, run_after=2024-03-03 08:11:00+00:00
[2024-03-03T08:11:19.065+0000] {processor.py:183} INFO - Processing /home/airflow/.local/lib/python3.11/site-packages/airflow/example_dags/example_branch_python_dop_operator_3.py took 0.083 seconds
[2024-03-03T08:11:49.654+0000] {processor.py:161} INFO - Started process (PID=251) to work on /home/airflow/.local/lib/python3.11/site-packages/airflow/example_dags/example_branch_python_dop_operator_3.py
[2024-03-03T08:11:49.655+0000] {processor.py:830} INFO - Processing file /home/airflow/.local/lib/python3.11/site-packages/airflow/example_dags/example_branch_python_dop_operator_3.py for tasks to queue
[2024-03-03T08:11:49.659+0000] {logging_mixin.py:188} INFO - [2024-03-03T08:11:49.659+0000] {dagbag.py:540} INFO - Filling up the DagBag from /home/airflow/.local/lib/python3.11/site-packages/airflow/example_dags/example_branch_python_dop_operator_3.py
[2024-03-03T08:11:49.668+0000] {processor.py:840} INFO - DAG(s) 'example_branch_dop_operator_v3' retrieved from /home/airflow/.local/lib/python3.11/site-packages/airflow/example_dags/example_branch_python_dop_operator_3.py
[2024-03-03T08:11:49.685+0000] {logging_mixin.py:188} INFO - [2024-03-03T08:11:49.685+0000] {dag.py:3047} INFO - Sync 1 DAGs
[2024-03-03T08:11:49.707+0000] {logging_mixin.py:188} INFO - [2024-03-03T08:11:49.707+0000] {dag.py:3834} INFO - Setting next_dagrun for example_branch_dop_operator_v3 to 2024-03-03 08:10:00+00:00, run_after=2024-03-03 08:11:00+00:00
[2024-03-03T08:11:49.724+0000] {processor.py:183} INFO - Processing /home/airflow/.local/lib/python3.11/site-packages/airflow/example_dags/example_branch_python_dop_operator_3.py took 0.076 seconds
[2024-03-03T08:12:20.084+0000] {processor.py:161} INFO - Started process (PID=306) to work on /home/airflow/.local/lib/python3.11/site-packages/airflow/example_dags/example_branch_python_dop_operator_3.py
[2024-03-03T08:12:20.086+0000] {processor.py:830} INFO - Processing file /home/airflow/.local/lib/python3.11/site-packages/airflow/example_dags/example_branch_python_dop_operator_3.py for tasks to queue
[2024-03-03T08:12:20.090+0000] {logging_mixin.py:188} INFO - [2024-03-03T08:12:20.089+0000] {dagbag.py:540} INFO - Filling up the DagBag from /home/airflow/.local/lib/python3.11/site-packages/airflow/example_dags/example_branch_python_dop_operator_3.py
[2024-03-03T08:12:20.102+0000] {processor.py:840} INFO - DAG(s) 'example_branch_dop_operator_v3' retrieved from /home/airflow/.local/lib/python3.11/site-packages/airflow/example_dags/example_branch_python_dop_operator_3.py
[2024-03-03T08:12:20.127+0000] {logging_mixin.py:188} INFO - [2024-03-03T08:12:20.127+0000] {dag.py:3047} INFO - Sync 1 DAGs
[2024-03-03T08:12:20.159+0000] {logging_mixin.py:188} INFO - [2024-03-03T08:12:20.159+0000] {dag.py:3834} INFO - Setting next_dagrun for example_branch_dop_operator_v3 to 2024-03-03 08:11:00+00:00, run_after=2024-03-03 08:12:00+00:00
[2024-03-03T08:12:20.177+0000] {processor.py:183} INFO - Processing /home/airflow/.local/lib/python3.11/site-packages/airflow/example_dags/example_branch_python_dop_operator_3.py took 0.097 seconds
[2024-03-03T08:12:50.720+0000] {processor.py:161} INFO - Started process (PID=361) to work on /home/airflow/.local/lib/python3.11/site-packages/airflow/example_dags/example_branch_python_dop_operator_3.py
[2024-03-03T08:12:50.721+0000] {processor.py:830} INFO - Processing file /home/airflow/.local/lib/python3.11/site-packages/airflow/example_dags/example_branch_python_dop_operator_3.py for tasks to queue
[2024-03-03T08:12:50.724+0000] {logging_mixin.py:188} INFO - [2024-03-03T08:12:50.723+0000] {dagbag.py:540} INFO - Filling up the DagBag from /home/airflow/.local/lib/python3.11/site-packages/airflow/example_dags/example_branch_python_dop_operator_3.py
[2024-03-03T08:12:50.733+0000] {processor.py:840} INFO - DAG(s) 'example_branch_dop_operator_v3' retrieved from /home/airflow/.local/lib/python3.11/site-packages/airflow/example_dags/example_branch_python_dop_operator_3.py
[2024-03-03T08:12:50.754+0000] {logging_mixin.py:188} INFO - [2024-03-03T08:12:50.754+0000] {dag.py:3047} INFO - Sync 1 DAGs
[2024-03-03T08:12:50.778+0000] {logging_mixin.py:188} INFO - [2024-03-03T08:12:50.778+0000] {dag.py:3834} INFO - Setting next_dagrun for example_branch_dop_operator_v3 to 2024-03-03 08:11:00+00:00, run_after=2024-03-03 08:12:00+00:00
[2024-03-03T08:12:50.798+0000] {processor.py:183} INFO - Processing /home/airflow/.local/lib/python3.11/site-packages/airflow/example_dags/example_branch_python_dop_operator_3.py took 0.083 seconds
[2024-03-03T08:13:21.249+0000] {processor.py:161} INFO - Started process (PID=416) to work on /home/airflow/.local/lib/python3.11/site-packages/airflow/example_dags/example_branch_python_dop_operator_3.py
[2024-03-03T08:13:21.251+0000] {processor.py:830} INFO - Processing file /home/airflow/.local/lib/python3.11/site-packages/airflow/example_dags/example_branch_python_dop_operator_3.py for tasks to queue
[2024-03-03T08:13:21.256+0000] {logging_mixin.py:188} INFO - [2024-03-03T08:13:21.255+0000] {dagbag.py:540} INFO - Filling up the DagBag from /home/airflow/.local/lib/python3.11/site-packages/airflow/example_dags/example_branch_python_dop_operator_3.py
[2024-03-03T08:13:21.264+0000] {processor.py:840} INFO - DAG(s) 'example_branch_dop_operator_v3' retrieved from /home/airflow/.local/lib/python3.11/site-packages/airflow/example_dags/example_branch_python_dop_operator_3.py
[2024-03-03T08:13:21.281+0000] {logging_mixin.py:188} INFO - [2024-03-03T08:13:21.281+0000] {dag.py:3047} INFO - Sync 1 DAGs
[2024-03-03T08:13:21.304+0000] {logging_mixin.py:188} INFO - [2024-03-03T08:13:21.303+0000] {dag.py:3834} INFO - Setting next_dagrun for example_branch_dop_operator_v3 to 2024-03-03 08:12:00+00:00, run_after=2024-03-03 08:13:00+00:00
[2024-03-03T08:13:21.320+0000] {processor.py:183} INFO - Processing /home/airflow/.local/lib/python3.11/site-packages/airflow/example_dags/example_branch_python_dop_operator_3.py took 0.075 seconds
[2024-03-03T08:13:51.929+0000] {processor.py:161} INFO - Started process (PID=471) to work on /home/airflow/.local/lib/python3.11/site-packages/airflow/example_dags/example_branch_python_dop_operator_3.py
[2024-03-03T08:13:51.931+0000] {processor.py:830} INFO - Processing file /home/airflow/.local/lib/python3.11/site-packages/airflow/example_dags/example_branch_python_dop_operator_3.py for tasks to queue
[2024-03-03T08:13:51.935+0000] {logging_mixin.py:188} INFO - [2024-03-03T08:13:51.935+0000] {dagbag.py:540} INFO - Filling up the DagBag from /home/airflow/.local/lib/python3.11/site-packages/airflow/example_dags/example_branch_python_dop_operator_3.py
[2024-03-03T08:13:51.947+0000] {processor.py:840} INFO - DAG(s) 'example_branch_dop_operator_v3' retrieved from /home/airflow/.local/lib/python3.11/site-packages/airflow/example_dags/example_branch_python_dop_operator_3.py
[2024-03-03T08:13:51.967+0000] {logging_mixin.py:188} INFO - [2024-03-03T08:13:51.967+0000] {dag.py:3047} INFO - Sync 1 DAGs
[2024-03-03T08:13:51.990+0000] {logging_mixin.py:188} INFO - [2024-03-03T08:13:51.990+0000] {dag.py:3834} INFO - Setting next_dagrun for example_branch_dop_operator_v3 to 2024-03-03 08:12:00+00:00, run_after=2024-03-03 08:13:00+00:00
[2024-03-03T08:13:52.006+0000] {processor.py:183} INFO - Processing /home/airflow/.local/lib/python3.11/site-packages/airflow/example_dags/example_branch_python_dop_operator_3.py took 0.084 seconds
[2024-03-03T08:14:22.149+0000] {processor.py:161} INFO - Started process (PID=533) to work on /home/airflow/.local/lib/python3.11/site-packages/airflow/example_dags/example_branch_python_dop_operator_3.py
[2024-03-03T08:14:22.151+0000] {processor.py:830} INFO - Processing file /home/airflow/.local/lib/python3.11/site-packages/airflow/example_dags/example_branch_python_dop_operator_3.py for tasks to queue
[2024-03-03T08:14:22.155+0000] {logging_mixin.py:188} INFO - [2024-03-03T08:14:22.154+0000] {dagbag.py:540} INFO - Filling up the DagBag from /home/airflow/.local/lib/python3.11/site-packages/airflow/example_dags/example_branch_python_dop_operator_3.py
[2024-03-03T08:14:22.169+0000] {processor.py:840} INFO - DAG(s) 'example_branch_dop_operator_v3' retrieved from /home/airflow/.local/lib/python3.11/site-packages/airflow/example_dags/example_branch_python_dop_operator_3.py
[2024-03-03T08:14:22.194+0000] {logging_mixin.py:188} INFO - [2024-03-03T08:14:22.194+0000] {dag.py:3047} INFO - Sync 1 DAGs
[2024-03-03T08:14:22.223+0000] {logging_mixin.py:188} INFO - [2024-03-03T08:14:22.223+0000] {dag.py:3834} INFO - Setting next_dagrun for example_branch_dop_operator_v3 to 2024-03-03 08:13:00+00:00, run_after=2024-03-03 08:14:00+00:00
[2024-03-03T08:14:22.246+0000] {processor.py:183} INFO - Processing /home/airflow/.local/lib/python3.11/site-packages/airflow/example_dags/example_branch_python_dop_operator_3.py took 0.101 seconds
[2024-03-03T08:14:52.767+0000] {processor.py:161} INFO - Started process (PID=590) to work on /home/airflow/.local/lib/python3.11/site-packages/airflow/example_dags/example_branch_python_dop_operator_3.py
[2024-03-03T08:14:52.768+0000] {processor.py:830} INFO - Processing file /home/airflow/.local/lib/python3.11/site-packages/airflow/example_dags/example_branch_python_dop_operator_3.py for tasks to queue
[2024-03-03T08:14:52.771+0000] {logging_mixin.py:188} INFO - [2024-03-03T08:14:52.771+0000] {dagbag.py:540} INFO - Filling up the DagBag from /home/airflow/.local/lib/python3.11/site-packages/airflow/example_dags/example_branch_python_dop_operator_3.py
[2024-03-03T08:14:52.783+0000] {processor.py:840} INFO - DAG(s) 'example_branch_dop_operator_v3' retrieved from /home/airflow/.local/lib/python3.11/site-packages/airflow/example_dags/example_branch_python_dop_operator_3.py
[2024-03-03T08:14:52.805+0000] {logging_mixin.py:188} INFO - [2024-03-03T08:14:52.805+0000] {dag.py:3047} INFO - Sync 1 DAGs
[2024-03-03T08:14:52.837+0000] {logging_mixin.py:188} INFO - [2024-03-03T08:14:52.837+0000] {dag.py:3834} INFO - Setting next_dagrun for example_branch_dop_operator_v3 to 2024-03-03 08:13:00+00:00, run_after=2024-03-03 08:14:00+00:00
[2024-03-03T08:14:52.860+0000] {processor.py:183} INFO - Processing /home/airflow/.local/lib/python3.11/site-packages/airflow/example_dags/example_branch_python_dop_operator_3.py took 0.097 seconds
[2024-03-03T08:15:23.535+0000] {processor.py:161} INFO - Started process (PID=646) to work on /home/airflow/.local/lib/python3.11/site-packages/airflow/example_dags/example_branch_python_dop_operator_3.py
[2024-03-03T08:15:23.536+0000] {processor.py:830} INFO - Processing file /home/airflow/.local/lib/python3.11/site-packages/airflow/example_dags/example_branch_python_dop_operator_3.py for tasks to queue
[2024-03-03T08:15:23.540+0000] {logging_mixin.py:188} INFO - [2024-03-03T08:15:23.539+0000] {dagbag.py:540} INFO - Filling up the DagBag from /home/airflow/.local/lib/python3.11/site-packages/airflow/example_dags/example_branch_python_dop_operator_3.py
[2024-03-03T08:15:23.549+0000] {processor.py:840} INFO - DAG(s) 'example_branch_dop_operator_v3' retrieved from /home/airflow/.local/lib/python3.11/site-packages/airflow/example_dags/example_branch_python_dop_operator_3.py
[2024-03-03T08:15:23.567+0000] {logging_mixin.py:188} INFO - [2024-03-03T08:15:23.566+0000] {dag.py:3047} INFO - Sync 1 DAGs
[2024-03-03T08:15:23.589+0000] {logging_mixin.py:188} INFO - [2024-03-03T08:15:23.589+0000] {dag.py:3834} INFO - Setting next_dagrun for example_branch_dop_operator_v3 to 2024-03-03 08:14:00+00:00, run_after=2024-03-03 08:15:00+00:00
[2024-03-03T08:15:23.606+0000] {processor.py:183} INFO - Processing /home/airflow/.local/lib/python3.11/site-packages/airflow/example_dags/example_branch_python_dop_operator_3.py took 0.077 seconds
[2024-03-03T08:15:54.482+0000] {processor.py:161} INFO - Started process (PID=702) to work on /home/airflow/.local/lib/python3.11/site-packages/airflow/example_dags/example_branch_python_dop_operator_3.py
[2024-03-03T08:15:54.483+0000] {processor.py:830} INFO - Processing file /home/airflow/.local/lib/python3.11/site-packages/airflow/example_dags/example_branch_python_dop_operator_3.py for tasks to queue
[2024-03-03T08:15:54.486+0000] {logging_mixin.py:188} INFO - [2024-03-03T08:15:54.486+0000] {dagbag.py:540} INFO - Filling up the DagBag from /home/airflow/.local/lib/python3.11/site-packages/airflow/example_dags/example_branch_python_dop_operator_3.py
[2024-03-03T08:15:54.495+0000] {processor.py:840} INFO - DAG(s) 'example_branch_dop_operator_v3' retrieved from /home/airflow/.local/lib/python3.11/site-packages/airflow/example_dags/example_branch_python_dop_operator_3.py
[2024-03-03T08:15:54.511+0000] {logging_mixin.py:188} INFO - [2024-03-03T08:15:54.511+0000] {dag.py:3047} INFO - Sync 1 DAGs
[2024-03-03T08:15:54.533+0000] {logging_mixin.py:188} INFO - [2024-03-03T08:15:54.533+0000] {dag.py:3834} INFO - Setting next_dagrun for example_branch_dop_operator_v3 to 2024-03-03 08:14:00+00:00, run_after=2024-03-03 08:15:00+00:00
[2024-03-03T08:15:54.549+0000] {processor.py:183} INFO - Processing /home/airflow/.local/lib/python3.11/site-packages/airflow/example_dags/example_branch_python_dop_operator_3.py took 0.071 seconds
[2024-03-03T08:16:25.095+0000] {processor.py:161} INFO - Started process (PID=758) to work on /home/airflow/.local/lib/python3.11/site-packages/airflow/example_dags/example_branch_python_dop_operator_3.py
[2024-03-03T08:16:25.096+0000] {processor.py:830} INFO - Processing file /home/airflow/.local/lib/python3.11/site-packages/airflow/example_dags/example_branch_python_dop_operator_3.py for tasks to queue
[2024-03-03T08:16:25.100+0000] {logging_mixin.py:188} INFO - [2024-03-03T08:16:25.100+0000] {dagbag.py:540} INFO - Filling up the DagBag from /home/airflow/.local/lib/python3.11/site-packages/airflow/example_dags/example_branch_python_dop_operator_3.py
[2024-03-03T08:16:25.111+0000] {processor.py:840} INFO - DAG(s) 'example_branch_dop_operator_v3' retrieved from /home/airflow/.local/lib/python3.11/site-packages/airflow/example_dags/example_branch_python_dop_operator_3.py
[2024-03-03T08:16:25.132+0000] {logging_mixin.py:188} INFO - [2024-03-03T08:16:25.132+0000] {dag.py:3047} INFO - Sync 1 DAGs
[2024-03-03T08:16:25.158+0000] {logging_mixin.py:188} INFO - [2024-03-03T08:16:25.158+0000] {dag.py:3834} INFO - Setting next_dagrun for example_branch_dop_operator_v3 to 2024-03-03 08:15:00+00:00, run_after=2024-03-03 08:16:00+00:00
[2024-03-03T08:16:25.182+0000] {processor.py:183} INFO - Processing /home/airflow/.local/lib/python3.11/site-packages/airflow/example_dags/example_branch_python_dop_operator_3.py took 0.092 seconds
[2024-03-03T08:16:55.936+0000] {processor.py:161} INFO - Started process (PID=814) to work on /home/airflow/.local/lib/python3.11/site-packages/airflow/example_dags/example_branch_python_dop_operator_3.py
[2024-03-03T08:16:55.937+0000] {processor.py:830} INFO - Processing file /home/airflow/.local/lib/python3.11/site-packages/airflow/example_dags/example_branch_python_dop_operator_3.py for tasks to queue
[2024-03-03T08:16:55.940+0000] {logging_mixin.py:188} INFO - [2024-03-03T08:16:55.939+0000] {dagbag.py:540} INFO - Filling up the DagBag from /home/airflow/.local/lib/python3.11/site-packages/airflow/example_dags/example_branch_python_dop_operator_3.py
[2024-03-03T08:16:55.949+0000] {processor.py:840} INFO - DAG(s) 'example_branch_dop_operator_v3' retrieved from /home/airflow/.local/lib/python3.11/site-packages/airflow/example_dags/example_branch_python_dop_operator_3.py
[2024-03-03T08:16:55.965+0000] {logging_mixin.py:188} INFO - [2024-03-03T08:16:55.965+0000] {dag.py:3047} INFO - Sync 1 DAGs
[2024-03-03T08:16:55.986+0000] {logging_mixin.py:188} INFO - [2024-03-03T08:16:55.985+0000] {dag.py:3834} INFO - Setting next_dagrun for example_branch_dop_operator_v3 to 2024-03-03 08:15:00+00:00, run_after=2024-03-03 08:16:00+00:00
[2024-03-03T08:16:56.001+0000] {processor.py:183} INFO - Processing /home/airflow/.local/lib/python3.11/site-packages/airflow/example_dags/example_branch_python_dop_operator_3.py took 0.071 seconds
[2024-03-03T08:17:26.472+0000] {processor.py:161} INFO - Started process (PID=870) to work on /home/airflow/.local/lib/python3.11/site-packages/airflow/example_dags/example_branch_python_dop_operator_3.py
[2024-03-03T08:17:26.473+0000] {processor.py:830} INFO - Processing file /home/airflow/.local/lib/python3.11/site-packages/airflow/example_dags/example_branch_python_dop_operator_3.py for tasks to queue
[2024-03-03T08:17:26.475+0000] {logging_mixin.py:188} INFO - [2024-03-03T08:17:26.474+0000] {dagbag.py:540} INFO - Filling up the DagBag from /home/airflow/.local/lib/python3.11/site-packages/airflow/example_dags/example_branch_python_dop_operator_3.py
[2024-03-03T08:17:26.485+0000] {processor.py:840} INFO - DAG(s) 'example_branch_dop_operator_v3' retrieved from /home/airflow/.local/lib/python3.11/site-packages/airflow/example_dags/example_branch_python_dop_operator_3.py
[2024-03-03T08:17:26.514+0000] {logging_mixin.py:188} INFO - [2024-03-03T08:17:26.514+0000] {dag.py:3047} INFO - Sync 1 DAGs
[2024-03-03T08:17:26.538+0000] {logging_mixin.py:188} INFO - [2024-03-03T08:17:26.538+0000] {dag.py:3834} INFO - Setting next_dagrun for example_branch_dop_operator_v3 to 2024-03-03 08:16:00+00:00, run_after=2024-03-03 08:17:00+00:00
[2024-03-03T08:17:26.558+0000] {processor.py:183} INFO - Processing /home/airflow/.local/lib/python3.11/site-packages/airflow/example_dags/example_branch_python_dop_operator_3.py took 0.090 seconds
[2024-03-03T08:17:56.819+0000] {processor.py:161} INFO - Started process (PID=925) to work on /home/airflow/.local/lib/python3.11/site-packages/airflow/example_dags/example_branch_python_dop_operator_3.py
[2024-03-03T08:17:56.820+0000] {processor.py:830} INFO - Processing file /home/airflow/.local/lib/python3.11/site-packages/airflow/example_dags/example_branch_python_dop_operator_3.py for tasks to queue
[2024-03-03T08:17:56.822+0000] {logging_mixin.py:188} INFO - [2024-03-03T08:17:56.821+0000] {dagbag.py:540} INFO - Filling up the DagBag from /home/airflow/.local/lib/python3.11/site-packages/airflow/example_dags/example_branch_python_dop_operator_3.py
[2024-03-03T08:17:56.832+0000] {processor.py:840} INFO - DAG(s) 'example_branch_dop_operator_v3' retrieved from /home/airflow/.local/lib/python3.11/site-packages/airflow/example_dags/example_branch_python_dop_operator_3.py
[2024-03-03T08:17:56.850+0000] {logging_mixin.py:188} INFO - [2024-03-03T08:17:56.850+0000] {dag.py:3047} INFO - Sync 1 DAGs
[2024-03-03T08:17:56.872+0000] {logging_mixin.py:188} INFO - [2024-03-03T08:17:56.872+0000] {dag.py:3834} INFO - Setting next_dagrun for example_branch_dop_operator_v3 to 2024-03-03 08:16:00+00:00, run_after=2024-03-03 08:17:00+00:00
[2024-03-03T08:17:56.888+0000] {processor.py:183} INFO - Processing /home/airflow/.local/lib/python3.11/site-packages/airflow/example_dags/example_branch_python_dop_operator_3.py took 0.075 seconds
