[2024-03-03T08:09:51.709+0000] {processor.py:161} INFO - Started process (PID=64) to work on /home/airflow/.local/lib/python3.11/site-packages/airflow/example_dags/example_nested_branch_dag.py
[2024-03-03T08:09:51.710+0000] {processor.py:830} INFO - Processing file /home/airflow/.local/lib/python3.11/site-packages/airflow/example_dags/example_nested_branch_dag.py for tasks to queue
[2024-03-03T08:09:51.712+0000] {logging_mixin.py:188} INFO - [2024-03-03T08:09:51.711+0000] {dagbag.py:540} INFO - Filling up the DagBag from /home/airflow/.local/lib/python3.11/site-packages/airflow/example_dags/example_nested_branch_dag.py
[2024-03-03T08:09:51.722+0000] {processor.py:840} INFO - DAG(s) 'example_nested_branch_dag' retrieved from /home/airflow/.local/lib/python3.11/site-packages/airflow/example_dags/example_nested_branch_dag.py
[2024-03-03T08:09:51.827+0000] {logging_mixin.py:188} INFO - [2024-03-03T08:09:51.826+0000] {override.py:1769} INFO - Created Permission View: can edit on DAG:example_nested_branch_dag
[2024-03-03T08:09:51.840+0000] {logging_mixin.py:188} INFO - [2024-03-03T08:09:51.839+0000] {override.py:1769} INFO - Created Permission View: can read on DAG:example_nested_branch_dag
[2024-03-03T08:09:51.846+0000] {logging_mixin.py:188} INFO - [2024-03-03T08:09:51.846+0000] {override.py:1769} INFO - Created Permission View: can delete on DAG:example_nested_branch_dag
[2024-03-03T08:09:51.847+0000] {logging_mixin.py:188} INFO - [2024-03-03T08:09:51.846+0000] {dag.py:3047} INFO - Sync 1 DAGs
[2024-03-03T08:09:51.862+0000] {logging_mixin.py:188} INFO - [2024-03-03T08:09:51.862+0000] {dag.py:3069} INFO - Creating ORM DAG for example_nested_branch_dag
[2024-03-03T08:09:51.879+0000] {logging_mixin.py:188} INFO - [2024-03-03T08:09:51.879+0000] {dag.py:3834} INFO - Setting next_dagrun for example_nested_branch_dag to 2024-03-02 00:00:00+00:00, run_after=2024-03-03 00:00:00+00:00
[2024-03-03T08:09:51.898+0000] {processor.py:183} INFO - Processing /home/airflow/.local/lib/python3.11/site-packages/airflow/example_dags/example_nested_branch_dag.py took 0.192 seconds
[2024-03-03T08:10:22.757+0000] {processor.py:161} INFO - Started process (PID=119) to work on /home/airflow/.local/lib/python3.11/site-packages/airflow/example_dags/example_nested_branch_dag.py
[2024-03-03T08:10:22.757+0000] {processor.py:830} INFO - Processing file /home/airflow/.local/lib/python3.11/site-packages/airflow/example_dags/example_nested_branch_dag.py for tasks to queue
[2024-03-03T08:10:22.760+0000] {logging_mixin.py:188} INFO - [2024-03-03T08:10:22.759+0000] {dagbag.py:540} INFO - Filling up the DagBag from /home/airflow/.local/lib/python3.11/site-packages/airflow/example_dags/example_nested_branch_dag.py
[2024-03-03T08:10:22.770+0000] {processor.py:840} INFO - DAG(s) 'example_nested_branch_dag' retrieved from /home/airflow/.local/lib/python3.11/site-packages/airflow/example_dags/example_nested_branch_dag.py
[2024-03-03T08:10:22.787+0000] {logging_mixin.py:188} INFO - [2024-03-03T08:10:22.786+0000] {dag.py:3047} INFO - Sync 1 DAGs
[2024-03-03T08:10:22.807+0000] {logging_mixin.py:188} INFO - [2024-03-03T08:10:22.807+0000] {dag.py:3834} INFO - Setting next_dagrun for example_nested_branch_dag to 2024-03-02 00:00:00+00:00, run_after=2024-03-03 00:00:00+00:00
[2024-03-03T08:10:22.825+0000] {processor.py:183} INFO - Processing /home/airflow/.local/lib/python3.11/site-packages/airflow/example_dags/example_nested_branch_dag.py took 0.072 seconds
[2024-03-03T08:10:53.180+0000] {processor.py:161} INFO - Started process (PID=174) to work on /home/airflow/.local/lib/python3.11/site-packages/airflow/example_dags/example_nested_branch_dag.py
[2024-03-03T08:10:53.181+0000] {processor.py:830} INFO - Processing file /home/airflow/.local/lib/python3.11/site-packages/airflow/example_dags/example_nested_branch_dag.py for tasks to queue
[2024-03-03T08:10:53.184+0000] {logging_mixin.py:188} INFO - [2024-03-03T08:10:53.184+0000] {dagbag.py:540} INFO - Filling up the DagBag from /home/airflow/.local/lib/python3.11/site-packages/airflow/example_dags/example_nested_branch_dag.py
[2024-03-03T08:10:53.198+0000] {processor.py:840} INFO - DAG(s) 'example_nested_branch_dag' retrieved from /home/airflow/.local/lib/python3.11/site-packages/airflow/example_dags/example_nested_branch_dag.py
[2024-03-03T08:10:53.219+0000] {logging_mixin.py:188} INFO - [2024-03-03T08:10:53.219+0000] {dag.py:3047} INFO - Sync 1 DAGs
[2024-03-03T08:10:53.243+0000] {logging_mixin.py:188} INFO - [2024-03-03T08:10:53.243+0000] {dag.py:3834} INFO - Setting next_dagrun for example_nested_branch_dag to 2024-03-02 00:00:00+00:00, run_after=2024-03-03 00:00:00+00:00
[2024-03-03T08:10:53.263+0000] {processor.py:183} INFO - Processing /home/airflow/.local/lib/python3.11/site-packages/airflow/example_dags/example_nested_branch_dag.py took 0.087 seconds
[2024-03-03T08:11:23.779+0000] {processor.py:161} INFO - Started process (PID=229) to work on /home/airflow/.local/lib/python3.11/site-packages/airflow/example_dags/example_nested_branch_dag.py
[2024-03-03T08:11:23.780+0000] {processor.py:830} INFO - Processing file /home/airflow/.local/lib/python3.11/site-packages/airflow/example_dags/example_nested_branch_dag.py for tasks to queue
[2024-03-03T08:11:23.783+0000] {logging_mixin.py:188} INFO - [2024-03-03T08:11:23.782+0000] {dagbag.py:540} INFO - Filling up the DagBag from /home/airflow/.local/lib/python3.11/site-packages/airflow/example_dags/example_nested_branch_dag.py
[2024-03-03T08:11:23.794+0000] {processor.py:840} INFO - DAG(s) 'example_nested_branch_dag' retrieved from /home/airflow/.local/lib/python3.11/site-packages/airflow/example_dags/example_nested_branch_dag.py
[2024-03-03T08:11:23.822+0000] {logging_mixin.py:188} INFO - [2024-03-03T08:11:23.821+0000] {dag.py:3047} INFO - Sync 1 DAGs
[2024-03-03T08:11:23.851+0000] {logging_mixin.py:188} INFO - [2024-03-03T08:11:23.850+0000] {dag.py:3834} INFO - Setting next_dagrun for example_nested_branch_dag to 2024-03-02 00:00:00+00:00, run_after=2024-03-03 00:00:00+00:00
[2024-03-03T08:11:23.875+0000] {processor.py:183} INFO - Processing /home/airflow/.local/lib/python3.11/site-packages/airflow/example_dags/example_nested_branch_dag.py took 0.101 seconds
[2024-03-03T08:11:54.319+0000] {processor.py:161} INFO - Started process (PID=284) to work on /home/airflow/.local/lib/python3.11/site-packages/airflow/example_dags/example_nested_branch_dag.py
[2024-03-03T08:11:54.321+0000] {processor.py:830} INFO - Processing file /home/airflow/.local/lib/python3.11/site-packages/airflow/example_dags/example_nested_branch_dag.py for tasks to queue
[2024-03-03T08:11:54.323+0000] {logging_mixin.py:188} INFO - [2024-03-03T08:11:54.323+0000] {dagbag.py:540} INFO - Filling up the DagBag from /home/airflow/.local/lib/python3.11/site-packages/airflow/example_dags/example_nested_branch_dag.py
[2024-03-03T08:11:54.337+0000] {processor.py:840} INFO - DAG(s) 'example_nested_branch_dag' retrieved from /home/airflow/.local/lib/python3.11/site-packages/airflow/example_dags/example_nested_branch_dag.py
[2024-03-03T08:11:54.361+0000] {logging_mixin.py:188} INFO - [2024-03-03T08:11:54.361+0000] {dag.py:3047} INFO - Sync 1 DAGs
[2024-03-03T08:11:54.389+0000] {logging_mixin.py:188} INFO - [2024-03-03T08:11:54.389+0000] {dag.py:3834} INFO - Setting next_dagrun for example_nested_branch_dag to 2024-03-02 00:00:00+00:00, run_after=2024-03-03 00:00:00+00:00
[2024-03-03T08:11:54.409+0000] {processor.py:183} INFO - Processing /home/airflow/.local/lib/python3.11/site-packages/airflow/example_dags/example_nested_branch_dag.py took 0.094 seconds
[2024-03-03T08:12:24.922+0000] {processor.py:161} INFO - Started process (PID=339) to work on /home/airflow/.local/lib/python3.11/site-packages/airflow/example_dags/example_nested_branch_dag.py
[2024-03-03T08:12:24.923+0000] {processor.py:830} INFO - Processing file /home/airflow/.local/lib/python3.11/site-packages/airflow/example_dags/example_nested_branch_dag.py for tasks to queue
[2024-03-03T08:12:24.926+0000] {logging_mixin.py:188} INFO - [2024-03-03T08:12:24.925+0000] {dagbag.py:540} INFO - Filling up the DagBag from /home/airflow/.local/lib/python3.11/site-packages/airflow/example_dags/example_nested_branch_dag.py
[2024-03-03T08:12:24.939+0000] {processor.py:840} INFO - DAG(s) 'example_nested_branch_dag' retrieved from /home/airflow/.local/lib/python3.11/site-packages/airflow/example_dags/example_nested_branch_dag.py
[2024-03-03T08:12:24.959+0000] {logging_mixin.py:188} INFO - [2024-03-03T08:12:24.958+0000] {dag.py:3047} INFO - Sync 1 DAGs
[2024-03-03T08:12:24.981+0000] {logging_mixin.py:188} INFO - [2024-03-03T08:12:24.981+0000] {dag.py:3834} INFO - Setting next_dagrun for example_nested_branch_dag to 2024-03-02 00:00:00+00:00, run_after=2024-03-03 00:00:00+00:00
[2024-03-03T08:12:25.000+0000] {processor.py:183} INFO - Processing /home/airflow/.local/lib/python3.11/site-packages/airflow/example_dags/example_nested_branch_dag.py took 0.081 seconds
[2024-03-03T08:12:55.451+0000] {processor.py:161} INFO - Started process (PID=394) to work on /home/airflow/.local/lib/python3.11/site-packages/airflow/example_dags/example_nested_branch_dag.py
[2024-03-03T08:12:55.451+0000] {processor.py:830} INFO - Processing file /home/airflow/.local/lib/python3.11/site-packages/airflow/example_dags/example_nested_branch_dag.py for tasks to queue
[2024-03-03T08:12:55.454+0000] {logging_mixin.py:188} INFO - [2024-03-03T08:12:55.453+0000] {dagbag.py:540} INFO - Filling up the DagBag from /home/airflow/.local/lib/python3.11/site-packages/airflow/example_dags/example_nested_branch_dag.py
[2024-03-03T08:12:55.464+0000] {processor.py:840} INFO - DAG(s) 'example_nested_branch_dag' retrieved from /home/airflow/.local/lib/python3.11/site-packages/airflow/example_dags/example_nested_branch_dag.py
[2024-03-03T08:12:55.482+0000] {logging_mixin.py:188} INFO - [2024-03-03T08:12:55.482+0000] {dag.py:3047} INFO - Sync 1 DAGs
[2024-03-03T08:12:55.503+0000] {logging_mixin.py:188} INFO - [2024-03-03T08:12:55.503+0000] {dag.py:3834} INFO - Setting next_dagrun for example_nested_branch_dag to 2024-03-02 00:00:00+00:00, run_after=2024-03-03 00:00:00+00:00
[2024-03-03T08:12:55.525+0000] {processor.py:183} INFO - Processing /home/airflow/.local/lib/python3.11/site-packages/airflow/example_dags/example_nested_branch_dag.py took 0.078 seconds
[2024-03-03T08:13:25.926+0000] {processor.py:161} INFO - Started process (PID=449) to work on /home/airflow/.local/lib/python3.11/site-packages/airflow/example_dags/example_nested_branch_dag.py
[2024-03-03T08:13:25.927+0000] {processor.py:830} INFO - Processing file /home/airflow/.local/lib/python3.11/site-packages/airflow/example_dags/example_nested_branch_dag.py for tasks to queue
[2024-03-03T08:13:25.930+0000] {logging_mixin.py:188} INFO - [2024-03-03T08:13:25.929+0000] {dagbag.py:540} INFO - Filling up the DagBag from /home/airflow/.local/lib/python3.11/site-packages/airflow/example_dags/example_nested_branch_dag.py
[2024-03-03T08:13:25.942+0000] {processor.py:840} INFO - DAG(s) 'example_nested_branch_dag' retrieved from /home/airflow/.local/lib/python3.11/site-packages/airflow/example_dags/example_nested_branch_dag.py
[2024-03-03T08:13:25.967+0000] {logging_mixin.py:188} INFO - [2024-03-03T08:13:25.967+0000] {dag.py:3047} INFO - Sync 1 DAGs
[2024-03-03T08:13:25.998+0000] {logging_mixin.py:188} INFO - [2024-03-03T08:13:25.998+0000] {dag.py:3834} INFO - Setting next_dagrun for example_nested_branch_dag to 2024-03-02 00:00:00+00:00, run_after=2024-03-03 00:00:00+00:00
[2024-03-03T08:13:26.022+0000] {processor.py:183} INFO - Processing /home/airflow/.local/lib/python3.11/site-packages/airflow/example_dags/example_nested_branch_dag.py took 0.100 seconds
[2024-03-03T08:13:56.844+0000] {processor.py:161} INFO - Started process (PID=508) to work on /home/airflow/.local/lib/python3.11/site-packages/airflow/example_dags/example_nested_branch_dag.py
[2024-03-03T08:13:56.855+0000] {processor.py:830} INFO - Processing file /home/airflow/.local/lib/python3.11/site-packages/airflow/example_dags/example_nested_branch_dag.py for tasks to queue
[2024-03-03T08:13:56.858+0000] {logging_mixin.py:188} INFO - [2024-03-03T08:13:56.857+0000] {dagbag.py:540} INFO - Filling up the DagBag from /home/airflow/.local/lib/python3.11/site-packages/airflow/example_dags/example_nested_branch_dag.py
[2024-03-03T08:13:56.894+0000] {processor.py:840} INFO - DAG(s) 'example_nested_branch_dag' retrieved from /home/airflow/.local/lib/python3.11/site-packages/airflow/example_dags/example_nested_branch_dag.py
[2024-03-03T08:13:56.929+0000] {logging_mixin.py:188} INFO - [2024-03-03T08:13:56.928+0000] {dag.py:3047} INFO - Sync 1 DAGs
[2024-03-03T08:13:56.997+0000] {logging_mixin.py:188} INFO - [2024-03-03T08:13:56.997+0000] {dag.py:3834} INFO - Setting next_dagrun for example_nested_branch_dag to 2024-03-02 00:00:00+00:00, run_after=2024-03-03 00:00:00+00:00
[2024-03-03T08:13:57.040+0000] {processor.py:183} INFO - Processing /home/airflow/.local/lib/python3.11/site-packages/airflow/example_dags/example_nested_branch_dag.py took 0.210 seconds
[2024-03-03T08:14:27.922+0000] {processor.py:161} INFO - Started process (PID=567) to work on /home/airflow/.local/lib/python3.11/site-packages/airflow/example_dags/example_nested_branch_dag.py
[2024-03-03T08:14:27.923+0000] {processor.py:830} INFO - Processing file /home/airflow/.local/lib/python3.11/site-packages/airflow/example_dags/example_nested_branch_dag.py for tasks to queue
[2024-03-03T08:14:27.925+0000] {logging_mixin.py:188} INFO - [2024-03-03T08:14:27.925+0000] {dagbag.py:540} INFO - Filling up the DagBag from /home/airflow/.local/lib/python3.11/site-packages/airflow/example_dags/example_nested_branch_dag.py
[2024-03-03T08:14:27.935+0000] {processor.py:840} INFO - DAG(s) 'example_nested_branch_dag' retrieved from /home/airflow/.local/lib/python3.11/site-packages/airflow/example_dags/example_nested_branch_dag.py
[2024-03-03T08:14:27.952+0000] {logging_mixin.py:188} INFO - [2024-03-03T08:14:27.952+0000] {dag.py:3047} INFO - Sync 1 DAGs
[2024-03-03T08:14:27.972+0000] {logging_mixin.py:188} INFO - [2024-03-03T08:14:27.972+0000] {dag.py:3834} INFO - Setting next_dagrun for example_nested_branch_dag to 2024-03-02 00:00:00+00:00, run_after=2024-03-03 00:00:00+00:00
[2024-03-03T08:14:27.992+0000] {processor.py:183} INFO - Processing /home/airflow/.local/lib/python3.11/site-packages/airflow/example_dags/example_nested_branch_dag.py took 0.073 seconds
[2024-03-03T08:14:58.484+0000] {processor.py:161} INFO - Started process (PID=623) to work on /home/airflow/.local/lib/python3.11/site-packages/airflow/example_dags/example_nested_branch_dag.py
[2024-03-03T08:14:58.485+0000] {processor.py:830} INFO - Processing file /home/airflow/.local/lib/python3.11/site-packages/airflow/example_dags/example_nested_branch_dag.py for tasks to queue
[2024-03-03T08:14:58.488+0000] {logging_mixin.py:188} INFO - [2024-03-03T08:14:58.487+0000] {dagbag.py:540} INFO - Filling up the DagBag from /home/airflow/.local/lib/python3.11/site-packages/airflow/example_dags/example_nested_branch_dag.py
[2024-03-03T08:14:58.500+0000] {processor.py:840} INFO - DAG(s) 'example_nested_branch_dag' retrieved from /home/airflow/.local/lib/python3.11/site-packages/airflow/example_dags/example_nested_branch_dag.py
[2024-03-03T08:14:58.519+0000] {logging_mixin.py:188} INFO - [2024-03-03T08:14:58.519+0000] {dag.py:3047} INFO - Sync 1 DAGs
[2024-03-03T08:14:58.541+0000] {logging_mixin.py:188} INFO - [2024-03-03T08:14:58.541+0000] {dag.py:3834} INFO - Setting next_dagrun for example_nested_branch_dag to 2024-03-02 00:00:00+00:00, run_after=2024-03-03 00:00:00+00:00
[2024-03-03T08:14:58.562+0000] {processor.py:183} INFO - Processing /home/airflow/.local/lib/python3.11/site-packages/airflow/example_dags/example_nested_branch_dag.py took 0.082 seconds
[2024-03-03T08:15:29.344+0000] {processor.py:161} INFO - Started process (PID=679) to work on /home/airflow/.local/lib/python3.11/site-packages/airflow/example_dags/example_nested_branch_dag.py
[2024-03-03T08:15:29.345+0000] {processor.py:830} INFO - Processing file /home/airflow/.local/lib/python3.11/site-packages/airflow/example_dags/example_nested_branch_dag.py for tasks to queue
[2024-03-03T08:15:29.347+0000] {logging_mixin.py:188} INFO - [2024-03-03T08:15:29.347+0000] {dagbag.py:540} INFO - Filling up the DagBag from /home/airflow/.local/lib/python3.11/site-packages/airflow/example_dags/example_nested_branch_dag.py
[2024-03-03T08:15:29.358+0000] {processor.py:840} INFO - DAG(s) 'example_nested_branch_dag' retrieved from /home/airflow/.local/lib/python3.11/site-packages/airflow/example_dags/example_nested_branch_dag.py
[2024-03-03T08:15:29.381+0000] {logging_mixin.py:188} INFO - [2024-03-03T08:15:29.381+0000] {dag.py:3047} INFO - Sync 1 DAGs
[2024-03-03T08:15:29.402+0000] {logging_mixin.py:188} INFO - [2024-03-03T08:15:29.402+0000] {dag.py:3834} INFO - Setting next_dagrun for example_nested_branch_dag to 2024-03-02 00:00:00+00:00, run_after=2024-03-03 00:00:00+00:00
[2024-03-03T08:15:29.422+0000] {processor.py:183} INFO - Processing /home/airflow/.local/lib/python3.11/site-packages/airflow/example_dags/example_nested_branch_dag.py took 0.082 seconds
[2024-03-03T08:16:00.293+0000] {processor.py:161} INFO - Started process (PID=735) to work on /home/airflow/.local/lib/python3.11/site-packages/airflow/example_dags/example_nested_branch_dag.py
[2024-03-03T08:16:00.294+0000] {processor.py:830} INFO - Processing file /home/airflow/.local/lib/python3.11/site-packages/airflow/example_dags/example_nested_branch_dag.py for tasks to queue
[2024-03-03T08:16:00.297+0000] {logging_mixin.py:188} INFO - [2024-03-03T08:16:00.296+0000] {dagbag.py:540} INFO - Filling up the DagBag from /home/airflow/.local/lib/python3.11/site-packages/airflow/example_dags/example_nested_branch_dag.py
[2024-03-03T08:16:00.308+0000] {processor.py:840} INFO - DAG(s) 'example_nested_branch_dag' retrieved from /home/airflow/.local/lib/python3.11/site-packages/airflow/example_dags/example_nested_branch_dag.py
[2024-03-03T08:16:00.325+0000] {logging_mixin.py:188} INFO - [2024-03-03T08:16:00.325+0000] {dag.py:3047} INFO - Sync 1 DAGs
[2024-03-03T08:16:00.345+0000] {logging_mixin.py:188} INFO - [2024-03-03T08:16:00.345+0000] {dag.py:3834} INFO - Setting next_dagrun for example_nested_branch_dag to 2024-03-02 00:00:00+00:00, run_after=2024-03-03 00:00:00+00:00
[2024-03-03T08:16:00.364+0000] {processor.py:183} INFO - Processing /home/airflow/.local/lib/python3.11/site-packages/airflow/example_dags/example_nested_branch_dag.py took 0.077 seconds
[2024-03-03T08:16:30.802+0000] {processor.py:161} INFO - Started process (PID=791) to work on /home/airflow/.local/lib/python3.11/site-packages/airflow/example_dags/example_nested_branch_dag.py
[2024-03-03T08:16:30.804+0000] {processor.py:830} INFO - Processing file /home/airflow/.local/lib/python3.11/site-packages/airflow/example_dags/example_nested_branch_dag.py for tasks to queue
[2024-03-03T08:16:30.812+0000] {logging_mixin.py:188} INFO - [2024-03-03T08:16:30.806+0000] {dagbag.py:540} INFO - Filling up the DagBag from /home/airflow/.local/lib/python3.11/site-packages/airflow/example_dags/example_nested_branch_dag.py
[2024-03-03T08:16:30.838+0000] {processor.py:840} INFO - DAG(s) 'example_nested_branch_dag' retrieved from /home/airflow/.local/lib/python3.11/site-packages/airflow/example_dags/example_nested_branch_dag.py
[2024-03-03T08:16:30.865+0000] {logging_mixin.py:188} INFO - [2024-03-03T08:16:30.865+0000] {dag.py:3047} INFO - Sync 1 DAGs
[2024-03-03T08:16:30.893+0000] {logging_mixin.py:188} INFO - [2024-03-03T08:16:30.892+0000] {dag.py:3834} INFO - Setting next_dagrun for example_nested_branch_dag to 2024-03-02 00:00:00+00:00, run_after=2024-03-03 00:00:00+00:00
[2024-03-03T08:16:30.941+0000] {processor.py:183} INFO - Processing /home/airflow/.local/lib/python3.11/site-packages/airflow/example_dags/example_nested_branch_dag.py took 0.146 seconds
[2024-03-03T08:17:01.596+0000] {processor.py:161} INFO - Started process (PID=847) to work on /home/airflow/.local/lib/python3.11/site-packages/airflow/example_dags/example_nested_branch_dag.py
[2024-03-03T08:17:01.597+0000] {processor.py:830} INFO - Processing file /home/airflow/.local/lib/python3.11/site-packages/airflow/example_dags/example_nested_branch_dag.py for tasks to queue
[2024-03-03T08:17:01.600+0000] {logging_mixin.py:188} INFO - [2024-03-03T08:17:01.599+0000] {dagbag.py:540} INFO - Filling up the DagBag from /home/airflow/.local/lib/python3.11/site-packages/airflow/example_dags/example_nested_branch_dag.py
[2024-03-03T08:17:01.609+0000] {processor.py:840} INFO - DAG(s) 'example_nested_branch_dag' retrieved from /home/airflow/.local/lib/python3.11/site-packages/airflow/example_dags/example_nested_branch_dag.py
[2024-03-03T08:17:01.627+0000] {logging_mixin.py:188} INFO - [2024-03-03T08:17:01.627+0000] {dag.py:3047} INFO - Sync 1 DAGs
[2024-03-03T08:17:01.648+0000] {logging_mixin.py:188} INFO - [2024-03-03T08:17:01.648+0000] {dag.py:3834} INFO - Setting next_dagrun for example_nested_branch_dag to 2024-03-02 00:00:00+00:00, run_after=2024-03-03 00:00:00+00:00
[2024-03-03T08:17:01.664+0000] {processor.py:183} INFO - Processing /home/airflow/.local/lib/python3.11/site-packages/airflow/example_dags/example_nested_branch_dag.py took 0.072 seconds
[2024-03-03T08:17:32.037+0000] {processor.py:161} INFO - Started process (PID=903) to work on /home/airflow/.local/lib/python3.11/site-packages/airflow/example_dags/example_nested_branch_dag.py
[2024-03-03T08:17:32.037+0000] {processor.py:830} INFO - Processing file /home/airflow/.local/lib/python3.11/site-packages/airflow/example_dags/example_nested_branch_dag.py for tasks to queue
[2024-03-03T08:17:32.040+0000] {logging_mixin.py:188} INFO - [2024-03-03T08:17:32.039+0000] {dagbag.py:540} INFO - Filling up the DagBag from /home/airflow/.local/lib/python3.11/site-packages/airflow/example_dags/example_nested_branch_dag.py
[2024-03-03T08:17:32.051+0000] {processor.py:840} INFO - DAG(s) 'example_nested_branch_dag' retrieved from /home/airflow/.local/lib/python3.11/site-packages/airflow/example_dags/example_nested_branch_dag.py
[2024-03-03T08:17:32.069+0000] {logging_mixin.py:188} INFO - [2024-03-03T08:17:32.068+0000] {dag.py:3047} INFO - Sync 1 DAGs
[2024-03-03T08:17:32.092+0000] {logging_mixin.py:188} INFO - [2024-03-03T08:17:32.091+0000] {dag.py:3834} INFO - Setting next_dagrun for example_nested_branch_dag to 2024-03-02 00:00:00+00:00, run_after=2024-03-03 00:00:00+00:00
[2024-03-03T08:17:32.112+0000] {processor.py:183} INFO - Processing /home/airflow/.local/lib/python3.11/site-packages/airflow/example_dags/example_nested_branch_dag.py took 0.081 seconds
[2024-03-03T08:18:02.501+0000] {processor.py:161} INFO - Started process (PID=958) to work on /home/airflow/.local/lib/python3.11/site-packages/airflow/example_dags/example_nested_branch_dag.py
[2024-03-03T08:18:02.502+0000] {processor.py:830} INFO - Processing file /home/airflow/.local/lib/python3.11/site-packages/airflow/example_dags/example_nested_branch_dag.py for tasks to queue
[2024-03-03T08:18:02.503+0000] {logging_mixin.py:188} INFO - [2024-03-03T08:18:02.503+0000] {dagbag.py:540} INFO - Filling up the DagBag from /home/airflow/.local/lib/python3.11/site-packages/airflow/example_dags/example_nested_branch_dag.py
[2024-03-03T08:18:02.515+0000] {processor.py:840} INFO - DAG(s) 'example_nested_branch_dag' retrieved from /home/airflow/.local/lib/python3.11/site-packages/airflow/example_dags/example_nested_branch_dag.py
[2024-03-03T08:18:02.532+0000] {logging_mixin.py:188} INFO - [2024-03-03T08:18:02.532+0000] {dag.py:3047} INFO - Sync 1 DAGs
[2024-03-03T08:18:02.552+0000] {logging_mixin.py:188} INFO - [2024-03-03T08:18:02.552+0000] {dag.py:3834} INFO - Setting next_dagrun for example_nested_branch_dag to 2024-03-02 00:00:00+00:00, run_after=2024-03-03 00:00:00+00:00
[2024-03-03T08:18:02.569+0000] {processor.py:183} INFO - Processing /home/airflow/.local/lib/python3.11/site-packages/airflow/example_dags/example_nested_branch_dag.py took 0.074 seconds
