[2024-03-03T08:09:51.009+0000] {processor.py:161} INFO - Started process (PID=57) to work on /home/airflow/.local/lib/python3.11/site-packages/airflow/example_dags/example_complex.py
[2024-03-03T08:09:51.009+0000] {processor.py:830} INFO - Processing file /home/airflow/.local/lib/python3.11/site-packages/airflow/example_dags/example_complex.py for tasks to queue
[2024-03-03T08:09:51.012+0000] {logging_mixin.py:188} INFO - [2024-03-03T08:09:51.011+0000] {dagbag.py:540} INFO - Filling up the DagBag from /home/airflow/.local/lib/python3.11/site-packages/airflow/example_dags/example_complex.py
[2024-03-03T08:09:51.026+0000] {processor.py:840} INFO - DAG(s) 'example_complex' retrieved from /home/airflow/.local/lib/python3.11/site-packages/airflow/example_dags/example_complex.py
[2024-03-03T08:09:51.129+0000] {logging_mixin.py:188} INFO - [2024-03-03T08:09:51.129+0000] {override.py:1769} INFO - Created Permission View: can edit on DAG:example_complex
[2024-03-03T08:09:51.140+0000] {logging_mixin.py:188} INFO - [2024-03-03T08:09:51.140+0000] {override.py:1769} INFO - Created Permission View: can read on DAG:example_complex
[2024-03-03T08:09:51.147+0000] {logging_mixin.py:188} INFO - [2024-03-03T08:09:51.147+0000] {override.py:1769} INFO - Created Permission View: can delete on DAG:example_complex
[2024-03-03T08:09:51.148+0000] {logging_mixin.py:188} INFO - [2024-03-03T08:09:51.148+0000] {dag.py:3047} INFO - Sync 1 DAGs
[2024-03-03T08:09:51.159+0000] {logging_mixin.py:188} INFO - [2024-03-03T08:09:51.159+0000] {dag.py:3069} INFO - Creating ORM DAG for example_complex
[2024-03-03T08:09:51.160+0000] {logging_mixin.py:188} INFO - [2024-03-03T08:09:51.159+0000] {dag.py:3834} INFO - Setting next_dagrun for example_complex to None, run_after=None
[2024-03-03T08:09:51.177+0000] {processor.py:183} INFO - Processing /home/airflow/.local/lib/python3.11/site-packages/airflow/example_dags/example_complex.py took 0.172 seconds
[2024-03-03T08:10:21.435+0000] {processor.py:161} INFO - Started process (PID=112) to work on /home/airflow/.local/lib/python3.11/site-packages/airflow/example_dags/example_complex.py
[2024-03-03T08:10:21.436+0000] {processor.py:830} INFO - Processing file /home/airflow/.local/lib/python3.11/site-packages/airflow/example_dags/example_complex.py for tasks to queue
[2024-03-03T08:10:21.439+0000] {logging_mixin.py:188} INFO - [2024-03-03T08:10:21.438+0000] {dagbag.py:540} INFO - Filling up the DagBag from /home/airflow/.local/lib/python3.11/site-packages/airflow/example_dags/example_complex.py
[2024-03-03T08:10:21.453+0000] {processor.py:840} INFO - DAG(s) 'example_complex' retrieved from /home/airflow/.local/lib/python3.11/site-packages/airflow/example_dags/example_complex.py
[2024-03-03T08:10:21.478+0000] {logging_mixin.py:188} INFO - [2024-03-03T08:10:21.478+0000] {dag.py:3047} INFO - Sync 1 DAGs
[2024-03-03T08:10:21.491+0000] {logging_mixin.py:188} INFO - [2024-03-03T08:10:21.491+0000] {dag.py:3834} INFO - Setting next_dagrun for example_complex to None, run_after=None
[2024-03-03T08:10:21.508+0000] {processor.py:183} INFO - Processing /home/airflow/.local/lib/python3.11/site-packages/airflow/example_dags/example_complex.py took 0.077 seconds
[2024-03-03T08:10:51.881+0000] {processor.py:161} INFO - Started process (PID=167) to work on /home/airflow/.local/lib/python3.11/site-packages/airflow/example_dags/example_complex.py
[2024-03-03T08:10:51.883+0000] {processor.py:830} INFO - Processing file /home/airflow/.local/lib/python3.11/site-packages/airflow/example_dags/example_complex.py for tasks to queue
[2024-03-03T08:10:51.886+0000] {logging_mixin.py:188} INFO - [2024-03-03T08:10:51.886+0000] {dagbag.py:540} INFO - Filling up the DagBag from /home/airflow/.local/lib/python3.11/site-packages/airflow/example_dags/example_complex.py
[2024-03-03T08:10:51.897+0000] {processor.py:840} INFO - DAG(s) 'example_complex' retrieved from /home/airflow/.local/lib/python3.11/site-packages/airflow/example_dags/example_complex.py
[2024-03-03T08:10:51.924+0000] {logging_mixin.py:188} INFO - [2024-03-03T08:10:51.924+0000] {dag.py:3047} INFO - Sync 1 DAGs
[2024-03-03T08:10:51.937+0000] {logging_mixin.py:188} INFO - [2024-03-03T08:10:51.937+0000] {dag.py:3834} INFO - Setting next_dagrun for example_complex to None, run_after=None
[2024-03-03T08:10:51.954+0000] {processor.py:183} INFO - Processing /home/airflow/.local/lib/python3.11/site-packages/airflow/example_dags/example_complex.py took 0.077 seconds
[2024-03-03T08:11:22.453+0000] {processor.py:161} INFO - Started process (PID=222) to work on /home/airflow/.local/lib/python3.11/site-packages/airflow/example_dags/example_complex.py
[2024-03-03T08:11:22.454+0000] {processor.py:830} INFO - Processing file /home/airflow/.local/lib/python3.11/site-packages/airflow/example_dags/example_complex.py for tasks to queue
[2024-03-03T08:11:22.457+0000] {logging_mixin.py:188} INFO - [2024-03-03T08:11:22.456+0000] {dagbag.py:540} INFO - Filling up the DagBag from /home/airflow/.local/lib/python3.11/site-packages/airflow/example_dags/example_complex.py
[2024-03-03T08:11:22.468+0000] {processor.py:840} INFO - DAG(s) 'example_complex' retrieved from /home/airflow/.local/lib/python3.11/site-packages/airflow/example_dags/example_complex.py
[2024-03-03T08:11:22.497+0000] {logging_mixin.py:188} INFO - [2024-03-03T08:11:22.497+0000] {dag.py:3047} INFO - Sync 1 DAGs
[2024-03-03T08:11:22.510+0000] {logging_mixin.py:188} INFO - [2024-03-03T08:11:22.510+0000] {dag.py:3834} INFO - Setting next_dagrun for example_complex to None, run_after=None
[2024-03-03T08:11:22.531+0000] {processor.py:183} INFO - Processing /home/airflow/.local/lib/python3.11/site-packages/airflow/example_dags/example_complex.py took 0.082 seconds
[2024-03-03T08:11:53.053+0000] {processor.py:161} INFO - Started process (PID=277) to work on /home/airflow/.local/lib/python3.11/site-packages/airflow/example_dags/example_complex.py
[2024-03-03T08:11:53.054+0000] {processor.py:830} INFO - Processing file /home/airflow/.local/lib/python3.11/site-packages/airflow/example_dags/example_complex.py for tasks to queue
[2024-03-03T08:11:53.056+0000] {logging_mixin.py:188} INFO - [2024-03-03T08:11:53.055+0000] {dagbag.py:540} INFO - Filling up the DagBag from /home/airflow/.local/lib/python3.11/site-packages/airflow/example_dags/example_complex.py
[2024-03-03T08:11:53.065+0000] {processor.py:840} INFO - DAG(s) 'example_complex' retrieved from /home/airflow/.local/lib/python3.11/site-packages/airflow/example_dags/example_complex.py
[2024-03-03T08:11:53.090+0000] {logging_mixin.py:188} INFO - [2024-03-03T08:11:53.090+0000] {dag.py:3047} INFO - Sync 1 DAGs
[2024-03-03T08:11:53.101+0000] {logging_mixin.py:188} INFO - [2024-03-03T08:11:53.101+0000] {dag.py:3834} INFO - Setting next_dagrun for example_complex to None, run_after=None
[2024-03-03T08:11:53.118+0000] {processor.py:183} INFO - Processing /home/airflow/.local/lib/python3.11/site-packages/airflow/example_dags/example_complex.py took 0.068 seconds
[2024-03-03T08:12:23.634+0000] {processor.py:161} INFO - Started process (PID=332) to work on /home/airflow/.local/lib/python3.11/site-packages/airflow/example_dags/example_complex.py
[2024-03-03T08:12:23.635+0000] {processor.py:830} INFO - Processing file /home/airflow/.local/lib/python3.11/site-packages/airflow/example_dags/example_complex.py for tasks to queue
[2024-03-03T08:12:23.638+0000] {logging_mixin.py:188} INFO - [2024-03-03T08:12:23.637+0000] {dagbag.py:540} INFO - Filling up the DagBag from /home/airflow/.local/lib/python3.11/site-packages/airflow/example_dags/example_complex.py
[2024-03-03T08:12:23.648+0000] {processor.py:840} INFO - DAG(s) 'example_complex' retrieved from /home/airflow/.local/lib/python3.11/site-packages/airflow/example_dags/example_complex.py
[2024-03-03T08:12:23.678+0000] {logging_mixin.py:188} INFO - [2024-03-03T08:12:23.678+0000] {dag.py:3047} INFO - Sync 1 DAGs
[2024-03-03T08:12:23.690+0000] {logging_mixin.py:188} INFO - [2024-03-03T08:12:23.689+0000] {dag.py:3834} INFO - Setting next_dagrun for example_complex to None, run_after=None
[2024-03-03T08:12:23.707+0000] {processor.py:183} INFO - Processing /home/airflow/.local/lib/python3.11/site-packages/airflow/example_dags/example_complex.py took 0.077 seconds
[2024-03-03T08:12:54.155+0000] {processor.py:161} INFO - Started process (PID=387) to work on /home/airflow/.local/lib/python3.11/site-packages/airflow/example_dags/example_complex.py
[2024-03-03T08:12:54.156+0000] {processor.py:830} INFO - Processing file /home/airflow/.local/lib/python3.11/site-packages/airflow/example_dags/example_complex.py for tasks to queue
[2024-03-03T08:12:54.158+0000] {logging_mixin.py:188} INFO - [2024-03-03T08:12:54.158+0000] {dagbag.py:540} INFO - Filling up the DagBag from /home/airflow/.local/lib/python3.11/site-packages/airflow/example_dags/example_complex.py
[2024-03-03T08:12:54.170+0000] {processor.py:840} INFO - DAG(s) 'example_complex' retrieved from /home/airflow/.local/lib/python3.11/site-packages/airflow/example_dags/example_complex.py
[2024-03-03T08:12:54.204+0000] {logging_mixin.py:188} INFO - [2024-03-03T08:12:54.203+0000] {dag.py:3047} INFO - Sync 1 DAGs
[2024-03-03T08:12:54.220+0000] {logging_mixin.py:188} INFO - [2024-03-03T08:12:54.220+0000] {dag.py:3834} INFO - Setting next_dagrun for example_complex to None, run_after=None
[2024-03-03T08:12:54.240+0000] {processor.py:183} INFO - Processing /home/airflow/.local/lib/python3.11/site-packages/airflow/example_dags/example_complex.py took 0.088 seconds
[2024-03-03T08:13:24.629+0000] {processor.py:161} INFO - Started process (PID=442) to work on /home/airflow/.local/lib/python3.11/site-packages/airflow/example_dags/example_complex.py
[2024-03-03T08:13:24.630+0000] {processor.py:830} INFO - Processing file /home/airflow/.local/lib/python3.11/site-packages/airflow/example_dags/example_complex.py for tasks to queue
[2024-03-03T08:13:24.632+0000] {logging_mixin.py:188} INFO - [2024-03-03T08:13:24.632+0000] {dagbag.py:540} INFO - Filling up the DagBag from /home/airflow/.local/lib/python3.11/site-packages/airflow/example_dags/example_complex.py
[2024-03-03T08:13:24.641+0000] {processor.py:840} INFO - DAG(s) 'example_complex' retrieved from /home/airflow/.local/lib/python3.11/site-packages/airflow/example_dags/example_complex.py
[2024-03-03T08:13:24.667+0000] {logging_mixin.py:188} INFO - [2024-03-03T08:13:24.667+0000] {dag.py:3047} INFO - Sync 1 DAGs
[2024-03-03T08:13:24.680+0000] {logging_mixin.py:188} INFO - [2024-03-03T08:13:24.679+0000] {dag.py:3834} INFO - Setting next_dagrun for example_complex to None, run_after=None
[2024-03-03T08:13:24.697+0000] {processor.py:183} INFO - Processing /home/airflow/.local/lib/python3.11/site-packages/airflow/example_dags/example_complex.py took 0.071 seconds
[2024-03-03T08:13:55.426+0000] {processor.py:161} INFO - Started process (PID=497) to work on /home/airflow/.local/lib/python3.11/site-packages/airflow/example_dags/example_complex.py
[2024-03-03T08:13:55.427+0000] {processor.py:830} INFO - Processing file /home/airflow/.local/lib/python3.11/site-packages/airflow/example_dags/example_complex.py for tasks to queue
[2024-03-03T08:13:55.430+0000] {logging_mixin.py:188} INFO - [2024-03-03T08:13:55.429+0000] {dagbag.py:540} INFO - Filling up the DagBag from /home/airflow/.local/lib/python3.11/site-packages/airflow/example_dags/example_complex.py
[2024-03-03T08:13:55.441+0000] {processor.py:840} INFO - DAG(s) 'example_complex' retrieved from /home/airflow/.local/lib/python3.11/site-packages/airflow/example_dags/example_complex.py
[2024-03-03T08:13:55.469+0000] {logging_mixin.py:188} INFO - [2024-03-03T08:13:55.469+0000] {dag.py:3047} INFO - Sync 1 DAGs
[2024-03-03T08:13:55.481+0000] {logging_mixin.py:188} INFO - [2024-03-03T08:13:55.481+0000] {dag.py:3834} INFO - Setting next_dagrun for example_complex to None, run_after=None
[2024-03-03T08:13:55.501+0000] {processor.py:183} INFO - Processing /home/airflow/.local/lib/python3.11/site-packages/airflow/example_dags/example_complex.py took 0.079 seconds
[2024-03-03T08:14:25.554+0000] {processor.py:161} INFO - Started process (PID=560) to work on /home/airflow/.local/lib/python3.11/site-packages/airflow/example_dags/example_complex.py
[2024-03-03T08:14:25.555+0000] {processor.py:830} INFO - Processing file /home/airflow/.local/lib/python3.11/site-packages/airflow/example_dags/example_complex.py for tasks to queue
[2024-03-03T08:14:25.557+0000] {logging_mixin.py:188} INFO - [2024-03-03T08:14:25.557+0000] {dagbag.py:540} INFO - Filling up the DagBag from /home/airflow/.local/lib/python3.11/site-packages/airflow/example_dags/example_complex.py
[2024-03-03T08:14:25.567+0000] {processor.py:840} INFO - DAG(s) 'example_complex' retrieved from /home/airflow/.local/lib/python3.11/site-packages/airflow/example_dags/example_complex.py
[2024-03-03T08:14:25.599+0000] {logging_mixin.py:188} INFO - [2024-03-03T08:14:25.599+0000] {dag.py:3047} INFO - Sync 1 DAGs
[2024-03-03T08:14:25.612+0000] {logging_mixin.py:188} INFO - [2024-03-03T08:14:25.612+0000] {dag.py:3834} INFO - Setting next_dagrun for example_complex to None, run_after=None
[2024-03-03T08:14:25.631+0000] {processor.py:183} INFO - Processing /home/airflow/.local/lib/python3.11/site-packages/airflow/example_dags/example_complex.py took 0.080 seconds
[2024-03-03T08:14:56.211+0000] {processor.py:161} INFO - Started process (PID=616) to work on /home/airflow/.local/lib/python3.11/site-packages/airflow/example_dags/example_complex.py
[2024-03-03T08:14:56.212+0000] {processor.py:830} INFO - Processing file /home/airflow/.local/lib/python3.11/site-packages/airflow/example_dags/example_complex.py for tasks to queue
[2024-03-03T08:14:56.214+0000] {logging_mixin.py:188} INFO - [2024-03-03T08:14:56.214+0000] {dagbag.py:540} INFO - Filling up the DagBag from /home/airflow/.local/lib/python3.11/site-packages/airflow/example_dags/example_complex.py
[2024-03-03T08:14:56.224+0000] {processor.py:840} INFO - DAG(s) 'example_complex' retrieved from /home/airflow/.local/lib/python3.11/site-packages/airflow/example_dags/example_complex.py
[2024-03-03T08:14:56.248+0000] {logging_mixin.py:188} INFO - [2024-03-03T08:14:56.248+0000] {dag.py:3047} INFO - Sync 1 DAGs
[2024-03-03T08:14:56.260+0000] {logging_mixin.py:188} INFO - [2024-03-03T08:14:56.259+0000] {dag.py:3834} INFO - Setting next_dagrun for example_complex to None, run_after=None
[2024-03-03T08:14:56.279+0000] {processor.py:183} INFO - Processing /home/airflow/.local/lib/python3.11/site-packages/airflow/example_dags/example_complex.py took 0.072 seconds
[2024-03-03T08:15:27.060+0000] {processor.py:161} INFO - Started process (PID=672) to work on /home/airflow/.local/lib/python3.11/site-packages/airflow/example_dags/example_complex.py
[2024-03-03T08:15:27.061+0000] {processor.py:830} INFO - Processing file /home/airflow/.local/lib/python3.11/site-packages/airflow/example_dags/example_complex.py for tasks to queue
[2024-03-03T08:15:27.064+0000] {logging_mixin.py:188} INFO - [2024-03-03T08:15:27.063+0000] {dagbag.py:540} INFO - Filling up the DagBag from /home/airflow/.local/lib/python3.11/site-packages/airflow/example_dags/example_complex.py
[2024-03-03T08:15:27.076+0000] {processor.py:840} INFO - DAG(s) 'example_complex' retrieved from /home/airflow/.local/lib/python3.11/site-packages/airflow/example_dags/example_complex.py
[2024-03-03T08:15:27.103+0000] {logging_mixin.py:188} INFO - [2024-03-03T08:15:27.102+0000] {dag.py:3047} INFO - Sync 1 DAGs
[2024-03-03T08:15:27.115+0000] {logging_mixin.py:188} INFO - [2024-03-03T08:15:27.114+0000] {dag.py:3834} INFO - Setting next_dagrun for example_complex to None, run_after=None
[2024-03-03T08:15:27.133+0000] {processor.py:183} INFO - Processing /home/airflow/.local/lib/python3.11/site-packages/airflow/example_dags/example_complex.py took 0.077 seconds
[2024-03-03T08:15:57.907+0000] {processor.py:161} INFO - Started process (PID=728) to work on /home/airflow/.local/lib/python3.11/site-packages/airflow/example_dags/example_complex.py
[2024-03-03T08:15:57.908+0000] {processor.py:830} INFO - Processing file /home/airflow/.local/lib/python3.11/site-packages/airflow/example_dags/example_complex.py for tasks to queue
[2024-03-03T08:15:57.911+0000] {logging_mixin.py:188} INFO - [2024-03-03T08:15:57.910+0000] {dagbag.py:540} INFO - Filling up the DagBag from /home/airflow/.local/lib/python3.11/site-packages/airflow/example_dags/example_complex.py
[2024-03-03T08:15:57.925+0000] {processor.py:840} INFO - DAG(s) 'example_complex' retrieved from /home/airflow/.local/lib/python3.11/site-packages/airflow/example_dags/example_complex.py
[2024-03-03T08:15:57.960+0000] {logging_mixin.py:188} INFO - [2024-03-03T08:15:57.959+0000] {dag.py:3047} INFO - Sync 1 DAGs
[2024-03-03T08:15:57.975+0000] {logging_mixin.py:188} INFO - [2024-03-03T08:15:57.975+0000] {dag.py:3834} INFO - Setting next_dagrun for example_complex to None, run_after=None
[2024-03-03T08:15:57.996+0000] {processor.py:183} INFO - Processing /home/airflow/.local/lib/python3.11/site-packages/airflow/example_dags/example_complex.py took 0.093 seconds
[2024-03-03T08:16:28.463+0000] {processor.py:161} INFO - Started process (PID=784) to work on /home/airflow/.local/lib/python3.11/site-packages/airflow/example_dags/example_complex.py
[2024-03-03T08:16:28.464+0000] {processor.py:830} INFO - Processing file /home/airflow/.local/lib/python3.11/site-packages/airflow/example_dags/example_complex.py for tasks to queue
[2024-03-03T08:16:28.466+0000] {logging_mixin.py:188} INFO - [2024-03-03T08:16:28.466+0000] {dagbag.py:540} INFO - Filling up the DagBag from /home/airflow/.local/lib/python3.11/site-packages/airflow/example_dags/example_complex.py
[2024-03-03T08:16:28.476+0000] {processor.py:840} INFO - DAG(s) 'example_complex' retrieved from /home/airflow/.local/lib/python3.11/site-packages/airflow/example_dags/example_complex.py
[2024-03-03T08:16:28.502+0000] {logging_mixin.py:188} INFO - [2024-03-03T08:16:28.501+0000] {dag.py:3047} INFO - Sync 1 DAGs
[2024-03-03T08:16:28.515+0000] {logging_mixin.py:188} INFO - [2024-03-03T08:16:28.515+0000] {dag.py:3834} INFO - Setting next_dagrun for example_complex to None, run_after=None
[2024-03-03T08:16:28.535+0000] {processor.py:183} INFO - Processing /home/airflow/.local/lib/python3.11/site-packages/airflow/example_dags/example_complex.py took 0.075 seconds
[2024-03-03T08:16:59.249+0000] {processor.py:161} INFO - Started process (PID=840) to work on /home/airflow/.local/lib/python3.11/site-packages/airflow/example_dags/example_complex.py
[2024-03-03T08:16:59.250+0000] {processor.py:830} INFO - Processing file /home/airflow/.local/lib/python3.11/site-packages/airflow/example_dags/example_complex.py for tasks to queue
[2024-03-03T08:16:59.253+0000] {logging_mixin.py:188} INFO - [2024-03-03T08:16:59.252+0000] {dagbag.py:540} INFO - Filling up the DagBag from /home/airflow/.local/lib/python3.11/site-packages/airflow/example_dags/example_complex.py
[2024-03-03T08:16:59.263+0000] {processor.py:840} INFO - DAG(s) 'example_complex' retrieved from /home/airflow/.local/lib/python3.11/site-packages/airflow/example_dags/example_complex.py
[2024-03-03T08:16:59.289+0000] {logging_mixin.py:188} INFO - [2024-03-03T08:16:59.289+0000] {dag.py:3047} INFO - Sync 1 DAGs
[2024-03-03T08:16:59.301+0000] {logging_mixin.py:188} INFO - [2024-03-03T08:16:59.301+0000] {dag.py:3834} INFO - Setting next_dagrun for example_complex to None, run_after=None
[2024-03-03T08:16:59.319+0000] {processor.py:183} INFO - Processing /home/airflow/.local/lib/python3.11/site-packages/airflow/example_dags/example_complex.py took 0.072 seconds
[2024-03-03T08:17:29.767+0000] {processor.py:161} INFO - Started process (PID=896) to work on /home/airflow/.local/lib/python3.11/site-packages/airflow/example_dags/example_complex.py
[2024-03-03T08:17:29.768+0000] {processor.py:830} INFO - Processing file /home/airflow/.local/lib/python3.11/site-packages/airflow/example_dags/example_complex.py for tasks to queue
[2024-03-03T08:17:29.771+0000] {logging_mixin.py:188} INFO - [2024-03-03T08:17:29.770+0000] {dagbag.py:540} INFO - Filling up the DagBag from /home/airflow/.local/lib/python3.11/site-packages/airflow/example_dags/example_complex.py
[2024-03-03T08:17:29.781+0000] {processor.py:840} INFO - DAG(s) 'example_complex' retrieved from /home/airflow/.local/lib/python3.11/site-packages/airflow/example_dags/example_complex.py
[2024-03-03T08:17:29.805+0000] {logging_mixin.py:188} INFO - [2024-03-03T08:17:29.805+0000] {dag.py:3047} INFO - Sync 1 DAGs
[2024-03-03T08:17:29.817+0000] {logging_mixin.py:188} INFO - [2024-03-03T08:17:29.817+0000] {dag.py:3834} INFO - Setting next_dagrun for example_complex to None, run_after=None
[2024-03-03T08:17:29.835+0000] {processor.py:183} INFO - Processing /home/airflow/.local/lib/python3.11/site-packages/airflow/example_dags/example_complex.py took 0.071 seconds
[2024-03-03T08:18:00.179+0000] {processor.py:161} INFO - Started process (PID=951) to work on /home/airflow/.local/lib/python3.11/site-packages/airflow/example_dags/example_complex.py
[2024-03-03T08:18:00.180+0000] {processor.py:830} INFO - Processing file /home/airflow/.local/lib/python3.11/site-packages/airflow/example_dags/example_complex.py for tasks to queue
[2024-03-03T08:18:00.181+0000] {logging_mixin.py:188} INFO - [2024-03-03T08:18:00.180+0000] {dagbag.py:540} INFO - Filling up the DagBag from /home/airflow/.local/lib/python3.11/site-packages/airflow/example_dags/example_complex.py
[2024-03-03T08:18:00.195+0000] {processor.py:840} INFO - DAG(s) 'example_complex' retrieved from /home/airflow/.local/lib/python3.11/site-packages/airflow/example_dags/example_complex.py
[2024-03-03T08:18:00.229+0000] {logging_mixin.py:188} INFO - [2024-03-03T08:18:00.228+0000] {dag.py:3047} INFO - Sync 1 DAGs
[2024-03-03T08:18:00.244+0000] {logging_mixin.py:188} INFO - [2024-03-03T08:18:00.243+0000] {dag.py:3834} INFO - Setting next_dagrun for example_complex to None, run_after=None
[2024-03-03T08:18:00.261+0000] {processor.py:183} INFO - Processing /home/airflow/.local/lib/python3.11/site-packages/airflow/example_dags/example_complex.py took 0.085 seconds
