[2024-03-03T08:09:51.514+0000] {processor.py:161} INFO - Started process (PID=62) to work on /home/airflow/.local/lib/python3.11/site-packages/airflow/example_dags/example_branch_day_of_week_operator.py
[2024-03-03T08:09:51.515+0000] {processor.py:830} INFO - Processing file /home/airflow/.local/lib/python3.11/site-packages/airflow/example_dags/example_branch_day_of_week_operator.py for tasks to queue
[2024-03-03T08:09:51.518+0000] {logging_mixin.py:188} INFO - [2024-03-03T08:09:51.518+0000] {dagbag.py:540} INFO - Filling up the DagBag from /home/airflow/.local/lib/python3.11/site-packages/airflow/example_dags/example_branch_day_of_week_operator.py
[2024-03-03T08:09:51.527+0000] {processor.py:840} INFO - DAG(s) 'example_weekday_branch_operator' retrieved from /home/airflow/.local/lib/python3.11/site-packages/airflow/example_dags/example_branch_day_of_week_operator.py
[2024-03-03T08:09:51.634+0000] {logging_mixin.py:188} INFO - [2024-03-03T08:09:51.633+0000] {override.py:1769} INFO - Created Permission View: can edit on DAG:example_weekday_branch_operator
[2024-03-03T08:09:51.642+0000] {logging_mixin.py:188} INFO - [2024-03-03T08:09:51.642+0000] {override.py:1769} INFO - Created Permission View: can read on DAG:example_weekday_branch_operator
[2024-03-03T08:09:51.648+0000] {logging_mixin.py:188} INFO - [2024-03-03T08:09:51.648+0000] {override.py:1769} INFO - Created Permission View: can delete on DAG:example_weekday_branch_operator
[2024-03-03T08:09:51.649+0000] {logging_mixin.py:188} INFO - [2024-03-03T08:09:51.649+0000] {dag.py:3047} INFO - Sync 1 DAGs
[2024-03-03T08:09:51.659+0000] {logging_mixin.py:188} INFO - [2024-03-03T08:09:51.658+0000] {dag.py:3069} INFO - Creating ORM DAG for example_weekday_branch_operator
[2024-03-03T08:09:51.671+0000] {logging_mixin.py:188} INFO - [2024-03-03T08:09:51.671+0000] {dag.py:3834} INFO - Setting next_dagrun for example_weekday_branch_operator to 2024-03-02 00:00:00+00:00, run_after=2024-03-03 00:00:00+00:00
[2024-03-03T08:09:51.686+0000] {processor.py:183} INFO - Processing /home/airflow/.local/lib/python3.11/site-packages/airflow/example_dags/example_branch_day_of_week_operator.py took 0.176 seconds
[2024-03-03T08:10:21.752+0000] {processor.py:161} INFO - Started process (PID=117) to work on /home/airflow/.local/lib/python3.11/site-packages/airflow/example_dags/example_branch_day_of_week_operator.py
[2024-03-03T08:10:21.752+0000] {processor.py:830} INFO - Processing file /home/airflow/.local/lib/python3.11/site-packages/airflow/example_dags/example_branch_day_of_week_operator.py for tasks to queue
[2024-03-03T08:10:21.755+0000] {logging_mixin.py:188} INFO - [2024-03-03T08:10:21.754+0000] {dagbag.py:540} INFO - Filling up the DagBag from /home/airflow/.local/lib/python3.11/site-packages/airflow/example_dags/example_branch_day_of_week_operator.py
[2024-03-03T08:10:21.761+0000] {processor.py:840} INFO - DAG(s) 'example_weekday_branch_operator' retrieved from /home/airflow/.local/lib/python3.11/site-packages/airflow/example_dags/example_branch_day_of_week_operator.py
[2024-03-03T08:10:21.778+0000] {logging_mixin.py:188} INFO - [2024-03-03T08:10:21.778+0000] {dag.py:3047} INFO - Sync 1 DAGs
[2024-03-03T08:10:21.799+0000] {logging_mixin.py:188} INFO - [2024-03-03T08:10:21.799+0000] {dag.py:3834} INFO - Setting next_dagrun for example_weekday_branch_operator to 2024-03-02 00:00:00+00:00, run_after=2024-03-03 00:00:00+00:00
[2024-03-03T08:10:21.815+0000] {processor.py:183} INFO - Processing /home/airflow/.local/lib/python3.11/site-packages/airflow/example_dags/example_branch_day_of_week_operator.py took 0.066 seconds
[2024-03-03T08:10:52.113+0000] {processor.py:161} INFO - Started process (PID=172) to work on /home/airflow/.local/lib/python3.11/site-packages/airflow/example_dags/example_branch_day_of_week_operator.py
[2024-03-03T08:10:52.114+0000] {processor.py:830} INFO - Processing file /home/airflow/.local/lib/python3.11/site-packages/airflow/example_dags/example_branch_day_of_week_operator.py for tasks to queue
[2024-03-03T08:10:52.116+0000] {logging_mixin.py:188} INFO - [2024-03-03T08:10:52.116+0000] {dagbag.py:540} INFO - Filling up the DagBag from /home/airflow/.local/lib/python3.11/site-packages/airflow/example_dags/example_branch_day_of_week_operator.py
[2024-03-03T08:10:52.124+0000] {processor.py:840} INFO - DAG(s) 'example_weekday_branch_operator' retrieved from /home/airflow/.local/lib/python3.11/site-packages/airflow/example_dags/example_branch_day_of_week_operator.py
[2024-03-03T08:10:52.141+0000] {logging_mixin.py:188} INFO - [2024-03-03T08:10:52.141+0000] {dag.py:3047} INFO - Sync 1 DAGs
[2024-03-03T08:10:52.164+0000] {logging_mixin.py:188} INFO - [2024-03-03T08:10:52.164+0000] {dag.py:3834} INFO - Setting next_dagrun for example_weekday_branch_operator to 2024-03-02 00:00:00+00:00, run_after=2024-03-03 00:00:00+00:00
[2024-03-03T08:10:52.177+0000] {processor.py:183} INFO - Processing /home/airflow/.local/lib/python3.11/site-packages/airflow/example_dags/example_branch_day_of_week_operator.py took 0.067 seconds
[2024-03-03T08:11:22.754+0000] {processor.py:161} INFO - Started process (PID=227) to work on /home/airflow/.local/lib/python3.11/site-packages/airflow/example_dags/example_branch_day_of_week_operator.py
[2024-03-03T08:11:22.755+0000] {processor.py:830} INFO - Processing file /home/airflow/.local/lib/python3.11/site-packages/airflow/example_dags/example_branch_day_of_week_operator.py for tasks to queue
[2024-03-03T08:11:22.757+0000] {logging_mixin.py:188} INFO - [2024-03-03T08:11:22.757+0000] {dagbag.py:540} INFO - Filling up the DagBag from /home/airflow/.local/lib/python3.11/site-packages/airflow/example_dags/example_branch_day_of_week_operator.py
[2024-03-03T08:11:22.766+0000] {processor.py:840} INFO - DAG(s) 'example_weekday_branch_operator' retrieved from /home/airflow/.local/lib/python3.11/site-packages/airflow/example_dags/example_branch_day_of_week_operator.py
[2024-03-03T08:11:22.784+0000] {logging_mixin.py:188} INFO - [2024-03-03T08:11:22.784+0000] {dag.py:3047} INFO - Sync 1 DAGs
[2024-03-03T08:11:22.804+0000] {logging_mixin.py:188} INFO - [2024-03-03T08:11:22.804+0000] {dag.py:3834} INFO - Setting next_dagrun for example_weekday_branch_operator to 2024-03-02 00:00:00+00:00, run_after=2024-03-03 00:00:00+00:00
[2024-03-03T08:11:22.822+0000] {processor.py:183} INFO - Processing /home/airflow/.local/lib/python3.11/site-packages/airflow/example_dags/example_branch_day_of_week_operator.py took 0.072 seconds
[2024-03-03T08:11:53.305+0000] {processor.py:161} INFO - Started process (PID=282) to work on /home/airflow/.local/lib/python3.11/site-packages/airflow/example_dags/example_branch_day_of_week_operator.py
[2024-03-03T08:11:53.306+0000] {processor.py:830} INFO - Processing file /home/airflow/.local/lib/python3.11/site-packages/airflow/example_dags/example_branch_day_of_week_operator.py for tasks to queue
[2024-03-03T08:11:53.308+0000] {logging_mixin.py:188} INFO - [2024-03-03T08:11:53.308+0000] {dagbag.py:540} INFO - Filling up the DagBag from /home/airflow/.local/lib/python3.11/site-packages/airflow/example_dags/example_branch_day_of_week_operator.py
[2024-03-03T08:11:53.316+0000] {processor.py:840} INFO - DAG(s) 'example_weekday_branch_operator' retrieved from /home/airflow/.local/lib/python3.11/site-packages/airflow/example_dags/example_branch_day_of_week_operator.py
[2024-03-03T08:11:53.335+0000] {logging_mixin.py:188} INFO - [2024-03-03T08:11:53.335+0000] {dag.py:3047} INFO - Sync 1 DAGs
[2024-03-03T08:11:53.359+0000] {logging_mixin.py:188} INFO - [2024-03-03T08:11:53.359+0000] {dag.py:3834} INFO - Setting next_dagrun for example_weekday_branch_operator to 2024-03-02 00:00:00+00:00, run_after=2024-03-03 00:00:00+00:00
[2024-03-03T08:11:53.377+0000] {processor.py:183} INFO - Processing /home/airflow/.local/lib/python3.11/site-packages/airflow/example_dags/example_branch_day_of_week_operator.py took 0.075 seconds
[2024-03-03T08:12:23.851+0000] {processor.py:161} INFO - Started process (PID=337) to work on /home/airflow/.local/lib/python3.11/site-packages/airflow/example_dags/example_branch_day_of_week_operator.py
[2024-03-03T08:12:23.852+0000] {processor.py:830} INFO - Processing file /home/airflow/.local/lib/python3.11/site-packages/airflow/example_dags/example_branch_day_of_week_operator.py for tasks to queue
[2024-03-03T08:12:23.854+0000] {logging_mixin.py:188} INFO - [2024-03-03T08:12:23.854+0000] {dagbag.py:540} INFO - Filling up the DagBag from /home/airflow/.local/lib/python3.11/site-packages/airflow/example_dags/example_branch_day_of_week_operator.py
[2024-03-03T08:12:23.862+0000] {processor.py:840} INFO - DAG(s) 'example_weekday_branch_operator' retrieved from /home/airflow/.local/lib/python3.11/site-packages/airflow/example_dags/example_branch_day_of_week_operator.py
[2024-03-03T08:12:23.882+0000] {logging_mixin.py:188} INFO - [2024-03-03T08:12:23.882+0000] {dag.py:3047} INFO - Sync 1 DAGs
[2024-03-03T08:12:23.905+0000] {logging_mixin.py:188} INFO - [2024-03-03T08:12:23.904+0000] {dag.py:3834} INFO - Setting next_dagrun for example_weekday_branch_operator to 2024-03-02 00:00:00+00:00, run_after=2024-03-03 00:00:00+00:00
[2024-03-03T08:12:23.923+0000] {processor.py:183} INFO - Processing /home/airflow/.local/lib/python3.11/site-packages/airflow/example_dags/example_branch_day_of_week_operator.py took 0.075 seconds
[2024-03-03T08:12:54.409+0000] {processor.py:161} INFO - Started process (PID=392) to work on /home/airflow/.local/lib/python3.11/site-packages/airflow/example_dags/example_branch_day_of_week_operator.py
[2024-03-03T08:12:54.410+0000] {processor.py:830} INFO - Processing file /home/airflow/.local/lib/python3.11/site-packages/airflow/example_dags/example_branch_day_of_week_operator.py for tasks to queue
[2024-03-03T08:12:54.413+0000] {logging_mixin.py:188} INFO - [2024-03-03T08:12:54.412+0000] {dagbag.py:540} INFO - Filling up the DagBag from /home/airflow/.local/lib/python3.11/site-packages/airflow/example_dags/example_branch_day_of_week_operator.py
[2024-03-03T08:12:54.422+0000] {processor.py:840} INFO - DAG(s) 'example_weekday_branch_operator' retrieved from /home/airflow/.local/lib/python3.11/site-packages/airflow/example_dags/example_branch_day_of_week_operator.py
[2024-03-03T08:12:54.440+0000] {logging_mixin.py:188} INFO - [2024-03-03T08:12:54.440+0000] {dag.py:3047} INFO - Sync 1 DAGs
[2024-03-03T08:12:54.460+0000] {logging_mixin.py:188} INFO - [2024-03-03T08:12:54.460+0000] {dag.py:3834} INFO - Setting next_dagrun for example_weekday_branch_operator to 2024-03-02 00:00:00+00:00, run_after=2024-03-03 00:00:00+00:00
[2024-03-03T08:12:54.475+0000] {processor.py:183} INFO - Processing /home/airflow/.local/lib/python3.11/site-packages/airflow/example_dags/example_branch_day_of_week_operator.py took 0.070 seconds
[2024-03-03T08:13:24.886+0000] {processor.py:161} INFO - Started process (PID=447) to work on /home/airflow/.local/lib/python3.11/site-packages/airflow/example_dags/example_branch_day_of_week_operator.py
[2024-03-03T08:13:24.886+0000] {processor.py:830} INFO - Processing file /home/airflow/.local/lib/python3.11/site-packages/airflow/example_dags/example_branch_day_of_week_operator.py for tasks to queue
[2024-03-03T08:13:24.889+0000] {logging_mixin.py:188} INFO - [2024-03-03T08:13:24.888+0000] {dagbag.py:540} INFO - Filling up the DagBag from /home/airflow/.local/lib/python3.11/site-packages/airflow/example_dags/example_branch_day_of_week_operator.py
[2024-03-03T08:13:24.896+0000] {processor.py:840} INFO - DAG(s) 'example_weekday_branch_operator' retrieved from /home/airflow/.local/lib/python3.11/site-packages/airflow/example_dags/example_branch_day_of_week_operator.py
[2024-03-03T08:13:24.914+0000] {logging_mixin.py:188} INFO - [2024-03-03T08:13:24.914+0000] {dag.py:3047} INFO - Sync 1 DAGs
[2024-03-03T08:13:24.934+0000] {logging_mixin.py:188} INFO - [2024-03-03T08:13:24.934+0000] {dag.py:3834} INFO - Setting next_dagrun for example_weekday_branch_operator to 2024-03-02 00:00:00+00:00, run_after=2024-03-03 00:00:00+00:00
[2024-03-03T08:13:24.949+0000] {processor.py:183} INFO - Processing /home/airflow/.local/lib/python3.11/site-packages/airflow/example_dags/example_branch_day_of_week_operator.py took 0.066 seconds
[2024-03-03T08:13:55.693+0000] {processor.py:161} INFO - Started process (PID=502) to work on /home/airflow/.local/lib/python3.11/site-packages/airflow/example_dags/example_branch_day_of_week_operator.py
[2024-03-03T08:13:55.694+0000] {processor.py:830} INFO - Processing file /home/airflow/.local/lib/python3.11/site-packages/airflow/example_dags/example_branch_day_of_week_operator.py for tasks to queue
[2024-03-03T08:13:55.697+0000] {logging_mixin.py:188} INFO - [2024-03-03T08:13:55.696+0000] {dagbag.py:540} INFO - Filling up the DagBag from /home/airflow/.local/lib/python3.11/site-packages/airflow/example_dags/example_branch_day_of_week_operator.py
[2024-03-03T08:13:55.707+0000] {processor.py:840} INFO - DAG(s) 'example_weekday_branch_operator' retrieved from /home/airflow/.local/lib/python3.11/site-packages/airflow/example_dags/example_branch_day_of_week_operator.py
[2024-03-03T08:13:55.734+0000] {logging_mixin.py:188} INFO - [2024-03-03T08:13:55.733+0000] {dag.py:3047} INFO - Sync 1 DAGs
[2024-03-03T08:13:55.763+0000] {logging_mixin.py:188} INFO - [2024-03-03T08:13:55.763+0000] {dag.py:3834} INFO - Setting next_dagrun for example_weekday_branch_operator to 2024-03-02 00:00:00+00:00, run_after=2024-03-03 00:00:00+00:00
[2024-03-03T08:13:55.784+0000] {processor.py:183} INFO - Processing /home/airflow/.local/lib/python3.11/site-packages/airflow/example_dags/example_branch_day_of_week_operator.py took 0.095 seconds
[2024-03-03T08:14:25.826+0000] {processor.py:161} INFO - Started process (PID=565) to work on /home/airflow/.local/lib/python3.11/site-packages/airflow/example_dags/example_branch_day_of_week_operator.py
[2024-03-03T08:14:25.827+0000] {processor.py:830} INFO - Processing file /home/airflow/.local/lib/python3.11/site-packages/airflow/example_dags/example_branch_day_of_week_operator.py for tasks to queue
[2024-03-03T08:14:25.829+0000] {logging_mixin.py:188} INFO - [2024-03-03T08:14:25.828+0000] {dagbag.py:540} INFO - Filling up the DagBag from /home/airflow/.local/lib/python3.11/site-packages/airflow/example_dags/example_branch_day_of_week_operator.py
[2024-03-03T08:14:25.836+0000] {processor.py:840} INFO - DAG(s) 'example_weekday_branch_operator' retrieved from /home/airflow/.local/lib/python3.11/site-packages/airflow/example_dags/example_branch_day_of_week_operator.py
[2024-03-03T08:14:25.857+0000] {logging_mixin.py:188} INFO - [2024-03-03T08:14:25.857+0000] {dag.py:3047} INFO - Sync 1 DAGs
[2024-03-03T08:14:25.879+0000] {logging_mixin.py:188} INFO - [2024-03-03T08:14:25.879+0000] {dag.py:3834} INFO - Setting next_dagrun for example_weekday_branch_operator to 2024-03-02 00:00:00+00:00, run_after=2024-03-03 00:00:00+00:00
[2024-03-03T08:14:25.897+0000] {processor.py:183} INFO - Processing /home/airflow/.local/lib/python3.11/site-packages/airflow/example_dags/example_branch_day_of_week_operator.py took 0.075 seconds
[2024-03-03T08:14:56.465+0000] {processor.py:161} INFO - Started process (PID=621) to work on /home/airflow/.local/lib/python3.11/site-packages/airflow/example_dags/example_branch_day_of_week_operator.py
[2024-03-03T08:14:56.466+0000] {processor.py:830} INFO - Processing file /home/airflow/.local/lib/python3.11/site-packages/airflow/example_dags/example_branch_day_of_week_operator.py for tasks to queue
[2024-03-03T08:14:56.468+0000] {logging_mixin.py:188} INFO - [2024-03-03T08:14:56.468+0000] {dagbag.py:540} INFO - Filling up the DagBag from /home/airflow/.local/lib/python3.11/site-packages/airflow/example_dags/example_branch_day_of_week_operator.py
[2024-03-03T08:14:56.476+0000] {processor.py:840} INFO - DAG(s) 'example_weekday_branch_operator' retrieved from /home/airflow/.local/lib/python3.11/site-packages/airflow/example_dags/example_branch_day_of_week_operator.py
[2024-03-03T08:14:56.498+0000] {logging_mixin.py:188} INFO - [2024-03-03T08:14:56.498+0000] {dag.py:3047} INFO - Sync 1 DAGs
[2024-03-03T08:14:56.521+0000] {logging_mixin.py:188} INFO - [2024-03-03T08:14:56.520+0000] {dag.py:3834} INFO - Setting next_dagrun for example_weekday_branch_operator to 2024-03-02 00:00:00+00:00, run_after=2024-03-03 00:00:00+00:00
[2024-03-03T08:14:56.536+0000] {processor.py:183} INFO - Processing /home/airflow/.local/lib/python3.11/site-packages/airflow/example_dags/example_branch_day_of_week_operator.py took 0.075 seconds
[2024-03-03T08:15:27.325+0000] {processor.py:161} INFO - Started process (PID=677) to work on /home/airflow/.local/lib/python3.11/site-packages/airflow/example_dags/example_branch_day_of_week_operator.py
[2024-03-03T08:15:27.326+0000] {processor.py:830} INFO - Processing file /home/airflow/.local/lib/python3.11/site-packages/airflow/example_dags/example_branch_day_of_week_operator.py for tasks to queue
[2024-03-03T08:15:27.328+0000] {logging_mixin.py:188} INFO - [2024-03-03T08:15:27.327+0000] {dagbag.py:540} INFO - Filling up the DagBag from /home/airflow/.local/lib/python3.11/site-packages/airflow/example_dags/example_branch_day_of_week_operator.py
[2024-03-03T08:15:27.337+0000] {processor.py:840} INFO - DAG(s) 'example_weekday_branch_operator' retrieved from /home/airflow/.local/lib/python3.11/site-packages/airflow/example_dags/example_branch_day_of_week_operator.py
[2024-03-03T08:15:27.355+0000] {logging_mixin.py:188} INFO - [2024-03-03T08:15:27.355+0000] {dag.py:3047} INFO - Sync 1 DAGs
[2024-03-03T08:15:27.379+0000] {logging_mixin.py:188} INFO - [2024-03-03T08:15:27.379+0000] {dag.py:3834} INFO - Setting next_dagrun for example_weekday_branch_operator to 2024-03-02 00:00:00+00:00, run_after=2024-03-03 00:00:00+00:00
[2024-03-03T08:15:27.397+0000] {processor.py:183} INFO - Processing /home/airflow/.local/lib/python3.11/site-packages/airflow/example_dags/example_branch_day_of_week_operator.py took 0.075 seconds
[2024-03-03T08:15:58.224+0000] {processor.py:161} INFO - Started process (PID=733) to work on /home/airflow/.local/lib/python3.11/site-packages/airflow/example_dags/example_branch_day_of_week_operator.py
[2024-03-03T08:15:58.225+0000] {processor.py:830} INFO - Processing file /home/airflow/.local/lib/python3.11/site-packages/airflow/example_dags/example_branch_day_of_week_operator.py for tasks to queue
[2024-03-03T08:15:58.228+0000] {logging_mixin.py:188} INFO - [2024-03-03T08:15:58.227+0000] {dagbag.py:540} INFO - Filling up the DagBag from /home/airflow/.local/lib/python3.11/site-packages/airflow/example_dags/example_branch_day_of_week_operator.py
[2024-03-03T08:15:58.238+0000] {processor.py:840} INFO - DAG(s) 'example_weekday_branch_operator' retrieved from /home/airflow/.local/lib/python3.11/site-packages/airflow/example_dags/example_branch_day_of_week_operator.py
[2024-03-03T08:15:58.261+0000] {logging_mixin.py:188} INFO - [2024-03-03T08:15:58.260+0000] {dag.py:3047} INFO - Sync 1 DAGs
[2024-03-03T08:15:58.290+0000] {logging_mixin.py:188} INFO - [2024-03-03T08:15:58.290+0000] {dag.py:3834} INFO - Setting next_dagrun for example_weekday_branch_operator to 2024-03-02 00:00:00+00:00, run_after=2024-03-03 00:00:00+00:00
[2024-03-03T08:15:58.311+0000] {processor.py:183} INFO - Processing /home/airflow/.local/lib/python3.11/site-packages/airflow/example_dags/example_branch_day_of_week_operator.py took 0.091 seconds
[2024-03-03T08:16:28.755+0000] {processor.py:161} INFO - Started process (PID=789) to work on /home/airflow/.local/lib/python3.11/site-packages/airflow/example_dags/example_branch_day_of_week_operator.py
[2024-03-03T08:16:28.757+0000] {processor.py:830} INFO - Processing file /home/airflow/.local/lib/python3.11/site-packages/airflow/example_dags/example_branch_day_of_week_operator.py for tasks to queue
[2024-03-03T08:16:28.760+0000] {logging_mixin.py:188} INFO - [2024-03-03T08:16:28.759+0000] {dagbag.py:540} INFO - Filling up the DagBag from /home/airflow/.local/lib/python3.11/site-packages/airflow/example_dags/example_branch_day_of_week_operator.py
[2024-03-03T08:16:28.771+0000] {processor.py:840} INFO - DAG(s) 'example_weekday_branch_operator' retrieved from /home/airflow/.local/lib/python3.11/site-packages/airflow/example_dags/example_branch_day_of_week_operator.py
[2024-03-03T08:16:28.790+0000] {logging_mixin.py:188} INFO - [2024-03-03T08:16:28.790+0000] {dag.py:3047} INFO - Sync 1 DAGs
[2024-03-03T08:16:28.812+0000] {logging_mixin.py:188} INFO - [2024-03-03T08:16:28.812+0000] {dag.py:3834} INFO - Setting next_dagrun for example_weekday_branch_operator to 2024-03-02 00:00:00+00:00, run_after=2024-03-03 00:00:00+00:00
[2024-03-03T08:16:28.829+0000] {processor.py:183} INFO - Processing /home/airflow/.local/lib/python3.11/site-packages/airflow/example_dags/example_branch_day_of_week_operator.py took 0.078 seconds
[2024-03-03T08:16:59.499+0000] {processor.py:161} INFO - Started process (PID=845) to work on /home/airflow/.local/lib/python3.11/site-packages/airflow/example_dags/example_branch_day_of_week_operator.py
[2024-03-03T08:16:59.500+0000] {processor.py:830} INFO - Processing file /home/airflow/.local/lib/python3.11/site-packages/airflow/example_dags/example_branch_day_of_week_operator.py for tasks to queue
[2024-03-03T08:16:59.503+0000] {logging_mixin.py:188} INFO - [2024-03-03T08:16:59.502+0000] {dagbag.py:540} INFO - Filling up the DagBag from /home/airflow/.local/lib/python3.11/site-packages/airflow/example_dags/example_branch_day_of_week_operator.py
[2024-03-03T08:16:59.512+0000] {processor.py:840} INFO - DAG(s) 'example_weekday_branch_operator' retrieved from /home/airflow/.local/lib/python3.11/site-packages/airflow/example_dags/example_branch_day_of_week_operator.py
[2024-03-03T08:16:59.532+0000] {logging_mixin.py:188} INFO - [2024-03-03T08:16:59.532+0000] {dag.py:3047} INFO - Sync 1 DAGs
[2024-03-03T08:16:59.553+0000] {logging_mixin.py:188} INFO - [2024-03-03T08:16:59.553+0000] {dag.py:3834} INFO - Setting next_dagrun for example_weekday_branch_operator to 2024-03-02 00:00:00+00:00, run_after=2024-03-03 00:00:00+00:00
[2024-03-03T08:16:59.571+0000] {processor.py:183} INFO - Processing /home/airflow/.local/lib/python3.11/site-packages/airflow/example_dags/example_branch_day_of_week_operator.py took 0.076 seconds
[2024-03-03T08:17:30.019+0000] {processor.py:161} INFO - Started process (PID=901) to work on /home/airflow/.local/lib/python3.11/site-packages/airflow/example_dags/example_branch_day_of_week_operator.py
[2024-03-03T08:17:30.019+0000] {processor.py:830} INFO - Processing file /home/airflow/.local/lib/python3.11/site-packages/airflow/example_dags/example_branch_day_of_week_operator.py for tasks to queue
[2024-03-03T08:17:30.022+0000] {logging_mixin.py:188} INFO - [2024-03-03T08:17:30.021+0000] {dagbag.py:540} INFO - Filling up the DagBag from /home/airflow/.local/lib/python3.11/site-packages/airflow/example_dags/example_branch_day_of_week_operator.py
[2024-03-03T08:17:30.029+0000] {processor.py:840} INFO - DAG(s) 'example_weekday_branch_operator' retrieved from /home/airflow/.local/lib/python3.11/site-packages/airflow/example_dags/example_branch_day_of_week_operator.py
[2024-03-03T08:17:30.051+0000] {logging_mixin.py:188} INFO - [2024-03-03T08:17:30.051+0000] {dag.py:3047} INFO - Sync 1 DAGs
[2024-03-03T08:17:30.072+0000] {logging_mixin.py:188} INFO - [2024-03-03T08:17:30.072+0000] {dag.py:3834} INFO - Setting next_dagrun for example_weekday_branch_operator to 2024-03-02 00:00:00+00:00, run_after=2024-03-03 00:00:00+00:00
[2024-03-03T08:17:30.090+0000] {processor.py:183} INFO - Processing /home/airflow/.local/lib/python3.11/site-packages/airflow/example_dags/example_branch_day_of_week_operator.py took 0.075 seconds
[2024-03-03T08:18:00.398+0000] {processor.py:161} INFO - Started process (PID=956) to work on /home/airflow/.local/lib/python3.11/site-packages/airflow/example_dags/example_branch_day_of_week_operator.py
[2024-03-03T08:18:00.399+0000] {processor.py:830} INFO - Processing file /home/airflow/.local/lib/python3.11/site-packages/airflow/example_dags/example_branch_day_of_week_operator.py for tasks to queue
[2024-03-03T08:18:00.400+0000] {logging_mixin.py:188} INFO - [2024-03-03T08:18:00.400+0000] {dagbag.py:540} INFO - Filling up the DagBag from /home/airflow/.local/lib/python3.11/site-packages/airflow/example_dags/example_branch_day_of_week_operator.py
[2024-03-03T08:18:00.407+0000] {processor.py:840} INFO - DAG(s) 'example_weekday_branch_operator' retrieved from /home/airflow/.local/lib/python3.11/site-packages/airflow/example_dags/example_branch_day_of_week_operator.py
[2024-03-03T08:18:00.429+0000] {logging_mixin.py:188} INFO - [2024-03-03T08:18:00.429+0000] {dag.py:3047} INFO - Sync 1 DAGs
[2024-03-03T08:18:00.451+0000] {logging_mixin.py:188} INFO - [2024-03-03T08:18:00.451+0000] {dag.py:3834} INFO - Setting next_dagrun for example_weekday_branch_operator to 2024-03-02 00:00:00+00:00, run_after=2024-03-03 00:00:00+00:00
[2024-03-03T08:18:00.467+0000] {processor.py:183} INFO - Processing /home/airflow/.local/lib/python3.11/site-packages/airflow/example_dags/example_branch_day_of_week_operator.py took 0.073 seconds
