[2024-03-03T08:09:50.877+0000] {processor.py:161} INFO - Started process (PID=56) to work on /home/airflow/.local/lib/python3.11/site-packages/airflow/example_dags/example_task_group.py
[2024-03-03T08:09:50.878+0000] {processor.py:830} INFO - Processing file /home/airflow/.local/lib/python3.11/site-packages/airflow/example_dags/example_task_group.py for tasks to queue
[2024-03-03T08:09:50.880+0000] {logging_mixin.py:188} INFO - [2024-03-03T08:09:50.880+0000] {dagbag.py:540} INFO - Filling up the DagBag from /home/airflow/.local/lib/python3.11/site-packages/airflow/example_dags/example_task_group.py
[2024-03-03T08:09:50.891+0000] {processor.py:840} INFO - DAG(s) 'example_task_group' retrieved from /home/airflow/.local/lib/python3.11/site-packages/airflow/example_dags/example_task_group.py
[2024-03-03T08:09:51.013+0000] {logging_mixin.py:188} INFO - [2024-03-03T08:09:51.012+0000] {override.py:1769} INFO - Created Permission View: can edit on DAG:example_task_group
[2024-03-03T08:09:51.023+0000] {logging_mixin.py:188} INFO - [2024-03-03T08:09:51.022+0000] {override.py:1769} INFO - Created Permission View: can read on DAG:example_task_group
[2024-03-03T08:09:51.030+0000] {logging_mixin.py:188} INFO - [2024-03-03T08:09:51.030+0000] {override.py:1769} INFO - Created Permission View: can delete on DAG:example_task_group
[2024-03-03T08:09:51.031+0000] {logging_mixin.py:188} INFO - [2024-03-03T08:09:51.031+0000] {dag.py:3047} INFO - Sync 1 DAGs
[2024-03-03T08:09:51.043+0000] {logging_mixin.py:188} INFO - [2024-03-03T08:09:51.043+0000] {dag.py:3069} INFO - Creating ORM DAG for example_task_group
[2024-03-03T08:09:51.053+0000] {logging_mixin.py:188} INFO - [2024-03-03T08:09:51.053+0000] {dag.py:3834} INFO - Setting next_dagrun for example_task_group to 2024-03-02 00:00:00+00:00, run_after=2024-03-03 00:00:00+00:00
[2024-03-03T08:09:51.072+0000] {processor.py:183} INFO - Processing /home/airflow/.local/lib/python3.11/site-packages/airflow/example_dags/example_task_group.py took 0.199 seconds
[2024-03-03T08:10:21.418+0000] {processor.py:161} INFO - Started process (PID=111) to work on /home/airflow/.local/lib/python3.11/site-packages/airflow/example_dags/example_task_group.py
[2024-03-03T08:10:21.419+0000] {processor.py:830} INFO - Processing file /home/airflow/.local/lib/python3.11/site-packages/airflow/example_dags/example_task_group.py for tasks to queue
[2024-03-03T08:10:21.421+0000] {logging_mixin.py:188} INFO - [2024-03-03T08:10:21.420+0000] {dagbag.py:540} INFO - Filling up the DagBag from /home/airflow/.local/lib/python3.11/site-packages/airflow/example_dags/example_task_group.py
[2024-03-03T08:10:21.430+0000] {processor.py:840} INFO - DAG(s) 'example_task_group' retrieved from /home/airflow/.local/lib/python3.11/site-packages/airflow/example_dags/example_task_group.py
[2024-03-03T08:10:21.447+0000] {logging_mixin.py:188} INFO - [2024-03-03T08:10:21.447+0000] {dag.py:3047} INFO - Sync 1 DAGs
[2024-03-03T08:10:21.467+0000] {logging_mixin.py:188} INFO - [2024-03-03T08:10:21.466+0000] {dag.py:3834} INFO - Setting next_dagrun for example_task_group to 2024-03-02 00:00:00+00:00, run_after=2024-03-03 00:00:00+00:00
[2024-03-03T08:10:21.481+0000] {processor.py:183} INFO - Processing /home/airflow/.local/lib/python3.11/site-packages/airflow/example_dags/example_task_group.py took 0.067 seconds
[2024-03-03T08:10:51.852+0000] {processor.py:161} INFO - Started process (PID=166) to work on /home/airflow/.local/lib/python3.11/site-packages/airflow/example_dags/example_task_group.py
[2024-03-03T08:10:51.853+0000] {processor.py:830} INFO - Processing file /home/airflow/.local/lib/python3.11/site-packages/airflow/example_dags/example_task_group.py for tasks to queue
[2024-03-03T08:10:51.856+0000] {logging_mixin.py:188} INFO - [2024-03-03T08:10:51.855+0000] {dagbag.py:540} INFO - Filling up the DagBag from /home/airflow/.local/lib/python3.11/site-packages/airflow/example_dags/example_task_group.py
[2024-03-03T08:10:51.866+0000] {processor.py:840} INFO - DAG(s) 'example_task_group' retrieved from /home/airflow/.local/lib/python3.11/site-packages/airflow/example_dags/example_task_group.py
[2024-03-03T08:10:51.891+0000] {logging_mixin.py:188} INFO - [2024-03-03T08:10:51.891+0000] {dag.py:3047} INFO - Sync 1 DAGs
[2024-03-03T08:10:51.913+0000] {logging_mixin.py:188} INFO - [2024-03-03T08:10:51.913+0000] {dag.py:3834} INFO - Setting next_dagrun for example_task_group to 2024-03-02 00:00:00+00:00, run_after=2024-03-03 00:00:00+00:00
[2024-03-03T08:10:51.932+0000] {processor.py:183} INFO - Processing /home/airflow/.local/lib/python3.11/site-packages/airflow/example_dags/example_task_group.py took 0.084 seconds
[2024-03-03T08:11:22.375+0000] {processor.py:161} INFO - Started process (PID=221) to work on /home/airflow/.local/lib/python3.11/site-packages/airflow/example_dags/example_task_group.py
[2024-03-03T08:11:22.377+0000] {processor.py:830} INFO - Processing file /home/airflow/.local/lib/python3.11/site-packages/airflow/example_dags/example_task_group.py for tasks to queue
[2024-03-03T08:11:22.379+0000] {logging_mixin.py:188} INFO - [2024-03-03T08:11:22.379+0000] {dagbag.py:540} INFO - Filling up the DagBag from /home/airflow/.local/lib/python3.11/site-packages/airflow/example_dags/example_task_group.py
[2024-03-03T08:11:22.387+0000] {processor.py:840} INFO - DAG(s) 'example_task_group' retrieved from /home/airflow/.local/lib/python3.11/site-packages/airflow/example_dags/example_task_group.py
[2024-03-03T08:11:22.408+0000] {logging_mixin.py:188} INFO - [2024-03-03T08:11:22.408+0000] {dag.py:3047} INFO - Sync 1 DAGs
[2024-03-03T08:11:22.431+0000] {logging_mixin.py:188} INFO - [2024-03-03T08:11:22.431+0000] {dag.py:3834} INFO - Setting next_dagrun for example_task_group to 2024-03-02 00:00:00+00:00, run_after=2024-03-03 00:00:00+00:00
[2024-03-03T08:11:22.451+0000] {processor.py:183} INFO - Processing /home/airflow/.local/lib/python3.11/site-packages/airflow/example_dags/example_task_group.py took 0.080 seconds
[2024-03-03T08:11:53.020+0000] {processor.py:161} INFO - Started process (PID=276) to work on /home/airflow/.local/lib/python3.11/site-packages/airflow/example_dags/example_task_group.py
[2024-03-03T08:11:53.021+0000] {processor.py:830} INFO - Processing file /home/airflow/.local/lib/python3.11/site-packages/airflow/example_dags/example_task_group.py for tasks to queue
[2024-03-03T08:11:53.023+0000] {logging_mixin.py:188} INFO - [2024-03-03T08:11:53.023+0000] {dagbag.py:540} INFO - Filling up the DagBag from /home/airflow/.local/lib/python3.11/site-packages/airflow/example_dags/example_task_group.py
[2024-03-03T08:11:53.030+0000] {processor.py:840} INFO - DAG(s) 'example_task_group' retrieved from /home/airflow/.local/lib/python3.11/site-packages/airflow/example_dags/example_task_group.py
[2024-03-03T08:11:53.048+0000] {logging_mixin.py:188} INFO - [2024-03-03T08:11:53.048+0000] {dag.py:3047} INFO - Sync 1 DAGs
[2024-03-03T08:11:53.072+0000] {logging_mixin.py:188} INFO - [2024-03-03T08:11:53.072+0000] {dag.py:3834} INFO - Setting next_dagrun for example_task_group to 2024-03-02 00:00:00+00:00, run_after=2024-03-03 00:00:00+00:00
[2024-03-03T08:11:53.087+0000] {processor.py:183} INFO - Processing /home/airflow/.local/lib/python3.11/site-packages/airflow/example_dags/example_task_group.py took 0.070 seconds
[2024-03-03T08:12:23.547+0000] {processor.py:161} INFO - Started process (PID=331) to work on /home/airflow/.local/lib/python3.11/site-packages/airflow/example_dags/example_task_group.py
[2024-03-03T08:12:23.548+0000] {processor.py:830} INFO - Processing file /home/airflow/.local/lib/python3.11/site-packages/airflow/example_dags/example_task_group.py for tasks to queue
[2024-03-03T08:12:23.551+0000] {logging_mixin.py:188} INFO - [2024-03-03T08:12:23.550+0000] {dagbag.py:540} INFO - Filling up the DagBag from /home/airflow/.local/lib/python3.11/site-packages/airflow/example_dags/example_task_group.py
[2024-03-03T08:12:23.561+0000] {processor.py:840} INFO - DAG(s) 'example_task_group' retrieved from /home/airflow/.local/lib/python3.11/site-packages/airflow/example_dags/example_task_group.py
[2024-03-03T08:12:23.583+0000] {logging_mixin.py:188} INFO - [2024-03-03T08:12:23.583+0000] {dag.py:3047} INFO - Sync 1 DAGs
[2024-03-03T08:12:23.604+0000] {logging_mixin.py:188} INFO - [2024-03-03T08:12:23.604+0000] {dag.py:3834} INFO - Setting next_dagrun for example_task_group to 2024-03-02 00:00:00+00:00, run_after=2024-03-03 00:00:00+00:00
[2024-03-03T08:12:23.623+0000] {processor.py:183} INFO - Processing /home/airflow/.local/lib/python3.11/site-packages/airflow/example_dags/example_task_group.py took 0.081 seconds
[2024-03-03T08:12:54.122+0000] {processor.py:161} INFO - Started process (PID=386) to work on /home/airflow/.local/lib/python3.11/site-packages/airflow/example_dags/example_task_group.py
[2024-03-03T08:12:54.124+0000] {processor.py:830} INFO - Processing file /home/airflow/.local/lib/python3.11/site-packages/airflow/example_dags/example_task_group.py for tasks to queue
[2024-03-03T08:12:54.126+0000] {logging_mixin.py:188} INFO - [2024-03-03T08:12:54.125+0000] {dagbag.py:540} INFO - Filling up the DagBag from /home/airflow/.local/lib/python3.11/site-packages/airflow/example_dags/example_task_group.py
[2024-03-03T08:12:54.133+0000] {processor.py:840} INFO - DAG(s) 'example_task_group' retrieved from /home/airflow/.local/lib/python3.11/site-packages/airflow/example_dags/example_task_group.py
[2024-03-03T08:12:54.153+0000] {logging_mixin.py:188} INFO - [2024-03-03T08:12:54.153+0000] {dag.py:3047} INFO - Sync 1 DAGs
[2024-03-03T08:12:54.174+0000] {logging_mixin.py:188} INFO - [2024-03-03T08:12:54.174+0000] {dag.py:3834} INFO - Setting next_dagrun for example_task_group to 2024-03-02 00:00:00+00:00, run_after=2024-03-03 00:00:00+00:00
[2024-03-03T08:12:54.190+0000] {processor.py:183} INFO - Processing /home/airflow/.local/lib/python3.11/site-packages/airflow/example_dags/example_task_group.py took 0.070 seconds
[2024-03-03T08:13:24.607+0000] {processor.py:161} INFO - Started process (PID=441) to work on /home/airflow/.local/lib/python3.11/site-packages/airflow/example_dags/example_task_group.py
[2024-03-03T08:13:24.608+0000] {processor.py:830} INFO - Processing file /home/airflow/.local/lib/python3.11/site-packages/airflow/example_dags/example_task_group.py for tasks to queue
[2024-03-03T08:13:24.611+0000] {logging_mixin.py:188} INFO - [2024-03-03T08:13:24.610+0000] {dagbag.py:540} INFO - Filling up the DagBag from /home/airflow/.local/lib/python3.11/site-packages/airflow/example_dags/example_task_group.py
[2024-03-03T08:13:24.620+0000] {processor.py:840} INFO - DAG(s) 'example_task_group' retrieved from /home/airflow/.local/lib/python3.11/site-packages/airflow/example_dags/example_task_group.py
[2024-03-03T08:13:24.644+0000] {logging_mixin.py:188} INFO - [2024-03-03T08:13:24.644+0000] {dag.py:3047} INFO - Sync 1 DAGs
[2024-03-03T08:13:24.668+0000] {logging_mixin.py:188} INFO - [2024-03-03T08:13:24.668+0000] {dag.py:3834} INFO - Setting next_dagrun for example_task_group to 2024-03-02 00:00:00+00:00, run_after=2024-03-03 00:00:00+00:00
[2024-03-03T08:13:24.687+0000] {processor.py:183} INFO - Processing /home/airflow/.local/lib/python3.11/site-packages/airflow/example_dags/example_task_group.py took 0.084 seconds
[2024-03-03T08:13:55.382+0000] {processor.py:161} INFO - Started process (PID=496) to work on /home/airflow/.local/lib/python3.11/site-packages/airflow/example_dags/example_task_group.py
[2024-03-03T08:13:55.384+0000] {processor.py:830} INFO - Processing file /home/airflow/.local/lib/python3.11/site-packages/airflow/example_dags/example_task_group.py for tasks to queue
[2024-03-03T08:13:55.386+0000] {logging_mixin.py:188} INFO - [2024-03-03T08:13:55.386+0000] {dagbag.py:540} INFO - Filling up the DagBag from /home/airflow/.local/lib/python3.11/site-packages/airflow/example_dags/example_task_group.py
[2024-03-03T08:13:55.396+0000] {processor.py:840} INFO - DAG(s) 'example_task_group' retrieved from /home/airflow/.local/lib/python3.11/site-packages/airflow/example_dags/example_task_group.py
[2024-03-03T08:13:55.420+0000] {logging_mixin.py:188} INFO - [2024-03-03T08:13:55.420+0000] {dag.py:3047} INFO - Sync 1 DAGs
[2024-03-03T08:13:55.448+0000] {logging_mixin.py:188} INFO - [2024-03-03T08:13:55.448+0000] {dag.py:3834} INFO - Setting next_dagrun for example_task_group to 2024-03-02 00:00:00+00:00, run_after=2024-03-03 00:00:00+00:00
[2024-03-03T08:13:55.469+0000] {processor.py:183} INFO - Processing /home/airflow/.local/lib/python3.11/site-packages/airflow/example_dags/example_task_group.py took 0.089 seconds
[2024-03-03T08:14:25.541+0000] {processor.py:161} INFO - Started process (PID=559) to work on /home/airflow/.local/lib/python3.11/site-packages/airflow/example_dags/example_task_group.py
[2024-03-03T08:14:25.542+0000] {processor.py:830} INFO - Processing file /home/airflow/.local/lib/python3.11/site-packages/airflow/example_dags/example_task_group.py for tasks to queue
[2024-03-03T08:14:25.544+0000] {logging_mixin.py:188} INFO - [2024-03-03T08:14:25.544+0000] {dagbag.py:540} INFO - Filling up the DagBag from /home/airflow/.local/lib/python3.11/site-packages/airflow/example_dags/example_task_group.py
[2024-03-03T08:14:25.551+0000] {processor.py:840} INFO - DAG(s) 'example_task_group' retrieved from /home/airflow/.local/lib/python3.11/site-packages/airflow/example_dags/example_task_group.py
[2024-03-03T08:14:25.571+0000] {logging_mixin.py:188} INFO - [2024-03-03T08:14:25.571+0000] {dag.py:3047} INFO - Sync 1 DAGs
[2024-03-03T08:14:25.593+0000] {logging_mixin.py:188} INFO - [2024-03-03T08:14:25.593+0000] {dag.py:3834} INFO - Setting next_dagrun for example_task_group to 2024-03-02 00:00:00+00:00, run_after=2024-03-03 00:00:00+00:00
[2024-03-03T08:14:25.610+0000] {processor.py:183} INFO - Processing /home/airflow/.local/lib/python3.11/site-packages/airflow/example_dags/example_task_group.py took 0.072 seconds
[2024-03-03T08:14:56.180+0000] {processor.py:161} INFO - Started process (PID=615) to work on /home/airflow/.local/lib/python3.11/site-packages/airflow/example_dags/example_task_group.py
[2024-03-03T08:14:56.181+0000] {processor.py:830} INFO - Processing file /home/airflow/.local/lib/python3.11/site-packages/airflow/example_dags/example_task_group.py for tasks to queue
[2024-03-03T08:14:56.183+0000] {logging_mixin.py:188} INFO - [2024-03-03T08:14:56.182+0000] {dagbag.py:540} INFO - Filling up the DagBag from /home/airflow/.local/lib/python3.11/site-packages/airflow/example_dags/example_task_group.py
[2024-03-03T08:14:56.191+0000] {processor.py:840} INFO - DAG(s) 'example_task_group' retrieved from /home/airflow/.local/lib/python3.11/site-packages/airflow/example_dags/example_task_group.py
[2024-03-03T08:14:56.211+0000] {logging_mixin.py:188} INFO - [2024-03-03T08:14:56.211+0000] {dag.py:3047} INFO - Sync 1 DAGs
[2024-03-03T08:14:56.233+0000] {logging_mixin.py:188} INFO - [2024-03-03T08:14:56.233+0000] {dag.py:3834} INFO - Setting next_dagrun for example_task_group to 2024-03-02 00:00:00+00:00, run_after=2024-03-03 00:00:00+00:00
[2024-03-03T08:14:56.250+0000] {processor.py:183} INFO - Processing /home/airflow/.local/lib/python3.11/site-packages/airflow/example_dags/example_task_group.py took 0.073 seconds
[2024-03-03T08:15:27.043+0000] {processor.py:161} INFO - Started process (PID=671) to work on /home/airflow/.local/lib/python3.11/site-packages/airflow/example_dags/example_task_group.py
[2024-03-03T08:15:27.044+0000] {processor.py:830} INFO - Processing file /home/airflow/.local/lib/python3.11/site-packages/airflow/example_dags/example_task_group.py for tasks to queue
[2024-03-03T08:15:27.047+0000] {logging_mixin.py:188} INFO - [2024-03-03T08:15:27.046+0000] {dagbag.py:540} INFO - Filling up the DagBag from /home/airflow/.local/lib/python3.11/site-packages/airflow/example_dags/example_task_group.py
[2024-03-03T08:15:27.055+0000] {processor.py:840} INFO - DAG(s) 'example_task_group' retrieved from /home/airflow/.local/lib/python3.11/site-packages/airflow/example_dags/example_task_group.py
[2024-03-03T08:15:27.073+0000] {logging_mixin.py:188} INFO - [2024-03-03T08:15:27.073+0000] {dag.py:3047} INFO - Sync 1 DAGs
[2024-03-03T08:15:27.092+0000] {logging_mixin.py:188} INFO - [2024-03-03T08:15:27.092+0000] {dag.py:3834} INFO - Setting next_dagrun for example_task_group to 2024-03-02 00:00:00+00:00, run_after=2024-03-03 00:00:00+00:00
[2024-03-03T08:15:27.110+0000] {processor.py:183} INFO - Processing /home/airflow/.local/lib/python3.11/site-packages/airflow/example_dags/example_task_group.py took 0.070 seconds
[2024-03-03T08:15:57.899+0000] {processor.py:161} INFO - Started process (PID=727) to work on /home/airflow/.local/lib/python3.11/site-packages/airflow/example_dags/example_task_group.py
[2024-03-03T08:15:57.901+0000] {processor.py:830} INFO - Processing file /home/airflow/.local/lib/python3.11/site-packages/airflow/example_dags/example_task_group.py for tasks to queue
[2024-03-03T08:15:57.903+0000] {logging_mixin.py:188} INFO - [2024-03-03T08:15:57.903+0000] {dagbag.py:540} INFO - Filling up the DagBag from /home/airflow/.local/lib/python3.11/site-packages/airflow/example_dags/example_task_group.py
[2024-03-03T08:15:57.913+0000] {processor.py:840} INFO - DAG(s) 'example_task_group' retrieved from /home/airflow/.local/lib/python3.11/site-packages/airflow/example_dags/example_task_group.py
[2024-03-03T08:15:57.935+0000] {logging_mixin.py:188} INFO - [2024-03-03T08:15:57.934+0000] {dag.py:3047} INFO - Sync 1 DAGs
[2024-03-03T08:15:57.956+0000] {logging_mixin.py:188} INFO - [2024-03-03T08:15:57.956+0000] {dag.py:3834} INFO - Setting next_dagrun for example_task_group to 2024-03-02 00:00:00+00:00, run_after=2024-03-03 00:00:00+00:00
[2024-03-03T08:15:57.977+0000] {processor.py:183} INFO - Processing /home/airflow/.local/lib/python3.11/site-packages/airflow/example_dags/example_task_group.py took 0.081 seconds
[2024-03-03T08:16:28.444+0000] {processor.py:161} INFO - Started process (PID=783) to work on /home/airflow/.local/lib/python3.11/site-packages/airflow/example_dags/example_task_group.py
[2024-03-03T08:16:28.445+0000] {processor.py:830} INFO - Processing file /home/airflow/.local/lib/python3.11/site-packages/airflow/example_dags/example_task_group.py for tasks to queue
[2024-03-03T08:16:28.448+0000] {logging_mixin.py:188} INFO - [2024-03-03T08:16:28.447+0000] {dagbag.py:540} INFO - Filling up the DagBag from /home/airflow/.local/lib/python3.11/site-packages/airflow/example_dags/example_task_group.py
[2024-03-03T08:16:28.457+0000] {processor.py:840} INFO - DAG(s) 'example_task_group' retrieved from /home/airflow/.local/lib/python3.11/site-packages/airflow/example_dags/example_task_group.py
[2024-03-03T08:16:28.476+0000] {logging_mixin.py:188} INFO - [2024-03-03T08:16:28.476+0000] {dag.py:3047} INFO - Sync 1 DAGs
[2024-03-03T08:16:28.496+0000] {logging_mixin.py:188} INFO - [2024-03-03T08:16:28.496+0000] {dag.py:3834} INFO - Setting next_dagrun for example_task_group to 2024-03-02 00:00:00+00:00, run_after=2024-03-03 00:00:00+00:00
[2024-03-03T08:16:28.515+0000] {processor.py:183} INFO - Processing /home/airflow/.local/lib/python3.11/site-packages/airflow/example_dags/example_task_group.py took 0.074 seconds
[2024-03-03T08:16:59.224+0000] {processor.py:161} INFO - Started process (PID=839) to work on /home/airflow/.local/lib/python3.11/site-packages/airflow/example_dags/example_task_group.py
[2024-03-03T08:16:59.225+0000] {processor.py:830} INFO - Processing file /home/airflow/.local/lib/python3.11/site-packages/airflow/example_dags/example_task_group.py for tasks to queue
[2024-03-03T08:16:59.228+0000] {logging_mixin.py:188} INFO - [2024-03-03T08:16:59.227+0000] {dagbag.py:540} INFO - Filling up the DagBag from /home/airflow/.local/lib/python3.11/site-packages/airflow/example_dags/example_task_group.py
[2024-03-03T08:16:59.235+0000] {processor.py:840} INFO - DAG(s) 'example_task_group' retrieved from /home/airflow/.local/lib/python3.11/site-packages/airflow/example_dags/example_task_group.py
[2024-03-03T08:16:59.253+0000] {logging_mixin.py:188} INFO - [2024-03-03T08:16:59.253+0000] {dag.py:3047} INFO - Sync 1 DAGs
[2024-03-03T08:16:59.275+0000] {logging_mixin.py:188} INFO - [2024-03-03T08:16:59.275+0000] {dag.py:3834} INFO - Setting next_dagrun for example_task_group to 2024-03-02 00:00:00+00:00, run_after=2024-03-03 00:00:00+00:00
[2024-03-03T08:16:59.290+0000] {processor.py:183} INFO - Processing /home/airflow/.local/lib/python3.11/site-packages/airflow/example_dags/example_task_group.py took 0.070 seconds
[2024-03-03T08:17:29.735+0000] {processor.py:161} INFO - Started process (PID=895) to work on /home/airflow/.local/lib/python3.11/site-packages/airflow/example_dags/example_task_group.py
[2024-03-03T08:17:29.736+0000] {processor.py:830} INFO - Processing file /home/airflow/.local/lib/python3.11/site-packages/airflow/example_dags/example_task_group.py for tasks to queue
[2024-03-03T08:17:29.739+0000] {logging_mixin.py:188} INFO - [2024-03-03T08:17:29.738+0000] {dagbag.py:540} INFO - Filling up the DagBag from /home/airflow/.local/lib/python3.11/site-packages/airflow/example_dags/example_task_group.py
[2024-03-03T08:17:29.749+0000] {processor.py:840} INFO - DAG(s) 'example_task_group' retrieved from /home/airflow/.local/lib/python3.11/site-packages/airflow/example_dags/example_task_group.py
[2024-03-03T08:17:29.771+0000] {logging_mixin.py:188} INFO - [2024-03-03T08:17:29.770+0000] {dag.py:3047} INFO - Sync 1 DAGs
[2024-03-03T08:17:29.796+0000] {logging_mixin.py:188} INFO - [2024-03-03T08:17:29.796+0000] {dag.py:3834} INFO - Setting next_dagrun for example_task_group to 2024-03-02 00:00:00+00:00, run_after=2024-03-03 00:00:00+00:00
[2024-03-03T08:17:29.814+0000] {processor.py:183} INFO - Processing /home/airflow/.local/lib/python3.11/site-packages/airflow/example_dags/example_task_group.py took 0.081 seconds
[2024-03-03T08:18:00.098+0000] {processor.py:161} INFO - Started process (PID=950) to work on /home/airflow/.local/lib/python3.11/site-packages/airflow/example_dags/example_task_group.py
[2024-03-03T08:18:00.099+0000] {processor.py:830} INFO - Processing file /home/airflow/.local/lib/python3.11/site-packages/airflow/example_dags/example_task_group.py for tasks to queue
[2024-03-03T08:18:00.100+0000] {logging_mixin.py:188} INFO - [2024-03-03T08:18:00.100+0000] {dagbag.py:540} INFO - Filling up the DagBag from /home/airflow/.local/lib/python3.11/site-packages/airflow/example_dags/example_task_group.py
[2024-03-03T08:18:00.111+0000] {processor.py:840} INFO - DAG(s) 'example_task_group' retrieved from /home/airflow/.local/lib/python3.11/site-packages/airflow/example_dags/example_task_group.py
[2024-03-03T08:18:00.129+0000] {logging_mixin.py:188} INFO - [2024-03-03T08:18:00.129+0000] {dag.py:3047} INFO - Sync 1 DAGs
[2024-03-03T08:18:00.147+0000] {logging_mixin.py:188} INFO - [2024-03-03T08:18:00.147+0000] {dag.py:3834} INFO - Setting next_dagrun for example_task_group to 2024-03-02 00:00:00+00:00, run_after=2024-03-03 00:00:00+00:00
[2024-03-03T08:18:00.162+0000] {processor.py:183} INFO - Processing /home/airflow/.local/lib/python3.11/site-packages/airflow/example_dags/example_task_group.py took 0.068 seconds
