[2024-03-03T08:09:50.589+0000] {processor.py:161} INFO - Started process (PID=54) to work on /home/airflow/.local/lib/python3.11/site-packages/airflow/example_dags/example_sla_dag.py
[2024-03-03T08:09:50.597+0000] {processor.py:830} INFO - Processing file /home/airflow/.local/lib/python3.11/site-packages/airflow/example_dags/example_sla_dag.py for tasks to queue
[2024-03-03T08:09:50.600+0000] {logging_mixin.py:188} INFO - [2024-03-03T08:09:50.600+0000] {dagbag.py:540} INFO - Filling up the DagBag from /home/airflow/.local/lib/python3.11/site-packages/airflow/example_dags/example_sla_dag.py
[2024-03-03T08:09:50.631+0000] {processor.py:840} INFO - DAG(s) 'example_sla_dag' retrieved from /home/airflow/.local/lib/python3.11/site-packages/airflow/example_dags/example_sla_dag.py
[2024-03-03T08:09:50.767+0000] {logging_mixin.py:188} INFO - [2024-03-03T08:09:50.767+0000] {override.py:1769} INFO - Created Permission View: can edit on DAG:example_sla_dag
[2024-03-03T08:09:50.785+0000] {logging_mixin.py:188} INFO - [2024-03-03T08:09:50.785+0000] {override.py:1769} INFO - Created Permission View: can read on DAG:example_sla_dag
[2024-03-03T08:09:50.807+0000] {logging_mixin.py:188} INFO - [2024-03-03T08:09:50.806+0000] {override.py:1769} INFO - Created Permission View: can delete on DAG:example_sla_dag
[2024-03-03T08:09:50.807+0000] {logging_mixin.py:188} INFO - [2024-03-03T08:09:50.807+0000] {dag.py:3047} INFO - Sync 1 DAGs
[2024-03-03T08:09:50.821+0000] {logging_mixin.py:188} INFO - [2024-03-03T08:09:50.821+0000] {dag.py:3069} INFO - Creating ORM DAG for example_sla_dag
[2024-03-03T08:09:50.838+0000] {logging_mixin.py:188} INFO - [2024-03-03T08:09:50.838+0000] {dag.py:3834} INFO - Setting next_dagrun for example_sla_dag to 2024-03-03 08:06:00+00:00, run_after=2024-03-03 08:08:00+00:00
[2024-03-03T08:09:50.856+0000] {processor.py:183} INFO - Processing /home/airflow/.local/lib/python3.11/site-packages/airflow/example_dags/example_sla_dag.py took 0.271 seconds
[2024-03-03T08:10:21.329+0000] {processor.py:161} INFO - Started process (PID=109) to work on /home/airflow/.local/lib/python3.11/site-packages/airflow/example_dags/example_sla_dag.py
[2024-03-03T08:10:21.330+0000] {processor.py:830} INFO - Processing file /home/airflow/.local/lib/python3.11/site-packages/airflow/example_dags/example_sla_dag.py for tasks to queue
[2024-03-03T08:10:21.332+0000] {logging_mixin.py:188} INFO - [2024-03-03T08:10:21.332+0000] {dagbag.py:540} INFO - Filling up the DagBag from /home/airflow/.local/lib/python3.11/site-packages/airflow/example_dags/example_sla_dag.py
[2024-03-03T08:10:21.340+0000] {processor.py:840} INFO - DAG(s) 'example_sla_dag' retrieved from /home/airflow/.local/lib/python3.11/site-packages/airflow/example_dags/example_sla_dag.py
[2024-03-03T08:10:21.356+0000] {logging_mixin.py:188} INFO - [2024-03-03T08:10:21.356+0000] {dag.py:3047} INFO - Sync 1 DAGs
[2024-03-03T08:10:21.381+0000] {logging_mixin.py:188} INFO - [2024-03-03T08:10:21.380+0000] {dag.py:3834} INFO - Setting next_dagrun for example_sla_dag to 2024-03-03 08:08:00+00:00, run_after=2024-03-03 08:10:00+00:00
[2024-03-03T08:10:21.398+0000] {processor.py:183} INFO - Processing /home/airflow/.local/lib/python3.11/site-packages/airflow/example_dags/example_sla_dag.py took 0.073 seconds
[2024-03-03T08:10:51.765+0000] {processor.py:161} INFO - Started process (PID=164) to work on /home/airflow/.local/lib/python3.11/site-packages/airflow/example_dags/example_sla_dag.py
[2024-03-03T08:10:51.766+0000] {processor.py:830} INFO - Processing file /home/airflow/.local/lib/python3.11/site-packages/airflow/example_dags/example_sla_dag.py for tasks to queue
[2024-03-03T08:10:51.769+0000] {logging_mixin.py:188} INFO - [2024-03-03T08:10:51.768+0000] {dagbag.py:540} INFO - Filling up the DagBag from /home/airflow/.local/lib/python3.11/site-packages/airflow/example_dags/example_sla_dag.py
[2024-03-03T08:10:51.779+0000] {processor.py:840} INFO - DAG(s) 'example_sla_dag' retrieved from /home/airflow/.local/lib/python3.11/site-packages/airflow/example_dags/example_sla_dag.py
[2024-03-03T08:10:51.796+0000] {logging_mixin.py:188} INFO - [2024-03-03T08:10:51.795+0000] {dag.py:3047} INFO - Sync 1 DAGs
[2024-03-03T08:10:51.817+0000] {logging_mixin.py:188} INFO - [2024-03-03T08:10:51.816+0000] {dag.py:3834} INFO - Setting next_dagrun for example_sla_dag to 2024-03-03 08:08:00+00:00, run_after=2024-03-03 08:10:00+00:00
[2024-03-03T08:10:51.832+0000] {processor.py:183} INFO - Processing /home/airflow/.local/lib/python3.11/site-packages/airflow/example_dags/example_sla_dag.py took 0.069 seconds
[2024-03-03T08:11:22.266+0000] {processor.py:161} INFO - Started process (PID=219) to work on /home/airflow/.local/lib/python3.11/site-packages/airflow/example_dags/example_sla_dag.py
[2024-03-03T08:11:22.267+0000] {processor.py:830} INFO - Processing file /home/airflow/.local/lib/python3.11/site-packages/airflow/example_dags/example_sla_dag.py for tasks to queue
[2024-03-03T08:11:22.269+0000] {logging_mixin.py:188} INFO - [2024-03-03T08:11:22.269+0000] {dagbag.py:540} INFO - Filling up the DagBag from /home/airflow/.local/lib/python3.11/site-packages/airflow/example_dags/example_sla_dag.py
[2024-03-03T08:11:22.279+0000] {processor.py:840} INFO - DAG(s) 'example_sla_dag' retrieved from /home/airflow/.local/lib/python3.11/site-packages/airflow/example_dags/example_sla_dag.py
[2024-03-03T08:11:22.301+0000] {logging_mixin.py:188} INFO - [2024-03-03T08:11:22.301+0000] {dag.py:3047} INFO - Sync 1 DAGs
[2024-03-03T08:11:22.330+0000] {logging_mixin.py:188} INFO - [2024-03-03T08:11:22.330+0000] {dag.py:3834} INFO - Setting next_dagrun for example_sla_dag to 2024-03-03 08:08:00+00:00, run_after=2024-03-03 08:10:00+00:00
[2024-03-03T08:11:22.350+0000] {processor.py:183} INFO - Processing /home/airflow/.local/lib/python3.11/site-packages/airflow/example_dags/example_sla_dag.py took 0.087 seconds
[2024-03-03T08:11:52.915+0000] {processor.py:161} INFO - Started process (PID=274) to work on /home/airflow/.local/lib/python3.11/site-packages/airflow/example_dags/example_sla_dag.py
[2024-03-03T08:11:52.916+0000] {processor.py:830} INFO - Processing file /home/airflow/.local/lib/python3.11/site-packages/airflow/example_dags/example_sla_dag.py for tasks to queue
[2024-03-03T08:11:52.918+0000] {logging_mixin.py:188} INFO - [2024-03-03T08:11:52.917+0000] {dagbag.py:540} INFO - Filling up the DagBag from /home/airflow/.local/lib/python3.11/site-packages/airflow/example_dags/example_sla_dag.py
[2024-03-03T08:11:52.927+0000] {processor.py:840} INFO - DAG(s) 'example_sla_dag' retrieved from /home/airflow/.local/lib/python3.11/site-packages/airflow/example_dags/example_sla_dag.py
[2024-03-03T08:11:52.955+0000] {logging_mixin.py:188} INFO - [2024-03-03T08:11:52.955+0000] {dag.py:3047} INFO - Sync 1 DAGs
[2024-03-03T08:11:52.984+0000] {logging_mixin.py:188} INFO - [2024-03-03T08:11:52.984+0000] {dag.py:3834} INFO - Setting next_dagrun for example_sla_dag to 2024-03-03 08:08:00+00:00, run_after=2024-03-03 08:10:00+00:00
[2024-03-03T08:11:52.999+0000] {processor.py:183} INFO - Processing /home/airflow/.local/lib/python3.11/site-packages/airflow/example_dags/example_sla_dag.py took 0.088 seconds
[2024-03-03T08:12:23.453+0000] {processor.py:161} INFO - Started process (PID=329) to work on /home/airflow/.local/lib/python3.11/site-packages/airflow/example_dags/example_sla_dag.py
[2024-03-03T08:12:23.454+0000] {processor.py:830} INFO - Processing file /home/airflow/.local/lib/python3.11/site-packages/airflow/example_dags/example_sla_dag.py for tasks to queue
[2024-03-03T08:12:23.456+0000] {logging_mixin.py:188} INFO - [2024-03-03T08:12:23.455+0000] {dagbag.py:540} INFO - Filling up the DagBag from /home/airflow/.local/lib/python3.11/site-packages/airflow/example_dags/example_sla_dag.py
[2024-03-03T08:12:23.465+0000] {processor.py:840} INFO - DAG(s) 'example_sla_dag' retrieved from /home/airflow/.local/lib/python3.11/site-packages/airflow/example_dags/example_sla_dag.py
[2024-03-03T08:12:23.485+0000] {logging_mixin.py:188} INFO - [2024-03-03T08:12:23.485+0000] {dag.py:3047} INFO - Sync 1 DAGs
[2024-03-03T08:12:23.507+0000] {logging_mixin.py:188} INFO - [2024-03-03T08:12:23.507+0000] {dag.py:3834} INFO - Setting next_dagrun for example_sla_dag to 2024-03-03 08:10:00+00:00, run_after=2024-03-03 08:12:00+00:00
[2024-03-03T08:12:23.522+0000] {processor.py:183} INFO - Processing /home/airflow/.local/lib/python3.11/site-packages/airflow/example_dags/example_sla_dag.py took 0.072 seconds
[2024-03-03T08:12:54.025+0000] {processor.py:161} INFO - Started process (PID=384) to work on /home/airflow/.local/lib/python3.11/site-packages/airflow/example_dags/example_sla_dag.py
[2024-03-03T08:12:54.027+0000] {processor.py:830} INFO - Processing file /home/airflow/.local/lib/python3.11/site-packages/airflow/example_dags/example_sla_dag.py for tasks to queue
[2024-03-03T08:12:54.029+0000] {logging_mixin.py:188} INFO - [2024-03-03T08:12:54.029+0000] {dagbag.py:540} INFO - Filling up the DagBag from /home/airflow/.local/lib/python3.11/site-packages/airflow/example_dags/example_sla_dag.py
[2024-03-03T08:12:54.038+0000] {processor.py:840} INFO - DAG(s) 'example_sla_dag' retrieved from /home/airflow/.local/lib/python3.11/site-packages/airflow/example_dags/example_sla_dag.py
[2024-03-03T08:12:54.058+0000] {logging_mixin.py:188} INFO - [2024-03-03T08:12:54.057+0000] {dag.py:3047} INFO - Sync 1 DAGs
[2024-03-03T08:12:54.082+0000] {logging_mixin.py:188} INFO - [2024-03-03T08:12:54.082+0000] {dag.py:3834} INFO - Setting next_dagrun for example_sla_dag to 2024-03-03 08:10:00+00:00, run_after=2024-03-03 08:12:00+00:00
[2024-03-03T08:12:54.100+0000] {processor.py:183} INFO - Processing /home/airflow/.local/lib/python3.11/site-packages/airflow/example_dags/example_sla_dag.py took 0.078 seconds
[2024-03-03T08:13:24.510+0000] {processor.py:161} INFO - Started process (PID=439) to work on /home/airflow/.local/lib/python3.11/site-packages/airflow/example_dags/example_sla_dag.py
[2024-03-03T08:13:24.512+0000] {processor.py:830} INFO - Processing file /home/airflow/.local/lib/python3.11/site-packages/airflow/example_dags/example_sla_dag.py for tasks to queue
[2024-03-03T08:13:24.514+0000] {logging_mixin.py:188} INFO - [2024-03-03T08:13:24.513+0000] {dagbag.py:540} INFO - Filling up the DagBag from /home/airflow/.local/lib/python3.11/site-packages/airflow/example_dags/example_sla_dag.py
[2024-03-03T08:13:24.524+0000] {processor.py:840} INFO - DAG(s) 'example_sla_dag' retrieved from /home/airflow/.local/lib/python3.11/site-packages/airflow/example_dags/example_sla_dag.py
[2024-03-03T08:13:24.544+0000] {logging_mixin.py:188} INFO - [2024-03-03T08:13:24.544+0000] {dag.py:3047} INFO - Sync 1 DAGs
[2024-03-03T08:13:24.570+0000] {logging_mixin.py:188} INFO - [2024-03-03T08:13:24.570+0000] {dag.py:3834} INFO - Setting next_dagrun for example_sla_dag to 2024-03-03 08:10:00+00:00, run_after=2024-03-03 08:12:00+00:00
[2024-03-03T08:13:24.587+0000] {processor.py:183} INFO - Processing /home/airflow/.local/lib/python3.11/site-packages/airflow/example_dags/example_sla_dag.py took 0.081 seconds
[2024-03-03T08:13:55.281+0000] {processor.py:161} INFO - Started process (PID=494) to work on /home/airflow/.local/lib/python3.11/site-packages/airflow/example_dags/example_sla_dag.py
[2024-03-03T08:13:55.283+0000] {processor.py:830} INFO - Processing file /home/airflow/.local/lib/python3.11/site-packages/airflow/example_dags/example_sla_dag.py for tasks to queue
[2024-03-03T08:13:55.285+0000] {logging_mixin.py:188} INFO - [2024-03-03T08:13:55.284+0000] {dagbag.py:540} INFO - Filling up the DagBag from /home/airflow/.local/lib/python3.11/site-packages/airflow/example_dags/example_sla_dag.py
[2024-03-03T08:13:55.294+0000] {processor.py:840} INFO - DAG(s) 'example_sla_dag' retrieved from /home/airflow/.local/lib/python3.11/site-packages/airflow/example_dags/example_sla_dag.py
[2024-03-03T08:13:55.312+0000] {logging_mixin.py:188} INFO - [2024-03-03T08:13:55.311+0000] {dag.py:3047} INFO - Sync 1 DAGs
[2024-03-03T08:13:55.341+0000] {logging_mixin.py:188} INFO - [2024-03-03T08:13:55.341+0000] {dag.py:3834} INFO - Setting next_dagrun for example_sla_dag to 2024-03-03 08:10:00+00:00, run_after=2024-03-03 08:12:00+00:00
[2024-03-03T08:13:55.361+0000] {processor.py:183} INFO - Processing /home/airflow/.local/lib/python3.11/site-packages/airflow/example_dags/example_sla_dag.py took 0.083 seconds
[2024-03-03T08:14:25.445+0000] {processor.py:161} INFO - Started process (PID=557) to work on /home/airflow/.local/lib/python3.11/site-packages/airflow/example_dags/example_sla_dag.py
[2024-03-03T08:14:25.447+0000] {processor.py:830} INFO - Processing file /home/airflow/.local/lib/python3.11/site-packages/airflow/example_dags/example_sla_dag.py for tasks to queue
[2024-03-03T08:14:25.449+0000] {logging_mixin.py:188} INFO - [2024-03-03T08:14:25.449+0000] {dagbag.py:540} INFO - Filling up the DagBag from /home/airflow/.local/lib/python3.11/site-packages/airflow/example_dags/example_sla_dag.py
[2024-03-03T08:14:25.458+0000] {processor.py:840} INFO - DAG(s) 'example_sla_dag' retrieved from /home/airflow/.local/lib/python3.11/site-packages/airflow/example_dags/example_sla_dag.py
[2024-03-03T08:14:25.477+0000] {logging_mixin.py:188} INFO - [2024-03-03T08:14:25.476+0000] {dag.py:3047} INFO - Sync 1 DAGs
[2024-03-03T08:14:25.506+0000] {logging_mixin.py:188} INFO - [2024-03-03T08:14:25.505+0000] {dag.py:3834} INFO - Setting next_dagrun for example_sla_dag to 2024-03-03 08:12:00+00:00, run_after=2024-03-03 08:14:00+00:00
[2024-03-03T08:14:25.523+0000] {processor.py:183} INFO - Processing /home/airflow/.local/lib/python3.11/site-packages/airflow/example_dags/example_sla_dag.py took 0.082 seconds
[2024-03-03T08:14:56.087+0000] {processor.py:161} INFO - Started process (PID=613) to work on /home/airflow/.local/lib/python3.11/site-packages/airflow/example_dags/example_sla_dag.py
[2024-03-03T08:14:56.088+0000] {processor.py:830} INFO - Processing file /home/airflow/.local/lib/python3.11/site-packages/airflow/example_dags/example_sla_dag.py for tasks to queue
[2024-03-03T08:14:56.090+0000] {logging_mixin.py:188} INFO - [2024-03-03T08:14:56.090+0000] {dagbag.py:540} INFO - Filling up the DagBag from /home/airflow/.local/lib/python3.11/site-packages/airflow/example_dags/example_sla_dag.py
[2024-03-03T08:14:56.101+0000] {processor.py:840} INFO - DAG(s) 'example_sla_dag' retrieved from /home/airflow/.local/lib/python3.11/site-packages/airflow/example_dags/example_sla_dag.py
[2024-03-03T08:14:56.120+0000] {logging_mixin.py:188} INFO - [2024-03-03T08:14:56.120+0000] {dag.py:3047} INFO - Sync 1 DAGs
[2024-03-03T08:14:56.143+0000] {logging_mixin.py:188} INFO - [2024-03-03T08:14:56.142+0000] {dag.py:3834} INFO - Setting next_dagrun for example_sla_dag to 2024-03-03 08:12:00+00:00, run_after=2024-03-03 08:14:00+00:00
[2024-03-03T08:14:56.160+0000] {processor.py:183} INFO - Processing /home/airflow/.local/lib/python3.11/site-packages/airflow/example_dags/example_sla_dag.py took 0.076 seconds
[2024-03-03T08:15:26.937+0000] {processor.py:161} INFO - Started process (PID=669) to work on /home/airflow/.local/lib/python3.11/site-packages/airflow/example_dags/example_sla_dag.py
[2024-03-03T08:15:26.938+0000] {processor.py:830} INFO - Processing file /home/airflow/.local/lib/python3.11/site-packages/airflow/example_dags/example_sla_dag.py for tasks to queue
[2024-03-03T08:15:26.941+0000] {logging_mixin.py:188} INFO - [2024-03-03T08:15:26.940+0000] {dagbag.py:540} INFO - Filling up the DagBag from /home/airflow/.local/lib/python3.11/site-packages/airflow/example_dags/example_sla_dag.py
[2024-03-03T08:15:26.949+0000] {processor.py:840} INFO - DAG(s) 'example_sla_dag' retrieved from /home/airflow/.local/lib/python3.11/site-packages/airflow/example_dags/example_sla_dag.py
[2024-03-03T08:15:26.971+0000] {logging_mixin.py:188} INFO - [2024-03-03T08:15:26.971+0000] {dag.py:3047} INFO - Sync 1 DAGs
[2024-03-03T08:15:27.001+0000] {logging_mixin.py:188} INFO - [2024-03-03T08:15:27.001+0000] {dag.py:3834} INFO - Setting next_dagrun for example_sla_dag to 2024-03-03 08:12:00+00:00, run_after=2024-03-03 08:14:00+00:00
[2024-03-03T08:15:27.020+0000] {processor.py:183} INFO - Processing /home/airflow/.local/lib/python3.11/site-packages/airflow/example_dags/example_sla_dag.py took 0.088 seconds
[2024-03-03T08:15:57.712+0000] {processor.py:161} INFO - Started process (PID=725) to work on /home/airflow/.local/lib/python3.11/site-packages/airflow/example_dags/example_sla_dag.py
[2024-03-03T08:15:57.714+0000] {processor.py:830} INFO - Processing file /home/airflow/.local/lib/python3.11/site-packages/airflow/example_dags/example_sla_dag.py for tasks to queue
[2024-03-03T08:15:57.716+0000] {logging_mixin.py:188} INFO - [2024-03-03T08:15:57.716+0000] {dagbag.py:540} INFO - Filling up the DagBag from /home/airflow/.local/lib/python3.11/site-packages/airflow/example_dags/example_sla_dag.py
[2024-03-03T08:15:57.729+0000] {processor.py:840} INFO - DAG(s) 'example_sla_dag' retrieved from /home/airflow/.local/lib/python3.11/site-packages/airflow/example_dags/example_sla_dag.py
[2024-03-03T08:15:57.750+0000] {logging_mixin.py:188} INFO - [2024-03-03T08:15:57.749+0000] {dag.py:3047} INFO - Sync 1 DAGs
[2024-03-03T08:15:57.780+0000] {logging_mixin.py:188} INFO - [2024-03-03T08:15:57.779+0000] {dag.py:3834} INFO - Setting next_dagrun for example_sla_dag to 2024-03-03 08:12:00+00:00, run_after=2024-03-03 08:14:00+00:00
[2024-03-03T08:15:57.800+0000] {processor.py:183} INFO - Processing /home/airflow/.local/lib/python3.11/site-packages/airflow/example_dags/example_sla_dag.py took 0.092 seconds
[2024-03-03T08:16:28.352+0000] {processor.py:161} INFO - Started process (PID=781) to work on /home/airflow/.local/lib/python3.11/site-packages/airflow/example_dags/example_sla_dag.py
[2024-03-03T08:16:28.353+0000] {processor.py:830} INFO - Processing file /home/airflow/.local/lib/python3.11/site-packages/airflow/example_dags/example_sla_dag.py for tasks to queue
[2024-03-03T08:16:28.355+0000] {logging_mixin.py:188} INFO - [2024-03-03T08:16:28.355+0000] {dagbag.py:540} INFO - Filling up the DagBag from /home/airflow/.local/lib/python3.11/site-packages/airflow/example_dags/example_sla_dag.py
[2024-03-03T08:16:28.366+0000] {processor.py:840} INFO - DAG(s) 'example_sla_dag' retrieved from /home/airflow/.local/lib/python3.11/site-packages/airflow/example_dags/example_sla_dag.py
[2024-03-03T08:16:28.385+0000] {logging_mixin.py:188} INFO - [2024-03-03T08:16:28.385+0000] {dag.py:3047} INFO - Sync 1 DAGs
[2024-03-03T08:16:28.408+0000] {logging_mixin.py:188} INFO - [2024-03-03T08:16:28.408+0000] {dag.py:3834} INFO - Setting next_dagrun for example_sla_dag to 2024-03-03 08:14:00+00:00, run_after=2024-03-03 08:16:00+00:00
[2024-03-03T08:16:28.425+0000] {processor.py:183} INFO - Processing /home/airflow/.local/lib/python3.11/site-packages/airflow/example_dags/example_sla_dag.py took 0.077 seconds
[2024-03-03T08:16:59.131+0000] {processor.py:161} INFO - Started process (PID=837) to work on /home/airflow/.local/lib/python3.11/site-packages/airflow/example_dags/example_sla_dag.py
[2024-03-03T08:16:59.132+0000] {processor.py:830} INFO - Processing file /home/airflow/.local/lib/python3.11/site-packages/airflow/example_dags/example_sla_dag.py for tasks to queue
[2024-03-03T08:16:59.135+0000] {logging_mixin.py:188} INFO - [2024-03-03T08:16:59.134+0000] {dagbag.py:540} INFO - Filling up the DagBag from /home/airflow/.local/lib/python3.11/site-packages/airflow/example_dags/example_sla_dag.py
[2024-03-03T08:16:59.144+0000] {processor.py:840} INFO - DAG(s) 'example_sla_dag' retrieved from /home/airflow/.local/lib/python3.11/site-packages/airflow/example_dags/example_sla_dag.py
[2024-03-03T08:16:59.163+0000] {logging_mixin.py:188} INFO - [2024-03-03T08:16:59.163+0000] {dag.py:3047} INFO - Sync 1 DAGs
[2024-03-03T08:16:59.186+0000] {logging_mixin.py:188} INFO - [2024-03-03T08:16:59.186+0000] {dag.py:3834} INFO - Setting next_dagrun for example_sla_dag to 2024-03-03 08:14:00+00:00, run_after=2024-03-03 08:16:00+00:00
[2024-03-03T08:16:59.202+0000] {processor.py:183} INFO - Processing /home/airflow/.local/lib/python3.11/site-packages/airflow/example_dags/example_sla_dag.py took 0.075 seconds
[2024-03-03T08:17:29.644+0000] {processor.py:161} INFO - Started process (PID=893) to work on /home/airflow/.local/lib/python3.11/site-packages/airflow/example_dags/example_sla_dag.py
[2024-03-03T08:17:29.645+0000] {processor.py:830} INFO - Processing file /home/airflow/.local/lib/python3.11/site-packages/airflow/example_dags/example_sla_dag.py for tasks to queue
[2024-03-03T08:17:29.647+0000] {logging_mixin.py:188} INFO - [2024-03-03T08:17:29.647+0000] {dagbag.py:540} INFO - Filling up the DagBag from /home/airflow/.local/lib/python3.11/site-packages/airflow/example_dags/example_sla_dag.py
[2024-03-03T08:17:29.656+0000] {processor.py:840} INFO - DAG(s) 'example_sla_dag' retrieved from /home/airflow/.local/lib/python3.11/site-packages/airflow/example_dags/example_sla_dag.py
[2024-03-03T08:17:29.676+0000] {logging_mixin.py:188} INFO - [2024-03-03T08:17:29.675+0000] {dag.py:3047} INFO - Sync 1 DAGs
[2024-03-03T08:17:29.698+0000] {logging_mixin.py:188} INFO - [2024-03-03T08:17:29.698+0000] {dag.py:3834} INFO - Setting next_dagrun for example_sla_dag to 2024-03-03 08:14:00+00:00, run_after=2024-03-03 08:16:00+00:00
[2024-03-03T08:17:29.715+0000] {processor.py:183} INFO - Processing /home/airflow/.local/lib/python3.11/site-packages/airflow/example_dags/example_sla_dag.py took 0.074 seconds
[2024-03-03T08:17:59.982+0000] {processor.py:161} INFO - Started process (PID=948) to work on /home/airflow/.local/lib/python3.11/site-packages/airflow/example_dags/example_sla_dag.py
[2024-03-03T08:17:59.983+0000] {processor.py:830} INFO - Processing file /home/airflow/.local/lib/python3.11/site-packages/airflow/example_dags/example_sla_dag.py for tasks to queue
[2024-03-03T08:17:59.985+0000] {logging_mixin.py:188} INFO - [2024-03-03T08:17:59.984+0000] {dagbag.py:540} INFO - Filling up the DagBag from /home/airflow/.local/lib/python3.11/site-packages/airflow/example_dags/example_sla_dag.py
[2024-03-03T08:17:59.998+0000] {processor.py:840} INFO - DAG(s) 'example_sla_dag' retrieved from /home/airflow/.local/lib/python3.11/site-packages/airflow/example_dags/example_sla_dag.py
[2024-03-03T08:18:00.022+0000] {logging_mixin.py:188} INFO - [2024-03-03T08:18:00.022+0000] {dag.py:3047} INFO - Sync 1 DAGs
[2024-03-03T08:18:00.055+0000] {logging_mixin.py:188} INFO - [2024-03-03T08:18:00.054+0000] {dag.py:3834} INFO - Setting next_dagrun for example_sla_dag to 2024-03-03 08:16:00+00:00, run_after=2024-03-03 08:18:00+00:00
[2024-03-03T08:18:00.075+0000] {processor.py:183} INFO - Processing /home/airflow/.local/lib/python3.11/site-packages/airflow/example_dags/example_sla_dag.py took 0.097 seconds
