[2024-03-03T08:09:47.240+0000] {processor.py:161} INFO - Started process (PID=30) to work on /home/airflow/.local/lib/python3.11/site-packages/airflow/example_dags/example_dag_decorator.py
[2024-03-03T08:09:47.242+0000] {processor.py:830} INFO - Processing file /home/airflow/.local/lib/python3.11/site-packages/airflow/example_dags/example_dag_decorator.py for tasks to queue
[2024-03-03T08:09:47.246+0000] {logging_mixin.py:188} INFO - [2024-03-03T08:09:47.245+0000] {dagbag.py:540} INFO - Filling up the DagBag from /home/airflow/.local/lib/python3.11/site-packages/airflow/example_dags/example_dag_decorator.py
[2024-03-03T08:09:47.505+0000] {processor.py:840} INFO - DAG(s) 'example_dag_decorator' retrieved from /home/airflow/.local/lib/python3.11/site-packages/airflow/example_dags/example_dag_decorator.py
[2024-03-03T08:09:47.630+0000] {logging_mixin.py:188} INFO - [2024-03-03T08:09:47.629+0000] {override.py:1769} INFO - Created Permission View: can edit on DAG:example_dag_decorator
[2024-03-03T08:09:47.640+0000] {logging_mixin.py:188} INFO - [2024-03-03T08:09:47.640+0000] {override.py:1769} INFO - Created Permission View: can read on DAG:example_dag_decorator
[2024-03-03T08:09:47.647+0000] {logging_mixin.py:188} INFO - [2024-03-03T08:09:47.647+0000] {override.py:1769} INFO - Created Permission View: can delete on DAG:example_dag_decorator
[2024-03-03T08:09:47.648+0000] {logging_mixin.py:188} INFO - [2024-03-03T08:09:47.647+0000] {dag.py:3047} INFO - Sync 1 DAGs
[2024-03-03T08:09:47.662+0000] {logging_mixin.py:188} INFO - [2024-03-03T08:09:47.662+0000] {dag.py:3069} INFO - Creating ORM DAG for example_dag_decorator
[2024-03-03T08:09:47.664+0000] {logging_mixin.py:188} INFO - [2024-03-03T08:09:47.663+0000] {dag.py:3834} INFO - Setting next_dagrun for example_dag_decorator to None, run_after=None
[2024-03-03T08:09:47.681+0000] {processor.py:183} INFO - Processing /home/airflow/.local/lib/python3.11/site-packages/airflow/example_dags/example_dag_decorator.py took 0.446 seconds
[2024-03-03T08:10:18.188+0000] {processor.py:161} INFO - Started process (PID=85) to work on /home/airflow/.local/lib/python3.11/site-packages/airflow/example_dags/example_dag_decorator.py
[2024-03-03T08:10:18.189+0000] {processor.py:830} INFO - Processing file /home/airflow/.local/lib/python3.11/site-packages/airflow/example_dags/example_dag_decorator.py for tasks to queue
[2024-03-03T08:10:18.192+0000] {logging_mixin.py:188} INFO - [2024-03-03T08:10:18.191+0000] {dagbag.py:540} INFO - Filling up the DagBag from /home/airflow/.local/lib/python3.11/site-packages/airflow/example_dags/example_dag_decorator.py
[2024-03-03T08:10:18.264+0000] {processor.py:840} INFO - DAG(s) 'example_dag_decorator' retrieved from /home/airflow/.local/lib/python3.11/site-packages/airflow/example_dags/example_dag_decorator.py
[2024-03-03T08:10:18.370+0000] {logging_mixin.py:188} INFO - [2024-03-03T08:10:18.370+0000] {dag.py:3047} INFO - Sync 1 DAGs
[2024-03-03T08:10:18.380+0000] {logging_mixin.py:188} INFO - [2024-03-03T08:10:18.380+0000] {dag.py:3834} INFO - Setting next_dagrun for example_dag_decorator to None, run_after=None
[2024-03-03T08:10:18.396+0000] {processor.py:183} INFO - Processing /home/airflow/.local/lib/python3.11/site-packages/airflow/example_dags/example_dag_decorator.py took 0.211 seconds
[2024-03-03T08:10:48.551+0000] {processor.py:161} INFO - Started process (PID=140) to work on /home/airflow/.local/lib/python3.11/site-packages/airflow/example_dags/example_dag_decorator.py
[2024-03-03T08:10:48.553+0000] {processor.py:830} INFO - Processing file /home/airflow/.local/lib/python3.11/site-packages/airflow/example_dags/example_dag_decorator.py for tasks to queue
[2024-03-03T08:10:48.556+0000] {logging_mixin.py:188} INFO - [2024-03-03T08:10:48.556+0000] {dagbag.py:540} INFO - Filling up the DagBag from /home/airflow/.local/lib/python3.11/site-packages/airflow/example_dags/example_dag_decorator.py
[2024-03-03T08:10:48.650+0000] {processor.py:840} INFO - DAG(s) 'example_dag_decorator' retrieved from /home/airflow/.local/lib/python3.11/site-packages/airflow/example_dags/example_dag_decorator.py
[2024-03-03T08:10:48.750+0000] {logging_mixin.py:188} INFO - [2024-03-03T08:10:48.750+0000] {dag.py:3047} INFO - Sync 1 DAGs
[2024-03-03T08:10:48.760+0000] {logging_mixin.py:188} INFO - [2024-03-03T08:10:48.759+0000] {dag.py:3834} INFO - Setting next_dagrun for example_dag_decorator to None, run_after=None
[2024-03-03T08:10:48.777+0000] {processor.py:183} INFO - Processing /home/airflow/.local/lib/python3.11/site-packages/airflow/example_dags/example_dag_decorator.py took 0.232 seconds
[2024-03-03T08:11:18.982+0000] {processor.py:161} INFO - Started process (PID=195) to work on /home/airflow/.local/lib/python3.11/site-packages/airflow/example_dags/example_dag_decorator.py
[2024-03-03T08:11:18.984+0000] {processor.py:830} INFO - Processing file /home/airflow/.local/lib/python3.11/site-packages/airflow/example_dags/example_dag_decorator.py for tasks to queue
[2024-03-03T08:11:18.992+0000] {logging_mixin.py:188} INFO - [2024-03-03T08:11:18.988+0000] {dagbag.py:540} INFO - Filling up the DagBag from /home/airflow/.local/lib/python3.11/site-packages/airflow/example_dags/example_dag_decorator.py
[2024-03-03T08:11:19.082+0000] {processor.py:840} INFO - DAG(s) 'example_dag_decorator' retrieved from /home/airflow/.local/lib/python3.11/site-packages/airflow/example_dags/example_dag_decorator.py
[2024-03-03T08:11:19.205+0000] {logging_mixin.py:188} INFO - [2024-03-03T08:11:19.205+0000] {dag.py:3047} INFO - Sync 1 DAGs
[2024-03-03T08:11:19.216+0000] {logging_mixin.py:188} INFO - [2024-03-03T08:11:19.216+0000] {dag.py:3834} INFO - Setting next_dagrun for example_dag_decorator to None, run_after=None
[2024-03-03T08:11:19.234+0000] {processor.py:183} INFO - Processing /home/airflow/.local/lib/python3.11/site-packages/airflow/example_dags/example_dag_decorator.py took 0.260 seconds
[2024-03-03T08:11:49.645+0000] {processor.py:161} INFO - Started process (PID=250) to work on /home/airflow/.local/lib/python3.11/site-packages/airflow/example_dags/example_dag_decorator.py
[2024-03-03T08:11:49.647+0000] {processor.py:830} INFO - Processing file /home/airflow/.local/lib/python3.11/site-packages/airflow/example_dags/example_dag_decorator.py for tasks to queue
[2024-03-03T08:11:49.651+0000] {logging_mixin.py:188} INFO - [2024-03-03T08:11:49.650+0000] {dagbag.py:540} INFO - Filling up the DagBag from /home/airflow/.local/lib/python3.11/site-packages/airflow/example_dags/example_dag_decorator.py
[2024-03-03T08:11:49.731+0000] {processor.py:840} INFO - DAG(s) 'example_dag_decorator' retrieved from /home/airflow/.local/lib/python3.11/site-packages/airflow/example_dags/example_dag_decorator.py
[2024-03-03T08:11:49.820+0000] {logging_mixin.py:188} INFO - [2024-03-03T08:11:49.820+0000] {dag.py:3047} INFO - Sync 1 DAGs
[2024-03-03T08:11:49.831+0000] {logging_mixin.py:188} INFO - [2024-03-03T08:11:49.831+0000] {dag.py:3834} INFO - Setting next_dagrun for example_dag_decorator to None, run_after=None
[2024-03-03T08:11:49.849+0000] {processor.py:183} INFO - Processing /home/airflow/.local/lib/python3.11/site-packages/airflow/example_dags/example_dag_decorator.py took 0.211 seconds
[2024-03-03T08:12:20.077+0000] {processor.py:161} INFO - Started process (PID=305) to work on /home/airflow/.local/lib/python3.11/site-packages/airflow/example_dags/example_dag_decorator.py
[2024-03-03T08:12:20.078+0000] {processor.py:830} INFO - Processing file /home/airflow/.local/lib/python3.11/site-packages/airflow/example_dags/example_dag_decorator.py for tasks to queue
[2024-03-03T08:12:20.082+0000] {logging_mixin.py:188} INFO - [2024-03-03T08:12:20.081+0000] {dagbag.py:540} INFO - Filling up the DagBag from /home/airflow/.local/lib/python3.11/site-packages/airflow/example_dags/example_dag_decorator.py
[2024-03-03T08:12:20.187+0000] {processor.py:840} INFO - DAG(s) 'example_dag_decorator' retrieved from /home/airflow/.local/lib/python3.11/site-packages/airflow/example_dags/example_dag_decorator.py
[2024-03-03T08:12:20.296+0000] {logging_mixin.py:188} INFO - [2024-03-03T08:12:20.296+0000] {dag.py:3047} INFO - Sync 1 DAGs
[2024-03-03T08:12:20.306+0000] {logging_mixin.py:188} INFO - [2024-03-03T08:12:20.306+0000] {dag.py:3834} INFO - Setting next_dagrun for example_dag_decorator to None, run_after=None
[2024-03-03T08:12:20.329+0000] {processor.py:183} INFO - Processing /home/airflow/.local/lib/python3.11/site-packages/airflow/example_dags/example_dag_decorator.py took 0.256 seconds
[2024-03-03T08:12:50.712+0000] {processor.py:161} INFO - Started process (PID=360) to work on /home/airflow/.local/lib/python3.11/site-packages/airflow/example_dags/example_dag_decorator.py
[2024-03-03T08:12:50.713+0000] {processor.py:830} INFO - Processing file /home/airflow/.local/lib/python3.11/site-packages/airflow/example_dags/example_dag_decorator.py for tasks to queue
[2024-03-03T08:12:50.716+0000] {logging_mixin.py:188} INFO - [2024-03-03T08:12:50.715+0000] {dagbag.py:540} INFO - Filling up the DagBag from /home/airflow/.local/lib/python3.11/site-packages/airflow/example_dags/example_dag_decorator.py
[2024-03-03T08:12:50.805+0000] {processor.py:840} INFO - DAG(s) 'example_dag_decorator' retrieved from /home/airflow/.local/lib/python3.11/site-packages/airflow/example_dags/example_dag_decorator.py
[2024-03-03T08:12:50.913+0000] {logging_mixin.py:188} INFO - [2024-03-03T08:12:50.913+0000] {dag.py:3047} INFO - Sync 1 DAGs
[2024-03-03T08:12:50.924+0000] {logging_mixin.py:188} INFO - [2024-03-03T08:12:50.924+0000] {dag.py:3834} INFO - Setting next_dagrun for example_dag_decorator to None, run_after=None
[2024-03-03T08:12:50.944+0000] {processor.py:183} INFO - Processing /home/airflow/.local/lib/python3.11/site-packages/airflow/example_dags/example_dag_decorator.py took 0.236 seconds
[2024-03-03T08:13:21.242+0000] {processor.py:161} INFO - Started process (PID=415) to work on /home/airflow/.local/lib/python3.11/site-packages/airflow/example_dags/example_dag_decorator.py
[2024-03-03T08:13:21.243+0000] {processor.py:830} INFO - Processing file /home/airflow/.local/lib/python3.11/site-packages/airflow/example_dags/example_dag_decorator.py for tasks to queue
[2024-03-03T08:13:21.247+0000] {logging_mixin.py:188} INFO - [2024-03-03T08:13:21.247+0000] {dagbag.py:540} INFO - Filling up the DagBag from /home/airflow/.local/lib/python3.11/site-packages/airflow/example_dags/example_dag_decorator.py
[2024-03-03T08:13:21.324+0000] {processor.py:840} INFO - DAG(s) 'example_dag_decorator' retrieved from /home/airflow/.local/lib/python3.11/site-packages/airflow/example_dags/example_dag_decorator.py
[2024-03-03T08:13:21.430+0000] {logging_mixin.py:188} INFO - [2024-03-03T08:13:21.430+0000] {dag.py:3047} INFO - Sync 1 DAGs
[2024-03-03T08:13:21.442+0000] {logging_mixin.py:188} INFO - [2024-03-03T08:13:21.442+0000] {dag.py:3834} INFO - Setting next_dagrun for example_dag_decorator to None, run_after=None
[2024-03-03T08:13:21.459+0000] {processor.py:183} INFO - Processing /home/airflow/.local/lib/python3.11/site-packages/airflow/example_dags/example_dag_decorator.py took 0.224 seconds
[2024-03-03T08:13:51.916+0000] {processor.py:161} INFO - Started process (PID=470) to work on /home/airflow/.local/lib/python3.11/site-packages/airflow/example_dags/example_dag_decorator.py
[2024-03-03T08:13:51.919+0000] {processor.py:830} INFO - Processing file /home/airflow/.local/lib/python3.11/site-packages/airflow/example_dags/example_dag_decorator.py for tasks to queue
[2024-03-03T08:13:51.925+0000] {logging_mixin.py:188} INFO - [2024-03-03T08:13:51.924+0000] {dagbag.py:540} INFO - Filling up the DagBag from /home/airflow/.local/lib/python3.11/site-packages/airflow/example_dags/example_dag_decorator.py
[2024-03-03T08:13:52.013+0000] {processor.py:840} INFO - DAG(s) 'example_dag_decorator' retrieved from /home/airflow/.local/lib/python3.11/site-packages/airflow/example_dags/example_dag_decorator.py
[2024-03-03T08:13:52.112+0000] {logging_mixin.py:188} INFO - [2024-03-03T08:13:52.112+0000] {dag.py:3047} INFO - Sync 1 DAGs
[2024-03-03T08:13:52.125+0000] {logging_mixin.py:188} INFO - [2024-03-03T08:13:52.125+0000] {dag.py:3834} INFO - Setting next_dagrun for example_dag_decorator to None, run_after=None
[2024-03-03T08:13:52.145+0000] {processor.py:183} INFO - Processing /home/airflow/.local/lib/python3.11/site-packages/airflow/example_dags/example_dag_decorator.py took 0.231 seconds
[2024-03-03T08:14:22.236+0000] {processor.py:161} INFO - Started process (PID=535) to work on /home/airflow/.local/lib/python3.11/site-packages/airflow/example_dags/example_dag_decorator.py
[2024-03-03T08:14:22.238+0000] {processor.py:830} INFO - Processing file /home/airflow/.local/lib/python3.11/site-packages/airflow/example_dags/example_dag_decorator.py for tasks to queue
[2024-03-03T08:14:22.241+0000] {logging_mixin.py:188} INFO - [2024-03-03T08:14:22.240+0000] {dagbag.py:540} INFO - Filling up the DagBag from /home/airflow/.local/lib/python3.11/site-packages/airflow/example_dags/example_dag_decorator.py
[2024-03-03T08:14:22.336+0000] {processor.py:840} INFO - DAG(s) 'example_dag_decorator' retrieved from /home/airflow/.local/lib/python3.11/site-packages/airflow/example_dags/example_dag_decorator.py
[2024-03-03T08:14:22.436+0000] {logging_mixin.py:188} INFO - [2024-03-03T08:14:22.436+0000] {dag.py:3047} INFO - Sync 1 DAGs
[2024-03-03T08:14:22.446+0000] {logging_mixin.py:188} INFO - [2024-03-03T08:14:22.446+0000] {dag.py:3834} INFO - Setting next_dagrun for example_dag_decorator to None, run_after=None
[2024-03-03T08:14:22.467+0000] {processor.py:183} INFO - Processing /home/airflow/.local/lib/python3.11/site-packages/airflow/example_dags/example_dag_decorator.py took 0.233 seconds
[2024-03-03T08:14:52.758+0000] {processor.py:161} INFO - Started process (PID=589) to work on /home/airflow/.local/lib/python3.11/site-packages/airflow/example_dags/example_dag_decorator.py
[2024-03-03T08:14:52.759+0000] {processor.py:830} INFO - Processing file /home/airflow/.local/lib/python3.11/site-packages/airflow/example_dags/example_dag_decorator.py for tasks to queue
[2024-03-03T08:14:52.762+0000] {logging_mixin.py:188} INFO - [2024-03-03T08:14:52.761+0000] {dagbag.py:540} INFO - Filling up the DagBag from /home/airflow/.local/lib/python3.11/site-packages/airflow/example_dags/example_dag_decorator.py
[2024-03-03T08:14:52.835+0000] {processor.py:840} INFO - DAG(s) 'example_dag_decorator' retrieved from /home/airflow/.local/lib/python3.11/site-packages/airflow/example_dags/example_dag_decorator.py
[2024-03-03T08:14:52.948+0000] {logging_mixin.py:188} INFO - [2024-03-03T08:14:52.948+0000] {dag.py:3047} INFO - Sync 1 DAGs
[2024-03-03T08:14:52.963+0000] {logging_mixin.py:188} INFO - [2024-03-03T08:14:52.962+0000] {dag.py:3834} INFO - Setting next_dagrun for example_dag_decorator to None, run_after=None
[2024-03-03T08:14:52.984+0000] {processor.py:183} INFO - Processing /home/airflow/.local/lib/python3.11/site-packages/airflow/example_dags/example_dag_decorator.py took 0.229 seconds
[2024-03-03T08:15:23.524+0000] {processor.py:161} INFO - Started process (PID=645) to work on /home/airflow/.local/lib/python3.11/site-packages/airflow/example_dags/example_dag_decorator.py
[2024-03-03T08:15:23.526+0000] {processor.py:830} INFO - Processing file /home/airflow/.local/lib/python3.11/site-packages/airflow/example_dags/example_dag_decorator.py for tasks to queue
[2024-03-03T08:15:23.531+0000] {logging_mixin.py:188} INFO - [2024-03-03T08:15:23.530+0000] {dagbag.py:540} INFO - Filling up the DagBag from /home/airflow/.local/lib/python3.11/site-packages/airflow/example_dags/example_dag_decorator.py
[2024-03-03T08:15:23.614+0000] {processor.py:840} INFO - DAG(s) 'example_dag_decorator' retrieved from /home/airflow/.local/lib/python3.11/site-packages/airflow/example_dags/example_dag_decorator.py
[2024-03-03T08:15:23.712+0000] {logging_mixin.py:188} INFO - [2024-03-03T08:15:23.712+0000] {dag.py:3047} INFO - Sync 1 DAGs
[2024-03-03T08:15:23.729+0000] {logging_mixin.py:188} INFO - [2024-03-03T08:15:23.729+0000] {dag.py:3834} INFO - Setting next_dagrun for example_dag_decorator to None, run_after=None
[2024-03-03T08:15:23.753+0000] {processor.py:183} INFO - Processing /home/airflow/.local/lib/python3.11/site-packages/airflow/example_dags/example_dag_decorator.py took 0.237 seconds
[2024-03-03T08:15:54.471+0000] {processor.py:161} INFO - Started process (PID=701) to work on /home/airflow/.local/lib/python3.11/site-packages/airflow/example_dags/example_dag_decorator.py
[2024-03-03T08:15:54.473+0000] {processor.py:830} INFO - Processing file /home/airflow/.local/lib/python3.11/site-packages/airflow/example_dags/example_dag_decorator.py for tasks to queue
[2024-03-03T08:15:54.477+0000] {logging_mixin.py:188} INFO - [2024-03-03T08:15:54.476+0000] {dagbag.py:540} INFO - Filling up the DagBag from /home/airflow/.local/lib/python3.11/site-packages/airflow/example_dags/example_dag_decorator.py
[2024-03-03T08:15:54.554+0000] {processor.py:840} INFO - DAG(s) 'example_dag_decorator' retrieved from /home/airflow/.local/lib/python3.11/site-packages/airflow/example_dags/example_dag_decorator.py
[2024-03-03T08:15:54.647+0000] {logging_mixin.py:188} INFO - [2024-03-03T08:15:54.647+0000] {dag.py:3047} INFO - Sync 1 DAGs
[2024-03-03T08:15:54.659+0000] {logging_mixin.py:188} INFO - [2024-03-03T08:15:54.659+0000] {dag.py:3834} INFO - Setting next_dagrun for example_dag_decorator to None, run_after=None
[2024-03-03T08:15:54.678+0000] {processor.py:183} INFO - Processing /home/airflow/.local/lib/python3.11/site-packages/airflow/example_dags/example_dag_decorator.py took 0.213 seconds
[2024-03-03T08:16:25.088+0000] {processor.py:161} INFO - Started process (PID=757) to work on /home/airflow/.local/lib/python3.11/site-packages/airflow/example_dags/example_dag_decorator.py
[2024-03-03T08:16:25.089+0000] {processor.py:830} INFO - Processing file /home/airflow/.local/lib/python3.11/site-packages/airflow/example_dags/example_dag_decorator.py for tasks to queue
[2024-03-03T08:16:25.093+0000] {logging_mixin.py:188} INFO - [2024-03-03T08:16:25.093+0000] {dagbag.py:540} INFO - Filling up the DagBag from /home/airflow/.local/lib/python3.11/site-packages/airflow/example_dags/example_dag_decorator.py
[2024-03-03T08:16:25.183+0000] {processor.py:840} INFO - DAG(s) 'example_dag_decorator' retrieved from /home/airflow/.local/lib/python3.11/site-packages/airflow/example_dags/example_dag_decorator.py
[2024-03-03T08:16:25.300+0000] {logging_mixin.py:188} INFO - [2024-03-03T08:16:25.300+0000] {dag.py:3047} INFO - Sync 1 DAGs
[2024-03-03T08:16:25.313+0000] {logging_mixin.py:188} INFO - [2024-03-03T08:16:25.313+0000] {dag.py:3834} INFO - Setting next_dagrun for example_dag_decorator to None, run_after=None
[2024-03-03T08:16:25.335+0000] {processor.py:183} INFO - Processing /home/airflow/.local/lib/python3.11/site-packages/airflow/example_dags/example_dag_decorator.py took 0.252 seconds
[2024-03-03T08:16:55.926+0000] {processor.py:161} INFO - Started process (PID=813) to work on /home/airflow/.local/lib/python3.11/site-packages/airflow/example_dags/example_dag_decorator.py
[2024-03-03T08:16:55.927+0000] {processor.py:830} INFO - Processing file /home/airflow/.local/lib/python3.11/site-packages/airflow/example_dags/example_dag_decorator.py for tasks to queue
[2024-03-03T08:16:55.932+0000] {logging_mixin.py:188} INFO - [2024-03-03T08:16:55.931+0000] {dagbag.py:540} INFO - Filling up the DagBag from /home/airflow/.local/lib/python3.11/site-packages/airflow/example_dags/example_dag_decorator.py
[2024-03-03T08:16:56.007+0000] {processor.py:840} INFO - DAG(s) 'example_dag_decorator' retrieved from /home/airflow/.local/lib/python3.11/site-packages/airflow/example_dags/example_dag_decorator.py
[2024-03-03T08:16:56.116+0000] {logging_mixin.py:188} INFO - [2024-03-03T08:16:56.116+0000] {dag.py:3047} INFO - Sync 1 DAGs
[2024-03-03T08:16:56.128+0000] {logging_mixin.py:188} INFO - [2024-03-03T08:16:56.128+0000] {dag.py:3834} INFO - Setting next_dagrun for example_dag_decorator to None, run_after=None
[2024-03-03T08:16:56.147+0000] {processor.py:183} INFO - Processing /home/airflow/.local/lib/python3.11/site-packages/airflow/example_dags/example_dag_decorator.py took 0.229 seconds
[2024-03-03T08:17:26.464+0000] {processor.py:161} INFO - Started process (PID=869) to work on /home/airflow/.local/lib/python3.11/site-packages/airflow/example_dags/example_dag_decorator.py
[2024-03-03T08:17:26.466+0000] {processor.py:830} INFO - Processing file /home/airflow/.local/lib/python3.11/site-packages/airflow/example_dags/example_dag_decorator.py for tasks to queue
[2024-03-03T08:17:26.469+0000] {logging_mixin.py:188} INFO - [2024-03-03T08:17:26.468+0000] {dagbag.py:540} INFO - Filling up the DagBag from /home/airflow/.local/lib/python3.11/site-packages/airflow/example_dags/example_dag_decorator.py
[2024-03-03T08:17:26.573+0000] {processor.py:840} INFO - DAG(s) 'example_dag_decorator' retrieved from /home/airflow/.local/lib/python3.11/site-packages/airflow/example_dags/example_dag_decorator.py
[2024-03-03T08:17:26.674+0000] {logging_mixin.py:188} INFO - [2024-03-03T08:17:26.674+0000] {dag.py:3047} INFO - Sync 1 DAGs
[2024-03-03T08:17:26.684+0000] {logging_mixin.py:188} INFO - [2024-03-03T08:17:26.684+0000] {dag.py:3834} INFO - Setting next_dagrun for example_dag_decorator to None, run_after=None
[2024-03-03T08:17:26.700+0000] {processor.py:183} INFO - Processing /home/airflow/.local/lib/python3.11/site-packages/airflow/example_dags/example_dag_decorator.py took 0.241 seconds
[2024-03-03T08:17:56.810+0000] {processor.py:161} INFO - Started process (PID=924) to work on /home/airflow/.local/lib/python3.11/site-packages/airflow/example_dags/example_dag_decorator.py
[2024-03-03T08:17:56.811+0000] {processor.py:830} INFO - Processing file /home/airflow/.local/lib/python3.11/site-packages/airflow/example_dags/example_dag_decorator.py for tasks to queue
[2024-03-03T08:17:56.814+0000] {logging_mixin.py:188} INFO - [2024-03-03T08:17:56.813+0000] {dagbag.py:540} INFO - Filling up the DagBag from /home/airflow/.local/lib/python3.11/site-packages/airflow/example_dags/example_dag_decorator.py
[2024-03-03T08:17:56.892+0000] {processor.py:840} INFO - DAG(s) 'example_dag_decorator' retrieved from /home/airflow/.local/lib/python3.11/site-packages/airflow/example_dags/example_dag_decorator.py
[2024-03-03T08:17:57.006+0000] {logging_mixin.py:188} INFO - [2024-03-03T08:17:57.005+0000] {dag.py:3047} INFO - Sync 1 DAGs
[2024-03-03T08:17:57.020+0000] {logging_mixin.py:188} INFO - [2024-03-03T08:17:57.020+0000] {dag.py:3834} INFO - Setting next_dagrun for example_dag_decorator to None, run_after=None
[2024-03-03T08:17:57.038+0000] {processor.py:183} INFO - Processing /home/airflow/.local/lib/python3.11/site-packages/airflow/example_dags/example_dag_decorator.py took 0.236 seconds
