[2024-03-03T08:09:51.921+0000] {processor.py:161} INFO - Started process (PID=65) to work on /home/airflow/.local/lib/python3.11/site-packages/airflow/example_dags/example_dynamic_task_mapping_with_no_taskflow_operators.py
[2024-03-03T08:09:51.922+0000] {processor.py:830} INFO - Processing file /home/airflow/.local/lib/python3.11/site-packages/airflow/example_dags/example_dynamic_task_mapping_with_no_taskflow_operators.py for tasks to queue
[2024-03-03T08:09:51.925+0000] {logging_mixin.py:188} INFO - [2024-03-03T08:09:51.924+0000] {dagbag.py:540} INFO - Filling up the DagBag from /home/airflow/.local/lib/python3.11/site-packages/airflow/example_dags/example_dynamic_task_mapping_with_no_taskflow_operators.py
[2024-03-03T08:09:51.934+0000] {processor.py:840} INFO - DAG(s) 'example_dynamic_task_mapping_with_no_taskflow_operators' retrieved from /home/airflow/.local/lib/python3.11/site-packages/airflow/example_dags/example_dynamic_task_mapping_with_no_taskflow_operators.py
[2024-03-03T08:09:52.034+0000] {logging_mixin.py:188} INFO - [2024-03-03T08:09:52.034+0000] {override.py:1769} INFO - Created Permission View: can edit on DAG:example_dynamic_task_mapping_with_no_taskflow_operators
[2024-03-03T08:09:52.044+0000] {logging_mixin.py:188} INFO - [2024-03-03T08:09:52.044+0000] {override.py:1769} INFO - Created Permission View: can read on DAG:example_dynamic_task_mapping_with_no_taskflow_operators
[2024-03-03T08:09:52.050+0000] {logging_mixin.py:188} INFO - [2024-03-03T08:09:52.050+0000] {override.py:1769} INFO - Created Permission View: can delete on DAG:example_dynamic_task_mapping_with_no_taskflow_operators
[2024-03-03T08:09:52.051+0000] {logging_mixin.py:188} INFO - [2024-03-03T08:09:52.051+0000] {dag.py:3047} INFO - Sync 1 DAGs
[2024-03-03T08:09:52.060+0000] {logging_mixin.py:188} INFO - [2024-03-03T08:09:52.060+0000] {dag.py:3069} INFO - Creating ORM DAG for example_dynamic_task_mapping_with_no_taskflow_operators
[2024-03-03T08:09:52.073+0000] {logging_mixin.py:188} INFO - [2024-03-03T08:09:52.073+0000] {dag.py:3834} INFO - Setting next_dagrun for example_dynamic_task_mapping_with_no_taskflow_operators to 2024-03-02 00:00:00+00:00, run_after=2024-03-03 00:00:00+00:00
[2024-03-03T08:09:52.087+0000] {processor.py:183} INFO - Processing /home/airflow/.local/lib/python3.11/site-packages/airflow/example_dags/example_dynamic_task_mapping_with_no_taskflow_operators.py took 0.170 seconds
[2024-03-03T08:10:22.842+0000] {processor.py:161} INFO - Started process (PID=120) to work on /home/airflow/.local/lib/python3.11/site-packages/airflow/example_dags/example_dynamic_task_mapping_with_no_taskflow_operators.py
[2024-03-03T08:10:22.843+0000] {processor.py:830} INFO - Processing file /home/airflow/.local/lib/python3.11/site-packages/airflow/example_dags/example_dynamic_task_mapping_with_no_taskflow_operators.py for tasks to queue
[2024-03-03T08:10:22.846+0000] {logging_mixin.py:188} INFO - [2024-03-03T08:10:22.845+0000] {dagbag.py:540} INFO - Filling up the DagBag from /home/airflow/.local/lib/python3.11/site-packages/airflow/example_dags/example_dynamic_task_mapping_with_no_taskflow_operators.py
[2024-03-03T08:10:22.853+0000] {processor.py:840} INFO - DAG(s) 'example_dynamic_task_mapping_with_no_taskflow_operators' retrieved from /home/airflow/.local/lib/python3.11/site-packages/airflow/example_dags/example_dynamic_task_mapping_with_no_taskflow_operators.py
[2024-03-03T08:10:22.873+0000] {logging_mixin.py:188} INFO - [2024-03-03T08:10:22.872+0000] {dag.py:3047} INFO - Sync 1 DAGs
[2024-03-03T08:10:22.895+0000] {logging_mixin.py:188} INFO - [2024-03-03T08:10:22.895+0000] {dag.py:3834} INFO - Setting next_dagrun for example_dynamic_task_mapping_with_no_taskflow_operators to 2024-03-02 00:00:00+00:00, run_after=2024-03-03 00:00:00+00:00
[2024-03-03T08:10:22.913+0000] {processor.py:183} INFO - Processing /home/airflow/.local/lib/python3.11/site-packages/airflow/example_dags/example_dynamic_task_mapping_with_no_taskflow_operators.py took 0.074 seconds
[2024-03-03T08:10:53.281+0000] {processor.py:161} INFO - Started process (PID=175) to work on /home/airflow/.local/lib/python3.11/site-packages/airflow/example_dags/example_dynamic_task_mapping_with_no_taskflow_operators.py
[2024-03-03T08:10:53.282+0000] {processor.py:830} INFO - Processing file /home/airflow/.local/lib/python3.11/site-packages/airflow/example_dags/example_dynamic_task_mapping_with_no_taskflow_operators.py for tasks to queue
[2024-03-03T08:10:53.285+0000] {logging_mixin.py:188} INFO - [2024-03-03T08:10:53.284+0000] {dagbag.py:540} INFO - Filling up the DagBag from /home/airflow/.local/lib/python3.11/site-packages/airflow/example_dags/example_dynamic_task_mapping_with_no_taskflow_operators.py
[2024-03-03T08:10:53.292+0000] {processor.py:840} INFO - DAG(s) 'example_dynamic_task_mapping_with_no_taskflow_operators' retrieved from /home/airflow/.local/lib/python3.11/site-packages/airflow/example_dags/example_dynamic_task_mapping_with_no_taskflow_operators.py
[2024-03-03T08:10:53.309+0000] {logging_mixin.py:188} INFO - [2024-03-03T08:10:53.309+0000] {dag.py:3047} INFO - Sync 1 DAGs
[2024-03-03T08:10:53.333+0000] {logging_mixin.py:188} INFO - [2024-03-03T08:10:53.332+0000] {dag.py:3834} INFO - Setting next_dagrun for example_dynamic_task_mapping_with_no_taskflow_operators to 2024-03-02 00:00:00+00:00, run_after=2024-03-03 00:00:00+00:00
[2024-03-03T08:10:53.352+0000] {processor.py:183} INFO - Processing /home/airflow/.local/lib/python3.11/site-packages/airflow/example_dags/example_dynamic_task_mapping_with_no_taskflow_operators.py took 0.075 seconds
[2024-03-03T08:11:23.897+0000] {processor.py:161} INFO - Started process (PID=230) to work on /home/airflow/.local/lib/python3.11/site-packages/airflow/example_dags/example_dynamic_task_mapping_with_no_taskflow_operators.py
[2024-03-03T08:11:23.898+0000] {processor.py:830} INFO - Processing file /home/airflow/.local/lib/python3.11/site-packages/airflow/example_dags/example_dynamic_task_mapping_with_no_taskflow_operators.py for tasks to queue
[2024-03-03T08:11:23.900+0000] {logging_mixin.py:188} INFO - [2024-03-03T08:11:23.900+0000] {dagbag.py:540} INFO - Filling up the DagBag from /home/airflow/.local/lib/python3.11/site-packages/airflow/example_dags/example_dynamic_task_mapping_with_no_taskflow_operators.py
[2024-03-03T08:11:23.908+0000] {processor.py:840} INFO - DAG(s) 'example_dynamic_task_mapping_with_no_taskflow_operators' retrieved from /home/airflow/.local/lib/python3.11/site-packages/airflow/example_dags/example_dynamic_task_mapping_with_no_taskflow_operators.py
[2024-03-03T08:11:23.927+0000] {logging_mixin.py:188} INFO - [2024-03-03T08:11:23.927+0000] {dag.py:3047} INFO - Sync 1 DAGs
[2024-03-03T08:11:23.948+0000] {logging_mixin.py:188} INFO - [2024-03-03T08:11:23.948+0000] {dag.py:3834} INFO - Setting next_dagrun for example_dynamic_task_mapping_with_no_taskflow_operators to 2024-03-02 00:00:00+00:00, run_after=2024-03-03 00:00:00+00:00
[2024-03-03T08:11:23.965+0000] {processor.py:183} INFO - Processing /home/airflow/.local/lib/python3.11/site-packages/airflow/example_dags/example_dynamic_task_mapping_with_no_taskflow_operators.py took 0.073 seconds
[2024-03-03T08:11:54.430+0000] {processor.py:161} INFO - Started process (PID=285) to work on /home/airflow/.local/lib/python3.11/site-packages/airflow/example_dags/example_dynamic_task_mapping_with_no_taskflow_operators.py
[2024-03-03T08:11:54.431+0000] {processor.py:830} INFO - Processing file /home/airflow/.local/lib/python3.11/site-packages/airflow/example_dags/example_dynamic_task_mapping_with_no_taskflow_operators.py for tasks to queue
[2024-03-03T08:11:54.434+0000] {logging_mixin.py:188} INFO - [2024-03-03T08:11:54.433+0000] {dagbag.py:540} INFO - Filling up the DagBag from /home/airflow/.local/lib/python3.11/site-packages/airflow/example_dags/example_dynamic_task_mapping_with_no_taskflow_operators.py
[2024-03-03T08:11:54.443+0000] {processor.py:840} INFO - DAG(s) 'example_dynamic_task_mapping_with_no_taskflow_operators' retrieved from /home/airflow/.local/lib/python3.11/site-packages/airflow/example_dags/example_dynamic_task_mapping_with_no_taskflow_operators.py
[2024-03-03T08:11:54.461+0000] {logging_mixin.py:188} INFO - [2024-03-03T08:11:54.461+0000] {dag.py:3047} INFO - Sync 1 DAGs
[2024-03-03T08:11:54.481+0000] {logging_mixin.py:188} INFO - [2024-03-03T08:11:54.481+0000] {dag.py:3834} INFO - Setting next_dagrun for example_dynamic_task_mapping_with_no_taskflow_operators to 2024-03-02 00:00:00+00:00, run_after=2024-03-03 00:00:00+00:00
[2024-03-03T08:11:54.497+0000] {processor.py:183} INFO - Processing /home/airflow/.local/lib/python3.11/site-packages/airflow/example_dags/example_dynamic_task_mapping_with_no_taskflow_operators.py took 0.071 seconds
[2024-03-03T08:12:25.019+0000] {processor.py:161} INFO - Started process (PID=340) to work on /home/airflow/.local/lib/python3.11/site-packages/airflow/example_dags/example_dynamic_task_mapping_with_no_taskflow_operators.py
[2024-03-03T08:12:25.020+0000] {processor.py:830} INFO - Processing file /home/airflow/.local/lib/python3.11/site-packages/airflow/example_dags/example_dynamic_task_mapping_with_no_taskflow_operators.py for tasks to queue
[2024-03-03T08:12:25.023+0000] {logging_mixin.py:188} INFO - [2024-03-03T08:12:25.023+0000] {dagbag.py:540} INFO - Filling up the DagBag from /home/airflow/.local/lib/python3.11/site-packages/airflow/example_dags/example_dynamic_task_mapping_with_no_taskflow_operators.py
[2024-03-03T08:12:25.031+0000] {processor.py:840} INFO - DAG(s) 'example_dynamic_task_mapping_with_no_taskflow_operators' retrieved from /home/airflow/.local/lib/python3.11/site-packages/airflow/example_dags/example_dynamic_task_mapping_with_no_taskflow_operators.py
[2024-03-03T08:12:25.049+0000] {logging_mixin.py:188} INFO - [2024-03-03T08:12:25.049+0000] {dag.py:3047} INFO - Sync 1 DAGs
[2024-03-03T08:12:25.071+0000] {logging_mixin.py:188} INFO - [2024-03-03T08:12:25.071+0000] {dag.py:3834} INFO - Setting next_dagrun for example_dynamic_task_mapping_with_no_taskflow_operators to 2024-03-02 00:00:00+00:00, run_after=2024-03-03 00:00:00+00:00
[2024-03-03T08:12:25.087+0000] {processor.py:183} INFO - Processing /home/airflow/.local/lib/python3.11/site-packages/airflow/example_dags/example_dynamic_task_mapping_with_no_taskflow_operators.py took 0.072 seconds
[2024-03-03T08:12:55.542+0000] {processor.py:161} INFO - Started process (PID=395) to work on /home/airflow/.local/lib/python3.11/site-packages/airflow/example_dags/example_dynamic_task_mapping_with_no_taskflow_operators.py
[2024-03-03T08:12:55.542+0000] {processor.py:830} INFO - Processing file /home/airflow/.local/lib/python3.11/site-packages/airflow/example_dags/example_dynamic_task_mapping_with_no_taskflow_operators.py for tasks to queue
[2024-03-03T08:12:55.545+0000] {logging_mixin.py:188} INFO - [2024-03-03T08:12:55.544+0000] {dagbag.py:540} INFO - Filling up the DagBag from /home/airflow/.local/lib/python3.11/site-packages/airflow/example_dags/example_dynamic_task_mapping_with_no_taskflow_operators.py
[2024-03-03T08:12:55.552+0000] {processor.py:840} INFO - DAG(s) 'example_dynamic_task_mapping_with_no_taskflow_operators' retrieved from /home/airflow/.local/lib/python3.11/site-packages/airflow/example_dags/example_dynamic_task_mapping_with_no_taskflow_operators.py
[2024-03-03T08:12:55.571+0000] {logging_mixin.py:188} INFO - [2024-03-03T08:12:55.571+0000] {dag.py:3047} INFO - Sync 1 DAGs
[2024-03-03T08:12:55.598+0000] {logging_mixin.py:188} INFO - [2024-03-03T08:12:55.598+0000] {dag.py:3834} INFO - Setting next_dagrun for example_dynamic_task_mapping_with_no_taskflow_operators to 2024-03-02 00:00:00+00:00, run_after=2024-03-03 00:00:00+00:00
[2024-03-03T08:12:55.616+0000] {processor.py:183} INFO - Processing /home/airflow/.local/lib/python3.11/site-packages/airflow/example_dags/example_dynamic_task_mapping_with_no_taskflow_operators.py took 0.077 seconds
[2024-03-03T08:13:26.046+0000] {processor.py:161} INFO - Started process (PID=450) to work on /home/airflow/.local/lib/python3.11/site-packages/airflow/example_dags/example_dynamic_task_mapping_with_no_taskflow_operators.py
[2024-03-03T08:13:26.047+0000] {processor.py:830} INFO - Processing file /home/airflow/.local/lib/python3.11/site-packages/airflow/example_dags/example_dynamic_task_mapping_with_no_taskflow_operators.py for tasks to queue
[2024-03-03T08:13:26.051+0000] {logging_mixin.py:188} INFO - [2024-03-03T08:13:26.050+0000] {dagbag.py:540} INFO - Filling up the DagBag from /home/airflow/.local/lib/python3.11/site-packages/airflow/example_dags/example_dynamic_task_mapping_with_no_taskflow_operators.py
[2024-03-03T08:13:26.060+0000] {processor.py:840} INFO - DAG(s) 'example_dynamic_task_mapping_with_no_taskflow_operators' retrieved from /home/airflow/.local/lib/python3.11/site-packages/airflow/example_dags/example_dynamic_task_mapping_with_no_taskflow_operators.py
[2024-03-03T08:13:26.090+0000] {logging_mixin.py:188} INFO - [2024-03-03T08:13:26.090+0000] {dag.py:3047} INFO - Sync 1 DAGs
[2024-03-03T08:13:26.121+0000] {logging_mixin.py:188} INFO - [2024-03-03T08:13:26.121+0000] {dag.py:3834} INFO - Setting next_dagrun for example_dynamic_task_mapping_with_no_taskflow_operators to 2024-03-02 00:00:00+00:00, run_after=2024-03-03 00:00:00+00:00
[2024-03-03T08:13:26.142+0000] {processor.py:183} INFO - Processing /home/airflow/.local/lib/python3.11/site-packages/airflow/example_dags/example_dynamic_task_mapping_with_no_taskflow_operators.py took 0.101 seconds
[2024-03-03T08:13:57.070+0000] {processor.py:161} INFO - Started process (PID=509) to work on /home/airflow/.local/lib/python3.11/site-packages/airflow/example_dags/example_dynamic_task_mapping_with_no_taskflow_operators.py
[2024-03-03T08:13:57.072+0000] {processor.py:830} INFO - Processing file /home/airflow/.local/lib/python3.11/site-packages/airflow/example_dags/example_dynamic_task_mapping_with_no_taskflow_operators.py for tasks to queue
[2024-03-03T08:13:57.077+0000] {logging_mixin.py:188} INFO - [2024-03-03T08:13:57.076+0000] {dagbag.py:540} INFO - Filling up the DagBag from /home/airflow/.local/lib/python3.11/site-packages/airflow/example_dags/example_dynamic_task_mapping_with_no_taskflow_operators.py
[2024-03-03T08:13:57.085+0000] {processor.py:840} INFO - DAG(s) 'example_dynamic_task_mapping_with_no_taskflow_operators' retrieved from /home/airflow/.local/lib/python3.11/site-packages/airflow/example_dags/example_dynamic_task_mapping_with_no_taskflow_operators.py
[2024-03-03T08:13:57.113+0000] {logging_mixin.py:188} INFO - [2024-03-03T08:13:57.112+0000] {dag.py:3047} INFO - Sync 1 DAGs
[2024-03-03T08:13:57.159+0000] {logging_mixin.py:188} INFO - [2024-03-03T08:13:57.158+0000] {dag.py:3834} INFO - Setting next_dagrun for example_dynamic_task_mapping_with_no_taskflow_operators to 2024-03-02 00:00:00+00:00, run_after=2024-03-03 00:00:00+00:00
[2024-03-03T08:13:57.192+0000] {processor.py:183} INFO - Processing /home/airflow/.local/lib/python3.11/site-packages/airflow/example_dags/example_dynamic_task_mapping_with_no_taskflow_operators.py took 0.126 seconds
[2024-03-03T08:14:28.010+0000] {processor.py:161} INFO - Started process (PID=568) to work on /home/airflow/.local/lib/python3.11/site-packages/airflow/example_dags/example_dynamic_task_mapping_with_no_taskflow_operators.py
[2024-03-03T08:14:28.011+0000] {processor.py:830} INFO - Processing file /home/airflow/.local/lib/python3.11/site-packages/airflow/example_dags/example_dynamic_task_mapping_with_no_taskflow_operators.py for tasks to queue
[2024-03-03T08:14:28.014+0000] {logging_mixin.py:188} INFO - [2024-03-03T08:14:28.013+0000] {dagbag.py:540} INFO - Filling up the DagBag from /home/airflow/.local/lib/python3.11/site-packages/airflow/example_dags/example_dynamic_task_mapping_with_no_taskflow_operators.py
[2024-03-03T08:14:28.020+0000] {processor.py:840} INFO - DAG(s) 'example_dynamic_task_mapping_with_no_taskflow_operators' retrieved from /home/airflow/.local/lib/python3.11/site-packages/airflow/example_dags/example_dynamic_task_mapping_with_no_taskflow_operators.py
[2024-03-03T08:14:28.041+0000] {logging_mixin.py:188} INFO - [2024-03-03T08:14:28.040+0000] {dag.py:3047} INFO - Sync 1 DAGs
[2024-03-03T08:14:28.064+0000] {logging_mixin.py:188} INFO - [2024-03-03T08:14:28.063+0000] {dag.py:3834} INFO - Setting next_dagrun for example_dynamic_task_mapping_with_no_taskflow_operators to 2024-03-02 00:00:00+00:00, run_after=2024-03-03 00:00:00+00:00
[2024-03-03T08:14:28.082+0000] {processor.py:183} INFO - Processing /home/airflow/.local/lib/python3.11/site-packages/airflow/example_dags/example_dynamic_task_mapping_with_no_taskflow_operators.py took 0.075 seconds
[2024-03-03T08:14:58.580+0000] {processor.py:161} INFO - Started process (PID=624) to work on /home/airflow/.local/lib/python3.11/site-packages/airflow/example_dags/example_dynamic_task_mapping_with_no_taskflow_operators.py
[2024-03-03T08:14:58.581+0000] {processor.py:830} INFO - Processing file /home/airflow/.local/lib/python3.11/site-packages/airflow/example_dags/example_dynamic_task_mapping_with_no_taskflow_operators.py for tasks to queue
[2024-03-03T08:14:58.584+0000] {logging_mixin.py:188} INFO - [2024-03-03T08:14:58.583+0000] {dagbag.py:540} INFO - Filling up the DagBag from /home/airflow/.local/lib/python3.11/site-packages/airflow/example_dags/example_dynamic_task_mapping_with_no_taskflow_operators.py
[2024-03-03T08:14:58.592+0000] {processor.py:840} INFO - DAG(s) 'example_dynamic_task_mapping_with_no_taskflow_operators' retrieved from /home/airflow/.local/lib/python3.11/site-packages/airflow/example_dags/example_dynamic_task_mapping_with_no_taskflow_operators.py
[2024-03-03T08:14:58.614+0000] {logging_mixin.py:188} INFO - [2024-03-03T08:14:58.613+0000] {dag.py:3047} INFO - Sync 1 DAGs
[2024-03-03T08:14:58.635+0000] {logging_mixin.py:188} INFO - [2024-03-03T08:14:58.635+0000] {dag.py:3834} INFO - Setting next_dagrun for example_dynamic_task_mapping_with_no_taskflow_operators to 2024-03-02 00:00:00+00:00, run_after=2024-03-03 00:00:00+00:00
[2024-03-03T08:14:58.655+0000] {processor.py:183} INFO - Processing /home/airflow/.local/lib/python3.11/site-packages/airflow/example_dags/example_dynamic_task_mapping_with_no_taskflow_operators.py took 0.077 seconds
[2024-03-03T08:15:29.441+0000] {processor.py:161} INFO - Started process (PID=680) to work on /home/airflow/.local/lib/python3.11/site-packages/airflow/example_dags/example_dynamic_task_mapping_with_no_taskflow_operators.py
[2024-03-03T08:15:29.441+0000] {processor.py:830} INFO - Processing file /home/airflow/.local/lib/python3.11/site-packages/airflow/example_dags/example_dynamic_task_mapping_with_no_taskflow_operators.py for tasks to queue
[2024-03-03T08:15:29.444+0000] {logging_mixin.py:188} INFO - [2024-03-03T08:15:29.443+0000] {dagbag.py:540} INFO - Filling up the DagBag from /home/airflow/.local/lib/python3.11/site-packages/airflow/example_dags/example_dynamic_task_mapping_with_no_taskflow_operators.py
[2024-03-03T08:15:29.452+0000] {processor.py:840} INFO - DAG(s) 'example_dynamic_task_mapping_with_no_taskflow_operators' retrieved from /home/airflow/.local/lib/python3.11/site-packages/airflow/example_dags/example_dynamic_task_mapping_with_no_taskflow_operators.py
[2024-03-03T08:15:29.472+0000] {logging_mixin.py:188} INFO - [2024-03-03T08:15:29.471+0000] {dag.py:3047} INFO - Sync 1 DAGs
[2024-03-03T08:15:29.493+0000] {logging_mixin.py:188} INFO - [2024-03-03T08:15:29.493+0000] {dag.py:3834} INFO - Setting next_dagrun for example_dynamic_task_mapping_with_no_taskflow_operators to 2024-03-02 00:00:00+00:00, run_after=2024-03-03 00:00:00+00:00
[2024-03-03T08:15:29.510+0000] {processor.py:183} INFO - Processing /home/airflow/.local/lib/python3.11/site-packages/airflow/example_dags/example_dynamic_task_mapping_with_no_taskflow_operators.py took 0.072 seconds
[2024-03-03T08:16:00.383+0000] {processor.py:161} INFO - Started process (PID=736) to work on /home/airflow/.local/lib/python3.11/site-packages/airflow/example_dags/example_dynamic_task_mapping_with_no_taskflow_operators.py
[2024-03-03T08:16:00.384+0000] {processor.py:830} INFO - Processing file /home/airflow/.local/lib/python3.11/site-packages/airflow/example_dags/example_dynamic_task_mapping_with_no_taskflow_operators.py for tasks to queue
[2024-03-03T08:16:00.387+0000] {logging_mixin.py:188} INFO - [2024-03-03T08:16:00.386+0000] {dagbag.py:540} INFO - Filling up the DagBag from /home/airflow/.local/lib/python3.11/site-packages/airflow/example_dags/example_dynamic_task_mapping_with_no_taskflow_operators.py
[2024-03-03T08:16:00.394+0000] {processor.py:840} INFO - DAG(s) 'example_dynamic_task_mapping_with_no_taskflow_operators' retrieved from /home/airflow/.local/lib/python3.11/site-packages/airflow/example_dags/example_dynamic_task_mapping_with_no_taskflow_operators.py
[2024-03-03T08:16:00.416+0000] {logging_mixin.py:188} INFO - [2024-03-03T08:16:00.416+0000] {dag.py:3047} INFO - Sync 1 DAGs
[2024-03-03T08:16:00.442+0000] {logging_mixin.py:188} INFO - [2024-03-03T08:16:00.442+0000] {dag.py:3834} INFO - Setting next_dagrun for example_dynamic_task_mapping_with_no_taskflow_operators to 2024-03-02 00:00:00+00:00, run_after=2024-03-03 00:00:00+00:00
[2024-03-03T08:16:00.460+0000] {processor.py:183} INFO - Processing /home/airflow/.local/lib/python3.11/site-packages/airflow/example_dags/example_dynamic_task_mapping_with_no_taskflow_operators.py took 0.080 seconds
[2024-03-03T08:16:30.965+0000] {processor.py:161} INFO - Started process (PID=792) to work on /home/airflow/.local/lib/python3.11/site-packages/airflow/example_dags/example_dynamic_task_mapping_with_no_taskflow_operators.py
[2024-03-03T08:16:30.966+0000] {processor.py:830} INFO - Processing file /home/airflow/.local/lib/python3.11/site-packages/airflow/example_dags/example_dynamic_task_mapping_with_no_taskflow_operators.py for tasks to queue
[2024-03-03T08:16:30.969+0000] {logging_mixin.py:188} INFO - [2024-03-03T08:16:30.968+0000] {dagbag.py:540} INFO - Filling up the DagBag from /home/airflow/.local/lib/python3.11/site-packages/airflow/example_dags/example_dynamic_task_mapping_with_no_taskflow_operators.py
[2024-03-03T08:16:30.977+0000] {processor.py:840} INFO - DAG(s) 'example_dynamic_task_mapping_with_no_taskflow_operators' retrieved from /home/airflow/.local/lib/python3.11/site-packages/airflow/example_dags/example_dynamic_task_mapping_with_no_taskflow_operators.py
[2024-03-03T08:16:31.003+0000] {logging_mixin.py:188} INFO - [2024-03-03T08:16:31.003+0000] {dag.py:3047} INFO - Sync 1 DAGs
[2024-03-03T08:16:31.048+0000] {logging_mixin.py:188} INFO - [2024-03-03T08:16:31.048+0000] {dag.py:3834} INFO - Setting next_dagrun for example_dynamic_task_mapping_with_no_taskflow_operators to 2024-03-02 00:00:00+00:00, run_after=2024-03-03 00:00:00+00:00
[2024-03-03T08:16:31.071+0000] {processor.py:183} INFO - Processing /home/airflow/.local/lib/python3.11/site-packages/airflow/example_dags/example_dynamic_task_mapping_with_no_taskflow_operators.py took 0.110 seconds
[2024-03-03T08:17:01.683+0000] {processor.py:161} INFO - Started process (PID=848) to work on /home/airflow/.local/lib/python3.11/site-packages/airflow/example_dags/example_dynamic_task_mapping_with_no_taskflow_operators.py
[2024-03-03T08:17:01.684+0000] {processor.py:830} INFO - Processing file /home/airflow/.local/lib/python3.11/site-packages/airflow/example_dags/example_dynamic_task_mapping_with_no_taskflow_operators.py for tasks to queue
[2024-03-03T08:17:01.686+0000] {logging_mixin.py:188} INFO - [2024-03-03T08:17:01.686+0000] {dagbag.py:540} INFO - Filling up the DagBag from /home/airflow/.local/lib/python3.11/site-packages/airflow/example_dags/example_dynamic_task_mapping_with_no_taskflow_operators.py
[2024-03-03T08:17:01.693+0000] {processor.py:840} INFO - DAG(s) 'example_dynamic_task_mapping_with_no_taskflow_operators' retrieved from /home/airflow/.local/lib/python3.11/site-packages/airflow/example_dags/example_dynamic_task_mapping_with_no_taskflow_operators.py
[2024-03-03T08:17:01.712+0000] {logging_mixin.py:188} INFO - [2024-03-03T08:17:01.712+0000] {dag.py:3047} INFO - Sync 1 DAGs
[2024-03-03T08:17:01.733+0000] {logging_mixin.py:188} INFO - [2024-03-03T08:17:01.733+0000] {dag.py:3834} INFO - Setting next_dagrun for example_dynamic_task_mapping_with_no_taskflow_operators to 2024-03-02 00:00:00+00:00, run_after=2024-03-03 00:00:00+00:00
[2024-03-03T08:17:01.750+0000] {processor.py:183} INFO - Processing /home/airflow/.local/lib/python3.11/site-packages/airflow/example_dags/example_dynamic_task_mapping_with_no_taskflow_operators.py took 0.071 seconds
[2024-03-03T08:17:32.135+0000] {processor.py:161} INFO - Started process (PID=904) to work on /home/airflow/.local/lib/python3.11/site-packages/airflow/example_dags/example_dynamic_task_mapping_with_no_taskflow_operators.py
[2024-03-03T08:17:32.136+0000] {processor.py:830} INFO - Processing file /home/airflow/.local/lib/python3.11/site-packages/airflow/example_dags/example_dynamic_task_mapping_with_no_taskflow_operators.py for tasks to queue
[2024-03-03T08:17:32.139+0000] {logging_mixin.py:188} INFO - [2024-03-03T08:17:32.138+0000] {dagbag.py:540} INFO - Filling up the DagBag from /home/airflow/.local/lib/python3.11/site-packages/airflow/example_dags/example_dynamic_task_mapping_with_no_taskflow_operators.py
[2024-03-03T08:17:32.147+0000] {processor.py:840} INFO - DAG(s) 'example_dynamic_task_mapping_with_no_taskflow_operators' retrieved from /home/airflow/.local/lib/python3.11/site-packages/airflow/example_dags/example_dynamic_task_mapping_with_no_taskflow_operators.py
[2024-03-03T08:17:32.170+0000] {logging_mixin.py:188} INFO - [2024-03-03T08:17:32.170+0000] {dag.py:3047} INFO - Sync 1 DAGs
[2024-03-03T08:17:32.195+0000] {logging_mixin.py:188} INFO - [2024-03-03T08:17:32.195+0000] {dag.py:3834} INFO - Setting next_dagrun for example_dynamic_task_mapping_with_no_taskflow_operators to 2024-03-02 00:00:00+00:00, run_after=2024-03-03 00:00:00+00:00
[2024-03-03T08:17:32.218+0000] {processor.py:183} INFO - Processing /home/airflow/.local/lib/python3.11/site-packages/airflow/example_dags/example_dynamic_task_mapping_with_no_taskflow_operators.py took 0.088 seconds
[2024-03-03T08:18:02.588+0000] {processor.py:161} INFO - Started process (PID=959) to work on /home/airflow/.local/lib/python3.11/site-packages/airflow/example_dags/example_dynamic_task_mapping_with_no_taskflow_operators.py
[2024-03-03T08:18:02.589+0000] {processor.py:830} INFO - Processing file /home/airflow/.local/lib/python3.11/site-packages/airflow/example_dags/example_dynamic_task_mapping_with_no_taskflow_operators.py for tasks to queue
[2024-03-03T08:18:02.590+0000] {logging_mixin.py:188} INFO - [2024-03-03T08:18:02.590+0000] {dagbag.py:540} INFO - Filling up the DagBag from /home/airflow/.local/lib/python3.11/site-packages/airflow/example_dags/example_dynamic_task_mapping_with_no_taskflow_operators.py
[2024-03-03T08:18:02.597+0000] {processor.py:840} INFO - DAG(s) 'example_dynamic_task_mapping_with_no_taskflow_operators' retrieved from /home/airflow/.local/lib/python3.11/site-packages/airflow/example_dags/example_dynamic_task_mapping_with_no_taskflow_operators.py
[2024-03-03T08:18:02.617+0000] {logging_mixin.py:188} INFO - [2024-03-03T08:18:02.617+0000] {dag.py:3047} INFO - Sync 1 DAGs
[2024-03-03T08:18:02.638+0000] {logging_mixin.py:188} INFO - [2024-03-03T08:18:02.638+0000] {dag.py:3834} INFO - Setting next_dagrun for example_dynamic_task_mapping_with_no_taskflow_operators to 2024-03-02 00:00:00+00:00, run_after=2024-03-03 00:00:00+00:00
[2024-03-03T08:18:02.654+0000] {processor.py:183} INFO - Processing /home/airflow/.local/lib/python3.11/site-packages/airflow/example_dags/example_dynamic_task_mapping_with_no_taskflow_operators.py took 0.069 seconds
