[2024-03-03T08:09:52.286+0000] {processor.py:161} INFO - Started process (PID=69) to work on /home/airflow/.local/lib/python3.11/site-packages/airflow/example_dags/example_sensor_decorator.py
[2024-03-03T08:09:52.286+0000] {processor.py:830} INFO - Processing file /home/airflow/.local/lib/python3.11/site-packages/airflow/example_dags/example_sensor_decorator.py for tasks to queue
[2024-03-03T08:09:52.288+0000] {logging_mixin.py:188} INFO - [2024-03-03T08:09:52.288+0000] {dagbag.py:540} INFO - Filling up the DagBag from /home/airflow/.local/lib/python3.11/site-packages/airflow/example_dags/example_sensor_decorator.py
[2024-03-03T08:09:52.295+0000] {processor.py:840} INFO - DAG(s) 'example_sensor_decorator' retrieved from /home/airflow/.local/lib/python3.11/site-packages/airflow/example_dags/example_sensor_decorator.py
[2024-03-03T08:09:52.411+0000] {logging_mixin.py:188} INFO - [2024-03-03T08:09:52.411+0000] {override.py:1769} INFO - Created Permission View: can edit on DAG:example_sensor_decorator
[2024-03-03T08:09:52.420+0000] {logging_mixin.py:188} INFO - [2024-03-03T08:09:52.419+0000] {override.py:1769} INFO - Created Permission View: can read on DAG:example_sensor_decorator
[2024-03-03T08:09:52.426+0000] {logging_mixin.py:188} INFO - [2024-03-03T08:09:52.426+0000] {override.py:1769} INFO - Created Permission View: can delete on DAG:example_sensor_decorator
[2024-03-03T08:09:52.426+0000] {logging_mixin.py:188} INFO - [2024-03-03T08:09:52.426+0000] {dag.py:3047} INFO - Sync 1 DAGs
[2024-03-03T08:09:52.436+0000] {logging_mixin.py:188} INFO - [2024-03-03T08:09:52.435+0000] {dag.py:3069} INFO - Creating ORM DAG for example_sensor_decorator
[2024-03-03T08:09:52.437+0000] {logging_mixin.py:188} INFO - [2024-03-03T08:09:52.437+0000] {dag.py:3834} INFO - Setting next_dagrun for example_sensor_decorator to None, run_after=None
[2024-03-03T08:09:52.460+0000] {processor.py:183} INFO - Processing /home/airflow/.local/lib/python3.11/site-packages/airflow/example_dags/example_sensor_decorator.py took 0.178 seconds
[2024-03-03T08:10:23.009+0000] {processor.py:161} INFO - Started process (PID=124) to work on /home/airflow/.local/lib/python3.11/site-packages/airflow/example_dags/example_sensor_decorator.py
[2024-03-03T08:10:23.010+0000] {processor.py:830} INFO - Processing file /home/airflow/.local/lib/python3.11/site-packages/airflow/example_dags/example_sensor_decorator.py for tasks to queue
[2024-03-03T08:10:23.013+0000] {logging_mixin.py:188} INFO - [2024-03-03T08:10:23.012+0000] {dagbag.py:540} INFO - Filling up the DagBag from /home/airflow/.local/lib/python3.11/site-packages/airflow/example_dags/example_sensor_decorator.py
[2024-03-03T08:10:23.019+0000] {processor.py:840} INFO - DAG(s) 'example_sensor_decorator' retrieved from /home/airflow/.local/lib/python3.11/site-packages/airflow/example_dags/example_sensor_decorator.py
[2024-03-03T08:10:23.037+0000] {logging_mixin.py:188} INFO - [2024-03-03T08:10:23.037+0000] {dag.py:3047} INFO - Sync 1 DAGs
[2024-03-03T08:10:23.049+0000] {logging_mixin.py:188} INFO - [2024-03-03T08:10:23.049+0000] {dag.py:3834} INFO - Setting next_dagrun for example_sensor_decorator to None, run_after=None
[2024-03-03T08:10:23.066+0000] {processor.py:183} INFO - Processing /home/airflow/.local/lib/python3.11/site-packages/airflow/example_dags/example_sensor_decorator.py took 0.060 seconds
[2024-03-03T08:10:53.453+0000] {processor.py:161} INFO - Started process (PID=179) to work on /home/airflow/.local/lib/python3.11/site-packages/airflow/example_dags/example_sensor_decorator.py
[2024-03-03T08:10:53.454+0000] {processor.py:830} INFO - Processing file /home/airflow/.local/lib/python3.11/site-packages/airflow/example_dags/example_sensor_decorator.py for tasks to queue
[2024-03-03T08:10:53.457+0000] {logging_mixin.py:188} INFO - [2024-03-03T08:10:53.456+0000] {dagbag.py:540} INFO - Filling up the DagBag from /home/airflow/.local/lib/python3.11/site-packages/airflow/example_dags/example_sensor_decorator.py
[2024-03-03T08:10:53.464+0000] {processor.py:840} INFO - DAG(s) 'example_sensor_decorator' retrieved from /home/airflow/.local/lib/python3.11/site-packages/airflow/example_dags/example_sensor_decorator.py
[2024-03-03T08:10:53.483+0000] {logging_mixin.py:188} INFO - [2024-03-03T08:10:53.483+0000] {dag.py:3047} INFO - Sync 1 DAGs
[2024-03-03T08:10:53.495+0000] {logging_mixin.py:188} INFO - [2024-03-03T08:10:53.495+0000] {dag.py:3834} INFO - Setting next_dagrun for example_sensor_decorator to None, run_after=None
[2024-03-03T08:10:53.512+0000] {processor.py:183} INFO - Processing /home/airflow/.local/lib/python3.11/site-packages/airflow/example_dags/example_sensor_decorator.py took 0.062 seconds
[2024-03-03T08:11:24.069+0000] {processor.py:161} INFO - Started process (PID=234) to work on /home/airflow/.local/lib/python3.11/site-packages/airflow/example_dags/example_sensor_decorator.py
[2024-03-03T08:11:24.070+0000] {processor.py:830} INFO - Processing file /home/airflow/.local/lib/python3.11/site-packages/airflow/example_dags/example_sensor_decorator.py for tasks to queue
[2024-03-03T08:11:24.073+0000] {logging_mixin.py:188} INFO - [2024-03-03T08:11:24.072+0000] {dagbag.py:540} INFO - Filling up the DagBag from /home/airflow/.local/lib/python3.11/site-packages/airflow/example_dags/example_sensor_decorator.py
[2024-03-03T08:11:24.080+0000] {processor.py:840} INFO - DAG(s) 'example_sensor_decorator' retrieved from /home/airflow/.local/lib/python3.11/site-packages/airflow/example_dags/example_sensor_decorator.py
[2024-03-03T08:11:24.097+0000] {logging_mixin.py:188} INFO - [2024-03-03T08:11:24.097+0000] {dag.py:3047} INFO - Sync 1 DAGs
[2024-03-03T08:11:24.109+0000] {logging_mixin.py:188} INFO - [2024-03-03T08:11:24.109+0000] {dag.py:3834} INFO - Setting next_dagrun for example_sensor_decorator to None, run_after=None
[2024-03-03T08:11:24.127+0000] {processor.py:183} INFO - Processing /home/airflow/.local/lib/python3.11/site-packages/airflow/example_dags/example_sensor_decorator.py took 0.062 seconds
[2024-03-03T08:11:54.596+0000] {processor.py:161} INFO - Started process (PID=289) to work on /home/airflow/.local/lib/python3.11/site-packages/airflow/example_dags/example_sensor_decorator.py
[2024-03-03T08:11:54.597+0000] {processor.py:830} INFO - Processing file /home/airflow/.local/lib/python3.11/site-packages/airflow/example_dags/example_sensor_decorator.py for tasks to queue
[2024-03-03T08:11:54.600+0000] {logging_mixin.py:188} INFO - [2024-03-03T08:11:54.599+0000] {dagbag.py:540} INFO - Filling up the DagBag from /home/airflow/.local/lib/python3.11/site-packages/airflow/example_dags/example_sensor_decorator.py
[2024-03-03T08:11:54.608+0000] {processor.py:840} INFO - DAG(s) 'example_sensor_decorator' retrieved from /home/airflow/.local/lib/python3.11/site-packages/airflow/example_dags/example_sensor_decorator.py
[2024-03-03T08:11:54.628+0000] {logging_mixin.py:188} INFO - [2024-03-03T08:11:54.628+0000] {dag.py:3047} INFO - Sync 1 DAGs
[2024-03-03T08:11:54.639+0000] {logging_mixin.py:188} INFO - [2024-03-03T08:11:54.639+0000] {dag.py:3834} INFO - Setting next_dagrun for example_sensor_decorator to None, run_after=None
[2024-03-03T08:11:54.657+0000] {processor.py:183} INFO - Processing /home/airflow/.local/lib/python3.11/site-packages/airflow/example_dags/example_sensor_decorator.py took 0.063 seconds
[2024-03-03T08:12:25.190+0000] {processor.py:161} INFO - Started process (PID=344) to work on /home/airflow/.local/lib/python3.11/site-packages/airflow/example_dags/example_sensor_decorator.py
[2024-03-03T08:12:25.191+0000] {processor.py:830} INFO - Processing file /home/airflow/.local/lib/python3.11/site-packages/airflow/example_dags/example_sensor_decorator.py for tasks to queue
[2024-03-03T08:12:25.194+0000] {logging_mixin.py:188} INFO - [2024-03-03T08:12:25.193+0000] {dagbag.py:540} INFO - Filling up the DagBag from /home/airflow/.local/lib/python3.11/site-packages/airflow/example_dags/example_sensor_decorator.py
[2024-03-03T08:12:25.200+0000] {processor.py:840} INFO - DAG(s) 'example_sensor_decorator' retrieved from /home/airflow/.local/lib/python3.11/site-packages/airflow/example_dags/example_sensor_decorator.py
[2024-03-03T08:12:25.218+0000] {logging_mixin.py:188} INFO - [2024-03-03T08:12:25.218+0000] {dag.py:3047} INFO - Sync 1 DAGs
[2024-03-03T08:12:25.230+0000] {logging_mixin.py:188} INFO - [2024-03-03T08:12:25.230+0000] {dag.py:3834} INFO - Setting next_dagrun for example_sensor_decorator to None, run_after=None
[2024-03-03T08:12:25.248+0000] {processor.py:183} INFO - Processing /home/airflow/.local/lib/python3.11/site-packages/airflow/example_dags/example_sensor_decorator.py took 0.062 seconds
[2024-03-03T08:12:55.731+0000] {processor.py:161} INFO - Started process (PID=399) to work on /home/airflow/.local/lib/python3.11/site-packages/airflow/example_dags/example_sensor_decorator.py
[2024-03-03T08:12:55.732+0000] {processor.py:830} INFO - Processing file /home/airflow/.local/lib/python3.11/site-packages/airflow/example_dags/example_sensor_decorator.py for tasks to queue
[2024-03-03T08:12:55.734+0000] {logging_mixin.py:188} INFO - [2024-03-03T08:12:55.734+0000] {dagbag.py:540} INFO - Filling up the DagBag from /home/airflow/.local/lib/python3.11/site-packages/airflow/example_dags/example_sensor_decorator.py
[2024-03-03T08:12:55.741+0000] {processor.py:840} INFO - DAG(s) 'example_sensor_decorator' retrieved from /home/airflow/.local/lib/python3.11/site-packages/airflow/example_dags/example_sensor_decorator.py
[2024-03-03T08:12:55.760+0000] {logging_mixin.py:188} INFO - [2024-03-03T08:12:55.760+0000] {dag.py:3047} INFO - Sync 1 DAGs
[2024-03-03T08:12:55.776+0000] {logging_mixin.py:188} INFO - [2024-03-03T08:12:55.775+0000] {dag.py:3834} INFO - Setting next_dagrun for example_sensor_decorator to None, run_after=None
[2024-03-03T08:12:55.795+0000] {processor.py:183} INFO - Processing /home/airflow/.local/lib/python3.11/site-packages/airflow/example_dags/example_sensor_decorator.py took 0.067 seconds
[2024-03-03T08:13:26.270+0000] {processor.py:161} INFO - Started process (PID=454) to work on /home/airflow/.local/lib/python3.11/site-packages/airflow/example_dags/example_sensor_decorator.py
[2024-03-03T08:13:26.271+0000] {processor.py:830} INFO - Processing file /home/airflow/.local/lib/python3.11/site-packages/airflow/example_dags/example_sensor_decorator.py for tasks to queue
[2024-03-03T08:13:26.273+0000] {logging_mixin.py:188} INFO - [2024-03-03T08:13:26.273+0000] {dagbag.py:540} INFO - Filling up the DagBag from /home/airflow/.local/lib/python3.11/site-packages/airflow/example_dags/example_sensor_decorator.py
[2024-03-03T08:13:26.283+0000] {processor.py:840} INFO - DAG(s) 'example_sensor_decorator' retrieved from /home/airflow/.local/lib/python3.11/site-packages/airflow/example_dags/example_sensor_decorator.py
[2024-03-03T08:13:26.307+0000] {logging_mixin.py:188} INFO - [2024-03-03T08:13:26.306+0000] {dag.py:3047} INFO - Sync 1 DAGs
[2024-03-03T08:13:26.322+0000] {logging_mixin.py:188} INFO - [2024-03-03T08:13:26.322+0000] {dag.py:3834} INFO - Setting next_dagrun for example_sensor_decorator to None, run_after=None
[2024-03-03T08:13:26.349+0000] {processor.py:183} INFO - Processing /home/airflow/.local/lib/python3.11/site-packages/airflow/example_dags/example_sensor_decorator.py took 0.083 seconds
[2024-03-03T08:13:57.403+0000] {processor.py:161} INFO - Started process (PID=513) to work on /home/airflow/.local/lib/python3.11/site-packages/airflow/example_dags/example_sensor_decorator.py
[2024-03-03T08:13:57.404+0000] {processor.py:830} INFO - Processing file /home/airflow/.local/lib/python3.11/site-packages/airflow/example_dags/example_sensor_decorator.py for tasks to queue
[2024-03-03T08:13:57.408+0000] {logging_mixin.py:188} INFO - [2024-03-03T08:13:57.407+0000] {dagbag.py:540} INFO - Filling up the DagBag from /home/airflow/.local/lib/python3.11/site-packages/airflow/example_dags/example_sensor_decorator.py
[2024-03-03T08:13:57.424+0000] {processor.py:840} INFO - DAG(s) 'example_sensor_decorator' retrieved from /home/airflow/.local/lib/python3.11/site-packages/airflow/example_dags/example_sensor_decorator.py
[2024-03-03T08:13:57.455+0000] {logging_mixin.py:188} INFO - [2024-03-03T08:13:57.455+0000] {dag.py:3047} INFO - Sync 1 DAGs
[2024-03-03T08:13:57.478+0000] {logging_mixin.py:188} INFO - [2024-03-03T08:13:57.477+0000] {dag.py:3834} INFO - Setting next_dagrun for example_sensor_decorator to None, run_after=None
[2024-03-03T08:13:57.533+0000] {processor.py:183} INFO - Processing /home/airflow/.local/lib/python3.11/site-packages/airflow/example_dags/example_sensor_decorator.py took 0.136 seconds
[2024-03-03T08:14:28.201+0000] {processor.py:161} INFO - Started process (PID=572) to work on /home/airflow/.local/lib/python3.11/site-packages/airflow/example_dags/example_sensor_decorator.py
[2024-03-03T08:14:28.202+0000] {processor.py:830} INFO - Processing file /home/airflow/.local/lib/python3.11/site-packages/airflow/example_dags/example_sensor_decorator.py for tasks to queue
[2024-03-03T08:14:28.205+0000] {logging_mixin.py:188} INFO - [2024-03-03T08:14:28.204+0000] {dagbag.py:540} INFO - Filling up the DagBag from /home/airflow/.local/lib/python3.11/site-packages/airflow/example_dags/example_sensor_decorator.py
[2024-03-03T08:14:28.212+0000] {processor.py:840} INFO - DAG(s) 'example_sensor_decorator' retrieved from /home/airflow/.local/lib/python3.11/site-packages/airflow/example_dags/example_sensor_decorator.py
[2024-03-03T08:14:28.232+0000] {logging_mixin.py:188} INFO - [2024-03-03T08:14:28.232+0000] {dag.py:3047} INFO - Sync 1 DAGs
[2024-03-03T08:14:28.248+0000] {logging_mixin.py:188} INFO - [2024-03-03T08:14:28.247+0000] {dag.py:3834} INFO - Setting next_dagrun for example_sensor_decorator to None, run_after=None
[2024-03-03T08:14:28.270+0000] {processor.py:183} INFO - Processing /home/airflow/.local/lib/python3.11/site-packages/airflow/example_dags/example_sensor_decorator.py took 0.073 seconds
[2024-03-03T08:14:58.752+0000] {processor.py:161} INFO - Started process (PID=628) to work on /home/airflow/.local/lib/python3.11/site-packages/airflow/example_dags/example_sensor_decorator.py
[2024-03-03T08:14:58.753+0000] {processor.py:830} INFO - Processing file /home/airflow/.local/lib/python3.11/site-packages/airflow/example_dags/example_sensor_decorator.py for tasks to queue
[2024-03-03T08:14:58.756+0000] {logging_mixin.py:188} INFO - [2024-03-03T08:14:58.755+0000] {dagbag.py:540} INFO - Filling up the DagBag from /home/airflow/.local/lib/python3.11/site-packages/airflow/example_dags/example_sensor_decorator.py
[2024-03-03T08:14:58.764+0000] {processor.py:840} INFO - DAG(s) 'example_sensor_decorator' retrieved from /home/airflow/.local/lib/python3.11/site-packages/airflow/example_dags/example_sensor_decorator.py
[2024-03-03T08:14:58.781+0000] {logging_mixin.py:188} INFO - [2024-03-03T08:14:58.781+0000] {dag.py:3047} INFO - Sync 1 DAGs
[2024-03-03T08:14:58.793+0000] {logging_mixin.py:188} INFO - [2024-03-03T08:14:58.793+0000] {dag.py:3834} INFO - Setting next_dagrun for example_sensor_decorator to None, run_after=None
[2024-03-03T08:14:58.811+0000] {processor.py:183} INFO - Processing /home/airflow/.local/lib/python3.11/site-packages/airflow/example_dags/example_sensor_decorator.py took 0.061 seconds
[2024-03-03T08:15:29.607+0000] {processor.py:161} INFO - Started process (PID=684) to work on /home/airflow/.local/lib/python3.11/site-packages/airflow/example_dags/example_sensor_decorator.py
[2024-03-03T08:15:29.608+0000] {processor.py:830} INFO - Processing file /home/airflow/.local/lib/python3.11/site-packages/airflow/example_dags/example_sensor_decorator.py for tasks to queue
[2024-03-03T08:15:29.610+0000] {logging_mixin.py:188} INFO - [2024-03-03T08:15:29.610+0000] {dagbag.py:540} INFO - Filling up the DagBag from /home/airflow/.local/lib/python3.11/site-packages/airflow/example_dags/example_sensor_decorator.py
[2024-03-03T08:15:29.618+0000] {processor.py:840} INFO - DAG(s) 'example_sensor_decorator' retrieved from /home/airflow/.local/lib/python3.11/site-packages/airflow/example_dags/example_sensor_decorator.py
[2024-03-03T08:15:29.637+0000] {logging_mixin.py:188} INFO - [2024-03-03T08:15:29.636+0000] {dag.py:3047} INFO - Sync 1 DAGs
[2024-03-03T08:15:29.649+0000] {logging_mixin.py:188} INFO - [2024-03-03T08:15:29.649+0000] {dag.py:3834} INFO - Setting next_dagrun for example_sensor_decorator to None, run_after=None
[2024-03-03T08:15:29.669+0000] {processor.py:183} INFO - Processing /home/airflow/.local/lib/python3.11/site-packages/airflow/example_dags/example_sensor_decorator.py took 0.065 seconds
[2024-03-03T08:16:00.566+0000] {processor.py:161} INFO - Started process (PID=740) to work on /home/airflow/.local/lib/python3.11/site-packages/airflow/example_dags/example_sensor_decorator.py
[2024-03-03T08:16:00.567+0000] {processor.py:830} INFO - Processing file /home/airflow/.local/lib/python3.11/site-packages/airflow/example_dags/example_sensor_decorator.py for tasks to queue
[2024-03-03T08:16:00.569+0000] {logging_mixin.py:188} INFO - [2024-03-03T08:16:00.569+0000] {dagbag.py:540} INFO - Filling up the DagBag from /home/airflow/.local/lib/python3.11/site-packages/airflow/example_dags/example_sensor_decorator.py
[2024-03-03T08:16:00.577+0000] {processor.py:840} INFO - DAG(s) 'example_sensor_decorator' retrieved from /home/airflow/.local/lib/python3.11/site-packages/airflow/example_dags/example_sensor_decorator.py
[2024-03-03T08:16:00.597+0000] {logging_mixin.py:188} INFO - [2024-03-03T08:16:00.597+0000] {dag.py:3047} INFO - Sync 1 DAGs
[2024-03-03T08:16:00.611+0000] {logging_mixin.py:188} INFO - [2024-03-03T08:16:00.611+0000] {dag.py:3834} INFO - Setting next_dagrun for example_sensor_decorator to None, run_after=None
[2024-03-03T08:16:00.632+0000] {processor.py:183} INFO - Processing /home/airflow/.local/lib/python3.11/site-packages/airflow/example_dags/example_sensor_decorator.py took 0.069 seconds
[2024-03-03T08:16:31.230+0000] {processor.py:161} INFO - Started process (PID=796) to work on /home/airflow/.local/lib/python3.11/site-packages/airflow/example_dags/example_sensor_decorator.py
[2024-03-03T08:16:31.231+0000] {processor.py:830} INFO - Processing file /home/airflow/.local/lib/python3.11/site-packages/airflow/example_dags/example_sensor_decorator.py for tasks to queue
[2024-03-03T08:16:31.234+0000] {logging_mixin.py:188} INFO - [2024-03-03T08:16:31.233+0000] {dagbag.py:540} INFO - Filling up the DagBag from /home/airflow/.local/lib/python3.11/site-packages/airflow/example_dags/example_sensor_decorator.py
[2024-03-03T08:16:31.242+0000] {processor.py:840} INFO - DAG(s) 'example_sensor_decorator' retrieved from /home/airflow/.local/lib/python3.11/site-packages/airflow/example_dags/example_sensor_decorator.py
[2024-03-03T08:16:31.268+0000] {logging_mixin.py:188} INFO - [2024-03-03T08:16:31.268+0000] {dag.py:3047} INFO - Sync 1 DAGs
[2024-03-03T08:16:31.285+0000] {logging_mixin.py:188} INFO - [2024-03-03T08:16:31.285+0000] {dag.py:3834} INFO - Setting next_dagrun for example_sensor_decorator to None, run_after=None
[2024-03-03T08:16:31.318+0000] {processor.py:183} INFO - Processing /home/airflow/.local/lib/python3.11/site-packages/airflow/example_dags/example_sensor_decorator.py took 0.092 seconds
[2024-03-03T08:17:01.862+0000] {processor.py:161} INFO - Started process (PID=852) to work on /home/airflow/.local/lib/python3.11/site-packages/airflow/example_dags/example_sensor_decorator.py
[2024-03-03T08:17:01.863+0000] {processor.py:830} INFO - Processing file /home/airflow/.local/lib/python3.11/site-packages/airflow/example_dags/example_sensor_decorator.py for tasks to queue
[2024-03-03T08:17:01.865+0000] {logging_mixin.py:188} INFO - [2024-03-03T08:17:01.865+0000] {dagbag.py:540} INFO - Filling up the DagBag from /home/airflow/.local/lib/python3.11/site-packages/airflow/example_dags/example_sensor_decorator.py
[2024-03-03T08:17:01.873+0000] {processor.py:840} INFO - DAG(s) 'example_sensor_decorator' retrieved from /home/airflow/.local/lib/python3.11/site-packages/airflow/example_dags/example_sensor_decorator.py
[2024-03-03T08:17:01.893+0000] {logging_mixin.py:188} INFO - [2024-03-03T08:17:01.893+0000] {dag.py:3047} INFO - Sync 1 DAGs
[2024-03-03T08:17:01.907+0000] {logging_mixin.py:188} INFO - [2024-03-03T08:17:01.907+0000] {dag.py:3834} INFO - Setting next_dagrun for example_sensor_decorator to None, run_after=None
[2024-03-03T08:17:01.927+0000] {processor.py:183} INFO - Processing /home/airflow/.local/lib/python3.11/site-packages/airflow/example_dags/example_sensor_decorator.py took 0.070 seconds
[2024-03-03T08:17:32.315+0000] {processor.py:161} INFO - Started process (PID=908) to work on /home/airflow/.local/lib/python3.11/site-packages/airflow/example_dags/example_sensor_decorator.py
[2024-03-03T08:17:32.316+0000] {processor.py:830} INFO - Processing file /home/airflow/.local/lib/python3.11/site-packages/airflow/example_dags/example_sensor_decorator.py for tasks to queue
[2024-03-03T08:17:32.319+0000] {logging_mixin.py:188} INFO - [2024-03-03T08:17:32.318+0000] {dagbag.py:540} INFO - Filling up the DagBag from /home/airflow/.local/lib/python3.11/site-packages/airflow/example_dags/example_sensor_decorator.py
[2024-03-03T08:17:32.325+0000] {processor.py:840} INFO - DAG(s) 'example_sensor_decorator' retrieved from /home/airflow/.local/lib/python3.11/site-packages/airflow/example_dags/example_sensor_decorator.py
[2024-03-03T08:17:32.343+0000] {logging_mixin.py:188} INFO - [2024-03-03T08:17:32.343+0000] {dag.py:3047} INFO - Sync 1 DAGs
[2024-03-03T08:17:32.355+0000] {logging_mixin.py:188} INFO - [2024-03-03T08:17:32.355+0000] {dag.py:3834} INFO - Setting next_dagrun for example_sensor_decorator to None, run_after=None
[2024-03-03T08:17:32.371+0000] {processor.py:183} INFO - Processing /home/airflow/.local/lib/python3.11/site-packages/airflow/example_dags/example_sensor_decorator.py took 0.060 seconds
[2024-03-03T08:18:02.757+0000] {processor.py:161} INFO - Started process (PID=963) to work on /home/airflow/.local/lib/python3.11/site-packages/airflow/example_dags/example_sensor_decorator.py
[2024-03-03T08:18:02.759+0000] {processor.py:830} INFO - Processing file /home/airflow/.local/lib/python3.11/site-packages/airflow/example_dags/example_sensor_decorator.py for tasks to queue
[2024-03-03T08:18:02.760+0000] {logging_mixin.py:188} INFO - [2024-03-03T08:18:02.760+0000] {dagbag.py:540} INFO - Filling up the DagBag from /home/airflow/.local/lib/python3.11/site-packages/airflow/example_dags/example_sensor_decorator.py
[2024-03-03T08:18:02.767+0000] {processor.py:840} INFO - DAG(s) 'example_sensor_decorator' retrieved from /home/airflow/.local/lib/python3.11/site-packages/airflow/example_dags/example_sensor_decorator.py
[2024-03-03T08:18:02.787+0000] {logging_mixin.py:188} INFO - [2024-03-03T08:18:02.787+0000] {dag.py:3047} INFO - Sync 1 DAGs
[2024-03-03T08:18:02.802+0000] {logging_mixin.py:188} INFO - [2024-03-03T08:18:02.802+0000] {dag.py:3834} INFO - Setting next_dagrun for example_sensor_decorator to None, run_after=None
[2024-03-03T08:18:02.820+0000] {processor.py:183} INFO - Processing /home/airflow/.local/lib/python3.11/site-packages/airflow/example_dags/example_sensor_decorator.py took 0.066 seconds
