[2024-03-03T08:09:47.923+0000] {processor.py:161} INFO - Started process (PID=35) to work on /home/airflow/.local/lib/python3.11/site-packages/airflow/example_dags/example_python_decorator.py
[2024-03-03T08:09:47.924+0000] {processor.py:830} INFO - Processing file /home/airflow/.local/lib/python3.11/site-packages/airflow/example_dags/example_python_decorator.py for tasks to queue
[2024-03-03T08:09:47.927+0000] {logging_mixin.py:188} INFO - [2024-03-03T08:09:47.926+0000] {dagbag.py:540} INFO - Filling up the DagBag from /home/airflow/.local/lib/python3.11/site-packages/airflow/example_dags/example_python_decorator.py
[2024-03-03T08:09:47.949+0000] {processor.py:840} INFO - DAG(s) 'example_python_decorator' retrieved from /home/airflow/.local/lib/python3.11/site-packages/airflow/example_dags/example_python_decorator.py
[2024-03-03T08:09:48.074+0000] {logging_mixin.py:188} INFO - [2024-03-03T08:09:48.073+0000] {override.py:1769} INFO - Created Permission View: can edit on DAG:example_python_decorator
[2024-03-03T08:09:48.087+0000] {logging_mixin.py:188} INFO - [2024-03-03T08:09:48.086+0000] {override.py:1769} INFO - Created Permission View: can read on DAG:example_python_decorator
[2024-03-03T08:09:48.094+0000] {logging_mixin.py:188} INFO - [2024-03-03T08:09:48.094+0000] {override.py:1769} INFO - Created Permission View: can delete on DAG:example_python_decorator
[2024-03-03T08:09:48.095+0000] {logging_mixin.py:188} INFO - [2024-03-03T08:09:48.095+0000] {dag.py:3047} INFO - Sync 1 DAGs
[2024-03-03T08:09:48.112+0000] {logging_mixin.py:188} INFO - [2024-03-03T08:09:48.111+0000] {dag.py:3069} INFO - Creating ORM DAG for example_python_decorator
[2024-03-03T08:09:48.113+0000] {logging_mixin.py:188} INFO - [2024-03-03T08:09:48.113+0000] {dag.py:3834} INFO - Setting next_dagrun for example_python_decorator to None, run_after=None
[2024-03-03T08:09:48.140+0000] {processor.py:183} INFO - Processing /home/airflow/.local/lib/python3.11/site-packages/airflow/example_dags/example_python_decorator.py took 0.219 seconds
[2024-03-03T08:10:18.444+0000] {processor.py:161} INFO - Started process (PID=90) to work on /home/airflow/.local/lib/python3.11/site-packages/airflow/example_dags/example_python_decorator.py
[2024-03-03T08:10:18.445+0000] {processor.py:830} INFO - Processing file /home/airflow/.local/lib/python3.11/site-packages/airflow/example_dags/example_python_decorator.py for tasks to queue
[2024-03-03T08:10:18.447+0000] {logging_mixin.py:188} INFO - [2024-03-03T08:10:18.447+0000] {dagbag.py:540} INFO - Filling up the DagBag from /home/airflow/.local/lib/python3.11/site-packages/airflow/example_dags/example_python_decorator.py
[2024-03-03T08:10:18.459+0000] {processor.py:840} INFO - DAG(s) 'example_python_decorator' retrieved from /home/airflow/.local/lib/python3.11/site-packages/airflow/example_dags/example_python_decorator.py
[2024-03-03T08:10:18.477+0000] {logging_mixin.py:188} INFO - [2024-03-03T08:10:18.477+0000] {dag.py:3047} INFO - Sync 1 DAGs
[2024-03-03T08:10:18.488+0000] {logging_mixin.py:188} INFO - [2024-03-03T08:10:18.488+0000] {dag.py:3834} INFO - Setting next_dagrun for example_python_decorator to None, run_after=None
[2024-03-03T08:10:18.504+0000] {processor.py:183} INFO - Processing /home/airflow/.local/lib/python3.11/site-packages/airflow/example_dags/example_python_decorator.py took 0.062 seconds
[2024-03-03T08:10:48.846+0000] {processor.py:161} INFO - Started process (PID=145) to work on /home/airflow/.local/lib/python3.11/site-packages/airflow/example_dags/example_python_decorator.py
[2024-03-03T08:10:48.847+0000] {processor.py:830} INFO - Processing file /home/airflow/.local/lib/python3.11/site-packages/airflow/example_dags/example_python_decorator.py for tasks to queue
[2024-03-03T08:10:48.849+0000] {logging_mixin.py:188} INFO - [2024-03-03T08:10:48.849+0000] {dagbag.py:540} INFO - Filling up the DagBag from /home/airflow/.local/lib/python3.11/site-packages/airflow/example_dags/example_python_decorator.py
[2024-03-03T08:10:48.861+0000] {processor.py:840} INFO - DAG(s) 'example_python_decorator' retrieved from /home/airflow/.local/lib/python3.11/site-packages/airflow/example_dags/example_python_decorator.py
[2024-03-03T08:10:48.879+0000] {logging_mixin.py:188} INFO - [2024-03-03T08:10:48.879+0000] {dag.py:3047} INFO - Sync 1 DAGs
[2024-03-03T08:10:48.893+0000] {logging_mixin.py:188} INFO - [2024-03-03T08:10:48.892+0000] {dag.py:3834} INFO - Setting next_dagrun for example_python_decorator to None, run_after=None
[2024-03-03T08:10:48.911+0000] {processor.py:183} INFO - Processing /home/airflow/.local/lib/python3.11/site-packages/airflow/example_dags/example_python_decorator.py took 0.068 seconds
[2024-03-03T08:11:19.281+0000] {processor.py:161} INFO - Started process (PID=200) to work on /home/airflow/.local/lib/python3.11/site-packages/airflow/example_dags/example_python_decorator.py
[2024-03-03T08:11:19.283+0000] {processor.py:830} INFO - Processing file /home/airflow/.local/lib/python3.11/site-packages/airflow/example_dags/example_python_decorator.py for tasks to queue
[2024-03-03T08:11:19.285+0000] {logging_mixin.py:188} INFO - [2024-03-03T08:11:19.285+0000] {dagbag.py:540} INFO - Filling up the DagBag from /home/airflow/.local/lib/python3.11/site-packages/airflow/example_dags/example_python_decorator.py
[2024-03-03T08:11:19.300+0000] {processor.py:840} INFO - DAG(s) 'example_python_decorator' retrieved from /home/airflow/.local/lib/python3.11/site-packages/airflow/example_dags/example_python_decorator.py
[2024-03-03T08:11:19.320+0000] {logging_mixin.py:188} INFO - [2024-03-03T08:11:19.319+0000] {dag.py:3047} INFO - Sync 1 DAGs
[2024-03-03T08:11:19.332+0000] {logging_mixin.py:188} INFO - [2024-03-03T08:11:19.332+0000] {dag.py:3834} INFO - Setting next_dagrun for example_python_decorator to None, run_after=None
[2024-03-03T08:11:19.350+0000] {processor.py:183} INFO - Processing /home/airflow/.local/lib/python3.11/site-packages/airflow/example_dags/example_python_decorator.py took 0.073 seconds
[2024-03-03T08:11:49.919+0000] {processor.py:161} INFO - Started process (PID=255) to work on /home/airflow/.local/lib/python3.11/site-packages/airflow/example_dags/example_python_decorator.py
[2024-03-03T08:11:49.920+0000] {processor.py:830} INFO - Processing file /home/airflow/.local/lib/python3.11/site-packages/airflow/example_dags/example_python_decorator.py for tasks to queue
[2024-03-03T08:11:49.923+0000] {logging_mixin.py:188} INFO - [2024-03-03T08:11:49.922+0000] {dagbag.py:540} INFO - Filling up the DagBag from /home/airflow/.local/lib/python3.11/site-packages/airflow/example_dags/example_python_decorator.py
[2024-03-03T08:11:49.935+0000] {processor.py:840} INFO - DAG(s) 'example_python_decorator' retrieved from /home/airflow/.local/lib/python3.11/site-packages/airflow/example_dags/example_python_decorator.py
[2024-03-03T08:11:49.954+0000] {logging_mixin.py:188} INFO - [2024-03-03T08:11:49.954+0000] {dag.py:3047} INFO - Sync 1 DAGs
[2024-03-03T08:11:49.969+0000] {logging_mixin.py:188} INFO - [2024-03-03T08:11:49.969+0000] {dag.py:3834} INFO - Setting next_dagrun for example_python_decorator to None, run_after=None
[2024-03-03T08:11:49.986+0000] {processor.py:183} INFO - Processing /home/airflow/.local/lib/python3.11/site-packages/airflow/example_dags/example_python_decorator.py took 0.071 seconds
[2024-03-03T08:12:20.403+0000] {processor.py:161} INFO - Started process (PID=310) to work on /home/airflow/.local/lib/python3.11/site-packages/airflow/example_dags/example_python_decorator.py
[2024-03-03T08:12:20.404+0000] {processor.py:830} INFO - Processing file /home/airflow/.local/lib/python3.11/site-packages/airflow/example_dags/example_python_decorator.py for tasks to queue
[2024-03-03T08:12:20.407+0000] {logging_mixin.py:188} INFO - [2024-03-03T08:12:20.407+0000] {dagbag.py:540} INFO - Filling up the DagBag from /home/airflow/.local/lib/python3.11/site-packages/airflow/example_dags/example_python_decorator.py
[2024-03-03T08:12:20.422+0000] {processor.py:840} INFO - DAG(s) 'example_python_decorator' retrieved from /home/airflow/.local/lib/python3.11/site-packages/airflow/example_dags/example_python_decorator.py
[2024-03-03T08:12:20.447+0000] {logging_mixin.py:188} INFO - [2024-03-03T08:12:20.447+0000] {dag.py:3047} INFO - Sync 1 DAGs
[2024-03-03T08:12:20.465+0000] {logging_mixin.py:188} INFO - [2024-03-03T08:12:20.465+0000] {dag.py:3834} INFO - Setting next_dagrun for example_python_decorator to None, run_after=None
[2024-03-03T08:12:20.502+0000] {processor.py:183} INFO - Processing /home/airflow/.local/lib/python3.11/site-packages/airflow/example_dags/example_python_decorator.py took 0.102 seconds
[2024-03-03T08:12:51.048+0000] {processor.py:161} INFO - Started process (PID=365) to work on /home/airflow/.local/lib/python3.11/site-packages/airflow/example_dags/example_python_decorator.py
[2024-03-03T08:12:51.049+0000] {processor.py:830} INFO - Processing file /home/airflow/.local/lib/python3.11/site-packages/airflow/example_dags/example_python_decorator.py for tasks to queue
[2024-03-03T08:12:51.053+0000] {logging_mixin.py:188} INFO - [2024-03-03T08:12:51.052+0000] {dagbag.py:540} INFO - Filling up the DagBag from /home/airflow/.local/lib/python3.11/site-packages/airflow/example_dags/example_python_decorator.py
[2024-03-03T08:12:51.071+0000] {processor.py:840} INFO - DAG(s) 'example_python_decorator' retrieved from /home/airflow/.local/lib/python3.11/site-packages/airflow/example_dags/example_python_decorator.py
[2024-03-03T08:12:51.094+0000] {logging_mixin.py:188} INFO - [2024-03-03T08:12:51.094+0000] {dag.py:3047} INFO - Sync 1 DAGs
[2024-03-03T08:12:51.111+0000] {logging_mixin.py:188} INFO - [2024-03-03T08:12:51.110+0000] {dag.py:3834} INFO - Setting next_dagrun for example_python_decorator to None, run_after=None
[2024-03-03T08:12:51.132+0000] {processor.py:183} INFO - Processing /home/airflow/.local/lib/python3.11/site-packages/airflow/example_dags/example_python_decorator.py took 0.088 seconds
[2024-03-03T08:13:21.523+0000] {processor.py:161} INFO - Started process (PID=420) to work on /home/airflow/.local/lib/python3.11/site-packages/airflow/example_dags/example_python_decorator.py
[2024-03-03T08:13:21.524+0000] {processor.py:830} INFO - Processing file /home/airflow/.local/lib/python3.11/site-packages/airflow/example_dags/example_python_decorator.py for tasks to queue
[2024-03-03T08:13:21.526+0000] {logging_mixin.py:188} INFO - [2024-03-03T08:13:21.526+0000] {dagbag.py:540} INFO - Filling up the DagBag from /home/airflow/.local/lib/python3.11/site-packages/airflow/example_dags/example_python_decorator.py
[2024-03-03T08:13:21.540+0000] {processor.py:840} INFO - DAG(s) 'example_python_decorator' retrieved from /home/airflow/.local/lib/python3.11/site-packages/airflow/example_dags/example_python_decorator.py
[2024-03-03T08:13:21.559+0000] {logging_mixin.py:188} INFO - [2024-03-03T08:13:21.558+0000] {dag.py:3047} INFO - Sync 1 DAGs
[2024-03-03T08:13:21.573+0000] {logging_mixin.py:188} INFO - [2024-03-03T08:13:21.573+0000] {dag.py:3834} INFO - Setting next_dagrun for example_python_decorator to None, run_after=None
[2024-03-03T08:13:21.592+0000] {processor.py:183} INFO - Processing /home/airflow/.local/lib/python3.11/site-packages/airflow/example_dags/example_python_decorator.py took 0.072 seconds
[2024-03-03T08:13:52.225+0000] {processor.py:161} INFO - Started process (PID=475) to work on /home/airflow/.local/lib/python3.11/site-packages/airflow/example_dags/example_python_decorator.py
[2024-03-03T08:13:52.226+0000] {processor.py:830} INFO - Processing file /home/airflow/.local/lib/python3.11/site-packages/airflow/example_dags/example_python_decorator.py for tasks to queue
[2024-03-03T08:13:52.228+0000] {logging_mixin.py:188} INFO - [2024-03-03T08:13:52.228+0000] {dagbag.py:540} INFO - Filling up the DagBag from /home/airflow/.local/lib/python3.11/site-packages/airflow/example_dags/example_python_decorator.py
[2024-03-03T08:13:52.246+0000] {processor.py:840} INFO - DAG(s) 'example_python_decorator' retrieved from /home/airflow/.local/lib/python3.11/site-packages/airflow/example_dags/example_python_decorator.py
[2024-03-03T08:13:52.268+0000] {logging_mixin.py:188} INFO - [2024-03-03T08:13:52.268+0000] {dag.py:3047} INFO - Sync 1 DAGs
[2024-03-03T08:13:52.281+0000] {logging_mixin.py:188} INFO - [2024-03-03T08:13:52.280+0000] {dag.py:3834} INFO - Setting next_dagrun for example_python_decorator to None, run_after=None
[2024-03-03T08:13:52.299+0000] {processor.py:183} INFO - Processing /home/airflow/.local/lib/python3.11/site-packages/airflow/example_dags/example_python_decorator.py took 0.079 seconds
[2024-03-03T08:14:22.489+0000] {processor.py:161} INFO - Started process (PID=538) to work on /home/airflow/.local/lib/python3.11/site-packages/airflow/example_dags/example_python_decorator.py
[2024-03-03T08:14:22.490+0000] {processor.py:830} INFO - Processing file /home/airflow/.local/lib/python3.11/site-packages/airflow/example_dags/example_python_decorator.py for tasks to queue
[2024-03-03T08:14:22.493+0000] {logging_mixin.py:188} INFO - [2024-03-03T08:14:22.492+0000] {dagbag.py:540} INFO - Filling up the DagBag from /home/airflow/.local/lib/python3.11/site-packages/airflow/example_dags/example_python_decorator.py
[2024-03-03T08:14:22.505+0000] {processor.py:840} INFO - DAG(s) 'example_python_decorator' retrieved from /home/airflow/.local/lib/python3.11/site-packages/airflow/example_dags/example_python_decorator.py
[2024-03-03T08:14:22.530+0000] {logging_mixin.py:188} INFO - [2024-03-03T08:14:22.530+0000] {dag.py:3047} INFO - Sync 1 DAGs
[2024-03-03T08:14:22.542+0000] {logging_mixin.py:188} INFO - [2024-03-03T08:14:22.542+0000] {dag.py:3834} INFO - Setting next_dagrun for example_python_decorator to None, run_after=None
[2024-03-03T08:14:22.559+0000] {processor.py:183} INFO - Processing /home/airflow/.local/lib/python3.11/site-packages/airflow/example_dags/example_python_decorator.py took 0.073 seconds
[2024-03-03T08:14:53.097+0000] {processor.py:161} INFO - Started process (PID=594) to work on /home/airflow/.local/lib/python3.11/site-packages/airflow/example_dags/example_python_decorator.py
[2024-03-03T08:14:53.099+0000] {processor.py:830} INFO - Processing file /home/airflow/.local/lib/python3.11/site-packages/airflow/example_dags/example_python_decorator.py for tasks to queue
[2024-03-03T08:14:53.102+0000] {logging_mixin.py:188} INFO - [2024-03-03T08:14:53.101+0000] {dagbag.py:540} INFO - Filling up the DagBag from /home/airflow/.local/lib/python3.11/site-packages/airflow/example_dags/example_python_decorator.py
[2024-03-03T08:14:53.115+0000] {processor.py:840} INFO - DAG(s) 'example_python_decorator' retrieved from /home/airflow/.local/lib/python3.11/site-packages/airflow/example_dags/example_python_decorator.py
[2024-03-03T08:14:53.140+0000] {logging_mixin.py:188} INFO - [2024-03-03T08:14:53.140+0000] {dag.py:3047} INFO - Sync 1 DAGs
[2024-03-03T08:14:53.156+0000] {logging_mixin.py:188} INFO - [2024-03-03T08:14:53.156+0000] {dag.py:3834} INFO - Setting next_dagrun for example_python_decorator to None, run_after=None
[2024-03-03T08:14:53.177+0000] {processor.py:183} INFO - Processing /home/airflow/.local/lib/python3.11/site-packages/airflow/example_dags/example_python_decorator.py took 0.083 seconds
[2024-03-03T08:15:23.827+0000] {processor.py:161} INFO - Started process (PID=650) to work on /home/airflow/.local/lib/python3.11/site-packages/airflow/example_dags/example_python_decorator.py
[2024-03-03T08:15:23.828+0000] {processor.py:830} INFO - Processing file /home/airflow/.local/lib/python3.11/site-packages/airflow/example_dags/example_python_decorator.py for tasks to queue
[2024-03-03T08:15:23.831+0000] {logging_mixin.py:188} INFO - [2024-03-03T08:15:23.830+0000] {dagbag.py:540} INFO - Filling up the DagBag from /home/airflow/.local/lib/python3.11/site-packages/airflow/example_dags/example_python_decorator.py
[2024-03-03T08:15:23.844+0000] {processor.py:840} INFO - DAG(s) 'example_python_decorator' retrieved from /home/airflow/.local/lib/python3.11/site-packages/airflow/example_dags/example_python_decorator.py
[2024-03-03T08:15:23.865+0000] {logging_mixin.py:188} INFO - [2024-03-03T08:15:23.864+0000] {dag.py:3047} INFO - Sync 1 DAGs
[2024-03-03T08:15:23.876+0000] {logging_mixin.py:188} INFO - [2024-03-03T08:15:23.876+0000] {dag.py:3834} INFO - Setting next_dagrun for example_python_decorator to None, run_after=None
[2024-03-03T08:15:23.901+0000] {processor.py:183} INFO - Processing /home/airflow/.local/lib/python3.11/site-packages/airflow/example_dags/example_python_decorator.py took 0.078 seconds
[2024-03-03T08:15:54.760+0000] {processor.py:161} INFO - Started process (PID=706) to work on /home/airflow/.local/lib/python3.11/site-packages/airflow/example_dags/example_python_decorator.py
[2024-03-03T08:15:54.761+0000] {processor.py:830} INFO - Processing file /home/airflow/.local/lib/python3.11/site-packages/airflow/example_dags/example_python_decorator.py for tasks to queue
[2024-03-03T08:15:54.764+0000] {logging_mixin.py:188} INFO - [2024-03-03T08:15:54.763+0000] {dagbag.py:540} INFO - Filling up the DagBag from /home/airflow/.local/lib/python3.11/site-packages/airflow/example_dags/example_python_decorator.py
[2024-03-03T08:15:54.778+0000] {processor.py:840} INFO - DAG(s) 'example_python_decorator' retrieved from /home/airflow/.local/lib/python3.11/site-packages/airflow/example_dags/example_python_decorator.py
[2024-03-03T08:15:54.799+0000] {logging_mixin.py:188} INFO - [2024-03-03T08:15:54.799+0000] {dag.py:3047} INFO - Sync 1 DAGs
[2024-03-03T08:15:54.812+0000] {logging_mixin.py:188} INFO - [2024-03-03T08:15:54.812+0000] {dag.py:3834} INFO - Setting next_dagrun for example_python_decorator to None, run_after=None
[2024-03-03T08:15:54.831+0000] {processor.py:183} INFO - Processing /home/airflow/.local/lib/python3.11/site-packages/airflow/example_dags/example_python_decorator.py took 0.073 seconds
[2024-03-03T08:16:25.402+0000] {processor.py:161} INFO - Started process (PID=762) to work on /home/airflow/.local/lib/python3.11/site-packages/airflow/example_dags/example_python_decorator.py
[2024-03-03T08:16:25.403+0000] {processor.py:830} INFO - Processing file /home/airflow/.local/lib/python3.11/site-packages/airflow/example_dags/example_python_decorator.py for tasks to queue
[2024-03-03T08:16:25.405+0000] {logging_mixin.py:188} INFO - [2024-03-03T08:16:25.405+0000] {dagbag.py:540} INFO - Filling up the DagBag from /home/airflow/.local/lib/python3.11/site-packages/airflow/example_dags/example_python_decorator.py
[2024-03-03T08:16:25.423+0000] {processor.py:840} INFO - DAG(s) 'example_python_decorator' retrieved from /home/airflow/.local/lib/python3.11/site-packages/airflow/example_dags/example_python_decorator.py
[2024-03-03T08:16:25.447+0000] {logging_mixin.py:188} INFO - [2024-03-03T08:16:25.447+0000] {dag.py:3047} INFO - Sync 1 DAGs
[2024-03-03T08:16:25.463+0000] {logging_mixin.py:188} INFO - [2024-03-03T08:16:25.463+0000] {dag.py:3834} INFO - Setting next_dagrun for example_python_decorator to None, run_after=None
[2024-03-03T08:16:25.485+0000] {processor.py:183} INFO - Processing /home/airflow/.local/lib/python3.11/site-packages/airflow/example_dags/example_python_decorator.py took 0.087 seconds
[2024-03-03T08:16:56.215+0000] {processor.py:161} INFO - Started process (PID=818) to work on /home/airflow/.local/lib/python3.11/site-packages/airflow/example_dags/example_python_decorator.py
[2024-03-03T08:16:56.216+0000] {processor.py:830} INFO - Processing file /home/airflow/.local/lib/python3.11/site-packages/airflow/example_dags/example_python_decorator.py for tasks to queue
[2024-03-03T08:16:56.219+0000] {logging_mixin.py:188} INFO - [2024-03-03T08:16:56.218+0000] {dagbag.py:540} INFO - Filling up the DagBag from /home/airflow/.local/lib/python3.11/site-packages/airflow/example_dags/example_python_decorator.py
[2024-03-03T08:16:56.232+0000] {processor.py:840} INFO - DAG(s) 'example_python_decorator' retrieved from /home/airflow/.local/lib/python3.11/site-packages/airflow/example_dags/example_python_decorator.py
[2024-03-03T08:16:56.251+0000] {logging_mixin.py:188} INFO - [2024-03-03T08:16:56.251+0000] {dag.py:3047} INFO - Sync 1 DAGs
[2024-03-03T08:16:56.264+0000] {logging_mixin.py:188} INFO - [2024-03-03T08:16:56.264+0000] {dag.py:3834} INFO - Setting next_dagrun for example_python_decorator to None, run_after=None
[2024-03-03T08:16:56.281+0000] {processor.py:183} INFO - Processing /home/airflow/.local/lib/python3.11/site-packages/airflow/example_dags/example_python_decorator.py took 0.069 seconds
[2024-03-03T08:17:26.758+0000] {processor.py:161} INFO - Started process (PID=874) to work on /home/airflow/.local/lib/python3.11/site-packages/airflow/example_dags/example_python_decorator.py
[2024-03-03T08:17:26.759+0000] {processor.py:830} INFO - Processing file /home/airflow/.local/lib/python3.11/site-packages/airflow/example_dags/example_python_decorator.py for tasks to queue
[2024-03-03T08:17:26.762+0000] {logging_mixin.py:188} INFO - [2024-03-03T08:17:26.761+0000] {dagbag.py:540} INFO - Filling up the DagBag from /home/airflow/.local/lib/python3.11/site-packages/airflow/example_dags/example_python_decorator.py
[2024-03-03T08:17:26.778+0000] {processor.py:840} INFO - DAG(s) 'example_python_decorator' retrieved from /home/airflow/.local/lib/python3.11/site-packages/airflow/example_dags/example_python_decorator.py
[2024-03-03T08:17:26.800+0000] {logging_mixin.py:188} INFO - [2024-03-03T08:17:26.799+0000] {dag.py:3047} INFO - Sync 1 DAGs
[2024-03-03T08:17:26.812+0000] {logging_mixin.py:188} INFO - [2024-03-03T08:17:26.812+0000] {dag.py:3834} INFO - Setting next_dagrun for example_python_decorator to None, run_after=None
[2024-03-03T08:17:26.830+0000] {processor.py:183} INFO - Processing /home/airflow/.local/lib/python3.11/site-packages/airflow/example_dags/example_python_decorator.py took 0.076 seconds
[2024-03-03T08:17:57.099+0000] {processor.py:161} INFO - Started process (PID=929) to work on /home/airflow/.local/lib/python3.11/site-packages/airflow/example_dags/example_python_decorator.py
[2024-03-03T08:17:57.100+0000] {processor.py:830} INFO - Processing file /home/airflow/.local/lib/python3.11/site-packages/airflow/example_dags/example_python_decorator.py for tasks to queue
[2024-03-03T08:17:57.101+0000] {logging_mixin.py:188} INFO - [2024-03-03T08:17:57.101+0000] {dagbag.py:540} INFO - Filling up the DagBag from /home/airflow/.local/lib/python3.11/site-packages/airflow/example_dags/example_python_decorator.py
[2024-03-03T08:17:57.113+0000] {processor.py:840} INFO - DAG(s) 'example_python_decorator' retrieved from /home/airflow/.local/lib/python3.11/site-packages/airflow/example_dags/example_python_decorator.py
[2024-03-03T08:17:57.133+0000] {logging_mixin.py:188} INFO - [2024-03-03T08:17:57.133+0000] {dag.py:3047} INFO - Sync 1 DAGs
[2024-03-03T08:17:57.145+0000] {logging_mixin.py:188} INFO - [2024-03-03T08:17:57.145+0000] {dag.py:3834} INFO - Setting next_dagrun for example_python_decorator to None, run_after=None
[2024-03-03T08:17:57.162+0000] {processor.py:183} INFO - Processing /home/airflow/.local/lib/python3.11/site-packages/airflow/example_dags/example_python_decorator.py took 0.066 seconds
