[2024-03-03T08:09:51.995+0000] {processor.py:161} INFO - Started process (PID=66) to work on /home/airflow/.local/lib/python3.11/site-packages/airflow/example_dags/example_python_operator.py
[2024-03-03T08:09:51.995+0000] {processor.py:830} INFO - Processing file /home/airflow/.local/lib/python3.11/site-packages/airflow/example_dags/example_python_operator.py for tasks to queue
[2024-03-03T08:09:51.998+0000] {logging_mixin.py:188} INFO - [2024-03-03T08:09:51.997+0000] {dagbag.py:540} INFO - Filling up the DagBag from /home/airflow/.local/lib/python3.11/site-packages/airflow/example_dags/example_python_operator.py
[2024-03-03T08:09:52.008+0000] {processor.py:840} INFO - DAG(s) 'example_python_operator' retrieved from /home/airflow/.local/lib/python3.11/site-packages/airflow/example_dags/example_python_operator.py
[2024-03-03T08:09:52.116+0000] {logging_mixin.py:188} INFO - [2024-03-03T08:09:52.116+0000] {override.py:1769} INFO - Created Permission View: can edit on DAG:example_python_operator
[2024-03-03T08:09:52.125+0000] {logging_mixin.py:188} INFO - [2024-03-03T08:09:52.124+0000] {override.py:1769} INFO - Created Permission View: can read on DAG:example_python_operator
[2024-03-03T08:09:52.131+0000] {logging_mixin.py:188} INFO - [2024-03-03T08:09:52.131+0000] {override.py:1769} INFO - Created Permission View: can delete on DAG:example_python_operator
[2024-03-03T08:09:52.132+0000] {logging_mixin.py:188} INFO - [2024-03-03T08:09:52.132+0000] {dag.py:3047} INFO - Sync 1 DAGs
[2024-03-03T08:09:52.146+0000] {logging_mixin.py:188} INFO - [2024-03-03T08:09:52.146+0000] {dag.py:3069} INFO - Creating ORM DAG for example_python_operator
[2024-03-03T08:09:52.147+0000] {logging_mixin.py:188} INFO - [2024-03-03T08:09:52.146+0000] {dag.py:3834} INFO - Setting next_dagrun for example_python_operator to None, run_after=None
[2024-03-03T08:09:52.161+0000] {processor.py:183} INFO - Processing /home/airflow/.local/lib/python3.11/site-packages/airflow/example_dags/example_python_operator.py took 0.170 seconds
[2024-03-03T08:10:22.869+0000] {processor.py:161} INFO - Started process (PID=121) to work on /home/airflow/.local/lib/python3.11/site-packages/airflow/example_dags/example_python_operator.py
[2024-03-03T08:10:22.870+0000] {processor.py:830} INFO - Processing file /home/airflow/.local/lib/python3.11/site-packages/airflow/example_dags/example_python_operator.py for tasks to queue
[2024-03-03T08:10:22.873+0000] {logging_mixin.py:188} INFO - [2024-03-03T08:10:22.873+0000] {dagbag.py:540} INFO - Filling up the DagBag from /home/airflow/.local/lib/python3.11/site-packages/airflow/example_dags/example_python_operator.py
[2024-03-03T08:10:22.887+0000] {processor.py:840} INFO - DAG(s) 'example_python_operator' retrieved from /home/airflow/.local/lib/python3.11/site-packages/airflow/example_dags/example_python_operator.py
[2024-03-03T08:10:22.907+0000] {logging_mixin.py:188} INFO - [2024-03-03T08:10:22.907+0000] {dag.py:3047} INFO - Sync 1 DAGs
[2024-03-03T08:10:22.921+0000] {logging_mixin.py:188} INFO - [2024-03-03T08:10:22.921+0000] {dag.py:3834} INFO - Setting next_dagrun for example_python_operator to None, run_after=None
[2024-03-03T08:10:22.938+0000] {processor.py:183} INFO - Processing /home/airflow/.local/lib/python3.11/site-packages/airflow/example_dags/example_python_operator.py took 0.071 seconds
[2024-03-03T08:10:53.311+0000] {processor.py:161} INFO - Started process (PID=176) to work on /home/airflow/.local/lib/python3.11/site-packages/airflow/example_dags/example_python_operator.py
[2024-03-03T08:10:53.312+0000] {processor.py:830} INFO - Processing file /home/airflow/.local/lib/python3.11/site-packages/airflow/example_dags/example_python_operator.py for tasks to queue
[2024-03-03T08:10:53.314+0000] {logging_mixin.py:188} INFO - [2024-03-03T08:10:53.314+0000] {dagbag.py:540} INFO - Filling up the DagBag from /home/airflow/.local/lib/python3.11/site-packages/airflow/example_dags/example_python_operator.py
[2024-03-03T08:10:53.324+0000] {processor.py:840} INFO - DAG(s) 'example_python_operator' retrieved from /home/airflow/.local/lib/python3.11/site-packages/airflow/example_dags/example_python_operator.py
[2024-03-03T08:10:53.346+0000] {logging_mixin.py:188} INFO - [2024-03-03T08:10:53.345+0000] {dag.py:3047} INFO - Sync 1 DAGs
[2024-03-03T08:10:53.359+0000] {logging_mixin.py:188} INFO - [2024-03-03T08:10:53.359+0000] {dag.py:3834} INFO - Setting next_dagrun for example_python_operator to None, run_after=None
[2024-03-03T08:10:53.375+0000] {processor.py:183} INFO - Processing /home/airflow/.local/lib/python3.11/site-packages/airflow/example_dags/example_python_operator.py took 0.068 seconds
[2024-03-03T08:11:23.945+0000] {processor.py:161} INFO - Started process (PID=231) to work on /home/airflow/.local/lib/python3.11/site-packages/airflow/example_dags/example_python_operator.py
[2024-03-03T08:11:23.946+0000] {processor.py:830} INFO - Processing file /home/airflow/.local/lib/python3.11/site-packages/airflow/example_dags/example_python_operator.py for tasks to queue
[2024-03-03T08:11:23.948+0000] {logging_mixin.py:188} INFO - [2024-03-03T08:11:23.948+0000] {dagbag.py:540} INFO - Filling up the DagBag from /home/airflow/.local/lib/python3.11/site-packages/airflow/example_dags/example_python_operator.py
[2024-03-03T08:11:23.960+0000] {processor.py:840} INFO - DAG(s) 'example_python_operator' retrieved from /home/airflow/.local/lib/python3.11/site-packages/airflow/example_dags/example_python_operator.py
[2024-03-03T08:11:23.981+0000] {logging_mixin.py:188} INFO - [2024-03-03T08:11:23.980+0000] {dag.py:3047} INFO - Sync 1 DAGs
[2024-03-03T08:11:23.998+0000] {logging_mixin.py:188} INFO - [2024-03-03T08:11:23.998+0000] {dag.py:3834} INFO - Setting next_dagrun for example_python_operator to None, run_after=None
[2024-03-03T08:11:24.019+0000] {processor.py:183} INFO - Processing /home/airflow/.local/lib/python3.11/site-packages/airflow/example_dags/example_python_operator.py took 0.077 seconds
[2024-03-03T08:11:54.456+0000] {processor.py:161} INFO - Started process (PID=286) to work on /home/airflow/.local/lib/python3.11/site-packages/airflow/example_dags/example_python_operator.py
[2024-03-03T08:11:54.457+0000] {processor.py:830} INFO - Processing file /home/airflow/.local/lib/python3.11/site-packages/airflow/example_dags/example_python_operator.py for tasks to queue
[2024-03-03T08:11:54.460+0000] {logging_mixin.py:188} INFO - [2024-03-03T08:11:54.459+0000] {dagbag.py:540} INFO - Filling up the DagBag from /home/airflow/.local/lib/python3.11/site-packages/airflow/example_dags/example_python_operator.py
[2024-03-03T08:11:54.472+0000] {processor.py:840} INFO - DAG(s) 'example_python_operator' retrieved from /home/airflow/.local/lib/python3.11/site-packages/airflow/example_dags/example_python_operator.py
[2024-03-03T08:11:54.495+0000] {logging_mixin.py:188} INFO - [2024-03-03T08:11:54.495+0000] {dag.py:3047} INFO - Sync 1 DAGs
[2024-03-03T08:11:54.507+0000] {logging_mixin.py:188} INFO - [2024-03-03T08:11:54.507+0000] {dag.py:3834} INFO - Setting next_dagrun for example_python_operator to None, run_after=None
[2024-03-03T08:11:54.526+0000] {processor.py:183} INFO - Processing /home/airflow/.local/lib/python3.11/site-packages/airflow/example_dags/example_python_operator.py took 0.072 seconds
[2024-03-03T08:12:25.047+0000] {processor.py:161} INFO - Started process (PID=341) to work on /home/airflow/.local/lib/python3.11/site-packages/airflow/example_dags/example_python_operator.py
[2024-03-03T08:12:25.048+0000] {processor.py:830} INFO - Processing file /home/airflow/.local/lib/python3.11/site-packages/airflow/example_dags/example_python_operator.py for tasks to queue
[2024-03-03T08:12:25.050+0000] {logging_mixin.py:188} INFO - [2024-03-03T08:12:25.049+0000] {dagbag.py:540} INFO - Filling up the DagBag from /home/airflow/.local/lib/python3.11/site-packages/airflow/example_dags/example_python_operator.py
[2024-03-03T08:12:25.060+0000] {processor.py:840} INFO - DAG(s) 'example_python_operator' retrieved from /home/airflow/.local/lib/python3.11/site-packages/airflow/example_dags/example_python_operator.py
[2024-03-03T08:12:25.080+0000] {logging_mixin.py:188} INFO - [2024-03-03T08:12:25.080+0000] {dag.py:3047} INFO - Sync 1 DAGs
[2024-03-03T08:12:25.096+0000] {logging_mixin.py:188} INFO - [2024-03-03T08:12:25.096+0000] {dag.py:3834} INFO - Setting next_dagrun for example_python_operator to None, run_after=None
[2024-03-03T08:12:25.116+0000] {processor.py:183} INFO - Processing /home/airflow/.local/lib/python3.11/site-packages/airflow/example_dags/example_python_operator.py took 0.072 seconds
[2024-03-03T08:12:55.575+0000] {processor.py:161} INFO - Started process (PID=396) to work on /home/airflow/.local/lib/python3.11/site-packages/airflow/example_dags/example_python_operator.py
[2024-03-03T08:12:55.576+0000] {processor.py:830} INFO - Processing file /home/airflow/.local/lib/python3.11/site-packages/airflow/example_dags/example_python_operator.py for tasks to queue
[2024-03-03T08:12:55.579+0000] {logging_mixin.py:188} INFO - [2024-03-03T08:12:55.579+0000] {dagbag.py:540} INFO - Filling up the DagBag from /home/airflow/.local/lib/python3.11/site-packages/airflow/example_dags/example_python_operator.py
[2024-03-03T08:12:55.592+0000] {processor.py:840} INFO - DAG(s) 'example_python_operator' retrieved from /home/airflow/.local/lib/python3.11/site-packages/airflow/example_dags/example_python_operator.py
[2024-03-03T08:12:55.615+0000] {logging_mixin.py:188} INFO - [2024-03-03T08:12:55.615+0000] {dag.py:3047} INFO - Sync 1 DAGs
[2024-03-03T08:12:55.627+0000] {logging_mixin.py:188} INFO - [2024-03-03T08:12:55.626+0000] {dag.py:3834} INFO - Setting next_dagrun for example_python_operator to None, run_after=None
[2024-03-03T08:12:55.644+0000] {processor.py:183} INFO - Processing /home/airflow/.local/lib/python3.11/site-packages/airflow/example_dags/example_python_operator.py took 0.074 seconds
[2024-03-03T08:13:26.098+0000] {processor.py:161} INFO - Started process (PID=451) to work on /home/airflow/.local/lib/python3.11/site-packages/airflow/example_dags/example_python_operator.py
[2024-03-03T08:13:26.099+0000] {processor.py:830} INFO - Processing file /home/airflow/.local/lib/python3.11/site-packages/airflow/example_dags/example_python_operator.py for tasks to queue
[2024-03-03T08:13:26.102+0000] {logging_mixin.py:188} INFO - [2024-03-03T08:13:26.101+0000] {dagbag.py:540} INFO - Filling up the DagBag from /home/airflow/.local/lib/python3.11/site-packages/airflow/example_dags/example_python_operator.py
[2024-03-03T08:13:26.116+0000] {processor.py:840} INFO - DAG(s) 'example_python_operator' retrieved from /home/airflow/.local/lib/python3.11/site-packages/airflow/example_dags/example_python_operator.py
[2024-03-03T08:13:26.146+0000] {logging_mixin.py:188} INFO - [2024-03-03T08:13:26.145+0000] {dag.py:3047} INFO - Sync 1 DAGs
[2024-03-03T08:13:26.164+0000] {logging_mixin.py:188} INFO - [2024-03-03T08:13:26.163+0000] {dag.py:3834} INFO - Setting next_dagrun for example_python_operator to None, run_after=None
[2024-03-03T08:13:26.192+0000] {processor.py:183} INFO - Processing /home/airflow/.local/lib/python3.11/site-packages/airflow/example_dags/example_python_operator.py took 0.098 seconds
[2024-03-03T08:13:57.184+0000] {processor.py:161} INFO - Started process (PID=510) to work on /home/airflow/.local/lib/python3.11/site-packages/airflow/example_dags/example_python_operator.py
[2024-03-03T08:13:57.195+0000] {processor.py:830} INFO - Processing file /home/airflow/.local/lib/python3.11/site-packages/airflow/example_dags/example_python_operator.py for tasks to queue
[2024-03-03T08:13:57.207+0000] {logging_mixin.py:188} INFO - [2024-03-03T08:13:57.206+0000] {dagbag.py:540} INFO - Filling up the DagBag from /home/airflow/.local/lib/python3.11/site-packages/airflow/example_dags/example_python_operator.py
[2024-03-03T08:13:57.231+0000] {processor.py:840} INFO - DAG(s) 'example_python_operator' retrieved from /home/airflow/.local/lib/python3.11/site-packages/airflow/example_dags/example_python_operator.py
[2024-03-03T08:13:57.276+0000] {logging_mixin.py:188} INFO - [2024-03-03T08:13:57.276+0000] {dag.py:3047} INFO - Sync 1 DAGs
[2024-03-03T08:13:57.299+0000] {logging_mixin.py:188} INFO - [2024-03-03T08:13:57.299+0000] {dag.py:3834} INFO - Setting next_dagrun for example_python_operator to None, run_after=None
[2024-03-03T08:13:57.330+0000] {processor.py:183} INFO - Processing /home/airflow/.local/lib/python3.11/site-packages/airflow/example_dags/example_python_operator.py took 0.151 seconds
[2024-03-03T08:14:28.053+0000] {processor.py:161} INFO - Started process (PID=569) to work on /home/airflow/.local/lib/python3.11/site-packages/airflow/example_dags/example_python_operator.py
[2024-03-03T08:14:28.054+0000] {processor.py:830} INFO - Processing file /home/airflow/.local/lib/python3.11/site-packages/airflow/example_dags/example_python_operator.py for tasks to queue
[2024-03-03T08:14:28.056+0000] {logging_mixin.py:188} INFO - [2024-03-03T08:14:28.055+0000] {dagbag.py:540} INFO - Filling up the DagBag from /home/airflow/.local/lib/python3.11/site-packages/airflow/example_dags/example_python_operator.py
[2024-03-03T08:14:28.067+0000] {processor.py:840} INFO - DAG(s) 'example_python_operator' retrieved from /home/airflow/.local/lib/python3.11/site-packages/airflow/example_dags/example_python_operator.py
[2024-03-03T08:14:28.088+0000] {logging_mixin.py:188} INFO - [2024-03-03T08:14:28.088+0000] {dag.py:3047} INFO - Sync 1 DAGs
[2024-03-03T08:14:28.101+0000] {logging_mixin.py:188} INFO - [2024-03-03T08:14:28.101+0000] {dag.py:3834} INFO - Setting next_dagrun for example_python_operator to None, run_after=None
[2024-03-03T08:14:28.120+0000] {processor.py:183} INFO - Processing /home/airflow/.local/lib/python3.11/site-packages/airflow/example_dags/example_python_operator.py took 0.071 seconds
[2024-03-03T08:14:58.610+0000] {processor.py:161} INFO - Started process (PID=625) to work on /home/airflow/.local/lib/python3.11/site-packages/airflow/example_dags/example_python_operator.py
[2024-03-03T08:14:58.611+0000] {processor.py:830} INFO - Processing file /home/airflow/.local/lib/python3.11/site-packages/airflow/example_dags/example_python_operator.py for tasks to queue
[2024-03-03T08:14:58.614+0000] {logging_mixin.py:188} INFO - [2024-03-03T08:14:58.613+0000] {dagbag.py:540} INFO - Filling up the DagBag from /home/airflow/.local/lib/python3.11/site-packages/airflow/example_dags/example_python_operator.py
[2024-03-03T08:14:58.627+0000] {processor.py:840} INFO - DAG(s) 'example_python_operator' retrieved from /home/airflow/.local/lib/python3.11/site-packages/airflow/example_dags/example_python_operator.py
[2024-03-03T08:14:58.646+0000] {logging_mixin.py:188} INFO - [2024-03-03T08:14:58.646+0000] {dag.py:3047} INFO - Sync 1 DAGs
[2024-03-03T08:14:58.658+0000] {logging_mixin.py:188} INFO - [2024-03-03T08:14:58.658+0000] {dag.py:3834} INFO - Setting next_dagrun for example_python_operator to None, run_after=None
[2024-03-03T08:14:58.675+0000] {processor.py:183} INFO - Processing /home/airflow/.local/lib/python3.11/site-packages/airflow/example_dags/example_python_operator.py took 0.068 seconds
[2024-03-03T08:15:29.473+0000] {processor.py:161} INFO - Started process (PID=681) to work on /home/airflow/.local/lib/python3.11/site-packages/airflow/example_dags/example_python_operator.py
[2024-03-03T08:15:29.474+0000] {processor.py:830} INFO - Processing file /home/airflow/.local/lib/python3.11/site-packages/airflow/example_dags/example_python_operator.py for tasks to queue
[2024-03-03T08:15:29.476+0000] {logging_mixin.py:188} INFO - [2024-03-03T08:15:29.475+0000] {dagbag.py:540} INFO - Filling up the DagBag from /home/airflow/.local/lib/python3.11/site-packages/airflow/example_dags/example_python_operator.py
[2024-03-03T08:15:29.486+0000] {processor.py:840} INFO - DAG(s) 'example_python_operator' retrieved from /home/airflow/.local/lib/python3.11/site-packages/airflow/example_dags/example_python_operator.py
[2024-03-03T08:15:29.507+0000] {logging_mixin.py:188} INFO - [2024-03-03T08:15:29.507+0000] {dag.py:3047} INFO - Sync 1 DAGs
[2024-03-03T08:15:29.520+0000] {logging_mixin.py:188} INFO - [2024-03-03T08:15:29.520+0000] {dag.py:3834} INFO - Setting next_dagrun for example_python_operator to None, run_after=None
[2024-03-03T08:15:29.540+0000] {processor.py:183} INFO - Processing /home/airflow/.local/lib/python3.11/site-packages/airflow/example_dags/example_python_operator.py took 0.071 seconds
[2024-03-03T08:16:00.411+0000] {processor.py:161} INFO - Started process (PID=737) to work on /home/airflow/.local/lib/python3.11/site-packages/airflow/example_dags/example_python_operator.py
[2024-03-03T08:16:00.412+0000] {processor.py:830} INFO - Processing file /home/airflow/.local/lib/python3.11/site-packages/airflow/example_dags/example_python_operator.py for tasks to queue
[2024-03-03T08:16:00.415+0000] {logging_mixin.py:188} INFO - [2024-03-03T08:16:00.414+0000] {dagbag.py:540} INFO - Filling up the DagBag from /home/airflow/.local/lib/python3.11/site-packages/airflow/example_dags/example_python_operator.py
[2024-03-03T08:16:00.429+0000] {processor.py:840} INFO - DAG(s) 'example_python_operator' retrieved from /home/airflow/.local/lib/python3.11/site-packages/airflow/example_dags/example_python_operator.py
[2024-03-03T08:16:00.449+0000] {logging_mixin.py:188} INFO - [2024-03-03T08:16:00.449+0000] {dag.py:3047} INFO - Sync 1 DAGs
[2024-03-03T08:16:00.464+0000] {logging_mixin.py:188} INFO - [2024-03-03T08:16:00.464+0000] {dag.py:3834} INFO - Setting next_dagrun for example_python_operator to None, run_after=None
[2024-03-03T08:16:00.483+0000] {processor.py:183} INFO - Processing /home/airflow/.local/lib/python3.11/site-packages/airflow/example_dags/example_python_operator.py took 0.075 seconds
[2024-03-03T08:16:31.008+0000] {processor.py:161} INFO - Started process (PID=793) to work on /home/airflow/.local/lib/python3.11/site-packages/airflow/example_dags/example_python_operator.py
[2024-03-03T08:16:31.009+0000] {processor.py:830} INFO - Processing file /home/airflow/.local/lib/python3.11/site-packages/airflow/example_dags/example_python_operator.py for tasks to queue
[2024-03-03T08:16:31.018+0000] {logging_mixin.py:188} INFO - [2024-03-03T08:16:31.018+0000] {dagbag.py:540} INFO - Filling up the DagBag from /home/airflow/.local/lib/python3.11/site-packages/airflow/example_dags/example_python_operator.py
[2024-03-03T08:16:31.034+0000] {processor.py:840} INFO - DAG(s) 'example_python_operator' retrieved from /home/airflow/.local/lib/python3.11/site-packages/airflow/example_dags/example_python_operator.py
[2024-03-03T08:16:31.076+0000] {logging_mixin.py:188} INFO - [2024-03-03T08:16:31.075+0000] {dag.py:3047} INFO - Sync 1 DAGs
[2024-03-03T08:16:31.098+0000] {logging_mixin.py:188} INFO - [2024-03-03T08:16:31.097+0000] {dag.py:3834} INFO - Setting next_dagrun for example_python_operator to None, run_after=None
[2024-03-03T08:16:31.121+0000] {processor.py:183} INFO - Processing /home/airflow/.local/lib/python3.11/site-packages/airflow/example_dags/example_python_operator.py took 0.118 seconds
[2024-03-03T08:17:01.736+0000] {processor.py:161} INFO - Started process (PID=849) to work on /home/airflow/.local/lib/python3.11/site-packages/airflow/example_dags/example_python_operator.py
[2024-03-03T08:17:01.737+0000] {processor.py:830} INFO - Processing file /home/airflow/.local/lib/python3.11/site-packages/airflow/example_dags/example_python_operator.py for tasks to queue
[2024-03-03T08:17:01.739+0000] {logging_mixin.py:188} INFO - [2024-03-03T08:17:01.738+0000] {dagbag.py:540} INFO - Filling up the DagBag from /home/airflow/.local/lib/python3.11/site-packages/airflow/example_dags/example_python_operator.py
[2024-03-03T08:17:01.749+0000] {processor.py:840} INFO - DAG(s) 'example_python_operator' retrieved from /home/airflow/.local/lib/python3.11/site-packages/airflow/example_dags/example_python_operator.py
[2024-03-03T08:17:01.773+0000] {logging_mixin.py:188} INFO - [2024-03-03T08:17:01.773+0000] {dag.py:3047} INFO - Sync 1 DAGs
[2024-03-03T08:17:01.788+0000] {logging_mixin.py:188} INFO - [2024-03-03T08:17:01.788+0000] {dag.py:3834} INFO - Setting next_dagrun for example_python_operator to None, run_after=None
[2024-03-03T08:17:01.809+0000] {processor.py:183} INFO - Processing /home/airflow/.local/lib/python3.11/site-packages/airflow/example_dags/example_python_operator.py took 0.076 seconds
[2024-03-03T08:17:32.161+0000] {processor.py:161} INFO - Started process (PID=905) to work on /home/airflow/.local/lib/python3.11/site-packages/airflow/example_dags/example_python_operator.py
[2024-03-03T08:17:32.162+0000] {processor.py:830} INFO - Processing file /home/airflow/.local/lib/python3.11/site-packages/airflow/example_dags/example_python_operator.py for tasks to queue
[2024-03-03T08:17:32.165+0000] {logging_mixin.py:188} INFO - [2024-03-03T08:17:32.165+0000] {dagbag.py:540} INFO - Filling up the DagBag from /home/airflow/.local/lib/python3.11/site-packages/airflow/example_dags/example_python_operator.py
[2024-03-03T08:17:32.176+0000] {processor.py:840} INFO - DAG(s) 'example_python_operator' retrieved from /home/airflow/.local/lib/python3.11/site-packages/airflow/example_dags/example_python_operator.py
[2024-03-03T08:17:32.200+0000] {logging_mixin.py:188} INFO - [2024-03-03T08:17:32.200+0000] {dag.py:3047} INFO - Sync 1 DAGs
[2024-03-03T08:17:32.214+0000] {logging_mixin.py:188} INFO - [2024-03-03T08:17:32.214+0000] {dag.py:3834} INFO - Setting next_dagrun for example_python_operator to None, run_after=None
[2024-03-03T08:17:32.235+0000] {processor.py:183} INFO - Processing /home/airflow/.local/lib/python3.11/site-packages/airflow/example_dags/example_python_operator.py took 0.077 seconds
[2024-03-03T08:18:02.623+0000] {processor.py:161} INFO - Started process (PID=960) to work on /home/airflow/.local/lib/python3.11/site-packages/airflow/example_dags/example_python_operator.py
[2024-03-03T08:18:02.624+0000] {processor.py:830} INFO - Processing file /home/airflow/.local/lib/python3.11/site-packages/airflow/example_dags/example_python_operator.py for tasks to queue
[2024-03-03T08:18:02.625+0000] {logging_mixin.py:188} INFO - [2024-03-03T08:18:02.625+0000] {dagbag.py:540} INFO - Filling up the DagBag from /home/airflow/.local/lib/python3.11/site-packages/airflow/example_dags/example_python_operator.py
[2024-03-03T08:18:02.636+0000] {processor.py:840} INFO - DAG(s) 'example_python_operator' retrieved from /home/airflow/.local/lib/python3.11/site-packages/airflow/example_dags/example_python_operator.py
[2024-03-03T08:18:02.655+0000] {logging_mixin.py:188} INFO - [2024-03-03T08:18:02.654+0000] {dag.py:3047} INFO - Sync 1 DAGs
[2024-03-03T08:18:02.666+0000] {logging_mixin.py:188} INFO - [2024-03-03T08:18:02.666+0000] {dag.py:3834} INFO - Setting next_dagrun for example_python_operator to None, run_after=None
[2024-03-03T08:18:02.687+0000] {processor.py:183} INFO - Processing /home/airflow/.local/lib/python3.11/site-packages/airflow/example_dags/example_python_operator.py took 0.067 seconds
