[2024-03-03T08:09:48.772+0000] {processor.py:161} INFO - Started process (PID=41) to work on /home/airflow/.local/lib/python3.11/site-packages/airflow/example_dags/example_sensors.py
[2024-03-03T08:09:48.775+0000] {processor.py:830} INFO - Processing file /home/airflow/.local/lib/python3.11/site-packages/airflow/example_dags/example_sensors.py for tasks to queue
[2024-03-03T08:09:48.779+0000] {logging_mixin.py:188} INFO - [2024-03-03T08:09:48.778+0000] {dagbag.py:540} INFO - Filling up the DagBag from /home/airflow/.local/lib/python3.11/site-packages/airflow/example_dags/example_sensors.py
[2024-03-03T08:09:48.804+0000] {processor.py:840} INFO - DAG(s) 'example_sensors' retrieved from /home/airflow/.local/lib/python3.11/site-packages/airflow/example_dags/example_sensors.py
[2024-03-03T08:09:48.944+0000] {logging_mixin.py:188} INFO - [2024-03-03T08:09:48.944+0000] {override.py:1769} INFO - Created Permission View: can edit on DAG:example_sensors
[2024-03-03T08:09:48.956+0000] {logging_mixin.py:188} INFO - [2024-03-03T08:09:48.956+0000] {override.py:1769} INFO - Created Permission View: can read on DAG:example_sensors
[2024-03-03T08:09:48.966+0000] {logging_mixin.py:188} INFO - [2024-03-03T08:09:48.965+0000] {override.py:1769} INFO - Created Permission View: can delete on DAG:example_sensors
[2024-03-03T08:09:48.967+0000] {logging_mixin.py:188} INFO - [2024-03-03T08:09:48.966+0000] {dag.py:3047} INFO - Sync 1 DAGs
[2024-03-03T08:09:48.979+0000] {logging_mixin.py:188} INFO - [2024-03-03T08:09:48.979+0000] {dag.py:3069} INFO - Creating ORM DAG for example_sensors
[2024-03-03T08:09:48.980+0000] {logging_mixin.py:188} INFO - [2024-03-03T08:09:48.980+0000] {dag.py:3834} INFO - Setting next_dagrun for example_sensors to None, run_after=None
[2024-03-03T08:09:49.003+0000] {processor.py:183} INFO - Processing /home/airflow/.local/lib/python3.11/site-packages/airflow/example_dags/example_sensors.py took 0.238 seconds
[2024-03-03T08:10:19.640+0000] {processor.py:161} INFO - Started process (PID=96) to work on /home/airflow/.local/lib/python3.11/site-packages/airflow/example_dags/example_sensors.py
[2024-03-03T08:10:19.641+0000] {processor.py:830} INFO - Processing file /home/airflow/.local/lib/python3.11/site-packages/airflow/example_dags/example_sensors.py for tasks to queue
[2024-03-03T08:10:19.644+0000] {logging_mixin.py:188} INFO - [2024-03-03T08:10:19.643+0000] {dagbag.py:540} INFO - Filling up the DagBag from /home/airflow/.local/lib/python3.11/site-packages/airflow/example_dags/example_sensors.py
[2024-03-03T08:10:19.655+0000] {processor.py:840} INFO - DAG(s) 'example_sensors' retrieved from /home/airflow/.local/lib/python3.11/site-packages/airflow/example_dags/example_sensors.py
[2024-03-03T08:10:19.676+0000] {logging_mixin.py:188} INFO - [2024-03-03T08:10:19.676+0000] {dag.py:3047} INFO - Sync 1 DAGs
[2024-03-03T08:10:19.688+0000] {logging_mixin.py:188} INFO - [2024-03-03T08:10:19.688+0000] {dag.py:3834} INFO - Setting next_dagrun for example_sensors to None, run_after=None
[2024-03-03T08:10:19.705+0000] {processor.py:183} INFO - Processing /home/airflow/.local/lib/python3.11/site-packages/airflow/example_dags/example_sensors.py took 0.068 seconds
[2024-03-03T08:10:50.106+0000] {processor.py:161} INFO - Started process (PID=151) to work on /home/airflow/.local/lib/python3.11/site-packages/airflow/example_dags/example_sensors.py
[2024-03-03T08:10:50.107+0000] {processor.py:830} INFO - Processing file /home/airflow/.local/lib/python3.11/site-packages/airflow/example_dags/example_sensors.py for tasks to queue
[2024-03-03T08:10:50.109+0000] {logging_mixin.py:188} INFO - [2024-03-03T08:10:50.109+0000] {dagbag.py:540} INFO - Filling up the DagBag from /home/airflow/.local/lib/python3.11/site-packages/airflow/example_dags/example_sensors.py
[2024-03-03T08:10:50.118+0000] {processor.py:840} INFO - DAG(s) 'example_sensors' retrieved from /home/airflow/.local/lib/python3.11/site-packages/airflow/example_dags/example_sensors.py
[2024-03-03T08:10:50.139+0000] {logging_mixin.py:188} INFO - [2024-03-03T08:10:50.139+0000] {dag.py:3047} INFO - Sync 1 DAGs
[2024-03-03T08:10:50.153+0000] {logging_mixin.py:188} INFO - [2024-03-03T08:10:50.153+0000] {dag.py:3834} INFO - Setting next_dagrun for example_sensors to None, run_after=None
[2024-03-03T08:10:50.171+0000] {processor.py:183} INFO - Processing /home/airflow/.local/lib/python3.11/site-packages/airflow/example_dags/example_sensors.py took 0.067 seconds
[2024-03-03T08:11:20.608+0000] {processor.py:161} INFO - Started process (PID=206) to work on /home/airflow/.local/lib/python3.11/site-packages/airflow/example_dags/example_sensors.py
[2024-03-03T08:11:20.609+0000] {processor.py:830} INFO - Processing file /home/airflow/.local/lib/python3.11/site-packages/airflow/example_dags/example_sensors.py for tasks to queue
[2024-03-03T08:11:20.611+0000] {logging_mixin.py:188} INFO - [2024-03-03T08:11:20.611+0000] {dagbag.py:540} INFO - Filling up the DagBag from /home/airflow/.local/lib/python3.11/site-packages/airflow/example_dags/example_sensors.py
[2024-03-03T08:11:20.624+0000] {processor.py:840} INFO - DAG(s) 'example_sensors' retrieved from /home/airflow/.local/lib/python3.11/site-packages/airflow/example_dags/example_sensors.py
[2024-03-03T08:11:20.647+0000] {logging_mixin.py:188} INFO - [2024-03-03T08:11:20.646+0000] {dag.py:3047} INFO - Sync 1 DAGs
[2024-03-03T08:11:20.660+0000] {logging_mixin.py:188} INFO - [2024-03-03T08:11:20.660+0000] {dag.py:3834} INFO - Setting next_dagrun for example_sensors to None, run_after=None
[2024-03-03T08:11:20.681+0000] {processor.py:183} INFO - Processing /home/airflow/.local/lib/python3.11/site-packages/airflow/example_dags/example_sensors.py took 0.076 seconds
[2024-03-03T08:11:51.177+0000] {processor.py:161} INFO - Started process (PID=261) to work on /home/airflow/.local/lib/python3.11/site-packages/airflow/example_dags/example_sensors.py
[2024-03-03T08:11:51.178+0000] {processor.py:830} INFO - Processing file /home/airflow/.local/lib/python3.11/site-packages/airflow/example_dags/example_sensors.py for tasks to queue
[2024-03-03T08:11:51.180+0000] {logging_mixin.py:188} INFO - [2024-03-03T08:11:51.180+0000] {dagbag.py:540} INFO - Filling up the DagBag from /home/airflow/.local/lib/python3.11/site-packages/airflow/example_dags/example_sensors.py
[2024-03-03T08:11:51.189+0000] {processor.py:840} INFO - DAG(s) 'example_sensors' retrieved from /home/airflow/.local/lib/python3.11/site-packages/airflow/example_dags/example_sensors.py
[2024-03-03T08:11:51.212+0000] {logging_mixin.py:188} INFO - [2024-03-03T08:11:51.212+0000] {dag.py:3047} INFO - Sync 1 DAGs
[2024-03-03T08:11:51.226+0000] {logging_mixin.py:188} INFO - [2024-03-03T08:11:51.226+0000] {dag.py:3834} INFO - Setting next_dagrun for example_sensors to None, run_after=None
[2024-03-03T08:11:51.244+0000] {processor.py:183} INFO - Processing /home/airflow/.local/lib/python3.11/site-packages/airflow/example_dags/example_sensors.py took 0.070 seconds
[2024-03-03T08:12:21.713+0000] {processor.py:161} INFO - Started process (PID=316) to work on /home/airflow/.local/lib/python3.11/site-packages/airflow/example_dags/example_sensors.py
[2024-03-03T08:12:21.714+0000] {processor.py:830} INFO - Processing file /home/airflow/.local/lib/python3.11/site-packages/airflow/example_dags/example_sensors.py for tasks to queue
[2024-03-03T08:12:21.716+0000] {logging_mixin.py:188} INFO - [2024-03-03T08:12:21.716+0000] {dagbag.py:540} INFO - Filling up the DagBag from /home/airflow/.local/lib/python3.11/site-packages/airflow/example_dags/example_sensors.py
[2024-03-03T08:12:21.725+0000] {processor.py:840} INFO - DAG(s) 'example_sensors' retrieved from /home/airflow/.local/lib/python3.11/site-packages/airflow/example_dags/example_sensors.py
[2024-03-03T08:12:21.748+0000] {logging_mixin.py:188} INFO - [2024-03-03T08:12:21.748+0000] {dag.py:3047} INFO - Sync 1 DAGs
[2024-03-03T08:12:21.761+0000] {logging_mixin.py:188} INFO - [2024-03-03T08:12:21.761+0000] {dag.py:3834} INFO - Setting next_dagrun for example_sensors to None, run_after=None
[2024-03-03T08:12:21.780+0000] {processor.py:183} INFO - Processing /home/airflow/.local/lib/python3.11/site-packages/airflow/example_dags/example_sensors.py took 0.070 seconds
[2024-03-03T08:12:52.329+0000] {processor.py:161} INFO - Started process (PID=371) to work on /home/airflow/.local/lib/python3.11/site-packages/airflow/example_dags/example_sensors.py
[2024-03-03T08:12:52.330+0000] {processor.py:830} INFO - Processing file /home/airflow/.local/lib/python3.11/site-packages/airflow/example_dags/example_sensors.py for tasks to queue
[2024-03-03T08:12:52.333+0000] {logging_mixin.py:188} INFO - [2024-03-03T08:12:52.332+0000] {dagbag.py:540} INFO - Filling up the DagBag from /home/airflow/.local/lib/python3.11/site-packages/airflow/example_dags/example_sensors.py
[2024-03-03T08:12:52.343+0000] {processor.py:840} INFO - DAG(s) 'example_sensors' retrieved from /home/airflow/.local/lib/python3.11/site-packages/airflow/example_dags/example_sensors.py
[2024-03-03T08:12:52.366+0000] {logging_mixin.py:188} INFO - [2024-03-03T08:12:52.366+0000] {dag.py:3047} INFO - Sync 1 DAGs
[2024-03-03T08:12:52.378+0000] {logging_mixin.py:188} INFO - [2024-03-03T08:12:52.378+0000] {dag.py:3834} INFO - Setting next_dagrun for example_sensors to None, run_after=None
[2024-03-03T08:12:52.396+0000] {processor.py:183} INFO - Processing /home/airflow/.local/lib/python3.11/site-packages/airflow/example_dags/example_sensors.py took 0.071 seconds
[2024-03-03T08:13:22.806+0000] {processor.py:161} INFO - Started process (PID=426) to work on /home/airflow/.local/lib/python3.11/site-packages/airflow/example_dags/example_sensors.py
[2024-03-03T08:13:22.808+0000] {processor.py:830} INFO - Processing file /home/airflow/.local/lib/python3.11/site-packages/airflow/example_dags/example_sensors.py for tasks to queue
[2024-03-03T08:13:22.811+0000] {logging_mixin.py:188} INFO - [2024-03-03T08:13:22.810+0000] {dagbag.py:540} INFO - Filling up the DagBag from /home/airflow/.local/lib/python3.11/site-packages/airflow/example_dags/example_sensors.py
[2024-03-03T08:13:22.823+0000] {processor.py:840} INFO - DAG(s) 'example_sensors' retrieved from /home/airflow/.local/lib/python3.11/site-packages/airflow/example_dags/example_sensors.py
[2024-03-03T08:13:22.851+0000] {logging_mixin.py:188} INFO - [2024-03-03T08:13:22.851+0000] {dag.py:3047} INFO - Sync 1 DAGs
[2024-03-03T08:13:22.866+0000] {logging_mixin.py:188} INFO - [2024-03-03T08:13:22.865+0000] {dag.py:3834} INFO - Setting next_dagrun for example_sensors to None, run_after=None
[2024-03-03T08:13:22.886+0000] {processor.py:183} INFO - Processing /home/airflow/.local/lib/python3.11/site-packages/airflow/example_dags/example_sensors.py took 0.084 seconds
[2024-03-03T08:13:53.621+0000] {processor.py:161} INFO - Started process (PID=481) to work on /home/airflow/.local/lib/python3.11/site-packages/airflow/example_dags/example_sensors.py
[2024-03-03T08:13:53.622+0000] {processor.py:830} INFO - Processing file /home/airflow/.local/lib/python3.11/site-packages/airflow/example_dags/example_sensors.py for tasks to queue
[2024-03-03T08:13:53.625+0000] {logging_mixin.py:188} INFO - [2024-03-03T08:13:53.624+0000] {dagbag.py:540} INFO - Filling up the DagBag from /home/airflow/.local/lib/python3.11/site-packages/airflow/example_dags/example_sensors.py
[2024-03-03T08:13:53.635+0000] {processor.py:840} INFO - DAG(s) 'example_sensors' retrieved from /home/airflow/.local/lib/python3.11/site-packages/airflow/example_dags/example_sensors.py
[2024-03-03T08:13:53.661+0000] {logging_mixin.py:188} INFO - [2024-03-03T08:13:53.661+0000] {dag.py:3047} INFO - Sync 1 DAGs
[2024-03-03T08:13:53.677+0000] {logging_mixin.py:188} INFO - [2024-03-03T08:13:53.677+0000] {dag.py:3834} INFO - Setting next_dagrun for example_sensors to None, run_after=None
[2024-03-03T08:13:53.698+0000] {processor.py:183} INFO - Processing /home/airflow/.local/lib/python3.11/site-packages/airflow/example_dags/example_sensors.py took 0.081 seconds
[2024-03-03T08:14:23.727+0000] {processor.py:161} INFO - Started process (PID=544) to work on /home/airflow/.local/lib/python3.11/site-packages/airflow/example_dags/example_sensors.py
[2024-03-03T08:14:23.728+0000] {processor.py:830} INFO - Processing file /home/airflow/.local/lib/python3.11/site-packages/airflow/example_dags/example_sensors.py for tasks to queue
[2024-03-03T08:14:23.731+0000] {logging_mixin.py:188} INFO - [2024-03-03T08:14:23.730+0000] {dagbag.py:540} INFO - Filling up the DagBag from /home/airflow/.local/lib/python3.11/site-packages/airflow/example_dags/example_sensors.py
[2024-03-03T08:14:23.740+0000] {processor.py:840} INFO - DAG(s) 'example_sensors' retrieved from /home/airflow/.local/lib/python3.11/site-packages/airflow/example_dags/example_sensors.py
[2024-03-03T08:14:23.763+0000] {logging_mixin.py:188} INFO - [2024-03-03T08:14:23.763+0000] {dag.py:3047} INFO - Sync 1 DAGs
[2024-03-03T08:14:23.777+0000] {logging_mixin.py:188} INFO - [2024-03-03T08:14:23.777+0000] {dag.py:3834} INFO - Setting next_dagrun for example_sensors to None, run_after=None
[2024-03-03T08:14:23.796+0000] {processor.py:183} INFO - Processing /home/airflow/.local/lib/python3.11/site-packages/airflow/example_dags/example_sensors.py took 0.073 seconds
[2024-03-03T08:14:54.403+0000] {processor.py:161} INFO - Started process (PID=600) to work on /home/airflow/.local/lib/python3.11/site-packages/airflow/example_dags/example_sensors.py
[2024-03-03T08:14:54.404+0000] {processor.py:830} INFO - Processing file /home/airflow/.local/lib/python3.11/site-packages/airflow/example_dags/example_sensors.py for tasks to queue
[2024-03-03T08:14:54.407+0000] {logging_mixin.py:188} INFO - [2024-03-03T08:14:54.407+0000] {dagbag.py:540} INFO - Filling up the DagBag from /home/airflow/.local/lib/python3.11/site-packages/airflow/example_dags/example_sensors.py
[2024-03-03T08:14:54.420+0000] {processor.py:840} INFO - DAG(s) 'example_sensors' retrieved from /home/airflow/.local/lib/python3.11/site-packages/airflow/example_dags/example_sensors.py
[2024-03-03T08:14:54.448+0000] {logging_mixin.py:188} INFO - [2024-03-03T08:14:54.448+0000] {dag.py:3047} INFO - Sync 1 DAGs
[2024-03-03T08:14:54.469+0000] {logging_mixin.py:188} INFO - [2024-03-03T08:14:54.468+0000] {dag.py:3834} INFO - Setting next_dagrun for example_sensors to None, run_after=None
[2024-03-03T08:14:54.492+0000] {processor.py:183} INFO - Processing /home/airflow/.local/lib/python3.11/site-packages/airflow/example_dags/example_sensors.py took 0.094 seconds
[2024-03-03T08:15:25.147+0000] {processor.py:161} INFO - Started process (PID=656) to work on /home/airflow/.local/lib/python3.11/site-packages/airflow/example_dags/example_sensors.py
[2024-03-03T08:15:25.148+0000] {processor.py:830} INFO - Processing file /home/airflow/.local/lib/python3.11/site-packages/airflow/example_dags/example_sensors.py for tasks to queue
[2024-03-03T08:15:25.151+0000] {logging_mixin.py:188} INFO - [2024-03-03T08:15:25.150+0000] {dagbag.py:540} INFO - Filling up the DagBag from /home/airflow/.local/lib/python3.11/site-packages/airflow/example_dags/example_sensors.py
[2024-03-03T08:15:25.160+0000] {processor.py:840} INFO - DAG(s) 'example_sensors' retrieved from /home/airflow/.local/lib/python3.11/site-packages/airflow/example_dags/example_sensors.py
[2024-03-03T08:15:25.187+0000] {logging_mixin.py:188} INFO - [2024-03-03T08:15:25.186+0000] {dag.py:3047} INFO - Sync 1 DAGs
[2024-03-03T08:15:25.198+0000] {logging_mixin.py:188} INFO - [2024-03-03T08:15:25.198+0000] {dag.py:3834} INFO - Setting next_dagrun for example_sensors to None, run_after=None
[2024-03-03T08:15:25.217+0000] {processor.py:183} INFO - Processing /home/airflow/.local/lib/python3.11/site-packages/airflow/example_dags/example_sensors.py took 0.073 seconds
[2024-03-03T08:15:56.027+0000] {processor.py:161} INFO - Started process (PID=712) to work on /home/airflow/.local/lib/python3.11/site-packages/airflow/example_dags/example_sensors.py
[2024-03-03T08:15:56.028+0000] {processor.py:830} INFO - Processing file /home/airflow/.local/lib/python3.11/site-packages/airflow/example_dags/example_sensors.py for tasks to queue
[2024-03-03T08:15:56.031+0000] {logging_mixin.py:188} INFO - [2024-03-03T08:15:56.030+0000] {dagbag.py:540} INFO - Filling up the DagBag from /home/airflow/.local/lib/python3.11/site-packages/airflow/example_dags/example_sensors.py
[2024-03-03T08:15:56.043+0000] {processor.py:840} INFO - DAG(s) 'example_sensors' retrieved from /home/airflow/.local/lib/python3.11/site-packages/airflow/example_dags/example_sensors.py
[2024-03-03T08:15:56.072+0000] {logging_mixin.py:188} INFO - [2024-03-03T08:15:56.072+0000] {dag.py:3047} INFO - Sync 1 DAGs
[2024-03-03T08:15:56.087+0000] {logging_mixin.py:188} INFO - [2024-03-03T08:15:56.087+0000] {dag.py:3834} INFO - Setting next_dagrun for example_sensors to None, run_after=None
[2024-03-03T08:15:56.103+0000] {processor.py:183} INFO - Processing /home/airflow/.local/lib/python3.11/site-packages/airflow/example_dags/example_sensors.py took 0.080 seconds
[2024-03-03T08:16:26.756+0000] {processor.py:161} INFO - Started process (PID=768) to work on /home/airflow/.local/lib/python3.11/site-packages/airflow/example_dags/example_sensors.py
[2024-03-03T08:16:26.757+0000] {processor.py:830} INFO - Processing file /home/airflow/.local/lib/python3.11/site-packages/airflow/example_dags/example_sensors.py for tasks to queue
[2024-03-03T08:16:26.760+0000] {logging_mixin.py:188} INFO - [2024-03-03T08:16:26.759+0000] {dagbag.py:540} INFO - Filling up the DagBag from /home/airflow/.local/lib/python3.11/site-packages/airflow/example_dags/example_sensors.py
[2024-03-03T08:16:26.770+0000] {processor.py:840} INFO - DAG(s) 'example_sensors' retrieved from /home/airflow/.local/lib/python3.11/site-packages/airflow/example_dags/example_sensors.py
[2024-03-03T08:16:26.794+0000] {logging_mixin.py:188} INFO - [2024-03-03T08:16:26.793+0000] {dag.py:3047} INFO - Sync 1 DAGs
[2024-03-03T08:16:26.806+0000] {logging_mixin.py:188} INFO - [2024-03-03T08:16:26.806+0000] {dag.py:3834} INFO - Setting next_dagrun for example_sensors to None, run_after=None
[2024-03-03T08:16:26.823+0000] {processor.py:183} INFO - Processing /home/airflow/.local/lib/python3.11/site-packages/airflow/example_dags/example_sensors.py took 0.070 seconds
[2024-03-03T08:16:57.486+0000] {processor.py:161} INFO - Started process (PID=824) to work on /home/airflow/.local/lib/python3.11/site-packages/airflow/example_dags/example_sensors.py
[2024-03-03T08:16:57.488+0000] {processor.py:830} INFO - Processing file /home/airflow/.local/lib/python3.11/site-packages/airflow/example_dags/example_sensors.py for tasks to queue
[2024-03-03T08:16:57.490+0000] {logging_mixin.py:188} INFO - [2024-03-03T08:16:57.489+0000] {dagbag.py:540} INFO - Filling up the DagBag from /home/airflow/.local/lib/python3.11/site-packages/airflow/example_dags/example_sensors.py
[2024-03-03T08:16:57.499+0000] {processor.py:840} INFO - DAG(s) 'example_sensors' retrieved from /home/airflow/.local/lib/python3.11/site-packages/airflow/example_dags/example_sensors.py
[2024-03-03T08:16:57.520+0000] {logging_mixin.py:188} INFO - [2024-03-03T08:16:57.520+0000] {dag.py:3047} INFO - Sync 1 DAGs
[2024-03-03T08:16:57.535+0000] {logging_mixin.py:188} INFO - [2024-03-03T08:16:57.534+0000] {dag.py:3834} INFO - Setting next_dagrun for example_sensors to None, run_after=None
[2024-03-03T08:16:57.555+0000] {processor.py:183} INFO - Processing /home/airflow/.local/lib/python3.11/site-packages/airflow/example_dags/example_sensors.py took 0.072 seconds
[2024-03-03T08:17:28.035+0000] {processor.py:161} INFO - Started process (PID=880) to work on /home/airflow/.local/lib/python3.11/site-packages/airflow/example_dags/example_sensors.py
[2024-03-03T08:17:28.036+0000] {processor.py:830} INFO - Processing file /home/airflow/.local/lib/python3.11/site-packages/airflow/example_dags/example_sensors.py for tasks to queue
[2024-03-03T08:17:28.038+0000] {logging_mixin.py:188} INFO - [2024-03-03T08:17:28.038+0000] {dagbag.py:540} INFO - Filling up the DagBag from /home/airflow/.local/lib/python3.11/site-packages/airflow/example_dags/example_sensors.py
[2024-03-03T08:17:28.047+0000] {processor.py:840} INFO - DAG(s) 'example_sensors' retrieved from /home/airflow/.local/lib/python3.11/site-packages/airflow/example_dags/example_sensors.py
[2024-03-03T08:17:28.069+0000] {logging_mixin.py:188} INFO - [2024-03-03T08:17:28.069+0000] {dag.py:3047} INFO - Sync 1 DAGs
[2024-03-03T08:17:28.082+0000] {logging_mixin.py:188} INFO - [2024-03-03T08:17:28.081+0000] {dag.py:3834} INFO - Setting next_dagrun for example_sensors to None, run_after=None
[2024-03-03T08:17:28.101+0000] {processor.py:183} INFO - Processing /home/airflow/.local/lib/python3.11/site-packages/airflow/example_dags/example_sensors.py took 0.069 seconds
[2024-03-03T08:17:58.318+0000] {processor.py:161} INFO - Started process (PID=935) to work on /home/airflow/.local/lib/python3.11/site-packages/airflow/example_dags/example_sensors.py
[2024-03-03T08:17:58.319+0000] {processor.py:830} INFO - Processing file /home/airflow/.local/lib/python3.11/site-packages/airflow/example_dags/example_sensors.py for tasks to queue
[2024-03-03T08:17:58.321+0000] {logging_mixin.py:188} INFO - [2024-03-03T08:17:58.320+0000] {dagbag.py:540} INFO - Filling up the DagBag from /home/airflow/.local/lib/python3.11/site-packages/airflow/example_dags/example_sensors.py
[2024-03-03T08:17:58.333+0000] {processor.py:840} INFO - DAG(s) 'example_sensors' retrieved from /home/airflow/.local/lib/python3.11/site-packages/airflow/example_dags/example_sensors.py
[2024-03-03T08:17:58.356+0000] {logging_mixin.py:188} INFO - [2024-03-03T08:17:58.356+0000] {dag.py:3047} INFO - Sync 1 DAGs
[2024-03-03T08:17:58.368+0000] {logging_mixin.py:188} INFO - [2024-03-03T08:17:58.368+0000] {dag.py:3834} INFO - Setting next_dagrun for example_sensors to None, run_after=None
[2024-03-03T08:17:58.386+0000] {processor.py:183} INFO - Processing /home/airflow/.local/lib/python3.11/site-packages/airflow/example_dags/example_sensors.py took 0.071 seconds
