[2024-03-03T08:09:49.822+0000] {processor.py:161} INFO - Started process (PID=49) to work on /home/airflow/.local/lib/python3.11/site-packages/airflow/example_dags/example_skip_dag.py
[2024-03-03T08:09:49.823+0000] {processor.py:830} INFO - Processing file /home/airflow/.local/lib/python3.11/site-packages/airflow/example_dags/example_skip_dag.py for tasks to queue
[2024-03-03T08:09:49.825+0000] {logging_mixin.py:188} INFO - [2024-03-03T08:09:49.824+0000] {dagbag.py:540} INFO - Filling up the DagBag from /home/airflow/.local/lib/python3.11/site-packages/airflow/example_dags/example_skip_dag.py
[2024-03-03T08:09:49.835+0000] {processor.py:840} INFO - DAG(s) 'example_skip_dag' retrieved from /home/airflow/.local/lib/python3.11/site-packages/airflow/example_dags/example_skip_dag.py
[2024-03-03T08:09:49.960+0000] {logging_mixin.py:188} INFO - [2024-03-03T08:09:49.959+0000] {override.py:1769} INFO - Created Permission View: can edit on DAG:example_skip_dag
[2024-03-03T08:09:49.973+0000] {logging_mixin.py:188} INFO - [2024-03-03T08:09:49.972+0000] {override.py:1769} INFO - Created Permission View: can read on DAG:example_skip_dag
[2024-03-03T08:09:49.981+0000] {logging_mixin.py:188} INFO - [2024-03-03T08:09:49.981+0000] {override.py:1769} INFO - Created Permission View: can delete on DAG:example_skip_dag
[2024-03-03T08:09:49.982+0000] {logging_mixin.py:188} INFO - [2024-03-03T08:09:49.982+0000] {dag.py:3047} INFO - Sync 1 DAGs
[2024-03-03T08:09:49.997+0000] {logging_mixin.py:188} INFO - [2024-03-03T08:09:49.997+0000] {dag.py:3069} INFO - Creating ORM DAG for example_skip_dag
[2024-03-03T08:09:50.008+0000] {logging_mixin.py:188} INFO - [2024-03-03T08:09:50.008+0000] {dag.py:3834} INFO - Setting next_dagrun for example_skip_dag to 2024-03-02 00:00:00+00:00, run_after=2024-03-03 00:00:00+00:00
[2024-03-03T08:09:50.028+0000] {processor.py:183} INFO - Processing /home/airflow/.local/lib/python3.11/site-packages/airflow/example_dags/example_skip_dag.py took 0.210 seconds
[2024-03-03T08:10:20.074+0000] {processor.py:161} INFO - Started process (PID=104) to work on /home/airflow/.local/lib/python3.11/site-packages/airflow/example_dags/example_skip_dag.py
[2024-03-03T08:10:20.075+0000] {processor.py:830} INFO - Processing file /home/airflow/.local/lib/python3.11/site-packages/airflow/example_dags/example_skip_dag.py for tasks to queue
[2024-03-03T08:10:20.077+0000] {logging_mixin.py:188} INFO - [2024-03-03T08:10:20.077+0000] {dagbag.py:540} INFO - Filling up the DagBag from /home/airflow/.local/lib/python3.11/site-packages/airflow/example_dags/example_skip_dag.py
[2024-03-03T08:10:20.085+0000] {processor.py:840} INFO - DAG(s) 'example_skip_dag' retrieved from /home/airflow/.local/lib/python3.11/site-packages/airflow/example_dags/example_skip_dag.py
[2024-03-03T08:10:20.102+0000] {logging_mixin.py:188} INFO - [2024-03-03T08:10:20.102+0000] {dag.py:3047} INFO - Sync 1 DAGs
[2024-03-03T08:10:20.123+0000] {logging_mixin.py:188} INFO - [2024-03-03T08:10:20.122+0000] {dag.py:3834} INFO - Setting next_dagrun for example_skip_dag to 2024-03-02 00:00:00+00:00, run_after=2024-03-03 00:00:00+00:00
[2024-03-03T08:10:20.140+0000] {processor.py:183} INFO - Processing /home/airflow/.local/lib/python3.11/site-packages/airflow/example_dags/example_skip_dag.py took 0.069 seconds
[2024-03-03T08:10:50.595+0000] {processor.py:161} INFO - Started process (PID=159) to work on /home/airflow/.local/lib/python3.11/site-packages/airflow/example_dags/example_skip_dag.py
[2024-03-03T08:10:50.596+0000] {processor.py:830} INFO - Processing file /home/airflow/.local/lib/python3.11/site-packages/airflow/example_dags/example_skip_dag.py for tasks to queue
[2024-03-03T08:10:50.598+0000] {logging_mixin.py:188} INFO - [2024-03-03T08:10:50.597+0000] {dagbag.py:540} INFO - Filling up the DagBag from /home/airflow/.local/lib/python3.11/site-packages/airflow/example_dags/example_skip_dag.py
[2024-03-03T08:10:50.604+0000] {processor.py:840} INFO - DAG(s) 'example_skip_dag' retrieved from /home/airflow/.local/lib/python3.11/site-packages/airflow/example_dags/example_skip_dag.py
[2024-03-03T08:10:50.622+0000] {logging_mixin.py:188} INFO - [2024-03-03T08:10:50.621+0000] {dag.py:3047} INFO - Sync 1 DAGs
[2024-03-03T08:10:50.641+0000] {logging_mixin.py:188} INFO - [2024-03-03T08:10:50.641+0000] {dag.py:3834} INFO - Setting next_dagrun for example_skip_dag to 2024-03-02 00:00:00+00:00, run_after=2024-03-03 00:00:00+00:00
[2024-03-03T08:10:50.655+0000] {processor.py:183} INFO - Processing /home/airflow/.local/lib/python3.11/site-packages/airflow/example_dags/example_skip_dag.py took 0.063 seconds
[2024-03-03T08:11:21.069+0000] {processor.py:161} INFO - Started process (PID=214) to work on /home/airflow/.local/lib/python3.11/site-packages/airflow/example_dags/example_skip_dag.py
[2024-03-03T08:11:21.070+0000] {processor.py:830} INFO - Processing file /home/airflow/.local/lib/python3.11/site-packages/airflow/example_dags/example_skip_dag.py for tasks to queue
[2024-03-03T08:11:21.072+0000] {logging_mixin.py:188} INFO - [2024-03-03T08:11:21.072+0000] {dagbag.py:540} INFO - Filling up the DagBag from /home/airflow/.local/lib/python3.11/site-packages/airflow/example_dags/example_skip_dag.py
[2024-03-03T08:11:21.081+0000] {processor.py:840} INFO - DAG(s) 'example_skip_dag' retrieved from /home/airflow/.local/lib/python3.11/site-packages/airflow/example_dags/example_skip_dag.py
[2024-03-03T08:11:21.101+0000] {logging_mixin.py:188} INFO - [2024-03-03T08:11:21.100+0000] {dag.py:3047} INFO - Sync 1 DAGs
[2024-03-03T08:11:21.120+0000] {logging_mixin.py:188} INFO - [2024-03-03T08:11:21.120+0000] {dag.py:3834} INFO - Setting next_dagrun for example_skip_dag to 2024-03-02 00:00:00+00:00, run_after=2024-03-03 00:00:00+00:00
[2024-03-03T08:11:21.136+0000] {processor.py:183} INFO - Processing /home/airflow/.local/lib/python3.11/site-packages/airflow/example_dags/example_skip_dag.py took 0.070 seconds
[2024-03-03T08:11:51.717+0000] {processor.py:161} INFO - Started process (PID=269) to work on /home/airflow/.local/lib/python3.11/site-packages/airflow/example_dags/example_skip_dag.py
[2024-03-03T08:11:51.717+0000] {processor.py:830} INFO - Processing file /home/airflow/.local/lib/python3.11/site-packages/airflow/example_dags/example_skip_dag.py for tasks to queue
[2024-03-03T08:11:51.720+0000] {logging_mixin.py:188} INFO - [2024-03-03T08:11:51.720+0000] {dagbag.py:540} INFO - Filling up the DagBag from /home/airflow/.local/lib/python3.11/site-packages/airflow/example_dags/example_skip_dag.py
[2024-03-03T08:11:51.727+0000] {processor.py:840} INFO - DAG(s) 'example_skip_dag' retrieved from /home/airflow/.local/lib/python3.11/site-packages/airflow/example_dags/example_skip_dag.py
[2024-03-03T08:11:51.747+0000] {logging_mixin.py:188} INFO - [2024-03-03T08:11:51.747+0000] {dag.py:3047} INFO - Sync 1 DAGs
[2024-03-03T08:11:51.768+0000] {logging_mixin.py:188} INFO - [2024-03-03T08:11:51.768+0000] {dag.py:3834} INFO - Setting next_dagrun for example_skip_dag to 2024-03-02 00:00:00+00:00, run_after=2024-03-03 00:00:00+00:00
[2024-03-03T08:11:51.785+0000] {processor.py:183} INFO - Processing /home/airflow/.local/lib/python3.11/site-packages/airflow/example_dags/example_skip_dag.py took 0.072 seconds
[2024-03-03T08:12:22.169+0000] {processor.py:161} INFO - Started process (PID=324) to work on /home/airflow/.local/lib/python3.11/site-packages/airflow/example_dags/example_skip_dag.py
[2024-03-03T08:12:22.171+0000] {processor.py:830} INFO - Processing file /home/airflow/.local/lib/python3.11/site-packages/airflow/example_dags/example_skip_dag.py for tasks to queue
[2024-03-03T08:12:22.173+0000] {logging_mixin.py:188} INFO - [2024-03-03T08:12:22.173+0000] {dagbag.py:540} INFO - Filling up the DagBag from /home/airflow/.local/lib/python3.11/site-packages/airflow/example_dags/example_skip_dag.py
[2024-03-03T08:12:22.180+0000] {processor.py:840} INFO - DAG(s) 'example_skip_dag' retrieved from /home/airflow/.local/lib/python3.11/site-packages/airflow/example_dags/example_skip_dag.py
[2024-03-03T08:12:22.198+0000] {logging_mixin.py:188} INFO - [2024-03-03T08:12:22.198+0000] {dag.py:3047} INFO - Sync 1 DAGs
[2024-03-03T08:12:22.219+0000] {logging_mixin.py:188} INFO - [2024-03-03T08:12:22.219+0000] {dag.py:3834} INFO - Setting next_dagrun for example_skip_dag to 2024-03-02 00:00:00+00:00, run_after=2024-03-03 00:00:00+00:00
[2024-03-03T08:12:22.236+0000] {processor.py:183} INFO - Processing /home/airflow/.local/lib/python3.11/site-packages/airflow/example_dags/example_skip_dag.py took 0.070 seconds
[2024-03-03T08:12:52.801+0000] {processor.py:161} INFO - Started process (PID=379) to work on /home/airflow/.local/lib/python3.11/site-packages/airflow/example_dags/example_skip_dag.py
[2024-03-03T08:12:52.802+0000] {processor.py:830} INFO - Processing file /home/airflow/.local/lib/python3.11/site-packages/airflow/example_dags/example_skip_dag.py for tasks to queue
[2024-03-03T08:12:52.804+0000] {logging_mixin.py:188} INFO - [2024-03-03T08:12:52.804+0000] {dagbag.py:540} INFO - Filling up the DagBag from /home/airflow/.local/lib/python3.11/site-packages/airflow/example_dags/example_skip_dag.py
[2024-03-03T08:12:52.812+0000] {processor.py:840} INFO - DAG(s) 'example_skip_dag' retrieved from /home/airflow/.local/lib/python3.11/site-packages/airflow/example_dags/example_skip_dag.py
[2024-03-03T08:12:52.830+0000] {logging_mixin.py:188} INFO - [2024-03-03T08:12:52.830+0000] {dag.py:3047} INFO - Sync 1 DAGs
[2024-03-03T08:12:52.850+0000] {logging_mixin.py:188} INFO - [2024-03-03T08:12:52.849+0000] {dag.py:3834} INFO - Setting next_dagrun for example_skip_dag to 2024-03-02 00:00:00+00:00, run_after=2024-03-03 00:00:00+00:00
[2024-03-03T08:12:52.865+0000] {processor.py:183} INFO - Processing /home/airflow/.local/lib/python3.11/site-packages/airflow/example_dags/example_skip_dag.py took 0.068 seconds
[2024-03-03T08:13:23.306+0000] {processor.py:161} INFO - Started process (PID=434) to work on /home/airflow/.local/lib/python3.11/site-packages/airflow/example_dags/example_skip_dag.py
[2024-03-03T08:13:23.307+0000] {processor.py:830} INFO - Processing file /home/airflow/.local/lib/python3.11/site-packages/airflow/example_dags/example_skip_dag.py for tasks to queue
[2024-03-03T08:13:23.310+0000] {logging_mixin.py:188} INFO - [2024-03-03T08:13:23.310+0000] {dagbag.py:540} INFO - Filling up the DagBag from /home/airflow/.local/lib/python3.11/site-packages/airflow/example_dags/example_skip_dag.py
[2024-03-03T08:13:23.317+0000] {processor.py:840} INFO - DAG(s) 'example_skip_dag' retrieved from /home/airflow/.local/lib/python3.11/site-packages/airflow/example_dags/example_skip_dag.py
[2024-03-03T08:13:23.334+0000] {logging_mixin.py:188} INFO - [2024-03-03T08:13:23.334+0000] {dag.py:3047} INFO - Sync 1 DAGs
[2024-03-03T08:13:23.359+0000] {logging_mixin.py:188} INFO - [2024-03-03T08:13:23.359+0000] {dag.py:3834} INFO - Setting next_dagrun for example_skip_dag to 2024-03-02 00:00:00+00:00, run_after=2024-03-03 00:00:00+00:00
[2024-03-03T08:13:23.375+0000] {processor.py:183} INFO - Processing /home/airflow/.local/lib/python3.11/site-packages/airflow/example_dags/example_skip_dag.py took 0.072 seconds
[2024-03-03T08:13:54.072+0000] {processor.py:161} INFO - Started process (PID=489) to work on /home/airflow/.local/lib/python3.11/site-packages/airflow/example_dags/example_skip_dag.py
[2024-03-03T08:13:54.073+0000] {processor.py:830} INFO - Processing file /home/airflow/.local/lib/python3.11/site-packages/airflow/example_dags/example_skip_dag.py for tasks to queue
[2024-03-03T08:13:54.076+0000] {logging_mixin.py:188} INFO - [2024-03-03T08:13:54.075+0000] {dagbag.py:540} INFO - Filling up the DagBag from /home/airflow/.local/lib/python3.11/site-packages/airflow/example_dags/example_skip_dag.py
[2024-03-03T08:13:54.086+0000] {processor.py:840} INFO - DAG(s) 'example_skip_dag' retrieved from /home/airflow/.local/lib/python3.11/site-packages/airflow/example_dags/example_skip_dag.py
[2024-03-03T08:13:54.105+0000] {logging_mixin.py:188} INFO - [2024-03-03T08:13:54.105+0000] {dag.py:3047} INFO - Sync 1 DAGs
[2024-03-03T08:13:54.129+0000] {logging_mixin.py:188} INFO - [2024-03-03T08:13:54.129+0000] {dag.py:3834} INFO - Setting next_dagrun for example_skip_dag to 2024-03-02 00:00:00+00:00, run_after=2024-03-03 00:00:00+00:00
[2024-03-03T08:13:54.151+0000] {processor.py:183} INFO - Processing /home/airflow/.local/lib/python3.11/site-packages/airflow/example_dags/example_skip_dag.py took 0.083 seconds
[2024-03-03T08:14:24.257+0000] {processor.py:161} INFO - Started process (PID=552) to work on /home/airflow/.local/lib/python3.11/site-packages/airflow/example_dags/example_skip_dag.py
[2024-03-03T08:14:24.259+0000] {processor.py:830} INFO - Processing file /home/airflow/.local/lib/python3.11/site-packages/airflow/example_dags/example_skip_dag.py for tasks to queue
[2024-03-03T08:14:24.262+0000] {logging_mixin.py:188} INFO - [2024-03-03T08:14:24.261+0000] {dagbag.py:540} INFO - Filling up the DagBag from /home/airflow/.local/lib/python3.11/site-packages/airflow/example_dags/example_skip_dag.py
[2024-03-03T08:14:24.270+0000] {processor.py:840} INFO - DAG(s) 'example_skip_dag' retrieved from /home/airflow/.local/lib/python3.11/site-packages/airflow/example_dags/example_skip_dag.py
[2024-03-03T08:14:24.294+0000] {logging_mixin.py:188} INFO - [2024-03-03T08:14:24.294+0000] {dag.py:3047} INFO - Sync 1 DAGs
[2024-03-03T08:14:24.315+0000] {logging_mixin.py:188} INFO - [2024-03-03T08:14:24.314+0000] {dag.py:3834} INFO - Setting next_dagrun for example_skip_dag to 2024-03-02 00:00:00+00:00, run_after=2024-03-03 00:00:00+00:00
[2024-03-03T08:14:24.334+0000] {processor.py:183} INFO - Processing /home/airflow/.local/lib/python3.11/site-packages/airflow/example_dags/example_skip_dag.py took 0.082 seconds
[2024-03-03T08:14:54.901+0000] {processor.py:161} INFO - Started process (PID=608) to work on /home/airflow/.local/lib/python3.11/site-packages/airflow/example_dags/example_skip_dag.py
[2024-03-03T08:14:54.902+0000] {processor.py:830} INFO - Processing file /home/airflow/.local/lib/python3.11/site-packages/airflow/example_dags/example_skip_dag.py for tasks to queue
[2024-03-03T08:14:54.904+0000] {logging_mixin.py:188} INFO - [2024-03-03T08:14:54.903+0000] {dagbag.py:540} INFO - Filling up the DagBag from /home/airflow/.local/lib/python3.11/site-packages/airflow/example_dags/example_skip_dag.py
[2024-03-03T08:14:54.911+0000] {processor.py:840} INFO - DAG(s) 'example_skip_dag' retrieved from /home/airflow/.local/lib/python3.11/site-packages/airflow/example_dags/example_skip_dag.py
[2024-03-03T08:14:54.928+0000] {logging_mixin.py:188} INFO - [2024-03-03T08:14:54.927+0000] {dag.py:3047} INFO - Sync 1 DAGs
[2024-03-03T08:14:54.952+0000] {logging_mixin.py:188} INFO - [2024-03-03T08:14:54.952+0000] {dag.py:3834} INFO - Setting next_dagrun for example_skip_dag to 2024-03-02 00:00:00+00:00, run_after=2024-03-03 00:00:00+00:00
[2024-03-03T08:14:54.967+0000] {processor.py:183} INFO - Processing /home/airflow/.local/lib/python3.11/site-packages/airflow/example_dags/example_skip_dag.py took 0.069 seconds
[2024-03-03T08:15:25.653+0000] {processor.py:161} INFO - Started process (PID=664) to work on /home/airflow/.local/lib/python3.11/site-packages/airflow/example_dags/example_skip_dag.py
[2024-03-03T08:15:25.654+0000] {processor.py:830} INFO - Processing file /home/airflow/.local/lib/python3.11/site-packages/airflow/example_dags/example_skip_dag.py for tasks to queue
[2024-03-03T08:15:25.656+0000] {logging_mixin.py:188} INFO - [2024-03-03T08:15:25.656+0000] {dagbag.py:540} INFO - Filling up the DagBag from /home/airflow/.local/lib/python3.11/site-packages/airflow/example_dags/example_skip_dag.py
[2024-03-03T08:15:25.666+0000] {processor.py:840} INFO - DAG(s) 'example_skip_dag' retrieved from /home/airflow/.local/lib/python3.11/site-packages/airflow/example_dags/example_skip_dag.py
[2024-03-03T08:15:25.690+0000] {logging_mixin.py:188} INFO - [2024-03-03T08:15:25.689+0000] {dag.py:3047} INFO - Sync 1 DAGs
[2024-03-03T08:15:25.719+0000] {logging_mixin.py:188} INFO - [2024-03-03T08:15:25.719+0000] {dag.py:3834} INFO - Setting next_dagrun for example_skip_dag to 2024-03-02 00:00:00+00:00, run_after=2024-03-03 00:00:00+00:00
[2024-03-03T08:15:25.737+0000] {processor.py:183} INFO - Processing /home/airflow/.local/lib/python3.11/site-packages/airflow/example_dags/example_skip_dag.py took 0.087 seconds
[2024-03-03T08:15:56.419+0000] {processor.py:161} INFO - Started process (PID=720) to work on /home/airflow/.local/lib/python3.11/site-packages/airflow/example_dags/example_skip_dag.py
[2024-03-03T08:15:56.420+0000] {processor.py:830} INFO - Processing file /home/airflow/.local/lib/python3.11/site-packages/airflow/example_dags/example_skip_dag.py for tasks to queue
[2024-03-03T08:15:56.423+0000] {logging_mixin.py:188} INFO - [2024-03-03T08:15:56.422+0000] {dagbag.py:540} INFO - Filling up the DagBag from /home/airflow/.local/lib/python3.11/site-packages/airflow/example_dags/example_skip_dag.py
[2024-03-03T08:15:56.431+0000] {processor.py:840} INFO - DAG(s) 'example_skip_dag' retrieved from /home/airflow/.local/lib/python3.11/site-packages/airflow/example_dags/example_skip_dag.py
[2024-03-03T08:15:56.455+0000] {logging_mixin.py:188} INFO - [2024-03-03T08:15:56.455+0000] {dag.py:3047} INFO - Sync 1 DAGs
[2024-03-03T08:15:56.479+0000] {logging_mixin.py:188} INFO - [2024-03-03T08:15:56.479+0000] {dag.py:3834} INFO - Setting next_dagrun for example_skip_dag to 2024-03-02 00:00:00+00:00, run_after=2024-03-03 00:00:00+00:00
[2024-03-03T08:15:56.496+0000] {processor.py:183} INFO - Processing /home/airflow/.local/lib/python3.11/site-packages/airflow/example_dags/example_skip_dag.py took 0.081 seconds
[2024-03-03T08:16:27.135+0000] {processor.py:161} INFO - Started process (PID=776) to work on /home/airflow/.local/lib/python3.11/site-packages/airflow/example_dags/example_skip_dag.py
[2024-03-03T08:16:27.136+0000] {processor.py:830} INFO - Processing file /home/airflow/.local/lib/python3.11/site-packages/airflow/example_dags/example_skip_dag.py for tasks to queue
[2024-03-03T08:16:27.138+0000] {logging_mixin.py:188} INFO - [2024-03-03T08:16:27.138+0000] {dagbag.py:540} INFO - Filling up the DagBag from /home/airflow/.local/lib/python3.11/site-packages/airflow/example_dags/example_skip_dag.py
[2024-03-03T08:16:27.145+0000] {processor.py:840} INFO - DAG(s) 'example_skip_dag' retrieved from /home/airflow/.local/lib/python3.11/site-packages/airflow/example_dags/example_skip_dag.py
[2024-03-03T08:16:27.162+0000] {logging_mixin.py:188} INFO - [2024-03-03T08:16:27.162+0000] {dag.py:3047} INFO - Sync 1 DAGs
[2024-03-03T08:16:27.180+0000] {logging_mixin.py:188} INFO - [2024-03-03T08:16:27.180+0000] {dag.py:3834} INFO - Setting next_dagrun for example_skip_dag to 2024-03-02 00:00:00+00:00, run_after=2024-03-03 00:00:00+00:00
[2024-03-03T08:16:27.195+0000] {processor.py:183} INFO - Processing /home/airflow/.local/lib/python3.11/site-packages/airflow/example_dags/example_skip_dag.py took 0.063 seconds
[2024-03-03T08:16:57.877+0000] {processor.py:161} INFO - Started process (PID=832) to work on /home/airflow/.local/lib/python3.11/site-packages/airflow/example_dags/example_skip_dag.py
[2024-03-03T08:16:57.878+0000] {processor.py:830} INFO - Processing file /home/airflow/.local/lib/python3.11/site-packages/airflow/example_dags/example_skip_dag.py for tasks to queue
[2024-03-03T08:16:57.880+0000] {logging_mixin.py:188} INFO - [2024-03-03T08:16:57.880+0000] {dagbag.py:540} INFO - Filling up the DagBag from /home/airflow/.local/lib/python3.11/site-packages/airflow/example_dags/example_skip_dag.py
[2024-03-03T08:16:57.887+0000] {processor.py:840} INFO - DAG(s) 'example_skip_dag' retrieved from /home/airflow/.local/lib/python3.11/site-packages/airflow/example_dags/example_skip_dag.py
[2024-03-03T08:16:57.908+0000] {logging_mixin.py:188} INFO - [2024-03-03T08:16:57.908+0000] {dag.py:3047} INFO - Sync 1 DAGs
[2024-03-03T08:16:57.933+0000] {logging_mixin.py:188} INFO - [2024-03-03T08:16:57.933+0000] {dag.py:3834} INFO - Setting next_dagrun for example_skip_dag to 2024-03-02 00:00:00+00:00, run_after=2024-03-03 00:00:00+00:00
[2024-03-03T08:16:57.949+0000] {processor.py:183} INFO - Processing /home/airflow/.local/lib/python3.11/site-packages/airflow/example_dags/example_skip_dag.py took 0.076 seconds
[2024-03-03T08:17:28.404+0000] {processor.py:161} INFO - Started process (PID=888) to work on /home/airflow/.local/lib/python3.11/site-packages/airflow/example_dags/example_skip_dag.py
[2024-03-03T08:17:28.405+0000] {processor.py:830} INFO - Processing file /home/airflow/.local/lib/python3.11/site-packages/airflow/example_dags/example_skip_dag.py for tasks to queue
[2024-03-03T08:17:28.408+0000] {logging_mixin.py:188} INFO - [2024-03-03T08:17:28.407+0000] {dagbag.py:540} INFO - Filling up the DagBag from /home/airflow/.local/lib/python3.11/site-packages/airflow/example_dags/example_skip_dag.py
[2024-03-03T08:17:28.414+0000] {processor.py:840} INFO - DAG(s) 'example_skip_dag' retrieved from /home/airflow/.local/lib/python3.11/site-packages/airflow/example_dags/example_skip_dag.py
[2024-03-03T08:17:28.434+0000] {logging_mixin.py:188} INFO - [2024-03-03T08:17:28.434+0000] {dag.py:3047} INFO - Sync 1 DAGs
[2024-03-03T08:17:28.454+0000] {logging_mixin.py:188} INFO - [2024-03-03T08:17:28.453+0000] {dag.py:3834} INFO - Setting next_dagrun for example_skip_dag to 2024-03-02 00:00:00+00:00, run_after=2024-03-03 00:00:00+00:00
[2024-03-03T08:17:28.471+0000] {processor.py:183} INFO - Processing /home/airflow/.local/lib/python3.11/site-packages/airflow/example_dags/example_skip_dag.py took 0.071 seconds
[2024-03-03T08:17:58.773+0000] {processor.py:161} INFO - Started process (PID=943) to work on /home/airflow/.local/lib/python3.11/site-packages/airflow/example_dags/example_skip_dag.py
[2024-03-03T08:17:58.774+0000] {processor.py:830} INFO - Processing file /home/airflow/.local/lib/python3.11/site-packages/airflow/example_dags/example_skip_dag.py for tasks to queue
[2024-03-03T08:17:58.775+0000] {logging_mixin.py:188} INFO - [2024-03-03T08:17:58.775+0000] {dagbag.py:540} INFO - Filling up the DagBag from /home/airflow/.local/lib/python3.11/site-packages/airflow/example_dags/example_skip_dag.py
[2024-03-03T08:17:58.785+0000] {processor.py:840} INFO - DAG(s) 'example_skip_dag' retrieved from /home/airflow/.local/lib/python3.11/site-packages/airflow/example_dags/example_skip_dag.py
[2024-03-03T08:17:58.803+0000] {logging_mixin.py:188} INFO - [2024-03-03T08:17:58.802+0000] {dag.py:3047} INFO - Sync 1 DAGs
[2024-03-03T08:17:58.822+0000] {logging_mixin.py:188} INFO - [2024-03-03T08:17:58.822+0000] {dag.py:3834} INFO - Setting next_dagrun for example_skip_dag to 2024-03-02 00:00:00+00:00, run_after=2024-03-03 00:00:00+00:00
[2024-03-03T08:17:58.838+0000] {processor.py:183} INFO - Processing /home/airflow/.local/lib/python3.11/site-packages/airflow/example_dags/example_skip_dag.py took 0.068 seconds
