[2024-03-03T08:09:51.609+0000] {processor.py:161} INFO - Started process (PID=63) to work on /home/airflow/.local/lib/python3.11/site-packages/airflow/example_dags/example_datasets.py
[2024-03-03T08:09:51.610+0000] {processor.py:830} INFO - Processing file /home/airflow/.local/lib/python3.11/site-packages/airflow/example_dags/example_datasets.py for tasks to queue
[2024-03-03T08:09:51.612+0000] {logging_mixin.py:188} INFO - [2024-03-03T08:09:51.611+0000] {dagbag.py:540} INFO - Filling up the DagBag from /home/airflow/.local/lib/python3.11/site-packages/airflow/example_dags/example_datasets.py
[2024-03-03T08:09:51.621+0000] {processor.py:840} INFO - DAG(s) 'dataset_consumes_1_never_scheduled', 'dataset_produces_2', 'dataset_consumes_unknown_never_scheduled', 'dataset_consumes_1_and_2', 'dataset_produces_1', 'dataset_consumes_1' retrieved from /home/airflow/.local/lib/python3.11/site-packages/airflow/example_dags/example_datasets.py
[2024-03-03T08:09:51.735+0000] {logging_mixin.py:188} INFO - [2024-03-03T08:09:51.734+0000] {override.py:1769} INFO - Created Permission View: can edit on DAG:dataset_consumes_1_never_scheduled
[2024-03-03T08:09:51.745+0000] {logging_mixin.py:188} INFO - [2024-03-03T08:09:51.745+0000] {override.py:1769} INFO - Created Permission View: can read on DAG:dataset_consumes_1_never_scheduled
[2024-03-03T08:09:51.752+0000] {logging_mixin.py:188} INFO - [2024-03-03T08:09:51.752+0000] {override.py:1769} INFO - Created Permission View: can delete on DAG:dataset_consumes_1_never_scheduled
[2024-03-03T08:09:51.764+0000] {logging_mixin.py:188} INFO - [2024-03-03T08:09:51.763+0000] {override.py:1769} INFO - Created Permission View: can edit on DAG:dataset_produces_2
[2024-03-03T08:09:51.770+0000] {logging_mixin.py:188} INFO - [2024-03-03T08:09:51.770+0000] {override.py:1769} INFO - Created Permission View: can read on DAG:dataset_produces_2
[2024-03-03T08:09:51.776+0000] {logging_mixin.py:188} INFO - [2024-03-03T08:09:51.776+0000] {override.py:1769} INFO - Created Permission View: can delete on DAG:dataset_produces_2
[2024-03-03T08:09:51.787+0000] {logging_mixin.py:188} INFO - [2024-03-03T08:09:51.787+0000] {override.py:1769} INFO - Created Permission View: can edit on DAG:dataset_consumes_unknown_never_scheduled
[2024-03-03T08:09:51.794+0000] {logging_mixin.py:188} INFO - [2024-03-03T08:09:51.793+0000] {override.py:1769} INFO - Created Permission View: can read on DAG:dataset_consumes_unknown_never_scheduled
[2024-03-03T08:09:51.801+0000] {logging_mixin.py:188} INFO - [2024-03-03T08:09:51.801+0000] {override.py:1769} INFO - Created Permission View: can delete on DAG:dataset_consumes_unknown_never_scheduled
[2024-03-03T08:09:51.821+0000] {logging_mixin.py:188} INFO - [2024-03-03T08:09:51.821+0000] {override.py:1769} INFO - Created Permission View: can edit on DAG:dataset_consumes_1_and_2
[2024-03-03T08:09:51.829+0000] {logging_mixin.py:188} INFO - [2024-03-03T08:09:51.829+0000] {override.py:1769} INFO - Created Permission View: can read on DAG:dataset_consumes_1_and_2
[2024-03-03T08:09:51.836+0000] {logging_mixin.py:188} INFO - [2024-03-03T08:09:51.836+0000] {override.py:1769} INFO - Created Permission View: can delete on DAG:dataset_consumes_1_and_2
[2024-03-03T08:09:51.851+0000] {logging_mixin.py:188} INFO - [2024-03-03T08:09:51.851+0000] {override.py:1769} INFO - Created Permission View: can edit on DAG:dataset_produces_1
[2024-03-03T08:09:51.859+0000] {logging_mixin.py:188} INFO - [2024-03-03T08:09:51.858+0000] {override.py:1769} INFO - Created Permission View: can read on DAG:dataset_produces_1
[2024-03-03T08:09:51.866+0000] {logging_mixin.py:188} INFO - [2024-03-03T08:09:51.866+0000] {override.py:1769} INFO - Created Permission View: can delete on DAG:dataset_produces_1
[2024-03-03T08:09:51.878+0000] {logging_mixin.py:188} INFO - [2024-03-03T08:09:51.878+0000] {override.py:1769} INFO - Created Permission View: can edit on DAG:dataset_consumes_1
[2024-03-03T08:09:51.890+0000] {logging_mixin.py:188} INFO - [2024-03-03T08:09:51.890+0000] {override.py:1769} INFO - Created Permission View: can read on DAG:dataset_consumes_1
[2024-03-03T08:09:51.897+0000] {logging_mixin.py:188} INFO - [2024-03-03T08:09:51.896+0000] {override.py:1769} INFO - Created Permission View: can delete on DAG:dataset_consumes_1
[2024-03-03T08:09:51.897+0000] {logging_mixin.py:188} INFO - [2024-03-03T08:09:51.897+0000] {dag.py:3047} INFO - Sync 6 DAGs
[2024-03-03T08:09:51.911+0000] {logging_mixin.py:188} INFO - [2024-03-03T08:09:51.911+0000] {dag.py:3069} INFO - Creating ORM DAG for dataset_consumes_unknown_never_scheduled
[2024-03-03T08:09:51.913+0000] {logging_mixin.py:188} INFO - [2024-03-03T08:09:51.912+0000] {dag.py:3069} INFO - Creating ORM DAG for dataset_consumes_1_never_scheduled
[2024-03-03T08:09:51.914+0000] {logging_mixin.py:188} INFO - [2024-03-03T08:09:51.914+0000] {dag.py:3069} INFO - Creating ORM DAG for dataset_consumes_1
[2024-03-03T08:09:51.915+0000] {logging_mixin.py:188} INFO - [2024-03-03T08:09:51.915+0000] {dag.py:3069} INFO - Creating ORM DAG for dataset_consumes_1_and_2
[2024-03-03T08:09:51.917+0000] {logging_mixin.py:188} INFO - [2024-03-03T08:09:51.917+0000] {dag.py:3069} INFO - Creating ORM DAG for dataset_produces_2
[2024-03-03T08:09:51.918+0000] {logging_mixin.py:188} INFO - [2024-03-03T08:09:51.918+0000] {dag.py:3069} INFO - Creating ORM DAG for dataset_produces_1
[2024-03-03T08:09:51.930+0000] {logging_mixin.py:188} INFO - [2024-03-03T08:09:51.929+0000] {dag.py:3834} INFO - Setting next_dagrun for dataset_consumes_1 to None, run_after=None
[2024-03-03T08:09:51.932+0000] {logging_mixin.py:188} INFO - [2024-03-03T08:09:51.931+0000] {dag.py:3834} INFO - Setting next_dagrun for dataset_consumes_1_and_2 to None, run_after=None
[2024-03-03T08:09:51.933+0000] {logging_mixin.py:188} INFO - [2024-03-03T08:09:51.932+0000] {dag.py:3834} INFO - Setting next_dagrun for dataset_consumes_1_never_scheduled to None, run_after=None
[2024-03-03T08:09:51.934+0000] {logging_mixin.py:188} INFO - [2024-03-03T08:09:51.934+0000] {dag.py:3834} INFO - Setting next_dagrun for dataset_consumes_unknown_never_scheduled to None, run_after=None
[2024-03-03T08:09:51.937+0000] {logging_mixin.py:188} INFO - [2024-03-03T08:09:51.937+0000] {dag.py:3834} INFO - Setting next_dagrun for dataset_produces_1 to 2024-03-02 00:00:00+00:00, run_after=2024-03-03 00:00:00+00:00
[2024-03-03T08:09:51.939+0000] {logging_mixin.py:188} INFO - [2024-03-03T08:09:51.938+0000] {dag.py:3834} INFO - Setting next_dagrun for dataset_produces_2 to None, run_after=None
[2024-03-03T08:09:51.974+0000] {processor.py:183} INFO - Processing /home/airflow/.local/lib/python3.11/site-packages/airflow/example_dags/example_datasets.py took 0.368 seconds
[2024-03-03T08:10:22.751+0000] {processor.py:161} INFO - Started process (PID=118) to work on /home/airflow/.local/lib/python3.11/site-packages/airflow/example_dags/example_datasets.py
[2024-03-03T08:10:22.752+0000] {processor.py:830} INFO - Processing file /home/airflow/.local/lib/python3.11/site-packages/airflow/example_dags/example_datasets.py for tasks to queue
[2024-03-03T08:10:22.754+0000] {logging_mixin.py:188} INFO - [2024-03-03T08:10:22.754+0000] {dagbag.py:540} INFO - Filling up the DagBag from /home/airflow/.local/lib/python3.11/site-packages/airflow/example_dags/example_datasets.py
[2024-03-03T08:10:22.764+0000] {processor.py:840} INFO - DAG(s) 'dataset_consumes_1_never_scheduled', 'dataset_consumes_1_and_2', 'dataset_produces_2', 'dataset_consumes_1', 'dataset_produces_1', 'dataset_consumes_unknown_never_scheduled' retrieved from /home/airflow/.local/lib/python3.11/site-packages/airflow/example_dags/example_datasets.py
[2024-03-03T08:10:22.792+0000] {logging_mixin.py:188} INFO - [2024-03-03T08:10:22.792+0000] {dag.py:3047} INFO - Sync 6 DAGs
[2024-03-03T08:10:22.811+0000] {logging_mixin.py:188} INFO - [2024-03-03T08:10:22.811+0000] {dag.py:3834} INFO - Setting next_dagrun for dataset_consumes_1 to None, run_after=None
[2024-03-03T08:10:22.815+0000] {logging_mixin.py:188} INFO - [2024-03-03T08:10:22.815+0000] {dag.py:3834} INFO - Setting next_dagrun for dataset_consumes_1_and_2 to None, run_after=None
[2024-03-03T08:10:22.817+0000] {logging_mixin.py:188} INFO - [2024-03-03T08:10:22.816+0000] {dag.py:3834} INFO - Setting next_dagrun for dataset_consumes_1_never_scheduled to None, run_after=None
[2024-03-03T08:10:22.818+0000] {logging_mixin.py:188} INFO - [2024-03-03T08:10:22.818+0000] {dag.py:3834} INFO - Setting next_dagrun for dataset_consumes_unknown_never_scheduled to None, run_after=None
[2024-03-03T08:10:22.821+0000] {logging_mixin.py:188} INFO - [2024-03-03T08:10:22.821+0000] {dag.py:3834} INFO - Setting next_dagrun for dataset_produces_1 to 2024-03-02 00:00:00+00:00, run_after=2024-03-03 00:00:00+00:00
[2024-03-03T08:10:22.822+0000] {logging_mixin.py:188} INFO - [2024-03-03T08:10:22.822+0000] {dag.py:3834} INFO - Setting next_dagrun for dataset_produces_2 to None, run_after=None
[2024-03-03T08:10:22.850+0000] {processor.py:183} INFO - Processing /home/airflow/.local/lib/python3.11/site-packages/airflow/example_dags/example_datasets.py took 0.103 seconds
[2024-03-03T08:10:53.173+0000] {processor.py:161} INFO - Started process (PID=173) to work on /home/airflow/.local/lib/python3.11/site-packages/airflow/example_dags/example_datasets.py
[2024-03-03T08:10:53.174+0000] {processor.py:830} INFO - Processing file /home/airflow/.local/lib/python3.11/site-packages/airflow/example_dags/example_datasets.py for tasks to queue
[2024-03-03T08:10:53.177+0000] {logging_mixin.py:188} INFO - [2024-03-03T08:10:53.176+0000] {dagbag.py:540} INFO - Filling up the DagBag from /home/airflow/.local/lib/python3.11/site-packages/airflow/example_dags/example_datasets.py
[2024-03-03T08:10:53.189+0000] {processor.py:840} INFO - DAG(s) 'dataset_produces_1', 'dataset_consumes_1_never_scheduled', 'dataset_produces_2', 'dataset_consumes_1', 'dataset_consumes_unknown_never_scheduled', 'dataset_consumes_1_and_2' retrieved from /home/airflow/.local/lib/python3.11/site-packages/airflow/example_dags/example_datasets.py
[2024-03-03T08:10:53.224+0000] {logging_mixin.py:188} INFO - [2024-03-03T08:10:53.224+0000] {dag.py:3047} INFO - Sync 6 DAGs
[2024-03-03T08:10:53.247+0000] {logging_mixin.py:188} INFO - [2024-03-03T08:10:53.247+0000] {dag.py:3834} INFO - Setting next_dagrun for dataset_consumes_1 to None, run_after=None
[2024-03-03T08:10:53.251+0000] {logging_mixin.py:188} INFO - [2024-03-03T08:10:53.251+0000] {dag.py:3834} INFO - Setting next_dagrun for dataset_consumes_1_and_2 to None, run_after=None
[2024-03-03T08:10:53.253+0000] {logging_mixin.py:188} INFO - [2024-03-03T08:10:53.253+0000] {dag.py:3834} INFO - Setting next_dagrun for dataset_consumes_1_never_scheduled to None, run_after=None
[2024-03-03T08:10:53.254+0000] {logging_mixin.py:188} INFO - [2024-03-03T08:10:53.254+0000] {dag.py:3834} INFO - Setting next_dagrun for dataset_consumes_unknown_never_scheduled to None, run_after=None
[2024-03-03T08:10:53.258+0000] {logging_mixin.py:188} INFO - [2024-03-03T08:10:53.257+0000] {dag.py:3834} INFO - Setting next_dagrun for dataset_produces_1 to 2024-03-02 00:00:00+00:00, run_after=2024-03-03 00:00:00+00:00
[2024-03-03T08:10:53.259+0000] {logging_mixin.py:188} INFO - [2024-03-03T08:10:53.259+0000] {dag.py:3834} INFO - Setting next_dagrun for dataset_produces_2 to None, run_after=None
[2024-03-03T08:10:53.290+0000] {processor.py:183} INFO - Processing /home/airflow/.local/lib/python3.11/site-packages/airflow/example_dags/example_datasets.py took 0.120 seconds
[2024-03-03T08:11:23.774+0000] {processor.py:161} INFO - Started process (PID=228) to work on /home/airflow/.local/lib/python3.11/site-packages/airflow/example_dags/example_datasets.py
[2024-03-03T08:11:23.776+0000] {processor.py:830} INFO - Processing file /home/airflow/.local/lib/python3.11/site-packages/airflow/example_dags/example_datasets.py for tasks to queue
[2024-03-03T08:11:23.779+0000] {logging_mixin.py:188} INFO - [2024-03-03T08:11:23.778+0000] {dagbag.py:540} INFO - Filling up the DagBag from /home/airflow/.local/lib/python3.11/site-packages/airflow/example_dags/example_datasets.py
[2024-03-03T08:11:23.798+0000] {processor.py:840} INFO - DAG(s) 'dataset_consumes_unknown_never_scheduled', 'dataset_produces_1', 'dataset_produces_2', 'dataset_consumes_1_and_2', 'dataset_consumes_1', 'dataset_consumes_1_never_scheduled' retrieved from /home/airflow/.local/lib/python3.11/site-packages/airflow/example_dags/example_datasets.py
[2024-03-03T08:11:23.842+0000] {logging_mixin.py:188} INFO - [2024-03-03T08:11:23.842+0000] {dag.py:3047} INFO - Sync 6 DAGs
[2024-03-03T08:11:23.873+0000] {logging_mixin.py:188} INFO - [2024-03-03T08:11:23.873+0000] {dag.py:3834} INFO - Setting next_dagrun for dataset_consumes_1 to None, run_after=None
[2024-03-03T08:11:23.878+0000] {logging_mixin.py:188} INFO - [2024-03-03T08:11:23.878+0000] {dag.py:3834} INFO - Setting next_dagrun for dataset_consumes_1_and_2 to None, run_after=None
[2024-03-03T08:11:23.880+0000] {logging_mixin.py:188} INFO - [2024-03-03T08:11:23.880+0000] {dag.py:3834} INFO - Setting next_dagrun for dataset_consumes_1_never_scheduled to None, run_after=None
[2024-03-03T08:11:23.886+0000] {logging_mixin.py:188} INFO - [2024-03-03T08:11:23.885+0000] {dag.py:3834} INFO - Setting next_dagrun for dataset_consumes_unknown_never_scheduled to None, run_after=None
[2024-03-03T08:11:23.890+0000] {logging_mixin.py:188} INFO - [2024-03-03T08:11:23.890+0000] {dag.py:3834} INFO - Setting next_dagrun for dataset_produces_1 to 2024-03-02 00:00:00+00:00, run_after=2024-03-03 00:00:00+00:00
[2024-03-03T08:11:23.892+0000] {logging_mixin.py:188} INFO - [2024-03-03T08:11:23.892+0000] {dag.py:3834} INFO - Setting next_dagrun for dataset_produces_2 to None, run_after=None
[2024-03-03T08:11:23.925+0000] {processor.py:183} INFO - Processing /home/airflow/.local/lib/python3.11/site-packages/airflow/example_dags/example_datasets.py took 0.156 seconds
[2024-03-03T08:11:54.310+0000] {processor.py:161} INFO - Started process (PID=283) to work on /home/airflow/.local/lib/python3.11/site-packages/airflow/example_dags/example_datasets.py
[2024-03-03T08:11:54.311+0000] {processor.py:830} INFO - Processing file /home/airflow/.local/lib/python3.11/site-packages/airflow/example_dags/example_datasets.py for tasks to queue
[2024-03-03T08:11:54.314+0000] {logging_mixin.py:188} INFO - [2024-03-03T08:11:54.313+0000] {dagbag.py:540} INFO - Filling up the DagBag from /home/airflow/.local/lib/python3.11/site-packages/airflow/example_dags/example_datasets.py
[2024-03-03T08:11:54.328+0000] {processor.py:840} INFO - DAG(s) 'dataset_consumes_1_never_scheduled', 'dataset_produces_2', 'dataset_consumes_1', 'dataset_produces_1', 'dataset_consumes_1_and_2', 'dataset_consumes_unknown_never_scheduled' retrieved from /home/airflow/.local/lib/python3.11/site-packages/airflow/example_dags/example_datasets.py
[2024-03-03T08:11:54.364+0000] {logging_mixin.py:188} INFO - [2024-03-03T08:11:54.364+0000] {dag.py:3047} INFO - Sync 6 DAGs
[2024-03-03T08:11:54.391+0000] {logging_mixin.py:188} INFO - [2024-03-03T08:11:54.391+0000] {dag.py:3834} INFO - Setting next_dagrun for dataset_consumes_1 to None, run_after=None
[2024-03-03T08:11:54.395+0000] {logging_mixin.py:188} INFO - [2024-03-03T08:11:54.394+0000] {dag.py:3834} INFO - Setting next_dagrun for dataset_consumes_1_and_2 to None, run_after=None
[2024-03-03T08:11:54.396+0000] {logging_mixin.py:188} INFO - [2024-03-03T08:11:54.396+0000] {dag.py:3834} INFO - Setting next_dagrun for dataset_consumes_1_never_scheduled to None, run_after=None
[2024-03-03T08:11:54.398+0000] {logging_mixin.py:188} INFO - [2024-03-03T08:11:54.398+0000] {dag.py:3834} INFO - Setting next_dagrun for dataset_consumes_unknown_never_scheduled to None, run_after=None
[2024-03-03T08:11:54.401+0000] {logging_mixin.py:188} INFO - [2024-03-03T08:11:54.401+0000] {dag.py:3834} INFO - Setting next_dagrun for dataset_produces_1 to 2024-03-02 00:00:00+00:00, run_after=2024-03-03 00:00:00+00:00
[2024-03-03T08:11:54.403+0000] {logging_mixin.py:188} INFO - [2024-03-03T08:11:54.403+0000] {dag.py:3834} INFO - Setting next_dagrun for dataset_produces_2 to None, run_after=None
[2024-03-03T08:11:54.432+0000] {processor.py:183} INFO - Processing /home/airflow/.local/lib/python3.11/site-packages/airflow/example_dags/example_datasets.py took 0.125 seconds
[2024-03-03T08:12:24.916+0000] {processor.py:161} INFO - Started process (PID=338) to work on /home/airflow/.local/lib/python3.11/site-packages/airflow/example_dags/example_datasets.py
[2024-03-03T08:12:24.917+0000] {processor.py:830} INFO - Processing file /home/airflow/.local/lib/python3.11/site-packages/airflow/example_dags/example_datasets.py for tasks to queue
[2024-03-03T08:12:24.920+0000] {logging_mixin.py:188} INFO - [2024-03-03T08:12:24.919+0000] {dagbag.py:540} INFO - Filling up the DagBag from /home/airflow/.local/lib/python3.11/site-packages/airflow/example_dags/example_datasets.py
[2024-03-03T08:12:24.931+0000] {processor.py:840} INFO - DAG(s) 'dataset_produces_2', 'dataset_consumes_1_never_scheduled', 'dataset_produces_1', 'dataset_consumes_1', 'dataset_consumes_unknown_never_scheduled', 'dataset_consumes_1_and_2' retrieved from /home/airflow/.local/lib/python3.11/site-packages/airflow/example_dags/example_datasets.py
[2024-03-03T08:12:24.964+0000] {logging_mixin.py:188} INFO - [2024-03-03T08:12:24.963+0000] {dag.py:3047} INFO - Sync 6 DAGs
[2024-03-03T08:12:24.984+0000] {logging_mixin.py:188} INFO - [2024-03-03T08:12:24.983+0000] {dag.py:3834} INFO - Setting next_dagrun for dataset_consumes_1 to None, run_after=None
[2024-03-03T08:12:24.987+0000] {logging_mixin.py:188} INFO - [2024-03-03T08:12:24.987+0000] {dag.py:3834} INFO - Setting next_dagrun for dataset_consumes_1_and_2 to None, run_after=None
[2024-03-03T08:12:24.989+0000] {logging_mixin.py:188} INFO - [2024-03-03T08:12:24.989+0000] {dag.py:3834} INFO - Setting next_dagrun for dataset_consumes_1_never_scheduled to None, run_after=None
[2024-03-03T08:12:24.991+0000] {logging_mixin.py:188} INFO - [2024-03-03T08:12:24.990+0000] {dag.py:3834} INFO - Setting next_dagrun for dataset_consumes_unknown_never_scheduled to None, run_after=None
[2024-03-03T08:12:24.994+0000] {logging_mixin.py:188} INFO - [2024-03-03T08:12:24.994+0000] {dag.py:3834} INFO - Setting next_dagrun for dataset_produces_1 to 2024-03-02 00:00:00+00:00, run_after=2024-03-03 00:00:00+00:00
[2024-03-03T08:12:24.996+0000] {logging_mixin.py:188} INFO - [2024-03-03T08:12:24.996+0000] {dag.py:3834} INFO - Setting next_dagrun for dataset_produces_2 to None, run_after=None
[2024-03-03T08:12:25.026+0000] {processor.py:183} INFO - Processing /home/airflow/.local/lib/python3.11/site-packages/airflow/example_dags/example_datasets.py took 0.113 seconds
[2024-03-03T08:12:55.444+0000] {processor.py:161} INFO - Started process (PID=393) to work on /home/airflow/.local/lib/python3.11/site-packages/airflow/example_dags/example_datasets.py
[2024-03-03T08:12:55.445+0000] {processor.py:830} INFO - Processing file /home/airflow/.local/lib/python3.11/site-packages/airflow/example_dags/example_datasets.py for tasks to queue
[2024-03-03T08:12:55.448+0000] {logging_mixin.py:188} INFO - [2024-03-03T08:12:55.447+0000] {dagbag.py:540} INFO - Filling up the DagBag from /home/airflow/.local/lib/python3.11/site-packages/airflow/example_dags/example_datasets.py
[2024-03-03T08:12:55.460+0000] {processor.py:840} INFO - DAG(s) 'dataset_consumes_unknown_never_scheduled', 'dataset_produces_1', 'dataset_produces_2', 'dataset_consumes_1', 'dataset_consumes_1_and_2', 'dataset_consumes_1_never_scheduled' retrieved from /home/airflow/.local/lib/python3.11/site-packages/airflow/example_dags/example_datasets.py
[2024-03-03T08:12:55.490+0000] {logging_mixin.py:188} INFO - [2024-03-03T08:12:55.489+0000] {dag.py:3047} INFO - Sync 6 DAGs
[2024-03-03T08:12:55.509+0000] {logging_mixin.py:188} INFO - [2024-03-03T08:12:55.509+0000] {dag.py:3834} INFO - Setting next_dagrun for dataset_consumes_1 to None, run_after=None
[2024-03-03T08:12:55.513+0000] {logging_mixin.py:188} INFO - [2024-03-03T08:12:55.513+0000] {dag.py:3834} INFO - Setting next_dagrun for dataset_consumes_1_and_2 to None, run_after=None
[2024-03-03T08:12:55.515+0000] {logging_mixin.py:188} INFO - [2024-03-03T08:12:55.515+0000] {dag.py:3834} INFO - Setting next_dagrun for dataset_consumes_1_never_scheduled to None, run_after=None
[2024-03-03T08:12:55.516+0000] {logging_mixin.py:188} INFO - [2024-03-03T08:12:55.516+0000] {dag.py:3834} INFO - Setting next_dagrun for dataset_consumes_unknown_never_scheduled to None, run_after=None
[2024-03-03T08:12:55.519+0000] {logging_mixin.py:188} INFO - [2024-03-03T08:12:55.519+0000] {dag.py:3834} INFO - Setting next_dagrun for dataset_produces_1 to 2024-03-02 00:00:00+00:00, run_after=2024-03-03 00:00:00+00:00
[2024-03-03T08:12:55.521+0000] {logging_mixin.py:188} INFO - [2024-03-03T08:12:55.521+0000] {dag.py:3834} INFO - Setting next_dagrun for dataset_produces_2 to None, run_after=None
[2024-03-03T08:12:55.550+0000] {processor.py:183} INFO - Processing /home/airflow/.local/lib/python3.11/site-packages/airflow/example_dags/example_datasets.py took 0.108 seconds
[2024-03-03T08:13:25.918+0000] {processor.py:161} INFO - Started process (PID=448) to work on /home/airflow/.local/lib/python3.11/site-packages/airflow/example_dags/example_datasets.py
[2024-03-03T08:13:25.919+0000] {processor.py:830} INFO - Processing file /home/airflow/.local/lib/python3.11/site-packages/airflow/example_dags/example_datasets.py for tasks to queue
[2024-03-03T08:13:25.923+0000] {logging_mixin.py:188} INFO - [2024-03-03T08:13:25.922+0000] {dagbag.py:540} INFO - Filling up the DagBag from /home/airflow/.local/lib/python3.11/site-packages/airflow/example_dags/example_datasets.py
[2024-03-03T08:13:25.935+0000] {processor.py:840} INFO - DAG(s) 'dataset_produces_2', 'dataset_consumes_1_never_scheduled', 'dataset_consumes_unknown_never_scheduled', 'dataset_consumes_1', 'dataset_produces_1', 'dataset_consumes_1_and_2' retrieved from /home/airflow/.local/lib/python3.11/site-packages/airflow/example_dags/example_datasets.py
[2024-03-03T08:13:25.977+0000] {logging_mixin.py:188} INFO - [2024-03-03T08:13:25.976+0000] {dag.py:3047} INFO - Sync 6 DAGs
[2024-03-03T08:13:26.002+0000] {logging_mixin.py:188} INFO - [2024-03-03T08:13:26.002+0000] {dag.py:3834} INFO - Setting next_dagrun for dataset_consumes_1 to None, run_after=None
[2024-03-03T08:13:26.007+0000] {logging_mixin.py:188} INFO - [2024-03-03T08:13:26.007+0000] {dag.py:3834} INFO - Setting next_dagrun for dataset_consumes_1_and_2 to None, run_after=None
[2024-03-03T08:13:26.009+0000] {logging_mixin.py:188} INFO - [2024-03-03T08:13:26.009+0000] {dag.py:3834} INFO - Setting next_dagrun for dataset_consumes_1_never_scheduled to None, run_after=None
[2024-03-03T08:13:26.011+0000] {logging_mixin.py:188} INFO - [2024-03-03T08:13:26.011+0000] {dag.py:3834} INFO - Setting next_dagrun for dataset_consumes_unknown_never_scheduled to None, run_after=None
[2024-03-03T08:13:26.016+0000] {logging_mixin.py:188} INFO - [2024-03-03T08:13:26.015+0000] {dag.py:3834} INFO - Setting next_dagrun for dataset_produces_1 to 2024-03-02 00:00:00+00:00, run_after=2024-03-03 00:00:00+00:00
[2024-03-03T08:13:26.018+0000] {logging_mixin.py:188} INFO - [2024-03-03T08:13:26.018+0000] {dag.py:3834} INFO - Setting next_dagrun for dataset_produces_2 to None, run_after=None
[2024-03-03T08:13:26.072+0000] {processor.py:183} INFO - Processing /home/airflow/.local/lib/python3.11/site-packages/airflow/example_dags/example_datasets.py took 0.158 seconds
[2024-03-03T08:13:56.812+0000] {processor.py:161} INFO - Started process (PID=507) to work on /home/airflow/.local/lib/python3.11/site-packages/airflow/example_dags/example_datasets.py
[2024-03-03T08:13:56.814+0000] {processor.py:830} INFO - Processing file /home/airflow/.local/lib/python3.11/site-packages/airflow/example_dags/example_datasets.py for tasks to queue
[2024-03-03T08:13:56.818+0000] {logging_mixin.py:188} INFO - [2024-03-03T08:13:56.818+0000] {dagbag.py:540} INFO - Filling up the DagBag from /home/airflow/.local/lib/python3.11/site-packages/airflow/example_dags/example_datasets.py
[2024-03-03T08:13:56.847+0000] {processor.py:840} INFO - DAG(s) 'dataset_consumes_1_never_scheduled', 'dataset_produces_2', 'dataset_produces_1', 'dataset_consumes_1', 'dataset_consumes_1_and_2', 'dataset_consumes_unknown_never_scheduled' retrieved from /home/airflow/.local/lib/python3.11/site-packages/airflow/example_dags/example_datasets.py
[2024-03-03T08:13:56.984+0000] {logging_mixin.py:188} INFO - [2024-03-03T08:13:56.984+0000] {dag.py:3047} INFO - Sync 6 DAGs
[2024-03-03T08:13:57.030+0000] {logging_mixin.py:188} INFO - [2024-03-03T08:13:57.029+0000] {dag.py:3834} INFO - Setting next_dagrun for dataset_consumes_1 to None, run_after=None
[2024-03-03T08:13:57.046+0000] {logging_mixin.py:188} INFO - [2024-03-03T08:13:57.046+0000] {dag.py:3834} INFO - Setting next_dagrun for dataset_consumes_1_and_2 to None, run_after=None
[2024-03-03T08:13:57.048+0000] {logging_mixin.py:188} INFO - [2024-03-03T08:13:57.048+0000] {dag.py:3834} INFO - Setting next_dagrun for dataset_consumes_1_never_scheduled to None, run_after=None
[2024-03-03T08:13:57.062+0000] {logging_mixin.py:188} INFO - [2024-03-03T08:13:57.062+0000] {dag.py:3834} INFO - Setting next_dagrun for dataset_consumes_unknown_never_scheduled to None, run_after=None
[2024-03-03T08:13:57.068+0000] {logging_mixin.py:188} INFO - [2024-03-03T08:13:57.068+0000] {dag.py:3834} INFO - Setting next_dagrun for dataset_produces_1 to 2024-03-02 00:00:00+00:00, run_after=2024-03-03 00:00:00+00:00
[2024-03-03T08:13:57.071+0000] {logging_mixin.py:188} INFO - [2024-03-03T08:13:57.070+0000] {dag.py:3834} INFO - Setting next_dagrun for dataset_produces_2 to None, run_after=None
[2024-03-03T08:13:57.141+0000] {processor.py:183} INFO - Processing /home/airflow/.local/lib/python3.11/site-packages/airflow/example_dags/example_datasets.py took 0.337 seconds
[2024-03-03T08:14:27.916+0000] {processor.py:161} INFO - Started process (PID=566) to work on /home/airflow/.local/lib/python3.11/site-packages/airflow/example_dags/example_datasets.py
[2024-03-03T08:14:27.917+0000] {processor.py:830} INFO - Processing file /home/airflow/.local/lib/python3.11/site-packages/airflow/example_dags/example_datasets.py for tasks to queue
[2024-03-03T08:14:27.920+0000] {logging_mixin.py:188} INFO - [2024-03-03T08:14:27.919+0000] {dagbag.py:540} INFO - Filling up the DagBag from /home/airflow/.local/lib/python3.11/site-packages/airflow/example_dags/example_datasets.py
[2024-03-03T08:14:27.930+0000] {processor.py:840} INFO - DAG(s) 'dataset_produces_2', 'dataset_consumes_1', 'dataset_consumes_1_never_scheduled', 'dataset_consumes_1_and_2', 'dataset_produces_1', 'dataset_consumes_unknown_never_scheduled' retrieved from /home/airflow/.local/lib/python3.11/site-packages/airflow/example_dags/example_datasets.py
[2024-03-03T08:14:27.961+0000] {logging_mixin.py:188} INFO - [2024-03-03T08:14:27.961+0000] {dag.py:3047} INFO - Sync 6 DAGs
[2024-03-03T08:14:27.982+0000] {logging_mixin.py:188} INFO - [2024-03-03T08:14:27.982+0000] {dag.py:3834} INFO - Setting next_dagrun for dataset_consumes_1 to None, run_after=None
[2024-03-03T08:14:27.986+0000] {logging_mixin.py:188} INFO - [2024-03-03T08:14:27.986+0000] {dag.py:3834} INFO - Setting next_dagrun for dataset_consumes_1_and_2 to None, run_after=None
[2024-03-03T08:14:27.988+0000] {logging_mixin.py:188} INFO - [2024-03-03T08:14:27.988+0000] {dag.py:3834} INFO - Setting next_dagrun for dataset_consumes_1_never_scheduled to None, run_after=None
[2024-03-03T08:14:27.990+0000] {logging_mixin.py:188} INFO - [2024-03-03T08:14:27.990+0000] {dag.py:3834} INFO - Setting next_dagrun for dataset_consumes_unknown_never_scheduled to None, run_after=None
[2024-03-03T08:14:27.995+0000] {logging_mixin.py:188} INFO - [2024-03-03T08:14:27.994+0000] {dag.py:3834} INFO - Setting next_dagrun for dataset_produces_1 to 2024-03-02 00:00:00+00:00, run_after=2024-03-03 00:00:00+00:00
[2024-03-03T08:14:27.997+0000] {logging_mixin.py:188} INFO - [2024-03-03T08:14:27.997+0000] {dag.py:3834} INFO - Setting next_dagrun for dataset_produces_2 to None, run_after=None
[2024-03-03T08:14:28.029+0000] {processor.py:183} INFO - Processing /home/airflow/.local/lib/python3.11/site-packages/airflow/example_dags/example_datasets.py took 0.116 seconds
[2024-03-03T08:14:58.477+0000] {processor.py:161} INFO - Started process (PID=622) to work on /home/airflow/.local/lib/python3.11/site-packages/airflow/example_dags/example_datasets.py
[2024-03-03T08:14:58.478+0000] {processor.py:830} INFO - Processing file /home/airflow/.local/lib/python3.11/site-packages/airflow/example_dags/example_datasets.py for tasks to queue
[2024-03-03T08:14:58.482+0000] {logging_mixin.py:188} INFO - [2024-03-03T08:14:58.481+0000] {dagbag.py:540} INFO - Filling up the DagBag from /home/airflow/.local/lib/python3.11/site-packages/airflow/example_dags/example_datasets.py
[2024-03-03T08:14:58.493+0000] {processor.py:840} INFO - DAG(s) 'dataset_consumes_1_and_2', 'dataset_consumes_1_never_scheduled', 'dataset_consumes_1', 'dataset_produces_1', 'dataset_consumes_unknown_never_scheduled', 'dataset_produces_2' retrieved from /home/airflow/.local/lib/python3.11/site-packages/airflow/example_dags/example_datasets.py
[2024-03-03T08:14:58.525+0000] {logging_mixin.py:188} INFO - [2024-03-03T08:14:58.525+0000] {dag.py:3047} INFO - Sync 6 DAGs
[2024-03-03T08:14:58.546+0000] {logging_mixin.py:188} INFO - [2024-03-03T08:14:58.546+0000] {dag.py:3834} INFO - Setting next_dagrun for dataset_consumes_1 to None, run_after=None
[2024-03-03T08:14:58.550+0000] {logging_mixin.py:188} INFO - [2024-03-03T08:14:58.550+0000] {dag.py:3834} INFO - Setting next_dagrun for dataset_consumes_1_and_2 to None, run_after=None
[2024-03-03T08:14:58.552+0000] {logging_mixin.py:188} INFO - [2024-03-03T08:14:58.552+0000] {dag.py:3834} INFO - Setting next_dagrun for dataset_consumes_1_never_scheduled to None, run_after=None
[2024-03-03T08:14:58.554+0000] {logging_mixin.py:188} INFO - [2024-03-03T08:14:58.553+0000] {dag.py:3834} INFO - Setting next_dagrun for dataset_consumes_unknown_never_scheduled to None, run_after=None
[2024-03-03T08:14:58.557+0000] {logging_mixin.py:188} INFO - [2024-03-03T08:14:58.557+0000] {dag.py:3834} INFO - Setting next_dagrun for dataset_produces_1 to 2024-03-02 00:00:00+00:00, run_after=2024-03-03 00:00:00+00:00
[2024-03-03T08:14:58.559+0000] {logging_mixin.py:188} INFO - [2024-03-03T08:14:58.559+0000] {dag.py:3834} INFO - Setting next_dagrun for dataset_produces_2 to None, run_after=None
[2024-03-03T08:14:58.587+0000] {processor.py:183} INFO - Processing /home/airflow/.local/lib/python3.11/site-packages/airflow/example_dags/example_datasets.py took 0.115 seconds
[2024-03-03T08:15:29.337+0000] {processor.py:161} INFO - Started process (PID=678) to work on /home/airflow/.local/lib/python3.11/site-packages/airflow/example_dags/example_datasets.py
[2024-03-03T08:15:29.338+0000] {processor.py:830} INFO - Processing file /home/airflow/.local/lib/python3.11/site-packages/airflow/example_dags/example_datasets.py for tasks to queue
[2024-03-03T08:15:29.341+0000] {logging_mixin.py:188} INFO - [2024-03-03T08:15:29.340+0000] {dagbag.py:540} INFO - Filling up the DagBag from /home/airflow/.local/lib/python3.11/site-packages/airflow/example_dags/example_datasets.py
[2024-03-03T08:15:29.351+0000] {processor.py:840} INFO - DAG(s) 'dataset_consumes_unknown_never_scheduled', 'dataset_produces_1', 'dataset_consumes_1', 'dataset_consumes_1_and_2', 'dataset_produces_2', 'dataset_consumes_1_never_scheduled' retrieved from /home/airflow/.local/lib/python3.11/site-packages/airflow/example_dags/example_datasets.py
[2024-03-03T08:15:29.384+0000] {logging_mixin.py:188} INFO - [2024-03-03T08:15:29.384+0000] {dag.py:3047} INFO - Sync 6 DAGs
[2024-03-03T08:15:29.410+0000] {logging_mixin.py:188} INFO - [2024-03-03T08:15:29.410+0000] {dag.py:3834} INFO - Setting next_dagrun for dataset_consumes_1 to None, run_after=None
[2024-03-03T08:15:29.414+0000] {logging_mixin.py:188} INFO - [2024-03-03T08:15:29.413+0000] {dag.py:3834} INFO - Setting next_dagrun for dataset_consumes_1_and_2 to None, run_after=None
[2024-03-03T08:15:29.415+0000] {logging_mixin.py:188} INFO - [2024-03-03T08:15:29.415+0000] {dag.py:3834} INFO - Setting next_dagrun for dataset_consumes_1_never_scheduled to None, run_after=None
[2024-03-03T08:15:29.417+0000] {logging_mixin.py:188} INFO - [2024-03-03T08:15:29.417+0000] {dag.py:3834} INFO - Setting next_dagrun for dataset_consumes_unknown_never_scheduled to None, run_after=None
[2024-03-03T08:15:29.420+0000] {logging_mixin.py:188} INFO - [2024-03-03T08:15:29.420+0000] {dag.py:3834} INFO - Setting next_dagrun for dataset_produces_1 to 2024-03-02 00:00:00+00:00, run_after=2024-03-03 00:00:00+00:00
[2024-03-03T08:15:29.422+0000] {logging_mixin.py:188} INFO - [2024-03-03T08:15:29.422+0000] {dag.py:3834} INFO - Setting next_dagrun for dataset_produces_2 to None, run_after=None
[2024-03-03T08:15:29.451+0000] {processor.py:183} INFO - Processing /home/airflow/.local/lib/python3.11/site-packages/airflow/example_dags/example_datasets.py took 0.118 seconds
[2024-03-03T08:16:00.282+0000] {processor.py:161} INFO - Started process (PID=734) to work on /home/airflow/.local/lib/python3.11/site-packages/airflow/example_dags/example_datasets.py
[2024-03-03T08:16:00.284+0000] {processor.py:830} INFO - Processing file /home/airflow/.local/lib/python3.11/site-packages/airflow/example_dags/example_datasets.py for tasks to queue
[2024-03-03T08:16:00.288+0000] {logging_mixin.py:188} INFO - [2024-03-03T08:16:00.287+0000] {dagbag.py:540} INFO - Filling up the DagBag from /home/airflow/.local/lib/python3.11/site-packages/airflow/example_dags/example_datasets.py
[2024-03-03T08:16:00.301+0000] {processor.py:840} INFO - DAG(s) 'dataset_produces_1', 'dataset_produces_2', 'dataset_consumes_1', 'dataset_consumes_1_never_scheduled', 'dataset_consumes_1_and_2', 'dataset_consumes_unknown_never_scheduled' retrieved from /home/airflow/.local/lib/python3.11/site-packages/airflow/example_dags/example_datasets.py
[2024-03-03T08:16:00.331+0000] {logging_mixin.py:188} INFO - [2024-03-03T08:16:00.331+0000] {dag.py:3047} INFO - Sync 6 DAGs
[2024-03-03T08:16:00.351+0000] {logging_mixin.py:188} INFO - [2024-03-03T08:16:00.351+0000] {dag.py:3834} INFO - Setting next_dagrun for dataset_consumes_1 to None, run_after=None
[2024-03-03T08:16:00.355+0000] {logging_mixin.py:188} INFO - [2024-03-03T08:16:00.354+0000] {dag.py:3834} INFO - Setting next_dagrun for dataset_consumes_1_and_2 to None, run_after=None
[2024-03-03T08:16:00.356+0000] {logging_mixin.py:188} INFO - [2024-03-03T08:16:00.356+0000] {dag.py:3834} INFO - Setting next_dagrun for dataset_consumes_1_never_scheduled to None, run_after=None
[2024-03-03T08:16:00.358+0000] {logging_mixin.py:188} INFO - [2024-03-03T08:16:00.358+0000] {dag.py:3834} INFO - Setting next_dagrun for dataset_consumes_unknown_never_scheduled to None, run_after=None
[2024-03-03T08:16:00.361+0000] {logging_mixin.py:188} INFO - [2024-03-03T08:16:00.361+0000] {dag.py:3834} INFO - Setting next_dagrun for dataset_produces_1 to 2024-03-02 00:00:00+00:00, run_after=2024-03-03 00:00:00+00:00
[2024-03-03T08:16:00.362+0000] {logging_mixin.py:188} INFO - [2024-03-03T08:16:00.362+0000] {dag.py:3834} INFO - Setting next_dagrun for dataset_produces_2 to None, run_after=None
[2024-03-03T08:16:00.390+0000] {processor.py:183} INFO - Processing /home/airflow/.local/lib/python3.11/site-packages/airflow/example_dags/example_datasets.py took 0.115 seconds
[2024-03-03T08:16:30.787+0000] {processor.py:161} INFO - Started process (PID=790) to work on /home/airflow/.local/lib/python3.11/site-packages/airflow/example_dags/example_datasets.py
[2024-03-03T08:16:30.788+0000] {processor.py:830} INFO - Processing file /home/airflow/.local/lib/python3.11/site-packages/airflow/example_dags/example_datasets.py for tasks to queue
[2024-03-03T08:16:30.791+0000] {logging_mixin.py:188} INFO - [2024-03-03T08:16:30.790+0000] {dagbag.py:540} INFO - Filling up the DagBag from /home/airflow/.local/lib/python3.11/site-packages/airflow/example_dags/example_datasets.py
[2024-03-03T08:16:30.807+0000] {processor.py:840} INFO - DAG(s) 'dataset_consumes_1_and_2', 'dataset_produces_1', 'dataset_consumes_1_never_scheduled', 'dataset_consumes_1', 'dataset_produces_2', 'dataset_consumes_unknown_never_scheduled' retrieved from /home/airflow/.local/lib/python3.11/site-packages/airflow/example_dags/example_datasets.py
[2024-03-03T08:16:30.863+0000] {logging_mixin.py:188} INFO - [2024-03-03T08:16:30.863+0000] {dag.py:3047} INFO - Sync 6 DAGs
[2024-03-03T08:16:30.901+0000] {logging_mixin.py:188} INFO - [2024-03-03T08:16:30.901+0000] {dag.py:3834} INFO - Setting next_dagrun for dataset_consumes_1 to None, run_after=None
[2024-03-03T08:16:30.906+0000] {logging_mixin.py:188} INFO - [2024-03-03T08:16:30.905+0000] {dag.py:3834} INFO - Setting next_dagrun for dataset_consumes_1_and_2 to None, run_after=None
[2024-03-03T08:16:30.908+0000] {logging_mixin.py:188} INFO - [2024-03-03T08:16:30.907+0000] {dag.py:3834} INFO - Setting next_dagrun for dataset_consumes_1_never_scheduled to None, run_after=None
[2024-03-03T08:16:30.910+0000] {logging_mixin.py:188} INFO - [2024-03-03T08:16:30.909+0000] {dag.py:3834} INFO - Setting next_dagrun for dataset_consumes_unknown_never_scheduled to None, run_after=None
[2024-03-03T08:16:30.914+0000] {logging_mixin.py:188} INFO - [2024-03-03T08:16:30.914+0000] {dag.py:3834} INFO - Setting next_dagrun for dataset_produces_1 to 2024-03-02 00:00:00+00:00, run_after=2024-03-03 00:00:00+00:00
[2024-03-03T08:16:30.920+0000] {logging_mixin.py:188} INFO - [2024-03-03T08:16:30.920+0000] {dag.py:3834} INFO - Setting next_dagrun for dataset_produces_2 to None, run_after=None
[2024-03-03T08:16:30.980+0000] {processor.py:183} INFO - Processing /home/airflow/.local/lib/python3.11/site-packages/airflow/example_dags/example_datasets.py took 0.198 seconds
[2024-03-03T08:17:01.592+0000] {processor.py:161} INFO - Started process (PID=846) to work on /home/airflow/.local/lib/python3.11/site-packages/airflow/example_dags/example_datasets.py
[2024-03-03T08:17:01.593+0000] {processor.py:830} INFO - Processing file /home/airflow/.local/lib/python3.11/site-packages/airflow/example_dags/example_datasets.py for tasks to queue
[2024-03-03T08:17:01.596+0000] {logging_mixin.py:188} INFO - [2024-03-03T08:17:01.595+0000] {dagbag.py:540} INFO - Filling up the DagBag from /home/airflow/.local/lib/python3.11/site-packages/airflow/example_dags/example_datasets.py
[2024-03-03T08:17:01.608+0000] {processor.py:840} INFO - DAG(s) 'dataset_produces_1', 'dataset_consumes_1_and_2', 'dataset_consumes_1_never_scheduled', 'dataset_consumes_unknown_never_scheduled', 'dataset_produces_2', 'dataset_consumes_1' retrieved from /home/airflow/.local/lib/python3.11/site-packages/airflow/example_dags/example_datasets.py
[2024-03-03T08:17:01.639+0000] {logging_mixin.py:188} INFO - [2024-03-03T08:17:01.638+0000] {dag.py:3047} INFO - Sync 6 DAGs
[2024-03-03T08:17:01.659+0000] {logging_mixin.py:188} INFO - [2024-03-03T08:17:01.659+0000] {dag.py:3834} INFO - Setting next_dagrun for dataset_consumes_1 to None, run_after=None
[2024-03-03T08:17:01.663+0000] {logging_mixin.py:188} INFO - [2024-03-03T08:17:01.663+0000] {dag.py:3834} INFO - Setting next_dagrun for dataset_consumes_1_and_2 to None, run_after=None
[2024-03-03T08:17:01.664+0000] {logging_mixin.py:188} INFO - [2024-03-03T08:17:01.664+0000] {dag.py:3834} INFO - Setting next_dagrun for dataset_consumes_1_never_scheduled to None, run_after=None
[2024-03-03T08:17:01.666+0000] {logging_mixin.py:188} INFO - [2024-03-03T08:17:01.666+0000] {dag.py:3834} INFO - Setting next_dagrun for dataset_consumes_unknown_never_scheduled to None, run_after=None
[2024-03-03T08:17:01.671+0000] {logging_mixin.py:188} INFO - [2024-03-03T08:17:01.671+0000] {dag.py:3834} INFO - Setting next_dagrun for dataset_produces_1 to 2024-03-02 00:00:00+00:00, run_after=2024-03-03 00:00:00+00:00
[2024-03-03T08:17:01.673+0000] {logging_mixin.py:188} INFO - [2024-03-03T08:17:01.672+0000] {dag.py:3834} INFO - Setting next_dagrun for dataset_produces_2 to None, run_after=None
[2024-03-03T08:17:01.716+0000] {processor.py:183} INFO - Processing /home/airflow/.local/lib/python3.11/site-packages/airflow/example_dags/example_datasets.py took 0.128 seconds
[2024-03-03T08:17:32.028+0000] {processor.py:161} INFO - Started process (PID=902) to work on /home/airflow/.local/lib/python3.11/site-packages/airflow/example_dags/example_datasets.py
[2024-03-03T08:17:32.029+0000] {processor.py:830} INFO - Processing file /home/airflow/.local/lib/python3.11/site-packages/airflow/example_dags/example_datasets.py for tasks to queue
[2024-03-03T08:17:32.032+0000] {logging_mixin.py:188} INFO - [2024-03-03T08:17:32.031+0000] {dagbag.py:540} INFO - Filling up the DagBag from /home/airflow/.local/lib/python3.11/site-packages/airflow/example_dags/example_datasets.py
[2024-03-03T08:17:32.042+0000] {processor.py:840} INFO - DAG(s) 'dataset_consumes_1', 'dataset_produces_2', 'dataset_produces_1', 'dataset_consumes_unknown_never_scheduled', 'dataset_consumes_1_and_2', 'dataset_consumes_1_never_scheduled' retrieved from /home/airflow/.local/lib/python3.11/site-packages/airflow/example_dags/example_datasets.py
[2024-03-03T08:17:32.072+0000] {logging_mixin.py:188} INFO - [2024-03-03T08:17:32.072+0000] {dag.py:3047} INFO - Sync 6 DAGs
[2024-03-03T08:17:32.094+0000] {logging_mixin.py:188} INFO - [2024-03-03T08:17:32.094+0000] {dag.py:3834} INFO - Setting next_dagrun for dataset_consumes_1 to None, run_after=None
[2024-03-03T08:17:32.098+0000] {logging_mixin.py:188} INFO - [2024-03-03T08:17:32.098+0000] {dag.py:3834} INFO - Setting next_dagrun for dataset_consumes_1_and_2 to None, run_after=None
[2024-03-03T08:17:32.100+0000] {logging_mixin.py:188} INFO - [2024-03-03T08:17:32.100+0000] {dag.py:3834} INFO - Setting next_dagrun for dataset_consumes_1_never_scheduled to None, run_after=None
[2024-03-03T08:17:32.102+0000] {logging_mixin.py:188} INFO - [2024-03-03T08:17:32.102+0000] {dag.py:3834} INFO - Setting next_dagrun for dataset_consumes_unknown_never_scheduled to None, run_after=None
[2024-03-03T08:17:32.106+0000] {logging_mixin.py:188} INFO - [2024-03-03T08:17:32.105+0000] {dag.py:3834} INFO - Setting next_dagrun for dataset_produces_1 to 2024-03-02 00:00:00+00:00, run_after=2024-03-03 00:00:00+00:00
[2024-03-03T08:17:32.107+0000] {logging_mixin.py:188} INFO - [2024-03-03T08:17:32.107+0000] {dag.py:3834} INFO - Setting next_dagrun for dataset_produces_2 to None, run_after=None
[2024-03-03T08:17:32.136+0000] {processor.py:183} INFO - Processing /home/airflow/.local/lib/python3.11/site-packages/airflow/example_dags/example_datasets.py took 0.111 seconds
[2024-03-03T08:18:02.493+0000] {processor.py:161} INFO - Started process (PID=957) to work on /home/airflow/.local/lib/python3.11/site-packages/airflow/example_dags/example_datasets.py
[2024-03-03T08:18:02.496+0000] {processor.py:830} INFO - Processing file /home/airflow/.local/lib/python3.11/site-packages/airflow/example_dags/example_datasets.py for tasks to queue
[2024-03-03T08:18:02.498+0000] {logging_mixin.py:188} INFO - [2024-03-03T08:18:02.498+0000] {dagbag.py:540} INFO - Filling up the DagBag from /home/airflow/.local/lib/python3.11/site-packages/airflow/example_dags/example_datasets.py
[2024-03-03T08:18:02.511+0000] {processor.py:840} INFO - DAG(s) 'dataset_consumes_1', 'dataset_produces_2', 'dataset_consumes_unknown_never_scheduled', 'dataset_consumes_1_never_scheduled', 'dataset_consumes_1_and_2', 'dataset_produces_1' retrieved from /home/airflow/.local/lib/python3.11/site-packages/airflow/example_dags/example_datasets.py
[2024-03-03T08:18:02.541+0000] {logging_mixin.py:188} INFO - [2024-03-03T08:18:02.541+0000] {dag.py:3047} INFO - Sync 6 DAGs
[2024-03-03T08:18:02.560+0000] {logging_mixin.py:188} INFO - [2024-03-03T08:18:02.560+0000] {dag.py:3834} INFO - Setting next_dagrun for dataset_consumes_1 to None, run_after=None
[2024-03-03T08:18:02.564+0000] {logging_mixin.py:188} INFO - [2024-03-03T08:18:02.564+0000] {dag.py:3834} INFO - Setting next_dagrun for dataset_consumes_1_and_2 to None, run_after=None
[2024-03-03T08:18:02.566+0000] {logging_mixin.py:188} INFO - [2024-03-03T08:18:02.566+0000] {dag.py:3834} INFO - Setting next_dagrun for dataset_consumes_1_never_scheduled to None, run_after=None
[2024-03-03T08:18:02.567+0000] {logging_mixin.py:188} INFO - [2024-03-03T08:18:02.567+0000] {dag.py:3834} INFO - Setting next_dagrun for dataset_consumes_unknown_never_scheduled to None, run_after=None
[2024-03-03T08:18:02.571+0000] {logging_mixin.py:188} INFO - [2024-03-03T08:18:02.571+0000] {dag.py:3834} INFO - Setting next_dagrun for dataset_produces_1 to 2024-03-02 00:00:00+00:00, run_after=2024-03-03 00:00:00+00:00
[2024-03-03T08:18:02.573+0000] {logging_mixin.py:188} INFO - [2024-03-03T08:18:02.573+0000] {dag.py:3834} INFO - Setting next_dagrun for dataset_produces_2 to None, run_after=None
[2024-03-03T08:18:02.604+0000] {processor.py:183} INFO - Processing /home/airflow/.local/lib/python3.11/site-packages/airflow/example_dags/example_datasets.py took 0.119 seconds
