[2024-03-03T08:09:50.293+0000] {processor.py:161} INFO - Started process (PID=52) to work on /home/airflow/.local/lib/python3.11/site-packages/airflow/example_dags/example_xcomargs.py
[2024-03-03T08:09:50.295+0000] {processor.py:830} INFO - Processing file /home/airflow/.local/lib/python3.11/site-packages/airflow/example_dags/example_xcomargs.py for tasks to queue
[2024-03-03T08:09:50.297+0000] {logging_mixin.py:188} INFO - [2024-03-03T08:09:50.296+0000] {dagbag.py:540} INFO - Filling up the DagBag from /home/airflow/.local/lib/python3.11/site-packages/airflow/example_dags/example_xcomargs.py
[2024-03-03T08:09:50.312+0000] {processor.py:840} INFO - DAG(s) 'example_xcom_args', 'example_xcom_args_with_operators' retrieved from /home/airflow/.local/lib/python3.11/site-packages/airflow/example_dags/example_xcomargs.py
[2024-03-03T08:09:50.466+0000] {logging_mixin.py:188} INFO - [2024-03-03T08:09:50.465+0000] {override.py:1769} INFO - Created Permission View: can edit on DAG:example_xcom_args
[2024-03-03T08:09:50.479+0000] {logging_mixin.py:188} INFO - [2024-03-03T08:09:50.478+0000] {override.py:1769} INFO - Created Permission View: can read on DAG:example_xcom_args
[2024-03-03T08:09:50.487+0000] {logging_mixin.py:188} INFO - [2024-03-03T08:09:50.486+0000] {override.py:1769} INFO - Created Permission View: can delete on DAG:example_xcom_args
[2024-03-03T08:09:50.517+0000] {logging_mixin.py:188} INFO - [2024-03-03T08:09:50.517+0000] {override.py:1769} INFO - Created Permission View: can edit on DAG:example_xcom_args_with_operators
[2024-03-03T08:09:50.524+0000] {logging_mixin.py:188} INFO - [2024-03-03T08:09:50.523+0000] {override.py:1769} INFO - Created Permission View: can read on DAG:example_xcom_args_with_operators
[2024-03-03T08:09:50.532+0000] {logging_mixin.py:188} INFO - [2024-03-03T08:09:50.531+0000] {override.py:1769} INFO - Created Permission View: can delete on DAG:example_xcom_args_with_operators
[2024-03-03T08:09:50.532+0000] {logging_mixin.py:188} INFO - [2024-03-03T08:09:50.532+0000] {dag.py:3047} INFO - Sync 2 DAGs
[2024-03-03T08:09:50.542+0000] {logging_mixin.py:188} INFO - [2024-03-03T08:09:50.542+0000] {dag.py:3069} INFO - Creating ORM DAG for example_xcom_args_with_operators
[2024-03-03T08:09:50.543+0000] {logging_mixin.py:188} INFO - [2024-03-03T08:09:50.543+0000] {dag.py:3069} INFO - Creating ORM DAG for example_xcom_args
[2024-03-03T08:09:50.544+0000] {logging_mixin.py:188} INFO - [2024-03-03T08:09:50.544+0000] {dag.py:3834} INFO - Setting next_dagrun for example_xcom_args to None, run_after=None
[2024-03-03T08:09:50.546+0000] {logging_mixin.py:188} INFO - [2024-03-03T08:09:50.546+0000] {dag.py:3834} INFO - Setting next_dagrun for example_xcom_args_with_operators to None, run_after=None
[2024-03-03T08:09:50.565+0000] {processor.py:183} INFO - Processing /home/airflow/.local/lib/python3.11/site-packages/airflow/example_dags/example_xcomargs.py took 0.275 seconds
[2024-03-03T08:10:21.237+0000] {processor.py:161} INFO - Started process (PID=107) to work on /home/airflow/.local/lib/python3.11/site-packages/airflow/example_dags/example_xcomargs.py
[2024-03-03T08:10:21.238+0000] {processor.py:830} INFO - Processing file /home/airflow/.local/lib/python3.11/site-packages/airflow/example_dags/example_xcomargs.py for tasks to queue
[2024-03-03T08:10:21.241+0000] {logging_mixin.py:188} INFO - [2024-03-03T08:10:21.240+0000] {dagbag.py:540} INFO - Filling up the DagBag from /home/airflow/.local/lib/python3.11/site-packages/airflow/example_dags/example_xcomargs.py
[2024-03-03T08:10:21.248+0000] {processor.py:840} INFO - DAG(s) 'example_xcom_args_with_operators', 'example_xcom_args' retrieved from /home/airflow/.local/lib/python3.11/site-packages/airflow/example_dags/example_xcomargs.py
[2024-03-03T08:10:21.273+0000] {logging_mixin.py:188} INFO - [2024-03-03T08:10:21.273+0000] {dag.py:3047} INFO - Sync 2 DAGs
[2024-03-03T08:10:21.286+0000] {logging_mixin.py:188} INFO - [2024-03-03T08:10:21.286+0000] {dag.py:3834} INFO - Setting next_dagrun for example_xcom_args to None, run_after=None
[2024-03-03T08:10:21.291+0000] {logging_mixin.py:188} INFO - [2024-03-03T08:10:21.290+0000] {dag.py:3834} INFO - Setting next_dagrun for example_xcom_args_with_operators to None, run_after=None
[2024-03-03T08:10:21.308+0000] {processor.py:183} INFO - Processing /home/airflow/.local/lib/python3.11/site-packages/airflow/example_dags/example_xcomargs.py took 0.074 seconds
[2024-03-03T08:10:51.686+0000] {processor.py:161} INFO - Started process (PID=162) to work on /home/airflow/.local/lib/python3.11/site-packages/airflow/example_dags/example_xcomargs.py
[2024-03-03T08:10:51.687+0000] {processor.py:830} INFO - Processing file /home/airflow/.local/lib/python3.11/site-packages/airflow/example_dags/example_xcomargs.py for tasks to queue
[2024-03-03T08:10:51.689+0000] {logging_mixin.py:188} INFO - [2024-03-03T08:10:51.689+0000] {dagbag.py:540} INFO - Filling up the DagBag from /home/airflow/.local/lib/python3.11/site-packages/airflow/example_dags/example_xcomargs.py
[2024-03-03T08:10:51.697+0000] {processor.py:840} INFO - DAG(s) 'example_xcom_args', 'example_xcom_args_with_operators' retrieved from /home/airflow/.local/lib/python3.11/site-packages/airflow/example_dags/example_xcomargs.py
[2024-03-03T08:10:51.718+0000] {logging_mixin.py:188} INFO - [2024-03-03T08:10:51.718+0000] {dag.py:3047} INFO - Sync 2 DAGs
[2024-03-03T08:10:51.730+0000] {logging_mixin.py:188} INFO - [2024-03-03T08:10:51.730+0000] {dag.py:3834} INFO - Setting next_dagrun for example_xcom_args to None, run_after=None
[2024-03-03T08:10:51.733+0000] {logging_mixin.py:188} INFO - [2024-03-03T08:10:51.733+0000] {dag.py:3834} INFO - Setting next_dagrun for example_xcom_args_with_operators to None, run_after=None
[2024-03-03T08:10:51.748+0000] {processor.py:183} INFO - Processing /home/airflow/.local/lib/python3.11/site-packages/airflow/example_dags/example_xcomargs.py took 0.065 seconds
[2024-03-03T08:11:22.177+0000] {processor.py:161} INFO - Started process (PID=217) to work on /home/airflow/.local/lib/python3.11/site-packages/airflow/example_dags/example_xcomargs.py
[2024-03-03T08:11:22.179+0000] {processor.py:830} INFO - Processing file /home/airflow/.local/lib/python3.11/site-packages/airflow/example_dags/example_xcomargs.py for tasks to queue
[2024-03-03T08:11:22.181+0000] {logging_mixin.py:188} INFO - [2024-03-03T08:11:22.181+0000] {dagbag.py:540} INFO - Filling up the DagBag from /home/airflow/.local/lib/python3.11/site-packages/airflow/example_dags/example_xcomargs.py
[2024-03-03T08:11:22.189+0000] {processor.py:840} INFO - DAG(s) 'example_xcom_args_with_operators', 'example_xcom_args' retrieved from /home/airflow/.local/lib/python3.11/site-packages/airflow/example_dags/example_xcomargs.py
[2024-03-03T08:11:22.209+0000] {logging_mixin.py:188} INFO - [2024-03-03T08:11:22.209+0000] {dag.py:3047} INFO - Sync 2 DAGs
[2024-03-03T08:11:22.222+0000] {logging_mixin.py:188} INFO - [2024-03-03T08:11:22.222+0000] {dag.py:3834} INFO - Setting next_dagrun for example_xcom_args to None, run_after=None
[2024-03-03T08:11:22.226+0000] {logging_mixin.py:188} INFO - [2024-03-03T08:11:22.226+0000] {dag.py:3834} INFO - Setting next_dagrun for example_xcom_args_with_operators to None, run_after=None
[2024-03-03T08:11:22.241+0000] {processor.py:183} INFO - Processing /home/airflow/.local/lib/python3.11/site-packages/airflow/example_dags/example_xcomargs.py took 0.067 seconds
[2024-03-03T08:11:52.822+0000] {processor.py:161} INFO - Started process (PID=272) to work on /home/airflow/.local/lib/python3.11/site-packages/airflow/example_dags/example_xcomargs.py
[2024-03-03T08:11:52.823+0000] {processor.py:830} INFO - Processing file /home/airflow/.local/lib/python3.11/site-packages/airflow/example_dags/example_xcomargs.py for tasks to queue
[2024-03-03T08:11:52.825+0000] {logging_mixin.py:188} INFO - [2024-03-03T08:11:52.825+0000] {dagbag.py:540} INFO - Filling up the DagBag from /home/airflow/.local/lib/python3.11/site-packages/airflow/example_dags/example_xcomargs.py
[2024-03-03T08:11:52.834+0000] {processor.py:840} INFO - DAG(s) 'example_xcom_args', 'example_xcom_args_with_operators' retrieved from /home/airflow/.local/lib/python3.11/site-packages/airflow/example_dags/example_xcomargs.py
[2024-03-03T08:11:52.861+0000] {logging_mixin.py:188} INFO - [2024-03-03T08:11:52.860+0000] {dag.py:3047} INFO - Sync 2 DAGs
[2024-03-03T08:11:52.875+0000] {logging_mixin.py:188} INFO - [2024-03-03T08:11:52.874+0000] {dag.py:3834} INFO - Setting next_dagrun for example_xcom_args to None, run_after=None
[2024-03-03T08:11:52.879+0000] {logging_mixin.py:188} INFO - [2024-03-03T08:11:52.879+0000] {dag.py:3834} INFO - Setting next_dagrun for example_xcom_args_with_operators to None, run_after=None
[2024-03-03T08:11:52.896+0000] {processor.py:183} INFO - Processing /home/airflow/.local/lib/python3.11/site-packages/airflow/example_dags/example_xcomargs.py took 0.077 seconds
[2024-03-03T08:12:23.337+0000] {processor.py:161} INFO - Started process (PID=327) to work on /home/airflow/.local/lib/python3.11/site-packages/airflow/example_dags/example_xcomargs.py
[2024-03-03T08:12:23.338+0000] {processor.py:830} INFO - Processing file /home/airflow/.local/lib/python3.11/site-packages/airflow/example_dags/example_xcomargs.py for tasks to queue
[2024-03-03T08:12:23.342+0000] {logging_mixin.py:188} INFO - [2024-03-03T08:12:23.341+0000] {dagbag.py:540} INFO - Filling up the DagBag from /home/airflow/.local/lib/python3.11/site-packages/airflow/example_dags/example_xcomargs.py
[2024-03-03T08:12:23.352+0000] {processor.py:840} INFO - DAG(s) 'example_xcom_args', 'example_xcom_args_with_operators' retrieved from /home/airflow/.local/lib/python3.11/site-packages/airflow/example_dags/example_xcomargs.py
[2024-03-03T08:12:23.385+0000] {logging_mixin.py:188} INFO - [2024-03-03T08:12:23.384+0000] {dag.py:3047} INFO - Sync 2 DAGs
[2024-03-03T08:12:23.405+0000] {logging_mixin.py:188} INFO - [2024-03-03T08:12:23.404+0000] {dag.py:3834} INFO - Setting next_dagrun for example_xcom_args to None, run_after=None
[2024-03-03T08:12:23.411+0000] {logging_mixin.py:188} INFO - [2024-03-03T08:12:23.411+0000] {dag.py:3834} INFO - Setting next_dagrun for example_xcom_args_with_operators to None, run_after=None
[2024-03-03T08:12:23.434+0000] {processor.py:183} INFO - Processing /home/airflow/.local/lib/python3.11/site-packages/airflow/example_dags/example_xcomargs.py took 0.099 seconds
[2024-03-03T08:12:53.934+0000] {processor.py:161} INFO - Started process (PID=382) to work on /home/airflow/.local/lib/python3.11/site-packages/airflow/example_dags/example_xcomargs.py
[2024-03-03T08:12:53.935+0000] {processor.py:830} INFO - Processing file /home/airflow/.local/lib/python3.11/site-packages/airflow/example_dags/example_xcomargs.py for tasks to queue
[2024-03-03T08:12:53.938+0000] {logging_mixin.py:188} INFO - [2024-03-03T08:12:53.937+0000] {dagbag.py:540} INFO - Filling up the DagBag from /home/airflow/.local/lib/python3.11/site-packages/airflow/example_dags/example_xcomargs.py
[2024-03-03T08:12:53.950+0000] {processor.py:840} INFO - DAG(s) 'example_xcom_args', 'example_xcom_args_with_operators' retrieved from /home/airflow/.local/lib/python3.11/site-packages/airflow/example_dags/example_xcomargs.py
[2024-03-03T08:12:53.971+0000] {logging_mixin.py:188} INFO - [2024-03-03T08:12:53.971+0000] {dag.py:3047} INFO - Sync 2 DAGs
[2024-03-03T08:12:53.983+0000] {logging_mixin.py:188} INFO - [2024-03-03T08:12:53.983+0000] {dag.py:3834} INFO - Setting next_dagrun for example_xcom_args to None, run_after=None
[2024-03-03T08:12:53.987+0000] {logging_mixin.py:188} INFO - [2024-03-03T08:12:53.987+0000] {dag.py:3834} INFO - Setting next_dagrun for example_xcom_args_with_operators to None, run_after=None
[2024-03-03T08:12:54.005+0000] {processor.py:183} INFO - Processing /home/airflow/.local/lib/python3.11/site-packages/airflow/example_dags/example_xcomargs.py took 0.074 seconds
[2024-03-03T08:13:24.420+0000] {processor.py:161} INFO - Started process (PID=437) to work on /home/airflow/.local/lib/python3.11/site-packages/airflow/example_dags/example_xcomargs.py
[2024-03-03T08:13:24.421+0000] {processor.py:830} INFO - Processing file /home/airflow/.local/lib/python3.11/site-packages/airflow/example_dags/example_xcomargs.py for tasks to queue
[2024-03-03T08:13:24.423+0000] {logging_mixin.py:188} INFO - [2024-03-03T08:13:24.423+0000] {dagbag.py:540} INFO - Filling up the DagBag from /home/airflow/.local/lib/python3.11/site-packages/airflow/example_dags/example_xcomargs.py
[2024-03-03T08:13:24.431+0000] {processor.py:840} INFO - DAG(s) 'example_xcom_args_with_operators', 'example_xcom_args' retrieved from /home/airflow/.local/lib/python3.11/site-packages/airflow/example_dags/example_xcomargs.py
[2024-03-03T08:13:24.454+0000] {logging_mixin.py:188} INFO - [2024-03-03T08:13:24.454+0000] {dag.py:3047} INFO - Sync 2 DAGs
[2024-03-03T08:13:24.467+0000] {logging_mixin.py:188} INFO - [2024-03-03T08:13:24.467+0000] {dag.py:3834} INFO - Setting next_dagrun for example_xcom_args to None, run_after=None
[2024-03-03T08:13:24.472+0000] {logging_mixin.py:188} INFO - [2024-03-03T08:13:24.471+0000] {dag.py:3834} INFO - Setting next_dagrun for example_xcom_args_with_operators to None, run_after=None
[2024-03-03T08:13:24.488+0000] {processor.py:183} INFO - Processing /home/airflow/.local/lib/python3.11/site-packages/airflow/example_dags/example_xcomargs.py took 0.071 seconds
[2024-03-03T08:13:55.189+0000] {processor.py:161} INFO - Started process (PID=492) to work on /home/airflow/.local/lib/python3.11/site-packages/airflow/example_dags/example_xcomargs.py
[2024-03-03T08:13:55.190+0000] {processor.py:830} INFO - Processing file /home/airflow/.local/lib/python3.11/site-packages/airflow/example_dags/example_xcomargs.py for tasks to queue
[2024-03-03T08:13:55.192+0000] {logging_mixin.py:188} INFO - [2024-03-03T08:13:55.192+0000] {dagbag.py:540} INFO - Filling up the DagBag from /home/airflow/.local/lib/python3.11/site-packages/airflow/example_dags/example_xcomargs.py
[2024-03-03T08:13:55.201+0000] {processor.py:840} INFO - DAG(s) 'example_xcom_args_with_operators', 'example_xcom_args' retrieved from /home/airflow/.local/lib/python3.11/site-packages/airflow/example_dags/example_xcomargs.py
[2024-03-03T08:13:55.225+0000] {logging_mixin.py:188} INFO - [2024-03-03T08:13:55.225+0000] {dag.py:3047} INFO - Sync 2 DAGs
[2024-03-03T08:13:55.240+0000] {logging_mixin.py:188} INFO - [2024-03-03T08:13:55.240+0000] {dag.py:3834} INFO - Setting next_dagrun for example_xcom_args to None, run_after=None
[2024-03-03T08:13:55.244+0000] {logging_mixin.py:188} INFO - [2024-03-03T08:13:55.244+0000] {dag.py:3834} INFO - Setting next_dagrun for example_xcom_args_with_operators to None, run_after=None
[2024-03-03T08:13:55.262+0000] {processor.py:183} INFO - Processing /home/airflow/.local/lib/python3.11/site-packages/airflow/example_dags/example_xcomargs.py took 0.077 seconds
[2024-03-03T08:14:25.354+0000] {processor.py:161} INFO - Started process (PID=555) to work on /home/airflow/.local/lib/python3.11/site-packages/airflow/example_dags/example_xcomargs.py
[2024-03-03T08:14:25.355+0000] {processor.py:830} INFO - Processing file /home/airflow/.local/lib/python3.11/site-packages/airflow/example_dags/example_xcomargs.py for tasks to queue
[2024-03-03T08:14:25.358+0000] {logging_mixin.py:188} INFO - [2024-03-03T08:14:25.357+0000] {dagbag.py:540} INFO - Filling up the DagBag from /home/airflow/.local/lib/python3.11/site-packages/airflow/example_dags/example_xcomargs.py
[2024-03-03T08:14:25.367+0000] {processor.py:840} INFO - DAG(s) 'example_xcom_args', 'example_xcom_args_with_operators' retrieved from /home/airflow/.local/lib/python3.11/site-packages/airflow/example_dags/example_xcomargs.py
[2024-03-03T08:14:25.390+0000] {logging_mixin.py:188} INFO - [2024-03-03T08:14:25.390+0000] {dag.py:3047} INFO - Sync 2 DAGs
[2024-03-03T08:14:25.403+0000] {logging_mixin.py:188} INFO - [2024-03-03T08:14:25.402+0000] {dag.py:3834} INFO - Setting next_dagrun for example_xcom_args to None, run_after=None
[2024-03-03T08:14:25.407+0000] {logging_mixin.py:188} INFO - [2024-03-03T08:14:25.407+0000] {dag.py:3834} INFO - Setting next_dagrun for example_xcom_args_with_operators to None, run_after=None
[2024-03-03T08:14:25.423+0000] {processor.py:183} INFO - Processing /home/airflow/.local/lib/python3.11/site-packages/airflow/example_dags/example_xcomargs.py took 0.072 seconds
[2024-03-03T08:14:56.001+0000] {processor.py:161} INFO - Started process (PID=611) to work on /home/airflow/.local/lib/python3.11/site-packages/airflow/example_dags/example_xcomargs.py
[2024-03-03T08:14:56.002+0000] {processor.py:830} INFO - Processing file /home/airflow/.local/lib/python3.11/site-packages/airflow/example_dags/example_xcomargs.py for tasks to queue
[2024-03-03T08:14:56.005+0000] {logging_mixin.py:188} INFO - [2024-03-03T08:14:56.004+0000] {dagbag.py:540} INFO - Filling up the DagBag from /home/airflow/.local/lib/python3.11/site-packages/airflow/example_dags/example_xcomargs.py
[2024-03-03T08:14:56.013+0000] {processor.py:840} INFO - DAG(s) 'example_xcom_args', 'example_xcom_args_with_operators' retrieved from /home/airflow/.local/lib/python3.11/site-packages/airflow/example_dags/example_xcomargs.py
[2024-03-03T08:14:56.037+0000] {logging_mixin.py:188} INFO - [2024-03-03T08:14:56.037+0000] {dag.py:3047} INFO - Sync 2 DAGs
[2024-03-03T08:14:56.049+0000] {logging_mixin.py:188} INFO - [2024-03-03T08:14:56.049+0000] {dag.py:3834} INFO - Setting next_dagrun for example_xcom_args to None, run_after=None
[2024-03-03T08:14:56.053+0000] {logging_mixin.py:188} INFO - [2024-03-03T08:14:56.053+0000] {dag.py:3834} INFO - Setting next_dagrun for example_xcom_args_with_operators to None, run_after=None
[2024-03-03T08:14:56.068+0000] {processor.py:183} INFO - Processing /home/airflow/.local/lib/python3.11/site-packages/airflow/example_dags/example_xcomargs.py took 0.070 seconds
[2024-03-03T08:15:26.834+0000] {processor.py:161} INFO - Started process (PID=667) to work on /home/airflow/.local/lib/python3.11/site-packages/airflow/example_dags/example_xcomargs.py
[2024-03-03T08:15:26.835+0000] {processor.py:830} INFO - Processing file /home/airflow/.local/lib/python3.11/site-packages/airflow/example_dags/example_xcomargs.py for tasks to queue
[2024-03-03T08:15:26.837+0000] {logging_mixin.py:188} INFO - [2024-03-03T08:15:26.837+0000] {dagbag.py:540} INFO - Filling up the DagBag from /home/airflow/.local/lib/python3.11/site-packages/airflow/example_dags/example_xcomargs.py
[2024-03-03T08:15:26.847+0000] {processor.py:840} INFO - DAG(s) 'example_xcom_args', 'example_xcom_args_with_operators' retrieved from /home/airflow/.local/lib/python3.11/site-packages/airflow/example_dags/example_xcomargs.py
[2024-03-03T08:15:26.877+0000] {logging_mixin.py:188} INFO - [2024-03-03T08:15:26.876+0000] {dag.py:3047} INFO - Sync 2 DAGs
[2024-03-03T08:15:26.895+0000] {logging_mixin.py:188} INFO - [2024-03-03T08:15:26.895+0000] {dag.py:3834} INFO - Setting next_dagrun for example_xcom_args to None, run_after=None
[2024-03-03T08:15:26.899+0000] {logging_mixin.py:188} INFO - [2024-03-03T08:15:26.899+0000] {dag.py:3834} INFO - Setting next_dagrun for example_xcom_args_with_operators to None, run_after=None
[2024-03-03T08:15:26.916+0000] {processor.py:183} INFO - Processing /home/airflow/.local/lib/python3.11/site-packages/airflow/example_dags/example_xcomargs.py took 0.086 seconds
[2024-03-03T08:15:57.619+0000] {processor.py:161} INFO - Started process (PID=723) to work on /home/airflow/.local/lib/python3.11/site-packages/airflow/example_dags/example_xcomargs.py
[2024-03-03T08:15:57.620+0000] {processor.py:830} INFO - Processing file /home/airflow/.local/lib/python3.11/site-packages/airflow/example_dags/example_xcomargs.py for tasks to queue
[2024-03-03T08:15:57.622+0000] {logging_mixin.py:188} INFO - [2024-03-03T08:15:57.622+0000] {dagbag.py:540} INFO - Filling up the DagBag from /home/airflow/.local/lib/python3.11/site-packages/airflow/example_dags/example_xcomargs.py
[2024-03-03T08:15:57.633+0000] {processor.py:840} INFO - DAG(s) 'example_xcom_args', 'example_xcom_args_with_operators' retrieved from /home/airflow/.local/lib/python3.11/site-packages/airflow/example_dags/example_xcomargs.py
[2024-03-03T08:15:57.654+0000] {logging_mixin.py:188} INFO - [2024-03-03T08:15:57.653+0000] {dag.py:3047} INFO - Sync 2 DAGs
[2024-03-03T08:15:57.665+0000] {logging_mixin.py:188} INFO - [2024-03-03T08:15:57.665+0000] {dag.py:3834} INFO - Setting next_dagrun for example_xcom_args to None, run_after=None
[2024-03-03T08:15:57.669+0000] {logging_mixin.py:188} INFO - [2024-03-03T08:15:57.669+0000] {dag.py:3834} INFO - Setting next_dagrun for example_xcom_args_with_operators to None, run_after=None
[2024-03-03T08:15:57.685+0000] {processor.py:183} INFO - Processing /home/airflow/.local/lib/python3.11/site-packages/airflow/example_dags/example_xcomargs.py took 0.069 seconds
[2024-03-03T08:16:28.256+0000] {processor.py:161} INFO - Started process (PID=779) to work on /home/airflow/.local/lib/python3.11/site-packages/airflow/example_dags/example_xcomargs.py
[2024-03-03T08:16:28.257+0000] {processor.py:830} INFO - Processing file /home/airflow/.local/lib/python3.11/site-packages/airflow/example_dags/example_xcomargs.py for tasks to queue
[2024-03-03T08:16:28.259+0000] {logging_mixin.py:188} INFO - [2024-03-03T08:16:28.259+0000] {dagbag.py:540} INFO - Filling up the DagBag from /home/airflow/.local/lib/python3.11/site-packages/airflow/example_dags/example_xcomargs.py
[2024-03-03T08:16:28.268+0000] {processor.py:840} INFO - DAG(s) 'example_xcom_args', 'example_xcom_args_with_operators' retrieved from /home/airflow/.local/lib/python3.11/site-packages/airflow/example_dags/example_xcomargs.py
[2024-03-03T08:16:28.294+0000] {logging_mixin.py:188} INFO - [2024-03-03T08:16:28.293+0000] {dag.py:3047} INFO - Sync 2 DAGs
[2024-03-03T08:16:28.310+0000] {logging_mixin.py:188} INFO - [2024-03-03T08:16:28.310+0000] {dag.py:3834} INFO - Setting next_dagrun for example_xcom_args to None, run_after=None
[2024-03-03T08:16:28.315+0000] {logging_mixin.py:188} INFO - [2024-03-03T08:16:28.314+0000] {dag.py:3834} INFO - Setting next_dagrun for example_xcom_args_with_operators to None, run_after=None
[2024-03-03T08:16:28.331+0000] {processor.py:183} INFO - Processing /home/airflow/.local/lib/python3.11/site-packages/airflow/example_dags/example_xcomargs.py took 0.079 seconds
[2024-03-03T08:16:59.039+0000] {processor.py:161} INFO - Started process (PID=835) to work on /home/airflow/.local/lib/python3.11/site-packages/airflow/example_dags/example_xcomargs.py
[2024-03-03T08:16:59.040+0000] {processor.py:830} INFO - Processing file /home/airflow/.local/lib/python3.11/site-packages/airflow/example_dags/example_xcomargs.py for tasks to queue
[2024-03-03T08:16:59.043+0000] {logging_mixin.py:188} INFO - [2024-03-03T08:16:59.043+0000] {dagbag.py:540} INFO - Filling up the DagBag from /home/airflow/.local/lib/python3.11/site-packages/airflow/example_dags/example_xcomargs.py
[2024-03-03T08:16:59.051+0000] {processor.py:840} INFO - DAG(s) 'example_xcom_args_with_operators', 'example_xcom_args' retrieved from /home/airflow/.local/lib/python3.11/site-packages/airflow/example_dags/example_xcomargs.py
[2024-03-03T08:16:59.075+0000] {logging_mixin.py:188} INFO - [2024-03-03T08:16:59.075+0000] {dag.py:3047} INFO - Sync 2 DAGs
[2024-03-03T08:16:59.088+0000] {logging_mixin.py:188} INFO - [2024-03-03T08:16:59.088+0000] {dag.py:3834} INFO - Setting next_dagrun for example_xcom_args to None, run_after=None
[2024-03-03T08:16:59.092+0000] {logging_mixin.py:188} INFO - [2024-03-03T08:16:59.092+0000] {dag.py:3834} INFO - Setting next_dagrun for example_xcom_args_with_operators to None, run_after=None
[2024-03-03T08:16:59.110+0000] {processor.py:183} INFO - Processing /home/airflow/.local/lib/python3.11/site-packages/airflow/example_dags/example_xcomargs.py took 0.074 seconds
[2024-03-03T08:17:29.560+0000] {processor.py:161} INFO - Started process (PID=891) to work on /home/airflow/.local/lib/python3.11/site-packages/airflow/example_dags/example_xcomargs.py
[2024-03-03T08:17:29.561+0000] {processor.py:830} INFO - Processing file /home/airflow/.local/lib/python3.11/site-packages/airflow/example_dags/example_xcomargs.py for tasks to queue
[2024-03-03T08:17:29.563+0000] {logging_mixin.py:188} INFO - [2024-03-03T08:17:29.562+0000] {dagbag.py:540} INFO - Filling up the DagBag from /home/airflow/.local/lib/python3.11/site-packages/airflow/example_dags/example_xcomargs.py
[2024-03-03T08:17:29.571+0000] {processor.py:840} INFO - DAG(s) 'example_xcom_args_with_operators', 'example_xcom_args' retrieved from /home/airflow/.local/lib/python3.11/site-packages/airflow/example_dags/example_xcomargs.py
[2024-03-03T08:17:29.591+0000] {logging_mixin.py:188} INFO - [2024-03-03T08:17:29.591+0000] {dag.py:3047} INFO - Sync 2 DAGs
[2024-03-03T08:17:29.605+0000] {logging_mixin.py:188} INFO - [2024-03-03T08:17:29.605+0000] {dag.py:3834} INFO - Setting next_dagrun for example_xcom_args to None, run_after=None
[2024-03-03T08:17:29.609+0000] {logging_mixin.py:188} INFO - [2024-03-03T08:17:29.608+0000] {dag.py:3834} INFO - Setting next_dagrun for example_xcom_args_with_operators to None, run_after=None
[2024-03-03T08:17:29.625+0000] {processor.py:183} INFO - Processing /home/airflow/.local/lib/python3.11/site-packages/airflow/example_dags/example_xcomargs.py took 0.069 seconds
[2024-03-03T08:17:59.885+0000] {processor.py:161} INFO - Started process (PID=946) to work on /home/airflow/.local/lib/python3.11/site-packages/airflow/example_dags/example_xcomargs.py
[2024-03-03T08:17:59.886+0000] {processor.py:830} INFO - Processing file /home/airflow/.local/lib/python3.11/site-packages/airflow/example_dags/example_xcomargs.py for tasks to queue
[2024-03-03T08:17:59.887+0000] {logging_mixin.py:188} INFO - [2024-03-03T08:17:59.887+0000] {dagbag.py:540} INFO - Filling up the DagBag from /home/airflow/.local/lib/python3.11/site-packages/airflow/example_dags/example_xcomargs.py
[2024-03-03T08:17:59.896+0000] {processor.py:840} INFO - DAG(s) 'example_xcom_args', 'example_xcom_args_with_operators' retrieved from /home/airflow/.local/lib/python3.11/site-packages/airflow/example_dags/example_xcomargs.py
[2024-03-03T08:17:59.923+0000] {logging_mixin.py:188} INFO - [2024-03-03T08:17:59.922+0000] {dag.py:3047} INFO - Sync 2 DAGs
[2024-03-03T08:17:59.937+0000] {logging_mixin.py:188} INFO - [2024-03-03T08:17:59.937+0000] {dag.py:3834} INFO - Setting next_dagrun for example_xcom_args to None, run_after=None
[2024-03-03T08:17:59.942+0000] {logging_mixin.py:188} INFO - [2024-03-03T08:17:59.942+0000] {dag.py:3834} INFO - Setting next_dagrun for example_xcom_args_with_operators to None, run_after=None
[2024-03-03T08:17:59.959+0000] {processor.py:183} INFO - Processing /home/airflow/.local/lib/python3.11/site-packages/airflow/example_dags/example_xcomargs.py took 0.077 seconds
