[2024-03-03T08:09:51.336+0000] {processor.py:161} INFO - Started process (PID=60) to work on /home/airflow/.local/lib/python3.11/site-packages/airflow/example_dags/example_trigger_controller_dag.py
[2024-03-03T08:09:51.337+0000] {processor.py:830} INFO - Processing file /home/airflow/.local/lib/python3.11/site-packages/airflow/example_dags/example_trigger_controller_dag.py for tasks to queue
[2024-03-03T08:09:51.340+0000] {logging_mixin.py:188} INFO - [2024-03-03T08:09:51.340+0000] {dagbag.py:540} INFO - Filling up the DagBag from /home/airflow/.local/lib/python3.11/site-packages/airflow/example_dags/example_trigger_controller_dag.py
[2024-03-03T08:09:51.345+0000] {processor.py:840} INFO - DAG(s) 'example_trigger_controller_dag' retrieved from /home/airflow/.local/lib/python3.11/site-packages/airflow/example_dags/example_trigger_controller_dag.py
[2024-03-03T08:09:51.440+0000] {logging_mixin.py:188} INFO - [2024-03-03T08:09:51.439+0000] {override.py:1769} INFO - Created Permission View: can edit on DAG:example_trigger_controller_dag
[2024-03-03T08:09:51.450+0000] {logging_mixin.py:188} INFO - [2024-03-03T08:09:51.450+0000] {override.py:1769} INFO - Created Permission View: can read on DAG:example_trigger_controller_dag
[2024-03-03T08:09:51.456+0000] {logging_mixin.py:188} INFO - [2024-03-03T08:09:51.456+0000] {override.py:1769} INFO - Created Permission View: can delete on DAG:example_trigger_controller_dag
[2024-03-03T08:09:51.456+0000] {logging_mixin.py:188} INFO - [2024-03-03T08:09:51.456+0000] {dag.py:3047} INFO - Sync 1 DAGs
[2024-03-03T08:09:51.467+0000] {logging_mixin.py:188} INFO - [2024-03-03T08:09:51.467+0000] {dag.py:3069} INFO - Creating ORM DAG for example_trigger_controller_dag
[2024-03-03T08:09:51.477+0000] {logging_mixin.py:188} INFO - [2024-03-03T08:09:51.476+0000] {dag.py:3834} INFO - Setting next_dagrun for example_trigger_controller_dag to 2021-01-01 00:00:00+00:00, run_after=2021-01-01 00:00:00+00:00
[2024-03-03T08:09:51.490+0000] {processor.py:183} INFO - Processing /home/airflow/.local/lib/python3.11/site-packages/airflow/example_dags/example_trigger_controller_dag.py took 0.156 seconds
[2024-03-03T08:10:21.601+0000] {processor.py:161} INFO - Started process (PID=115) to work on /home/airflow/.local/lib/python3.11/site-packages/airflow/example_dags/example_trigger_controller_dag.py
[2024-03-03T08:10:21.602+0000] {processor.py:830} INFO - Processing file /home/airflow/.local/lib/python3.11/site-packages/airflow/example_dags/example_trigger_controller_dag.py for tasks to queue
[2024-03-03T08:10:21.604+0000] {logging_mixin.py:188} INFO - [2024-03-03T08:10:21.603+0000] {dagbag.py:540} INFO - Filling up the DagBag from /home/airflow/.local/lib/python3.11/site-packages/airflow/example_dags/example_trigger_controller_dag.py
[2024-03-03T08:10:21.608+0000] {processor.py:840} INFO - DAG(s) 'example_trigger_controller_dag' retrieved from /home/airflow/.local/lib/python3.11/site-packages/airflow/example_dags/example_trigger_controller_dag.py
[2024-03-03T08:10:21.624+0000] {logging_mixin.py:188} INFO - [2024-03-03T08:10:21.624+0000] {dag.py:3047} INFO - Sync 1 DAGs
[2024-03-03T08:10:21.642+0000] {logging_mixin.py:188} INFO - [2024-03-03T08:10:21.642+0000] {dag.py:3834} INFO - Setting next_dagrun for example_trigger_controller_dag to 2021-01-01 00:00:00+00:00, run_after=2021-01-01 00:00:00+00:00
[2024-03-03T08:10:21.658+0000] {processor.py:183} INFO - Processing /home/airflow/.local/lib/python3.11/site-packages/airflow/example_dags/example_trigger_controller_dag.py took 0.060 seconds
[2024-03-03T08:10:52.027+0000] {processor.py:161} INFO - Started process (PID=170) to work on /home/airflow/.local/lib/python3.11/site-packages/airflow/example_dags/example_trigger_controller_dag.py
[2024-03-03T08:10:52.028+0000] {processor.py:830} INFO - Processing file /home/airflow/.local/lib/python3.11/site-packages/airflow/example_dags/example_trigger_controller_dag.py for tasks to queue
[2024-03-03T08:10:52.030+0000] {logging_mixin.py:188} INFO - [2024-03-03T08:10:52.029+0000] {dagbag.py:540} INFO - Filling up the DagBag from /home/airflow/.local/lib/python3.11/site-packages/airflow/example_dags/example_trigger_controller_dag.py
[2024-03-03T08:10:52.036+0000] {processor.py:840} INFO - DAG(s) 'example_trigger_controller_dag' retrieved from /home/airflow/.local/lib/python3.11/site-packages/airflow/example_dags/example_trigger_controller_dag.py
[2024-03-03T08:10:52.055+0000] {logging_mixin.py:188} INFO - [2024-03-03T08:10:52.055+0000] {dag.py:3047} INFO - Sync 1 DAGs
[2024-03-03T08:10:52.076+0000] {logging_mixin.py:188} INFO - [2024-03-03T08:10:52.076+0000] {dag.py:3834} INFO - Setting next_dagrun for example_trigger_controller_dag to 2021-01-01 00:00:00+00:00, run_after=2021-01-01 00:00:00+00:00
[2024-03-03T08:10:52.094+0000] {processor.py:183} INFO - Processing /home/airflow/.local/lib/python3.11/site-packages/airflow/example_dags/example_trigger_controller_dag.py took 0.070 seconds
[2024-03-03T08:11:22.663+0000] {processor.py:161} INFO - Started process (PID=225) to work on /home/airflow/.local/lib/python3.11/site-packages/airflow/example_dags/example_trigger_controller_dag.py
[2024-03-03T08:11:22.664+0000] {processor.py:830} INFO - Processing file /home/airflow/.local/lib/python3.11/site-packages/airflow/example_dags/example_trigger_controller_dag.py for tasks to queue
[2024-03-03T08:11:22.666+0000] {logging_mixin.py:188} INFO - [2024-03-03T08:11:22.666+0000] {dagbag.py:540} INFO - Filling up the DagBag from /home/airflow/.local/lib/python3.11/site-packages/airflow/example_dags/example_trigger_controller_dag.py
[2024-03-03T08:11:22.672+0000] {processor.py:840} INFO - DAG(s) 'example_trigger_controller_dag' retrieved from /home/airflow/.local/lib/python3.11/site-packages/airflow/example_dags/example_trigger_controller_dag.py
[2024-03-03T08:11:22.690+0000] {logging_mixin.py:188} INFO - [2024-03-03T08:11:22.690+0000] {dag.py:3047} INFO - Sync 1 DAGs
[2024-03-03T08:11:22.714+0000] {logging_mixin.py:188} INFO - [2024-03-03T08:11:22.714+0000] {dag.py:3834} INFO - Setting next_dagrun for example_trigger_controller_dag to 2021-01-01 00:00:00+00:00, run_after=2021-01-01 00:00:00+00:00
[2024-03-03T08:11:22.732+0000] {processor.py:183} INFO - Processing /home/airflow/.local/lib/python3.11/site-packages/airflow/example_dags/example_trigger_controller_dag.py took 0.072 seconds
[2024-03-03T08:11:53.215+0000] {processor.py:161} INFO - Started process (PID=280) to work on /home/airflow/.local/lib/python3.11/site-packages/airflow/example_dags/example_trigger_controller_dag.py
[2024-03-03T08:11:53.215+0000] {processor.py:830} INFO - Processing file /home/airflow/.local/lib/python3.11/site-packages/airflow/example_dags/example_trigger_controller_dag.py for tasks to queue
[2024-03-03T08:11:53.218+0000] {logging_mixin.py:188} INFO - [2024-03-03T08:11:53.217+0000] {dagbag.py:540} INFO - Filling up the DagBag from /home/airflow/.local/lib/python3.11/site-packages/airflow/example_dags/example_trigger_controller_dag.py
[2024-03-03T08:11:53.223+0000] {processor.py:840} INFO - DAG(s) 'example_trigger_controller_dag' retrieved from /home/airflow/.local/lib/python3.11/site-packages/airflow/example_dags/example_trigger_controller_dag.py
[2024-03-03T08:11:53.239+0000] {logging_mixin.py:188} INFO - [2024-03-03T08:11:53.239+0000] {dag.py:3047} INFO - Sync 1 DAGs
[2024-03-03T08:11:53.265+0000] {logging_mixin.py:188} INFO - [2024-03-03T08:11:53.265+0000] {dag.py:3834} INFO - Setting next_dagrun for example_trigger_controller_dag to 2021-01-01 00:00:00+00:00, run_after=2021-01-01 00:00:00+00:00
[2024-03-03T08:11:53.281+0000] {processor.py:183} INFO - Processing /home/airflow/.local/lib/python3.11/site-packages/airflow/example_dags/example_trigger_controller_dag.py took 0.070 seconds
[2024-03-03T08:12:23.760+0000] {processor.py:161} INFO - Started process (PID=335) to work on /home/airflow/.local/lib/python3.11/site-packages/airflow/example_dags/example_trigger_controller_dag.py
[2024-03-03T08:12:23.761+0000] {processor.py:830} INFO - Processing file /home/airflow/.local/lib/python3.11/site-packages/airflow/example_dags/example_trigger_controller_dag.py for tasks to queue
[2024-03-03T08:12:23.763+0000] {logging_mixin.py:188} INFO - [2024-03-03T08:12:23.762+0000] {dagbag.py:540} INFO - Filling up the DagBag from /home/airflow/.local/lib/python3.11/site-packages/airflow/example_dags/example_trigger_controller_dag.py
[2024-03-03T08:12:23.769+0000] {processor.py:840} INFO - DAG(s) 'example_trigger_controller_dag' retrieved from /home/airflow/.local/lib/python3.11/site-packages/airflow/example_dags/example_trigger_controller_dag.py
[2024-03-03T08:12:23.789+0000] {logging_mixin.py:188} INFO - [2024-03-03T08:12:23.789+0000] {dag.py:3047} INFO - Sync 1 DAGs
[2024-03-03T08:12:23.811+0000] {logging_mixin.py:188} INFO - [2024-03-03T08:12:23.811+0000] {dag.py:3834} INFO - Setting next_dagrun for example_trigger_controller_dag to 2021-01-01 00:00:00+00:00, run_after=2021-01-01 00:00:00+00:00
[2024-03-03T08:12:23.831+0000] {processor.py:183} INFO - Processing /home/airflow/.local/lib/python3.11/site-packages/airflow/example_dags/example_trigger_controller_dag.py took 0.075 seconds
[2024-03-03T08:12:54.322+0000] {processor.py:161} INFO - Started process (PID=390) to work on /home/airflow/.local/lib/python3.11/site-packages/airflow/example_dags/example_trigger_controller_dag.py
[2024-03-03T08:12:54.323+0000] {processor.py:830} INFO - Processing file /home/airflow/.local/lib/python3.11/site-packages/airflow/example_dags/example_trigger_controller_dag.py for tasks to queue
[2024-03-03T08:12:54.326+0000] {logging_mixin.py:188} INFO - [2024-03-03T08:12:54.325+0000] {dagbag.py:540} INFO - Filling up the DagBag from /home/airflow/.local/lib/python3.11/site-packages/airflow/example_dags/example_trigger_controller_dag.py
[2024-03-03T08:12:54.332+0000] {processor.py:840} INFO - DAG(s) 'example_trigger_controller_dag' retrieved from /home/airflow/.local/lib/python3.11/site-packages/airflow/example_dags/example_trigger_controller_dag.py
[2024-03-03T08:12:54.352+0000] {logging_mixin.py:188} INFO - [2024-03-03T08:12:54.352+0000] {dag.py:3047} INFO - Sync 1 DAGs
[2024-03-03T08:12:54.374+0000] {logging_mixin.py:188} INFO - [2024-03-03T08:12:54.374+0000] {dag.py:3834} INFO - Setting next_dagrun for example_trigger_controller_dag to 2021-01-01 00:00:00+00:00, run_after=2021-01-01 00:00:00+00:00
[2024-03-03T08:12:54.390+0000] {processor.py:183} INFO - Processing /home/airflow/.local/lib/python3.11/site-packages/airflow/example_dags/example_trigger_controller_dag.py took 0.071 seconds
[2024-03-03T08:13:24.802+0000] {processor.py:161} INFO - Started process (PID=445) to work on /home/airflow/.local/lib/python3.11/site-packages/airflow/example_dags/example_trigger_controller_dag.py
[2024-03-03T08:13:24.803+0000] {processor.py:830} INFO - Processing file /home/airflow/.local/lib/python3.11/site-packages/airflow/example_dags/example_trigger_controller_dag.py for tasks to queue
[2024-03-03T08:13:24.806+0000] {logging_mixin.py:188} INFO - [2024-03-03T08:13:24.806+0000] {dagbag.py:540} INFO - Filling up the DagBag from /home/airflow/.local/lib/python3.11/site-packages/airflow/example_dags/example_trigger_controller_dag.py
[2024-03-03T08:13:24.811+0000] {processor.py:840} INFO - DAG(s) 'example_trigger_controller_dag' retrieved from /home/airflow/.local/lib/python3.11/site-packages/airflow/example_dags/example_trigger_controller_dag.py
[2024-03-03T08:13:24.828+0000] {logging_mixin.py:188} INFO - [2024-03-03T08:13:24.828+0000] {dag.py:3047} INFO - Sync 1 DAGs
[2024-03-03T08:13:24.849+0000] {logging_mixin.py:188} INFO - [2024-03-03T08:13:24.849+0000] {dag.py:3834} INFO - Setting next_dagrun for example_trigger_controller_dag to 2021-01-01 00:00:00+00:00, run_after=2021-01-01 00:00:00+00:00
[2024-03-03T08:13:24.865+0000] {processor.py:183} INFO - Processing /home/airflow/.local/lib/python3.11/site-packages/airflow/example_dags/example_trigger_controller_dag.py took 0.067 seconds
[2024-03-03T08:13:55.605+0000] {processor.py:161} INFO - Started process (PID=500) to work on /home/airflow/.local/lib/python3.11/site-packages/airflow/example_dags/example_trigger_controller_dag.py
[2024-03-03T08:13:55.606+0000] {processor.py:830} INFO - Processing file /home/airflow/.local/lib/python3.11/site-packages/airflow/example_dags/example_trigger_controller_dag.py for tasks to queue
[2024-03-03T08:13:55.609+0000] {logging_mixin.py:188} INFO - [2024-03-03T08:13:55.608+0000] {dagbag.py:540} INFO - Filling up the DagBag from /home/airflow/.local/lib/python3.11/site-packages/airflow/example_dags/example_trigger_controller_dag.py
[2024-03-03T08:13:55.615+0000] {processor.py:840} INFO - DAG(s) 'example_trigger_controller_dag' retrieved from /home/airflow/.local/lib/python3.11/site-packages/airflow/example_dags/example_trigger_controller_dag.py
[2024-03-03T08:13:55.632+0000] {logging_mixin.py:188} INFO - [2024-03-03T08:13:55.632+0000] {dag.py:3047} INFO - Sync 1 DAGs
[2024-03-03T08:13:55.652+0000] {logging_mixin.py:188} INFO - [2024-03-03T08:13:55.651+0000] {dag.py:3834} INFO - Setting next_dagrun for example_trigger_controller_dag to 2021-01-01 00:00:00+00:00, run_after=2021-01-01 00:00:00+00:00
[2024-03-03T08:13:55.667+0000] {processor.py:183} INFO - Processing /home/airflow/.local/lib/python3.11/site-packages/airflow/example_dags/example_trigger_controller_dag.py took 0.065 seconds
[2024-03-03T08:14:25.746+0000] {processor.py:161} INFO - Started process (PID=563) to work on /home/airflow/.local/lib/python3.11/site-packages/airflow/example_dags/example_trigger_controller_dag.py
[2024-03-03T08:14:25.747+0000] {processor.py:830} INFO - Processing file /home/airflow/.local/lib/python3.11/site-packages/airflow/example_dags/example_trigger_controller_dag.py for tasks to queue
[2024-03-03T08:14:25.749+0000] {logging_mixin.py:188} INFO - [2024-03-03T08:14:25.749+0000] {dagbag.py:540} INFO - Filling up the DagBag from /home/airflow/.local/lib/python3.11/site-packages/airflow/example_dags/example_trigger_controller_dag.py
[2024-03-03T08:14:25.753+0000] {processor.py:840} INFO - DAG(s) 'example_trigger_controller_dag' retrieved from /home/airflow/.local/lib/python3.11/site-packages/airflow/example_dags/example_trigger_controller_dag.py
[2024-03-03T08:14:25.770+0000] {logging_mixin.py:188} INFO - [2024-03-03T08:14:25.770+0000] {dag.py:3047} INFO - Sync 1 DAGs
[2024-03-03T08:14:25.788+0000] {logging_mixin.py:188} INFO - [2024-03-03T08:14:25.787+0000] {dag.py:3834} INFO - Setting next_dagrun for example_trigger_controller_dag to 2021-01-01 00:00:00+00:00, run_after=2021-01-01 00:00:00+00:00
[2024-03-03T08:14:25.802+0000] {processor.py:183} INFO - Processing /home/airflow/.local/lib/python3.11/site-packages/airflow/example_dags/example_trigger_controller_dag.py took 0.060 seconds
[2024-03-03T08:14:56.376+0000] {processor.py:161} INFO - Started process (PID=619) to work on /home/airflow/.local/lib/python3.11/site-packages/airflow/example_dags/example_trigger_controller_dag.py
[2024-03-03T08:14:56.377+0000] {processor.py:830} INFO - Processing file /home/airflow/.local/lib/python3.11/site-packages/airflow/example_dags/example_trigger_controller_dag.py for tasks to queue
[2024-03-03T08:14:56.380+0000] {logging_mixin.py:188} INFO - [2024-03-03T08:14:56.379+0000] {dagbag.py:540} INFO - Filling up the DagBag from /home/airflow/.local/lib/python3.11/site-packages/airflow/example_dags/example_trigger_controller_dag.py
[2024-03-03T08:14:56.384+0000] {processor.py:840} INFO - DAG(s) 'example_trigger_controller_dag' retrieved from /home/airflow/.local/lib/python3.11/site-packages/airflow/example_dags/example_trigger_controller_dag.py
[2024-03-03T08:14:56.403+0000] {logging_mixin.py:188} INFO - [2024-03-03T08:14:56.402+0000] {dag.py:3047} INFO - Sync 1 DAGs
[2024-03-03T08:14:56.425+0000] {logging_mixin.py:188} INFO - [2024-03-03T08:14:56.424+0000] {dag.py:3834} INFO - Setting next_dagrun for example_trigger_controller_dag to 2021-01-01 00:00:00+00:00, run_after=2021-01-01 00:00:00+00:00
[2024-03-03T08:14:56.440+0000] {processor.py:183} INFO - Processing /home/airflow/.local/lib/python3.11/site-packages/airflow/example_dags/example_trigger_controller_dag.py took 0.067 seconds
[2024-03-03T08:15:27.241+0000] {processor.py:161} INFO - Started process (PID=675) to work on /home/airflow/.local/lib/python3.11/site-packages/airflow/example_dags/example_trigger_controller_dag.py
[2024-03-03T08:15:27.242+0000] {processor.py:830} INFO - Processing file /home/airflow/.local/lib/python3.11/site-packages/airflow/example_dags/example_trigger_controller_dag.py for tasks to queue
[2024-03-03T08:15:27.244+0000] {logging_mixin.py:188} INFO - [2024-03-03T08:15:27.244+0000] {dagbag.py:540} INFO - Filling up the DagBag from /home/airflow/.local/lib/python3.11/site-packages/airflow/example_dags/example_trigger_controller_dag.py
[2024-03-03T08:15:27.249+0000] {processor.py:840} INFO - DAG(s) 'example_trigger_controller_dag' retrieved from /home/airflow/.local/lib/python3.11/site-packages/airflow/example_dags/example_trigger_controller_dag.py
[2024-03-03T08:15:27.266+0000] {logging_mixin.py:188} INFO - [2024-03-03T08:15:27.265+0000] {dag.py:3047} INFO - Sync 1 DAGs
[2024-03-03T08:15:27.286+0000] {logging_mixin.py:188} INFO - [2024-03-03T08:15:27.286+0000] {dag.py:3834} INFO - Setting next_dagrun for example_trigger_controller_dag to 2021-01-01 00:00:00+00:00, run_after=2021-01-01 00:00:00+00:00
[2024-03-03T08:15:27.301+0000] {processor.py:183} INFO - Processing /home/airflow/.local/lib/python3.11/site-packages/airflow/example_dags/example_trigger_controller_dag.py took 0.063 seconds
[2024-03-03T08:15:58.118+0000] {processor.py:161} INFO - Started process (PID=731) to work on /home/airflow/.local/lib/python3.11/site-packages/airflow/example_dags/example_trigger_controller_dag.py
[2024-03-03T08:15:58.119+0000] {processor.py:830} INFO - Processing file /home/airflow/.local/lib/python3.11/site-packages/airflow/example_dags/example_trigger_controller_dag.py for tasks to queue
[2024-03-03T08:15:58.122+0000] {logging_mixin.py:188} INFO - [2024-03-03T08:15:58.122+0000] {dagbag.py:540} INFO - Filling up the DagBag from /home/airflow/.local/lib/python3.11/site-packages/airflow/example_dags/example_trigger_controller_dag.py
[2024-03-03T08:15:58.128+0000] {processor.py:840} INFO - DAG(s) 'example_trigger_controller_dag' retrieved from /home/airflow/.local/lib/python3.11/site-packages/airflow/example_dags/example_trigger_controller_dag.py
[2024-03-03T08:15:58.149+0000] {logging_mixin.py:188} INFO - [2024-03-03T08:15:58.149+0000] {dag.py:3047} INFO - Sync 1 DAGs
[2024-03-03T08:15:58.177+0000] {logging_mixin.py:188} INFO - [2024-03-03T08:15:58.177+0000] {dag.py:3834} INFO - Setting next_dagrun for example_trigger_controller_dag to 2021-01-01 00:00:00+00:00, run_after=2021-01-01 00:00:00+00:00
[2024-03-03T08:15:58.199+0000] {processor.py:183} INFO - Processing /home/airflow/.local/lib/python3.11/site-packages/airflow/example_dags/example_trigger_controller_dag.py took 0.085 seconds
[2024-03-03T08:16:28.653+0000] {processor.py:161} INFO - Started process (PID=787) to work on /home/airflow/.local/lib/python3.11/site-packages/airflow/example_dags/example_trigger_controller_dag.py
[2024-03-03T08:16:28.654+0000] {processor.py:830} INFO - Processing file /home/airflow/.local/lib/python3.11/site-packages/airflow/example_dags/example_trigger_controller_dag.py for tasks to queue
[2024-03-03T08:16:28.657+0000] {logging_mixin.py:188} INFO - [2024-03-03T08:16:28.656+0000] {dagbag.py:540} INFO - Filling up the DagBag from /home/airflow/.local/lib/python3.11/site-packages/airflow/example_dags/example_trigger_controller_dag.py
[2024-03-03T08:16:28.661+0000] {processor.py:840} INFO - DAG(s) 'example_trigger_controller_dag' retrieved from /home/airflow/.local/lib/python3.11/site-packages/airflow/example_dags/example_trigger_controller_dag.py
[2024-03-03T08:16:28.685+0000] {logging_mixin.py:188} INFO - [2024-03-03T08:16:28.685+0000] {dag.py:3047} INFO - Sync 1 DAGs
[2024-03-03T08:16:28.710+0000] {logging_mixin.py:188} INFO - [2024-03-03T08:16:28.710+0000] {dag.py:3834} INFO - Setting next_dagrun for example_trigger_controller_dag to 2021-01-01 00:00:00+00:00, run_after=2021-01-01 00:00:00+00:00
[2024-03-03T08:16:28.732+0000] {processor.py:183} INFO - Processing /home/airflow/.local/lib/python3.11/site-packages/airflow/example_dags/example_trigger_controller_dag.py took 0.081 seconds
[2024-03-03T08:16:59.414+0000] {processor.py:161} INFO - Started process (PID=843) to work on /home/airflow/.local/lib/python3.11/site-packages/airflow/example_dags/example_trigger_controller_dag.py
[2024-03-03T08:16:59.415+0000] {processor.py:830} INFO - Processing file /home/airflow/.local/lib/python3.11/site-packages/airflow/example_dags/example_trigger_controller_dag.py for tasks to queue
[2024-03-03T08:16:59.418+0000] {logging_mixin.py:188} INFO - [2024-03-03T08:16:59.417+0000] {dagbag.py:540} INFO - Filling up the DagBag from /home/airflow/.local/lib/python3.11/site-packages/airflow/example_dags/example_trigger_controller_dag.py
[2024-03-03T08:16:59.422+0000] {processor.py:840} INFO - DAG(s) 'example_trigger_controller_dag' retrieved from /home/airflow/.local/lib/python3.11/site-packages/airflow/example_dags/example_trigger_controller_dag.py
[2024-03-03T08:16:59.439+0000] {logging_mixin.py:188} INFO - [2024-03-03T08:16:59.439+0000] {dag.py:3047} INFO - Sync 1 DAGs
[2024-03-03T08:16:59.457+0000] {logging_mixin.py:188} INFO - [2024-03-03T08:16:59.457+0000] {dag.py:3834} INFO - Setting next_dagrun for example_trigger_controller_dag to 2021-01-01 00:00:00+00:00, run_after=2021-01-01 00:00:00+00:00
[2024-03-03T08:16:59.472+0000] {processor.py:183} INFO - Processing /home/airflow/.local/lib/python3.11/site-packages/airflow/example_dags/example_trigger_controller_dag.py took 0.060 seconds
[2024-03-03T08:17:29.937+0000] {processor.py:161} INFO - Started process (PID=899) to work on /home/airflow/.local/lib/python3.11/site-packages/airflow/example_dags/example_trigger_controller_dag.py
[2024-03-03T08:17:29.938+0000] {processor.py:830} INFO - Processing file /home/airflow/.local/lib/python3.11/site-packages/airflow/example_dags/example_trigger_controller_dag.py for tasks to queue
[2024-03-03T08:17:29.940+0000] {logging_mixin.py:188} INFO - [2024-03-03T08:17:29.940+0000] {dagbag.py:540} INFO - Filling up the DagBag from /home/airflow/.local/lib/python3.11/site-packages/airflow/example_dags/example_trigger_controller_dag.py
[2024-03-03T08:17:29.945+0000] {processor.py:840} INFO - DAG(s) 'example_trigger_controller_dag' retrieved from /home/airflow/.local/lib/python3.11/site-packages/airflow/example_dags/example_trigger_controller_dag.py
[2024-03-03T08:17:29.961+0000] {logging_mixin.py:188} INFO - [2024-03-03T08:17:29.961+0000] {dag.py:3047} INFO - Sync 1 DAGs
[2024-03-03T08:17:29.980+0000] {logging_mixin.py:188} INFO - [2024-03-03T08:17:29.979+0000] {dag.py:3834} INFO - Setting next_dagrun for example_trigger_controller_dag to 2021-01-01 00:00:00+00:00, run_after=2021-01-01 00:00:00+00:00
[2024-03-03T08:17:29.994+0000] {processor.py:183} INFO - Processing /home/airflow/.local/lib/python3.11/site-packages/airflow/example_dags/example_trigger_controller_dag.py took 0.060 seconds
[2024-03-03T08:18:00.313+0000] {processor.py:161} INFO - Started process (PID=954) to work on /home/airflow/.local/lib/python3.11/site-packages/airflow/example_dags/example_trigger_controller_dag.py
[2024-03-03T08:18:00.314+0000] {processor.py:830} INFO - Processing file /home/airflow/.local/lib/python3.11/site-packages/airflow/example_dags/example_trigger_controller_dag.py for tasks to queue
[2024-03-03T08:18:00.316+0000] {logging_mixin.py:188} INFO - [2024-03-03T08:18:00.315+0000] {dagbag.py:540} INFO - Filling up the DagBag from /home/airflow/.local/lib/python3.11/site-packages/airflow/example_dags/example_trigger_controller_dag.py
[2024-03-03T08:18:00.322+0000] {processor.py:840} INFO - DAG(s) 'example_trigger_controller_dag' retrieved from /home/airflow/.local/lib/python3.11/site-packages/airflow/example_dags/example_trigger_controller_dag.py
[2024-03-03T08:18:00.341+0000] {logging_mixin.py:188} INFO - [2024-03-03T08:18:00.341+0000] {dag.py:3047} INFO - Sync 1 DAGs
[2024-03-03T08:18:00.361+0000] {logging_mixin.py:188} INFO - [2024-03-03T08:18:00.360+0000] {dag.py:3834} INFO - Setting next_dagrun for example_trigger_controller_dag to 2021-01-01 00:00:00+00:00, run_after=2021-01-01 00:00:00+00:00
[2024-03-03T08:18:00.377+0000] {processor.py:183} INFO - Processing /home/airflow/.local/lib/python3.11/site-packages/airflow/example_dags/example_trigger_controller_dag.py took 0.068 seconds
