[2024-03-03T08:09:52.110+0000] {processor.py:161} INFO - Started process (PID=67) to work on /home/airflow/.local/lib/python3.11/site-packages/airflow/example_dags/tutorial_taskflow_api.py
[2024-03-03T08:09:52.111+0000] {processor.py:830} INFO - Processing file /home/airflow/.local/lib/python3.11/site-packages/airflow/example_dags/tutorial_taskflow_api.py for tasks to queue
[2024-03-03T08:09:52.114+0000] {logging_mixin.py:188} INFO - [2024-03-03T08:09:52.113+0000] {dagbag.py:540} INFO - Filling up the DagBag from /home/airflow/.local/lib/python3.11/site-packages/airflow/example_dags/tutorial_taskflow_api.py
[2024-03-03T08:09:52.123+0000] {processor.py:840} INFO - DAG(s) 'tutorial_taskflow_api' retrieved from /home/airflow/.local/lib/python3.11/site-packages/airflow/example_dags/tutorial_taskflow_api.py
[2024-03-03T08:09:52.225+0000] {logging_mixin.py:188} INFO - [2024-03-03T08:09:52.224+0000] {override.py:1769} INFO - Created Permission View: can edit on DAG:tutorial_taskflow_api
[2024-03-03T08:09:52.235+0000] {logging_mixin.py:188} INFO - [2024-03-03T08:09:52.235+0000] {override.py:1769} INFO - Created Permission View: can read on DAG:tutorial_taskflow_api
[2024-03-03T08:09:52.241+0000] {logging_mixin.py:188} INFO - [2024-03-03T08:09:52.241+0000] {override.py:1769} INFO - Created Permission View: can delete on DAG:tutorial_taskflow_api
[2024-03-03T08:09:52.241+0000] {logging_mixin.py:188} INFO - [2024-03-03T08:09:52.241+0000] {dag.py:3047} INFO - Sync 1 DAGs
[2024-03-03T08:09:52.251+0000] {logging_mixin.py:188} INFO - [2024-03-03T08:09:52.250+0000] {dag.py:3069} INFO - Creating ORM DAG for tutorial_taskflow_api
[2024-03-03T08:09:52.251+0000] {logging_mixin.py:188} INFO - [2024-03-03T08:09:52.251+0000] {dag.py:3834} INFO - Setting next_dagrun for tutorial_taskflow_api to None, run_after=None
[2024-03-03T08:09:52.267+0000] {processor.py:183} INFO - Processing /home/airflow/.local/lib/python3.11/site-packages/airflow/example_dags/tutorial_taskflow_api.py took 0.161 seconds
[2024-03-03T08:10:22.932+0000] {processor.py:161} INFO - Started process (PID=122) to work on /home/airflow/.local/lib/python3.11/site-packages/airflow/example_dags/tutorial_taskflow_api.py
[2024-03-03T08:10:22.933+0000] {processor.py:830} INFO - Processing file /home/airflow/.local/lib/python3.11/site-packages/airflow/example_dags/tutorial_taskflow_api.py for tasks to queue
[2024-03-03T08:10:22.935+0000] {logging_mixin.py:188} INFO - [2024-03-03T08:10:22.935+0000] {dagbag.py:540} INFO - Filling up the DagBag from /home/airflow/.local/lib/python3.11/site-packages/airflow/example_dags/tutorial_taskflow_api.py
[2024-03-03T08:10:22.942+0000] {processor.py:840} INFO - DAG(s) 'tutorial_taskflow_api' retrieved from /home/airflow/.local/lib/python3.11/site-packages/airflow/example_dags/tutorial_taskflow_api.py
[2024-03-03T08:10:22.959+0000] {logging_mixin.py:188} INFO - [2024-03-03T08:10:22.959+0000] {dag.py:3047} INFO - Sync 1 DAGs
[2024-03-03T08:10:22.972+0000] {logging_mixin.py:188} INFO - [2024-03-03T08:10:22.971+0000] {dag.py:3834} INFO - Setting next_dagrun for tutorial_taskflow_api to None, run_after=None
[2024-03-03T08:10:22.991+0000] {processor.py:183} INFO - Processing /home/airflow/.local/lib/python3.11/site-packages/airflow/example_dags/tutorial_taskflow_api.py took 0.063 seconds
[2024-03-03T08:10:53.372+0000] {processor.py:161} INFO - Started process (PID=177) to work on /home/airflow/.local/lib/python3.11/site-packages/airflow/example_dags/tutorial_taskflow_api.py
[2024-03-03T08:10:53.373+0000] {processor.py:830} INFO - Processing file /home/airflow/.local/lib/python3.11/site-packages/airflow/example_dags/tutorial_taskflow_api.py for tasks to queue
[2024-03-03T08:10:53.377+0000] {logging_mixin.py:188} INFO - [2024-03-03T08:10:53.376+0000] {dagbag.py:540} INFO - Filling up the DagBag from /home/airflow/.local/lib/python3.11/site-packages/airflow/example_dags/tutorial_taskflow_api.py
[2024-03-03T08:10:53.385+0000] {processor.py:840} INFO - DAG(s) 'tutorial_taskflow_api' retrieved from /home/airflow/.local/lib/python3.11/site-packages/airflow/example_dags/tutorial_taskflow_api.py
[2024-03-03T08:10:53.404+0000] {logging_mixin.py:188} INFO - [2024-03-03T08:10:53.404+0000] {dag.py:3047} INFO - Sync 1 DAGs
[2024-03-03T08:10:53.416+0000] {logging_mixin.py:188} INFO - [2024-03-03T08:10:53.415+0000] {dag.py:3834} INFO - Setting next_dagrun for tutorial_taskflow_api to None, run_after=None
[2024-03-03T08:10:53.433+0000] {processor.py:183} INFO - Processing /home/airflow/.local/lib/python3.11/site-packages/airflow/example_dags/tutorial_taskflow_api.py took 0.064 seconds
[2024-03-03T08:11:23.984+0000] {processor.py:161} INFO - Started process (PID=232) to work on /home/airflow/.local/lib/python3.11/site-packages/airflow/example_dags/tutorial_taskflow_api.py
[2024-03-03T08:11:23.986+0000] {processor.py:830} INFO - Processing file /home/airflow/.local/lib/python3.11/site-packages/airflow/example_dags/tutorial_taskflow_api.py for tasks to queue
[2024-03-03T08:11:23.988+0000] {logging_mixin.py:188} INFO - [2024-03-03T08:11:23.988+0000] {dagbag.py:540} INFO - Filling up the DagBag from /home/airflow/.local/lib/python3.11/site-packages/airflow/example_dags/tutorial_taskflow_api.py
[2024-03-03T08:11:23.995+0000] {processor.py:840} INFO - DAG(s) 'tutorial_taskflow_api' retrieved from /home/airflow/.local/lib/python3.11/site-packages/airflow/example_dags/tutorial_taskflow_api.py
[2024-03-03T08:11:24.013+0000] {logging_mixin.py:188} INFO - [2024-03-03T08:11:24.013+0000] {dag.py:3047} INFO - Sync 1 DAGs
[2024-03-03T08:11:24.027+0000] {logging_mixin.py:188} INFO - [2024-03-03T08:11:24.026+0000] {dag.py:3834} INFO - Setting next_dagrun for tutorial_taskflow_api to None, run_after=None
[2024-03-03T08:11:24.045+0000] {processor.py:183} INFO - Processing /home/airflow/.local/lib/python3.11/site-packages/airflow/example_dags/tutorial_taskflow_api.py took 0.064 seconds
[2024-03-03T08:11:54.518+0000] {processor.py:161} INFO - Started process (PID=287) to work on /home/airflow/.local/lib/python3.11/site-packages/airflow/example_dags/tutorial_taskflow_api.py
[2024-03-03T08:11:54.519+0000] {processor.py:830} INFO - Processing file /home/airflow/.local/lib/python3.11/site-packages/airflow/example_dags/tutorial_taskflow_api.py for tasks to queue
[2024-03-03T08:11:54.521+0000] {logging_mixin.py:188} INFO - [2024-03-03T08:11:54.520+0000] {dagbag.py:540} INFO - Filling up the DagBag from /home/airflow/.local/lib/python3.11/site-packages/airflow/example_dags/tutorial_taskflow_api.py
[2024-03-03T08:11:54.527+0000] {processor.py:840} INFO - DAG(s) 'tutorial_taskflow_api' retrieved from /home/airflow/.local/lib/python3.11/site-packages/airflow/example_dags/tutorial_taskflow_api.py
[2024-03-03T08:11:54.545+0000] {logging_mixin.py:188} INFO - [2024-03-03T08:11:54.544+0000] {dag.py:3047} INFO - Sync 1 DAGs
[2024-03-03T08:11:54.559+0000] {logging_mixin.py:188} INFO - [2024-03-03T08:11:54.559+0000] {dag.py:3834} INFO - Setting next_dagrun for tutorial_taskflow_api to None, run_after=None
[2024-03-03T08:11:54.578+0000] {processor.py:183} INFO - Processing /home/airflow/.local/lib/python3.11/site-packages/airflow/example_dags/tutorial_taskflow_api.py took 0.064 seconds
[2024-03-03T08:12:25.108+0000] {processor.py:161} INFO - Started process (PID=342) to work on /home/airflow/.local/lib/python3.11/site-packages/airflow/example_dags/tutorial_taskflow_api.py
[2024-03-03T08:12:25.109+0000] {processor.py:830} INFO - Processing file /home/airflow/.local/lib/python3.11/site-packages/airflow/example_dags/tutorial_taskflow_api.py for tasks to queue
[2024-03-03T08:12:25.111+0000] {logging_mixin.py:188} INFO - [2024-03-03T08:12:25.111+0000] {dagbag.py:540} INFO - Filling up the DagBag from /home/airflow/.local/lib/python3.11/site-packages/airflow/example_dags/tutorial_taskflow_api.py
[2024-03-03T08:12:25.118+0000] {processor.py:840} INFO - DAG(s) 'tutorial_taskflow_api' retrieved from /home/airflow/.local/lib/python3.11/site-packages/airflow/example_dags/tutorial_taskflow_api.py
[2024-03-03T08:12:25.139+0000] {logging_mixin.py:188} INFO - [2024-03-03T08:12:25.138+0000] {dag.py:3047} INFO - Sync 1 DAGs
[2024-03-03T08:12:25.152+0000] {logging_mixin.py:188} INFO - [2024-03-03T08:12:25.151+0000] {dag.py:3834} INFO - Setting next_dagrun for tutorial_taskflow_api to None, run_after=None
[2024-03-03T08:12:25.169+0000] {processor.py:183} INFO - Processing /home/airflow/.local/lib/python3.11/site-packages/airflow/example_dags/tutorial_taskflow_api.py took 0.065 seconds
[2024-03-03T08:12:55.637+0000] {processor.py:161} INFO - Started process (PID=397) to work on /home/airflow/.local/lib/python3.11/site-packages/airflow/example_dags/tutorial_taskflow_api.py
[2024-03-03T08:12:55.638+0000] {processor.py:830} INFO - Processing file /home/airflow/.local/lib/python3.11/site-packages/airflow/example_dags/tutorial_taskflow_api.py for tasks to queue
[2024-03-03T08:12:55.641+0000] {logging_mixin.py:188} INFO - [2024-03-03T08:12:55.641+0000] {dagbag.py:540} INFO - Filling up the DagBag from /home/airflow/.local/lib/python3.11/site-packages/airflow/example_dags/tutorial_taskflow_api.py
[2024-03-03T08:12:55.648+0000] {processor.py:840} INFO - DAG(s) 'tutorial_taskflow_api' retrieved from /home/airflow/.local/lib/python3.11/site-packages/airflow/example_dags/tutorial_taskflow_api.py
[2024-03-03T08:12:55.670+0000] {logging_mixin.py:188} INFO - [2024-03-03T08:12:55.670+0000] {dag.py:3047} INFO - Sync 1 DAGs
[2024-03-03T08:12:55.686+0000] {logging_mixin.py:188} INFO - [2024-03-03T08:12:55.686+0000] {dag.py:3834} INFO - Setting next_dagrun for tutorial_taskflow_api to None, run_after=None
[2024-03-03T08:12:55.709+0000] {processor.py:183} INFO - Processing /home/airflow/.local/lib/python3.11/site-packages/airflow/example_dags/tutorial_taskflow_api.py took 0.075 seconds
[2024-03-03T08:13:26.163+0000] {processor.py:161} INFO - Started process (PID=452) to work on /home/airflow/.local/lib/python3.11/site-packages/airflow/example_dags/tutorial_taskflow_api.py
[2024-03-03T08:13:26.165+0000] {processor.py:830} INFO - Processing file /home/airflow/.local/lib/python3.11/site-packages/airflow/example_dags/tutorial_taskflow_api.py for tasks to queue
[2024-03-03T08:13:26.168+0000] {logging_mixin.py:188} INFO - [2024-03-03T08:13:26.167+0000] {dagbag.py:540} INFO - Filling up the DagBag from /home/airflow/.local/lib/python3.11/site-packages/airflow/example_dags/tutorial_taskflow_api.py
[2024-03-03T08:13:26.177+0000] {processor.py:840} INFO - DAG(s) 'tutorial_taskflow_api' retrieved from /home/airflow/.local/lib/python3.11/site-packages/airflow/example_dags/tutorial_taskflow_api.py
[2024-03-03T08:13:26.201+0000] {logging_mixin.py:188} INFO - [2024-03-03T08:13:26.201+0000] {dag.py:3047} INFO - Sync 1 DAGs
[2024-03-03T08:13:26.220+0000] {logging_mixin.py:188} INFO - [2024-03-03T08:13:26.219+0000] {dag.py:3834} INFO - Setting next_dagrun for tutorial_taskflow_api to None, run_after=None
[2024-03-03T08:13:26.245+0000] {processor.py:183} INFO - Processing /home/airflow/.local/lib/python3.11/site-packages/airflow/example_dags/tutorial_taskflow_api.py took 0.085 seconds
[2024-03-03T08:13:57.228+0000] {processor.py:161} INFO - Started process (PID=511) to work on /home/airflow/.local/lib/python3.11/site-packages/airflow/example_dags/tutorial_taskflow_api.py
[2024-03-03T08:13:57.230+0000] {processor.py:830} INFO - Processing file /home/airflow/.local/lib/python3.11/site-packages/airflow/example_dags/tutorial_taskflow_api.py for tasks to queue
[2024-03-03T08:13:57.237+0000] {logging_mixin.py:188} INFO - [2024-03-03T08:13:57.236+0000] {dagbag.py:540} INFO - Filling up the DagBag from /home/airflow/.local/lib/python3.11/site-packages/airflow/example_dags/tutorial_taskflow_api.py
[2024-03-03T08:13:57.248+0000] {processor.py:840} INFO - DAG(s) 'tutorial_taskflow_api' retrieved from /home/airflow/.local/lib/python3.11/site-packages/airflow/example_dags/tutorial_taskflow_api.py
[2024-03-03T08:13:57.294+0000] {logging_mixin.py:188} INFO - [2024-03-03T08:13:57.294+0000] {dag.py:3047} INFO - Sync 1 DAGs
[2024-03-03T08:13:57.323+0000] {logging_mixin.py:188} INFO - [2024-03-03T08:13:57.322+0000] {dag.py:3834} INFO - Setting next_dagrun for tutorial_taskflow_api to None, run_after=None
[2024-03-03T08:13:57.362+0000] {processor.py:183} INFO - Processing /home/airflow/.local/lib/python3.11/site-packages/airflow/example_dags/tutorial_taskflow_api.py took 0.139 seconds
[2024-03-03T08:14:28.104+0000] {processor.py:161} INFO - Started process (PID=570) to work on /home/airflow/.local/lib/python3.11/site-packages/airflow/example_dags/tutorial_taskflow_api.py
[2024-03-03T08:14:28.106+0000] {processor.py:830} INFO - Processing file /home/airflow/.local/lib/python3.11/site-packages/airflow/example_dags/tutorial_taskflow_api.py for tasks to queue
[2024-03-03T08:14:28.108+0000] {logging_mixin.py:188} INFO - [2024-03-03T08:14:28.107+0000] {dagbag.py:540} INFO - Filling up the DagBag from /home/airflow/.local/lib/python3.11/site-packages/airflow/example_dags/tutorial_taskflow_api.py
[2024-03-03T08:14:28.115+0000] {processor.py:840} INFO - DAG(s) 'tutorial_taskflow_api' retrieved from /home/airflow/.local/lib/python3.11/site-packages/airflow/example_dags/tutorial_taskflow_api.py
[2024-03-03T08:14:28.133+0000] {logging_mixin.py:188} INFO - [2024-03-03T08:14:28.133+0000] {dag.py:3047} INFO - Sync 1 DAGs
[2024-03-03T08:14:28.146+0000] {logging_mixin.py:188} INFO - [2024-03-03T08:14:28.146+0000] {dag.py:3834} INFO - Setting next_dagrun for tutorial_taskflow_api to None, run_after=None
[2024-03-03T08:14:28.176+0000] {processor.py:183} INFO - Processing /home/airflow/.local/lib/python3.11/site-packages/airflow/example_dags/tutorial_taskflow_api.py took 0.075 seconds
[2024-03-03T08:14:58.675+0000] {processor.py:161} INFO - Started process (PID=626) to work on /home/airflow/.local/lib/python3.11/site-packages/airflow/example_dags/tutorial_taskflow_api.py
[2024-03-03T08:14:58.677+0000] {processor.py:830} INFO - Processing file /home/airflow/.local/lib/python3.11/site-packages/airflow/example_dags/tutorial_taskflow_api.py for tasks to queue
[2024-03-03T08:14:58.680+0000] {logging_mixin.py:188} INFO - [2024-03-03T08:14:58.679+0000] {dagbag.py:540} INFO - Filling up the DagBag from /home/airflow/.local/lib/python3.11/site-packages/airflow/example_dags/tutorial_taskflow_api.py
[2024-03-03T08:14:58.687+0000] {processor.py:840} INFO - DAG(s) 'tutorial_taskflow_api' retrieved from /home/airflow/.local/lib/python3.11/site-packages/airflow/example_dags/tutorial_taskflow_api.py
[2024-03-03T08:14:58.705+0000] {logging_mixin.py:188} INFO - [2024-03-03T08:14:58.705+0000] {dag.py:3047} INFO - Sync 1 DAGs
[2024-03-03T08:14:58.716+0000] {logging_mixin.py:188} INFO - [2024-03-03T08:14:58.716+0000] {dag.py:3834} INFO - Setting next_dagrun for tutorial_taskflow_api to None, run_after=None
[2024-03-03T08:14:58.732+0000] {processor.py:183} INFO - Processing /home/airflow/.local/lib/python3.11/site-packages/airflow/example_dags/tutorial_taskflow_api.py took 0.060 seconds
[2024-03-03T08:15:29.530+0000] {processor.py:161} INFO - Started process (PID=682) to work on /home/airflow/.local/lib/python3.11/site-packages/airflow/example_dags/tutorial_taskflow_api.py
[2024-03-03T08:15:29.530+0000] {processor.py:830} INFO - Processing file /home/airflow/.local/lib/python3.11/site-packages/airflow/example_dags/tutorial_taskflow_api.py for tasks to queue
[2024-03-03T08:15:29.533+0000] {logging_mixin.py:188} INFO - [2024-03-03T08:15:29.532+0000] {dagbag.py:540} INFO - Filling up the DagBag from /home/airflow/.local/lib/python3.11/site-packages/airflow/example_dags/tutorial_taskflow_api.py
[2024-03-03T08:15:29.539+0000] {processor.py:840} INFO - DAG(s) 'tutorial_taskflow_api' retrieved from /home/airflow/.local/lib/python3.11/site-packages/airflow/example_dags/tutorial_taskflow_api.py
[2024-03-03T08:15:29.556+0000] {logging_mixin.py:188} INFO - [2024-03-03T08:15:29.556+0000] {dag.py:3047} INFO - Sync 1 DAGs
[2024-03-03T08:15:29.569+0000] {logging_mixin.py:188} INFO - [2024-03-03T08:15:29.569+0000] {dag.py:3834} INFO - Setting next_dagrun for tutorial_taskflow_api to None, run_after=None
[2024-03-03T08:15:29.587+0000] {processor.py:183} INFO - Processing /home/airflow/.local/lib/python3.11/site-packages/airflow/example_dags/tutorial_taskflow_api.py took 0.061 seconds
[2024-03-03T08:16:00.484+0000] {processor.py:161} INFO - Started process (PID=738) to work on /home/airflow/.local/lib/python3.11/site-packages/airflow/example_dags/tutorial_taskflow_api.py
[2024-03-03T08:16:00.485+0000] {processor.py:830} INFO - Processing file /home/airflow/.local/lib/python3.11/site-packages/airflow/example_dags/tutorial_taskflow_api.py for tasks to queue
[2024-03-03T08:16:00.488+0000] {logging_mixin.py:188} INFO - [2024-03-03T08:16:00.487+0000] {dagbag.py:540} INFO - Filling up the DagBag from /home/airflow/.local/lib/python3.11/site-packages/airflow/example_dags/tutorial_taskflow_api.py
[2024-03-03T08:16:00.494+0000] {processor.py:840} INFO - DAG(s) 'tutorial_taskflow_api' retrieved from /home/airflow/.local/lib/python3.11/site-packages/airflow/example_dags/tutorial_taskflow_api.py
[2024-03-03T08:16:00.515+0000] {logging_mixin.py:188} INFO - [2024-03-03T08:16:00.515+0000] {dag.py:3047} INFO - Sync 1 DAGs
[2024-03-03T08:16:00.528+0000] {logging_mixin.py:188} INFO - [2024-03-03T08:16:00.528+0000] {dag.py:3834} INFO - Setting next_dagrun for tutorial_taskflow_api to None, run_after=None
[2024-03-03T08:16:00.547+0000] {processor.py:183} INFO - Processing /home/airflow/.local/lib/python3.11/site-packages/airflow/example_dags/tutorial_taskflow_api.py took 0.067 seconds
[2024-03-03T08:16:31.107+0000] {processor.py:161} INFO - Started process (PID=794) to work on /home/airflow/.local/lib/python3.11/site-packages/airflow/example_dags/tutorial_taskflow_api.py
[2024-03-03T08:16:31.108+0000] {processor.py:830} INFO - Processing file /home/airflow/.local/lib/python3.11/site-packages/airflow/example_dags/tutorial_taskflow_api.py for tasks to queue
[2024-03-03T08:16:31.111+0000] {logging_mixin.py:188} INFO - [2024-03-03T08:16:31.111+0000] {dagbag.py:540} INFO - Filling up the DagBag from /home/airflow/.local/lib/python3.11/site-packages/airflow/example_dags/tutorial_taskflow_api.py
[2024-03-03T08:16:31.122+0000] {processor.py:840} INFO - DAG(s) 'tutorial_taskflow_api' retrieved from /home/airflow/.local/lib/python3.11/site-packages/airflow/example_dags/tutorial_taskflow_api.py
[2024-03-03T08:16:31.156+0000] {logging_mixin.py:188} INFO - [2024-03-03T08:16:31.155+0000] {dag.py:3047} INFO - Sync 1 DAGs
[2024-03-03T08:16:31.178+0000] {logging_mixin.py:188} INFO - [2024-03-03T08:16:31.178+0000] {dag.py:3834} INFO - Setting next_dagrun for tutorial_taskflow_api to None, run_after=None
[2024-03-03T08:16:31.206+0000] {processor.py:183} INFO - Processing /home/airflow/.local/lib/python3.11/site-packages/airflow/example_dags/tutorial_taskflow_api.py took 0.103 seconds
[2024-03-03T08:17:01.771+0000] {processor.py:161} INFO - Started process (PID=850) to work on /home/airflow/.local/lib/python3.11/site-packages/airflow/example_dags/tutorial_taskflow_api.py
[2024-03-03T08:17:01.772+0000] {processor.py:830} INFO - Processing file /home/airflow/.local/lib/python3.11/site-packages/airflow/example_dags/tutorial_taskflow_api.py for tasks to queue
[2024-03-03T08:17:01.775+0000] {logging_mixin.py:188} INFO - [2024-03-03T08:17:01.775+0000] {dagbag.py:540} INFO - Filling up the DagBag from /home/airflow/.local/lib/python3.11/site-packages/airflow/example_dags/tutorial_taskflow_api.py
[2024-03-03T08:17:01.784+0000] {processor.py:840} INFO - DAG(s) 'tutorial_taskflow_api' retrieved from /home/airflow/.local/lib/python3.11/site-packages/airflow/example_dags/tutorial_taskflow_api.py
[2024-03-03T08:17:01.806+0000] {logging_mixin.py:188} INFO - [2024-03-03T08:17:01.806+0000] {dag.py:3047} INFO - Sync 1 DAGs
[2024-03-03T08:17:01.820+0000] {logging_mixin.py:188} INFO - [2024-03-03T08:17:01.820+0000] {dag.py:3834} INFO - Setting next_dagrun for tutorial_taskflow_api to None, run_after=None
[2024-03-03T08:17:01.839+0000] {processor.py:183} INFO - Processing /home/airflow/.local/lib/python3.11/site-packages/airflow/example_dags/tutorial_taskflow_api.py took 0.072 seconds
[2024-03-03T08:17:32.238+0000] {processor.py:161} INFO - Started process (PID=906) to work on /home/airflow/.local/lib/python3.11/site-packages/airflow/example_dags/tutorial_taskflow_api.py
[2024-03-03T08:17:32.239+0000] {processor.py:830} INFO - Processing file /home/airflow/.local/lib/python3.11/site-packages/airflow/example_dags/tutorial_taskflow_api.py for tasks to queue
[2024-03-03T08:17:32.242+0000] {logging_mixin.py:188} INFO - [2024-03-03T08:17:32.241+0000] {dagbag.py:540} INFO - Filling up the DagBag from /home/airflow/.local/lib/python3.11/site-packages/airflow/example_dags/tutorial_taskflow_api.py
[2024-03-03T08:17:32.248+0000] {processor.py:840} INFO - DAG(s) 'tutorial_taskflow_api' retrieved from /home/airflow/.local/lib/python3.11/site-packages/airflow/example_dags/tutorial_taskflow_api.py
[2024-03-03T08:17:32.267+0000] {logging_mixin.py:188} INFO - [2024-03-03T08:17:32.266+0000] {dag.py:3047} INFO - Sync 1 DAGs
[2024-03-03T08:17:32.279+0000] {logging_mixin.py:188} INFO - [2024-03-03T08:17:32.279+0000] {dag.py:3834} INFO - Setting next_dagrun for tutorial_taskflow_api to None, run_after=None
[2024-03-03T08:17:32.296+0000] {processor.py:183} INFO - Processing /home/airflow/.local/lib/python3.11/site-packages/airflow/example_dags/tutorial_taskflow_api.py took 0.061 seconds
[2024-03-03T08:18:02.674+0000] {processor.py:161} INFO - Started process (PID=961) to work on /home/airflow/.local/lib/python3.11/site-packages/airflow/example_dags/tutorial_taskflow_api.py
[2024-03-03T08:18:02.675+0000] {processor.py:830} INFO - Processing file /home/airflow/.local/lib/python3.11/site-packages/airflow/example_dags/tutorial_taskflow_api.py for tasks to queue
[2024-03-03T08:18:02.677+0000] {logging_mixin.py:188} INFO - [2024-03-03T08:18:02.676+0000] {dagbag.py:540} INFO - Filling up the DagBag from /home/airflow/.local/lib/python3.11/site-packages/airflow/example_dags/tutorial_taskflow_api.py
[2024-03-03T08:18:02.685+0000] {processor.py:840} INFO - DAG(s) 'tutorial_taskflow_api' retrieved from /home/airflow/.local/lib/python3.11/site-packages/airflow/example_dags/tutorial_taskflow_api.py
[2024-03-03T08:18:02.707+0000] {logging_mixin.py:188} INFO - [2024-03-03T08:18:02.706+0000] {dag.py:3047} INFO - Sync 1 DAGs
[2024-03-03T08:18:02.722+0000] {logging_mixin.py:188} INFO - [2024-03-03T08:18:02.722+0000] {dag.py:3834} INFO - Setting next_dagrun for tutorial_taskflow_api to None, run_after=None
[2024-03-03T08:18:02.739+0000] {processor.py:183} INFO - Processing /home/airflow/.local/lib/python3.11/site-packages/airflow/example_dags/tutorial_taskflow_api.py took 0.068 seconds
