[2024-03-03T08:09:52.184+0000] {processor.py:161} INFO - Started process (PID=68) to work on /home/airflow/.local/lib/python3.11/site-packages/airflow/example_dags/tutorial.py
[2024-03-03T08:09:52.185+0000] {processor.py:830} INFO - Processing file /home/airflow/.local/lib/python3.11/site-packages/airflow/example_dags/tutorial.py for tasks to queue
[2024-03-03T08:09:52.187+0000] {logging_mixin.py:188} INFO - [2024-03-03T08:09:52.187+0000] {dagbag.py:540} INFO - Filling up the DagBag from /home/airflow/.local/lib/python3.11/site-packages/airflow/example_dags/tutorial.py
[2024-03-03T08:09:52.195+0000] {processor.py:840} INFO - DAG(s) 'tutorial' retrieved from /home/airflow/.local/lib/python3.11/site-packages/airflow/example_dags/tutorial.py
[2024-03-03T08:09:52.302+0000] {logging_mixin.py:188} INFO - [2024-03-03T08:09:52.301+0000] {override.py:1769} INFO - Created Permission View: can edit on DAG:tutorial
[2024-03-03T08:09:52.310+0000] {logging_mixin.py:188} INFO - [2024-03-03T08:09:52.310+0000] {override.py:1769} INFO - Created Permission View: can read on DAG:tutorial
[2024-03-03T08:09:52.318+0000] {logging_mixin.py:188} INFO - [2024-03-03T08:09:52.317+0000] {override.py:1769} INFO - Created Permission View: can delete on DAG:tutorial
[2024-03-03T08:09:52.319+0000] {logging_mixin.py:188} INFO - [2024-03-03T08:09:52.318+0000] {dag.py:3047} INFO - Sync 1 DAGs
[2024-03-03T08:09:52.331+0000] {logging_mixin.py:188} INFO - [2024-03-03T08:09:52.330+0000] {dag.py:3069} INFO - Creating ORM DAG for tutorial
[2024-03-03T08:09:52.342+0000] {logging_mixin.py:188} INFO - [2024-03-03T08:09:52.342+0000] {dag.py:3834} INFO - Setting next_dagrun for tutorial to 2024-03-02 00:00:00+00:00, run_after=2024-03-03 00:00:00+00:00
[2024-03-03T08:09:52.358+0000] {processor.py:183} INFO - Processing /home/airflow/.local/lib/python3.11/site-packages/airflow/example_dags/tutorial.py took 0.178 seconds
[2024-03-03T08:10:22.958+0000] {processor.py:161} INFO - Started process (PID=123) to work on /home/airflow/.local/lib/python3.11/site-packages/airflow/example_dags/tutorial.py
[2024-03-03T08:10:22.959+0000] {processor.py:830} INFO - Processing file /home/airflow/.local/lib/python3.11/site-packages/airflow/example_dags/tutorial.py for tasks to queue
[2024-03-03T08:10:22.962+0000] {logging_mixin.py:188} INFO - [2024-03-03T08:10:22.961+0000] {dagbag.py:540} INFO - Filling up the DagBag from /home/airflow/.local/lib/python3.11/site-packages/airflow/example_dags/tutorial.py
[2024-03-03T08:10:22.968+0000] {processor.py:840} INFO - DAG(s) 'tutorial' retrieved from /home/airflow/.local/lib/python3.11/site-packages/airflow/example_dags/tutorial.py
[2024-03-03T08:10:22.989+0000] {logging_mixin.py:188} INFO - [2024-03-03T08:10:22.989+0000] {dag.py:3047} INFO - Sync 1 DAGs
[2024-03-03T08:10:23.014+0000] {logging_mixin.py:188} INFO - [2024-03-03T08:10:23.013+0000] {dag.py:3834} INFO - Setting next_dagrun for tutorial to 2024-03-02 00:00:00+00:00, run_after=2024-03-03 00:00:00+00:00
[2024-03-03T08:10:23.030+0000] {processor.py:183} INFO - Processing /home/airflow/.local/lib/python3.11/site-packages/airflow/example_dags/tutorial.py took 0.074 seconds
[2024-03-03T08:10:53.397+0000] {processor.py:161} INFO - Started process (PID=178) to work on /home/airflow/.local/lib/python3.11/site-packages/airflow/example_dags/tutorial.py
[2024-03-03T08:10:53.398+0000] {processor.py:830} INFO - Processing file /home/airflow/.local/lib/python3.11/site-packages/airflow/example_dags/tutorial.py for tasks to queue
[2024-03-03T08:10:53.400+0000] {logging_mixin.py:188} INFO - [2024-03-03T08:10:53.400+0000] {dagbag.py:540} INFO - Filling up the DagBag from /home/airflow/.local/lib/python3.11/site-packages/airflow/example_dags/tutorial.py
[2024-03-03T08:10:53.406+0000] {processor.py:840} INFO - DAG(s) 'tutorial' retrieved from /home/airflow/.local/lib/python3.11/site-packages/airflow/example_dags/tutorial.py
[2024-03-03T08:10:53.424+0000] {logging_mixin.py:188} INFO - [2024-03-03T08:10:53.423+0000] {dag.py:3047} INFO - Sync 1 DAGs
[2024-03-03T08:10:53.443+0000] {logging_mixin.py:188} INFO - [2024-03-03T08:10:53.443+0000] {dag.py:3834} INFO - Setting next_dagrun for tutorial to 2024-03-02 00:00:00+00:00, run_after=2024-03-03 00:00:00+00:00
[2024-03-03T08:10:53.461+0000] {processor.py:183} INFO - Processing /home/airflow/.local/lib/python3.11/site-packages/airflow/example_dags/tutorial.py took 0.068 seconds
[2024-03-03T08:11:24.044+0000] {processor.py:161} INFO - Started process (PID=233) to work on /home/airflow/.local/lib/python3.11/site-packages/airflow/example_dags/tutorial.py
[2024-03-03T08:11:24.045+0000] {processor.py:830} INFO - Processing file /home/airflow/.local/lib/python3.11/site-packages/airflow/example_dags/tutorial.py for tasks to queue
[2024-03-03T08:11:24.048+0000] {logging_mixin.py:188} INFO - [2024-03-03T08:11:24.047+0000] {dagbag.py:540} INFO - Filling up the DagBag from /home/airflow/.local/lib/python3.11/site-packages/airflow/example_dags/tutorial.py
[2024-03-03T08:11:24.054+0000] {processor.py:840} INFO - DAG(s) 'tutorial' retrieved from /home/airflow/.local/lib/python3.11/site-packages/airflow/example_dags/tutorial.py
[2024-03-03T08:11:24.076+0000] {logging_mixin.py:188} INFO - [2024-03-03T08:11:24.076+0000] {dag.py:3047} INFO - Sync 1 DAGs
[2024-03-03T08:11:24.100+0000] {logging_mixin.py:188} INFO - [2024-03-03T08:11:24.099+0000] {dag.py:3834} INFO - Setting next_dagrun for tutorial to 2024-03-02 00:00:00+00:00, run_after=2024-03-03 00:00:00+00:00
[2024-03-03T08:11:24.120+0000] {processor.py:183} INFO - Processing /home/airflow/.local/lib/python3.11/site-packages/airflow/example_dags/tutorial.py took 0.080 seconds
[2024-03-03T08:11:54.546+0000] {processor.py:161} INFO - Started process (PID=288) to work on /home/airflow/.local/lib/python3.11/site-packages/airflow/example_dags/tutorial.py
[2024-03-03T08:11:54.547+0000] {processor.py:830} INFO - Processing file /home/airflow/.local/lib/python3.11/site-packages/airflow/example_dags/tutorial.py for tasks to queue
[2024-03-03T08:11:54.549+0000] {logging_mixin.py:188} INFO - [2024-03-03T08:11:54.549+0000] {dagbag.py:540} INFO - Filling up the DagBag from /home/airflow/.local/lib/python3.11/site-packages/airflow/example_dags/tutorial.py
[2024-03-03T08:11:54.555+0000] {processor.py:840} INFO - DAG(s) 'tutorial' retrieved from /home/airflow/.local/lib/python3.11/site-packages/airflow/example_dags/tutorial.py
[2024-03-03T08:11:54.577+0000] {logging_mixin.py:188} INFO - [2024-03-03T08:11:54.576+0000] {dag.py:3047} INFO - Sync 1 DAGs
[2024-03-03T08:11:54.601+0000] {logging_mixin.py:188} INFO - [2024-03-03T08:11:54.601+0000] {dag.py:3834} INFO - Setting next_dagrun for tutorial to 2024-03-02 00:00:00+00:00, run_after=2024-03-03 00:00:00+00:00
[2024-03-03T08:11:54.620+0000] {processor.py:183} INFO - Processing /home/airflow/.local/lib/python3.11/site-packages/airflow/example_dags/tutorial.py took 0.077 seconds
[2024-03-03T08:12:25.136+0000] {processor.py:161} INFO - Started process (PID=343) to work on /home/airflow/.local/lib/python3.11/site-packages/airflow/example_dags/tutorial.py
[2024-03-03T08:12:25.137+0000] {processor.py:830} INFO - Processing file /home/airflow/.local/lib/python3.11/site-packages/airflow/example_dags/tutorial.py for tasks to queue
[2024-03-03T08:12:25.141+0000] {logging_mixin.py:188} INFO - [2024-03-03T08:12:25.140+0000] {dagbag.py:540} INFO - Filling up the DagBag from /home/airflow/.local/lib/python3.11/site-packages/airflow/example_dags/tutorial.py
[2024-03-03T08:12:25.148+0000] {processor.py:840} INFO - DAG(s) 'tutorial' retrieved from /home/airflow/.local/lib/python3.11/site-packages/airflow/example_dags/tutorial.py
[2024-03-03T08:12:25.166+0000] {logging_mixin.py:188} INFO - [2024-03-03T08:12:25.166+0000] {dag.py:3047} INFO - Sync 1 DAGs
[2024-03-03T08:12:25.189+0000] {logging_mixin.py:188} INFO - [2024-03-03T08:12:25.189+0000] {dag.py:3834} INFO - Setting next_dagrun for tutorial to 2024-03-02 00:00:00+00:00, run_after=2024-03-03 00:00:00+00:00
[2024-03-03T08:12:25.208+0000] {processor.py:183} INFO - Processing /home/airflow/.local/lib/python3.11/site-packages/airflow/example_dags/tutorial.py took 0.074 seconds
[2024-03-03T08:12:55.664+0000] {processor.py:161} INFO - Started process (PID=398) to work on /home/airflow/.local/lib/python3.11/site-packages/airflow/example_dags/tutorial.py
[2024-03-03T08:12:55.669+0000] {processor.py:830} INFO - Processing file /home/airflow/.local/lib/python3.11/site-packages/airflow/example_dags/tutorial.py for tasks to queue
[2024-03-03T08:12:55.672+0000] {logging_mixin.py:188} INFO - [2024-03-03T08:12:55.671+0000] {dagbag.py:540} INFO - Filling up the DagBag from /home/airflow/.local/lib/python3.11/site-packages/airflow/example_dags/tutorial.py
[2024-03-03T08:12:55.679+0000] {processor.py:840} INFO - DAG(s) 'tutorial' retrieved from /home/airflow/.local/lib/python3.11/site-packages/airflow/example_dags/tutorial.py
[2024-03-03T08:12:55.699+0000] {logging_mixin.py:188} INFO - [2024-03-03T08:12:55.699+0000] {dag.py:3047} INFO - Sync 1 DAGs
[2024-03-03T08:12:55.727+0000] {logging_mixin.py:188} INFO - [2024-03-03T08:12:55.727+0000] {dag.py:3834} INFO - Setting next_dagrun for tutorial to 2024-03-02 00:00:00+00:00, run_after=2024-03-03 00:00:00+00:00
[2024-03-03T08:12:55.747+0000] {processor.py:183} INFO - Processing /home/airflow/.local/lib/python3.11/site-packages/airflow/example_dags/tutorial.py took 0.086 seconds
[2024-03-03T08:13:26.216+0000] {processor.py:161} INFO - Started process (PID=453) to work on /home/airflow/.local/lib/python3.11/site-packages/airflow/example_dags/tutorial.py
[2024-03-03T08:13:26.217+0000] {processor.py:830} INFO - Processing file /home/airflow/.local/lib/python3.11/site-packages/airflow/example_dags/tutorial.py for tasks to queue
[2024-03-03T08:13:26.221+0000] {logging_mixin.py:188} INFO - [2024-03-03T08:13:26.220+0000] {dagbag.py:540} INFO - Filling up the DagBag from /home/airflow/.local/lib/python3.11/site-packages/airflow/example_dags/tutorial.py
[2024-03-03T08:13:26.231+0000] {processor.py:840} INFO - DAG(s) 'tutorial' retrieved from /home/airflow/.local/lib/python3.11/site-packages/airflow/example_dags/tutorial.py
[2024-03-03T08:13:26.256+0000] {logging_mixin.py:188} INFO - [2024-03-03T08:13:26.256+0000] {dag.py:3047} INFO - Sync 1 DAGs
[2024-03-03T08:13:26.287+0000] {logging_mixin.py:188} INFO - [2024-03-03T08:13:26.287+0000] {dag.py:3834} INFO - Setting next_dagrun for tutorial to 2024-03-02 00:00:00+00:00, run_after=2024-03-03 00:00:00+00:00
[2024-03-03T08:13:26.310+0000] {processor.py:183} INFO - Processing /home/airflow/.local/lib/python3.11/site-packages/airflow/example_dags/tutorial.py took 0.098 seconds
[2024-03-03T08:13:57.361+0000] {processor.py:161} INFO - Started process (PID=512) to work on /home/airflow/.local/lib/python3.11/site-packages/airflow/example_dags/tutorial.py
[2024-03-03T08:13:57.364+0000] {processor.py:830} INFO - Processing file /home/airflow/.local/lib/python3.11/site-packages/airflow/example_dags/tutorial.py for tasks to queue
[2024-03-03T08:13:57.393+0000] {logging_mixin.py:188} INFO - [2024-03-03T08:13:57.393+0000] {dagbag.py:540} INFO - Filling up the DagBag from /home/airflow/.local/lib/python3.11/site-packages/airflow/example_dags/tutorial.py
[2024-03-03T08:13:57.405+0000] {processor.py:840} INFO - DAG(s) 'tutorial' retrieved from /home/airflow/.local/lib/python3.11/site-packages/airflow/example_dags/tutorial.py
[2024-03-03T08:13:57.463+0000] {logging_mixin.py:188} INFO - [2024-03-03T08:13:57.462+0000] {dag.py:3047} INFO - Sync 1 DAGs
[2024-03-03T08:13:57.498+0000] {logging_mixin.py:188} INFO - [2024-03-03T08:13:57.498+0000] {dag.py:3834} INFO - Setting next_dagrun for tutorial to 2024-03-03 00:00:00+00:00, run_after=2024-03-04 00:00:00+00:00
[2024-03-03T08:13:57.527+0000] {processor.py:183} INFO - Processing /home/airflow/.local/lib/python3.11/site-packages/airflow/example_dags/tutorial.py took 0.171 seconds
[2024-03-03T08:14:28.139+0000] {processor.py:161} INFO - Started process (PID=571) to work on /home/airflow/.local/lib/python3.11/site-packages/airflow/example_dags/tutorial.py
[2024-03-03T08:14:28.140+0000] {processor.py:830} INFO - Processing file /home/airflow/.local/lib/python3.11/site-packages/airflow/example_dags/tutorial.py for tasks to queue
[2024-03-03T08:14:28.142+0000] {logging_mixin.py:188} INFO - [2024-03-03T08:14:28.142+0000] {dagbag.py:540} INFO - Filling up the DagBag from /home/airflow/.local/lib/python3.11/site-packages/airflow/example_dags/tutorial.py
[2024-03-03T08:14:28.149+0000] {processor.py:840} INFO - DAG(s) 'tutorial' retrieved from /home/airflow/.local/lib/python3.11/site-packages/airflow/example_dags/tutorial.py
[2024-03-03T08:14:28.174+0000] {logging_mixin.py:188} INFO - [2024-03-03T08:14:28.174+0000] {dag.py:3047} INFO - Sync 1 DAGs
[2024-03-03T08:14:28.204+0000] {logging_mixin.py:188} INFO - [2024-03-03T08:14:28.203+0000] {dag.py:3834} INFO - Setting next_dagrun for tutorial to 2024-03-03 00:00:00+00:00, run_after=2024-03-04 00:00:00+00:00
[2024-03-03T08:14:28.222+0000] {processor.py:183} INFO - Processing /home/airflow/.local/lib/python3.11/site-packages/airflow/example_dags/tutorial.py took 0.086 seconds
[2024-03-03T08:14:58.696+0000] {processor.py:161} INFO - Started process (PID=627) to work on /home/airflow/.local/lib/python3.11/site-packages/airflow/example_dags/tutorial.py
[2024-03-03T08:14:58.697+0000] {processor.py:830} INFO - Processing file /home/airflow/.local/lib/python3.11/site-packages/airflow/example_dags/tutorial.py for tasks to queue
[2024-03-03T08:14:58.699+0000] {logging_mixin.py:188} INFO - [2024-03-03T08:14:58.699+0000] {dagbag.py:540} INFO - Filling up the DagBag from /home/airflow/.local/lib/python3.11/site-packages/airflow/example_dags/tutorial.py
[2024-03-03T08:14:58.705+0000] {processor.py:840} INFO - DAG(s) 'tutorial' retrieved from /home/airflow/.local/lib/python3.11/site-packages/airflow/example_dags/tutorial.py
[2024-03-03T08:14:58.723+0000] {logging_mixin.py:188} INFO - [2024-03-03T08:14:58.723+0000] {dag.py:3047} INFO - Sync 1 DAGs
[2024-03-03T08:14:58.744+0000] {logging_mixin.py:188} INFO - [2024-03-03T08:14:58.744+0000] {dag.py:3834} INFO - Setting next_dagrun for tutorial to 2024-03-03 00:00:00+00:00, run_after=2024-03-04 00:00:00+00:00
[2024-03-03T08:14:58.764+0000] {processor.py:183} INFO - Processing /home/airflow/.local/lib/python3.11/site-packages/airflow/example_dags/tutorial.py took 0.070 seconds
[2024-03-03T08:15:29.561+0000] {processor.py:161} INFO - Started process (PID=683) to work on /home/airflow/.local/lib/python3.11/site-packages/airflow/example_dags/tutorial.py
[2024-03-03T08:15:29.562+0000] {processor.py:830} INFO - Processing file /home/airflow/.local/lib/python3.11/site-packages/airflow/example_dags/tutorial.py for tasks to queue
[2024-03-03T08:15:29.564+0000] {logging_mixin.py:188} INFO - [2024-03-03T08:15:29.564+0000] {dagbag.py:540} INFO - Filling up the DagBag from /home/airflow/.local/lib/python3.11/site-packages/airflow/example_dags/tutorial.py
[2024-03-03T08:15:29.570+0000] {processor.py:840} INFO - DAG(s) 'tutorial' retrieved from /home/airflow/.local/lib/python3.11/site-packages/airflow/example_dags/tutorial.py
[2024-03-03T08:15:29.587+0000] {logging_mixin.py:188} INFO - [2024-03-03T08:15:29.587+0000] {dag.py:3047} INFO - Sync 1 DAGs
[2024-03-03T08:15:29.608+0000] {logging_mixin.py:188} INFO - [2024-03-03T08:15:29.608+0000] {dag.py:3834} INFO - Setting next_dagrun for tutorial to 2024-03-03 00:00:00+00:00, run_after=2024-03-04 00:00:00+00:00
[2024-03-03T08:15:29.625+0000] {processor.py:183} INFO - Processing /home/airflow/.local/lib/python3.11/site-packages/airflow/example_dags/tutorial.py took 0.067 seconds
[2024-03-03T08:16:00.504+0000] {processor.py:161} INFO - Started process (PID=739) to work on /home/airflow/.local/lib/python3.11/site-packages/airflow/example_dags/tutorial.py
[2024-03-03T08:16:00.505+0000] {processor.py:830} INFO - Processing file /home/airflow/.local/lib/python3.11/site-packages/airflow/example_dags/tutorial.py for tasks to queue
[2024-03-03T08:16:00.507+0000] {logging_mixin.py:188} INFO - [2024-03-03T08:16:00.507+0000] {dagbag.py:540} INFO - Filling up the DagBag from /home/airflow/.local/lib/python3.11/site-packages/airflow/example_dags/tutorial.py
[2024-03-03T08:16:00.513+0000] {processor.py:840} INFO - DAG(s) 'tutorial' retrieved from /home/airflow/.local/lib/python3.11/site-packages/airflow/example_dags/tutorial.py
[2024-03-03T08:16:00.532+0000] {logging_mixin.py:188} INFO - [2024-03-03T08:16:00.532+0000] {dag.py:3047} INFO - Sync 1 DAGs
[2024-03-03T08:16:00.553+0000] {logging_mixin.py:188} INFO - [2024-03-03T08:16:00.553+0000] {dag.py:3834} INFO - Setting next_dagrun for tutorial to 2024-03-03 00:00:00+00:00, run_after=2024-03-04 00:00:00+00:00
[2024-03-03T08:16:00.570+0000] {processor.py:183} INFO - Processing /home/airflow/.local/lib/python3.11/site-packages/airflow/example_dags/tutorial.py took 0.069 seconds
[2024-03-03T08:16:31.147+0000] {processor.py:161} INFO - Started process (PID=795) to work on /home/airflow/.local/lib/python3.11/site-packages/airflow/example_dags/tutorial.py
[2024-03-03T08:16:31.148+0000] {processor.py:830} INFO - Processing file /home/airflow/.local/lib/python3.11/site-packages/airflow/example_dags/tutorial.py for tasks to queue
[2024-03-03T08:16:31.152+0000] {logging_mixin.py:188} INFO - [2024-03-03T08:16:31.151+0000] {dagbag.py:540} INFO - Filling up the DagBag from /home/airflow/.local/lib/python3.11/site-packages/airflow/example_dags/tutorial.py
[2024-03-03T08:16:31.160+0000] {processor.py:840} INFO - DAG(s) 'tutorial' retrieved from /home/airflow/.local/lib/python3.11/site-packages/airflow/example_dags/tutorial.py
[2024-03-03T08:16:31.198+0000] {logging_mixin.py:188} INFO - [2024-03-03T08:16:31.198+0000] {dag.py:3047} INFO - Sync 1 DAGs
[2024-03-03T08:16:31.229+0000] {logging_mixin.py:188} INFO - [2024-03-03T08:16:31.229+0000] {dag.py:3834} INFO - Setting next_dagrun for tutorial to 2024-03-03 00:00:00+00:00, run_after=2024-03-04 00:00:00+00:00
[2024-03-03T08:16:31.253+0000] {processor.py:183} INFO - Processing /home/airflow/.local/lib/python3.11/site-packages/airflow/example_dags/tutorial.py took 0.110 seconds
[2024-03-03T08:17:01.830+0000] {processor.py:161} INFO - Started process (PID=851) to work on /home/airflow/.local/lib/python3.11/site-packages/airflow/example_dags/tutorial.py
[2024-03-03T08:17:01.831+0000] {processor.py:830} INFO - Processing file /home/airflow/.local/lib/python3.11/site-packages/airflow/example_dags/tutorial.py for tasks to queue
[2024-03-03T08:17:01.833+0000] {logging_mixin.py:188} INFO - [2024-03-03T08:17:01.832+0000] {dagbag.py:540} INFO - Filling up the DagBag from /home/airflow/.local/lib/python3.11/site-packages/airflow/example_dags/tutorial.py
[2024-03-03T08:17:01.839+0000] {processor.py:840} INFO - DAG(s) 'tutorial' retrieved from /home/airflow/.local/lib/python3.11/site-packages/airflow/example_dags/tutorial.py
[2024-03-03T08:17:01.860+0000] {logging_mixin.py:188} INFO - [2024-03-03T08:17:01.859+0000] {dag.py:3047} INFO - Sync 1 DAGs
[2024-03-03T08:17:01.880+0000] {logging_mixin.py:188} INFO - [2024-03-03T08:17:01.880+0000] {dag.py:3834} INFO - Setting next_dagrun for tutorial to 2024-03-03 00:00:00+00:00, run_after=2024-03-04 00:00:00+00:00
[2024-03-03T08:17:01.900+0000] {processor.py:183} INFO - Processing /home/airflow/.local/lib/python3.11/site-packages/airflow/example_dags/tutorial.py took 0.073 seconds
[2024-03-03T08:17:32.261+0000] {processor.py:161} INFO - Started process (PID=907) to work on /home/airflow/.local/lib/python3.11/site-packages/airflow/example_dags/tutorial.py
[2024-03-03T08:17:32.263+0000] {processor.py:830} INFO - Processing file /home/airflow/.local/lib/python3.11/site-packages/airflow/example_dags/tutorial.py for tasks to queue
[2024-03-03T08:17:32.266+0000] {logging_mixin.py:188} INFO - [2024-03-03T08:17:32.265+0000] {dagbag.py:540} INFO - Filling up the DagBag from /home/airflow/.local/lib/python3.11/site-packages/airflow/example_dags/tutorial.py
[2024-03-03T08:17:32.272+0000] {processor.py:840} INFO - DAG(s) 'tutorial' retrieved from /home/airflow/.local/lib/python3.11/site-packages/airflow/example_dags/tutorial.py
[2024-03-03T08:17:32.290+0000] {logging_mixin.py:188} INFO - [2024-03-03T08:17:32.290+0000] {dag.py:3047} INFO - Sync 1 DAGs
[2024-03-03T08:17:32.312+0000] {logging_mixin.py:188} INFO - [2024-03-03T08:17:32.312+0000] {dag.py:3834} INFO - Setting next_dagrun for tutorial to 2024-03-03 00:00:00+00:00, run_after=2024-03-04 00:00:00+00:00
[2024-03-03T08:17:32.331+0000] {processor.py:183} INFO - Processing /home/airflow/.local/lib/python3.11/site-packages/airflow/example_dags/tutorial.py took 0.073 seconds
[2024-03-03T08:18:02.710+0000] {processor.py:161} INFO - Started process (PID=962) to work on /home/airflow/.local/lib/python3.11/site-packages/airflow/example_dags/tutorial.py
[2024-03-03T08:18:02.711+0000] {processor.py:830} INFO - Processing file /home/airflow/.local/lib/python3.11/site-packages/airflow/example_dags/tutorial.py for tasks to queue
[2024-03-03T08:18:02.712+0000] {logging_mixin.py:188} INFO - [2024-03-03T08:18:02.712+0000] {dagbag.py:540} INFO - Filling up the DagBag from /home/airflow/.local/lib/python3.11/site-packages/airflow/example_dags/tutorial.py
[2024-03-03T08:18:02.720+0000] {processor.py:840} INFO - DAG(s) 'tutorial' retrieved from /home/airflow/.local/lib/python3.11/site-packages/airflow/example_dags/tutorial.py
[2024-03-03T08:18:02.738+0000] {logging_mixin.py:188} INFO - [2024-03-03T08:18:02.738+0000] {dag.py:3047} INFO - Sync 1 DAGs
[2024-03-03T08:18:02.762+0000] {logging_mixin.py:188} INFO - [2024-03-03T08:18:02.762+0000] {dag.py:3834} INFO - Setting next_dagrun for tutorial to 2024-03-03 00:00:00+00:00, run_after=2024-03-04 00:00:00+00:00
[2024-03-03T08:18:02.779+0000] {processor.py:183} INFO - Processing /home/airflow/.local/lib/python3.11/site-packages/airflow/example_dags/tutorial.py took 0.073 seconds
