[2024-03-03T08:09:51.197+0000] {processor.py:161} INFO - Started process (PID=59) to work on /home/airflow/.local/lib/python3.11/site-packages/airflow/example_dags/tutorial_dag.py
[2024-03-03T08:09:51.198+0000] {processor.py:830} INFO - Processing file /home/airflow/.local/lib/python3.11/site-packages/airflow/example_dags/tutorial_dag.py for tasks to queue
[2024-03-03T08:09:51.200+0000] {logging_mixin.py:188} INFO - [2024-03-03T08:09:51.200+0000] {dagbag.py:540} INFO - Filling up the DagBag from /home/airflow/.local/lib/python3.11/site-packages/airflow/example_dags/tutorial_dag.py
[2024-03-03T08:09:51.207+0000] {processor.py:840} INFO - DAG(s) 'tutorial_dag' retrieved from /home/airflow/.local/lib/python3.11/site-packages/airflow/example_dags/tutorial_dag.py
[2024-03-03T08:09:51.323+0000] {logging_mixin.py:188} INFO - [2024-03-03T08:09:51.322+0000] {override.py:1769} INFO - Created Permission View: can edit on DAG:tutorial_dag
[2024-03-03T08:09:51.331+0000] {logging_mixin.py:188} INFO - [2024-03-03T08:09:51.331+0000] {override.py:1769} INFO - Created Permission View: can read on DAG:tutorial_dag
[2024-03-03T08:09:51.337+0000] {logging_mixin.py:188} INFO - [2024-03-03T08:09:51.337+0000] {override.py:1769} INFO - Created Permission View: can delete on DAG:tutorial_dag
[2024-03-03T08:09:51.338+0000] {logging_mixin.py:188} INFO - [2024-03-03T08:09:51.338+0000] {dag.py:3047} INFO - Sync 1 DAGs
[2024-03-03T08:09:51.351+0000] {logging_mixin.py:188} INFO - [2024-03-03T08:09:51.350+0000] {dag.py:3069} INFO - Creating ORM DAG for tutorial_dag
[2024-03-03T08:09:51.352+0000] {logging_mixin.py:188} INFO - [2024-03-03T08:09:51.351+0000] {dag.py:3834} INFO - Setting next_dagrun for tutorial_dag to None, run_after=None
[2024-03-03T08:09:51.369+0000] {processor.py:183} INFO - Processing /home/airflow/.local/lib/python3.11/site-packages/airflow/example_dags/tutorial_dag.py took 0.175 seconds
[2024-03-03T08:10:21.527+0000] {processor.py:161} INFO - Started process (PID=114) to work on /home/airflow/.local/lib/python3.11/site-packages/airflow/example_dags/tutorial_dag.py
[2024-03-03T08:10:21.528+0000] {processor.py:830} INFO - Processing file /home/airflow/.local/lib/python3.11/site-packages/airflow/example_dags/tutorial_dag.py for tasks to queue
[2024-03-03T08:10:21.531+0000] {logging_mixin.py:188} INFO - [2024-03-03T08:10:21.530+0000] {dagbag.py:540} INFO - Filling up the DagBag from /home/airflow/.local/lib/python3.11/site-packages/airflow/example_dags/tutorial_dag.py
[2024-03-03T08:10:21.537+0000] {processor.py:840} INFO - DAG(s) 'tutorial_dag' retrieved from /home/airflow/.local/lib/python3.11/site-packages/airflow/example_dags/tutorial_dag.py
[2024-03-03T08:10:21.553+0000] {logging_mixin.py:188} INFO - [2024-03-03T08:10:21.553+0000] {dag.py:3047} INFO - Sync 1 DAGs
[2024-03-03T08:10:21.568+0000] {logging_mixin.py:188} INFO - [2024-03-03T08:10:21.568+0000] {dag.py:3834} INFO - Setting next_dagrun for tutorial_dag to None, run_after=None
[2024-03-03T08:10:21.584+0000] {processor.py:183} INFO - Processing /home/airflow/.local/lib/python3.11/site-packages/airflow/example_dags/tutorial_dag.py took 0.061 seconds
[2024-03-03T08:10:51.953+0000] {processor.py:161} INFO - Started process (PID=168) to work on /home/airflow/.local/lib/python3.11/site-packages/airflow/example_dags/tutorial_dag.py
[2024-03-03T08:10:51.954+0000] {processor.py:830} INFO - Processing file /home/airflow/.local/lib/python3.11/site-packages/airflow/example_dags/tutorial_dag.py for tasks to queue
[2024-03-03T08:10:51.957+0000] {logging_mixin.py:188} INFO - [2024-03-03T08:10:51.957+0000] {dagbag.py:540} INFO - Filling up the DagBag from /home/airflow/.local/lib/python3.11/site-packages/airflow/example_dags/tutorial_dag.py
[2024-03-03T08:10:51.963+0000] {processor.py:840} INFO - DAG(s) 'tutorial_dag' retrieved from /home/airflow/.local/lib/python3.11/site-packages/airflow/example_dags/tutorial_dag.py
[2024-03-03T08:10:51.982+0000] {logging_mixin.py:188} INFO - [2024-03-03T08:10:51.982+0000] {dag.py:3047} INFO - Sync 1 DAGs
[2024-03-03T08:10:51.996+0000] {logging_mixin.py:188} INFO - [2024-03-03T08:10:51.996+0000] {dag.py:3834} INFO - Setting next_dagrun for tutorial_dag to None, run_after=None
[2024-03-03T08:10:52.013+0000] {processor.py:183} INFO - Processing /home/airflow/.local/lib/python3.11/site-packages/airflow/example_dags/tutorial_dag.py took 0.064 seconds
[2024-03-03T08:11:22.475+0000] {processor.py:161} INFO - Started process (PID=223) to work on /home/airflow/.local/lib/python3.11/site-packages/airflow/example_dags/tutorial_dag.py
[2024-03-03T08:11:22.476+0000] {processor.py:830} INFO - Processing file /home/airflow/.local/lib/python3.11/site-packages/airflow/example_dags/tutorial_dag.py for tasks to queue
[2024-03-03T08:11:22.478+0000] {logging_mixin.py:188} INFO - [2024-03-03T08:11:22.478+0000] {dagbag.py:540} INFO - Filling up the DagBag from /home/airflow/.local/lib/python3.11/site-packages/airflow/example_dags/tutorial_dag.py
[2024-03-03T08:11:22.484+0000] {processor.py:840} INFO - DAG(s) 'tutorial_dag' retrieved from /home/airflow/.local/lib/python3.11/site-packages/airflow/example_dags/tutorial_dag.py
[2024-03-03T08:11:22.502+0000] {logging_mixin.py:188} INFO - [2024-03-03T08:11:22.502+0000] {dag.py:3047} INFO - Sync 1 DAGs
[2024-03-03T08:11:22.514+0000] {logging_mixin.py:188} INFO - [2024-03-03T08:11:22.514+0000] {dag.py:3834} INFO - Setting next_dagrun for tutorial_dag to None, run_after=None
[2024-03-03T08:11:22.535+0000] {processor.py:183} INFO - Processing /home/airflow/.local/lib/python3.11/site-packages/airflow/example_dags/tutorial_dag.py took 0.065 seconds
[2024-03-03T08:11:53.137+0000] {processor.py:161} INFO - Started process (PID=279) to work on /home/airflow/.local/lib/python3.11/site-packages/airflow/example_dags/tutorial_dag.py
[2024-03-03T08:11:53.138+0000] {processor.py:830} INFO - Processing file /home/airflow/.local/lib/python3.11/site-packages/airflow/example_dags/tutorial_dag.py for tasks to queue
[2024-03-03T08:11:53.140+0000] {logging_mixin.py:188} INFO - [2024-03-03T08:11:53.139+0000] {dagbag.py:540} INFO - Filling up the DagBag from /home/airflow/.local/lib/python3.11/site-packages/airflow/example_dags/tutorial_dag.py
[2024-03-03T08:11:53.145+0000] {processor.py:840} INFO - DAG(s) 'tutorial_dag' retrieved from /home/airflow/.local/lib/python3.11/site-packages/airflow/example_dags/tutorial_dag.py
[2024-03-03T08:11:53.162+0000] {logging_mixin.py:188} INFO - [2024-03-03T08:11:53.162+0000] {dag.py:3047} INFO - Sync 1 DAGs
[2024-03-03T08:11:53.177+0000] {logging_mixin.py:188} INFO - [2024-03-03T08:11:53.177+0000] {dag.py:3834} INFO - Setting next_dagrun for tutorial_dag to None, run_after=None
[2024-03-03T08:11:53.194+0000] {processor.py:183} INFO - Processing /home/airflow/.local/lib/python3.11/site-packages/airflow/example_dags/tutorial_dag.py took 0.060 seconds
[2024-03-03T08:12:23.727+0000] {processor.py:161} INFO - Started process (PID=334) to work on /home/airflow/.local/lib/python3.11/site-packages/airflow/example_dags/tutorial_dag.py
[2024-03-03T08:12:23.728+0000] {processor.py:830} INFO - Processing file /home/airflow/.local/lib/python3.11/site-packages/airflow/example_dags/tutorial_dag.py for tasks to queue
[2024-03-03T08:12:23.731+0000] {logging_mixin.py:188} INFO - [2024-03-03T08:12:23.730+0000] {dagbag.py:540} INFO - Filling up the DagBag from /home/airflow/.local/lib/python3.11/site-packages/airflow/example_dags/tutorial_dag.py
[2024-03-03T08:12:23.737+0000] {processor.py:840} INFO - DAG(s) 'tutorial_dag' retrieved from /home/airflow/.local/lib/python3.11/site-packages/airflow/example_dags/tutorial_dag.py
[2024-03-03T08:12:23.757+0000] {logging_mixin.py:188} INFO - [2024-03-03T08:12:23.757+0000] {dag.py:3047} INFO - Sync 1 DAGs
[2024-03-03T08:12:23.769+0000] {logging_mixin.py:188} INFO - [2024-03-03T08:12:23.769+0000] {dag.py:3834} INFO - Setting next_dagrun for tutorial_dag to None, run_after=None
[2024-03-03T08:12:23.786+0000] {processor.py:183} INFO - Processing /home/airflow/.local/lib/python3.11/site-packages/airflow/example_dags/tutorial_dag.py took 0.062 seconds
[2024-03-03T08:12:54.261+0000] {processor.py:161} INFO - Started process (PID=389) to work on /home/airflow/.local/lib/python3.11/site-packages/airflow/example_dags/tutorial_dag.py
[2024-03-03T08:12:54.262+0000] {processor.py:830} INFO - Processing file /home/airflow/.local/lib/python3.11/site-packages/airflow/example_dags/tutorial_dag.py for tasks to queue
[2024-03-03T08:12:54.265+0000] {logging_mixin.py:188} INFO - [2024-03-03T08:12:54.264+0000] {dagbag.py:540} INFO - Filling up the DagBag from /home/airflow/.local/lib/python3.11/site-packages/airflow/example_dags/tutorial_dag.py
[2024-03-03T08:12:54.270+0000] {processor.py:840} INFO - DAG(s) 'tutorial_dag' retrieved from /home/airflow/.local/lib/python3.11/site-packages/airflow/example_dags/tutorial_dag.py
[2024-03-03T08:12:54.292+0000] {logging_mixin.py:188} INFO - [2024-03-03T08:12:54.292+0000] {dag.py:3047} INFO - Sync 1 DAGs
[2024-03-03T08:12:54.306+0000] {logging_mixin.py:188} INFO - [2024-03-03T08:12:54.306+0000] {dag.py:3834} INFO - Setting next_dagrun for tutorial_dag to None, run_after=None
[2024-03-03T08:12:54.326+0000] {processor.py:183} INFO - Processing /home/airflow/.local/lib/python3.11/site-packages/airflow/example_dags/tutorial_dag.py took 0.068 seconds
[2024-03-03T08:13:24.720+0000] {processor.py:161} INFO - Started process (PID=444) to work on /home/airflow/.local/lib/python3.11/site-packages/airflow/example_dags/tutorial_dag.py
[2024-03-03T08:13:24.721+0000] {processor.py:830} INFO - Processing file /home/airflow/.local/lib/python3.11/site-packages/airflow/example_dags/tutorial_dag.py for tasks to queue
[2024-03-03T08:13:24.724+0000] {logging_mixin.py:188} INFO - [2024-03-03T08:13:24.724+0000] {dagbag.py:540} INFO - Filling up the DagBag from /home/airflow/.local/lib/python3.11/site-packages/airflow/example_dags/tutorial_dag.py
[2024-03-03T08:13:24.729+0000] {processor.py:840} INFO - DAG(s) 'tutorial_dag' retrieved from /home/airflow/.local/lib/python3.11/site-packages/airflow/example_dags/tutorial_dag.py
[2024-03-03T08:13:24.748+0000] {logging_mixin.py:188} INFO - [2024-03-03T08:13:24.748+0000] {dag.py:3047} INFO - Sync 1 DAGs
[2024-03-03T08:13:24.762+0000] {logging_mixin.py:188} INFO - [2024-03-03T08:13:24.762+0000] {dag.py:3834} INFO - Setting next_dagrun for tutorial_dag to None, run_after=None
[2024-03-03T08:13:24.781+0000] {processor.py:183} INFO - Processing /home/airflow/.local/lib/python3.11/site-packages/airflow/example_dags/tutorial_dag.py took 0.064 seconds
[2024-03-03T08:13:55.523+0000] {processor.py:161} INFO - Started process (PID=499) to work on /home/airflow/.local/lib/python3.11/site-packages/airflow/example_dags/tutorial_dag.py
[2024-03-03T08:13:55.525+0000] {processor.py:830} INFO - Processing file /home/airflow/.local/lib/python3.11/site-packages/airflow/example_dags/tutorial_dag.py for tasks to queue
[2024-03-03T08:13:55.527+0000] {logging_mixin.py:188} INFO - [2024-03-03T08:13:55.527+0000] {dagbag.py:540} INFO - Filling up the DagBag from /home/airflow/.local/lib/python3.11/site-packages/airflow/example_dags/tutorial_dag.py
[2024-03-03T08:13:55.532+0000] {processor.py:840} INFO - DAG(s) 'tutorial_dag' retrieved from /home/airflow/.local/lib/python3.11/site-packages/airflow/example_dags/tutorial_dag.py
[2024-03-03T08:13:55.552+0000] {logging_mixin.py:188} INFO - [2024-03-03T08:13:55.552+0000] {dag.py:3047} INFO - Sync 1 DAGs
[2024-03-03T08:13:55.567+0000] {logging_mixin.py:188} INFO - [2024-03-03T08:13:55.567+0000] {dag.py:3834} INFO - Setting next_dagrun for tutorial_dag to None, run_after=None
[2024-03-03T08:13:55.586+0000] {processor.py:183} INFO - Processing /home/airflow/.local/lib/python3.11/site-packages/airflow/example_dags/tutorial_dag.py took 0.066 seconds
[2024-03-03T08:14:25.656+0000] {processor.py:161} INFO - Started process (PID=562) to work on /home/airflow/.local/lib/python3.11/site-packages/airflow/example_dags/tutorial_dag.py
[2024-03-03T08:14:25.657+0000] {processor.py:830} INFO - Processing file /home/airflow/.local/lib/python3.11/site-packages/airflow/example_dags/tutorial_dag.py for tasks to queue
[2024-03-03T08:14:25.660+0000] {logging_mixin.py:188} INFO - [2024-03-03T08:14:25.659+0000] {dagbag.py:540} INFO - Filling up the DagBag from /home/airflow/.local/lib/python3.11/site-packages/airflow/example_dags/tutorial_dag.py
[2024-03-03T08:14:25.667+0000] {processor.py:840} INFO - DAG(s) 'tutorial_dag' retrieved from /home/airflow/.local/lib/python3.11/site-packages/airflow/example_dags/tutorial_dag.py
[2024-03-03T08:14:25.691+0000] {logging_mixin.py:188} INFO - [2024-03-03T08:14:25.691+0000] {dag.py:3047} INFO - Sync 1 DAGs
[2024-03-03T08:14:25.708+0000] {logging_mixin.py:188} INFO - [2024-03-03T08:14:25.707+0000] {dag.py:3834} INFO - Setting next_dagrun for tutorial_dag to None, run_after=None
[2024-03-03T08:14:25.727+0000] {processor.py:183} INFO - Processing /home/airflow/.local/lib/python3.11/site-packages/airflow/example_dags/tutorial_dag.py took 0.075 seconds
[2024-03-03T08:14:56.302+0000] {processor.py:161} INFO - Started process (PID=618) to work on /home/airflow/.local/lib/python3.11/site-packages/airflow/example_dags/tutorial_dag.py
[2024-03-03T08:14:56.303+0000] {processor.py:830} INFO - Processing file /home/airflow/.local/lib/python3.11/site-packages/airflow/example_dags/tutorial_dag.py for tasks to queue
[2024-03-03T08:14:56.306+0000] {logging_mixin.py:188} INFO - [2024-03-03T08:14:56.305+0000] {dagbag.py:540} INFO - Filling up the DagBag from /home/airflow/.local/lib/python3.11/site-packages/airflow/example_dags/tutorial_dag.py
[2024-03-03T08:14:56.313+0000] {processor.py:840} INFO - DAG(s) 'tutorial_dag' retrieved from /home/airflow/.local/lib/python3.11/site-packages/airflow/example_dags/tutorial_dag.py
[2024-03-03T08:14:56.331+0000] {logging_mixin.py:188} INFO - [2024-03-03T08:14:56.331+0000] {dag.py:3047} INFO - Sync 1 DAGs
[2024-03-03T08:14:56.343+0000] {logging_mixin.py:188} INFO - [2024-03-03T08:14:56.343+0000] {dag.py:3834} INFO - Setting next_dagrun for tutorial_dag to None, run_after=None
[2024-03-03T08:14:56.359+0000] {processor.py:183} INFO - Processing /home/airflow/.local/lib/python3.11/site-packages/airflow/example_dags/tutorial_dag.py took 0.060 seconds
[2024-03-03T08:15:27.159+0000] {processor.py:161} INFO - Started process (PID=674) to work on /home/airflow/.local/lib/python3.11/site-packages/airflow/example_dags/tutorial_dag.py
[2024-03-03T08:15:27.159+0000] {processor.py:830} INFO - Processing file /home/airflow/.local/lib/python3.11/site-packages/airflow/example_dags/tutorial_dag.py for tasks to queue
[2024-03-03T08:15:27.162+0000] {logging_mixin.py:188} INFO - [2024-03-03T08:15:27.161+0000] {dagbag.py:540} INFO - Filling up the DagBag from /home/airflow/.local/lib/python3.11/site-packages/airflow/example_dags/tutorial_dag.py
[2024-03-03T08:15:27.167+0000] {processor.py:840} INFO - DAG(s) 'tutorial_dag' retrieved from /home/airflow/.local/lib/python3.11/site-packages/airflow/example_dags/tutorial_dag.py
[2024-03-03T08:15:27.187+0000] {logging_mixin.py:188} INFO - [2024-03-03T08:15:27.187+0000] {dag.py:3047} INFO - Sync 1 DAGs
[2024-03-03T08:15:27.199+0000] {logging_mixin.py:188} INFO - [2024-03-03T08:15:27.199+0000] {dag.py:3834} INFO - Setting next_dagrun for tutorial_dag to None, run_after=None
[2024-03-03T08:15:27.221+0000] {processor.py:183} INFO - Processing /home/airflow/.local/lib/python3.11/site-packages/airflow/example_dags/tutorial_dag.py took 0.066 seconds
[2024-03-03T08:15:58.022+0000] {processor.py:161} INFO - Started process (PID=730) to work on /home/airflow/.local/lib/python3.11/site-packages/airflow/example_dags/tutorial_dag.py
[2024-03-03T08:15:58.023+0000] {processor.py:830} INFO - Processing file /home/airflow/.local/lib/python3.11/site-packages/airflow/example_dags/tutorial_dag.py for tasks to queue
[2024-03-03T08:15:58.026+0000] {logging_mixin.py:188} INFO - [2024-03-03T08:15:58.025+0000] {dagbag.py:540} INFO - Filling up the DagBag from /home/airflow/.local/lib/python3.11/site-packages/airflow/example_dags/tutorial_dag.py
[2024-03-03T08:15:58.033+0000] {processor.py:840} INFO - DAG(s) 'tutorial_dag' retrieved from /home/airflow/.local/lib/python3.11/site-packages/airflow/example_dags/tutorial_dag.py
[2024-03-03T08:15:58.056+0000] {logging_mixin.py:188} INFO - [2024-03-03T08:15:58.055+0000] {dag.py:3047} INFO - Sync 1 DAGs
[2024-03-03T08:15:58.072+0000] {logging_mixin.py:188} INFO - [2024-03-03T08:15:58.072+0000] {dag.py:3834} INFO - Setting next_dagrun for tutorial_dag to None, run_after=None
[2024-03-03T08:15:58.096+0000] {processor.py:183} INFO - Processing /home/airflow/.local/lib/python3.11/site-packages/airflow/example_dags/tutorial_dag.py took 0.078 seconds
[2024-03-03T08:16:28.557+0000] {processor.py:161} INFO - Started process (PID=786) to work on /home/airflow/.local/lib/python3.11/site-packages/airflow/example_dags/tutorial_dag.py
[2024-03-03T08:16:28.558+0000] {processor.py:830} INFO - Processing file /home/airflow/.local/lib/python3.11/site-packages/airflow/example_dags/tutorial_dag.py for tasks to queue
[2024-03-03T08:16:28.560+0000] {logging_mixin.py:188} INFO - [2024-03-03T08:16:28.559+0000] {dagbag.py:540} INFO - Filling up the DagBag from /home/airflow/.local/lib/python3.11/site-packages/airflow/example_dags/tutorial_dag.py
[2024-03-03T08:16:28.569+0000] {processor.py:840} INFO - DAG(s) 'tutorial_dag' retrieved from /home/airflow/.local/lib/python3.11/site-packages/airflow/example_dags/tutorial_dag.py
[2024-03-03T08:16:28.593+0000] {logging_mixin.py:188} INFO - [2024-03-03T08:16:28.593+0000] {dag.py:3047} INFO - Sync 1 DAGs
[2024-03-03T08:16:28.614+0000] {logging_mixin.py:188} INFO - [2024-03-03T08:16:28.614+0000] {dag.py:3834} INFO - Setting next_dagrun for tutorial_dag to None, run_after=None
[2024-03-03T08:16:28.634+0000] {processor.py:183} INFO - Processing /home/airflow/.local/lib/python3.11/site-packages/airflow/example_dags/tutorial_dag.py took 0.081 seconds
[2024-03-03T08:16:59.338+0000] {processor.py:161} INFO - Started process (PID=842) to work on /home/airflow/.local/lib/python3.11/site-packages/airflow/example_dags/tutorial_dag.py
[2024-03-03T08:16:59.339+0000] {processor.py:830} INFO - Processing file /home/airflow/.local/lib/python3.11/site-packages/airflow/example_dags/tutorial_dag.py for tasks to queue
[2024-03-03T08:16:59.341+0000] {logging_mixin.py:188} INFO - [2024-03-03T08:16:59.341+0000] {dagbag.py:540} INFO - Filling up the DagBag from /home/airflow/.local/lib/python3.11/site-packages/airflow/example_dags/tutorial_dag.py
[2024-03-03T08:16:59.346+0000] {processor.py:840} INFO - DAG(s) 'tutorial_dag' retrieved from /home/airflow/.local/lib/python3.11/site-packages/airflow/example_dags/tutorial_dag.py
[2024-03-03T08:16:59.365+0000] {logging_mixin.py:188} INFO - [2024-03-03T08:16:59.365+0000] {dag.py:3047} INFO - Sync 1 DAGs
[2024-03-03T08:16:59.378+0000] {logging_mixin.py:188} INFO - [2024-03-03T08:16:59.378+0000] {dag.py:3834} INFO - Setting next_dagrun for tutorial_dag to None, run_after=None
[2024-03-03T08:16:59.398+0000] {processor.py:183} INFO - Processing /home/airflow/.local/lib/python3.11/site-packages/airflow/example_dags/tutorial_dag.py took 0.063 seconds
[2024-03-03T08:17:29.857+0000] {processor.py:161} INFO - Started process (PID=898) to work on /home/airflow/.local/lib/python3.11/site-packages/airflow/example_dags/tutorial_dag.py
[2024-03-03T08:17:29.858+0000] {processor.py:830} INFO - Processing file /home/airflow/.local/lib/python3.11/site-packages/airflow/example_dags/tutorial_dag.py for tasks to queue
[2024-03-03T08:17:29.860+0000] {logging_mixin.py:188} INFO - [2024-03-03T08:17:29.860+0000] {dagbag.py:540} INFO - Filling up the DagBag from /home/airflow/.local/lib/python3.11/site-packages/airflow/example_dags/tutorial_dag.py
[2024-03-03T08:17:29.867+0000] {processor.py:840} INFO - DAG(s) 'tutorial_dag' retrieved from /home/airflow/.local/lib/python3.11/site-packages/airflow/example_dags/tutorial_dag.py
[2024-03-03T08:17:29.886+0000] {logging_mixin.py:188} INFO - [2024-03-03T08:17:29.886+0000] {dag.py:3047} INFO - Sync 1 DAGs
[2024-03-03T08:17:29.899+0000] {logging_mixin.py:188} INFO - [2024-03-03T08:17:29.898+0000] {dag.py:3834} INFO - Setting next_dagrun for tutorial_dag to None, run_after=None
[2024-03-03T08:17:29.917+0000] {processor.py:183} INFO - Processing /home/airflow/.local/lib/python3.11/site-packages/airflow/example_dags/tutorial_dag.py took 0.064 seconds
[2024-03-03T08:18:00.283+0000] {processor.py:161} INFO - Started process (PID=953) to work on /home/airflow/.local/lib/python3.11/site-packages/airflow/example_dags/tutorial_dag.py
[2024-03-03T08:18:00.284+0000] {processor.py:830} INFO - Processing file /home/airflow/.local/lib/python3.11/site-packages/airflow/example_dags/tutorial_dag.py for tasks to queue
[2024-03-03T08:18:00.285+0000] {logging_mixin.py:188} INFO - [2024-03-03T08:18:00.285+0000] {dagbag.py:540} INFO - Filling up the DagBag from /home/airflow/.local/lib/python3.11/site-packages/airflow/example_dags/tutorial_dag.py
[2024-03-03T08:18:00.292+0000] {processor.py:840} INFO - DAG(s) 'tutorial_dag' retrieved from /home/airflow/.local/lib/python3.11/site-packages/airflow/example_dags/tutorial_dag.py
[2024-03-03T08:18:00.312+0000] {logging_mixin.py:188} INFO - [2024-03-03T08:18:00.312+0000] {dag.py:3047} INFO - Sync 1 DAGs
[2024-03-03T08:18:00.328+0000] {logging_mixin.py:188} INFO - [2024-03-03T08:18:00.327+0000] {dag.py:3834} INFO - Setting next_dagrun for tutorial_dag to None, run_after=None
[2024-03-03T08:18:00.343+0000] {processor.py:183} INFO - Processing /home/airflow/.local/lib/python3.11/site-packages/airflow/example_dags/tutorial_dag.py took 0.064 seconds
