[2024-03-30T16:19:32.841+0000] {taskinstance.py:1979} INFO - Dependencies all met for dep_context=non-requeueable deps ti=<TaskInstance: study_case_etl_all_pipeline.fetch_data_task_id manual__2024-03-30T16:19:30.888515+00:00 [queued]>
[2024-03-30T16:19:32.850+0000] {taskinstance.py:1979} INFO - Dependencies all met for dep_context=requeueable deps ti=<TaskInstance: study_case_etl_all_pipeline.fetch_data_task_id manual__2024-03-30T16:19:30.888515+00:00 [queued]>
[2024-03-30T16:19:32.850+0000] {taskinstance.py:2193} INFO - Starting attempt 1 of 2
[2024-03-30T16:19:32.861+0000] {taskinstance.py:2214} INFO - Executing <Task(PythonOperator): fetch_data_task_id> on 2024-03-30 16:19:30.888515+00:00
[2024-03-30T16:19:32.869+0000] {standard_task_runner.py:60} INFO - Started process 7171 to run task
[2024-03-30T16:19:32.872+0000] {standard_task_runner.py:87} INFO - Running: ['***', 'tasks', 'run', 'study_case_etl_all_pipeline', 'fetch_data_task_id', 'manual__2024-03-30T16:19:30.888515+00:00', '--job-id', '66', '--raw', '--subdir', 'DAGS_FOLDER/running_dbt_core/study_case_etl_all_pipeline.py', '--cfg-path', '/tmp/tmpzu94kchf']
[2024-03-30T16:19:32.875+0000] {standard_task_runner.py:88} INFO - Job 66: Subtask fetch_data_task_id
[2024-03-30T16:19:32.919+0000] {task_command.py:423} INFO - Running <TaskInstance: study_case_etl_all_pipeline.fetch_data_task_id manual__2024-03-30T16:19:30.888515+00:00 [running]> on host 8e1e687a7cdb
[2024-03-30T16:19:32.984+0000] {taskinstance.py:2510} INFO - Exporting env vars: AIRFLOW_CTX_DAG_OWNER='Agus mahari' AIRFLOW_CTX_DAG_ID='study_case_etl_all_pipeline' AIRFLOW_CTX_TASK_ID='fetch_data_task_id' AIRFLOW_CTX_EXECUTION_DATE='2024-03-30T16:19:30.888515+00:00' AIRFLOW_CTX_TRY_NUMBER='1' AIRFLOW_CTX_DAG_RUN_ID='manual__2024-03-30T16:19:30.888515+00:00'
[2024-03-30T16:19:35.709+0000] {logging_mixin.py:188} INFO - 2024-03-30 16:19:35,709 INFO sqlalchemy.engine.Engine SELECT DATABASE()
[2024-03-30T16:19:35.709+0000] {base.py:1863} INFO - SELECT DATABASE()
[2024-03-30T16:19:35.710+0000] {logging_mixin.py:188} INFO - 2024-03-30 16:19:35,710 INFO sqlalchemy.engine.Engine [raw sql] {}
[2024-03-30T16:19:35.710+0000] {base.py:1868} INFO - [raw sql] {}
[2024-03-30T16:19:36.765+0000] {logging_mixin.py:188} INFO - 2024-03-30 16:19:36,765 INFO sqlalchemy.engine.Engine SELECT @@sql_mode
[2024-03-30T16:19:36.765+0000] {base.py:1863} INFO - SELECT @@sql_mode
[2024-03-30T16:19:36.766+0000] {logging_mixin.py:188} INFO - 2024-03-30 16:19:36,766 INFO sqlalchemy.engine.Engine [raw sql] {}
[2024-03-30T16:19:36.766+0000] {base.py:1868} INFO - [raw sql] {}
[2024-03-30T16:19:37.272+0000] {logging_mixin.py:188} INFO - 2024-03-30 16:19:37,271 INFO sqlalchemy.engine.Engine SELECT @@lower_case_table_names
[2024-03-30T16:19:37.271+0000] {base.py:1863} INFO - SELECT @@lower_case_table_names
[2024-03-30T16:19:37.276+0000] {logging_mixin.py:188} INFO - 2024-03-30 16:19:37,275 INFO sqlalchemy.engine.Engine [raw sql] {}
[2024-03-30T16:19:37.275+0000] {base.py:1868} INFO - [raw sql] {}
[2024-03-30T16:19:37.961+0000] {logging_mixin.py:188} INFO - 2024-03-30 16:19:37,961 INFO sqlalchemy.engine.Engine 
  SELECT 
    *
FROM databasename.raw_credit_card
[2024-03-30T16:19:37.961+0000] {base.py:1863} INFO - 
  SELECT 
    *
FROM databasename.raw_credit_card
[2024-03-30T16:19:37.962+0000] {logging_mixin.py:188} INFO - 2024-03-30 16:19:37,962 INFO sqlalchemy.engine.Engine [raw sql] {}
[2024-03-30T16:19:37.962+0000] {base.py:1868} INFO - [raw sql] {}
[2024-03-30T16:20:01.165+0000] {logging_mixin.py:188} INFO - File already exists.
[2024-03-30T16:20:01.190+0000] {python.py:202} INFO - Done. Returned value was: /opt/***/data/fetch_data_task_id_2024-03-30.csv
[2024-03-30T16:20:01.207+0000] {taskinstance.py:1149} INFO - Marking task as SUCCESS. dag_id=study_case_etl_all_pipeline, task_id=fetch_data_task_id, execution_date=20240330T161930, start_date=20240330T161932, end_date=20240330T162001
[2024-03-30T16:20:01.231+0000] {local_task_job_runner.py:234} INFO - Task exited with return code 0
[2024-03-30T16:20:01.254+0000] {taskinstance.py:3309} INFO - 1 downstream tasks scheduled from follow-on schedule check
