[2024-03-16T06:12:55.342+0000] {taskinstance.py:1979} INFO - Dependencies all met for dep_context=non-requeueable deps ti=<TaskInstance: study_case_1.fetch_data_task scheduled__2024-03-15T11:00:00+00:00 [queued]>
[2024-03-16T06:12:55.359+0000] {taskinstance.py:1979} INFO - Dependencies all met for dep_context=requeueable deps ti=<TaskInstance: study_case_1.fetch_data_task scheduled__2024-03-15T11:00:00+00:00 [queued]>
[2024-03-16T06:12:55.359+0000] {taskinstance.py:2193} INFO - Starting attempt 2 of 2
[2024-03-16T06:12:55.375+0000] {taskinstance.py:2214} INFO - Executing <Task(PythonOperator): fetch_data_task> on 2024-03-15 11:00:00+00:00
[2024-03-16T06:12:55.384+0000] {standard_task_runner.py:60} INFO - Started process 474 to run task
[2024-03-16T06:12:55.393+0000] {standard_task_runner.py:87} INFO - Running: ['***', 'tasks', 'run', 'study_case_1', 'fetch_data_task', 'scheduled__2024-03-15T11:00:00+00:00', '--job-id', '563', '--raw', '--subdir', 'DAGS_FOLDER/pintro_aplikasi_education/study_case1.py', '--cfg-path', '/tmp/tmpb7zugnsg']
[2024-03-16T06:12:55.400+0000] {standard_task_runner.py:88} INFO - Job 563: Subtask fetch_data_task
[2024-03-16T06:12:55.476+0000] {task_command.py:423} INFO - Running <TaskInstance: study_case_1.fetch_data_task scheduled__2024-03-15T11:00:00+00:00 [running]> on host 72d5c878da28
[2024-03-16T06:12:55.576+0000] {taskinstance.py:2510} INFO - Exporting env vars: AIRFLOW_CTX_DAG_OWNER='Agus mahari' AIRFLOW_CTX_DAG_ID='study_case_1' AIRFLOW_CTX_TASK_ID='fetch_data_task' AIRFLOW_CTX_EXECUTION_DATE='2024-03-15T11:00:00+00:00' AIRFLOW_CTX_TRY_NUMBER='2' AIRFLOW_CTX_DAG_RUN_ID='scheduled__2024-03-15T11:00:00+00:00'
[2024-03-16T06:12:55.577+0000] {warnings.py:109} WARNING - /home/***/.local/lib/python3.8/site-packages/***/utils/context.py:315: AirflowContextDeprecationWarning: Accessing 'execution_date' from the template is deprecated and will be removed in a future version. Please use 'data_interval_start' or 'logical_date' instead.
  warnings.warn(_create_deprecation_warning(k, replacements))

[2024-03-16T06:12:58.226+0000] {logging_mixin.py:188} INFO - 2024-03-16 06:12:58,225 INFO sqlalchemy.engine.Engine SELECT DATABASE()
[2024-03-16T06:12:58.225+0000] {base.py:1863} INFO - SELECT DATABASE()
[2024-03-16T06:12:58.226+0000] {logging_mixin.py:188} INFO - 2024-03-16 06:12:58,226 INFO sqlalchemy.engine.Engine [raw sql] {}
[2024-03-16T06:12:58.226+0000] {base.py:1868} INFO - [raw sql] {}
[2024-03-16T06:12:59.144+0000] {logging_mixin.py:188} INFO - 2024-03-16 06:12:59,143 INFO sqlalchemy.engine.Engine SELECT @@sql_mode
[2024-03-16T06:12:59.143+0000] {base.py:1863} INFO - SELECT @@sql_mode
[2024-03-16T06:12:59.144+0000] {logging_mixin.py:188} INFO - 2024-03-16 06:12:59,144 INFO sqlalchemy.engine.Engine [raw sql] {}
[2024-03-16T06:12:59.144+0000] {base.py:1868} INFO - [raw sql] {}
[2024-03-16T06:12:59.606+0000] {logging_mixin.py:188} INFO - 2024-03-16 06:12:59,605 INFO sqlalchemy.engine.Engine SELECT @@lower_case_table_names
[2024-03-16T06:12:59.605+0000] {base.py:1863} INFO - SELECT @@lower_case_table_names
[2024-03-16T06:12:59.609+0000] {logging_mixin.py:188} INFO - 2024-03-16 06:12:59,608 INFO sqlalchemy.engine.Engine [raw sql] {}
[2024-03-16T06:12:59.608+0000] {base.py:1868} INFO - [raw sql] {}
[2024-03-16T06:13:00.372+0000] {logging_mixin.py:188} INFO - 2024-03-16 06:13:00,371 INFO sqlalchemy.engine.Engine 


   SELECT 
    *, 
    CONVERT_TZ(NOW(), 'UTC', '+07:00') as execution_at
FROM test.user
WHERE updated_at BETWEEN NOW() - INTERVAL 7 MINUTE AND NOW()
[2024-03-16T06:13:00.371+0000] {base.py:1863} INFO - 


   SELECT 
    *, 
    CONVERT_TZ(NOW(), 'UTC', '+07:00') as execution_at
FROM test.user
WHERE updated_at BETWEEN NOW() - INTERVAL 7 MINUTE AND NOW()
[2024-03-16T06:13:00.372+0000] {logging_mixin.py:188} INFO - 2024-03-16 06:13:00,372 INFO sqlalchemy.engine.Engine [raw sql] {}
[2024-03-16T06:13:00.372+0000] {base.py:1868} INFO - [raw sql] {}
[2024-03-16T06:13:00.905+0000] {python.py:202} INFO - Done. Returned value was: None
[2024-03-16T06:13:00.914+0000] {taskinstance.py:1149} INFO - Marking task as SUCCESS. dag_id=study_case_1, task_id=fetch_data_task, execution_date=20240315T110000, start_date=20240316T061255, end_date=20240316T061300
[2024-03-16T06:13:00.973+0000] {local_task_job_runner.py:234} INFO - Task exited with return code 0
[2024-03-16T06:13:01.004+0000] {taskinstance.py:3309} INFO - 1 downstream tasks scheduled from follow-on schedule check
