[2024-03-17T05:20:53.263+0000] {taskinstance.py:1979} INFO - Dependencies all met for dep_context=non-requeueable deps ti=<TaskInstance: study_case_etl_cloud_storage_dua.fetch_data_task_id manual__2024-03-17T05:20:51.599969+00:00 [queued]>
[2024-03-17T05:20:53.271+0000] {taskinstance.py:1979} INFO - Dependencies all met for dep_context=requeueable deps ti=<TaskInstance: study_case_etl_cloud_storage_dua.fetch_data_task_id manual__2024-03-17T05:20:51.599969+00:00 [queued]>
[2024-03-17T05:20:53.271+0000] {taskinstance.py:2193} INFO - Starting attempt 1 of 2
[2024-03-17T05:20:53.283+0000] {taskinstance.py:2214} INFO - Executing <Task(PythonOperator): fetch_data_task_id> on 2024-03-17 05:20:51.599969+00:00
[2024-03-17T05:20:53.288+0000] {standard_task_runner.py:60} INFO - Started process 5182 to run task
[2024-03-17T05:20:53.292+0000] {standard_task_runner.py:87} INFO - Running: ['***', 'tasks', 'run', 'study_case_etl_cloud_storage_dua', 'fetch_data_task_id', 'manual__2024-03-17T05:20:51.599969+00:00', '--job-id', '932', '--raw', '--subdir', 'DAGS_FOLDER/etl_day_bigquery/study_case_etl_cloud_storage_dua.py', '--cfg-path', '/tmp/tmpjfzd5mst']
[2024-03-17T05:20:53.294+0000] {standard_task_runner.py:88} INFO - Job 932: Subtask fetch_data_task_id
[2024-03-17T05:20:53.331+0000] {task_command.py:423} INFO - Running <TaskInstance: study_case_etl_cloud_storage_dua.fetch_data_task_id manual__2024-03-17T05:20:51.599969+00:00 [running]> on host 1d5b76b26ba5
[2024-03-17T05:20:53.399+0000] {taskinstance.py:2510} INFO - Exporting env vars: AIRFLOW_CTX_DAG_OWNER='Agus mahari' AIRFLOW_CTX_DAG_ID='study_case_etl_cloud_storage_dua' AIRFLOW_CTX_TASK_ID='fetch_data_task_id' AIRFLOW_CTX_EXECUTION_DATE='2024-03-17T05:20:51.599969+00:00' AIRFLOW_CTX_TRY_NUMBER='1' AIRFLOW_CTX_DAG_RUN_ID='manual__2024-03-17T05:20:51.599969+00:00'
[2024-03-17T05:20:55.953+0000] {logging_mixin.py:188} INFO - 2024-03-17 05:20:55,953 INFO sqlalchemy.engine.Engine SELECT DATABASE()
[2024-03-17T05:20:55.953+0000] {base.py:1863} INFO - SELECT DATABASE()
[2024-03-17T05:20:55.954+0000] {logging_mixin.py:188} INFO - 2024-03-17 05:20:55,954 INFO sqlalchemy.engine.Engine [raw sql] {}
[2024-03-17T05:20:55.954+0000] {base.py:1868} INFO - [raw sql] {}
[2024-03-17T05:20:56.876+0000] {logging_mixin.py:188} INFO - 2024-03-17 05:20:56,876 INFO sqlalchemy.engine.Engine SELECT @@sql_mode
[2024-03-17T05:20:56.876+0000] {base.py:1863} INFO - SELECT @@sql_mode
[2024-03-17T05:20:56.877+0000] {logging_mixin.py:188} INFO - 2024-03-17 05:20:56,877 INFO sqlalchemy.engine.Engine [raw sql] {}
[2024-03-17T05:20:56.877+0000] {base.py:1868} INFO - [raw sql] {}
[2024-03-17T05:20:57.324+0000] {logging_mixin.py:188} INFO - 2024-03-17 05:20:57,323 INFO sqlalchemy.engine.Engine SELECT @@lower_case_table_names
[2024-03-17T05:20:57.323+0000] {base.py:1863} INFO - SELECT @@lower_case_table_names
[2024-03-17T05:20:57.324+0000] {logging_mixin.py:188} INFO - 2024-03-17 05:20:57,324 INFO sqlalchemy.engine.Engine [raw sql] {}
[2024-03-17T05:20:57.324+0000] {base.py:1868} INFO - [raw sql] {}
[2024-03-17T05:20:57.995+0000] {logging_mixin.py:188} INFO - 2024-03-17 05:20:57,995 INFO sqlalchemy.engine.Engine 
  SELECT 
    *
FROM databasename.mytable
[2024-03-17T05:20:57.995+0000] {base.py:1863} INFO - 
  SELECT 
    *
FROM databasename.mytable
[2024-03-17T05:20:57.996+0000] {logging_mixin.py:188} INFO - 2024-03-17 05:20:57,996 INFO sqlalchemy.engine.Engine [raw sql] {}
[2024-03-17T05:20:57.996+0000] {base.py:1868} INFO - [raw sql] {}
[2024-03-17T05:20:58.442+0000] {python.py:202} INFO - Done. Returned value was: /opt/***/data/fetch_data_task_id_2024-03-17.csv
[2024-03-17T05:20:58.459+0000] {taskinstance.py:1149} INFO - Marking task as SUCCESS. dag_id=study_case_etl_cloud_storage_dua, task_id=fetch_data_task_id, execution_date=20240317T052051, start_date=20240317T052053, end_date=20240317T052058
[2024-03-17T05:20:58.506+0000] {local_task_job_runner.py:234} INFO - Task exited with return code 0
[2024-03-17T05:20:58.526+0000] {taskinstance.py:3309} INFO - 1 downstream tasks scheduled from follow-on schedule check
