[2024-03-16T06:06:32.395+0000] {taskinstance.py:1979} INFO - Dependencies all met for dep_context=non-requeueable deps ti=<TaskInstance: study_case_etl_cloud_storage.fetch_data_task scheduled__2024-03-14T22:00:00+00:00 [queued]>
[2024-03-16T06:06:32.407+0000] {taskinstance.py:1979} INFO - Dependencies all met for dep_context=requeueable deps ti=<TaskInstance: study_case_etl_cloud_storage.fetch_data_task scheduled__2024-03-14T22:00:00+00:00 [queued]>
[2024-03-16T06:06:32.408+0000] {taskinstance.py:2193} INFO - Starting attempt 1 of 2
[2024-03-16T06:06:32.424+0000] {taskinstance.py:2214} INFO - Executing <Task(PythonOperator): fetch_data_task> on 2024-03-14 22:00:00+00:00
[2024-03-16T06:06:32.433+0000] {standard_task_runner.py:60} INFO - Started process 145 to run task
[2024-03-16T06:06:32.445+0000] {standard_task_runner.py:87} INFO - Running: ['***', 'tasks', 'run', 'study_case_etl_cloud_storage', 'fetch_data_task', 'scheduled__2024-03-14T22:00:00+00:00', '--job-id', '483', '--raw', '--subdir', 'DAGS_FOLDER/etl_day_bigquery/study_case_etl_cloud_storage.py', '--cfg-path', '/tmp/tmpkjeo9h42']
[2024-03-16T06:06:32.452+0000] {standard_task_runner.py:88} INFO - Job 483: Subtask fetch_data_task
[2024-03-16T06:06:32.521+0000] {task_command.py:423} INFO - Running <TaskInstance: study_case_etl_cloud_storage.fetch_data_task scheduled__2024-03-14T22:00:00+00:00 [running]> on host 72d5c878da28
[2024-03-16T06:06:32.620+0000] {taskinstance.py:2510} INFO - Exporting env vars: AIRFLOW_CTX_DAG_OWNER='Agus mahari' AIRFLOW_CTX_DAG_ID='study_case_etl_cloud_storage' AIRFLOW_CTX_TASK_ID='fetch_data_task' AIRFLOW_CTX_EXECUTION_DATE='2024-03-14T22:00:00+00:00' AIRFLOW_CTX_TRY_NUMBER='1' AIRFLOW_CTX_DAG_RUN_ID='scheduled__2024-03-14T22:00:00+00:00'
[2024-03-16T06:06:32.624+0000] {warnings.py:109} WARNING - /home/***/.local/lib/python3.8/site-packages/***/utils/context.py:315: AirflowContextDeprecationWarning: Accessing 'execution_date' from the template is deprecated and will be removed in a future version. Please use 'data_interval_start' or 'logical_date' instead.
  warnings.warn(_create_deprecation_warning(k, replacements))

[2024-03-16T06:06:35.398+0000] {logging_mixin.py:188} INFO - 2024-03-16 06:06:35,398 INFO sqlalchemy.engine.Engine SELECT DATABASE()
[2024-03-16T06:06:35.398+0000] {base.py:1863} INFO - SELECT DATABASE()
[2024-03-16T06:06:35.400+0000] {logging_mixin.py:188} INFO - 2024-03-16 06:06:35,400 INFO sqlalchemy.engine.Engine [raw sql] {}
[2024-03-16T06:06:35.400+0000] {base.py:1868} INFO - [raw sql] {}
[2024-03-16T06:06:36.392+0000] {logging_mixin.py:188} INFO - 2024-03-16 06:06:36,392 INFO sqlalchemy.engine.Engine SELECT @@sql_mode
[2024-03-16T06:06:36.392+0000] {base.py:1863} INFO - SELECT @@sql_mode
[2024-03-16T06:06:36.393+0000] {logging_mixin.py:188} INFO - 2024-03-16 06:06:36,393 INFO sqlalchemy.engine.Engine [raw sql] {}
[2024-03-16T06:06:36.393+0000] {base.py:1868} INFO - [raw sql] {}
[2024-03-16T06:06:36.844+0000] {logging_mixin.py:188} INFO - 2024-03-16 06:06:36,844 INFO sqlalchemy.engine.Engine SELECT @@lower_case_table_names
[2024-03-16T06:06:36.844+0000] {base.py:1863} INFO - SELECT @@lower_case_table_names
[2024-03-16T06:06:36.845+0000] {logging_mixin.py:188} INFO - 2024-03-16 06:06:36,845 INFO sqlalchemy.engine.Engine [raw sql] {}
[2024-03-16T06:06:36.845+0000] {base.py:1868} INFO - [raw sql] {}
[2024-03-16T06:06:37.508+0000] {logging_mixin.py:188} INFO - 2024-03-16 06:06:37,508 INFO sqlalchemy.engine.Engine 


   SELECT 
    *, 
    CONVERT_TZ(NOW(), 'UTC', '+07:00') as execution_at
FROM test.user
WHERE updated_at BETWEEN NOW() - INTERVAL 7 MINUTE AND NOW()
[2024-03-16T06:06:37.508+0000] {base.py:1863} INFO - 


   SELECT 
    *, 
    CONVERT_TZ(NOW(), 'UTC', '+07:00') as execution_at
FROM test.user
WHERE updated_at BETWEEN NOW() - INTERVAL 7 MINUTE AND NOW()
[2024-03-16T06:06:37.509+0000] {logging_mixin.py:188} INFO - 2024-03-16 06:06:37,509 INFO sqlalchemy.engine.Engine [raw sql] {}
[2024-03-16T06:06:37.509+0000] {base.py:1868} INFO - [raw sql] {}
[2024-03-16T06:06:37.965+0000] {python.py:202} INFO - Done. Returned value was: /opt/***/data/aplikasi_table_2024-03-14-22-00-00.parquet
[2024-03-16T06:06:38.014+0000] {taskinstance.py:1149} INFO - Marking task as SUCCESS. dag_id=study_case_etl_cloud_storage, task_id=fetch_data_task, execution_date=20240314T220000, start_date=20240316T060632, end_date=20240316T060638
[2024-03-16T06:06:38.063+0000] {local_task_job_runner.py:234} INFO - Task exited with return code 0
[2024-03-16T06:06:38.096+0000] {taskinstance.py:3309} INFO - 1 downstream tasks scheduled from follow-on schedule check
[2024-03-22T17:28:01.578+0000] {taskinstance.py:1979} INFO - Dependencies all met for dep_context=non-requeueable deps ti=<TaskInstance: study_case_etl_cloud_storage.fetch_data_task scheduled__2024-03-14T22:00:00+00:00 [queued]>
[2024-03-22T17:28:01.611+0000] {taskinstance.py:1979} INFO - Dependencies all met for dep_context=requeueable deps ti=<TaskInstance: study_case_etl_cloud_storage.fetch_data_task scheduled__2024-03-14T22:00:00+00:00 [queued]>
[2024-03-22T17:28:01.612+0000] {taskinstance.py:2193} INFO - Starting attempt 1 of 2
[2024-03-22T17:28:01.942+0000] {taskinstance.py:2214} INFO - Executing <Task(PythonOperator): fetch_data_task> on 2024-03-14 22:00:00+00:00
[2024-03-22T17:28:01.950+0000] {standard_task_runner.py:60} INFO - Started process 340 to run task
[2024-03-22T17:28:01.954+0000] {standard_task_runner.py:87} INFO - Running: ['***', 'tasks', 'run', 'study_case_etl_cloud_storage', 'fetch_data_task', 'scheduled__2024-03-14T22:00:00+00:00', '--job-id', '13', '--raw', '--subdir', 'DAGS_FOLDER/etl_day_bigquery/study_case_etl_cloud_storage.py', '--cfg-path', '/tmp/tmp_jtkwsie']
[2024-03-22T17:28:01.957+0000] {standard_task_runner.py:88} INFO - Job 13: Subtask fetch_data_task
[2024-03-22T17:28:04.056+0000] {task_command.py:423} INFO - Running <TaskInstance: study_case_etl_cloud_storage.fetch_data_task scheduled__2024-03-14T22:00:00+00:00 [running]> on host eb8b31fafb1e
[2024-03-22T17:28:04.323+0000] {taskinstance.py:2510} INFO - Exporting env vars: AIRFLOW_CTX_DAG_OWNER='Agus mahari' AIRFLOW_CTX_DAG_ID='study_case_etl_cloud_storage' AIRFLOW_CTX_TASK_ID='fetch_data_task' AIRFLOW_CTX_EXECUTION_DATE='2024-03-14T22:00:00+00:00' AIRFLOW_CTX_TRY_NUMBER='1' AIRFLOW_CTX_DAG_RUN_ID='scheduled__2024-03-14T22:00:00+00:00'
[2024-03-22T17:28:06.959+0000] {logging_mixin.py:188} INFO - 2024-03-22 17:28:06,959 INFO sqlalchemy.engine.Engine SELECT DATABASE()
[2024-03-22T17:28:06.959+0000] {base.py:1863} INFO - SELECT DATABASE()
[2024-03-22T17:28:06.961+0000] {logging_mixin.py:188} INFO - 2024-03-22 17:28:06,961 INFO sqlalchemy.engine.Engine [raw sql] {}
[2024-03-22T17:28:06.961+0000] {base.py:1868} INFO - [raw sql] {}
[2024-03-22T17:28:07.844+0000] {logging_mixin.py:188} INFO - 2024-03-22 17:28:07,844 INFO sqlalchemy.engine.Engine SELECT @@sql_mode
[2024-03-22T17:28:07.844+0000] {base.py:1863} INFO - SELECT @@sql_mode
[2024-03-22T17:28:07.845+0000] {logging_mixin.py:188} INFO - 2024-03-22 17:28:07,845 INFO sqlalchemy.engine.Engine [raw sql] {}
[2024-03-22T17:28:07.845+0000] {base.py:1868} INFO - [raw sql] {}
[2024-03-22T17:28:08.291+0000] {logging_mixin.py:188} INFO - 2024-03-22 17:28:08,291 INFO sqlalchemy.engine.Engine SELECT @@lower_case_table_names
[2024-03-22T17:28:08.291+0000] {base.py:1863} INFO - SELECT @@lower_case_table_names
[2024-03-22T17:28:08.292+0000] {logging_mixin.py:188} INFO - 2024-03-22 17:28:08,292 INFO sqlalchemy.engine.Engine [raw sql] {}
[2024-03-22T17:28:08.292+0000] {base.py:1868} INFO - [raw sql] {}
[2024-03-22T17:28:08.954+0000] {logging_mixin.py:188} INFO - 2024-03-22 17:28:08,954 INFO sqlalchemy.engine.Engine 


  SELECT 
    *
FROM databasename.mytable
[2024-03-22T17:28:08.954+0000] {base.py:1863} INFO - 


  SELECT 
    *
FROM databasename.mytable
[2024-03-22T17:28:08.955+0000] {logging_mixin.py:188} INFO - 2024-03-22 17:28:08,955 INFO sqlalchemy.engine.Engine [raw sql] {}
[2024-03-22T17:28:08.955+0000] {base.py:1868} INFO - [raw sql] {}
[2024-03-22T17:28:09.417+0000] {logging_mixin.py:188} INFO - File already exists.
[2024-03-22T17:28:09.419+0000] {python.py:202} INFO - Done. Returned value was: /opt/***/data/aplikasi_table_['{ ds }.parquet']
[2024-03-22T17:28:09.445+0000] {taskinstance.py:1149} INFO - Marking task as SUCCESS. dag_id=study_case_etl_cloud_storage, task_id=fetch_data_task, execution_date=20240314T220000, start_date=20240322T172801, end_date=20240322T172809
[2024-03-22T17:28:09.490+0000] {local_task_job_runner.py:234} INFO - Task exited with return code 0
[2024-03-22T17:28:09.501+0000] {taskinstance.py:3309} INFO - 0 downstream tasks scheduled from follow-on schedule check
