[2024-03-22T17:29:08.894+0000] {taskinstance.py:1979} INFO - Dependencies all met for dep_context=non-requeueable deps ti=<TaskInstance: study_case_etl_cloud_storage.fetch_data_task scheduled__2024-03-17T17:00:00+00:00 [queued]>
[2024-03-22T17:29:08.915+0000] {taskinstance.py:1979} INFO - Dependencies all met for dep_context=requeueable deps ti=<TaskInstance: study_case_etl_cloud_storage.fetch_data_task scheduled__2024-03-17T17:00:00+00:00 [queued]>
[2024-03-22T17:29:08.916+0000] {taskinstance.py:2193} INFO - Starting attempt 1 of 2
[2024-03-22T17:29:08.959+0000] {taskinstance.py:2214} INFO - Executing <Task(PythonOperator): fetch_data_task> on 2024-03-17 17:00:00+00:00
[2024-03-22T17:29:08.987+0000] {standard_task_runner.py:60} INFO - Started process 547 to run task
[2024-03-22T17:29:08.994+0000] {standard_task_runner.py:87} INFO - Running: ['***', 'tasks', 'run', 'study_case_etl_cloud_storage', 'fetch_data_task', 'scheduled__2024-03-17T17:00:00+00:00', '--job-id', '74', '--raw', '--subdir', 'DAGS_FOLDER/etl_day_bigquery/study_case_etl_cloud_storage.py', '--cfg-path', '/tmp/tmpi3vw5zly']
[2024-03-22T17:29:09.022+0000] {standard_task_runner.py:88} INFO - Job 74: Subtask fetch_data_task
[2024-03-22T17:29:09.153+0000] {task_command.py:423} INFO - Running <TaskInstance: study_case_etl_cloud_storage.fetch_data_task scheduled__2024-03-17T17:00:00+00:00 [running]> on host eb8b31fafb1e
[2024-03-22T17:29:09.375+0000] {taskinstance.py:2510} INFO - Exporting env vars: AIRFLOW_CTX_DAG_OWNER='Agus mahari' AIRFLOW_CTX_DAG_ID='study_case_etl_cloud_storage' AIRFLOW_CTX_TASK_ID='fetch_data_task' AIRFLOW_CTX_EXECUTION_DATE='2024-03-17T17:00:00+00:00' AIRFLOW_CTX_TRY_NUMBER='1' AIRFLOW_CTX_DAG_RUN_ID='scheduled__2024-03-17T17:00:00+00:00'
[2024-03-22T17:29:12.058+0000] {logging_mixin.py:188} INFO - 2024-03-22 17:29:12,057 INFO sqlalchemy.engine.Engine SELECT DATABASE()
[2024-03-22T17:29:12.057+0000] {base.py:1863} INFO - SELECT DATABASE()
[2024-03-22T17:29:12.059+0000] {logging_mixin.py:188} INFO - 2024-03-22 17:29:12,059 INFO sqlalchemy.engine.Engine [raw sql] {}
[2024-03-22T17:29:12.059+0000] {base.py:1868} INFO - [raw sql] {}
[2024-03-22T17:29:12.937+0000] {logging_mixin.py:188} INFO - 2024-03-22 17:29:12,937 INFO sqlalchemy.engine.Engine SELECT @@sql_mode
[2024-03-22T17:29:12.937+0000] {base.py:1863} INFO - SELECT @@sql_mode
[2024-03-22T17:29:12.938+0000] {logging_mixin.py:188} INFO - 2024-03-22 17:29:12,937 INFO sqlalchemy.engine.Engine [raw sql] {}
[2024-03-22T17:29:12.937+0000] {base.py:1868} INFO - [raw sql] {}
[2024-03-22T17:29:13.377+0000] {logging_mixin.py:188} INFO - 2024-03-22 17:29:13,376 INFO sqlalchemy.engine.Engine SELECT @@lower_case_table_names
[2024-03-22T17:29:13.376+0000] {base.py:1863} INFO - SELECT @@lower_case_table_names
[2024-03-22T17:29:13.378+0000] {logging_mixin.py:188} INFO - 2024-03-22 17:29:13,378 INFO sqlalchemy.engine.Engine [raw sql] {}
[2024-03-22T17:29:13.378+0000] {base.py:1868} INFO - [raw sql] {}
[2024-03-22T17:29:14.041+0000] {logging_mixin.py:188} INFO - 2024-03-22 17:29:14,041 INFO sqlalchemy.engine.Engine 


  SELECT 
    *
FROM databasename.mytable
[2024-03-22T17:29:14.041+0000] {base.py:1863} INFO - 


  SELECT 
    *
FROM databasename.mytable
[2024-03-22T17:29:14.049+0000] {logging_mixin.py:188} INFO - 2024-03-22 17:29:14,049 INFO sqlalchemy.engine.Engine [raw sql] {}
[2024-03-22T17:29:14.049+0000] {base.py:1868} INFO - [raw sql] {}
[2024-03-22T17:29:14.499+0000] {logging_mixin.py:188} INFO - File already exists.
[2024-03-22T17:29:14.501+0000] {python.py:202} INFO - Done. Returned value was: /opt/***/data/aplikasi_table_['{ ds }.parquet']
[2024-03-22T17:29:14.522+0000] {taskinstance.py:1149} INFO - Marking task as SUCCESS. dag_id=study_case_etl_cloud_storage, task_id=fetch_data_task, execution_date=20240317T170000, start_date=20240322T172908, end_date=20240322T172914
[2024-03-22T17:29:14.558+0000] {local_task_job_runner.py:234} INFO - Task exited with return code 0
[2024-03-22T17:29:14.570+0000] {taskinstance.py:3309} INFO - 0 downstream tasks scheduled from follow-on schedule check
