[2024-03-08T20:20:52.360+0000] {processor.py:161} INFO - Started process (PID=5189) to work on /opt/airflow/dags/restrore_mongo/main_dag_sql_delapan.py
[2024-03-08T20:20:52.362+0000] {processor.py:830} INFO - Processing file /opt/airflow/dags/restrore_mongo/main_dag_sql_delapan.py for tasks to queue
[2024-03-08T20:20:52.364+0000] {logging_mixin.py:188} INFO - [2024-03-08T20:20:52.364+0000] {dagbag.py:540} INFO - Filling up the DagBag from /opt/airflow/dags/restrore_mongo/main_dag_sql_delapan.py
[2024-03-08T20:20:52.673+0000] {processor.py:840} INFO - DAG(s) 'mongodb_to_sql8' retrieved from /opt/airflow/dags/restrore_mongo/main_dag_sql_delapan.py
[2024-03-08T20:20:52.927+0000] {logging_mixin.py:188} INFO - [2024-03-08T20:20:52.926+0000] {override.py:1769} INFO - Created Permission View: can edit on DAG:mongodb_to_sql8
[2024-03-08T20:20:52.939+0000] {logging_mixin.py:188} INFO - [2024-03-08T20:20:52.939+0000] {override.py:1769} INFO - Created Permission View: can delete on DAG:mongodb_to_sql8
[2024-03-08T20:20:52.949+0000] {logging_mixin.py:188} INFO - [2024-03-08T20:20:52.948+0000] {override.py:1769} INFO - Created Permission View: can read on DAG:mongodb_to_sql8
[2024-03-08T20:20:52.949+0000] {logging_mixin.py:188} INFO - [2024-03-08T20:20:52.949+0000] {dag.py:3047} INFO - Sync 1 DAGs
[2024-03-08T20:20:52.962+0000] {logging_mixin.py:188} INFO - [2024-03-08T20:20:52.961+0000] {dag.py:3069} INFO - Creating ORM DAG for mongodb_to_sql8
[2024-03-08T20:20:52.978+0000] {logging_mixin.py:188} INFO - [2024-03-08T20:20:52.978+0000] {dag.py:3834} INFO - Setting next_dagrun for mongodb_to_sql8 to 2024-03-07 00:00:00+00:00, run_after=2024-03-08 00:00:00+00:00
[2024-03-08T20:20:52.998+0000] {processor.py:183} INFO - Processing /opt/airflow/dags/restrore_mongo/main_dag_sql_delapan.py took 0.641 seconds
[2024-03-08T20:21:23.860+0000] {processor.py:161} INFO - Started process (PID=5216) to work on /opt/airflow/dags/restrore_mongo/main_dag_sql_delapan.py
[2024-03-08T20:21:23.863+0000] {processor.py:830} INFO - Processing file /opt/airflow/dags/restrore_mongo/main_dag_sql_delapan.py for tasks to queue
[2024-03-08T20:21:23.867+0000] {logging_mixin.py:188} INFO - [2024-03-08T20:21:23.866+0000] {dagbag.py:540} INFO - Filling up the DagBag from /opt/airflow/dags/restrore_mongo/main_dag_sql_delapan.py
[2024-03-08T20:21:24.145+0000] {processor.py:840} INFO - DAG(s) 'mongodb_to_sql8' retrieved from /opt/airflow/dags/restrore_mongo/main_dag_sql_delapan.py
[2024-03-08T20:21:24.167+0000] {logging_mixin.py:188} INFO - [2024-03-08T20:21:24.167+0000] {dag.py:3047} INFO - Sync 1 DAGs
[2024-03-08T20:21:24.187+0000] {logging_mixin.py:188} INFO - [2024-03-08T20:21:24.187+0000] {dag.py:3834} INFO - Setting next_dagrun for mongodb_to_sql8 to 2024-03-07 00:00:00+00:00, run_after=2024-03-08 00:00:00+00:00
[2024-03-08T20:21:24.202+0000] {processor.py:183} INFO - Processing /opt/airflow/dags/restrore_mongo/main_dag_sql_delapan.py took 0.349 seconds
[2024-03-08T20:21:54.766+0000] {processor.py:161} INFO - Started process (PID=5243) to work on /opt/airflow/dags/restrore_mongo/main_dag_sql_delapan.py
[2024-03-08T20:21:54.768+0000] {processor.py:830} INFO - Processing file /opt/airflow/dags/restrore_mongo/main_dag_sql_delapan.py for tasks to queue
[2024-03-08T20:21:54.772+0000] {logging_mixin.py:188} INFO - [2024-03-08T20:21:54.771+0000] {dagbag.py:540} INFO - Filling up the DagBag from /opt/airflow/dags/restrore_mongo/main_dag_sql_delapan.py
[2024-03-08T20:21:55.059+0000] {processor.py:840} INFO - DAG(s) 'mongodb_to_sql8' retrieved from /opt/airflow/dags/restrore_mongo/main_dag_sql_delapan.py
[2024-03-08T20:21:55.079+0000] {logging_mixin.py:188} INFO - [2024-03-08T20:21:55.078+0000] {dag.py:3047} INFO - Sync 1 DAGs
[2024-03-08T20:21:55.099+0000] {logging_mixin.py:188} INFO - [2024-03-08T20:21:55.099+0000] {dag.py:3834} INFO - Setting next_dagrun for mongodb_to_sql8 to 2024-03-07 00:00:00+00:00, run_after=2024-03-08 00:00:00+00:00
[2024-03-08T20:21:55.115+0000] {processor.py:183} INFO - Processing /opt/airflow/dags/restrore_mongo/main_dag_sql_delapan.py took 0.354 seconds
[2024-03-08T20:22:10.040+0000] {processor.py:161} INFO - Started process (PID=5260) to work on /opt/airflow/dags/restrore_mongo/main_dag_sql_delapan.py
[2024-03-08T20:22:10.043+0000] {processor.py:830} INFO - Processing file /opt/airflow/dags/restrore_mongo/main_dag_sql_delapan.py for tasks to queue
[2024-03-08T20:22:10.046+0000] {logging_mixin.py:188} INFO - [2024-03-08T20:22:10.046+0000] {dagbag.py:540} INFO - Filling up the DagBag from /opt/airflow/dags/restrore_mongo/main_dag_sql_delapan.py
[2024-03-08T20:22:10.340+0000] {processor.py:840} INFO - DAG(s) 'mongodb_to_sql8' retrieved from /opt/airflow/dags/restrore_mongo/main_dag_sql_delapan.py
[2024-03-08T20:22:10.359+0000] {logging_mixin.py:188} INFO - [2024-03-08T20:22:10.359+0000] {dag.py:3047} INFO - Sync 1 DAGs
[2024-03-08T20:22:10.479+0000] {logging_mixin.py:188} INFO - [2024-03-08T20:22:10.479+0000] {dag.py:3834} INFO - Setting next_dagrun for mongodb_to_sql8 to 2024-03-07 00:00:00+00:00, run_after=2024-03-08 00:00:00+00:00
[2024-03-08T20:22:10.505+0000] {processor.py:183} INFO - Processing /opt/airflow/dags/restrore_mongo/main_dag_sql_delapan.py took 0.471 seconds
[2024-03-08T20:22:41.238+0000] {processor.py:161} INFO - Started process (PID=5287) to work on /opt/airflow/dags/restrore_mongo/main_dag_sql_delapan.py
[2024-03-08T20:22:41.239+0000] {processor.py:830} INFO - Processing file /opt/airflow/dags/restrore_mongo/main_dag_sql_delapan.py for tasks to queue
[2024-03-08T20:22:41.242+0000] {logging_mixin.py:188} INFO - [2024-03-08T20:22:41.242+0000] {dagbag.py:540} INFO - Filling up the DagBag from /opt/airflow/dags/restrore_mongo/main_dag_sql_delapan.py
[2024-03-08T20:22:41.513+0000] {processor.py:840} INFO - DAG(s) 'mongodb_to_sql8' retrieved from /opt/airflow/dags/restrore_mongo/main_dag_sql_delapan.py
[2024-03-08T20:22:41.532+0000] {logging_mixin.py:188} INFO - [2024-03-08T20:22:41.531+0000] {dag.py:3047} INFO - Sync 1 DAGs
[2024-03-08T20:22:41.552+0000] {logging_mixin.py:188} INFO - [2024-03-08T20:22:41.552+0000] {dag.py:3834} INFO - Setting next_dagrun for mongodb_to_sql8 to 2024-03-08 00:00:00+00:00, run_after=2024-03-09 00:00:00+00:00
[2024-03-08T20:22:41.566+0000] {processor.py:183} INFO - Processing /opt/airflow/dags/restrore_mongo/main_dag_sql_delapan.py took 0.332 seconds
[2024-03-08T20:23:11.973+0000] {processor.py:161} INFO - Started process (PID=5314) to work on /opt/airflow/dags/restrore_mongo/main_dag_sql_delapan.py
[2024-03-08T20:23:11.975+0000] {processor.py:830} INFO - Processing file /opt/airflow/dags/restrore_mongo/main_dag_sql_delapan.py for tasks to queue
[2024-03-08T20:23:11.981+0000] {logging_mixin.py:188} INFO - [2024-03-08T20:23:11.979+0000] {dagbag.py:540} INFO - Filling up the DagBag from /opt/airflow/dags/restrore_mongo/main_dag_sql_delapan.py
[2024-03-08T20:23:12.267+0000] {processor.py:840} INFO - DAG(s) 'mongodb_to_sql8' retrieved from /opt/airflow/dags/restrore_mongo/main_dag_sql_delapan.py
[2024-03-08T20:23:12.289+0000] {logging_mixin.py:188} INFO - [2024-03-08T20:23:12.288+0000] {dag.py:3047} INFO - Sync 1 DAGs
[2024-03-08T20:23:12.405+0000] {logging_mixin.py:188} INFO - [2024-03-08T20:23:12.405+0000] {dag.py:3834} INFO - Setting next_dagrun for mongodb_to_sql8 to 2024-03-08 00:00:00+00:00, run_after=2024-03-09 00:00:00+00:00
[2024-03-08T20:23:12.419+0000] {processor.py:183} INFO - Processing /opt/airflow/dags/restrore_mongo/main_dag_sql_delapan.py took 0.453 seconds
[2024-03-08T20:23:42.772+0000] {processor.py:161} INFO - Started process (PID=5341) to work on /opt/airflow/dags/restrore_mongo/main_dag_sql_delapan.py
[2024-03-08T20:23:42.775+0000] {processor.py:830} INFO - Processing file /opt/airflow/dags/restrore_mongo/main_dag_sql_delapan.py for tasks to queue
[2024-03-08T20:23:42.782+0000] {logging_mixin.py:188} INFO - [2024-03-08T20:23:42.781+0000] {dagbag.py:540} INFO - Filling up the DagBag from /opt/airflow/dags/restrore_mongo/main_dag_sql_delapan.py
[2024-03-08T20:23:43.064+0000] {processor.py:840} INFO - DAG(s) 'mongodb_to_sql8' retrieved from /opt/airflow/dags/restrore_mongo/main_dag_sql_delapan.py
[2024-03-08T20:23:43.084+0000] {logging_mixin.py:188} INFO - [2024-03-08T20:23:43.084+0000] {dag.py:3047} INFO - Sync 1 DAGs
[2024-03-08T20:23:43.105+0000] {logging_mixin.py:188} INFO - [2024-03-08T20:23:43.105+0000] {dag.py:3834} INFO - Setting next_dagrun for mongodb_to_sql8 to 2024-03-08 00:00:00+00:00, run_after=2024-03-09 00:00:00+00:00
[2024-03-08T20:23:43.120+0000] {processor.py:183} INFO - Processing /opt/airflow/dags/restrore_mongo/main_dag_sql_delapan.py took 0.358 seconds
[2024-03-08T20:24:13.212+0000] {processor.py:161} INFO - Started process (PID=5368) to work on /opt/airflow/dags/restrore_mongo/main_dag_sql_delapan.py
[2024-03-08T20:24:13.214+0000] {processor.py:830} INFO - Processing file /opt/airflow/dags/restrore_mongo/main_dag_sql_delapan.py for tasks to queue
[2024-03-08T20:24:13.218+0000] {logging_mixin.py:188} INFO - [2024-03-08T20:24:13.217+0000] {dagbag.py:540} INFO - Filling up the DagBag from /opt/airflow/dags/restrore_mongo/main_dag_sql_delapan.py
[2024-03-08T20:24:13.496+0000] {processor.py:840} INFO - DAG(s) 'mongodb_to_sql8' retrieved from /opt/airflow/dags/restrore_mongo/main_dag_sql_delapan.py
[2024-03-08T20:24:13.522+0000] {logging_mixin.py:188} INFO - [2024-03-08T20:24:13.522+0000] {dag.py:3047} INFO - Sync 1 DAGs
[2024-03-08T20:24:13.649+0000] {logging_mixin.py:188} INFO - [2024-03-08T20:24:13.649+0000] {dag.py:3834} INFO - Setting next_dagrun for mongodb_to_sql8 to 2024-03-08 00:00:00+00:00, run_after=2024-03-09 00:00:00+00:00
[2024-03-08T20:24:13.664+0000] {processor.py:183} INFO - Processing /opt/airflow/dags/restrore_mongo/main_dag_sql_delapan.py took 0.460 seconds
[2024-03-08T20:24:43.878+0000] {processor.py:161} INFO - Started process (PID=5395) to work on /opt/airflow/dags/restrore_mongo/main_dag_sql_delapan.py
[2024-03-08T20:24:43.880+0000] {processor.py:830} INFO - Processing file /opt/airflow/dags/restrore_mongo/main_dag_sql_delapan.py for tasks to queue
[2024-03-08T20:24:43.883+0000] {logging_mixin.py:188} INFO - [2024-03-08T20:24:43.883+0000] {dagbag.py:540} INFO - Filling up the DagBag from /opt/airflow/dags/restrore_mongo/main_dag_sql_delapan.py
[2024-03-08T20:24:44.156+0000] {processor.py:840} INFO - DAG(s) 'mongodb_to_sql8' retrieved from /opt/airflow/dags/restrore_mongo/main_dag_sql_delapan.py
[2024-03-08T20:24:44.274+0000] {logging_mixin.py:188} INFO - [2024-03-08T20:24:44.274+0000] {dag.py:3047} INFO - Sync 1 DAGs
[2024-03-08T20:24:44.293+0000] {logging_mixin.py:188} INFO - [2024-03-08T20:24:44.293+0000] {dag.py:3834} INFO - Setting next_dagrun for mongodb_to_sql8 to 2024-03-08 00:00:00+00:00, run_after=2024-03-09 00:00:00+00:00
[2024-03-08T20:24:44.311+0000] {processor.py:183} INFO - Processing /opt/airflow/dags/restrore_mongo/main_dag_sql_delapan.py took 0.438 seconds
[2024-03-08T20:25:14.558+0000] {processor.py:161} INFO - Started process (PID=5422) to work on /opt/airflow/dags/restrore_mongo/main_dag_sql_delapan.py
[2024-03-08T20:25:14.560+0000] {processor.py:830} INFO - Processing file /opt/airflow/dags/restrore_mongo/main_dag_sql_delapan.py for tasks to queue
[2024-03-08T20:25:14.565+0000] {logging_mixin.py:188} INFO - [2024-03-08T20:25:14.564+0000] {dagbag.py:540} INFO - Filling up the DagBag from /opt/airflow/dags/restrore_mongo/main_dag_sql_delapan.py
[2024-03-08T20:25:14.835+0000] {processor.py:840} INFO - DAG(s) 'mongodb_to_sql8' retrieved from /opt/airflow/dags/restrore_mongo/main_dag_sql_delapan.py
[2024-03-08T20:25:14.855+0000] {logging_mixin.py:188} INFO - [2024-03-08T20:25:14.855+0000] {dag.py:3047} INFO - Sync 1 DAGs
[2024-03-08T20:25:14.971+0000] {logging_mixin.py:188} INFO - [2024-03-08T20:25:14.971+0000] {dag.py:3834} INFO - Setting next_dagrun for mongodb_to_sql8 to 2024-03-08 00:00:00+00:00, run_after=2024-03-09 00:00:00+00:00
[2024-03-08T20:25:14.985+0000] {processor.py:183} INFO - Processing /opt/airflow/dags/restrore_mongo/main_dag_sql_delapan.py took 0.435 seconds
[2024-03-08T20:25:45.243+0000] {processor.py:161} INFO - Started process (PID=5449) to work on /opt/airflow/dags/restrore_mongo/main_dag_sql_delapan.py
[2024-03-08T20:25:45.246+0000] {processor.py:830} INFO - Processing file /opt/airflow/dags/restrore_mongo/main_dag_sql_delapan.py for tasks to queue
[2024-03-08T20:25:45.253+0000] {logging_mixin.py:188} INFO - [2024-03-08T20:25:45.251+0000] {dagbag.py:540} INFO - Filling up the DagBag from /opt/airflow/dags/restrore_mongo/main_dag_sql_delapan.py
[2024-03-08T20:25:45.580+0000] {processor.py:840} INFO - DAG(s) 'mongodb_to_sql8' retrieved from /opt/airflow/dags/restrore_mongo/main_dag_sql_delapan.py
[2024-03-08T20:25:45.704+0000] {logging_mixin.py:188} INFO - [2024-03-08T20:25:45.704+0000] {dag.py:3047} INFO - Sync 1 DAGs
[2024-03-08T20:25:45.724+0000] {logging_mixin.py:188} INFO - [2024-03-08T20:25:45.724+0000] {dag.py:3834} INFO - Setting next_dagrun for mongodb_to_sql8 to 2024-03-08 00:00:00+00:00, run_after=2024-03-09 00:00:00+00:00
[2024-03-08T20:25:45.741+0000] {processor.py:183} INFO - Processing /opt/airflow/dags/restrore_mongo/main_dag_sql_delapan.py took 0.506 seconds
[2024-03-08T20:26:15.906+0000] {processor.py:161} INFO - Started process (PID=5476) to work on /opt/airflow/dags/restrore_mongo/main_dag_sql_delapan.py
[2024-03-08T20:26:15.909+0000] {processor.py:830} INFO - Processing file /opt/airflow/dags/restrore_mongo/main_dag_sql_delapan.py for tasks to queue
[2024-03-08T20:26:15.913+0000] {logging_mixin.py:188} INFO - [2024-03-08T20:26:15.912+0000] {dagbag.py:540} INFO - Filling up the DagBag from /opt/airflow/dags/restrore_mongo/main_dag_sql_delapan.py
[2024-03-08T20:26:16.213+0000] {processor.py:840} INFO - DAG(s) 'mongodb_to_sql8' retrieved from /opt/airflow/dags/restrore_mongo/main_dag_sql_delapan.py
[2024-03-08T20:26:16.232+0000] {logging_mixin.py:188} INFO - [2024-03-08T20:26:16.232+0000] {dag.py:3047} INFO - Sync 1 DAGs
[2024-03-08T20:26:16.357+0000] {logging_mixin.py:188} INFO - [2024-03-08T20:26:16.357+0000] {dag.py:3834} INFO - Setting next_dagrun for mongodb_to_sql8 to 2024-03-08 00:00:00+00:00, run_after=2024-03-09 00:00:00+00:00
[2024-03-08T20:26:16.371+0000] {processor.py:183} INFO - Processing /opt/airflow/dags/restrore_mongo/main_dag_sql_delapan.py took 0.474 seconds
[2024-03-08T20:26:46.399+0000] {processor.py:161} INFO - Started process (PID=5503) to work on /opt/airflow/dags/restrore_mongo/main_dag_sql_delapan.py
[2024-03-08T20:26:46.401+0000] {processor.py:830} INFO - Processing file /opt/airflow/dags/restrore_mongo/main_dag_sql_delapan.py for tasks to queue
[2024-03-08T20:26:46.403+0000] {logging_mixin.py:188} INFO - [2024-03-08T20:26:46.402+0000] {dagbag.py:540} INFO - Filling up the DagBag from /opt/airflow/dags/restrore_mongo/main_dag_sql_delapan.py
[2024-03-08T20:26:46.674+0000] {processor.py:840} INFO - DAG(s) 'mongodb_to_sql8' retrieved from /opt/airflow/dags/restrore_mongo/main_dag_sql_delapan.py
[2024-03-08T20:26:46.786+0000] {logging_mixin.py:188} INFO - [2024-03-08T20:26:46.785+0000] {dag.py:3047} INFO - Sync 1 DAGs
[2024-03-08T20:26:46.804+0000] {logging_mixin.py:188} INFO - [2024-03-08T20:26:46.803+0000] {dag.py:3834} INFO - Setting next_dagrun for mongodb_to_sql8 to 2024-03-08 00:00:00+00:00, run_after=2024-03-09 00:00:00+00:00
[2024-03-08T20:26:46.817+0000] {processor.py:183} INFO - Processing /opt/airflow/dags/restrore_mongo/main_dag_sql_delapan.py took 0.420 seconds
[2024-03-08T20:27:17.121+0000] {processor.py:161} INFO - Started process (PID=5530) to work on /opt/airflow/dags/restrore_mongo/main_dag_sql_delapan.py
[2024-03-08T20:27:17.122+0000] {processor.py:830} INFO - Processing file /opt/airflow/dags/restrore_mongo/main_dag_sql_delapan.py for tasks to queue
[2024-03-08T20:27:17.125+0000] {logging_mixin.py:188} INFO - [2024-03-08T20:27:17.125+0000] {dagbag.py:540} INFO - Filling up the DagBag from /opt/airflow/dags/restrore_mongo/main_dag_sql_delapan.py
[2024-03-08T20:27:17.515+0000] {processor.py:840} INFO - DAG(s) 'mongodb_to_sql8' retrieved from /opt/airflow/dags/restrore_mongo/main_dag_sql_delapan.py
[2024-03-08T20:27:17.533+0000] {logging_mixin.py:188} INFO - [2024-03-08T20:27:17.532+0000] {dag.py:3047} INFO - Sync 1 DAGs
[2024-03-08T20:27:17.555+0000] {logging_mixin.py:188} INFO - [2024-03-08T20:27:17.554+0000] {dag.py:3834} INFO - Setting next_dagrun for mongodb_to_sql8 to 2024-03-08 00:00:00+00:00, run_after=2024-03-09 00:00:00+00:00
[2024-03-08T20:27:17.571+0000] {processor.py:183} INFO - Processing /opt/airflow/dags/restrore_mongo/main_dag_sql_delapan.py took 0.453 seconds
[2024-03-08T20:27:48.069+0000] {processor.py:161} INFO - Started process (PID=5563) to work on /opt/airflow/dags/restrore_mongo/main_dag_sql_delapan.py
[2024-03-08T20:27:48.071+0000] {processor.py:830} INFO - Processing file /opt/airflow/dags/restrore_mongo/main_dag_sql_delapan.py for tasks to queue
[2024-03-08T20:27:48.073+0000] {logging_mixin.py:188} INFO - [2024-03-08T20:27:48.073+0000] {dagbag.py:540} INFO - Filling up the DagBag from /opt/airflow/dags/restrore_mongo/main_dag_sql_delapan.py
[2024-03-08T20:27:48.359+0000] {processor.py:840} INFO - DAG(s) 'mongodb_to_sql8' retrieved from /opt/airflow/dags/restrore_mongo/main_dag_sql_delapan.py
[2024-03-08T20:27:48.476+0000] {logging_mixin.py:188} INFO - [2024-03-08T20:27:48.475+0000] {dag.py:3047} INFO - Sync 1 DAGs
[2024-03-08T20:27:48.495+0000] {logging_mixin.py:188} INFO - [2024-03-08T20:27:48.494+0000] {dag.py:3834} INFO - Setting next_dagrun for mongodb_to_sql8 to 2024-03-08 00:00:00+00:00, run_after=2024-03-09 00:00:00+00:00
[2024-03-08T20:27:48.510+0000] {processor.py:183} INFO - Processing /opt/airflow/dags/restrore_mongo/main_dag_sql_delapan.py took 0.445 seconds
[2024-03-08T20:28:18.961+0000] {processor.py:161} INFO - Started process (PID=5590) to work on /opt/airflow/dags/restrore_mongo/main_dag_sql_delapan.py
[2024-03-08T20:28:18.963+0000] {processor.py:830} INFO - Processing file /opt/airflow/dags/restrore_mongo/main_dag_sql_delapan.py for tasks to queue
[2024-03-08T20:28:18.968+0000] {logging_mixin.py:188} INFO - [2024-03-08T20:28:18.967+0000] {dagbag.py:540} INFO - Filling up the DagBag from /opt/airflow/dags/restrore_mongo/main_dag_sql_delapan.py
[2024-03-08T20:28:19.345+0000] {processor.py:840} INFO - DAG(s) 'mongodb_to_sql8' retrieved from /opt/airflow/dags/restrore_mongo/main_dag_sql_delapan.py
[2024-03-08T20:28:19.363+0000] {logging_mixin.py:188} INFO - [2024-03-08T20:28:19.362+0000] {dag.py:3047} INFO - Sync 1 DAGs
[2024-03-08T20:28:19.388+0000] {logging_mixin.py:188} INFO - [2024-03-08T20:28:19.388+0000] {dag.py:3834} INFO - Setting next_dagrun for mongodb_to_sql8 to 2024-03-08 00:00:00+00:00, run_after=2024-03-09 00:00:00+00:00
[2024-03-08T20:28:19.401+0000] {processor.py:183} INFO - Processing /opt/airflow/dags/restrore_mongo/main_dag_sql_delapan.py took 0.450 seconds
[2024-03-08T20:28:49.473+0000] {processor.py:161} INFO - Started process (PID=5617) to work on /opt/airflow/dags/restrore_mongo/main_dag_sql_delapan.py
[2024-03-08T20:28:49.475+0000] {processor.py:830} INFO - Processing file /opt/airflow/dags/restrore_mongo/main_dag_sql_delapan.py for tasks to queue
[2024-03-08T20:28:49.479+0000] {logging_mixin.py:188} INFO - [2024-03-08T20:28:49.479+0000] {dagbag.py:540} INFO - Filling up the DagBag from /opt/airflow/dags/restrore_mongo/main_dag_sql_delapan.py
[2024-03-08T20:28:49.762+0000] {processor.py:840} INFO - DAG(s) 'mongodb_to_sql8' retrieved from /opt/airflow/dags/restrore_mongo/main_dag_sql_delapan.py
[2024-03-08T20:28:49.874+0000] {logging_mixin.py:188} INFO - [2024-03-08T20:28:49.874+0000] {dag.py:3047} INFO - Sync 1 DAGs
[2024-03-08T20:28:49.892+0000] {logging_mixin.py:188} INFO - [2024-03-08T20:28:49.892+0000] {dag.py:3834} INFO - Setting next_dagrun for mongodb_to_sql8 to 2024-03-08 00:00:00+00:00, run_after=2024-03-09 00:00:00+00:00
[2024-03-08T20:28:49.905+0000] {processor.py:183} INFO - Processing /opt/airflow/dags/restrore_mongo/main_dag_sql_delapan.py took 0.442 seconds
[2024-03-08T20:29:20.118+0000] {processor.py:161} INFO - Started process (PID=5644) to work on /opt/airflow/dags/restrore_mongo/main_dag_sql_delapan.py
[2024-03-08T20:29:20.120+0000] {processor.py:830} INFO - Processing file /opt/airflow/dags/restrore_mongo/main_dag_sql_delapan.py for tasks to queue
[2024-03-08T20:29:20.124+0000] {logging_mixin.py:188} INFO - [2024-03-08T20:29:20.123+0000] {dagbag.py:540} INFO - Filling up the DagBag from /opt/airflow/dags/restrore_mongo/main_dag_sql_delapan.py
[2024-03-08T20:29:20.541+0000] {processor.py:840} INFO - DAG(s) 'mongodb_to_sql8' retrieved from /opt/airflow/dags/restrore_mongo/main_dag_sql_delapan.py
[2024-03-08T20:29:20.567+0000] {logging_mixin.py:188} INFO - [2024-03-08T20:29:20.566+0000] {dag.py:3047} INFO - Sync 1 DAGs
[2024-03-08T20:29:20.588+0000] {logging_mixin.py:188} INFO - [2024-03-08T20:29:20.588+0000] {dag.py:3834} INFO - Setting next_dagrun for mongodb_to_sql8 to 2024-03-08 00:00:00+00:00, run_after=2024-03-09 00:00:00+00:00
[2024-03-08T20:29:20.606+0000] {processor.py:183} INFO - Processing /opt/airflow/dags/restrore_mongo/main_dag_sql_delapan.py took 0.496 seconds
[2024-03-08T20:29:50.695+0000] {processor.py:161} INFO - Started process (PID=5671) to work on /opt/airflow/dags/restrore_mongo/main_dag_sql_delapan.py
[2024-03-08T20:29:50.698+0000] {processor.py:830} INFO - Processing file /opt/airflow/dags/restrore_mongo/main_dag_sql_delapan.py for tasks to queue
[2024-03-08T20:29:50.703+0000] {logging_mixin.py:188} INFO - [2024-03-08T20:29:50.702+0000] {dagbag.py:540} INFO - Filling up the DagBag from /opt/airflow/dags/restrore_mongo/main_dag_sql_delapan.py
[2024-03-08T20:29:51.081+0000] {processor.py:840} INFO - DAG(s) 'mongodb_to_sql8' retrieved from /opt/airflow/dags/restrore_mongo/main_dag_sql_delapan.py
[2024-03-08T20:29:51.098+0000] {logging_mixin.py:188} INFO - [2024-03-08T20:29:51.098+0000] {dag.py:3047} INFO - Sync 1 DAGs
[2024-03-08T20:29:51.116+0000] {logging_mixin.py:188} INFO - [2024-03-08T20:29:51.116+0000] {dag.py:3834} INFO - Setting next_dagrun for mongodb_to_sql8 to 2024-03-08 00:00:00+00:00, run_after=2024-03-09 00:00:00+00:00
[2024-03-08T20:29:51.130+0000] {processor.py:183} INFO - Processing /opt/airflow/dags/restrore_mongo/main_dag_sql_delapan.py took 0.449 seconds
[2024-03-08T20:30:21.819+0000] {processor.py:161} INFO - Started process (PID=5698) to work on /opt/airflow/dags/restrore_mongo/main_dag_sql_delapan.py
[2024-03-08T20:30:21.821+0000] {processor.py:830} INFO - Processing file /opt/airflow/dags/restrore_mongo/main_dag_sql_delapan.py for tasks to queue
[2024-03-08T20:30:21.823+0000] {logging_mixin.py:188} INFO - [2024-03-08T20:30:21.822+0000] {dagbag.py:540} INFO - Filling up the DagBag from /opt/airflow/dags/restrore_mongo/main_dag_sql_delapan.py
[2024-03-08T20:30:22.187+0000] {processor.py:840} INFO - DAG(s) 'mongodb_to_sql8' retrieved from /opt/airflow/dags/restrore_mongo/main_dag_sql_delapan.py
[2024-03-08T20:30:22.204+0000] {logging_mixin.py:188} INFO - [2024-03-08T20:30:22.204+0000] {dag.py:3047} INFO - Sync 1 DAGs
[2024-03-08T20:30:22.222+0000] {logging_mixin.py:188} INFO - [2024-03-08T20:30:22.222+0000] {dag.py:3834} INFO - Setting next_dagrun for mongodb_to_sql8 to 2024-03-08 00:00:00+00:00, run_after=2024-03-09 00:00:00+00:00
[2024-03-08T20:30:22.235+0000] {processor.py:183} INFO - Processing /opt/airflow/dags/restrore_mongo/main_dag_sql_delapan.py took 0.419 seconds
[2024-03-08T20:30:53.015+0000] {processor.py:161} INFO - Started process (PID=5725) to work on /opt/airflow/dags/restrore_mongo/main_dag_sql_delapan.py
[2024-03-08T20:30:53.016+0000] {processor.py:830} INFO - Processing file /opt/airflow/dags/restrore_mongo/main_dag_sql_delapan.py for tasks to queue
[2024-03-08T20:30:53.018+0000] {logging_mixin.py:188} INFO - [2024-03-08T20:30:53.018+0000] {dagbag.py:540} INFO - Filling up the DagBag from /opt/airflow/dags/restrore_mongo/main_dag_sql_delapan.py
[2024-03-08T20:30:53.379+0000] {processor.py:840} INFO - DAG(s) 'mongodb_to_sql8' retrieved from /opt/airflow/dags/restrore_mongo/main_dag_sql_delapan.py
[2024-03-08T20:30:53.395+0000] {logging_mixin.py:188} INFO - [2024-03-08T20:30:53.394+0000] {dag.py:3047} INFO - Sync 1 DAGs
[2024-03-08T20:30:53.412+0000] {logging_mixin.py:188} INFO - [2024-03-08T20:30:53.412+0000] {dag.py:3834} INFO - Setting next_dagrun for mongodb_to_sql8 to 2024-03-08 00:00:00+00:00, run_after=2024-03-09 00:00:00+00:00
[2024-03-08T20:30:53.426+0000] {processor.py:183} INFO - Processing /opt/airflow/dags/restrore_mongo/main_dag_sql_delapan.py took 0.414 seconds
[2024-03-08T20:31:23.514+0000] {processor.py:161} INFO - Started process (PID=5752) to work on /opt/airflow/dags/restrore_mongo/main_dag_sql_delapan.py
[2024-03-08T20:31:23.515+0000] {processor.py:830} INFO - Processing file /opt/airflow/dags/restrore_mongo/main_dag_sql_delapan.py for tasks to queue
[2024-03-08T20:31:23.517+0000] {logging_mixin.py:188} INFO - [2024-03-08T20:31:23.517+0000] {dagbag.py:540} INFO - Filling up the DagBag from /opt/airflow/dags/restrore_mongo/main_dag_sql_delapan.py
[2024-03-08T20:31:23.869+0000] {processor.py:840} INFO - DAG(s) 'mongodb_to_sql8' retrieved from /opt/airflow/dags/restrore_mongo/main_dag_sql_delapan.py
[2024-03-08T20:31:23.885+0000] {logging_mixin.py:188} INFO - [2024-03-08T20:31:23.885+0000] {dag.py:3047} INFO - Sync 1 DAGs
[2024-03-08T20:31:23.904+0000] {logging_mixin.py:188} INFO - [2024-03-08T20:31:23.904+0000] {dag.py:3834} INFO - Setting next_dagrun for mongodb_to_sql8 to 2024-03-08 00:00:00+00:00, run_after=2024-03-09 00:00:00+00:00
[2024-03-08T20:31:23.917+0000] {processor.py:183} INFO - Processing /opt/airflow/dags/restrore_mongo/main_dag_sql_delapan.py took 0.407 seconds
[2024-03-08T20:31:54.085+0000] {processor.py:161} INFO - Started process (PID=5779) to work on /opt/airflow/dags/restrore_mongo/main_dag_sql_delapan.py
[2024-03-08T20:31:54.086+0000] {processor.py:830} INFO - Processing file /opt/airflow/dags/restrore_mongo/main_dag_sql_delapan.py for tasks to queue
[2024-03-08T20:31:54.089+0000] {logging_mixin.py:188} INFO - [2024-03-08T20:31:54.088+0000] {dagbag.py:540} INFO - Filling up the DagBag from /opt/airflow/dags/restrore_mongo/main_dag_sql_delapan.py
[2024-03-08T20:31:54.467+0000] {processor.py:840} INFO - DAG(s) 'mongodb_to_sql8' retrieved from /opt/airflow/dags/restrore_mongo/main_dag_sql_delapan.py
[2024-03-08T20:31:54.484+0000] {logging_mixin.py:188} INFO - [2024-03-08T20:31:54.484+0000] {dag.py:3047} INFO - Sync 1 DAGs
[2024-03-08T20:31:54.502+0000] {logging_mixin.py:188} INFO - [2024-03-08T20:31:54.502+0000] {dag.py:3834} INFO - Setting next_dagrun for mongodb_to_sql8 to 2024-03-08 00:00:00+00:00, run_after=2024-03-09 00:00:00+00:00
[2024-03-08T20:31:54.516+0000] {processor.py:183} INFO - Processing /opt/airflow/dags/restrore_mongo/main_dag_sql_delapan.py took 0.434 seconds
