[2024-03-08T20:05:50.964+0000] {processor.py:161} INFO - Started process (PID=4512) to work on /opt/airflow/dags/restrore_mongo/main_dag_sql_enam.py
[2024-03-08T20:05:50.965+0000] {processor.py:830} INFO - Processing file /opt/airflow/dags/restrore_mongo/main_dag_sql_enam.py for tasks to queue
[2024-03-08T20:05:50.968+0000] {logging_mixin.py:188} INFO - [2024-03-08T20:05:50.967+0000] {dagbag.py:540} INFO - Filling up the DagBag from /opt/airflow/dags/restrore_mongo/main_dag_sql_enam.py
[2024-03-08T20:05:51.256+0000] {processor.py:840} INFO - DAG(s) 'mongodb_to_sql6' retrieved from /opt/airflow/dags/restrore_mongo/main_dag_sql_enam.py
[2024-03-08T20:05:51.349+0000] {logging_mixin.py:188} INFO - [2024-03-08T20:05:51.348+0000] {override.py:1769} INFO - Created Permission View: can edit on DAG:mongodb_to_sql6
[2024-03-08T20:05:51.357+0000] {logging_mixin.py:188} INFO - [2024-03-08T20:05:51.357+0000] {override.py:1769} INFO - Created Permission View: can delete on DAG:mongodb_to_sql6
[2024-03-08T20:05:51.363+0000] {logging_mixin.py:188} INFO - [2024-03-08T20:05:51.363+0000] {override.py:1769} INFO - Created Permission View: can read on DAG:mongodb_to_sql6
[2024-03-08T20:05:51.365+0000] {logging_mixin.py:188} INFO - [2024-03-08T20:05:51.364+0000] {dag.py:3047} INFO - Sync 1 DAGs
[2024-03-08T20:05:51.375+0000] {logging_mixin.py:188} INFO - [2024-03-08T20:05:51.374+0000] {dag.py:3069} INFO - Creating ORM DAG for mongodb_to_sql6
[2024-03-08T20:05:51.387+0000] {logging_mixin.py:188} INFO - [2024-03-08T20:05:51.386+0000] {dag.py:3834} INFO - Setting next_dagrun for mongodb_to_sql6 to 2024-03-07 00:00:00+00:00, run_after=2024-03-08 00:00:00+00:00
[2024-03-08T20:05:51.400+0000] {processor.py:183} INFO - Processing /opt/airflow/dags/restrore_mongo/main_dag_sql_enam.py took 0.439 seconds
[2024-03-08T20:06:21.594+0000] {processor.py:161} INFO - Started process (PID=4535) to work on /opt/airflow/dags/restrore_mongo/main_dag_sql_enam.py
[2024-03-08T20:06:21.596+0000] {processor.py:830} INFO - Processing file /opt/airflow/dags/restrore_mongo/main_dag_sql_enam.py for tasks to queue
[2024-03-08T20:06:21.598+0000] {logging_mixin.py:188} INFO - [2024-03-08T20:06:21.598+0000] {dagbag.py:540} INFO - Filling up the DagBag from /opt/airflow/dags/restrore_mongo/main_dag_sql_enam.py
[2024-03-08T20:06:21.867+0000] {processor.py:840} INFO - DAG(s) 'mongodb_to_sql6' retrieved from /opt/airflow/dags/restrore_mongo/main_dag_sql_enam.py
[2024-03-08T20:06:21.886+0000] {logging_mixin.py:188} INFO - [2024-03-08T20:06:21.886+0000] {dag.py:3047} INFO - Sync 1 DAGs
[2024-03-08T20:06:21.906+0000] {logging_mixin.py:188} INFO - [2024-03-08T20:06:21.905+0000] {dag.py:3834} INFO - Setting next_dagrun for mongodb_to_sql6 to 2024-03-07 00:00:00+00:00, run_after=2024-03-08 00:00:00+00:00
[2024-03-08T20:06:21.922+0000] {processor.py:183} INFO - Processing /opt/airflow/dags/restrore_mongo/main_dag_sql_enam.py took 0.331 seconds
[2024-03-08T20:06:51.988+0000] {processor.py:161} INFO - Started process (PID=4557) to work on /opt/airflow/dags/restrore_mongo/main_dag_sql_enam.py
[2024-03-08T20:06:51.989+0000] {processor.py:830} INFO - Processing file /opt/airflow/dags/restrore_mongo/main_dag_sql_enam.py for tasks to queue
[2024-03-08T20:06:51.991+0000] {logging_mixin.py:188} INFO - [2024-03-08T20:06:51.991+0000] {dagbag.py:540} INFO - Filling up the DagBag from /opt/airflow/dags/restrore_mongo/main_dag_sql_enam.py
[2024-03-08T20:06:52.280+0000] {processor.py:840} INFO - DAG(s) 'mongodb_to_sql6' retrieved from /opt/airflow/dags/restrore_mongo/main_dag_sql_enam.py
[2024-03-08T20:06:52.300+0000] {logging_mixin.py:188} INFO - [2024-03-08T20:06:52.300+0000] {dag.py:3047} INFO - Sync 1 DAGs
[2024-03-08T20:06:52.322+0000] {logging_mixin.py:188} INFO - [2024-03-08T20:06:52.322+0000] {dag.py:3834} INFO - Setting next_dagrun for mongodb_to_sql6 to 2024-03-07 00:00:00+00:00, run_after=2024-03-08 00:00:00+00:00
[2024-03-08T20:06:52.336+0000] {processor.py:183} INFO - Processing /opt/airflow/dags/restrore_mongo/main_dag_sql_enam.py took 0.352 seconds
[2024-03-08T20:07:02.382+0000] {processor.py:161} INFO - Started process (PID=4560) to work on /opt/airflow/dags/restrore_mongo/main_dag_sql_enam.py
[2024-03-08T20:07:02.383+0000] {processor.py:830} INFO - Processing file /opt/airflow/dags/restrore_mongo/main_dag_sql_enam.py for tasks to queue
[2024-03-08T20:07:02.385+0000] {logging_mixin.py:188} INFO - [2024-03-08T20:07:02.385+0000] {dagbag.py:540} INFO - Filling up the DagBag from /opt/airflow/dags/restrore_mongo/main_dag_sql_enam.py
[2024-03-08T20:07:02.670+0000] {processor.py:840} INFO - DAG(s) 'mongodb_to_sql6' retrieved from /opt/airflow/dags/restrore_mongo/main_dag_sql_enam.py
[2024-03-08T20:07:02.755+0000] {logging_mixin.py:188} INFO - [2024-03-08T20:07:02.755+0000] {dag.py:3047} INFO - Sync 1 DAGs
[2024-03-08T20:07:02.774+0000] {logging_mixin.py:188} INFO - [2024-03-08T20:07:02.774+0000] {dag.py:3834} INFO - Setting next_dagrun for mongodb_to_sql6 to 2024-03-07 00:00:00+00:00, run_after=2024-03-08 00:00:00+00:00
[2024-03-08T20:07:02.794+0000] {processor.py:183} INFO - Processing /opt/airflow/dags/restrore_mongo/main_dag_sql_enam.py took 0.415 seconds
[2024-03-08T20:07:33.106+0000] {processor.py:161} INFO - Started process (PID=4583) to work on /opt/airflow/dags/restrore_mongo/main_dag_sql_enam.py
[2024-03-08T20:07:33.108+0000] {processor.py:830} INFO - Processing file /opt/airflow/dags/restrore_mongo/main_dag_sql_enam.py for tasks to queue
[2024-03-08T20:07:33.112+0000] {logging_mixin.py:188} INFO - [2024-03-08T20:07:33.111+0000] {dagbag.py:540} INFO - Filling up the DagBag from /opt/airflow/dags/restrore_mongo/main_dag_sql_enam.py
[2024-03-08T20:07:33.398+0000] {processor.py:840} INFO - DAG(s) 'mongodb_to_sql6' retrieved from /opt/airflow/dags/restrore_mongo/main_dag_sql_enam.py
[2024-03-08T20:07:33.418+0000] {logging_mixin.py:188} INFO - [2024-03-08T20:07:33.417+0000] {dag.py:3047} INFO - Sync 1 DAGs
[2024-03-08T20:07:33.437+0000] {logging_mixin.py:188} INFO - [2024-03-08T20:07:33.437+0000] {dag.py:3834} INFO - Setting next_dagrun for mongodb_to_sql6 to 2024-03-07 00:00:00+00:00, run_after=2024-03-08 00:00:00+00:00
[2024-03-08T20:07:33.451+0000] {processor.py:183} INFO - Processing /opt/airflow/dags/restrore_mongo/main_dag_sql_enam.py took 0.353 seconds
[2024-03-08T20:07:58.417+0000] {processor.py:161} INFO - Started process (PID=4606) to work on /opt/airflow/dags/restrore_mongo/main_dag_sql_enam.py
[2024-03-08T20:07:58.420+0000] {processor.py:830} INFO - Processing file /opt/airflow/dags/restrore_mongo/main_dag_sql_enam.py for tasks to queue
[2024-03-08T20:07:58.424+0000] {logging_mixin.py:188} INFO - [2024-03-08T20:07:58.423+0000] {dagbag.py:540} INFO - Filling up the DagBag from /opt/airflow/dags/restrore_mongo/main_dag_sql_enam.py
[2024-03-08T20:07:58.729+0000] {processor.py:840} INFO - DAG(s) 'mongodb_to_sql6' retrieved from /opt/airflow/dags/restrore_mongo/main_dag_sql_enam.py
[2024-03-08T20:07:58.752+0000] {logging_mixin.py:188} INFO - [2024-03-08T20:07:58.752+0000] {dag.py:3047} INFO - Sync 1 DAGs
[2024-03-08T20:07:58.775+0000] {logging_mixin.py:188} INFO - [2024-03-08T20:07:58.775+0000] {dag.py:3834} INFO - Setting next_dagrun for mongodb_to_sql6 to 2024-03-07 00:00:00+00:00, run_after=2024-03-08 00:00:00+00:00
[2024-03-08T20:07:58.794+0000] {processor.py:183} INFO - Processing /opt/airflow/dags/restrore_mongo/main_dag_sql_enam.py took 0.383 seconds
[2024-03-08T20:08:29.056+0000] {processor.py:161} INFO - Started process (PID=4629) to work on /opt/airflow/dags/restrore_mongo/main_dag_sql_enam.py
[2024-03-08T20:08:29.057+0000] {processor.py:830} INFO - Processing file /opt/airflow/dags/restrore_mongo/main_dag_sql_enam.py for tasks to queue
[2024-03-08T20:08:29.060+0000] {logging_mixin.py:188} INFO - [2024-03-08T20:08:29.060+0000] {dagbag.py:540} INFO - Filling up the DagBag from /opt/airflow/dags/restrore_mongo/main_dag_sql_enam.py
[2024-03-08T20:08:29.348+0000] {processor.py:840} INFO - DAG(s) 'mongodb_to_sql6' retrieved from /opt/airflow/dags/restrore_mongo/main_dag_sql_enam.py
[2024-03-08T20:08:29.369+0000] {logging_mixin.py:188} INFO - [2024-03-08T20:08:29.369+0000] {dag.py:3047} INFO - Sync 1 DAGs
[2024-03-08T20:08:29.390+0000] {logging_mixin.py:188} INFO - [2024-03-08T20:08:29.390+0000] {dag.py:3834} INFO - Setting next_dagrun for mongodb_to_sql6 to 2024-03-07 00:00:00+00:00, run_after=2024-03-08 00:00:00+00:00
[2024-03-08T20:08:29.409+0000] {processor.py:183} INFO - Processing /opt/airflow/dags/restrore_mongo/main_dag_sql_enam.py took 0.356 seconds
[2024-03-08T20:08:59.884+0000] {processor.py:161} INFO - Started process (PID=4652) to work on /opt/airflow/dags/restrore_mongo/main_dag_sql_enam.py
[2024-03-08T20:08:59.886+0000] {processor.py:830} INFO - Processing file /opt/airflow/dags/restrore_mongo/main_dag_sql_enam.py for tasks to queue
[2024-03-08T20:08:59.894+0000] {logging_mixin.py:188} INFO - [2024-03-08T20:08:59.893+0000] {dagbag.py:540} INFO - Filling up the DagBag from /opt/airflow/dags/restrore_mongo/main_dag_sql_enam.py
[2024-03-08T20:09:00.189+0000] {processor.py:840} INFO - DAG(s) 'mongodb_to_sql6' retrieved from /opt/airflow/dags/restrore_mongo/main_dag_sql_enam.py
[2024-03-08T20:09:00.208+0000] {logging_mixin.py:188} INFO - [2024-03-08T20:09:00.208+0000] {dag.py:3047} INFO - Sync 1 DAGs
[2024-03-08T20:09:00.230+0000] {logging_mixin.py:188} INFO - [2024-03-08T20:09:00.230+0000] {dag.py:3834} INFO - Setting next_dagrun for mongodb_to_sql6 to 2024-03-08 00:00:00+00:00, run_after=2024-03-09 00:00:00+00:00
[2024-03-08T20:09:00.245+0000] {processor.py:183} INFO - Processing /opt/airflow/dags/restrore_mongo/main_dag_sql_enam.py took 0.370 seconds
[2024-03-08T20:09:30.512+0000] {processor.py:161} INFO - Started process (PID=4675) to work on /opt/airflow/dags/restrore_mongo/main_dag_sql_enam.py
[2024-03-08T20:09:30.514+0000] {processor.py:830} INFO - Processing file /opt/airflow/dags/restrore_mongo/main_dag_sql_enam.py for tasks to queue
[2024-03-08T20:09:30.517+0000] {logging_mixin.py:188} INFO - [2024-03-08T20:09:30.516+0000] {dagbag.py:540} INFO - Filling up the DagBag from /opt/airflow/dags/restrore_mongo/main_dag_sql_enam.py
[2024-03-08T20:09:30.785+0000] {processor.py:840} INFO - DAG(s) 'mongodb_to_sql6' retrieved from /opt/airflow/dags/restrore_mongo/main_dag_sql_enam.py
[2024-03-08T20:09:30.805+0000] {logging_mixin.py:188} INFO - [2024-03-08T20:09:30.804+0000] {dag.py:3047} INFO - Sync 1 DAGs
[2024-03-08T20:09:30.825+0000] {logging_mixin.py:188} INFO - [2024-03-08T20:09:30.824+0000] {dag.py:3834} INFO - Setting next_dagrun for mongodb_to_sql6 to 2024-03-08 00:00:00+00:00, run_after=2024-03-09 00:00:00+00:00
[2024-03-08T20:09:30.839+0000] {processor.py:183} INFO - Processing /opt/airflow/dags/restrore_mongo/main_dag_sql_enam.py took 0.334 seconds
[2024-03-08T20:10:01.048+0000] {processor.py:161} INFO - Started process (PID=4698) to work on /opt/airflow/dags/restrore_mongo/main_dag_sql_enam.py
[2024-03-08T20:10:01.050+0000] {processor.py:830} INFO - Processing file /opt/airflow/dags/restrore_mongo/main_dag_sql_enam.py for tasks to queue
[2024-03-08T20:10:01.052+0000] {logging_mixin.py:188} INFO - [2024-03-08T20:10:01.052+0000] {dagbag.py:540} INFO - Filling up the DagBag from /opt/airflow/dags/restrore_mongo/main_dag_sql_enam.py
[2024-03-08T20:10:01.334+0000] {processor.py:840} INFO - DAG(s) 'mongodb_to_sql6' retrieved from /opt/airflow/dags/restrore_mongo/main_dag_sql_enam.py
[2024-03-08T20:10:01.358+0000] {logging_mixin.py:188} INFO - [2024-03-08T20:10:01.358+0000] {dag.py:3047} INFO - Sync 1 DAGs
[2024-03-08T20:10:01.379+0000] {logging_mixin.py:188} INFO - [2024-03-08T20:10:01.378+0000] {dag.py:3834} INFO - Setting next_dagrun for mongodb_to_sql6 to 2024-03-08 00:00:00+00:00, run_after=2024-03-09 00:00:00+00:00
[2024-03-08T20:10:01.394+0000] {processor.py:183} INFO - Processing /opt/airflow/dags/restrore_mongo/main_dag_sql_enam.py took 0.349 seconds
[2024-03-08T20:10:31.670+0000] {processor.py:161} INFO - Started process (PID=4721) to work on /opt/airflow/dags/restrore_mongo/main_dag_sql_enam.py
[2024-03-08T20:10:31.673+0000] {processor.py:830} INFO - Processing file /opt/airflow/dags/restrore_mongo/main_dag_sql_enam.py for tasks to queue
[2024-03-08T20:10:31.678+0000] {logging_mixin.py:188} INFO - [2024-03-08T20:10:31.677+0000] {dagbag.py:540} INFO - Filling up the DagBag from /opt/airflow/dags/restrore_mongo/main_dag_sql_enam.py
[2024-03-08T20:10:31.990+0000] {processor.py:840} INFO - DAG(s) 'mongodb_to_sql6' retrieved from /opt/airflow/dags/restrore_mongo/main_dag_sql_enam.py
[2024-03-08T20:10:32.012+0000] {logging_mixin.py:188} INFO - [2024-03-08T20:10:32.012+0000] {dag.py:3047} INFO - Sync 1 DAGs
[2024-03-08T20:10:32.036+0000] {logging_mixin.py:188} INFO - [2024-03-08T20:10:32.035+0000] {dag.py:3834} INFO - Setting next_dagrun for mongodb_to_sql6 to 2024-03-08 00:00:00+00:00, run_after=2024-03-09 00:00:00+00:00
[2024-03-08T20:10:32.052+0000] {processor.py:183} INFO - Processing /opt/airflow/dags/restrore_mongo/main_dag_sql_enam.py took 0.399 seconds
[2024-03-08T20:11:02.334+0000] {processor.py:161} INFO - Started process (PID=4744) to work on /opt/airflow/dags/restrore_mongo/main_dag_sql_enam.py
[2024-03-08T20:11:02.336+0000] {processor.py:830} INFO - Processing file /opt/airflow/dags/restrore_mongo/main_dag_sql_enam.py for tasks to queue
[2024-03-08T20:11:02.340+0000] {logging_mixin.py:188} INFO - [2024-03-08T20:11:02.339+0000] {dagbag.py:540} INFO - Filling up the DagBag from /opt/airflow/dags/restrore_mongo/main_dag_sql_enam.py
[2024-03-08T20:11:02.614+0000] {processor.py:840} INFO - DAG(s) 'mongodb_to_sql6' retrieved from /opt/airflow/dags/restrore_mongo/main_dag_sql_enam.py
[2024-03-08T20:11:02.634+0000] {logging_mixin.py:188} INFO - [2024-03-08T20:11:02.634+0000] {dag.py:3047} INFO - Sync 1 DAGs
[2024-03-08T20:11:02.654+0000] {logging_mixin.py:188} INFO - [2024-03-08T20:11:02.654+0000] {dag.py:3834} INFO - Setting next_dagrun for mongodb_to_sql6 to 2024-03-08 00:00:00+00:00, run_after=2024-03-09 00:00:00+00:00
[2024-03-08T20:11:02.669+0000] {processor.py:183} INFO - Processing /opt/airflow/dags/restrore_mongo/main_dag_sql_enam.py took 0.339 seconds
[2024-03-08T20:11:33.017+0000] {processor.py:161} INFO - Started process (PID=4767) to work on /opt/airflow/dags/restrore_mongo/main_dag_sql_enam.py
[2024-03-08T20:11:33.021+0000] {processor.py:830} INFO - Processing file /opt/airflow/dags/restrore_mongo/main_dag_sql_enam.py for tasks to queue
[2024-03-08T20:11:33.031+0000] {logging_mixin.py:188} INFO - [2024-03-08T20:11:33.029+0000] {dagbag.py:540} INFO - Filling up the DagBag from /opt/airflow/dags/restrore_mongo/main_dag_sql_enam.py
[2024-03-08T20:11:33.328+0000] {processor.py:840} INFO - DAG(s) 'mongodb_to_sql6' retrieved from /opt/airflow/dags/restrore_mongo/main_dag_sql_enam.py
[2024-03-08T20:11:33.346+0000] {logging_mixin.py:188} INFO - [2024-03-08T20:11:33.346+0000] {dag.py:3047} INFO - Sync 1 DAGs
[2024-03-08T20:11:33.367+0000] {logging_mixin.py:188} INFO - [2024-03-08T20:11:33.367+0000] {dag.py:3834} INFO - Setting next_dagrun for mongodb_to_sql6 to 2024-03-08 00:00:00+00:00, run_after=2024-03-09 00:00:00+00:00
[2024-03-08T20:11:33.381+0000] {processor.py:183} INFO - Processing /opt/airflow/dags/restrore_mongo/main_dag_sql_enam.py took 0.380 seconds
[2024-03-08T20:12:03.584+0000] {processor.py:161} INFO - Started process (PID=4790) to work on /opt/airflow/dags/restrore_mongo/main_dag_sql_enam.py
[2024-03-08T20:12:03.590+0000] {processor.py:830} INFO - Processing file /opt/airflow/dags/restrore_mongo/main_dag_sql_enam.py for tasks to queue
[2024-03-08T20:12:03.597+0000] {logging_mixin.py:188} INFO - [2024-03-08T20:12:03.596+0000] {dagbag.py:540} INFO - Filling up the DagBag from /opt/airflow/dags/restrore_mongo/main_dag_sql_enam.py
[2024-03-08T20:12:03.895+0000] {processor.py:840} INFO - DAG(s) 'mongodb_to_sql6' retrieved from /opt/airflow/dags/restrore_mongo/main_dag_sql_enam.py
[2024-03-08T20:12:03.916+0000] {logging_mixin.py:188} INFO - [2024-03-08T20:12:03.915+0000] {dag.py:3047} INFO - Sync 1 DAGs
[2024-03-08T20:12:03.937+0000] {logging_mixin.py:188} INFO - [2024-03-08T20:12:03.937+0000] {dag.py:3834} INFO - Setting next_dagrun for mongodb_to_sql6 to 2024-03-08 00:00:00+00:00, run_after=2024-03-09 00:00:00+00:00
[2024-03-08T20:12:03.953+0000] {processor.py:183} INFO - Processing /opt/airflow/dags/restrore_mongo/main_dag_sql_enam.py took 0.383 seconds
[2024-03-08T20:12:34.356+0000] {processor.py:161} INFO - Started process (PID=4813) to work on /opt/airflow/dags/restrore_mongo/main_dag_sql_enam.py
[2024-03-08T20:12:34.359+0000] {processor.py:830} INFO - Processing file /opt/airflow/dags/restrore_mongo/main_dag_sql_enam.py for tasks to queue
[2024-03-08T20:12:34.362+0000] {logging_mixin.py:188} INFO - [2024-03-08T20:12:34.361+0000] {dagbag.py:540} INFO - Filling up the DagBag from /opt/airflow/dags/restrore_mongo/main_dag_sql_enam.py
[2024-03-08T20:12:34.636+0000] {processor.py:840} INFO - DAG(s) 'mongodb_to_sql6' retrieved from /opt/airflow/dags/restrore_mongo/main_dag_sql_enam.py
[2024-03-08T20:12:34.655+0000] {logging_mixin.py:188} INFO - [2024-03-08T20:12:34.655+0000] {dag.py:3047} INFO - Sync 1 DAGs
[2024-03-08T20:12:34.676+0000] {logging_mixin.py:188} INFO - [2024-03-08T20:12:34.676+0000] {dag.py:3834} INFO - Setting next_dagrun for mongodb_to_sql6 to 2024-03-08 00:00:00+00:00, run_after=2024-03-09 00:00:00+00:00
[2024-03-08T20:12:34.690+0000] {processor.py:183} INFO - Processing /opt/airflow/dags/restrore_mongo/main_dag_sql_enam.py took 0.339 seconds
[2024-03-08T20:13:05.079+0000] {processor.py:161} INFO - Started process (PID=4836) to work on /opt/airflow/dags/restrore_mongo/main_dag_sql_enam.py
[2024-03-08T20:13:05.081+0000] {processor.py:830} INFO - Processing file /opt/airflow/dags/restrore_mongo/main_dag_sql_enam.py for tasks to queue
[2024-03-08T20:13:05.085+0000] {logging_mixin.py:188} INFO - [2024-03-08T20:13:05.084+0000] {dagbag.py:540} INFO - Filling up the DagBag from /opt/airflow/dags/restrore_mongo/main_dag_sql_enam.py
[2024-03-08T20:13:05.363+0000] {processor.py:840} INFO - DAG(s) 'mongodb_to_sql6' retrieved from /opt/airflow/dags/restrore_mongo/main_dag_sql_enam.py
[2024-03-08T20:13:05.384+0000] {logging_mixin.py:188} INFO - [2024-03-08T20:13:05.383+0000] {dag.py:3047} INFO - Sync 1 DAGs
[2024-03-08T20:13:05.404+0000] {logging_mixin.py:188} INFO - [2024-03-08T20:13:05.404+0000] {dag.py:3834} INFO - Setting next_dagrun for mongodb_to_sql6 to 2024-03-08 00:00:00+00:00, run_after=2024-03-09 00:00:00+00:00
[2024-03-08T20:13:05.419+0000] {processor.py:183} INFO - Processing /opt/airflow/dags/restrore_mongo/main_dag_sql_enam.py took 0.348 seconds
[2024-03-08T20:13:35.852+0000] {processor.py:161} INFO - Started process (PID=4859) to work on /opt/airflow/dags/restrore_mongo/main_dag_sql_enam.py
[2024-03-08T20:13:35.855+0000] {processor.py:830} INFO - Processing file /opt/airflow/dags/restrore_mongo/main_dag_sql_enam.py for tasks to queue
[2024-03-08T20:13:35.860+0000] {logging_mixin.py:188} INFO - [2024-03-08T20:13:35.859+0000] {dagbag.py:540} INFO - Filling up the DagBag from /opt/airflow/dags/restrore_mongo/main_dag_sql_enam.py
[2024-03-08T20:13:36.135+0000] {processor.py:840} INFO - DAG(s) 'mongodb_to_sql6' retrieved from /opt/airflow/dags/restrore_mongo/main_dag_sql_enam.py
[2024-03-08T20:13:36.154+0000] {logging_mixin.py:188} INFO - [2024-03-08T20:13:36.154+0000] {dag.py:3047} INFO - Sync 1 DAGs
[2024-03-08T20:13:36.179+0000] {logging_mixin.py:188} INFO - [2024-03-08T20:13:36.179+0000] {dag.py:3834} INFO - Setting next_dagrun for mongodb_to_sql6 to 2024-03-08 00:00:00+00:00, run_after=2024-03-09 00:00:00+00:00
[2024-03-08T20:13:36.193+0000] {processor.py:183} INFO - Processing /opt/airflow/dags/restrore_mongo/main_dag_sql_enam.py took 0.355 seconds
[2024-03-08T20:14:06.396+0000] {processor.py:161} INFO - Started process (PID=4882) to work on /opt/airflow/dags/restrore_mongo/main_dag_sql_enam.py
[2024-03-08T20:14:06.398+0000] {processor.py:830} INFO - Processing file /opt/airflow/dags/restrore_mongo/main_dag_sql_enam.py for tasks to queue
[2024-03-08T20:14:06.402+0000] {logging_mixin.py:188} INFO - [2024-03-08T20:14:06.401+0000] {dagbag.py:540} INFO - Filling up the DagBag from /opt/airflow/dags/restrore_mongo/main_dag_sql_enam.py
[2024-03-08T20:14:06.673+0000] {processor.py:840} INFO - DAG(s) 'mongodb_to_sql6' retrieved from /opt/airflow/dags/restrore_mongo/main_dag_sql_enam.py
[2024-03-08T20:14:06.692+0000] {logging_mixin.py:188} INFO - [2024-03-08T20:14:06.692+0000] {dag.py:3047} INFO - Sync 1 DAGs
[2024-03-08T20:14:06.713+0000] {logging_mixin.py:188} INFO - [2024-03-08T20:14:06.713+0000] {dag.py:3834} INFO - Setting next_dagrun for mongodb_to_sql6 to 2024-03-08 00:00:00+00:00, run_after=2024-03-09 00:00:00+00:00
[2024-03-08T20:14:06.727+0000] {processor.py:183} INFO - Processing /opt/airflow/dags/restrore_mongo/main_dag_sql_enam.py took 0.336 seconds
[2024-03-08T20:14:37.010+0000] {processor.py:161} INFO - Started process (PID=4905) to work on /opt/airflow/dags/restrore_mongo/main_dag_sql_enam.py
[2024-03-08T20:14:37.011+0000] {processor.py:830} INFO - Processing file /opt/airflow/dags/restrore_mongo/main_dag_sql_enam.py for tasks to queue
[2024-03-08T20:14:37.014+0000] {logging_mixin.py:188} INFO - [2024-03-08T20:14:37.013+0000] {dagbag.py:540} INFO - Filling up the DagBag from /opt/airflow/dags/restrore_mongo/main_dag_sql_enam.py
[2024-03-08T20:14:37.290+0000] {processor.py:840} INFO - DAG(s) 'mongodb_to_sql6' retrieved from /opt/airflow/dags/restrore_mongo/main_dag_sql_enam.py
[2024-03-08T20:14:37.309+0000] {logging_mixin.py:188} INFO - [2024-03-08T20:14:37.309+0000] {dag.py:3047} INFO - Sync 1 DAGs
[2024-03-08T20:14:37.329+0000] {logging_mixin.py:188} INFO - [2024-03-08T20:14:37.329+0000] {dag.py:3834} INFO - Setting next_dagrun for mongodb_to_sql6 to 2024-03-08 00:00:00+00:00, run_after=2024-03-09 00:00:00+00:00
[2024-03-08T20:14:37.343+0000] {processor.py:183} INFO - Processing /opt/airflow/dags/restrore_mongo/main_dag_sql_enam.py took 0.336 seconds
[2024-03-08T20:15:07.656+0000] {processor.py:161} INFO - Started process (PID=4928) to work on /opt/airflow/dags/restrore_mongo/main_dag_sql_enam.py
[2024-03-08T20:15:07.662+0000] {processor.py:830} INFO - Processing file /opt/airflow/dags/restrore_mongo/main_dag_sql_enam.py for tasks to queue
[2024-03-08T20:15:07.672+0000] {logging_mixin.py:188} INFO - [2024-03-08T20:15:07.670+0000] {dagbag.py:540} INFO - Filling up the DagBag from /opt/airflow/dags/restrore_mongo/main_dag_sql_enam.py
[2024-03-08T20:15:07.944+0000] {processor.py:840} INFO - DAG(s) 'mongodb_to_sql6' retrieved from /opt/airflow/dags/restrore_mongo/main_dag_sql_enam.py
[2024-03-08T20:15:07.963+0000] {logging_mixin.py:188} INFO - [2024-03-08T20:15:07.962+0000] {dag.py:3047} INFO - Sync 1 DAGs
[2024-03-08T20:15:07.984+0000] {logging_mixin.py:188} INFO - [2024-03-08T20:15:07.983+0000] {dag.py:3834} INFO - Setting next_dagrun for mongodb_to_sql6 to 2024-03-08 00:00:00+00:00, run_after=2024-03-09 00:00:00+00:00
[2024-03-08T20:15:07.998+0000] {processor.py:183} INFO - Processing /opt/airflow/dags/restrore_mongo/main_dag_sql_enam.py took 0.357 seconds
[2024-03-08T20:15:38.278+0000] {processor.py:161} INFO - Started process (PID=4951) to work on /opt/airflow/dags/restrore_mongo/main_dag_sql_enam.py
[2024-03-08T20:15:38.279+0000] {processor.py:830} INFO - Processing file /opt/airflow/dags/restrore_mongo/main_dag_sql_enam.py for tasks to queue
[2024-03-08T20:15:38.281+0000] {logging_mixin.py:188} INFO - [2024-03-08T20:15:38.280+0000] {dagbag.py:540} INFO - Filling up the DagBag from /opt/airflow/dags/restrore_mongo/main_dag_sql_enam.py
[2024-03-08T20:15:38.562+0000] {processor.py:840} INFO - DAG(s) 'mongodb_to_sql6' retrieved from /opt/airflow/dags/restrore_mongo/main_dag_sql_enam.py
[2024-03-08T20:15:38.584+0000] {logging_mixin.py:188} INFO - [2024-03-08T20:15:38.584+0000] {dag.py:3047} INFO - Sync 1 DAGs
[2024-03-08T20:15:38.604+0000] {logging_mixin.py:188} INFO - [2024-03-08T20:15:38.604+0000] {dag.py:3834} INFO - Setting next_dagrun for mongodb_to_sql6 to 2024-03-08 00:00:00+00:00, run_after=2024-03-09 00:00:00+00:00
[2024-03-08T20:15:38.619+0000] {processor.py:183} INFO - Processing /opt/airflow/dags/restrore_mongo/main_dag_sql_enam.py took 0.345 seconds
[2024-03-08T20:16:08.941+0000] {processor.py:161} INFO - Started process (PID=4974) to work on /opt/airflow/dags/restrore_mongo/main_dag_sql_enam.py
[2024-03-08T20:16:08.942+0000] {processor.py:830} INFO - Processing file /opt/airflow/dags/restrore_mongo/main_dag_sql_enam.py for tasks to queue
[2024-03-08T20:16:08.945+0000] {logging_mixin.py:188} INFO - [2024-03-08T20:16:08.944+0000] {dagbag.py:540} INFO - Filling up the DagBag from /opt/airflow/dags/restrore_mongo/main_dag_sql_enam.py
[2024-03-08T20:16:09.230+0000] {processor.py:840} INFO - DAG(s) 'mongodb_to_sql6' retrieved from /opt/airflow/dags/restrore_mongo/main_dag_sql_enam.py
[2024-03-08T20:16:09.251+0000] {logging_mixin.py:188} INFO - [2024-03-08T20:16:09.251+0000] {dag.py:3047} INFO - Sync 1 DAGs
[2024-03-08T20:16:09.272+0000] {logging_mixin.py:188} INFO - [2024-03-08T20:16:09.272+0000] {dag.py:3834} INFO - Setting next_dagrun for mongodb_to_sql6 to 2024-03-08 00:00:00+00:00, run_after=2024-03-09 00:00:00+00:00
[2024-03-08T20:16:09.381+0000] {processor.py:183} INFO - Processing /opt/airflow/dags/restrore_mongo/main_dag_sql_enam.py took 0.444 seconds
[2024-03-08T20:16:39.819+0000] {processor.py:161} INFO - Started process (PID=4997) to work on /opt/airflow/dags/restrore_mongo/main_dag_sql_enam.py
[2024-03-08T20:16:39.823+0000] {processor.py:830} INFO - Processing file /opt/airflow/dags/restrore_mongo/main_dag_sql_enam.py for tasks to queue
[2024-03-08T20:16:39.828+0000] {logging_mixin.py:188} INFO - [2024-03-08T20:16:39.827+0000] {dagbag.py:540} INFO - Filling up the DagBag from /opt/airflow/dags/restrore_mongo/main_dag_sql_enam.py
[2024-03-08T20:16:40.111+0000] {processor.py:840} INFO - DAG(s) 'mongodb_to_sql6' retrieved from /opt/airflow/dags/restrore_mongo/main_dag_sql_enam.py
[2024-03-08T20:16:40.131+0000] {logging_mixin.py:188} INFO - [2024-03-08T20:16:40.130+0000] {dag.py:3047} INFO - Sync 1 DAGs
[2024-03-08T20:16:40.150+0000] {logging_mixin.py:188} INFO - [2024-03-08T20:16:40.150+0000] {dag.py:3834} INFO - Setting next_dagrun for mongodb_to_sql6 to 2024-03-08 00:00:00+00:00, run_after=2024-03-09 00:00:00+00:00
[2024-03-08T20:16:40.164+0000] {processor.py:183} INFO - Processing /opt/airflow/dags/restrore_mongo/main_dag_sql_enam.py took 0.360 seconds
[2024-03-08T20:17:10.481+0000] {processor.py:161} INFO - Started process (PID=5020) to work on /opt/airflow/dags/restrore_mongo/main_dag_sql_enam.py
[2024-03-08T20:17:10.484+0000] {processor.py:830} INFO - Processing file /opt/airflow/dags/restrore_mongo/main_dag_sql_enam.py for tasks to queue
[2024-03-08T20:17:10.488+0000] {logging_mixin.py:188} INFO - [2024-03-08T20:17:10.487+0000] {dagbag.py:540} INFO - Filling up the DagBag from /opt/airflow/dags/restrore_mongo/main_dag_sql_enam.py
[2024-03-08T20:17:10.762+0000] {processor.py:840} INFO - DAG(s) 'mongodb_to_sql6' retrieved from /opt/airflow/dags/restrore_mongo/main_dag_sql_enam.py
[2024-03-08T20:17:10.781+0000] {logging_mixin.py:188} INFO - [2024-03-08T20:17:10.780+0000] {dag.py:3047} INFO - Sync 1 DAGs
[2024-03-08T20:17:10.800+0000] {logging_mixin.py:188} INFO - [2024-03-08T20:17:10.800+0000] {dag.py:3834} INFO - Setting next_dagrun for mongodb_to_sql6 to 2024-03-08 00:00:00+00:00, run_after=2024-03-09 00:00:00+00:00
[2024-03-08T20:17:10.814+0000] {processor.py:183} INFO - Processing /opt/airflow/dags/restrore_mongo/main_dag_sql_enam.py took 0.344 seconds
[2024-03-08T20:17:41.224+0000] {processor.py:161} INFO - Started process (PID=5043) to work on /opt/airflow/dags/restrore_mongo/main_dag_sql_enam.py
[2024-03-08T20:17:41.225+0000] {processor.py:830} INFO - Processing file /opt/airflow/dags/restrore_mongo/main_dag_sql_enam.py for tasks to queue
[2024-03-08T20:17:41.228+0000] {logging_mixin.py:188} INFO - [2024-03-08T20:17:41.227+0000] {dagbag.py:540} INFO - Filling up the DagBag from /opt/airflow/dags/restrore_mongo/main_dag_sql_enam.py
[2024-03-08T20:17:41.524+0000] {processor.py:840} INFO - DAG(s) 'mongodb_to_sql6' retrieved from /opt/airflow/dags/restrore_mongo/main_dag_sql_enam.py
[2024-03-08T20:17:41.552+0000] {logging_mixin.py:188} INFO - [2024-03-08T20:17:41.551+0000] {dag.py:3047} INFO - Sync 1 DAGs
[2024-03-08T20:17:41.578+0000] {logging_mixin.py:188} INFO - [2024-03-08T20:17:41.578+0000] {dag.py:3834} INFO - Setting next_dagrun for mongodb_to_sql6 to 2024-03-08 00:00:00+00:00, run_after=2024-03-09 00:00:00+00:00
[2024-03-08T20:17:41.596+0000] {processor.py:183} INFO - Processing /opt/airflow/dags/restrore_mongo/main_dag_sql_enam.py took 0.376 seconds
[2024-03-08T20:18:11.956+0000] {processor.py:161} INFO - Started process (PID=5066) to work on /opt/airflow/dags/restrore_mongo/main_dag_sql_enam.py
[2024-03-08T20:18:11.960+0000] {processor.py:830} INFO - Processing file /opt/airflow/dags/restrore_mongo/main_dag_sql_enam.py for tasks to queue
[2024-03-08T20:18:11.966+0000] {logging_mixin.py:188} INFO - [2024-03-08T20:18:11.965+0000] {dagbag.py:540} INFO - Filling up the DagBag from /opt/airflow/dags/restrore_mongo/main_dag_sql_enam.py
[2024-03-08T20:18:12.254+0000] {processor.py:840} INFO - DAG(s) 'mongodb_to_sql6' retrieved from /opt/airflow/dags/restrore_mongo/main_dag_sql_enam.py
[2024-03-08T20:18:12.274+0000] {logging_mixin.py:188} INFO - [2024-03-08T20:18:12.274+0000] {dag.py:3047} INFO - Sync 1 DAGs
[2024-03-08T20:18:12.295+0000] {logging_mixin.py:188} INFO - [2024-03-08T20:18:12.294+0000] {dag.py:3834} INFO - Setting next_dagrun for mongodb_to_sql6 to 2024-03-08 00:00:00+00:00, run_after=2024-03-09 00:00:00+00:00
[2024-03-08T20:18:12.309+0000] {processor.py:183} INFO - Processing /opt/airflow/dags/restrore_mongo/main_dag_sql_enam.py took 0.371 seconds
[2024-03-08T20:18:42.686+0000] {processor.py:161} INFO - Started process (PID=5089) to work on /opt/airflow/dags/restrore_mongo/main_dag_sql_enam.py
[2024-03-08T20:18:42.689+0000] {processor.py:830} INFO - Processing file /opt/airflow/dags/restrore_mongo/main_dag_sql_enam.py for tasks to queue
[2024-03-08T20:18:42.692+0000] {logging_mixin.py:188} INFO - [2024-03-08T20:18:42.691+0000] {dagbag.py:540} INFO - Filling up the DagBag from /opt/airflow/dags/restrore_mongo/main_dag_sql_enam.py
[2024-03-08T20:18:43.162+0000] {processor.py:840} INFO - DAG(s) 'mongodb_to_sql6' retrieved from /opt/airflow/dags/restrore_mongo/main_dag_sql_enam.py
[2024-03-08T20:18:43.186+0000] {logging_mixin.py:188} INFO - [2024-03-08T20:18:43.185+0000] {dag.py:3047} INFO - Sync 1 DAGs
[2024-03-08T20:18:43.316+0000] {logging_mixin.py:188} INFO - [2024-03-08T20:18:43.316+0000] {dag.py:3834} INFO - Setting next_dagrun for mongodb_to_sql6 to 2024-03-08 00:00:00+00:00, run_after=2024-03-09 00:00:00+00:00
[2024-03-08T20:18:43.332+0000] {processor.py:183} INFO - Processing /opt/airflow/dags/restrore_mongo/main_dag_sql_enam.py took 0.651 seconds
[2024-03-08T20:19:13.642+0000] {processor.py:161} INFO - Started process (PID=5112) to work on /opt/airflow/dags/restrore_mongo/main_dag_sql_enam.py
[2024-03-08T20:19:13.644+0000] {processor.py:830} INFO - Processing file /opt/airflow/dags/restrore_mongo/main_dag_sql_enam.py for tasks to queue
[2024-03-08T20:19:13.649+0000] {logging_mixin.py:188} INFO - [2024-03-08T20:19:13.648+0000] {dagbag.py:540} INFO - Filling up the DagBag from /opt/airflow/dags/restrore_mongo/main_dag_sql_enam.py
[2024-03-08T20:19:13.944+0000] {processor.py:840} INFO - DAG(s) 'mongodb_to_sql6' retrieved from /opt/airflow/dags/restrore_mongo/main_dag_sql_enam.py
[2024-03-08T20:19:13.966+0000] {logging_mixin.py:188} INFO - [2024-03-08T20:19:13.966+0000] {dag.py:3047} INFO - Sync 1 DAGs
[2024-03-08T20:19:13.988+0000] {logging_mixin.py:188} INFO - [2024-03-08T20:19:13.987+0000] {dag.py:3834} INFO - Setting next_dagrun for mongodb_to_sql6 to 2024-03-08 00:00:00+00:00, run_after=2024-03-09 00:00:00+00:00
[2024-03-08T20:19:14.004+0000] {processor.py:183} INFO - Processing /opt/airflow/dags/restrore_mongo/main_dag_sql_enam.py took 0.371 seconds
[2024-03-08T20:19:44.376+0000] {processor.py:161} INFO - Started process (PID=5135) to work on /opt/airflow/dags/restrore_mongo/main_dag_sql_enam.py
[2024-03-08T20:19:44.377+0000] {processor.py:830} INFO - Processing file /opt/airflow/dags/restrore_mongo/main_dag_sql_enam.py for tasks to queue
[2024-03-08T20:19:44.379+0000] {logging_mixin.py:188} INFO - [2024-03-08T20:19:44.379+0000] {dagbag.py:540} INFO - Filling up the DagBag from /opt/airflow/dags/restrore_mongo/main_dag_sql_enam.py
[2024-03-08T20:19:44.674+0000] {processor.py:840} INFO - DAG(s) 'mongodb_to_sql6' retrieved from /opt/airflow/dags/restrore_mongo/main_dag_sql_enam.py
[2024-03-08T20:19:44.695+0000] {logging_mixin.py:188} INFO - [2024-03-08T20:19:44.694+0000] {dag.py:3047} INFO - Sync 1 DAGs
[2024-03-08T20:19:44.716+0000] {logging_mixin.py:188} INFO - [2024-03-08T20:19:44.716+0000] {dag.py:3834} INFO - Setting next_dagrun for mongodb_to_sql6 to 2024-03-08 00:00:00+00:00, run_after=2024-03-09 00:00:00+00:00
[2024-03-08T20:19:44.733+0000] {processor.py:183} INFO - Processing /opt/airflow/dags/restrore_mongo/main_dag_sql_enam.py took 0.361 seconds
[2024-03-08T20:20:15.292+0000] {processor.py:161} INFO - Started process (PID=5158) to work on /opt/airflow/dags/restrore_mongo/main_dag_sql_enam.py
[2024-03-08T20:20:15.296+0000] {processor.py:830} INFO - Processing file /opt/airflow/dags/restrore_mongo/main_dag_sql_enam.py for tasks to queue
[2024-03-08T20:20:15.302+0000] {logging_mixin.py:188} INFO - [2024-03-08T20:20:15.301+0000] {dagbag.py:540} INFO - Filling up the DagBag from /opt/airflow/dags/restrore_mongo/main_dag_sql_enam.py
[2024-03-08T20:20:15.587+0000] {processor.py:840} INFO - DAG(s) 'mongodb_to_sql6' retrieved from /opt/airflow/dags/restrore_mongo/main_dag_sql_enam.py
[2024-03-08T20:20:15.609+0000] {logging_mixin.py:188} INFO - [2024-03-08T20:20:15.609+0000] {dag.py:3047} INFO - Sync 1 DAGs
[2024-03-08T20:20:15.629+0000] {logging_mixin.py:188} INFO - [2024-03-08T20:20:15.629+0000] {dag.py:3834} INFO - Setting next_dagrun for mongodb_to_sql6 to 2024-03-08 00:00:00+00:00, run_after=2024-03-09 00:00:00+00:00
[2024-03-08T20:20:15.644+0000] {processor.py:183} INFO - Processing /opt/airflow/dags/restrore_mongo/main_dag_sql_enam.py took 0.362 seconds
[2024-03-08T20:20:45.962+0000] {processor.py:161} INFO - Started process (PID=5181) to work on /opt/airflow/dags/restrore_mongo/main_dag_sql_enam.py
[2024-03-08T20:20:45.963+0000] {processor.py:830} INFO - Processing file /opt/airflow/dags/restrore_mongo/main_dag_sql_enam.py for tasks to queue
[2024-03-08T20:20:45.965+0000] {logging_mixin.py:188} INFO - [2024-03-08T20:20:45.965+0000] {dagbag.py:540} INFO - Filling up the DagBag from /opt/airflow/dags/restrore_mongo/main_dag_sql_enam.py
[2024-03-08T20:20:46.237+0000] {processor.py:840} INFO - DAG(s) 'mongodb_to_sql6' retrieved from /opt/airflow/dags/restrore_mongo/main_dag_sql_enam.py
[2024-03-08T20:20:46.257+0000] {logging_mixin.py:188} INFO - [2024-03-08T20:20:46.256+0000] {dag.py:3047} INFO - Sync 1 DAGs
[2024-03-08T20:20:46.278+0000] {logging_mixin.py:188} INFO - [2024-03-08T20:20:46.277+0000] {dag.py:3834} INFO - Setting next_dagrun for mongodb_to_sql6 to 2024-03-08 00:00:00+00:00, run_after=2024-03-09 00:00:00+00:00
[2024-03-08T20:20:46.291+0000] {processor.py:183} INFO - Processing /opt/airflow/dags/restrore_mongo/main_dag_sql_enam.py took 0.333 seconds
[2024-03-08T20:21:16.329+0000] {processor.py:161} INFO - Started process (PID=5208) to work on /opt/airflow/dags/restrore_mongo/main_dag_sql_enam.py
[2024-03-08T20:21:16.331+0000] {processor.py:830} INFO - Processing file /opt/airflow/dags/restrore_mongo/main_dag_sql_enam.py for tasks to queue
[2024-03-08T20:21:16.333+0000] {logging_mixin.py:188} INFO - [2024-03-08T20:21:16.333+0000] {dagbag.py:540} INFO - Filling up the DagBag from /opt/airflow/dags/restrore_mongo/main_dag_sql_enam.py
[2024-03-08T20:21:16.615+0000] {processor.py:840} INFO - DAG(s) 'mongodb_to_sql6' retrieved from /opt/airflow/dags/restrore_mongo/main_dag_sql_enam.py
[2024-03-08T20:21:16.635+0000] {logging_mixin.py:188} INFO - [2024-03-08T20:21:16.635+0000] {dag.py:3047} INFO - Sync 1 DAGs
[2024-03-08T20:21:16.754+0000] {logging_mixin.py:188} INFO - [2024-03-08T20:21:16.754+0000] {dag.py:3834} INFO - Setting next_dagrun for mongodb_to_sql6 to 2024-03-08 00:00:00+00:00, run_after=2024-03-09 00:00:00+00:00
[2024-03-08T20:21:16.770+0000] {processor.py:183} INFO - Processing /opt/airflow/dags/restrore_mongo/main_dag_sql_enam.py took 0.445 seconds
[2024-03-08T20:21:47.373+0000] {processor.py:161} INFO - Started process (PID=5241) to work on /opt/airflow/dags/restrore_mongo/main_dag_sql_enam.py
[2024-03-08T20:21:47.375+0000] {processor.py:830} INFO - Processing file /opt/airflow/dags/restrore_mongo/main_dag_sql_enam.py for tasks to queue
[2024-03-08T20:21:47.377+0000] {logging_mixin.py:188} INFO - [2024-03-08T20:21:47.377+0000] {dagbag.py:540} INFO - Filling up the DagBag from /opt/airflow/dags/restrore_mongo/main_dag_sql_enam.py
[2024-03-08T20:21:47.668+0000] {processor.py:840} INFO - DAG(s) 'mongodb_to_sql6' retrieved from /opt/airflow/dags/restrore_mongo/main_dag_sql_enam.py
[2024-03-08T20:21:47.689+0000] {logging_mixin.py:188} INFO - [2024-03-08T20:21:47.688+0000] {dag.py:3047} INFO - Sync 1 DAGs
[2024-03-08T20:21:47.711+0000] {logging_mixin.py:188} INFO - [2024-03-08T20:21:47.711+0000] {dag.py:3834} INFO - Setting next_dagrun for mongodb_to_sql6 to 2024-03-08 00:00:00+00:00, run_after=2024-03-09 00:00:00+00:00
[2024-03-08T20:21:47.726+0000] {processor.py:183} INFO - Processing /opt/airflow/dags/restrore_mongo/main_dag_sql_enam.py took 0.356 seconds
[2024-03-08T20:22:17.770+0000] {processor.py:161} INFO - Started process (PID=5270) to work on /opt/airflow/dags/restrore_mongo/main_dag_sql_enam.py
[2024-03-08T20:22:17.773+0000] {processor.py:830} INFO - Processing file /opt/airflow/dags/restrore_mongo/main_dag_sql_enam.py for tasks to queue
[2024-03-08T20:22:17.777+0000] {logging_mixin.py:188} INFO - [2024-03-08T20:22:17.776+0000] {dagbag.py:540} INFO - Filling up the DagBag from /opt/airflow/dags/restrore_mongo/main_dag_sql_enam.py
[2024-03-08T20:22:18.146+0000] {processor.py:840} INFO - DAG(s) 'mongodb_to_sql6' retrieved from /opt/airflow/dags/restrore_mongo/main_dag_sql_enam.py
[2024-03-08T20:22:18.169+0000] {logging_mixin.py:188} INFO - [2024-03-08T20:22:18.169+0000] {dag.py:3047} INFO - Sync 1 DAGs
[2024-03-08T20:22:18.300+0000] {logging_mixin.py:188} INFO - [2024-03-08T20:22:18.300+0000] {dag.py:3834} INFO - Setting next_dagrun for mongodb_to_sql6 to 2024-03-08 00:00:00+00:00, run_after=2024-03-09 00:00:00+00:00
[2024-03-08T20:22:18.319+0000] {processor.py:183} INFO - Processing /opt/airflow/dags/restrore_mongo/main_dag_sql_enam.py took 0.555 seconds
[2024-03-08T20:22:48.665+0000] {processor.py:161} INFO - Started process (PID=5297) to work on /opt/airflow/dags/restrore_mongo/main_dag_sql_enam.py
[2024-03-08T20:22:48.669+0000] {processor.py:830} INFO - Processing file /opt/airflow/dags/restrore_mongo/main_dag_sql_enam.py for tasks to queue
[2024-03-08T20:22:48.677+0000] {logging_mixin.py:188} INFO - [2024-03-08T20:22:48.675+0000] {dagbag.py:540} INFO - Filling up the DagBag from /opt/airflow/dags/restrore_mongo/main_dag_sql_enam.py
[2024-03-08T20:22:48.977+0000] {processor.py:840} INFO - DAG(s) 'mongodb_to_sql6' retrieved from /opt/airflow/dags/restrore_mongo/main_dag_sql_enam.py
[2024-03-08T20:22:48.998+0000] {logging_mixin.py:188} INFO - [2024-03-08T20:22:48.997+0000] {dag.py:3047} INFO - Sync 1 DAGs
[2024-03-08T20:22:49.020+0000] {logging_mixin.py:188} INFO - [2024-03-08T20:22:49.020+0000] {dag.py:3834} INFO - Setting next_dagrun for mongodb_to_sql6 to 2024-03-08 00:00:00+00:00, run_after=2024-03-09 00:00:00+00:00
[2024-03-08T20:22:49.036+0000] {processor.py:183} INFO - Processing /opt/airflow/dags/restrore_mongo/main_dag_sql_enam.py took 0.381 seconds
[2024-03-08T20:23:19.513+0000] {processor.py:161} INFO - Started process (PID=5324) to work on /opt/airflow/dags/restrore_mongo/main_dag_sql_enam.py
[2024-03-08T20:23:19.517+0000] {processor.py:830} INFO - Processing file /opt/airflow/dags/restrore_mongo/main_dag_sql_enam.py for tasks to queue
[2024-03-08T20:23:19.523+0000] {logging_mixin.py:188} INFO - [2024-03-08T20:23:19.522+0000] {dagbag.py:540} INFO - Filling up the DagBag from /opt/airflow/dags/restrore_mongo/main_dag_sql_enam.py
[2024-03-08T20:23:19.790+0000] {processor.py:840} INFO - DAG(s) 'mongodb_to_sql6' retrieved from /opt/airflow/dags/restrore_mongo/main_dag_sql_enam.py
[2024-03-08T20:23:19.809+0000] {logging_mixin.py:188} INFO - [2024-03-08T20:23:19.809+0000] {dag.py:3047} INFO - Sync 1 DAGs
[2024-03-08T20:23:19.923+0000] {logging_mixin.py:188} INFO - [2024-03-08T20:23:19.923+0000] {dag.py:3834} INFO - Setting next_dagrun for mongodb_to_sql6 to 2024-03-08 00:00:00+00:00, run_after=2024-03-09 00:00:00+00:00
[2024-03-08T20:23:19.938+0000] {processor.py:183} INFO - Processing /opt/airflow/dags/restrore_mongo/main_dag_sql_enam.py took 0.439 seconds
[2024-03-08T20:23:50.197+0000] {processor.py:161} INFO - Started process (PID=5351) to work on /opt/airflow/dags/restrore_mongo/main_dag_sql_enam.py
[2024-03-08T20:23:50.199+0000] {processor.py:830} INFO - Processing file /opt/airflow/dags/restrore_mongo/main_dag_sql_enam.py for tasks to queue
[2024-03-08T20:23:50.203+0000] {logging_mixin.py:188} INFO - [2024-03-08T20:23:50.202+0000] {dagbag.py:540} INFO - Filling up the DagBag from /opt/airflow/dags/restrore_mongo/main_dag_sql_enam.py
[2024-03-08T20:23:50.612+0000] {processor.py:840} INFO - DAG(s) 'mongodb_to_sql6' retrieved from /opt/airflow/dags/restrore_mongo/main_dag_sql_enam.py
[2024-03-08T20:23:50.636+0000] {logging_mixin.py:188} INFO - [2024-03-08T20:23:50.635+0000] {dag.py:3047} INFO - Sync 1 DAGs
[2024-03-08T20:23:50.657+0000] {logging_mixin.py:188} INFO - [2024-03-08T20:23:50.657+0000] {dag.py:3834} INFO - Setting next_dagrun for mongodb_to_sql6 to 2024-03-08 00:00:00+00:00, run_after=2024-03-09 00:00:00+00:00
[2024-03-08T20:23:50.672+0000] {processor.py:183} INFO - Processing /opt/airflow/dags/restrore_mongo/main_dag_sql_enam.py took 0.482 seconds
[2024-03-08T20:24:20.746+0000] {processor.py:161} INFO - Started process (PID=5378) to work on /opt/airflow/dags/restrore_mongo/main_dag_sql_enam.py
[2024-03-08T20:24:20.748+0000] {processor.py:830} INFO - Processing file /opt/airflow/dags/restrore_mongo/main_dag_sql_enam.py for tasks to queue
[2024-03-08T20:24:20.751+0000] {logging_mixin.py:188} INFO - [2024-03-08T20:24:20.750+0000] {dagbag.py:540} INFO - Filling up the DagBag from /opt/airflow/dags/restrore_mongo/main_dag_sql_enam.py
[2024-03-08T20:24:21.040+0000] {processor.py:840} INFO - DAG(s) 'mongodb_to_sql6' retrieved from /opt/airflow/dags/restrore_mongo/main_dag_sql_enam.py
[2024-03-08T20:24:21.060+0000] {logging_mixin.py:188} INFO - [2024-03-08T20:24:21.060+0000] {dag.py:3047} INFO - Sync 1 DAGs
[2024-03-08T20:24:21.180+0000] {logging_mixin.py:188} INFO - [2024-03-08T20:24:21.180+0000] {dag.py:3834} INFO - Setting next_dagrun for mongodb_to_sql6 to 2024-03-08 00:00:00+00:00, run_after=2024-03-09 00:00:00+00:00
[2024-03-08T20:24:21.194+0000] {processor.py:183} INFO - Processing /opt/airflow/dags/restrore_mongo/main_dag_sql_enam.py took 0.454 seconds
[2024-03-08T20:24:51.401+0000] {processor.py:161} INFO - Started process (PID=5405) to work on /opt/airflow/dags/restrore_mongo/main_dag_sql_enam.py
[2024-03-08T20:24:51.403+0000] {processor.py:830} INFO - Processing file /opt/airflow/dags/restrore_mongo/main_dag_sql_enam.py for tasks to queue
[2024-03-08T20:24:51.408+0000] {logging_mixin.py:188} INFO - [2024-03-08T20:24:51.408+0000] {dagbag.py:540} INFO - Filling up the DagBag from /opt/airflow/dags/restrore_mongo/main_dag_sql_enam.py
[2024-03-08T20:24:51.676+0000] {processor.py:840} INFO - DAG(s) 'mongodb_to_sql6' retrieved from /opt/airflow/dags/restrore_mongo/main_dag_sql_enam.py
[2024-03-08T20:24:51.695+0000] {logging_mixin.py:188} INFO - [2024-03-08T20:24:51.695+0000] {dag.py:3047} INFO - Sync 1 DAGs
[2024-03-08T20:24:51.715+0000] {logging_mixin.py:188} INFO - [2024-03-08T20:24:51.715+0000] {dag.py:3834} INFO - Setting next_dagrun for mongodb_to_sql6 to 2024-03-08 00:00:00+00:00, run_after=2024-03-09 00:00:00+00:00
[2024-03-08T20:24:51.731+0000] {processor.py:183} INFO - Processing /opt/airflow/dags/restrore_mongo/main_dag_sql_enam.py took 0.343 seconds
[2024-03-08T20:25:22.065+0000] {processor.py:161} INFO - Started process (PID=5432) to work on /opt/airflow/dags/restrore_mongo/main_dag_sql_enam.py
[2024-03-08T20:25:22.067+0000] {processor.py:830} INFO - Processing file /opt/airflow/dags/restrore_mongo/main_dag_sql_enam.py for tasks to queue
[2024-03-08T20:25:22.070+0000] {logging_mixin.py:188} INFO - [2024-03-08T20:25:22.070+0000] {dagbag.py:540} INFO - Filling up the DagBag from /opt/airflow/dags/restrore_mongo/main_dag_sql_enam.py
[2024-03-08T20:25:22.380+0000] {processor.py:840} INFO - DAG(s) 'mongodb_to_sql6' retrieved from /opt/airflow/dags/restrore_mongo/main_dag_sql_enam.py
[2024-03-08T20:25:22.400+0000] {logging_mixin.py:188} INFO - [2024-03-08T20:25:22.400+0000] {dag.py:3047} INFO - Sync 1 DAGs
[2024-03-08T20:25:22.529+0000] {logging_mixin.py:188} INFO - [2024-03-08T20:25:22.529+0000] {dag.py:3834} INFO - Setting next_dagrun for mongodb_to_sql6 to 2024-03-08 00:00:00+00:00, run_after=2024-03-09 00:00:00+00:00
[2024-03-08T20:25:22.542+0000] {processor.py:183} INFO - Processing /opt/airflow/dags/restrore_mongo/main_dag_sql_enam.py took 0.484 seconds
[2024-03-08T20:25:52.819+0000] {processor.py:161} INFO - Started process (PID=5459) to work on /opt/airflow/dags/restrore_mongo/main_dag_sql_enam.py
[2024-03-08T20:25:52.821+0000] {processor.py:830} INFO - Processing file /opt/airflow/dags/restrore_mongo/main_dag_sql_enam.py for tasks to queue
[2024-03-08T20:25:52.823+0000] {logging_mixin.py:188} INFO - [2024-03-08T20:25:52.823+0000] {dagbag.py:540} INFO - Filling up the DagBag from /opt/airflow/dags/restrore_mongo/main_dag_sql_enam.py
[2024-03-08T20:25:53.196+0000] {processor.py:840} INFO - DAG(s) 'mongodb_to_sql6' retrieved from /opt/airflow/dags/restrore_mongo/main_dag_sql_enam.py
[2024-03-08T20:25:53.220+0000] {logging_mixin.py:188} INFO - [2024-03-08T20:25:53.219+0000] {dag.py:3047} INFO - Sync 1 DAGs
[2024-03-08T20:25:53.246+0000] {logging_mixin.py:188} INFO - [2024-03-08T20:25:53.246+0000] {dag.py:3834} INFO - Setting next_dagrun for mongodb_to_sql6 to 2024-03-08 00:00:00+00:00, run_after=2024-03-09 00:00:00+00:00
[2024-03-08T20:25:53.260+0000] {processor.py:183} INFO - Processing /opt/airflow/dags/restrore_mongo/main_dag_sql_enam.py took 0.444 seconds
[2024-03-08T20:26:23.426+0000] {processor.py:161} INFO - Started process (PID=5486) to work on /opt/airflow/dags/restrore_mongo/main_dag_sql_enam.py
[2024-03-08T20:26:23.427+0000] {processor.py:830} INFO - Processing file /opt/airflow/dags/restrore_mongo/main_dag_sql_enam.py for tasks to queue
[2024-03-08T20:26:23.429+0000] {logging_mixin.py:188} INFO - [2024-03-08T20:26:23.429+0000] {dagbag.py:540} INFO - Filling up the DagBag from /opt/airflow/dags/restrore_mongo/main_dag_sql_enam.py
[2024-03-08T20:26:23.709+0000] {processor.py:840} INFO - DAG(s) 'mongodb_to_sql6' retrieved from /opt/airflow/dags/restrore_mongo/main_dag_sql_enam.py
[2024-03-08T20:26:23.728+0000] {logging_mixin.py:188} INFO - [2024-03-08T20:26:23.728+0000] {dag.py:3047} INFO - Sync 1 DAGs
[2024-03-08T20:26:23.844+0000] {logging_mixin.py:188} INFO - [2024-03-08T20:26:23.844+0000] {dag.py:3834} INFO - Setting next_dagrun for mongodb_to_sql6 to 2024-03-08 00:00:00+00:00, run_after=2024-03-09 00:00:00+00:00
[2024-03-08T20:26:23.859+0000] {processor.py:183} INFO - Processing /opt/airflow/dags/restrore_mongo/main_dag_sql_enam.py took 0.437 seconds
[2024-03-08T20:26:54.289+0000] {processor.py:161} INFO - Started process (PID=5513) to work on /opt/airflow/dags/restrore_mongo/main_dag_sql_enam.py
[2024-03-08T20:26:54.290+0000] {processor.py:830} INFO - Processing file /opt/airflow/dags/restrore_mongo/main_dag_sql_enam.py for tasks to queue
[2024-03-08T20:26:54.293+0000] {logging_mixin.py:188} INFO - [2024-03-08T20:26:54.292+0000] {dagbag.py:540} INFO - Filling up the DagBag from /opt/airflow/dags/restrore_mongo/main_dag_sql_enam.py
[2024-03-08T20:26:54.674+0000] {processor.py:840} INFO - DAG(s) 'mongodb_to_sql6' retrieved from /opt/airflow/dags/restrore_mongo/main_dag_sql_enam.py
[2024-03-08T20:26:54.692+0000] {logging_mixin.py:188} INFO - [2024-03-08T20:26:54.692+0000] {dag.py:3047} INFO - Sync 1 DAGs
[2024-03-08T20:26:54.710+0000] {logging_mixin.py:188} INFO - [2024-03-08T20:26:54.710+0000] {dag.py:3834} INFO - Setting next_dagrun for mongodb_to_sql6 to 2024-03-08 00:00:00+00:00, run_after=2024-03-09 00:00:00+00:00
[2024-03-08T20:26:54.724+0000] {processor.py:183} INFO - Processing /opt/airflow/dags/restrore_mongo/main_dag_sql_enam.py took 0.438 seconds
[2024-03-08T20:27:25.114+0000] {processor.py:161} INFO - Started process (PID=5540) to work on /opt/airflow/dags/restrore_mongo/main_dag_sql_enam.py
[2024-03-08T20:27:25.116+0000] {processor.py:830} INFO - Processing file /opt/airflow/dags/restrore_mongo/main_dag_sql_enam.py for tasks to queue
[2024-03-08T20:27:25.120+0000] {logging_mixin.py:188} INFO - [2024-03-08T20:27:25.119+0000] {dagbag.py:540} INFO - Filling up the DagBag from /opt/airflow/dags/restrore_mongo/main_dag_sql_enam.py
[2024-03-08T20:27:25.529+0000] {processor.py:840} INFO - DAG(s) 'mongodb_to_sql6' retrieved from /opt/airflow/dags/restrore_mongo/main_dag_sql_enam.py
[2024-03-08T20:27:25.546+0000] {logging_mixin.py:188} INFO - [2024-03-08T20:27:25.546+0000] {dag.py:3047} INFO - Sync 1 DAGs
[2024-03-08T20:27:25.565+0000] {logging_mixin.py:188} INFO - [2024-03-08T20:27:25.565+0000] {dag.py:3834} INFO - Setting next_dagrun for mongodb_to_sql6 to 2024-03-08 00:00:00+00:00, run_after=2024-03-09 00:00:00+00:00
[2024-03-08T20:27:25.579+0000] {processor.py:183} INFO - Processing /opt/airflow/dags/restrore_mongo/main_dag_sql_enam.py took 0.474 seconds
[2024-03-08T20:27:56.603+0000] {processor.py:161} INFO - Started process (PID=5567) to work on /opt/airflow/dags/restrore_mongo/main_dag_sql_enam.py
[2024-03-08T20:27:56.605+0000] {processor.py:830} INFO - Processing file /opt/airflow/dags/restrore_mongo/main_dag_sql_enam.py for tasks to queue
[2024-03-08T20:27:56.610+0000] {logging_mixin.py:188} INFO - [2024-03-08T20:27:56.609+0000] {dagbag.py:540} INFO - Filling up the DagBag from /opt/airflow/dags/restrore_mongo/main_dag_sql_enam.py
[2024-03-08T20:27:56.975+0000] {processor.py:840} INFO - DAG(s) 'mongodb_to_sql6' retrieved from /opt/airflow/dags/restrore_mongo/main_dag_sql_enam.py
[2024-03-08T20:27:56.993+0000] {logging_mixin.py:188} INFO - [2024-03-08T20:27:56.993+0000] {dag.py:3047} INFO - Sync 1 DAGs
[2024-03-08T20:27:57.013+0000] {logging_mixin.py:188} INFO - [2024-03-08T20:27:57.013+0000] {dag.py:3834} INFO - Setting next_dagrun for mongodb_to_sql6 to 2024-03-08 00:00:00+00:00, run_after=2024-03-09 00:00:00+00:00
[2024-03-08T20:27:57.029+0000] {processor.py:183} INFO - Processing /opt/airflow/dags/restrore_mongo/main_dag_sql_enam.py took 0.432 seconds
[2024-03-08T20:28:27.503+0000] {processor.py:161} INFO - Started process (PID=5594) to work on /opt/airflow/dags/restrore_mongo/main_dag_sql_enam.py
[2024-03-08T20:28:27.508+0000] {processor.py:830} INFO - Processing file /opt/airflow/dags/restrore_mongo/main_dag_sql_enam.py for tasks to queue
[2024-03-08T20:28:27.514+0000] {logging_mixin.py:188} INFO - [2024-03-08T20:28:27.513+0000] {dagbag.py:540} INFO - Filling up the DagBag from /opt/airflow/dags/restrore_mongo/main_dag_sql_enam.py
[2024-03-08T20:28:27.885+0000] {processor.py:840} INFO - DAG(s) 'mongodb_to_sql6' retrieved from /opt/airflow/dags/restrore_mongo/main_dag_sql_enam.py
[2024-03-08T20:28:27.902+0000] {logging_mixin.py:188} INFO - [2024-03-08T20:28:27.902+0000] {dag.py:3047} INFO - Sync 1 DAGs
[2024-03-08T20:28:27.921+0000] {logging_mixin.py:188} INFO - [2024-03-08T20:28:27.920+0000] {dag.py:3834} INFO - Setting next_dagrun for mongodb_to_sql6 to 2024-03-08 00:00:00+00:00, run_after=2024-03-09 00:00:00+00:00
[2024-03-08T20:28:27.934+0000] {processor.py:183} INFO - Processing /opt/airflow/dags/restrore_mongo/main_dag_sql_enam.py took 0.445 seconds
[2024-03-08T20:28:57.991+0000] {processor.py:161} INFO - Started process (PID=5621) to work on /opt/airflow/dags/restrore_mongo/main_dag_sql_enam.py
[2024-03-08T20:28:57.993+0000] {processor.py:830} INFO - Processing file /opt/airflow/dags/restrore_mongo/main_dag_sql_enam.py for tasks to queue
[2024-03-08T20:28:57.997+0000] {logging_mixin.py:188} INFO - [2024-03-08T20:28:57.996+0000] {dagbag.py:540} INFO - Filling up the DagBag from /opt/airflow/dags/restrore_mongo/main_dag_sql_enam.py
[2024-03-08T20:28:58.410+0000] {processor.py:840} INFO - DAG(s) 'mongodb_to_sql6' retrieved from /opt/airflow/dags/restrore_mongo/main_dag_sql_enam.py
[2024-03-08T20:28:58.428+0000] {logging_mixin.py:188} INFO - [2024-03-08T20:28:58.427+0000] {dag.py:3047} INFO - Sync 1 DAGs
[2024-03-08T20:28:58.446+0000] {logging_mixin.py:188} INFO - [2024-03-08T20:28:58.446+0000] {dag.py:3834} INFO - Setting next_dagrun for mongodb_to_sql6 to 2024-03-08 00:00:00+00:00, run_after=2024-03-09 00:00:00+00:00
[2024-03-08T20:28:58.464+0000] {processor.py:183} INFO - Processing /opt/airflow/dags/restrore_mongo/main_dag_sql_enam.py took 0.480 seconds
[2024-03-08T20:29:28.701+0000] {processor.py:161} INFO - Started process (PID=5648) to work on /opt/airflow/dags/restrore_mongo/main_dag_sql_enam.py
[2024-03-08T20:29:28.703+0000] {processor.py:830} INFO - Processing file /opt/airflow/dags/restrore_mongo/main_dag_sql_enam.py for tasks to queue
[2024-03-08T20:29:28.707+0000] {logging_mixin.py:188} INFO - [2024-03-08T20:29:28.707+0000] {dagbag.py:540} INFO - Filling up the DagBag from /opt/airflow/dags/restrore_mongo/main_dag_sql_enam.py
[2024-03-08T20:29:29.085+0000] {processor.py:840} INFO - DAG(s) 'mongodb_to_sql6' retrieved from /opt/airflow/dags/restrore_mongo/main_dag_sql_enam.py
[2024-03-08T20:29:29.102+0000] {logging_mixin.py:188} INFO - [2024-03-08T20:29:29.101+0000] {dag.py:3047} INFO - Sync 1 DAGs
[2024-03-08T20:29:29.121+0000] {logging_mixin.py:188} INFO - [2024-03-08T20:29:29.120+0000] {dag.py:3834} INFO - Setting next_dagrun for mongodb_to_sql6 to 2024-03-08 00:00:00+00:00, run_after=2024-03-09 00:00:00+00:00
[2024-03-08T20:29:29.134+0000] {processor.py:183} INFO - Processing /opt/airflow/dags/restrore_mongo/main_dag_sql_enam.py took 0.443 seconds
[2024-03-08T20:29:59.223+0000] {processor.py:161} INFO - Started process (PID=5675) to work on /opt/airflow/dags/restrore_mongo/main_dag_sql_enam.py
[2024-03-08T20:29:59.225+0000] {processor.py:830} INFO - Processing file /opt/airflow/dags/restrore_mongo/main_dag_sql_enam.py for tasks to queue
[2024-03-08T20:29:59.229+0000] {logging_mixin.py:188} INFO - [2024-03-08T20:29:59.228+0000] {dagbag.py:540} INFO - Filling up the DagBag from /opt/airflow/dags/restrore_mongo/main_dag_sql_enam.py
[2024-03-08T20:29:59.592+0000] {processor.py:840} INFO - DAG(s) 'mongodb_to_sql6' retrieved from /opt/airflow/dags/restrore_mongo/main_dag_sql_enam.py
[2024-03-08T20:29:59.608+0000] {logging_mixin.py:188} INFO - [2024-03-08T20:29:59.608+0000] {dag.py:3047} INFO - Sync 1 DAGs
[2024-03-08T20:29:59.626+0000] {logging_mixin.py:188} INFO - [2024-03-08T20:29:59.626+0000] {dag.py:3834} INFO - Setting next_dagrun for mongodb_to_sql6 to 2024-03-08 00:00:00+00:00, run_after=2024-03-09 00:00:00+00:00
[2024-03-08T20:29:59.639+0000] {processor.py:183} INFO - Processing /opt/airflow/dags/restrore_mongo/main_dag_sql_enam.py took 0.424 seconds
[2024-03-08T20:30:30.321+0000] {processor.py:161} INFO - Started process (PID=5702) to work on /opt/airflow/dags/restrore_mongo/main_dag_sql_enam.py
[2024-03-08T20:30:30.325+0000] {processor.py:830} INFO - Processing file /opt/airflow/dags/restrore_mongo/main_dag_sql_enam.py for tasks to queue
[2024-03-08T20:30:30.331+0000] {logging_mixin.py:188} INFO - [2024-03-08T20:30:30.330+0000] {dagbag.py:540} INFO - Filling up the DagBag from /opt/airflow/dags/restrore_mongo/main_dag_sql_enam.py
[2024-03-08T20:30:30.694+0000] {processor.py:840} INFO - DAG(s) 'mongodb_to_sql6' retrieved from /opt/airflow/dags/restrore_mongo/main_dag_sql_enam.py
[2024-03-08T20:30:30.738+0000] {logging_mixin.py:188} INFO - [2024-03-08T20:30:30.737+0000] {dag.py:3047} INFO - Sync 1 DAGs
[2024-03-08T20:30:30.764+0000] {logging_mixin.py:188} INFO - [2024-03-08T20:30:30.764+0000] {dag.py:3834} INFO - Setting next_dagrun for mongodb_to_sql6 to 2024-03-08 00:00:00+00:00, run_after=2024-03-09 00:00:00+00:00
[2024-03-08T20:30:30.778+0000] {processor.py:183} INFO - Processing /opt/airflow/dags/restrore_mongo/main_dag_sql_enam.py took 0.471 seconds
[2024-03-08T20:31:01.485+0000] {processor.py:161} INFO - Started process (PID=5729) to work on /opt/airflow/dags/restrore_mongo/main_dag_sql_enam.py
[2024-03-08T20:31:01.486+0000] {processor.py:830} INFO - Processing file /opt/airflow/dags/restrore_mongo/main_dag_sql_enam.py for tasks to queue
[2024-03-08T20:31:01.488+0000] {logging_mixin.py:188} INFO - [2024-03-08T20:31:01.488+0000] {dagbag.py:540} INFO - Filling up the DagBag from /opt/airflow/dags/restrore_mongo/main_dag_sql_enam.py
[2024-03-08T20:31:01.844+0000] {processor.py:840} INFO - DAG(s) 'mongodb_to_sql6' retrieved from /opt/airflow/dags/restrore_mongo/main_dag_sql_enam.py
[2024-03-08T20:31:01.860+0000] {logging_mixin.py:188} INFO - [2024-03-08T20:31:01.860+0000] {dag.py:3047} INFO - Sync 1 DAGs
[2024-03-08T20:31:01.879+0000] {logging_mixin.py:188} INFO - [2024-03-08T20:31:01.879+0000] {dag.py:3834} INFO - Setting next_dagrun for mongodb_to_sql6 to 2024-03-08 00:00:00+00:00, run_after=2024-03-09 00:00:00+00:00
[2024-03-08T20:31:01.892+0000] {processor.py:183} INFO - Processing /opt/airflow/dags/restrore_mongo/main_dag_sql_enam.py took 0.410 seconds
[2024-03-08T20:31:31.975+0000] {processor.py:161} INFO - Started process (PID=5756) to work on /opt/airflow/dags/restrore_mongo/main_dag_sql_enam.py
[2024-03-08T20:31:31.976+0000] {processor.py:830} INFO - Processing file /opt/airflow/dags/restrore_mongo/main_dag_sql_enam.py for tasks to queue
[2024-03-08T20:31:31.978+0000] {logging_mixin.py:188} INFO - [2024-03-08T20:31:31.977+0000] {dagbag.py:540} INFO - Filling up the DagBag from /opt/airflow/dags/restrore_mongo/main_dag_sql_enam.py
[2024-03-08T20:31:32.359+0000] {processor.py:840} INFO - DAG(s) 'mongodb_to_sql6' retrieved from /opt/airflow/dags/restrore_mongo/main_dag_sql_enam.py
[2024-03-08T20:31:32.376+0000] {logging_mixin.py:188} INFO - [2024-03-08T20:31:32.376+0000] {dag.py:3047} INFO - Sync 1 DAGs
[2024-03-08T20:31:32.397+0000] {logging_mixin.py:188} INFO - [2024-03-08T20:31:32.396+0000] {dag.py:3834} INFO - Setting next_dagrun for mongodb_to_sql6 to 2024-03-08 00:00:00+00:00, run_after=2024-03-09 00:00:00+00:00
[2024-03-08T20:31:32.412+0000] {processor.py:183} INFO - Processing /opt/airflow/dags/restrore_mongo/main_dag_sql_enam.py took 0.440 seconds
[2024-03-08T20:32:02.598+0000] {processor.py:161} INFO - Started process (PID=5783) to work on /opt/airflow/dags/restrore_mongo/main_dag_sql_enam.py
[2024-03-08T20:32:02.600+0000] {processor.py:830} INFO - Processing file /opt/airflow/dags/restrore_mongo/main_dag_sql_enam.py for tasks to queue
[2024-03-08T20:32:02.602+0000] {logging_mixin.py:188} INFO - [2024-03-08T20:32:02.602+0000] {dagbag.py:540} INFO - Filling up the DagBag from /opt/airflow/dags/restrore_mongo/main_dag_sql_enam.py
[2024-03-08T20:32:03.020+0000] {processor.py:840} INFO - DAG(s) 'mongodb_to_sql6' retrieved from /opt/airflow/dags/restrore_mongo/main_dag_sql_enam.py
[2024-03-08T20:32:03.040+0000] {logging_mixin.py:188} INFO - [2024-03-08T20:32:03.040+0000] {dag.py:3047} INFO - Sync 1 DAGs
[2024-03-08T20:32:03.067+0000] {logging_mixin.py:188} INFO - [2024-03-08T20:32:03.067+0000] {dag.py:3834} INFO - Setting next_dagrun for mongodb_to_sql6 to 2024-03-08 00:00:00+00:00, run_after=2024-03-09 00:00:00+00:00
[2024-03-08T20:32:03.087+0000] {processor.py:183} INFO - Processing /opt/airflow/dags/restrore_mongo/main_dag_sql_enam.py took 0.492 seconds
