[2024-03-15T03:27:59.134+0000] {taskinstance.py:1979} INFO - Dependencies all met for dep_context=non-requeueable deps ti=<TaskInstance: etl_hourly_pintro_aplikasi_restore_copy.retrieve_data_and_save_to_csv manual__2024-03-15T03:27:57.679372+00:00 [queued]>
[2024-03-15T03:27:59.145+0000] {taskinstance.py:1979} INFO - Dependencies all met for dep_context=requeueable deps ti=<TaskInstance: etl_hourly_pintro_aplikasi_restore_copy.retrieve_data_and_save_to_csv manual__2024-03-15T03:27:57.679372+00:00 [queued]>
[2024-03-15T03:27:59.145+0000] {taskinstance.py:2193} INFO - Starting attempt 1 of 2
[2024-03-15T03:27:59.158+0000] {taskinstance.py:2214} INFO - Executing <Task(PythonOperator): retrieve_data_and_save_to_csv> on 2024-03-15 03:27:57.679372+00:00
[2024-03-15T03:27:59.163+0000] {standard_task_runner.py:60} INFO - Started process 9785 to run task
[2024-03-15T03:27:59.166+0000] {standard_task_runner.py:87} INFO - Running: ['***', 'tasks', 'run', 'etl_hourly_pintro_aplikasi_restore_copy', 'retrieve_data_and_save_to_csv', 'manual__2024-03-15T03:27:57.679372+00:00', '--job-id', '184', '--raw', '--subdir', 'DAGS_FOLDER/restrore_mongo/etl_hourly_pintro_aplikasi_restore copy.py', '--cfg-path', '/tmp/tmptjyf14dw']
[2024-03-15T03:27:59.168+0000] {standard_task_runner.py:88} INFO - Job 184: Subtask retrieve_data_and_save_to_csv
[2024-03-15T03:27:59.204+0000] {task_command.py:423} INFO - Running <TaskInstance: etl_hourly_pintro_aplikasi_restore_copy.retrieve_data_and_save_to_csv manual__2024-03-15T03:27:57.679372+00:00 [running]> on host f293363f8e27
[2024-03-15T03:27:59.268+0000] {taskinstance.py:2510} INFO - Exporting env vars: AIRFLOW_CTX_DAG_OWNER='Agus mahari' AIRFLOW_CTX_DAG_ID='etl_hourly_pintro_aplikasi_restore_copy' AIRFLOW_CTX_TASK_ID='retrieve_data_and_save_to_csv' AIRFLOW_CTX_EXECUTION_DATE='2024-03-15T03:27:57.679372+00:00' AIRFLOW_CTX_TRY_NUMBER='1' AIRFLOW_CTX_DAG_RUN_ID='manual__2024-03-15T03:27:57.679372+00:00'
[2024-03-15T03:27:59.269+0000] {warnings.py:109} WARNING - /home/***/.local/lib/python3.8/site-packages/***/utils/context.py:315: AirflowContextDeprecationWarning: Accessing 'execution_date' from the template is deprecated and will be removed in a future version. Please use 'data_interval_start' or 'logical_date' instead.
  warnings.warn(_create_deprecation_warning(k, replacements))

[2024-03-15T03:28:00.239+0000] {logging_mixin.py:188} INFO -                          _id  ...         execution_at
74  65f34b60903ae35d56964dfa  ...  2024-03-15 02:09:18
73  65f34b60903ae35d56964dfb  ...  2024-03-15 02:09:18
72  65f34b60903ae35d56964dfc  ...  2024-03-15 02:09:18
71  65f34b60903ae35d56964dfd  ...  2024-03-15 02:09:18
70  65f34b60903ae35d56964dfe  ...  2024-03-15 02:09:18
..                       ...  ...                  ...
4   65f38f8a6cf8d4f615d89ea1  ...  2024-03-15 07:00:05
3   65f38f8a6cf8d4f615d89ea2  ...  2024-03-15 07:00:05
2   65f39d999e825b0124788cf7  ...  2024-03-15 08:00:06
1   65f39d999e825b0124788cf8  ...  2024-03-15 08:00:06
0   65f39d999e825b0124788cf9  ...  2024-03-15 08:00:06

[75 rows x 10 columns]
[2024-03-15T03:28:00.245+0000] {python.py:202} INFO - Done. Returned value was: None
[2024-03-15T03:28:00.255+0000] {taskinstance.py:1149} INFO - Marking task as SUCCESS. dag_id=etl_hourly_pintro_aplikasi_restore_copy, task_id=retrieve_data_and_save_to_csv, execution_date=20240315T032757, start_date=20240315T032759, end_date=20240315T032800
[2024-03-15T03:28:00.288+0000] {local_task_job_runner.py:234} INFO - Task exited with return code 0
[2024-03-15T03:28:00.316+0000] {taskinstance.py:3309} INFO - 1 downstream tasks scheduled from follow-on schedule check
