[2024-03-17T08:01:11.161+0000] {taskinstance.py:1979} INFO - Dependencies all met for dep_context=non-requeueable deps ti=<TaskInstance: study_case_etl_cloud_storage_tiga.format_to_parquet_task manual__2024-03-17T08:01:00.229131+00:00 [queued]>
[2024-03-17T08:01:11.172+0000] {taskinstance.py:1979} INFO - Dependencies all met for dep_context=requeueable deps ti=<TaskInstance: study_case_etl_cloud_storage_tiga.format_to_parquet_task manual__2024-03-17T08:01:00.229131+00:00 [queued]>
[2024-03-17T08:01:11.173+0000] {taskinstance.py:2193} INFO - Starting attempt 1 of 2
[2024-03-17T08:01:11.188+0000] {taskinstance.py:2214} INFO - Executing <Task(PythonOperator): format_to_parquet_task> on 2024-03-17 08:01:00.229131+00:00
[2024-03-17T08:01:11.193+0000] {standard_task_runner.py:60} INFO - Started process 7850 to run task
[2024-03-17T08:01:11.197+0000] {standard_task_runner.py:87} INFO - Running: ['***', 'tasks', 'run', 'study_case_etl_cloud_storage_tiga', 'format_to_parquet_task', 'manual__2024-03-17T08:01:00.229131+00:00', '--job-id', '1007', '--raw', '--subdir', 'DAGS_FOLDER/etl_day_bigquery/study_case_etl_cloud_bigquery.py', '--cfg-path', '/tmp/tmphr8ev12k']
[2024-03-17T08:01:11.200+0000] {standard_task_runner.py:88} INFO - Job 1007: Subtask format_to_parquet_task
[2024-03-17T08:01:11.245+0000] {task_command.py:423} INFO - Running <TaskInstance: study_case_etl_cloud_storage_tiga.format_to_parquet_task manual__2024-03-17T08:01:00.229131+00:00 [running]> on host 1d5b76b26ba5
[2024-03-17T08:01:11.320+0000] {taskinstance.py:2510} INFO - Exporting env vars: AIRFLOW_CTX_DAG_OWNER='Agus mahari' AIRFLOW_CTX_DAG_ID='study_case_etl_cloud_storage_tiga' AIRFLOW_CTX_TASK_ID='format_to_parquet_task' AIRFLOW_CTX_EXECUTION_DATE='2024-03-17T08:01:00.229131+00:00' AIRFLOW_CTX_TRY_NUMBER='1' AIRFLOW_CTX_DAG_RUN_ID='manual__2024-03-17T08:01:00.229131+00:00'
[2024-03-17T08:01:11.322+0000] {taskinstance.py:2728} ERROR - Task failed with exception
Traceback (most recent call last):
  File "/home/airflow/.local/lib/python3.8/site-packages/airflow/models/taskinstance.py", line 444, in _execute_task
    result = _execute_callable(context=context, **execute_callable_kwargs)
  File "/home/airflow/.local/lib/python3.8/site-packages/airflow/models/taskinstance.py", line 414, in _execute_callable
    return execute_callable(context=context, **execute_callable_kwargs)
  File "/home/airflow/.local/lib/python3.8/site-packages/airflow/operators/python.py", line 200, in execute
    return_value = self.execute_callable()
  File "/home/airflow/.local/lib/python3.8/site-packages/airflow/operators/python.py", line 217, in execute_callable
    return self.python_callable(*self.op_args, **self.op_kwargs)
TypeError: format_to_parquet() missing 1 required positional argument: 'src_file'
[2024-03-17T08:01:11.331+0000] {taskinstance.py:1149} INFO - Marking task as UP_FOR_RETRY. dag_id=study_case_etl_cloud_storage_tiga, task_id=format_to_parquet_task, execution_date=20240317T080100, start_date=20240317T080111, end_date=20240317T080111
[2024-03-17T08:01:11.344+0000] {standard_task_runner.py:107} ERROR - Failed to execute job 1007 for task format_to_parquet_task (format_to_parquet() missing 1 required positional argument: 'src_file'; 7850)
[2024-03-17T08:01:11.375+0000] {local_task_job_runner.py:234} INFO - Task exited with return code 1
[2024-03-17T08:01:11.398+0000] {taskinstance.py:3309} INFO - 0 downstream tasks scheduled from follow-on schedule check
