[2024-03-12T19:15:24.824+0000] {taskinstance.py:1979} INFO - Dependencies all met for dep_context=non-requeueable deps ti=<TaskInstance: example_delapan_product.fetch_data_task manual__2024-03-12T19:15:23.716758+00:00 [queued]>
[2024-03-12T19:15:24.836+0000] {taskinstance.py:1979} INFO - Dependencies all met for dep_context=requeueable deps ti=<TaskInstance: example_delapan_product.fetch_data_task manual__2024-03-12T19:15:23.716758+00:00 [queued]>
[2024-03-12T19:15:24.837+0000] {taskinstance.py:2193} INFO - Starting attempt 1 of 2
[2024-03-12T19:15:24.852+0000] {taskinstance.py:2214} INFO - Executing <Task(PythonOperator): fetch_data_task> on 2024-03-12 19:15:23.716758+00:00
[2024-03-12T19:15:24.856+0000] {standard_task_runner.py:60} INFO - Started process 1393 to run task
[2024-03-12T19:15:24.859+0000] {standard_task_runner.py:87} INFO - Running: ['***', 'tasks', 'run', 'example_delapan_product', 'fetch_data_task', 'manual__2024-03-12T19:15:23.716758+00:00', '--job-id', '59', '--raw', '--subdir', 'DAGS_FOLDER/other_ingestion_postgre/main_dag_sql_delapan_product.py', '--cfg-path', '/tmp/tmplc044brj']
[2024-03-12T19:15:24.862+0000] {standard_task_runner.py:88} INFO - Job 59: Subtask fetch_data_task
[2024-03-12T19:15:24.897+0000] {task_command.py:423} INFO - Running <TaskInstance: example_delapan_product.fetch_data_task manual__2024-03-12T19:15:23.716758+00:00 [running]> on host 31e68e31498e
[2024-03-12T19:15:24.954+0000] {taskinstance.py:2510} INFO - Exporting env vars: AIRFLOW_CTX_DAG_OWNER='***' AIRFLOW_CTX_DAG_ID='example_delapan_product' AIRFLOW_CTX_TASK_ID='fetch_data_task' AIRFLOW_CTX_EXECUTION_DATE='2024-03-12T19:15:23.716758+00:00' AIRFLOW_CTX_TRY_NUMBER='1' AIRFLOW_CTX_DAG_RUN_ID='manual__2024-03-12T19:15:23.716758+00:00'
[2024-03-12T19:15:24.956+0000] {warnings.py:109} WARNING - /home/***/.local/lib/python3.8/site-packages/***/utils/context.py:315: AirflowContextDeprecationWarning: Accessing 'execution_date' from the template is deprecated and will be removed in a future version. Please use 'data_interval_start' or 'logical_date' instead.
  warnings.warn(_create_deprecation_warning(k, replacements))

[2024-03-12T19:15:27.646+0000] {logging_mixin.py:188} INFO - 2024-03-12 19:15:27,646 INFO sqlalchemy.engine.Engine SELECT DATABASE()
[2024-03-12T19:15:27.646+0000] {base.py:1863} INFO - SELECT DATABASE()
[2024-03-12T19:15:27.647+0000] {logging_mixin.py:188} INFO - 2024-03-12 19:15:27,647 INFO sqlalchemy.engine.Engine [raw sql] {}
[2024-03-12T19:15:27.647+0000] {base.py:1868} INFO - [raw sql] {}
[2024-03-12T19:15:28.528+0000] {logging_mixin.py:188} INFO - 2024-03-12 19:15:28,528 INFO sqlalchemy.engine.Engine SELECT @@sql_mode
[2024-03-12T19:15:28.528+0000] {base.py:1863} INFO - SELECT @@sql_mode
[2024-03-12T19:15:28.529+0000] {logging_mixin.py:188} INFO - 2024-03-12 19:15:28,529 INFO sqlalchemy.engine.Engine [raw sql] {}
[2024-03-12T19:15:28.529+0000] {base.py:1868} INFO - [raw sql] {}
[2024-03-12T19:15:28.994+0000] {logging_mixin.py:188} INFO - 2024-03-12 19:15:28,994 INFO sqlalchemy.engine.Engine SELECT @@lower_case_table_names
[2024-03-12T19:15:28.994+0000] {base.py:1863} INFO - SELECT @@lower_case_table_names
[2024-03-12T19:15:28.995+0000] {logging_mixin.py:188} INFO - 2024-03-12 19:15:28,995 INFO sqlalchemy.engine.Engine [raw sql] {}
[2024-03-12T19:15:28.995+0000] {base.py:1868} INFO - [raw sql] {}
[2024-03-12T19:15:29.658+0000] {logging_mixin.py:188} INFO - 2024-03-12 19:15:29,658 INFO sqlalchemy.engine.Engine 

SELECT 
    *, 
    CONVERT_TZ(NOW(), 'UTC', '+07:00') as execution_at
FROM test.product
[2024-03-12T19:15:29.658+0000] {base.py:1863} INFO - 

SELECT 
    *, 
    CONVERT_TZ(NOW(), 'UTC', '+07:00') as execution_at
FROM test.product 
[2024-03-12T19:15:29.659+0000] {logging_mixin.py:188} INFO - 2024-03-12 19:15:29,659 INFO sqlalchemy.engine.Engine [raw sql] {}
[2024-03-12T19:15:29.659+0000] {base.py:1868} INFO - [raw sql] {}
[2024-03-12T19:15:30.222+0000] {python.py:202} INFO - Done. Returned value was: None
[2024-03-12T19:15:30.235+0000] {taskinstance.py:1149} INFO - Marking task as SUCCESS. dag_id=example_delapan_product, task_id=fetch_data_task, execution_date=20240312T191523, start_date=20240312T191524, end_date=20240312T191530
[2024-03-12T19:15:30.280+0000] {local_task_job_runner.py:234} INFO - Task exited with return code 0
[2024-03-12T19:15:30.301+0000] {taskinstance.py:3309} INFO - 1 downstream tasks scheduled from follow-on schedule check
