[2024-03-16T06:06:32.854+0000] {taskinstance.py:1979} INFO - Dependencies all met for dep_context=non-requeueable deps ti=<TaskInstance: study_case_etl_cloud_storage.fetch_data_task scheduled__2024-03-14T23:00:00+00:00 [queued]>
[2024-03-16T06:06:32.868+0000] {taskinstance.py:1979} INFO - Dependencies all met for dep_context=requeueable deps ti=<TaskInstance: study_case_etl_cloud_storage.fetch_data_task scheduled__2024-03-14T23:00:00+00:00 [queued]>
[2024-03-16T06:06:32.869+0000] {taskinstance.py:2193} INFO - Starting attempt 1 of 2
[2024-03-16T06:06:33.067+0000] {taskinstance.py:2214} INFO - Executing <Task(PythonOperator): fetch_data_task> on 2024-03-14 23:00:00+00:00
[2024-03-16T06:06:33.083+0000] {standard_task_runner.py:60} INFO - Started process 149 to run task
[2024-03-16T06:06:33.095+0000] {standard_task_runner.py:87} INFO - Running: ['***', 'tasks', 'run', 'study_case_etl_cloud_storage', 'fetch_data_task', 'scheduled__2024-03-14T23:00:00+00:00', '--job-id', '484', '--raw', '--subdir', 'DAGS_FOLDER/etl_day_bigquery/study_case_etl_cloud_storage.py', '--cfg-path', '/tmp/tmp9ff6_gfo']
[2024-03-16T06:06:33.097+0000] {standard_task_runner.py:88} INFO - Job 484: Subtask fetch_data_task
[2024-03-16T06:06:33.225+0000] {task_command.py:423} INFO - Running <TaskInstance: study_case_etl_cloud_storage.fetch_data_task scheduled__2024-03-14T23:00:00+00:00 [running]> on host 72d5c878da28
[2024-03-16T06:06:33.306+0000] {taskinstance.py:2510} INFO - Exporting env vars: AIRFLOW_CTX_DAG_OWNER='Agus mahari' AIRFLOW_CTX_DAG_ID='study_case_etl_cloud_storage' AIRFLOW_CTX_TASK_ID='fetch_data_task' AIRFLOW_CTX_EXECUTION_DATE='2024-03-14T23:00:00+00:00' AIRFLOW_CTX_TRY_NUMBER='1' AIRFLOW_CTX_DAG_RUN_ID='scheduled__2024-03-14T23:00:00+00:00'
[2024-03-16T06:06:33.310+0000] {warnings.py:109} WARNING - /home/***/.local/lib/python3.8/site-packages/***/utils/context.py:315: AirflowContextDeprecationWarning: Accessing 'execution_date' from the template is deprecated and will be removed in a future version. Please use 'data_interval_start' or 'logical_date' instead.
  warnings.warn(_create_deprecation_warning(k, replacements))

[2024-03-16T06:06:36.100+0000] {logging_mixin.py:188} INFO - 2024-03-16 06:06:36,100 INFO sqlalchemy.engine.Engine SELECT DATABASE()
[2024-03-16T06:06:36.100+0000] {base.py:1863} INFO - SELECT DATABASE()
[2024-03-16T06:06:36.101+0000] {logging_mixin.py:188} INFO - 2024-03-16 06:06:36,101 INFO sqlalchemy.engine.Engine [raw sql] {}
[2024-03-16T06:06:36.101+0000] {base.py:1868} INFO - [raw sql] {}
[2024-03-16T06:06:36.989+0000] {logging_mixin.py:188} INFO - 2024-03-16 06:06:36,989 INFO sqlalchemy.engine.Engine SELECT @@sql_mode
[2024-03-16T06:06:36.989+0000] {base.py:1863} INFO - SELECT @@sql_mode
[2024-03-16T06:06:36.990+0000] {logging_mixin.py:188} INFO - 2024-03-16 06:06:36,990 INFO sqlalchemy.engine.Engine [raw sql] {}
[2024-03-16T06:06:36.990+0000] {base.py:1868} INFO - [raw sql] {}
[2024-03-16T06:06:37.437+0000] {logging_mixin.py:188} INFO - 2024-03-16 06:06:37,437 INFO sqlalchemy.engine.Engine SELECT @@lower_case_table_names
[2024-03-16T06:06:37.437+0000] {base.py:1863} INFO - SELECT @@lower_case_table_names
[2024-03-16T06:06:37.438+0000] {logging_mixin.py:188} INFO - 2024-03-16 06:06:37,438 INFO sqlalchemy.engine.Engine [raw sql] {}
[2024-03-16T06:06:37.438+0000] {base.py:1868} INFO - [raw sql] {}
[2024-03-16T06:06:38.112+0000] {logging_mixin.py:188} INFO - 2024-03-16 06:06:38,111 INFO sqlalchemy.engine.Engine 


   SELECT 
    *, 
    CONVERT_TZ(NOW(), 'UTC', '+07:00') as execution_at
FROM test.user
WHERE updated_at BETWEEN NOW() - INTERVAL 7 MINUTE AND NOW()
[2024-03-16T06:06:38.111+0000] {base.py:1863} INFO - 


   SELECT 
    *, 
    CONVERT_TZ(NOW(), 'UTC', '+07:00') as execution_at
FROM test.user
WHERE updated_at BETWEEN NOW() - INTERVAL 7 MINUTE AND NOW()
[2024-03-16T06:06:38.113+0000] {logging_mixin.py:188} INFO - 2024-03-16 06:06:38,113 INFO sqlalchemy.engine.Engine [raw sql] {}
[2024-03-16T06:06:38.113+0000] {base.py:1868} INFO - [raw sql] {}
[2024-03-16T06:06:38.778+0000] {python.py:202} INFO - Done. Returned value was: /opt/***/data/aplikasi_table_2024-03-14-23-00-00.parquet
[2024-03-16T06:06:38.820+0000] {taskinstance.py:1149} INFO - Marking task as SUCCESS. dag_id=study_case_etl_cloud_storage, task_id=fetch_data_task, execution_date=20240314T230000, start_date=20240316T060632, end_date=20240316T060638
[2024-03-16T06:06:38.858+0000] {local_task_job_runner.py:234} INFO - Task exited with return code 0
[2024-03-16T06:06:38.916+0000] {taskinstance.py:3309} INFO - 1 downstream tasks scheduled from follow-on schedule check
[2024-03-22T17:28:00.732+0000] {taskinstance.py:1979} INFO - Dependencies all met for dep_context=non-requeueable deps ti=<TaskInstance: study_case_etl_cloud_storage.fetch_data_task scheduled__2024-03-14T23:00:00+00:00 [queued]>
[2024-03-22T17:28:00.784+0000] {taskinstance.py:1979} INFO - Dependencies all met for dep_context=requeueable deps ti=<TaskInstance: study_case_etl_cloud_storage.fetch_data_task scheduled__2024-03-14T23:00:00+00:00 [queued]>
[2024-03-22T17:28:00.796+0000] {taskinstance.py:2193} INFO - Starting attempt 1 of 2
[2024-03-22T17:28:00.891+0000] {taskinstance.py:2214} INFO - Executing <Task(PythonOperator): fetch_data_task> on 2024-03-14 23:00:00+00:00
[2024-03-22T17:28:00.937+0000] {standard_task_runner.py:60} INFO - Started process 333 to run task
[2024-03-22T17:28:00.938+0000] {standard_task_runner.py:87} INFO - Running: ['***', 'tasks', 'run', 'study_case_etl_cloud_storage', 'fetch_data_task', 'scheduled__2024-03-14T23:00:00+00:00', '--job-id', '6', '--raw', '--subdir', 'DAGS_FOLDER/etl_day_bigquery/study_case_etl_cloud_storage.py', '--cfg-path', '/tmp/tmpqss6czok']
[2024-03-22T17:28:00.951+0000] {standard_task_runner.py:88} INFO - Job 6: Subtask fetch_data_task
[2024-03-22T17:28:01.090+0000] {task_command.py:423} INFO - Running <TaskInstance: study_case_etl_cloud_storage.fetch_data_task scheduled__2024-03-14T23:00:00+00:00 [running]> on host eb8b31fafb1e
[2024-03-22T17:28:01.234+0000] {taskinstance.py:2510} INFO - Exporting env vars: AIRFLOW_CTX_DAG_OWNER='Agus mahari' AIRFLOW_CTX_DAG_ID='study_case_etl_cloud_storage' AIRFLOW_CTX_TASK_ID='fetch_data_task' AIRFLOW_CTX_EXECUTION_DATE='2024-03-14T23:00:00+00:00' AIRFLOW_CTX_TRY_NUMBER='1' AIRFLOW_CTX_DAG_RUN_ID='scheduled__2024-03-14T23:00:00+00:00'
[2024-03-22T17:28:05.403+0000] {logging_mixin.py:188} INFO - 2024-03-22 17:28:05,403 INFO sqlalchemy.engine.Engine SELECT DATABASE()
[2024-03-22T17:28:05.403+0000] {base.py:1863} INFO - SELECT DATABASE()
[2024-03-22T17:28:05.404+0000] {logging_mixin.py:188} INFO - 2024-03-22 17:28:05,404 INFO sqlalchemy.engine.Engine [raw sql] {}
[2024-03-22T17:28:05.404+0000] {base.py:1868} INFO - [raw sql] {}
[2024-03-22T17:28:06.311+0000] {logging_mixin.py:188} INFO - 2024-03-22 17:28:06,311 INFO sqlalchemy.engine.Engine SELECT @@sql_mode
[2024-03-22T17:28:06.311+0000] {base.py:1863} INFO - SELECT @@sql_mode
[2024-03-22T17:28:06.312+0000] {logging_mixin.py:188} INFO - 2024-03-22 17:28:06,312 INFO sqlalchemy.engine.Engine [raw sql] {}
[2024-03-22T17:28:06.312+0000] {base.py:1868} INFO - [raw sql] {}
[2024-03-22T17:28:06.754+0000] {logging_mixin.py:188} INFO - 2024-03-22 17:28:06,754 INFO sqlalchemy.engine.Engine SELECT @@lower_case_table_names
[2024-03-22T17:28:06.754+0000] {base.py:1863} INFO - SELECT @@lower_case_table_names
[2024-03-22T17:28:06.756+0000] {logging_mixin.py:188} INFO - 2024-03-22 17:28:06,756 INFO sqlalchemy.engine.Engine [raw sql] {}
[2024-03-22T17:28:06.756+0000] {base.py:1868} INFO - [raw sql] {}
[2024-03-22T17:28:07.414+0000] {logging_mixin.py:188} INFO - 2024-03-22 17:28:07,414 INFO sqlalchemy.engine.Engine 


  SELECT 
    *
FROM databasename.mytable
[2024-03-22T17:28:07.414+0000] {base.py:1863} INFO - 


  SELECT 
    *
FROM databasename.mytable
[2024-03-22T17:28:07.415+0000] {logging_mixin.py:188} INFO - 2024-03-22 17:28:07,415 INFO sqlalchemy.engine.Engine [raw sql] {}
[2024-03-22T17:28:07.415+0000] {base.py:1868} INFO - [raw sql] {}
[2024-03-22T17:28:07.878+0000] {python.py:202} INFO - Done. Returned value was: /opt/***/data/aplikasi_table_['{ ds }.parquet']
[2024-03-22T17:28:07.910+0000] {taskinstance.py:1149} INFO - Marking task as SUCCESS. dag_id=study_case_etl_cloud_storage, task_id=fetch_data_task, execution_date=20240314T230000, start_date=20240322T172800, end_date=20240322T172807
[2024-03-22T17:28:07.946+0000] {local_task_job_runner.py:234} INFO - Task exited with return code 0
[2024-03-22T17:28:07.971+0000] {taskinstance.py:3309} INFO - 0 downstream tasks scheduled from follow-on schedule check
