[2024-03-30T16:34:47.812+0000] {taskinstance.py:1979} INFO - Dependencies all met for dep_context=non-requeueable deps ti=<TaskInstance: study_case_etl_all_pipeline.fetch_data_task_id manual__2024-03-30T16:34:46.100174+00:00 [queued]>
[2024-03-30T16:34:47.820+0000] {taskinstance.py:1979} INFO - Dependencies all met for dep_context=requeueable deps ti=<TaskInstance: study_case_etl_all_pipeline.fetch_data_task_id manual__2024-03-30T16:34:46.100174+00:00 [queued]>
[2024-03-30T16:34:47.820+0000] {taskinstance.py:2193} INFO - Starting attempt 1 of 2
[2024-03-30T16:34:47.832+0000] {taskinstance.py:2214} INFO - Executing <Task(PythonOperator): fetch_data_task_id> on 2024-03-30 16:34:46.100174+00:00
[2024-03-30T16:34:47.837+0000] {standard_task_runner.py:60} INFO - Started process 7446 to run task
[2024-03-30T16:34:47.841+0000] {standard_task_runner.py:87} INFO - Running: ['***', 'tasks', 'run', 'study_case_etl_all_pipeline', 'fetch_data_task_id', 'manual__2024-03-30T16:34:46.100174+00:00', '--job-id', '75', '--raw', '--subdir', 'DAGS_FOLDER/running_dbt_core/study_case_etl_all_pipeline.py', '--cfg-path', '/tmp/tmp8csoxl6_']
[2024-03-30T16:34:47.844+0000] {standard_task_runner.py:88} INFO - Job 75: Subtask fetch_data_task_id
[2024-03-30T16:34:47.886+0000] {task_command.py:423} INFO - Running <TaskInstance: study_case_etl_all_pipeline.fetch_data_task_id manual__2024-03-30T16:34:46.100174+00:00 [running]> on host 8e1e687a7cdb
[2024-03-30T16:34:47.951+0000] {taskinstance.py:2510} INFO - Exporting env vars: AIRFLOW_CTX_DAG_OWNER='Agus mahari' AIRFLOW_CTX_DAG_ID='study_case_etl_all_pipeline' AIRFLOW_CTX_TASK_ID='fetch_data_task_id' AIRFLOW_CTX_EXECUTION_DATE='2024-03-30T16:34:46.100174+00:00' AIRFLOW_CTX_TRY_NUMBER='1' AIRFLOW_CTX_DAG_RUN_ID='manual__2024-03-30T16:34:46.100174+00:00'
[2024-03-30T16:34:50.696+0000] {logging_mixin.py:188} INFO - 2024-03-30 16:34:50,695 INFO sqlalchemy.engine.Engine SELECT DATABASE()
[2024-03-30T16:34:50.695+0000] {base.py:1863} INFO - SELECT DATABASE()
[2024-03-30T16:34:50.696+0000] {logging_mixin.py:188} INFO - 2024-03-30 16:34:50,696 INFO sqlalchemy.engine.Engine [raw sql] {}
[2024-03-30T16:34:50.696+0000] {base.py:1868} INFO - [raw sql] {}
[2024-03-30T16:34:51.625+0000] {logging_mixin.py:188} INFO - 2024-03-30 16:34:51,624 INFO sqlalchemy.engine.Engine SELECT @@sql_mode
[2024-03-30T16:34:51.624+0000] {base.py:1863} INFO - SELECT @@sql_mode
[2024-03-30T16:34:51.629+0000] {logging_mixin.py:188} INFO - 2024-03-30 16:34:51,628 INFO sqlalchemy.engine.Engine [raw sql] {}
[2024-03-30T16:34:51.628+0000] {base.py:1868} INFO - [raw sql] {}
[2024-03-30T16:34:52.126+0000] {logging_mixin.py:188} INFO - 2024-03-30 16:34:52,126 INFO sqlalchemy.engine.Engine SELECT @@lower_case_table_names
[2024-03-30T16:34:52.126+0000] {base.py:1863} INFO - SELECT @@lower_case_table_names
[2024-03-30T16:34:52.127+0000] {logging_mixin.py:188} INFO - 2024-03-30 16:34:52,127 INFO sqlalchemy.engine.Engine [raw sql] {}
[2024-03-30T16:34:52.127+0000] {base.py:1868} INFO - [raw sql] {}
[2024-03-30T16:34:52.857+0000] {logging_mixin.py:188} INFO - 2024-03-30 16:34:52,857 INFO sqlalchemy.engine.Engine 
  SELECT 
    *
FROM databasename.raw_credit_card
[2024-03-30T16:34:52.857+0000] {base.py:1863} INFO - 
  SELECT 
    *
FROM databasename.raw_credit_card
[2024-03-30T16:34:52.860+0000] {logging_mixin.py:188} INFO - 2024-03-30 16:34:52,860 INFO sqlalchemy.engine.Engine [raw sql] {}
[2024-03-30T16:34:52.860+0000] {base.py:1868} INFO - [raw sql] {}
[2024-03-30T16:35:12.219+0000] {logging_mixin.py:188} INFO - File already exists.
[2024-03-30T16:35:12.249+0000] {python.py:202} INFO - Done. Returned value was: /opt/***/data/fetch_data_task_id_2024-03-30.csv
[2024-03-30T16:35:12.265+0000] {taskinstance.py:1149} INFO - Marking task as SUCCESS. dag_id=study_case_etl_all_pipeline, task_id=fetch_data_task_id, execution_date=20240330T163446, start_date=20240330T163447, end_date=20240330T163512
[2024-03-30T16:35:12.310+0000] {local_task_job_runner.py:234} INFO - Task exited with return code 0
[2024-03-30T16:35:12.331+0000] {taskinstance.py:3309} INFO - 1 downstream tasks scheduled from follow-on schedule check
