[2024-03-12T09:45:44.063+0000] {taskinstance.py:1979} INFO - Dependencies all met for dep_context=non-requeueable deps ti=<TaskInstance: example_lima_solid.fetch_data_task manual__2024-03-12T09:45:42.990109+00:00 [queued]>
[2024-03-12T09:45:44.073+0000] {taskinstance.py:1979} INFO - Dependencies all met for dep_context=requeueable deps ti=<TaskInstance: example_lima_solid.fetch_data_task manual__2024-03-12T09:45:42.990109+00:00 [queued]>
[2024-03-12T09:45:44.073+0000] {taskinstance.py:2193} INFO - Starting attempt 1 of 2
[2024-03-12T09:45:44.085+0000] {taskinstance.py:2214} INFO - Executing <Task(PythonOperator): fetch_data_task> on 2024-03-12 09:45:42.990109+00:00
[2024-03-12T09:45:44.090+0000] {standard_task_runner.py:60} INFO - Started process 305 to run task
[2024-03-12T09:45:44.093+0000] {standard_task_runner.py:87} INFO - Running: ['***', 'tasks', 'run', 'example_lima_solid', 'fetch_data_task', 'manual__2024-03-12T09:45:42.990109+00:00', '--job-id', '26', '--raw', '--subdir', 'DAGS_FOLDER/other_ingestion_postgre/main_dag_sql_lima.py', '--cfg-path', '/tmp/tmp6vqm5ta5']
[2024-03-12T09:45:44.096+0000] {standard_task_runner.py:88} INFO - Job 26: Subtask fetch_data_task
[2024-03-12T09:45:44.132+0000] {task_command.py:423} INFO - Running <TaskInstance: example_lima_solid.fetch_data_task manual__2024-03-12T09:45:42.990109+00:00 [running]> on host 31e68e31498e
[2024-03-12T09:45:44.193+0000] {taskinstance.py:2510} INFO - Exporting env vars: AIRFLOW_CTX_DAG_OWNER='***' AIRFLOW_CTX_DAG_ID='example_lima_solid' AIRFLOW_CTX_TASK_ID='fetch_data_task' AIRFLOW_CTX_EXECUTION_DATE='2024-03-12T09:45:42.990109+00:00' AIRFLOW_CTX_TRY_NUMBER='1' AIRFLOW_CTX_DAG_RUN_ID='manual__2024-03-12T09:45:42.990109+00:00'
[2024-03-12T09:45:44.195+0000] {warnings.py:109} WARNING - /home/***/.local/lib/python3.8/site-packages/***/utils/context.py:315: AirflowContextDeprecationWarning: Accessing 'execution_date' from the template is deprecated and will be removed in a future version. Please use 'data_interval_start' or 'logical_date' instead.
  warnings.warn(_create_deprecation_warning(k, replacements))

[2024-03-12T09:45:46.818+0000] {logging_mixin.py:188} INFO - 2024-03-12 09:45:46,817 INFO sqlalchemy.engine.Engine SELECT DATABASE()
[2024-03-12T09:45:46.817+0000] {base.py:1863} INFO - SELECT DATABASE()
[2024-03-12T09:45:46.819+0000] {logging_mixin.py:188} INFO - 2024-03-12 09:45:46,819 INFO sqlalchemy.engine.Engine [raw sql] {}
[2024-03-12T09:45:46.819+0000] {base.py:1868} INFO - [raw sql] {}
[2024-03-12T09:45:47.742+0000] {logging_mixin.py:188} INFO - 2024-03-12 09:45:47,742 INFO sqlalchemy.engine.Engine SELECT @@sql_mode
[2024-03-12T09:45:47.742+0000] {base.py:1863} INFO - SELECT @@sql_mode
[2024-03-12T09:45:47.743+0000] {logging_mixin.py:188} INFO - 2024-03-12 09:45:47,742 INFO sqlalchemy.engine.Engine [raw sql] {}
[2024-03-12T09:45:47.742+0000] {base.py:1868} INFO - [raw sql] {}
[2024-03-12T09:45:48.190+0000] {logging_mixin.py:188} INFO - 2024-03-12 09:45:48,190 INFO sqlalchemy.engine.Engine SELECT @@lower_case_table_names
[2024-03-12T09:45:48.190+0000] {base.py:1863} INFO - SELECT @@lower_case_table_names
[2024-03-12T09:45:48.191+0000] {logging_mixin.py:188} INFO - 2024-03-12 09:45:48,191 INFO sqlalchemy.engine.Engine [raw sql] {}
[2024-03-12T09:45:48.191+0000] {base.py:1868} INFO - [raw sql] {}
[2024-03-12T09:45:48.864+0000] {logging_mixin.py:188} INFO - 2024-03-12 09:45:48,864 INFO sqlalchemy.engine.Engine SELECT 
    id_transaksi, 
    tanggal_transaksi, 
    id_pelanggan, 
    metode_pembayaran, 
    barang_jasa_dibeli, 
    status_pembayaran, 
    created_at, 
    updated_at, 
    '{{ ds }}' as execution_at
FROM test.transaksi 
where updated_at between now()- interval 1 hour and now();
[2024-03-12T09:45:48.864+0000] {base.py:1863} INFO - SELECT 
    id_transaksi, 
    tanggal_transaksi, 
    id_pelanggan, 
    metode_pembayaran, 
    barang_jasa_dibeli, 
    status_pembayaran, 
    created_at, 
    updated_at, 
    '{{ ds }}' as execution_at
FROM test.transaksi 
where updated_at between now()- interval 1 hour and now();

[2024-03-12T09:45:48.865+0000] {logging_mixin.py:188} INFO - 2024-03-12 09:45:48,865 INFO sqlalchemy.engine.Engine [raw sql] {}
[2024-03-12T09:45:48.865+0000] {base.py:1868} INFO - [raw sql] {}
[2024-03-12T09:45:49.339+0000] {python.py:202} INFO - Done. Returned value was: None
[2024-03-12T09:45:49.346+0000] {taskinstance.py:1149} INFO - Marking task as SUCCESS. dag_id=example_lima_solid, task_id=fetch_data_task, execution_date=20240312T094542, start_date=20240312T094544, end_date=20240312T094549
[2024-03-12T09:45:49.388+0000] {local_task_job_runner.py:234} INFO - Task exited with return code 0
[2024-03-12T09:45:49.402+0000] {taskinstance.py:3309} INFO - 1 downstream tasks scheduled from follow-on schedule check
