[2024-03-17T07:02:23.852+0000] {taskinstance.py:1979} INFO - Dependencies all met for dep_context=non-requeueable deps ti=<TaskInstance: study_case_etl_cloud_storage_tiga.fetch_data_aplikasi_product_task_id manual__2024-03-17T07:02:20.667384+00:00 [queued]>
[2024-03-17T07:02:23.866+0000] {taskinstance.py:1979} INFO - Dependencies all met for dep_context=requeueable deps ti=<TaskInstance: study_case_etl_cloud_storage_tiga.fetch_data_aplikasi_product_task_id manual__2024-03-17T07:02:20.667384+00:00 [queued]>
[2024-03-17T07:02:23.867+0000] {taskinstance.py:2193} INFO - Starting attempt 1 of 2
[2024-03-17T07:02:23.884+0000] {taskinstance.py:2214} INFO - Executing <Task(PythonOperator): fetch_data_aplikasi_product_task_id> on 2024-03-17 07:02:20.667384+00:00
[2024-03-17T07:02:23.892+0000] {standard_task_runner.py:60} INFO - Started process 6783 to run task
[2024-03-17T07:02:23.896+0000] {standard_task_runner.py:87} INFO - Running: ['***', 'tasks', 'run', 'study_case_etl_cloud_storage_tiga', 'fetch_data_aplikasi_product_task_id', 'manual__2024-03-17T07:02:20.667384+00:00', '--job-id', '954', '--raw', '--subdir', 'DAGS_FOLDER/etl_day_bigquery/study_case_etl_cloud_bigquery.py', '--cfg-path', '/tmp/tmpx_is3xz3']
[2024-03-17T07:02:23.900+0000] {standard_task_runner.py:88} INFO - Job 954: Subtask fetch_data_aplikasi_product_task_id
[2024-03-17T07:02:23.992+0000] {task_command.py:423} INFO - Running <TaskInstance: study_case_etl_cloud_storage_tiga.fetch_data_aplikasi_product_task_id manual__2024-03-17T07:02:20.667384+00:00 [running]> on host 1d5b76b26ba5
[2024-03-17T07:02:24.094+0000] {taskinstance.py:2510} INFO - Exporting env vars: AIRFLOW_CTX_DAG_OWNER='Agus mahari' AIRFLOW_CTX_DAG_ID='study_case_etl_cloud_storage_tiga' AIRFLOW_CTX_TASK_ID='fetch_data_aplikasi_product_task_id' AIRFLOW_CTX_EXECUTION_DATE='2024-03-17T07:02:20.667384+00:00' AIRFLOW_CTX_TRY_NUMBER='1' AIRFLOW_CTX_DAG_RUN_ID='manual__2024-03-17T07:02:20.667384+00:00'
[2024-03-17T07:02:27.780+0000] {logging_mixin.py:188} INFO - 2024-03-17 07:02:27,780 INFO sqlalchemy.engine.Engine SELECT DATABASE()
[2024-03-17T07:02:27.780+0000] {base.py:1863} INFO - SELECT DATABASE()
[2024-03-17T07:02:27.781+0000] {logging_mixin.py:188} INFO - 2024-03-17 07:02:27,781 INFO sqlalchemy.engine.Engine [raw sql] {}
[2024-03-17T07:02:27.781+0000] {base.py:1868} INFO - [raw sql] {}
[2024-03-17T07:02:28.662+0000] {logging_mixin.py:188} INFO - 2024-03-17 07:02:28,662 INFO sqlalchemy.engine.Engine SELECT @@sql_mode
[2024-03-17T07:02:28.662+0000] {base.py:1863} INFO - SELECT @@sql_mode
[2024-03-17T07:02:28.662+0000] {logging_mixin.py:188} INFO - 2024-03-17 07:02:28,662 INFO sqlalchemy.engine.Engine [raw sql] {}
[2024-03-17T07:02:28.662+0000] {base.py:1868} INFO - [raw sql] {}
[2024-03-17T07:02:29.105+0000] {logging_mixin.py:188} INFO - 2024-03-17 07:02:29,105 INFO sqlalchemy.engine.Engine SELECT @@lower_case_table_names
[2024-03-17T07:02:29.105+0000] {base.py:1863} INFO - SELECT @@lower_case_table_names
[2024-03-17T07:02:29.107+0000] {logging_mixin.py:188} INFO - 2024-03-17 07:02:29,106 INFO sqlalchemy.engine.Engine [raw sql] {}
[2024-03-17T07:02:29.106+0000] {base.py:1868} INFO - [raw sql] {}
[2024-03-17T07:02:29.772+0000] {logging_mixin.py:188} INFO - 2024-03-17 07:02:29,772 INFO sqlalchemy.engine.Engine 



  SELECT 
    *
FROM databasename.product
[2024-03-17T07:02:29.772+0000] {base.py:1863} INFO - 



  SELECT 
    *
FROM databasename.product
[2024-03-17T07:02:29.775+0000] {logging_mixin.py:188} INFO - 2024-03-17 07:02:29,775 INFO sqlalchemy.engine.Engine [raw sql] {}
[2024-03-17T07:02:29.775+0000] {base.py:1868} INFO - [raw sql] {}
[2024-03-17T07:02:30.223+0000] {logging_mixin.py:188} INFO - File already exists.
[2024-03-17T07:02:30.224+0000] {python.py:202} INFO - Done. Returned value was: /opt/***/data/fetch_data_aplikasi_product_task_id_2024-03-17.csv
[2024-03-17T07:02:30.243+0000] {taskinstance.py:1149} INFO - Marking task as SUCCESS. dag_id=study_case_etl_cloud_storage_tiga, task_id=fetch_data_aplikasi_product_task_id, execution_date=20240317T070220, start_date=20240317T070223, end_date=20240317T070230
[2024-03-17T07:02:30.272+0000] {local_task_job_runner.py:234} INFO - Task exited with return code 0
[2024-03-17T07:02:30.293+0000] {taskinstance.py:3309} INFO - 1 downstream tasks scheduled from follow-on schedule check
