[2024-03-30T17:10:28.986+0000] {taskinstance.py:1979} INFO - Dependencies all met for dep_context=non-requeueable deps ti=<TaskInstance: study_case_etl_all_pipeline.fetch_data_task_id manual__2024-03-30T17:10:27.060224+00:00 [queued]>
[2024-03-30T17:10:28.995+0000] {taskinstance.py:1979} INFO - Dependencies all met for dep_context=requeueable deps ti=<TaskInstance: study_case_etl_all_pipeline.fetch_data_task_id manual__2024-03-30T17:10:27.060224+00:00 [queued]>
[2024-03-30T17:10:28.995+0000] {taskinstance.py:2193} INFO - Starting attempt 1 of 2
[2024-03-30T17:10:29.010+0000] {taskinstance.py:2214} INFO - Executing <Task(PythonOperator): fetch_data_task_id> on 2024-03-30 17:10:27.060224+00:00
[2024-03-30T17:10:29.015+0000] {standard_task_runner.py:60} INFO - Started process 8175 to run task
[2024-03-30T17:10:29.019+0000] {standard_task_runner.py:87} INFO - Running: ['***', 'tasks', 'run', 'study_case_etl_all_pipeline', 'fetch_data_task_id', 'manual__2024-03-30T17:10:27.060224+00:00', '--job-id', '100', '--raw', '--subdir', 'DAGS_FOLDER/running_dbt_core/study_case_etl_all_pipeline.py', '--cfg-path', '/tmp/tmpulelto95']
[2024-03-30T17:10:29.021+0000] {standard_task_runner.py:88} INFO - Job 100: Subtask fetch_data_task_id
[2024-03-30T17:10:29.064+0000] {task_command.py:423} INFO - Running <TaskInstance: study_case_etl_all_pipeline.fetch_data_task_id manual__2024-03-30T17:10:27.060224+00:00 [running]> on host 8e1e687a7cdb
[2024-03-30T17:10:29.129+0000] {taskinstance.py:2510} INFO - Exporting env vars: AIRFLOW_CTX_DAG_OWNER='Agus mahari' AIRFLOW_CTX_DAG_ID='study_case_etl_all_pipeline' AIRFLOW_CTX_TASK_ID='fetch_data_task_id' AIRFLOW_CTX_EXECUTION_DATE='2024-03-30T17:10:27.060224+00:00' AIRFLOW_CTX_TRY_NUMBER='1' AIRFLOW_CTX_DAG_RUN_ID='manual__2024-03-30T17:10:27.060224+00:00'
[2024-03-30T17:10:31.904+0000] {logging_mixin.py:188} INFO - 2024-03-30 17:10:31,904 INFO sqlalchemy.engine.Engine SELECT DATABASE()
[2024-03-30T17:10:31.904+0000] {base.py:1863} INFO - SELECT DATABASE()
[2024-03-30T17:10:31.905+0000] {logging_mixin.py:188} INFO - 2024-03-30 17:10:31,905 INFO sqlalchemy.engine.Engine [raw sql] {}
[2024-03-30T17:10:31.905+0000] {base.py:1868} INFO - [raw sql] {}
[2024-03-30T17:10:32.900+0000] {logging_mixin.py:188} INFO - 2024-03-30 17:10:32,900 INFO sqlalchemy.engine.Engine SELECT @@sql_mode
[2024-03-30T17:10:32.900+0000] {base.py:1863} INFO - SELECT @@sql_mode
[2024-03-30T17:10:32.902+0000] {logging_mixin.py:188} INFO - 2024-03-30 17:10:32,901 INFO sqlalchemy.engine.Engine [raw sql] {}
[2024-03-30T17:10:32.901+0000] {base.py:1868} INFO - [raw sql] {}
[2024-03-30T17:10:33.411+0000] {logging_mixin.py:188} INFO - 2024-03-30 17:10:33,410 INFO sqlalchemy.engine.Engine SELECT @@lower_case_table_names
[2024-03-30T17:10:33.410+0000] {base.py:1863} INFO - SELECT @@lower_case_table_names
[2024-03-30T17:10:33.415+0000] {logging_mixin.py:188} INFO - 2024-03-30 17:10:33,414 INFO sqlalchemy.engine.Engine [raw sql] {}
[2024-03-30T17:10:33.414+0000] {base.py:1868} INFO - [raw sql] {}
[2024-03-30T17:10:34.179+0000] {logging_mixin.py:188} INFO - 2024-03-30 17:10:34,179 INFO sqlalchemy.engine.Engine 
  SELECT 
    *
FROM databasename.raw_credit_card
[2024-03-30T17:10:34.179+0000] {base.py:1863} INFO - 
  SELECT 
    *
FROM databasename.raw_credit_card
[2024-03-30T17:10:34.181+0000] {logging_mixin.py:188} INFO - 2024-03-30 17:10:34,180 INFO sqlalchemy.engine.Engine [raw sql] {}
[2024-03-30T17:10:34.180+0000] {base.py:1868} INFO - [raw sql] {}
[2024-03-30T17:11:01.726+0000] {logging_mixin.py:188} INFO - File already exists.
[2024-03-30T17:11:01.764+0000] {python.py:202} INFO - Done. Returned value was: /opt/***/data/fetch_data_task_id_2024-03-30.csv
[2024-03-30T17:11:01.783+0000] {taskinstance.py:1149} INFO - Marking task as SUCCESS. dag_id=study_case_etl_all_pipeline, task_id=fetch_data_task_id, execution_date=20240330T171027, start_date=20240330T171028, end_date=20240330T171101
[2024-03-30T17:11:01.839+0000] {local_task_job_runner.py:234} INFO - Task exited with return code 0
[2024-03-30T17:11:01.859+0000] {taskinstance.py:3309} INFO - 1 downstream tasks scheduled from follow-on schedule check
