[2024-03-22T17:30:39.902+0000] {taskinstance.py:1979} INFO - Dependencies all met for dep_context=non-requeueable deps ti=<TaskInstance: study_case_etl_cloud_storage.fetch_data_task scheduled__2024-03-21T15:00:00+00:00 [queued]>
[2024-03-22T17:30:39.944+0000] {taskinstance.py:1979} INFO - Dependencies all met for dep_context=requeueable deps ti=<TaskInstance: study_case_etl_cloud_storage.fetch_data_task scheduled__2024-03-21T15:00:00+00:00 [queued]>
[2024-03-22T17:30:39.947+0000] {taskinstance.py:2193} INFO - Starting attempt 1 of 2
[2024-03-22T17:30:40.025+0000] {taskinstance.py:2214} INFO - Executing <Task(PythonOperator): fetch_data_task> on 2024-03-21 15:00:00+00:00
[2024-03-22T17:30:40.052+0000] {standard_task_runner.py:60} INFO - Started process 977 to run task
[2024-03-22T17:30:40.054+0000] {standard_task_runner.py:87} INFO - Running: ['***', 'tasks', 'run', 'study_case_etl_cloud_storage', 'fetch_data_task', 'scheduled__2024-03-21T15:00:00+00:00', '--job-id', '209', '--raw', '--subdir', 'DAGS_FOLDER/etl_day_bigquery/study_case_etl_cloud_storage.py', '--cfg-path', '/tmp/tmpdflsq_14']
[2024-03-22T17:30:40.061+0000] {standard_task_runner.py:88} INFO - Job 209: Subtask fetch_data_task
[2024-03-22T17:30:40.149+0000] {task_command.py:423} INFO - Running <TaskInstance: study_case_etl_cloud_storage.fetch_data_task scheduled__2024-03-21T15:00:00+00:00 [running]> on host eb8b31fafb1e
[2024-03-22T17:30:40.392+0000] {taskinstance.py:2510} INFO - Exporting env vars: AIRFLOW_CTX_DAG_OWNER='Agus mahari' AIRFLOW_CTX_DAG_ID='study_case_etl_cloud_storage' AIRFLOW_CTX_TASK_ID='fetch_data_task' AIRFLOW_CTX_EXECUTION_DATE='2024-03-21T15:00:00+00:00' AIRFLOW_CTX_TRY_NUMBER='1' AIRFLOW_CTX_DAG_RUN_ID='scheduled__2024-03-21T15:00:00+00:00'
[2024-03-22T17:30:43.268+0000] {logging_mixin.py:188} INFO - 2024-03-22 17:30:43,268 INFO sqlalchemy.engine.Engine SELECT DATABASE()
[2024-03-22T17:30:43.268+0000] {base.py:1863} INFO - SELECT DATABASE()
[2024-03-22T17:30:43.269+0000] {logging_mixin.py:188} INFO - 2024-03-22 17:30:43,269 INFO sqlalchemy.engine.Engine [raw sql] {}
[2024-03-22T17:30:43.269+0000] {base.py:1868} INFO - [raw sql] {}
[2024-03-22T17:30:44.233+0000] {logging_mixin.py:188} INFO - 2024-03-22 17:30:44,233 INFO sqlalchemy.engine.Engine SELECT @@sql_mode
[2024-03-22T17:30:44.233+0000] {base.py:1863} INFO - SELECT @@sql_mode
[2024-03-22T17:30:44.237+0000] {logging_mixin.py:188} INFO - 2024-03-22 17:30:44,237 INFO sqlalchemy.engine.Engine [raw sql] {}
[2024-03-22T17:30:44.237+0000] {base.py:1868} INFO - [raw sql] {}
[2024-03-22T17:30:44.698+0000] {logging_mixin.py:188} INFO - 2024-03-22 17:30:44,698 INFO sqlalchemy.engine.Engine SELECT @@lower_case_table_names
[2024-03-22T17:30:44.698+0000] {base.py:1863} INFO - SELECT @@lower_case_table_names
[2024-03-22T17:30:44.699+0000] {logging_mixin.py:188} INFO - 2024-03-22 17:30:44,699 INFO sqlalchemy.engine.Engine [raw sql] {}
[2024-03-22T17:30:44.699+0000] {base.py:1868} INFO - [raw sql] {}
[2024-03-22T17:30:45.359+0000] {logging_mixin.py:188} INFO - 2024-03-22 17:30:45,358 INFO sqlalchemy.engine.Engine 


  SELECT 
    *
FROM databasename.mytable
[2024-03-22T17:30:45.358+0000] {base.py:1863} INFO - 


  SELECT 
    *
FROM databasename.mytable
[2024-03-22T17:30:45.360+0000] {logging_mixin.py:188} INFO - 2024-03-22 17:30:45,360 INFO sqlalchemy.engine.Engine [raw sql] {}
[2024-03-22T17:30:45.360+0000] {base.py:1868} INFO - [raw sql] {}
[2024-03-22T17:30:45.804+0000] {logging_mixin.py:188} INFO - File already exists.
[2024-03-22T17:30:45.805+0000] {python.py:202} INFO - Done. Returned value was: /opt/***/data/aplikasi_table_['{ ds }.parquet']
[2024-03-22T17:30:45.823+0000] {taskinstance.py:1149} INFO - Marking task as SUCCESS. dag_id=study_case_etl_cloud_storage, task_id=fetch_data_task, execution_date=20240321T150000, start_date=20240322T173039, end_date=20240322T173045
[2024-03-22T17:30:45.866+0000] {local_task_job_runner.py:234} INFO - Task exited with return code 0
[2024-03-22T17:30:45.876+0000] {taskinstance.py:3309} INFO - 0 downstream tasks scheduled from follow-on schedule check
