[2024-03-17T07:06:06.103+0000] {taskinstance.py:1979} INFO - Dependencies all met for dep_context=non-requeueable deps ti=<TaskInstance: study_case_etl_cloud_storage_tiga.local_to_gcs_task manual__2024-03-17T07:05:55.210380+00:00 [queued]>
[2024-03-17T07:06:06.111+0000] {taskinstance.py:1979} INFO - Dependencies all met for dep_context=requeueable deps ti=<TaskInstance: study_case_etl_cloud_storage_tiga.local_to_gcs_task manual__2024-03-17T07:05:55.210380+00:00 [queued]>
[2024-03-17T07:06:06.111+0000] {taskinstance.py:2193} INFO - Starting attempt 1 of 2
[2024-03-17T07:06:06.123+0000] {taskinstance.py:2214} INFO - Executing <Task(PythonOperator): local_to_gcs_task> on 2024-03-17 07:05:55.210380+00:00
[2024-03-17T07:06:06.127+0000] {standard_task_runner.py:60} INFO - Started process 6884 to run task
[2024-03-17T07:06:06.131+0000] {standard_task_runner.py:87} INFO - Running: ['***', 'tasks', 'run', 'study_case_etl_cloud_storage_tiga', 'local_to_gcs_task', 'manual__2024-03-17T07:05:55.210380+00:00', '--job-id', '968', '--raw', '--subdir', 'DAGS_FOLDER/etl_day_bigquery/study_case_etl_cloud_bigquery.py', '--cfg-path', '/tmp/tmpotpjo9p2']
[2024-03-17T07:06:06.133+0000] {standard_task_runner.py:88} INFO - Job 968: Subtask local_to_gcs_task
[2024-03-17T07:06:06.169+0000] {task_command.py:423} INFO - Running <TaskInstance: study_case_etl_cloud_storage_tiga.local_to_gcs_task manual__2024-03-17T07:05:55.210380+00:00 [running]> on host 1d5b76b26ba5
[2024-03-17T07:06:06.226+0000] {taskinstance.py:2510} INFO - Exporting env vars: AIRFLOW_CTX_DAG_OWNER='Agus mahari' AIRFLOW_CTX_DAG_ID='study_case_etl_cloud_storage_tiga' AIRFLOW_CTX_TASK_ID='local_to_gcs_task' AIRFLOW_CTX_EXECUTION_DATE='2024-03-17T07:05:55.210380+00:00' AIRFLOW_CTX_TRY_NUMBER='1' AIRFLOW_CTX_DAG_RUN_ID='manual__2024-03-17T07:05:55.210380+00:00'
[2024-03-17T07:06:06.311+0000] {taskinstance.py:2728} ERROR - Task failed with exception
Traceback (most recent call last):
  File "/home/airflow/.local/lib/python3.8/site-packages/airflow/models/taskinstance.py", line 444, in _execute_task
    result = _execute_callable(context=context, **execute_callable_kwargs)
  File "/home/airflow/.local/lib/python3.8/site-packages/airflow/models/taskinstance.py", line 414, in _execute_callable
    return execute_callable(context=context, **execute_callable_kwargs)
  File "/home/airflow/.local/lib/python3.8/site-packages/airflow/operators/python.py", line 200, in execute
    return_value = self.execute_callable()
  File "/home/airflow/.local/lib/python3.8/site-packages/airflow/operators/python.py", line 217, in execute_callable
    return self.python_callable(*self.op_args, **self.op_kwargs)
  File "/opt/airflow/dags/utils/local_to_gcs.py", line 22, in upload_to_gcs
    blob.upload_from_filename(local_file)
  File "/home/airflow/.local/lib/python3.8/site-packages/google/cloud/storage/blob.py", line 2929, in upload_from_filename
    self._handle_filename_and_upload(
  File "/home/airflow/.local/lib/python3.8/site-packages/google/cloud/storage/blob.py", line 2797, in _handle_filename_and_upload
    with open(filename, "rb") as file_obj:
FileNotFoundError: [Errno 2] No such file or directory: '/opt/airflow/data/fetch_data_task_id_2024-03-17.parquet'
[2024-03-17T07:06:06.320+0000] {taskinstance.py:1149} INFO - Marking task as UP_FOR_RETRY. dag_id=study_case_etl_cloud_storage_tiga, task_id=local_to_gcs_task, execution_date=20240317T070555, start_date=20240317T070606, end_date=20240317T070606
[2024-03-17T07:06:06.330+0000] {standard_task_runner.py:107} ERROR - Failed to execute job 968 for task local_to_gcs_task ([Errno 2] No such file or directory: '/opt/airflow/data/fetch_data_task_id_2024-03-17.parquet'; 6884)
[2024-03-17T07:06:06.350+0000] {local_task_job_runner.py:234} INFO - Task exited with return code 1
[2024-03-17T07:06:06.371+0000] {taskinstance.py:3309} INFO - 0 downstream tasks scheduled from follow-on schedule check
