[2024-03-17T07:02:24.119+0000] {taskinstance.py:1979} INFO - Dependencies all met for dep_context=non-requeueable deps ti=<TaskInstance: study_case_etl_cloud_storage_tiga.fetch_data_aplikasi_mydb_task_id manual__2024-03-17T07:02:20.667384+00:00 [queued]>
[2024-03-17T07:02:24.137+0000] {taskinstance.py:1979} INFO - Dependencies all met for dep_context=requeueable deps ti=<TaskInstance: study_case_etl_cloud_storage_tiga.fetch_data_aplikasi_mydb_task_id manual__2024-03-17T07:02:20.667384+00:00 [queued]>
[2024-03-17T07:02:24.138+0000] {taskinstance.py:2193} INFO - Starting attempt 1 of 2
[2024-03-17T07:02:24.162+0000] {taskinstance.py:2214} INFO - Executing <Task(PythonOperator): fetch_data_aplikasi_mydb_task_id> on 2024-03-17 07:02:20.667384+00:00
[2024-03-17T07:02:24.169+0000] {standard_task_runner.py:60} INFO - Started process 6785 to run task
[2024-03-17T07:02:24.173+0000] {standard_task_runner.py:87} INFO - Running: ['***', 'tasks', 'run', 'study_case_etl_cloud_storage_tiga', 'fetch_data_aplikasi_mydb_task_id', 'manual__2024-03-17T07:02:20.667384+00:00', '--job-id', '956', '--raw', '--subdir', 'DAGS_FOLDER/etl_day_bigquery/study_case_etl_cloud_bigquery.py', '--cfg-path', '/tmp/tmp_yh2t2c1']
[2024-03-17T07:02:24.177+0000] {standard_task_runner.py:88} INFO - Job 956: Subtask fetch_data_aplikasi_mydb_task_id
[2024-03-17T07:02:24.226+0000] {task_command.py:423} INFO - Running <TaskInstance: study_case_etl_cloud_storage_tiga.fetch_data_aplikasi_mydb_task_id manual__2024-03-17T07:02:20.667384+00:00 [running]> on host 1d5b76b26ba5
[2024-03-17T07:02:24.305+0000] {taskinstance.py:2510} INFO - Exporting env vars: AIRFLOW_CTX_DAG_OWNER='Agus mahari' AIRFLOW_CTX_DAG_ID='study_case_etl_cloud_storage_tiga' AIRFLOW_CTX_TASK_ID='fetch_data_aplikasi_mydb_task_id' AIRFLOW_CTX_EXECUTION_DATE='2024-03-17T07:02:20.667384+00:00' AIRFLOW_CTX_TRY_NUMBER='1' AIRFLOW_CTX_DAG_RUN_ID='manual__2024-03-17T07:02:20.667384+00:00'
[2024-03-17T07:02:27.582+0000] {logging_mixin.py:188} INFO - 2024-03-17 07:02:27,582 INFO sqlalchemy.engine.Engine SELECT DATABASE()
[2024-03-17T07:02:27.582+0000] {base.py:1863} INFO - SELECT DATABASE()
[2024-03-17T07:02:27.583+0000] {logging_mixin.py:188} INFO - 2024-03-17 07:02:27,583 INFO sqlalchemy.engine.Engine [raw sql] {}
[2024-03-17T07:02:27.583+0000] {base.py:1868} INFO - [raw sql] {}
[2024-03-17T07:02:28.469+0000] {logging_mixin.py:188} INFO - 2024-03-17 07:02:28,469 INFO sqlalchemy.engine.Engine SELECT @@sql_mode
[2024-03-17T07:02:28.469+0000] {base.py:1863} INFO - SELECT @@sql_mode
[2024-03-17T07:02:28.470+0000] {logging_mixin.py:188} INFO - 2024-03-17 07:02:28,470 INFO sqlalchemy.engine.Engine [raw sql] {}
[2024-03-17T07:02:28.470+0000] {base.py:1868} INFO - [raw sql] {}
[2024-03-17T07:02:28.912+0000] {logging_mixin.py:188} INFO - 2024-03-17 07:02:28,912 INFO sqlalchemy.engine.Engine SELECT @@lower_case_table_names
[2024-03-17T07:02:28.912+0000] {base.py:1863} INFO - SELECT @@lower_case_table_names
[2024-03-17T07:02:28.913+0000] {logging_mixin.py:188} INFO - 2024-03-17 07:02:28,913 INFO sqlalchemy.engine.Engine [raw sql] {}
[2024-03-17T07:02:28.913+0000] {base.py:1868} INFO - [raw sql] {}
[2024-03-17T07:02:29.584+0000] {logging_mixin.py:188} INFO - 2024-03-17 07:02:29,584 INFO sqlalchemy.engine.Engine 
  SELECT 
    *
FROM databasename.mytable
[2024-03-17T07:02:29.584+0000] {base.py:1863} INFO - 
  SELECT 
    *
FROM databasename.mytable
[2024-03-17T07:02:29.585+0000] {logging_mixin.py:188} INFO - 2024-03-17 07:02:29,585 INFO sqlalchemy.engine.Engine [raw sql] {}
[2024-03-17T07:02:29.585+0000] {base.py:1868} INFO - [raw sql] {}
[2024-03-17T07:02:30.034+0000] {logging_mixin.py:188} INFO - File already exists.
[2024-03-17T07:02:30.036+0000] {python.py:202} INFO - Done. Returned value was: /opt/***/data/fetch_data_aplikasi_mydb_task_id_2024-03-17.csv
[2024-03-17T07:02:30.055+0000] {taskinstance.py:1149} INFO - Marking task as SUCCESS. dag_id=study_case_etl_cloud_storage_tiga, task_id=fetch_data_aplikasi_mydb_task_id, execution_date=20240317T070220, start_date=20240317T070224, end_date=20240317T070230
[2024-03-17T07:02:30.094+0000] {local_task_job_runner.py:234} INFO - Task exited with return code 0
[2024-03-17T07:02:30.118+0000] {taskinstance.py:3309} INFO - 0 downstream tasks scheduled from follow-on schedule check
