[2024-03-14T00:00:03.644+0000] {taskinstance.py:1979} INFO - Dependencies all met for dep_context=non-requeueable deps ti=<TaskInstance: mongodb_to_sql8.ingest_csv_to_mysql scheduled__2024-03-13T00:00:00+00:00 [queued]>
[2024-03-14T00:00:03.652+0000] {taskinstance.py:1979} INFO - Dependencies all met for dep_context=requeueable deps ti=<TaskInstance: mongodb_to_sql8.ingest_csv_to_mysql scheduled__2024-03-13T00:00:00+00:00 [queued]>
[2024-03-14T00:00:03.652+0000] {taskinstance.py:2193} INFO - Starting attempt 1 of 2
[2024-03-14T00:00:03.663+0000] {taskinstance.py:2214} INFO - Executing <Task(PythonOperator): ingest_csv_to_mysql> on 2024-03-13 00:00:00+00:00
[2024-03-14T00:00:03.667+0000] {standard_task_runner.py:60} INFO - Started process 8911 to run task
[2024-03-14T00:00:03.670+0000] {standard_task_runner.py:87} INFO - Running: ['***', 'tasks', 'run', 'mongodb_to_sql8', 'ingest_csv_to_mysql', 'scheduled__2024-03-13T00:00:00+00:00', '--job-id', '145', '--raw', '--subdir', 'DAGS_FOLDER/restrore_mongo/main_dag_sql_delapan.py', '--cfg-path', '/tmp/tmp50w612dr']
[2024-03-14T00:00:03.672+0000] {standard_task_runner.py:88} INFO - Job 145: Subtask ingest_csv_to_mysql
[2024-03-14T00:00:03.709+0000] {task_command.py:423} INFO - Running <TaskInstance: mongodb_to_sql8.ingest_csv_to_mysql scheduled__2024-03-13T00:00:00+00:00 [running]> on host 35f9a0b3ca47
[2024-03-14T00:00:03.767+0000] {taskinstance.py:2510} INFO - Exporting env vars: AIRFLOW_CTX_DAG_OWNER='***' AIRFLOW_CTX_DAG_ID='mongodb_to_sql8' AIRFLOW_CTX_TASK_ID='ingest_csv_to_mysql' AIRFLOW_CTX_EXECUTION_DATE='2024-03-13T00:00:00+00:00' AIRFLOW_CTX_TRY_NUMBER='1' AIRFLOW_CTX_DAG_RUN_ID='scheduled__2024-03-13T00:00:00+00:00'
[2024-03-14T00:00:03.769+0000] {warnings.py:109} WARNING - /home/***/.local/lib/python3.8/site-packages/***/utils/context.py:315: AirflowContextDeprecationWarning: Accessing 'execution_date' from the template is deprecated and will be removed in a future version. Please use 'data_interval_start' or 'logical_date' instead.
  warnings.warn(_create_deprecation_warning(k, replacements))

[2024-03-14T00:00:06.626+0000] {logging_mixin.py:188} INFO - 2024-03-14 00:00:06,626 INFO sqlalchemy.engine.Engine SELECT DATABASE()
[2024-03-14T00:00:06.626+0000] {base.py:1863} INFO - SELECT DATABASE()
[2024-03-14T00:00:06.630+0000] {logging_mixin.py:188} INFO - 2024-03-14 00:00:06,629 INFO sqlalchemy.engine.Engine [raw sql] {}
[2024-03-14T00:00:06.629+0000] {base.py:1868} INFO - [raw sql] {}
[2024-03-14T00:00:07.551+0000] {logging_mixin.py:188} INFO - 2024-03-14 00:00:07,551 INFO sqlalchemy.engine.Engine SELECT @@sql_mode
[2024-03-14T00:00:07.551+0000] {base.py:1863} INFO - SELECT @@sql_mode
[2024-03-14T00:00:07.553+0000] {logging_mixin.py:188} INFO - 2024-03-14 00:00:07,553 INFO sqlalchemy.engine.Engine [raw sql] {}
[2024-03-14T00:00:07.553+0000] {base.py:1868} INFO - [raw sql] {}
[2024-03-14T00:00:08.011+0000] {logging_mixin.py:188} INFO - 2024-03-14 00:00:08,010 INFO sqlalchemy.engine.Engine SELECT @@lower_case_table_names
[2024-03-14T00:00:08.010+0000] {base.py:1863} INFO - SELECT @@lower_case_table_names
[2024-03-14T00:00:08.014+0000] {logging_mixin.py:188} INFO - 2024-03-14 00:00:08,013 INFO sqlalchemy.engine.Engine [raw sql] {}
[2024-03-14T00:00:08.013+0000] {base.py:1868} INFO - [raw sql] {}
[2024-03-14T00:00:08.481+0000] {logging_mixin.py:188} INFO - 2024-03-14 00:00:08,481 INFO sqlalchemy.engine.Engine BEGIN (implicit)
[2024-03-14T00:00:08.481+0000] {base.py:1032} INFO - BEGIN (implicit)
[2024-03-14T00:00:08.777+0000] {logging_mixin.py:188} INFO - 2024-03-14 00:00:08,777 INFO sqlalchemy.engine.Engine SELECT COUNT(*) FROM information_schema.tables WHERE table_schema = %(table_schema)s AND table_name = %(table_name)s
[2024-03-14T00:00:08.777+0000] {base.py:1863} INFO - SELECT COUNT(*) FROM information_schema.tables WHERE table_schema = %(table_schema)s AND table_name = %(table_name)s
[2024-03-14T00:00:08.779+0000] {logging_mixin.py:188} INFO - 2024-03-14 00:00:08,779 INFO sqlalchemy.engine.Engine [generated in 0.29383s] {'table_schema': 'test', 'table_name': 'transaksi_restore'}
[2024-03-14T00:00:08.779+0000] {base.py:1868} INFO - [generated in 0.29383s] {'table_schema': 'test', 'table_name': 'transaksi_restore'}
[2024-03-14T00:00:09.228+0000] {logging_mixin.py:188} INFO - 2024-03-14 00:00:09,227 INFO sqlalchemy.engine.Engine SELECT COUNT(*) FROM information_schema.tables WHERE table_schema = %(table_schema)s AND table_name = %(table_name)s
[2024-03-14T00:00:09.227+0000] {base.py:1863} INFO - SELECT COUNT(*) FROM information_schema.tables WHERE table_schema = %(table_schema)s AND table_name = %(table_name)s
[2024-03-14T00:00:09.231+0000] {logging_mixin.py:188} INFO - 2024-03-14 00:00:09,231 INFO sqlalchemy.engine.Engine [cached since 0.7457s ago] {'table_schema': 'test', 'table_name': 'transaksi_restore'}
[2024-03-14T00:00:09.231+0000] {base.py:1868} INFO - [cached since 0.7457s ago] {'table_schema': 'test', 'table_name': 'transaksi_restore'}
[2024-03-14T00:00:09.703+0000] {logging_mixin.py:188} INFO - 2024-03-14 00:00:09,702 INFO sqlalchemy.engine.Engine SHOW FULL TABLES FROM `test`
[2024-03-14T00:00:09.702+0000] {base.py:1863} INFO - SHOW FULL TABLES FROM `test`
[2024-03-14T00:00:09.707+0000] {logging_mixin.py:188} INFO - 2024-03-14 00:00:09,706 INFO sqlalchemy.engine.Engine [raw sql] {}
[2024-03-14T00:00:09.706+0000] {base.py:1868} INFO - [raw sql] {}
[2024-03-14T00:00:10.190+0000] {logging_mixin.py:188} INFO - 2024-03-14 00:00:10,190 INFO sqlalchemy.engine.Engine SHOW CREATE TABLE `transaksi_restore`
[2024-03-14T00:00:10.190+0000] {base.py:1863} INFO - SHOW CREATE TABLE `transaksi_restore`
[2024-03-14T00:00:10.194+0000] {logging_mixin.py:188} INFO - 2024-03-14 00:00:10,193 INFO sqlalchemy.engine.Engine [raw sql] {}
[2024-03-14T00:00:10.193+0000] {base.py:1868} INFO - [raw sql] {}
[2024-03-14T00:00:10.653+0000] {logging_mixin.py:188} INFO - 2024-03-14 00:00:10,653 INFO sqlalchemy.engine.Engine 
DROP TABLE transaksi_restore
[2024-03-14T00:00:10.653+0000] {base.py:1863} INFO - 
DROP TABLE transaksi_restore
[2024-03-14T00:00:10.657+0000] {logging_mixin.py:188} INFO - 2024-03-14 00:00:10,656 INFO sqlalchemy.engine.Engine [no key 0.22781s] {}
[2024-03-14T00:00:10.656+0000] {base.py:1868} INFO - [no key 0.22781s] {}
[2024-03-14T00:00:11.206+0000] {logging_mixin.py:188} INFO - 2024-03-14 00:00:11,205 INFO sqlalchemy.engine.Engine 
CREATE TABLE transaksi_restore (
	_id TEXT, 
	id_transaksi BIGINT, 
	tanggal_transaksi TEXT, 
	id_pelanggan BIGINT, 
	metode_pembayaran TEXT, 
	barang_jasa_dibeli TEXT, 
	status_pembayaran TEXT, 
	created_at TEXT, 
	updated_at TEXT, 
	execution_at TEXT
)
[2024-03-14T00:00:11.205+0000] {base.py:1863} INFO - 
CREATE TABLE transaksi_restore (
	_id TEXT, 
	id_transaksi BIGINT, 
	tanggal_transaksi TEXT, 
	id_pelanggan BIGINT, 
	metode_pembayaran TEXT, 
	barang_jasa_dibeli TEXT, 
	status_pembayaran TEXT, 
	created_at TEXT, 
	updated_at TEXT, 
	execution_at TEXT
)


[2024-03-14T00:00:11.209+0000] {logging_mixin.py:188} INFO - 2024-03-14 00:00:11,209 INFO sqlalchemy.engine.Engine [no key 0.27875s] {}
[2024-03-14T00:00:11.209+0000] {base.py:1868} INFO - [no key 0.27875s] {}
[2024-03-14T00:00:11.723+0000] {logging_mixin.py:188} INFO - 2024-03-14 00:00:11,722 INFO sqlalchemy.engine.Engine INSERT INTO transaksi_restore (_id, id_transaksi, tanggal_transaksi, id_pelanggan, metode_pembayaran, barang_jasa_dibeli, status_pembayaran, created_at, updated_at, execution_at) VALUES (%(_id)s, %(id_transaksi)s, %(tanggal_transaksi)s, %(id_pelanggan)s, %(metode_pembayaran)s, %(barang_jasa_dibeli)s, %(status_pembayaran)s, %(created_at)s, %(updated_at)s, %(execution_at)s)
[2024-03-14T00:00:11.722+0000] {base.py:1863} INFO - INSERT INTO transaksi_restore (_id, id_transaksi, tanggal_transaksi, id_pelanggan, metode_pembayaran, barang_jasa_dibeli, status_pembayaran, created_at, updated_at, execution_at) VALUES (%(_id)s, %(id_transaksi)s, %(tanggal_transaksi)s, %(id_pelanggan)s, %(metode_pembayaran)s, %(barang_jasa_dibeli)s, %(status_pembayaran)s, %(created_at)s, %(updated_at)s, %(execution_at)s)
[2024-03-14T00:00:11.724+0000] {logging_mixin.py:188} INFO - 2024-03-14 00:00:11,723 INFO sqlalchemy.engine.Engine [generated in 0.22211s] ({'_id': '65f1b53d9d99da73a38c9278', 'id_transaksi': 78, 'tanggal_transaksi': '2024-03-12', 'id_pelanggan': 178, 'metode_pembayaran': 'Kartu Kredit', 'barang_jasa_dibeli': 'Produk ZZZ', 'status_pembayaran': 'Belum Lunas', 'created_at': '2024-03-12 17:30:00', 'updated_at': '2024-03-12 17:30:00', 'execution_at': '2024-03-13 21:16:26'}, {'_id': '65f1b53d9d99da73a38c9277', 'id_transaksi': 77, 'tanggal_transaksi': '2024-03-12', 'id_pelanggan': 177, 'metode_pembayaran': 'Tunai', 'barang_jasa_dibeli': 'Produk YYY', 'status_pembayaran': 'Lunas', 'created_at': '2024-03-12 17:25:00', 'updated_at': '2024-03-12 17:25:00', 'execution_at': '2024-03-13 21:16:26'}, {'_id': '65f1b53d9d99da73a38c9276', 'id_transaksi': 76, 'tanggal_transaksi': '2024-03-12', 'id_pelanggan': 176, 'metode_pembayaran': 'E-Wallet', 'barang_jasa_dibeli': 'Produk XXX', 'status_pembayaran': 'Belum Lunas', 'created_at': '2024-03-12 17:20:00', 'updated_at': '2024-03-12 17:20:00', 'execution_at': '2024-03-13 21:16:26'}, {'_id': '65f1b53d9d99da73a38c9275', 'id_transaksi': 75, 'tanggal_transaksi': '2024-03-12', 'id_pelanggan': 175, 'metode_pembayaran': 'Transfer Bank', 'barang_jasa_dibeli': 'Produk WWW', 'status_pembayaran': 'Lunas', 'created_at': '2024-03-12 17:15:00', 'updated_at': '2024-03-12 17:15:00', 'execution_at': '2024-03-13 21:16:26'}, {'_id': '65f1b53d9d99da73a38c9274', 'id_transaksi': 74, 'tanggal_transaksi': '2024-03-12', 'id_pelanggan': 174, 'metode_pembayaran': 'Kartu Kredit', 'barang_jasa_dibeli': 'Produk VVV', 'status_pembayaran': 'Belum Lunas', 'created_at': '2024-03-12 17:10:00', 'updated_at': '2024-03-12 17:10:00', 'execution_at': '2024-03-13 21:16:26'}, {'_id': '65f1b53d9d99da73a38c9273', 'id_transaksi': 73, 'tanggal_transaksi': '2024-03-12', 'id_pelanggan': 173, 'metode_pembayaran': 'Tunai', 'barang_jasa_dibeli': 'Produk UUU', 'status_pembayaran': 'Lunas', 'created_at': '2024-03-12 17:05:00', 'updated_at': '2024-03-12 17:05:00', 'execution_at': '2024-03-13 21:16:26'}, {'_id': '65f1b53d9d99da73a38c9272', 'id_transaksi': 72, 'tanggal_transaksi': '2024-03-12', 'id_pelanggan': 172, 'metode_pembayaran': 'E-Wallet', 'barang_jasa_dibeli': 'Produk TTT', 'status_pembayaran': 'Belum Lunas', 'created_at': '2024-03-12 17:00:00', 'updated_at': '2024-03-12 17:00:00', 'execution_at': '2024-03-13 21:16:26'}, {'_id': '65f1b53d9d99da73a38c9271', 'id_transaksi': 71, 'tanggal_transaksi': '2024-03-12', 'id_pelanggan': 171, 'metode_pembayaran': 'Transfer Bank', 'barang_jasa_dibeli': 'Produk SSS', 'status_pembayaran': 'Lunas', 'created_at': '2024-03-12 16:55:00', 'updated_at': '2024-03-12 16:55:00', 'execution_at': '2024-03-13 21:16:26'}  ... displaying 10 of 78 total bound parameter sets ...  {'_id': '65f1b53d9d99da73a38c922c', 'id_transaksi': 2, 'tanggal_transaksi': '2024-03-12', 'id_pelanggan': 102, 'metode_pembayaran': 'Kartu Kredit', 'barang_jasa_dibeli': 'Produk B', 'status_pembayaran': 'Belum Lunas', 'created_at': '2024-03-12 13:10:00', 'updated_at': '2024-03-12 13:10:00', 'execution_at': '2024-03-13 21:16:26'}, {'_id': '65f1b53d9d99da73a38c922b', 'id_transaksi': 1, 'tanggal_transaksi': '2024-03-12', 'id_pelanggan': 101, 'metode_pembayaran': 'Tunai', 'barang_jasa_dibeli': 'Produk A', 'status_pembayaran': 'Lunas', 'created_at': '2024-03-12 13:05:00', 'updated_at': '2024-03-12 13:05:00', 'execution_at': '2024-03-13 21:16:26'})
[2024-03-14T00:00:11.723+0000] {base.py:1868} INFO - [generated in 0.22211s] ({'_id': '65f1b53d9d99da73a38c9278', 'id_transaksi': 78, 'tanggal_transaksi': '2024-03-12', 'id_pelanggan': 178, 'metode_pembayaran': 'Kartu Kredit', 'barang_jasa_dibeli': 'Produk ZZZ', 'status_pembayaran': 'Belum Lunas', 'created_at': '2024-03-12 17:30:00', 'updated_at': '2024-03-12 17:30:00', 'execution_at': '2024-03-13 21:16:26'}, {'_id': '65f1b53d9d99da73a38c9277', 'id_transaksi': 77, 'tanggal_transaksi': '2024-03-12', 'id_pelanggan': 177, 'metode_pembayaran': 'Tunai', 'barang_jasa_dibeli': 'Produk YYY', 'status_pembayaran': 'Lunas', 'created_at': '2024-03-12 17:25:00', 'updated_at': '2024-03-12 17:25:00', 'execution_at': '2024-03-13 21:16:26'}, {'_id': '65f1b53d9d99da73a38c9276', 'id_transaksi': 76, 'tanggal_transaksi': '2024-03-12', 'id_pelanggan': 176, 'metode_pembayaran': 'E-Wallet', 'barang_jasa_dibeli': 'Produk XXX', 'status_pembayaran': 'Belum Lunas', 'created_at': '2024-03-12 17:20:00', 'updated_at': '2024-03-12 17:20:00', 'execution_at': '2024-03-13 21:16:26'}, {'_id': '65f1b53d9d99da73a38c9275', 'id_transaksi': 75, 'tanggal_transaksi': '2024-03-12', 'id_pelanggan': 175, 'metode_pembayaran': 'Transfer Bank', 'barang_jasa_dibeli': 'Produk WWW', 'status_pembayaran': 'Lunas', 'created_at': '2024-03-12 17:15:00', 'updated_at': '2024-03-12 17:15:00', 'execution_at': '2024-03-13 21:16:26'}, {'_id': '65f1b53d9d99da73a38c9274', 'id_transaksi': 74, 'tanggal_transaksi': '2024-03-12', 'id_pelanggan': 174, 'metode_pembayaran': 'Kartu Kredit', 'barang_jasa_dibeli': 'Produk VVV', 'status_pembayaran': 'Belum Lunas', 'created_at': '2024-03-12 17:10:00', 'updated_at': '2024-03-12 17:10:00', 'execution_at': '2024-03-13 21:16:26'}, {'_id': '65f1b53d9d99da73a38c9273', 'id_transaksi': 73, 'tanggal_transaksi': '2024-03-12', 'id_pelanggan': 173, 'metode_pembayaran': 'Tunai', 'barang_jasa_dibeli': 'Produk UUU', 'status_pembayaran': 'Lunas', 'created_at': '2024-03-12 17:05:00', 'updated_at': '2024-03-12 17:05:00', 'execution_at': '2024-03-13 21:16:26'}, {'_id': '65f1b53d9d99da73a38c9272', 'id_transaksi': 72, 'tanggal_transaksi': '2024-03-12', 'id_pelanggan': 172, 'metode_pembayaran': 'E-Wallet', 'barang_jasa_dibeli': 'Produk TTT', 'status_pembayaran': 'Belum Lunas', 'created_at': '2024-03-12 17:00:00', 'updated_at': '2024-03-12 17:00:00', 'execution_at': '2024-03-13 21:16:26'}, {'_id': '65f1b53d9d99da73a38c9271', 'id_transaksi': 71, 'tanggal_transaksi': '2024-03-12', 'id_pelanggan': 171, 'metode_pembayaran': 'Transfer Bank', 'barang_jasa_dibeli': 'Produk SSS', 'status_pembayaran': 'Lunas', 'created_at': '2024-03-12 16:55:00', 'updated_at': '2024-03-12 16:55:00', 'execution_at': '2024-03-13 21:16:26'}  ... displaying 10 of 78 total bound parameter sets ...  {'_id': '65f1b53d9d99da73a38c922c', 'id_transaksi': 2, 'tanggal_transaksi': '2024-03-12', 'id_pelanggan': 102, 'metode_pembayaran': 'Kartu Kredit', 'barang_jasa_dibeli': 'Produk B', 'status_pembayaran': 'Belum Lunas', 'created_at': '2024-03-12 13:10:00', 'updated_at': '2024-03-12 13:10:00', 'execution_at': '2024-03-13 21:16:26'}, {'_id': '65f1b53d9d99da73a38c922b', 'id_transaksi': 1, 'tanggal_transaksi': '2024-03-12', 'id_pelanggan': 101, 'metode_pembayaran': 'Tunai', 'barang_jasa_dibeli': 'Produk A', 'status_pembayaran': 'Lunas', 'created_at': '2024-03-12 13:05:00', 'updated_at': '2024-03-12 13:05:00', 'execution_at': '2024-03-13 21:16:26'})
[2024-03-14T00:00:12.178+0000] {logging_mixin.py:188} INFO - 2024-03-14 00:00:12,178 INFO sqlalchemy.engine.Engine COMMIT
[2024-03-14T00:00:12.178+0000] {base.py:1092} INFO - COMMIT
[2024-03-14T00:00:12.625+0000] {python.py:202} INFO - Done. Returned value was: None
[2024-03-14T00:00:12.655+0000] {taskinstance.py:1149} INFO - Marking task as SUCCESS. dag_id=mongodb_to_sql8, task_id=ingest_csv_to_mysql, execution_date=20240313T000000, start_date=20240314T000003, end_date=20240314T000012
[2024-03-14T00:00:12.742+0000] {local_task_job_runner.py:234} INFO - Task exited with return code 0
[2024-03-14T00:00:12.762+0000] {taskinstance.py:3309} INFO - 0 downstream tasks scheduled from follow-on schedule check
