[2024-03-30T17:37:36.632+0000] {taskinstance.py:1979} INFO - Dependencies all met for dep_context=non-requeueable deps ti=<TaskInstance: study_case_etl_all_pipeline.bash_task_2 manual__2024-03-30T17:37:12.275758+00:00 [queued]>
[2024-03-30T17:37:36.639+0000] {taskinstance.py:1979} INFO - Dependencies all met for dep_context=requeueable deps ti=<TaskInstance: study_case_etl_all_pipeline.bash_task_2 manual__2024-03-30T17:37:12.275758+00:00 [queued]>
[2024-03-30T17:37:36.640+0000] {taskinstance.py:2193} INFO - Starting attempt 1 of 2
[2024-03-30T17:37:36.653+0000] {taskinstance.py:2214} INFO - Executing <Task(BashOperator): bash_task_2> on 2024-03-30 17:37:12.275758+00:00
[2024-03-30T17:37:36.659+0000] {standard_task_runner.py:60} INFO - Started process 329 to run task
[2024-03-30T17:37:36.662+0000] {standard_task_runner.py:87} INFO - Running: ['***', 'tasks', 'run', 'study_case_etl_all_pipeline', 'bash_task_2', 'manual__2024-03-30T17:37:12.275758+00:00', '--job-id', '121', '--raw', '--subdir', 'DAGS_FOLDER/running_dbt_core/study_case_etl_all_pipeline.py', '--cfg-path', '/tmp/tmp3nn5lyij']
[2024-03-30T17:37:36.664+0000] {standard_task_runner.py:88} INFO - Job 121: Subtask bash_task_2
[2024-03-30T17:37:36.702+0000] {task_command.py:423} INFO - Running <TaskInstance: study_case_etl_all_pipeline.bash_task_2 manual__2024-03-30T17:37:12.275758+00:00 [running]> on host f5156ab87ac1
[2024-03-30T17:37:36.766+0000] {taskinstance.py:2510} INFO - Exporting env vars: AIRFLOW_CTX_DAG_OWNER='Agus mahari' AIRFLOW_CTX_DAG_ID='study_case_etl_all_pipeline' AIRFLOW_CTX_TASK_ID='bash_task_2' AIRFLOW_CTX_EXECUTION_DATE='2024-03-30T17:37:12.275758+00:00' AIRFLOW_CTX_TRY_NUMBER='1' AIRFLOW_CTX_DAG_RUN_ID='manual__2024-03-30T17:37:12.275758+00:00'
[2024-03-30T17:37:36.767+0000] {subprocess.py:63} INFO - Tmp dir root location: /tmp
[2024-03-30T17:37:36.768+0000] {subprocess.py:75} INFO - Running command: ['/usr/bin/bash', '-c', 'cd /opt/***/dbt/credit_card_dwh && dbt run --profiles-dir .']
[2024-03-30T17:37:36.777+0000] {subprocess.py:86} INFO - Output:
[2024-03-30T17:37:39.147+0000] {subprocess.py:93} INFO - [0m17:37:39  Running with dbt=1.7.11
[2024-03-30T17:37:40.084+0000] {subprocess.py:93} INFO - [0m17:37:40  Registered adapter: bigquery=1.7.7
[2024-03-30T17:37:40.135+0000] {subprocess.py:93} INFO - [0m17:37:40  Unable to do partial parsing because of a version mismatch
[2024-03-30T17:37:42.521+0000] {subprocess.py:93} INFO - [0m17:37:42  Found 1 model, 2 tests, 1 source, 0 exposures, 0 metrics, 907 macros, 0 groups, 0 semantic models
[2024-03-30T17:37:42.524+0000] {subprocess.py:93} INFO - [0m17:37:42
[2024-03-30T17:37:44.019+0000] {subprocess.py:93} INFO - [0m17:37:44  Concurrency: 4 threads (target='dev')
[2024-03-30T17:37:44.020+0000] {subprocess.py:93} INFO - [0m17:37:44
[2024-03-30T17:37:44.028+0000] {subprocess.py:93} INFO - [0m17:37:44  1 of 1 START sql incremental model final_project.stg__credit_card .............. [RUN]
[2024-03-30T17:37:54.143+0000] {subprocess.py:93} INFO - [0m17:37:54  1 of 1 OK created sql incremental model final_project.stg__credit_card ......... [[32mCREATE TABLE (438.6k rows, 68.4 MiB processed)[0m in 10.11s]
[2024-03-30T17:37:54.150+0000] {subprocess.py:93} INFO - [0m17:37:54
[2024-03-30T17:37:54.151+0000] {subprocess.py:93} INFO - [0m17:37:54  Finished running 1 incremental model in 0 hours 0 minutes and 11.62 seconds (11.62s).
[2024-03-30T17:37:54.171+0000] {subprocess.py:93} INFO - [0m17:37:54
[2024-03-30T17:37:54.172+0000] {subprocess.py:93} INFO - [0m17:37:54  [32mCompleted successfully[0m
[2024-03-30T17:37:54.173+0000] {subprocess.py:93} INFO - [0m17:37:54
[2024-03-30T17:37:54.174+0000] {subprocess.py:93} INFO - [0m17:37:54  Done. PASS=1 WARN=0 ERROR=0 SKIP=0 TOTAL=1
[2024-03-30T17:37:57.844+0000] {subprocess.py:97} INFO - Command exited with return code 0
[2024-03-30T17:37:57.864+0000] {taskinstance.py:1149} INFO - Marking task as SUCCESS. dag_id=study_case_etl_all_pipeline, task_id=bash_task_2, execution_date=20240330T173712, start_date=20240330T173736, end_date=20240330T173757
[2024-03-30T17:37:57.912+0000] {local_task_job_runner.py:234} INFO - Task exited with return code 0
[2024-03-30T17:37:57.928+0000] {taskinstance.py:3309} INFO - 2 downstream tasks scheduled from follow-on schedule check
