[2024-03-14T23:00:00.764+0000] {taskinstance.py:1979} INFO - Dependencies all met for dep_context=non-requeueable deps ti=<TaskInstance: etl_hourly_pintro_aplikasi.fetch_data_task scheduled__2024-03-14T22:00:00+00:00 [queued]>
[2024-03-14T23:00:00.771+0000] {taskinstance.py:1979} INFO - Dependencies all met for dep_context=requeueable deps ti=<TaskInstance: etl_hourly_pintro_aplikasi.fetch_data_task scheduled__2024-03-14T22:00:00+00:00 [queued]>
[2024-03-14T23:00:00.771+0000] {taskinstance.py:2193} INFO - Starting attempt 1 of 2
[2024-03-14T23:00:00.781+0000] {taskinstance.py:2214} INFO - Executing <Task(PythonOperator): fetch_data_task> on 2024-03-14 22:00:00+00:00
[2024-03-14T23:00:00.786+0000] {standard_task_runner.py:60} INFO - Started process 5688 to run task
[2024-03-14T23:00:00.789+0000] {standard_task_runner.py:87} INFO - Running: ['***', 'tasks', 'run', 'etl_hourly_pintro_aplikasi', 'fetch_data_task', 'scheduled__2024-03-14T22:00:00+00:00', '--job-id', '169', '--raw', '--subdir', 'DAGS_FOLDER/pintro_aplikasi_education/etl_hourly_pintro_aplikasi.py', '--cfg-path', '/tmp/tmpx3519zf7']
[2024-03-14T23:00:00.791+0000] {standard_task_runner.py:88} INFO - Job 169: Subtask fetch_data_task
[2024-03-14T23:00:00.828+0000] {task_command.py:423} INFO - Running <TaskInstance: etl_hourly_pintro_aplikasi.fetch_data_task scheduled__2024-03-14T22:00:00+00:00 [running]> on host f293363f8e27
[2024-03-14T23:00:00.887+0000] {taskinstance.py:2510} INFO - Exporting env vars: AIRFLOW_CTX_DAG_OWNER='Agus mahari' AIRFLOW_CTX_DAG_ID='etl_hourly_pintro_aplikasi' AIRFLOW_CTX_TASK_ID='fetch_data_task' AIRFLOW_CTX_EXECUTION_DATE='2024-03-14T22:00:00+00:00' AIRFLOW_CTX_TRY_NUMBER='1' AIRFLOW_CTX_DAG_RUN_ID='scheduled__2024-03-14T22:00:00+00:00'
[2024-03-14T23:00:00.889+0000] {warnings.py:109} WARNING - /home/***/.local/lib/python3.8/site-packages/***/utils/context.py:315: AirflowContextDeprecationWarning: Accessing 'execution_date' from the template is deprecated and will be removed in a future version. Please use 'data_interval_start' or 'logical_date' instead.
  warnings.warn(_create_deprecation_warning(k, replacements))

[2024-03-14T23:00:03.587+0000] {logging_mixin.py:188} INFO - 2024-03-14 23:00:03,587 INFO sqlalchemy.engine.Engine SELECT DATABASE()
[2024-03-14T23:00:03.587+0000] {base.py:1863} INFO - SELECT DATABASE()
[2024-03-14T23:00:03.588+0000] {logging_mixin.py:188} INFO - 2024-03-14 23:00:03,588 INFO sqlalchemy.engine.Engine [raw sql] {}
[2024-03-14T23:00:03.588+0000] {base.py:1868} INFO - [raw sql] {}
[2024-03-14T23:00:04.495+0000] {logging_mixin.py:188} INFO - 2024-03-14 23:00:04,495 INFO sqlalchemy.engine.Engine SELECT @@sql_mode
[2024-03-14T23:00:04.495+0000] {base.py:1863} INFO - SELECT @@sql_mode
[2024-03-14T23:00:04.498+0000] {logging_mixin.py:188} INFO - 2024-03-14 23:00:04,498 INFO sqlalchemy.engine.Engine [raw sql] {}
[2024-03-14T23:00:04.498+0000] {base.py:1868} INFO - [raw sql] {}
[2024-03-14T23:00:04.955+0000] {logging_mixin.py:188} INFO - 2024-03-14 23:00:04,955 INFO sqlalchemy.engine.Engine SELECT @@lower_case_table_names
[2024-03-14T23:00:04.955+0000] {base.py:1863} INFO - SELECT @@lower_case_table_names
[2024-03-14T23:00:04.958+0000] {logging_mixin.py:188} INFO - 2024-03-14 23:00:04,958 INFO sqlalchemy.engine.Engine [raw sql] {}
[2024-03-14T23:00:04.958+0000] {base.py:1868} INFO - [raw sql] {}
[2024-03-14T23:00:05.674+0000] {logging_mixin.py:188} INFO - 2024-03-14 23:00:05,673 INFO sqlalchemy.engine.Engine SELECT 
    id_transaksi, 
    tanggal_transaksi, 
    id_pelanggan, 
    metode_pembayaran, 
    barang_jasa_dibeli, 
    status_pembayaran, 
    created_at, 
    updated_at, 
    CONVERT_TZ(NOW(), 'UTC', '+07:00') as execution_at
FROM test.transaksi
WHERE updated_at BETWEEN CONVERT_TZ(NOW(), 'UTC', '+07:00') - INTERVAL 1 HOUR AND CONVERT_TZ(NOW(), 'UTC', '+07:00')
[2024-03-14T23:00:05.673+0000] {base.py:1863} INFO - SELECT 
    id_transaksi, 
    tanggal_transaksi, 
    id_pelanggan, 
    metode_pembayaran, 
    barang_jasa_dibeli, 
    status_pembayaran, 
    created_at, 
    updated_at, 
    CONVERT_TZ(NOW(), 'UTC', '+07:00') as execution_at
FROM test.transaksi
WHERE updated_at BETWEEN CONVERT_TZ(NOW(), 'UTC', '+07:00') - INTERVAL 1 HOUR AND CONVERT_TZ(NOW(), 'UTC', '+07:00')
[2024-03-14T23:00:05.678+0000] {logging_mixin.py:188} INFO - 2024-03-14 23:00:05,677 INFO sqlalchemy.engine.Engine [raw sql] {}
[2024-03-14T23:00:05.677+0000] {base.py:1868} INFO - [raw sql] {}
[2024-03-14T23:00:06.166+0000] {python.py:202} INFO - Done. Returned value was: None
[2024-03-14T23:00:06.182+0000] {taskinstance.py:1149} INFO - Marking task as SUCCESS. dag_id=etl_hourly_pintro_aplikasi, task_id=fetch_data_task, execution_date=20240314T220000, start_date=20240314T230000, end_date=20240314T230006
[2024-03-14T23:00:06.205+0000] {local_task_job_runner.py:234} INFO - Task exited with return code 0
[2024-03-14T23:00:06.223+0000] {taskinstance.py:3309} INFO - 1 downstream tasks scheduled from follow-on schedule check
