[2024-03-15T08:31:04.526+0000] {taskinstance.py:1979} INFO - Dependencies all met for dep_context=non-requeueable deps ti=<TaskInstance: study_case1_restore.ingest_csv_to_mysql manual__2024-03-15T08:30:59.210290+00:00 [queued]>
[2024-03-15T08:31:04.534+0000] {taskinstance.py:1979} INFO - Dependencies all met for dep_context=requeueable deps ti=<TaskInstance: study_case1_restore.ingest_csv_to_mysql manual__2024-03-15T08:30:59.210290+00:00 [queued]>
[2024-03-15T08:31:04.534+0000] {taskinstance.py:2193} INFO - Starting attempt 1 of 2
[2024-03-15T08:31:04.545+0000] {taskinstance.py:2214} INFO - Executing <Task(PythonOperator): ingest_csv_to_mysql> on 2024-03-15 08:30:59.210290+00:00
[2024-03-15T08:31:04.551+0000] {standard_task_runner.py:60} INFO - Started process 2142 to run task
[2024-03-15T08:31:04.554+0000] {standard_task_runner.py:87} INFO - Running: ['***', 'tasks', 'run', 'study_case1_restore', 'ingest_csv_to_mysql', 'manual__2024-03-15T08:30:59.210290+00:00', '--job-id', '275', '--raw', '--subdir', 'DAGS_FOLDER/restrore_mongo/study_case1_restore.py', '--cfg-path', '/tmp/tmpw3ta6y52']
[2024-03-15T08:31:04.557+0000] {standard_task_runner.py:88} INFO - Job 275: Subtask ingest_csv_to_mysql
[2024-03-15T08:31:04.594+0000] {task_command.py:423} INFO - Running <TaskInstance: study_case1_restore.ingest_csv_to_mysql manual__2024-03-15T08:30:59.210290+00:00 [running]> on host f293363f8e27
[2024-03-15T08:31:04.656+0000] {taskinstance.py:2510} INFO - Exporting env vars: AIRFLOW_CTX_DAG_OWNER='Agus mahari' AIRFLOW_CTX_DAG_ID='study_case1_restore' AIRFLOW_CTX_TASK_ID='ingest_csv_to_mysql' AIRFLOW_CTX_EXECUTION_DATE='2024-03-15T08:30:59.210290+00:00' AIRFLOW_CTX_TRY_NUMBER='1' AIRFLOW_CTX_DAG_RUN_ID='manual__2024-03-15T08:30:59.210290+00:00'
[2024-03-15T08:31:04.658+0000] {warnings.py:109} WARNING - /home/***/.local/lib/python3.8/site-packages/***/utils/context.py:315: AirflowContextDeprecationWarning: Accessing 'execution_date' from the template is deprecated and will be removed in a future version. Please use 'data_interval_start' or 'logical_date' instead.
  warnings.warn(_create_deprecation_warning(k, replacements))

[2024-03-15T08:31:07.006+0000] {logging_mixin.py:188} INFO - 2024-03-15 08:31:07,006 INFO sqlalchemy.engine.Engine SELECT DATABASE()
[2024-03-15T08:31:07.006+0000] {base.py:1863} INFO - SELECT DATABASE()
[2024-03-15T08:31:07.007+0000] {logging_mixin.py:188} INFO - 2024-03-15 08:31:07,007 INFO sqlalchemy.engine.Engine [raw sql] {}
[2024-03-15T08:31:07.007+0000] {base.py:1868} INFO - [raw sql] {}
[2024-03-15T08:31:07.845+0000] {logging_mixin.py:188} INFO - 2024-03-15 08:31:07,845 INFO sqlalchemy.engine.Engine SELECT @@sql_mode
[2024-03-15T08:31:07.845+0000] {base.py:1863} INFO - SELECT @@sql_mode
[2024-03-15T08:31:07.849+0000] {logging_mixin.py:188} INFO - 2024-03-15 08:31:07,849 INFO sqlalchemy.engine.Engine [raw sql] {}
[2024-03-15T08:31:07.849+0000] {base.py:1868} INFO - [raw sql] {}
[2024-03-15T08:31:08.262+0000] {logging_mixin.py:188} INFO - 2024-03-15 08:31:08,261 INFO sqlalchemy.engine.Engine SELECT @@lower_case_table_names
[2024-03-15T08:31:08.261+0000] {base.py:1863} INFO - SELECT @@lower_case_table_names
[2024-03-15T08:31:08.266+0000] {logging_mixin.py:188} INFO - 2024-03-15 08:31:08,265 INFO sqlalchemy.engine.Engine [raw sql] {}
[2024-03-15T08:31:08.265+0000] {base.py:1868} INFO - [raw sql] {}
[2024-03-15T08:31:08.682+0000] {logging_mixin.py:188} INFO - 2024-03-15 08:31:08,682 INFO sqlalchemy.engine.Engine BEGIN (implicit)
[2024-03-15T08:31:08.682+0000] {base.py:1032} INFO - BEGIN (implicit)
[2024-03-15T08:31:08.889+0000] {logging_mixin.py:188} INFO - 2024-03-15 08:31:08,889 INFO sqlalchemy.engine.Engine SELECT COUNT(*) FROM information_schema.tables WHERE table_schema = %(table_schema)s AND table_name = %(table_name)s
[2024-03-15T08:31:08.889+0000] {base.py:1863} INFO - SELECT COUNT(*) FROM information_schema.tables WHERE table_schema = %(table_schema)s AND table_name = %(table_name)s
[2024-03-15T08:31:08.890+0000] {logging_mixin.py:188} INFO - 2024-03-15 08:31:08,890 INFO sqlalchemy.engine.Engine [generated in 0.20437s] {'table_schema': 'backup', 'table_name': 'user_restore'}
[2024-03-15T08:31:08.890+0000] {base.py:1868} INFO - [generated in 0.20437s] {'table_schema': 'backup', 'table_name': 'user_restore'}
[2024-03-15T08:31:09.317+0000] {logging_mixin.py:188} INFO - 2024-03-15 08:31:09,317 INFO sqlalchemy.engine.Engine SELECT COUNT(*) FROM information_schema.tables WHERE table_schema = %(table_schema)s AND table_name = %(table_name)s
[2024-03-15T08:31:09.317+0000] {base.py:1863} INFO - SELECT COUNT(*) FROM information_schema.tables WHERE table_schema = %(table_schema)s AND table_name = %(table_name)s
[2024-03-15T08:31:09.318+0000] {logging_mixin.py:188} INFO - 2024-03-15 08:31:09,318 INFO sqlalchemy.engine.Engine [cached since 0.6321s ago] {'table_schema': 'backup', 'table_name': 'user_restore'}
[2024-03-15T08:31:09.318+0000] {base.py:1868} INFO - [cached since 0.6321s ago] {'table_schema': 'backup', 'table_name': 'user_restore'}
[2024-03-15T08:31:09.729+0000] {logging_mixin.py:188} INFO - 2024-03-15 08:31:09,728 INFO sqlalchemy.engine.Engine SHOW FULL TABLES FROM `backup`
[2024-03-15T08:31:09.728+0000] {base.py:1863} INFO - SHOW FULL TABLES FROM `backup`
[2024-03-15T08:31:09.730+0000] {logging_mixin.py:188} INFO - 2024-03-15 08:31:09,730 INFO sqlalchemy.engine.Engine [raw sql] {}
[2024-03-15T08:31:09.730+0000] {base.py:1868} INFO - [raw sql] {}
[2024-03-15T08:31:10.175+0000] {logging_mixin.py:188} INFO - 2024-03-15 08:31:10,174 INFO sqlalchemy.engine.Engine SHOW CREATE TABLE `user_restore`
[2024-03-15T08:31:10.174+0000] {base.py:1863} INFO - SHOW CREATE TABLE `user_restore`
[2024-03-15T08:31:10.176+0000] {logging_mixin.py:188} INFO - 2024-03-15 08:31:10,176 INFO sqlalchemy.engine.Engine [raw sql] {}
[2024-03-15T08:31:10.176+0000] {base.py:1868} INFO - [raw sql] {}
[2024-03-15T08:31:10.618+0000] {logging_mixin.py:188} INFO - 2024-03-15 08:31:10,617 INFO sqlalchemy.engine.Engine 
DROP TABLE user_restore
[2024-03-15T08:31:10.617+0000] {base.py:1863} INFO - 
DROP TABLE user_restore
[2024-03-15T08:31:10.621+0000] {logging_mixin.py:188} INFO - 2024-03-15 08:31:10,621 INFO sqlalchemy.engine.Engine [no key 0.23746s] {}
[2024-03-15T08:31:10.621+0000] {base.py:1868} INFO - [no key 0.23746s] {}
[2024-03-15T08:31:11.071+0000] {logging_mixin.py:188} INFO - 2024-03-15 08:31:11,071 INFO sqlalchemy.engine.Engine 
CREATE TABLE user_restore (
	_id TEXT, 
	id BIGINT, 
	nama TEXT, 
	created_at TEXT, 
	updated_at TEXT, 
	delete_at TEXT, 
	alamat FLOAT(53), 
	execution_at TEXT
)
[2024-03-15T08:31:11.071+0000] {base.py:1863} INFO - 
CREATE TABLE user_restore (
	_id TEXT, 
	id BIGINT, 
	nama TEXT, 
	created_at TEXT, 
	updated_at TEXT, 
	delete_at TEXT, 
	alamat FLOAT(53), 
	execution_at TEXT
)


[2024-03-15T08:31:11.072+0000] {logging_mixin.py:188} INFO - 2024-03-15 08:31:11,072 INFO sqlalchemy.engine.Engine [no key 0.20674s] {}
[2024-03-15T08:31:11.072+0000] {base.py:1868} INFO - [no key 0.20674s] {}
[2024-03-15T08:31:11.506+0000] {logging_mixin.py:188} INFO - 2024-03-15 08:31:11,506 INFO sqlalchemy.engine.Engine INSERT INTO user_restore (_id, id, nama, created_at, updated_at, delete_at, alamat, execution_at) VALUES (%(_id)s, %(id)s, %(nama)s, %(created_at)s, %(updated_at)s, %(delete_at)s, %(alamat)s, %(execution_at)s)
[2024-03-15T08:31:11.506+0000] {base.py:1863} INFO - INSERT INTO user_restore (_id, id, nama, created_at, updated_at, delete_at, alamat, execution_at) VALUES (%(_id)s, %(id)s, %(nama)s, %(created_at)s, %(updated_at)s, %(delete_at)s, %(alamat)s, %(execution_at)s)
[2024-03-15T08:31:11.507+0000] {logging_mixin.py:188} INFO - 2024-03-15 08:31:11,507 INFO sqlalchemy.engine.Engine [generated in 0.20489s] ({'_id': '65f4058125246f4b275642a8', 'id': 1, 'nama': 'heri', 'created_at': '2024-03-15 08:05:00', 'updated_at': '2024-03-15 08:05:00', 'delete_at': '2024-03-15 08:05:00', 'alamat': None, 'execution_at': '2024-03-15 15:23:19'}, {'_id': '65f4058125246f4b275642a9', 'id': 2, 'nama': 'setiawan', 'created_at': '2024-03-15 08:05:00', 'updated_at': '2024-03-15 08:05:00', 'delete_at': '2024-03-15 08:05:00', 'alamat': None, 'execution_at': '2024-03-15 15:23:19'})
[2024-03-15T08:31:11.507+0000] {base.py:1868} INFO - [generated in 0.20489s] ({'_id': '65f4058125246f4b275642a8', 'id': 1, 'nama': 'heri', 'created_at': '2024-03-15 08:05:00', 'updated_at': '2024-03-15 08:05:00', 'delete_at': '2024-03-15 08:05:00', 'alamat': None, 'execution_at': '2024-03-15 15:23:19'}, {'_id': '65f4058125246f4b275642a9', 'id': 2, 'nama': 'setiawan', 'created_at': '2024-03-15 08:05:00', 'updated_at': '2024-03-15 08:05:00', 'delete_at': '2024-03-15 08:05:00', 'alamat': None, 'execution_at': '2024-03-15 15:23:19'})
[2024-03-15T08:31:11.751+0000] {logging_mixin.py:188} INFO - 2024-03-15 08:31:11,751 INFO sqlalchemy.engine.Engine COMMIT
[2024-03-15T08:31:11.751+0000] {base.py:1092} INFO - COMMIT
[2024-03-15T08:31:12.166+0000] {python.py:202} INFO - Done. Returned value was: None
[2024-03-15T08:31:12.176+0000] {taskinstance.py:1149} INFO - Marking task as SUCCESS. dag_id=study_case1_restore, task_id=ingest_csv_to_mysql, execution_date=20240315T083059, start_date=20240315T083104, end_date=20240315T083112
[2024-03-15T08:31:12.204+0000] {local_task_job_runner.py:234} INFO - Task exited with return code 0
[2024-03-15T08:31:12.223+0000] {taskinstance.py:3309} INFO - 1 downstream tasks scheduled from follow-on schedule check
