[2024-03-17T08:36:06.258+0000] {taskinstance.py:1979} INFO - Dependencies all met for dep_context=non-requeueable deps ti=<TaskInstance: study_case_etl_cloud_storage_tiga.fetch_data_aplikasi_consumer_task_id manual__2024-03-17T08:36:04.050027+00:00 [queued]>
[2024-03-17T08:36:06.271+0000] {taskinstance.py:1979} INFO - Dependencies all met for dep_context=requeueable deps ti=<TaskInstance: study_case_etl_cloud_storage_tiga.fetch_data_aplikasi_consumer_task_id manual__2024-03-17T08:36:04.050027+00:00 [queued]>
[2024-03-17T08:36:06.272+0000] {taskinstance.py:2193} INFO - Starting attempt 1 of 2
[2024-03-17T08:36:06.295+0000] {taskinstance.py:2214} INFO - Executing <Task(PythonOperator): fetch_data_aplikasi_consumer_task_id> on 2024-03-17 08:36:04.050027+00:00
[2024-03-17T08:36:06.302+0000] {standard_task_runner.py:60} INFO - Started process 8446 to run task
[2024-03-17T08:36:06.306+0000] {standard_task_runner.py:87} INFO - Running: ['***', 'tasks', 'run', 'study_case_etl_cloud_storage_tiga', 'fetch_data_aplikasi_consumer_task_id', 'manual__2024-03-17T08:36:04.050027+00:00', '--job-id', '1027', '--raw', '--subdir', 'DAGS_FOLDER/etl_day_bigquery/study_case_etl_cloud_bigquery.py', '--cfg-path', '/tmp/tmp3ez7sh64']
[2024-03-17T08:36:06.310+0000] {standard_task_runner.py:88} INFO - Job 1027: Subtask fetch_data_aplikasi_consumer_task_id
[2024-03-17T08:36:06.377+0000] {task_command.py:423} INFO - Running <TaskInstance: study_case_etl_cloud_storage_tiga.fetch_data_aplikasi_consumer_task_id manual__2024-03-17T08:36:04.050027+00:00 [running]> on host 1d5b76b26ba5
[2024-03-17T08:36:06.479+0000] {taskinstance.py:2510} INFO - Exporting env vars: AIRFLOW_CTX_DAG_OWNER='Agus mahari' AIRFLOW_CTX_DAG_ID='study_case_etl_cloud_storage_tiga' AIRFLOW_CTX_TASK_ID='fetch_data_aplikasi_consumer_task_id' AIRFLOW_CTX_EXECUTION_DATE='2024-03-17T08:36:04.050027+00:00' AIRFLOW_CTX_TRY_NUMBER='1' AIRFLOW_CTX_DAG_RUN_ID='manual__2024-03-17T08:36:04.050027+00:00'
[2024-03-17T08:36:09.347+0000] {logging_mixin.py:188} INFO - 2024-03-17 08:36:09,347 INFO sqlalchemy.engine.Engine SELECT DATABASE()
[2024-03-17T08:36:09.347+0000] {base.py:1863} INFO - SELECT DATABASE()
[2024-03-17T08:36:09.349+0000] {logging_mixin.py:188} INFO - 2024-03-17 08:36:09,349 INFO sqlalchemy.engine.Engine [raw sql] {}
[2024-03-17T08:36:09.349+0000] {base.py:1868} INFO - [raw sql] {}
[2024-03-17T08:36:10.333+0000] {logging_mixin.py:188} INFO - 2024-03-17 08:36:10,333 INFO sqlalchemy.engine.Engine SELECT @@sql_mode
[2024-03-17T08:36:10.333+0000] {base.py:1863} INFO - SELECT @@sql_mode
[2024-03-17T08:36:10.334+0000] {logging_mixin.py:188} INFO - 2024-03-17 08:36:10,333 INFO sqlalchemy.engine.Engine [raw sql] {}
[2024-03-17T08:36:10.333+0000] {base.py:1868} INFO - [raw sql] {}
[2024-03-17T08:36:10.821+0000] {logging_mixin.py:188} INFO - 2024-03-17 08:36:10,821 INFO sqlalchemy.engine.Engine SELECT @@lower_case_table_names
[2024-03-17T08:36:10.821+0000] {base.py:1863} INFO - SELECT @@lower_case_table_names
[2024-03-17T08:36:10.822+0000] {logging_mixin.py:188} INFO - 2024-03-17 08:36:10,822 INFO sqlalchemy.engine.Engine [raw sql] {}
[2024-03-17T08:36:10.822+0000] {base.py:1868} INFO - [raw sql] {}
[2024-03-17T08:36:11.576+0000] {logging_mixin.py:188} INFO - 2024-03-17 08:36:11,576 INFO sqlalchemy.engine.Engine 



  SELECT 
    *
FROM databasename.consumer
[2024-03-17T08:36:11.576+0000] {base.py:1863} INFO - 



  SELECT 
    *
FROM databasename.consumer
[2024-03-17T08:36:11.577+0000] {logging_mixin.py:188} INFO - 2024-03-17 08:36:11,577 INFO sqlalchemy.engine.Engine [raw sql] {}
[2024-03-17T08:36:11.577+0000] {base.py:1868} INFO - [raw sql] {}
[2024-03-17T08:36:12.122+0000] {logging_mixin.py:188} INFO - File already exists.
[2024-03-17T08:36:12.124+0000] {python.py:202} INFO - Done. Returned value was: /opt/***/data/fetch_data_aplikasi_consumer_task_id_2024-03-17.csv
[2024-03-17T08:36:12.146+0000] {taskinstance.py:1149} INFO - Marking task as SUCCESS. dag_id=study_case_etl_cloud_storage_tiga, task_id=fetch_data_aplikasi_consumer_task_id, execution_date=20240317T083604, start_date=20240317T083606, end_date=20240317T083612
[2024-03-17T08:36:12.182+0000] {local_task_job_runner.py:234} INFO - Task exited with return code 0
[2024-03-17T08:36:12.207+0000] {taskinstance.py:3309} INFO - 0 downstream tasks scheduled from follow-on schedule check
