[2024-03-22T17:28:55.692+0000] {taskinstance.py:1979} INFO - Dependencies all met for dep_context=non-requeueable deps ti=<TaskInstance: study_case_etl_cloud_storage.fetch_data_task scheduled__2024-03-17T09:00:00+00:00 [queued]>
[2024-03-22T17:28:55.700+0000] {taskinstance.py:1979} INFO - Dependencies all met for dep_context=requeueable deps ti=<TaskInstance: study_case_etl_cloud_storage.fetch_data_task scheduled__2024-03-17T09:00:00+00:00 [queued]>
[2024-03-22T17:28:55.700+0000] {taskinstance.py:2193} INFO - Starting attempt 1 of 2
[2024-03-22T17:28:55.712+0000] {taskinstance.py:2214} INFO - Executing <Task(PythonOperator): fetch_data_task> on 2024-03-17 09:00:00+00:00
[2024-03-22T17:28:55.718+0000] {standard_task_runner.py:60} INFO - Started process 508 to run task
[2024-03-22T17:28:55.721+0000] {standard_task_runner.py:87} INFO - Running: ['***', 'tasks', 'run', 'study_case_etl_cloud_storage', 'fetch_data_task', 'scheduled__2024-03-17T09:00:00+00:00', '--job-id', '67', '--raw', '--subdir', 'DAGS_FOLDER/etl_day_bigquery/study_case_etl_cloud_storage.py', '--cfg-path', '/tmp/tmpleasjj9z']
[2024-03-22T17:28:55.725+0000] {standard_task_runner.py:88} INFO - Job 67: Subtask fetch_data_task
[2024-03-22T17:28:55.763+0000] {task_command.py:423} INFO - Running <TaskInstance: study_case_etl_cloud_storage.fetch_data_task scheduled__2024-03-17T09:00:00+00:00 [running]> on host eb8b31fafb1e
[2024-03-22T17:28:55.828+0000] {taskinstance.py:2510} INFO - Exporting env vars: AIRFLOW_CTX_DAG_OWNER='Agus mahari' AIRFLOW_CTX_DAG_ID='study_case_etl_cloud_storage' AIRFLOW_CTX_TASK_ID='fetch_data_task' AIRFLOW_CTX_EXECUTION_DATE='2024-03-17T09:00:00+00:00' AIRFLOW_CTX_TRY_NUMBER='1' AIRFLOW_CTX_DAG_RUN_ID='scheduled__2024-03-17T09:00:00+00:00'
[2024-03-22T17:28:58.357+0000] {logging_mixin.py:188} INFO - 2024-03-22 17:28:58,357 INFO sqlalchemy.engine.Engine SELECT DATABASE()
[2024-03-22T17:28:58.357+0000] {base.py:1863} INFO - SELECT DATABASE()
[2024-03-22T17:28:58.358+0000] {logging_mixin.py:188} INFO - 2024-03-22 17:28:58,358 INFO sqlalchemy.engine.Engine [raw sql] {}
[2024-03-22T17:28:58.358+0000] {base.py:1868} INFO - [raw sql] {}
[2024-03-22T17:28:59.291+0000] {logging_mixin.py:188} INFO - 2024-03-22 17:28:59,291 INFO sqlalchemy.engine.Engine SELECT @@sql_mode
[2024-03-22T17:28:59.291+0000] {base.py:1863} INFO - SELECT @@sql_mode
[2024-03-22T17:28:59.292+0000] {logging_mixin.py:188} INFO - 2024-03-22 17:28:59,292 INFO sqlalchemy.engine.Engine [raw sql] {}
[2024-03-22T17:28:59.292+0000] {base.py:1868} INFO - [raw sql] {}
[2024-03-22T17:28:59.737+0000] {logging_mixin.py:188} INFO - 2024-03-22 17:28:59,737 INFO sqlalchemy.engine.Engine SELECT @@lower_case_table_names
[2024-03-22T17:28:59.737+0000] {base.py:1863} INFO - SELECT @@lower_case_table_names
[2024-03-22T17:28:59.739+0000] {logging_mixin.py:188} INFO - 2024-03-22 17:28:59,739 INFO sqlalchemy.engine.Engine [raw sql] {}
[2024-03-22T17:28:59.739+0000] {base.py:1868} INFO - [raw sql] {}
[2024-03-22T17:29:00.408+0000] {logging_mixin.py:188} INFO - 2024-03-22 17:29:00,408 INFO sqlalchemy.engine.Engine 


  SELECT 
    *
FROM databasename.mytable
[2024-03-22T17:29:00.408+0000] {base.py:1863} INFO - 


  SELECT 
    *
FROM databasename.mytable
[2024-03-22T17:29:00.408+0000] {logging_mixin.py:188} INFO - 2024-03-22 17:29:00,408 INFO sqlalchemy.engine.Engine [raw sql] {}
[2024-03-22T17:29:00.408+0000] {base.py:1868} INFO - [raw sql] {}
[2024-03-22T17:29:00.857+0000] {logging_mixin.py:188} INFO - File already exists.
[2024-03-22T17:29:00.858+0000] {python.py:202} INFO - Done. Returned value was: /opt/***/data/aplikasi_table_['{ ds }.parquet']
[2024-03-22T17:29:00.875+0000] {taskinstance.py:1149} INFO - Marking task as SUCCESS. dag_id=study_case_etl_cloud_storage, task_id=fetch_data_task, execution_date=20240317T090000, start_date=20240322T172855, end_date=20240322T172900
[2024-03-22T17:29:00.891+0000] {local_task_job_runner.py:234} INFO - Task exited with return code 0
[2024-03-22T17:29:00.903+0000] {taskinstance.py:3309} INFO - 0 downstream tasks scheduled from follow-on schedule check
