[2024-03-17T07:09:13.518+0000] {taskinstance.py:1979} INFO - Dependencies all met for dep_context=non-requeueable deps ti=<TaskInstance: study_case_etl_cloud_storage_tiga.fetch_data_aplikasi_mydb_task_id manual__2024-03-17T07:09:10.429019+00:00 [queued]>
[2024-03-17T07:09:13.529+0000] {taskinstance.py:1979} INFO - Dependencies all met for dep_context=requeueable deps ti=<TaskInstance: study_case_etl_cloud_storage_tiga.fetch_data_aplikasi_mydb_task_id manual__2024-03-17T07:09:10.429019+00:00 [queued]>
[2024-03-17T07:09:13.529+0000] {taskinstance.py:2193} INFO - Starting attempt 1 of 2
[2024-03-17T07:09:13.545+0000] {taskinstance.py:2214} INFO - Executing <Task(PythonOperator): fetch_data_aplikasi_mydb_task_id> on 2024-03-17 07:09:10.429019+00:00
[2024-03-17T07:09:13.554+0000] {standard_task_runner.py:60} INFO - Started process 6943 to run task
[2024-03-17T07:09:13.558+0000] {standard_task_runner.py:87} INFO - Running: ['***', 'tasks', 'run', 'study_case_etl_cloud_storage_tiga', 'fetch_data_aplikasi_mydb_task_id', 'manual__2024-03-17T07:09:10.429019+00:00', '--job-id', '972', '--raw', '--subdir', 'DAGS_FOLDER/etl_day_bigquery/study_case_etl_cloud_bigquery.py', '--cfg-path', '/tmp/tmpj7z4si44']
[2024-03-17T07:09:13.568+0000] {standard_task_runner.py:88} INFO - Job 972: Subtask fetch_data_aplikasi_mydb_task_id
[2024-03-17T07:09:13.629+0000] {task_command.py:423} INFO - Running <TaskInstance: study_case_etl_cloud_storage_tiga.fetch_data_aplikasi_mydb_task_id manual__2024-03-17T07:09:10.429019+00:00 [running]> on host 1d5b76b26ba5
[2024-03-17T07:09:13.741+0000] {taskinstance.py:2510} INFO - Exporting env vars: AIRFLOW_CTX_DAG_OWNER='Agus mahari' AIRFLOW_CTX_DAG_ID='study_case_etl_cloud_storage_tiga' AIRFLOW_CTX_TASK_ID='fetch_data_aplikasi_mydb_task_id' AIRFLOW_CTX_EXECUTION_DATE='2024-03-17T07:09:10.429019+00:00' AIRFLOW_CTX_TRY_NUMBER='1' AIRFLOW_CTX_DAG_RUN_ID='manual__2024-03-17T07:09:10.429019+00:00'
[2024-03-17T07:09:16.335+0000] {logging_mixin.py:188} INFO - 2024-03-17 07:09:16,335 INFO sqlalchemy.engine.Engine SELECT DATABASE()
[2024-03-17T07:09:16.335+0000] {base.py:1863} INFO - SELECT DATABASE()
[2024-03-17T07:09:16.336+0000] {logging_mixin.py:188} INFO - 2024-03-17 07:09:16,336 INFO sqlalchemy.engine.Engine [raw sql] {}
[2024-03-17T07:09:16.336+0000] {base.py:1868} INFO - [raw sql] {}
[2024-03-17T07:09:17.228+0000] {logging_mixin.py:188} INFO - 2024-03-17 07:09:17,228 INFO sqlalchemy.engine.Engine SELECT @@sql_mode
[2024-03-17T07:09:17.228+0000] {base.py:1863} INFO - SELECT @@sql_mode
[2024-03-17T07:09:17.230+0000] {logging_mixin.py:188} INFO - 2024-03-17 07:09:17,229 INFO sqlalchemy.engine.Engine [raw sql] {}
[2024-03-17T07:09:17.229+0000] {base.py:1868} INFO - [raw sql] {}
[2024-03-17T07:09:17.675+0000] {logging_mixin.py:188} INFO - 2024-03-17 07:09:17,675 INFO sqlalchemy.engine.Engine SELECT @@lower_case_table_names
[2024-03-17T07:09:17.675+0000] {base.py:1863} INFO - SELECT @@lower_case_table_names
[2024-03-17T07:09:17.676+0000] {logging_mixin.py:188} INFO - 2024-03-17 07:09:17,676 INFO sqlalchemy.engine.Engine [raw sql] {}
[2024-03-17T07:09:17.676+0000] {base.py:1868} INFO - [raw sql] {}
[2024-03-17T07:09:18.338+0000] {logging_mixin.py:188} INFO - 2024-03-17 07:09:18,338 INFO sqlalchemy.engine.Engine 
  SELECT 
    *
FROM databasename.mytable
[2024-03-17T07:09:18.338+0000] {base.py:1863} INFO - 
  SELECT 
    *
FROM databasename.mytable
[2024-03-17T07:09:18.339+0000] {logging_mixin.py:188} INFO - 2024-03-17 07:09:18,339 INFO sqlalchemy.engine.Engine [raw sql] {}
[2024-03-17T07:09:18.339+0000] {base.py:1868} INFO - [raw sql] {}
[2024-03-17T07:09:18.784+0000] {logging_mixin.py:188} INFO - File already exists.
[2024-03-17T07:09:18.790+0000] {python.py:202} INFO - Done. Returned value was: /opt/***/data/fetch_data_aplikasi_mydb_task_id_2024-03-17.csv
[2024-03-17T07:09:18.822+0000] {taskinstance.py:1149} INFO - Marking task as SUCCESS. dag_id=study_case_etl_cloud_storage_tiga, task_id=fetch_data_aplikasi_mydb_task_id, execution_date=20240317T070910, start_date=20240317T070913, end_date=20240317T070918
[2024-03-17T07:09:18.861+0000] {local_task_job_runner.py:234} INFO - Task exited with return code 0
[2024-03-17T07:09:18.914+0000] {taskinstance.py:3309} INFO - 0 downstream tasks scheduled from follow-on schedule check
