[2024-03-16T06:06:34.006+0000] {taskinstance.py:1979} INFO - Dependencies all met for dep_context=non-requeueable deps ti=<TaskInstance: study_case_etl_cloud_storage.fetch_data_task scheduled__2024-03-15T02:00:00+00:00 [queued]>
[2024-03-16T06:06:34.018+0000] {taskinstance.py:1979} INFO - Dependencies all met for dep_context=requeueable deps ti=<TaskInstance: study_case_etl_cloud_storage.fetch_data_task scheduled__2024-03-15T02:00:00+00:00 [queued]>
[2024-03-16T06:06:34.018+0000] {taskinstance.py:2193} INFO - Starting attempt 1 of 2
[2024-03-16T06:06:34.035+0000] {taskinstance.py:2214} INFO - Executing <Task(PythonOperator): fetch_data_task> on 2024-03-15 02:00:00+00:00
[2024-03-16T06:06:34.045+0000] {standard_task_runner.py:60} INFO - Started process 158 to run task
[2024-03-16T06:06:34.060+0000] {standard_task_runner.py:87} INFO - Running: ['***', 'tasks', 'run', 'study_case_etl_cloud_storage', 'fetch_data_task', 'scheduled__2024-03-15T02:00:00+00:00', '--job-id', '487', '--raw', '--subdir', 'DAGS_FOLDER/etl_day_bigquery/study_case_etl_cloud_storage.py', '--cfg-path', '/tmp/tmp28pn49ap']
[2024-03-16T06:06:34.072+0000] {standard_task_runner.py:88} INFO - Job 487: Subtask fetch_data_task
[2024-03-16T06:06:34.148+0000] {task_command.py:423} INFO - Running <TaskInstance: study_case_etl_cloud_storage.fetch_data_task scheduled__2024-03-15T02:00:00+00:00 [running]> on host 72d5c878da28
[2024-03-16T06:06:34.244+0000] {taskinstance.py:2510} INFO - Exporting env vars: AIRFLOW_CTX_DAG_OWNER='Agus mahari' AIRFLOW_CTX_DAG_ID='study_case_etl_cloud_storage' AIRFLOW_CTX_TASK_ID='fetch_data_task' AIRFLOW_CTX_EXECUTION_DATE='2024-03-15T02:00:00+00:00' AIRFLOW_CTX_TRY_NUMBER='1' AIRFLOW_CTX_DAG_RUN_ID='scheduled__2024-03-15T02:00:00+00:00'
[2024-03-16T06:06:34.247+0000] {warnings.py:109} WARNING - /home/***/.local/lib/python3.8/site-packages/***/utils/context.py:315: AirflowContextDeprecationWarning: Accessing 'execution_date' from the template is deprecated and will be removed in a future version. Please use 'data_interval_start' or 'logical_date' instead.
  warnings.warn(_create_deprecation_warning(k, replacements))

[2024-03-16T06:06:36.954+0000] {logging_mixin.py:188} INFO - 2024-03-16 06:06:36,954 INFO sqlalchemy.engine.Engine SELECT DATABASE()
[2024-03-16T06:06:36.954+0000] {base.py:1863} INFO - SELECT DATABASE()
[2024-03-16T06:06:36.955+0000] {logging_mixin.py:188} INFO - 2024-03-16 06:06:36,955 INFO sqlalchemy.engine.Engine [raw sql] {}
[2024-03-16T06:06:36.955+0000] {base.py:1868} INFO - [raw sql] {}
[2024-03-16T06:06:37.844+0000] {logging_mixin.py:188} INFO - 2024-03-16 06:06:37,844 INFO sqlalchemy.engine.Engine SELECT @@sql_mode
[2024-03-16T06:06:37.844+0000] {base.py:1863} INFO - SELECT @@sql_mode
[2024-03-16T06:06:37.849+0000] {logging_mixin.py:188} INFO - 2024-03-16 06:06:37,848 INFO sqlalchemy.engine.Engine [raw sql] {}
[2024-03-16T06:06:37.848+0000] {base.py:1868} INFO - [raw sql] {}
[2024-03-16T06:06:38.294+0000] {logging_mixin.py:188} INFO - 2024-03-16 06:06:38,294 INFO sqlalchemy.engine.Engine SELECT @@lower_case_table_names
[2024-03-16T06:06:38.294+0000] {base.py:1863} INFO - SELECT @@lower_case_table_names
[2024-03-16T06:06:38.297+0000] {logging_mixin.py:188} INFO - 2024-03-16 06:06:38,296 INFO sqlalchemy.engine.Engine [raw sql] {}
[2024-03-16T06:06:38.296+0000] {base.py:1868} INFO - [raw sql] {}
[2024-03-16T06:06:39.405+0000] {logging_mixin.py:188} INFO - 2024-03-16 06:06:39,405 INFO sqlalchemy.engine.Engine 


   SELECT 
    *, 
    CONVERT_TZ(NOW(), 'UTC', '+07:00') as execution_at
FROM test.user
WHERE updated_at BETWEEN NOW() - INTERVAL 7 MINUTE AND NOW()
[2024-03-16T06:06:39.405+0000] {base.py:1863} INFO - 


   SELECT 
    *, 
    CONVERT_TZ(NOW(), 'UTC', '+07:00') as execution_at
FROM test.user
WHERE updated_at BETWEEN NOW() - INTERVAL 7 MINUTE AND NOW()
[2024-03-16T06:06:39.407+0000] {logging_mixin.py:188} INFO - 2024-03-16 06:06:39,406 INFO sqlalchemy.engine.Engine [raw sql] {}
[2024-03-16T06:06:39.406+0000] {base.py:1868} INFO - [raw sql] {}
[2024-03-16T06:06:39.875+0000] {python.py:202} INFO - Done. Returned value was: /opt/***/data/aplikasi_table_2024-03-15-2-00-00.parquet
[2024-03-16T06:06:39.917+0000] {taskinstance.py:1149} INFO - Marking task as SUCCESS. dag_id=study_case_etl_cloud_storage, task_id=fetch_data_task, execution_date=20240315T020000, start_date=20240316T060634, end_date=20240316T060639
[2024-03-16T06:06:40.197+0000] {local_task_job_runner.py:234} INFO - Task exited with return code 0
[2024-03-16T06:06:40.226+0000] {taskinstance.py:3309} INFO - 1 downstream tasks scheduled from follow-on schedule check
[2024-03-22T17:28:01.343+0000] {taskinstance.py:1979} INFO - Dependencies all met for dep_context=non-requeueable deps ti=<TaskInstance: study_case_etl_cloud_storage.fetch_data_task scheduled__2024-03-15T02:00:00+00:00 [queued]>
[2024-03-22T17:28:01.391+0000] {taskinstance.py:1979} INFO - Dependencies all met for dep_context=requeueable deps ti=<TaskInstance: study_case_etl_cloud_storage.fetch_data_task scheduled__2024-03-15T02:00:00+00:00 [queued]>
[2024-03-22T17:28:01.395+0000] {taskinstance.py:2193} INFO - Starting attempt 1 of 2
[2024-03-22T17:28:01.435+0000] {taskinstance.py:2214} INFO - Executing <Task(PythonOperator): fetch_data_task> on 2024-03-15 02:00:00+00:00
[2024-03-22T17:28:01.444+0000] {standard_task_runner.py:60} INFO - Started process 339 to run task
[2024-03-22T17:28:01.462+0000] {standard_task_runner.py:87} INFO - Running: ['***', 'tasks', 'run', 'study_case_etl_cloud_storage', 'fetch_data_task', 'scheduled__2024-03-15T02:00:00+00:00', '--job-id', '11', '--raw', '--subdir', 'DAGS_FOLDER/etl_day_bigquery/study_case_etl_cloud_storage.py', '--cfg-path', '/tmp/tmpivjps6sk']
[2024-03-22T17:28:01.471+0000] {standard_task_runner.py:88} INFO - Job 11: Subtask fetch_data_task
[2024-03-22T17:28:01.714+0000] {task_command.py:423} INFO - Running <TaskInstance: study_case_etl_cloud_storage.fetch_data_task scheduled__2024-03-15T02:00:00+00:00 [running]> on host eb8b31fafb1e
[2024-03-22T17:28:04.170+0000] {taskinstance.py:2510} INFO - Exporting env vars: AIRFLOW_CTX_DAG_OWNER='Agus mahari' AIRFLOW_CTX_DAG_ID='study_case_etl_cloud_storage' AIRFLOW_CTX_TASK_ID='fetch_data_task' AIRFLOW_CTX_EXECUTION_DATE='2024-03-15T02:00:00+00:00' AIRFLOW_CTX_TRY_NUMBER='1' AIRFLOW_CTX_DAG_RUN_ID='scheduled__2024-03-15T02:00:00+00:00'
[2024-03-22T17:28:06.884+0000] {logging_mixin.py:188} INFO - 2024-03-22 17:28:06,884 INFO sqlalchemy.engine.Engine SELECT DATABASE()
[2024-03-22T17:28:06.884+0000] {base.py:1863} INFO - SELECT DATABASE()
[2024-03-22T17:28:06.886+0000] {logging_mixin.py:188} INFO - 2024-03-22 17:28:06,886 INFO sqlalchemy.engine.Engine [raw sql] {}
[2024-03-22T17:28:06.886+0000] {base.py:1868} INFO - [raw sql] {}
[2024-03-22T17:28:07.766+0000] {logging_mixin.py:188} INFO - 2024-03-22 17:28:07,766 INFO sqlalchemy.engine.Engine SELECT @@sql_mode
[2024-03-22T17:28:07.766+0000] {base.py:1863} INFO - SELECT @@sql_mode
[2024-03-22T17:28:07.767+0000] {logging_mixin.py:188} INFO - 2024-03-22 17:28:07,767 INFO sqlalchemy.engine.Engine [raw sql] {}
[2024-03-22T17:28:07.767+0000] {base.py:1868} INFO - [raw sql] {}
[2024-03-22T17:28:08.206+0000] {logging_mixin.py:188} INFO - 2024-03-22 17:28:08,206 INFO sqlalchemy.engine.Engine SELECT @@lower_case_table_names
[2024-03-22T17:28:08.206+0000] {base.py:1863} INFO - SELECT @@lower_case_table_names
[2024-03-22T17:28:08.208+0000] {logging_mixin.py:188} INFO - 2024-03-22 17:28:08,208 INFO sqlalchemy.engine.Engine [raw sql] {}
[2024-03-22T17:28:08.208+0000] {base.py:1868} INFO - [raw sql] {}
[2024-03-22T17:28:09.300+0000] {logging_mixin.py:188} INFO - 2024-03-22 17:28:09,300 INFO sqlalchemy.engine.Engine 


  SELECT 
    *
FROM databasename.mytable
[2024-03-22T17:28:09.300+0000] {base.py:1863} INFO - 


  SELECT 
    *
FROM databasename.mytable
[2024-03-22T17:28:09.301+0000] {logging_mixin.py:188} INFO - 2024-03-22 17:28:09,300 INFO sqlalchemy.engine.Engine [raw sql] {}
[2024-03-22T17:28:09.300+0000] {base.py:1868} INFO - [raw sql] {}
[2024-03-22T17:28:09.769+0000] {logging_mixin.py:188} INFO - File already exists.
[2024-03-22T17:28:09.771+0000] {python.py:202} INFO - Done. Returned value was: /opt/***/data/aplikasi_table_['{ ds }.parquet']
[2024-03-22T17:28:09.788+0000] {taskinstance.py:1149} INFO - Marking task as SUCCESS. dag_id=study_case_etl_cloud_storage, task_id=fetch_data_task, execution_date=20240315T020000, start_date=20240322T172801, end_date=20240322T172809
[2024-03-22T17:28:09.810+0000] {local_task_job_runner.py:234} INFO - Task exited with return code 0
[2024-03-22T17:28:09.822+0000] {taskinstance.py:3309} INFO - 0 downstream tasks scheduled from follow-on schedule check
