[2024-03-09T05:32:57.489+0000] {taskinstance.py:1979} INFO - Dependencies all met for dep_context=non-requeueable deps ti=<TaskInstance: mongodb_to_sql8.ingest_csv_to_mysql manual__2024-03-09T05:32:53.636646+00:00 [queued]>
[2024-03-09T05:32:57.497+0000] {taskinstance.py:1979} INFO - Dependencies all met for dep_context=requeueable deps ti=<TaskInstance: mongodb_to_sql8.ingest_csv_to_mysql manual__2024-03-09T05:32:53.636646+00:00 [queued]>
[2024-03-09T05:32:57.497+0000] {taskinstance.py:2193} INFO - Starting attempt 1 of 2
[2024-03-09T05:32:57.509+0000] {taskinstance.py:2214} INFO - Executing <Task(PythonOperator): ingest_csv_to_mysql> on 2024-03-09 05:32:53.636646+00:00
[2024-03-09T05:32:57.514+0000] {standard_task_runner.py:60} INFO - Started process 1547 to run task
[2024-03-09T05:32:57.518+0000] {standard_task_runner.py:87} INFO - Running: ['***', 'tasks', 'run', 'mongodb_to_sql8', 'ingest_csv_to_mysql', 'manual__2024-03-09T05:32:53.636646+00:00', '--job-id', '176', '--raw', '--subdir', 'DAGS_FOLDER/restrore_mongo/main_dag_sql_delapan.py', '--cfg-path', '/tmp/tmpekl58mcc']
[2024-03-09T05:32:57.520+0000] {standard_task_runner.py:88} INFO - Job 176: Subtask ingest_csv_to_mysql
[2024-03-09T05:32:57.564+0000] {task_command.py:423} INFO - Running <TaskInstance: mongodb_to_sql8.ingest_csv_to_mysql manual__2024-03-09T05:32:53.636646+00:00 [running]> on host c9d1ac6dab48
[2024-03-09T05:32:57.633+0000] {taskinstance.py:2510} INFO - Exporting env vars: AIRFLOW_CTX_DAG_OWNER='***' AIRFLOW_CTX_DAG_ID='mongodb_to_sql8' AIRFLOW_CTX_TASK_ID='ingest_csv_to_mysql' AIRFLOW_CTX_EXECUTION_DATE='2024-03-09T05:32:53.636646+00:00' AIRFLOW_CTX_TRY_NUMBER='1' AIRFLOW_CTX_DAG_RUN_ID='manual__2024-03-09T05:32:53.636646+00:00'
[2024-03-09T05:32:57.635+0000] {warnings.py:109} WARNING - /home/***/.local/lib/python3.8/site-packages/***/utils/context.py:315: AirflowContextDeprecationWarning: Accessing 'execution_date' from the template is deprecated and will be removed in a future version. Please use 'data_interval_start' or 'logical_date' instead.
  warnings.warn(_create_deprecation_warning(k, replacements))

[2024-03-09T05:33:00.081+0000] {logging_mixin.py:188} INFO - 2024-03-09 05:33:00,080 INFO sqlalchemy.engine.Engine SELECT DATABASE()
[2024-03-09T05:33:00.080+0000] {base.py:1863} INFO - SELECT DATABASE()
[2024-03-09T05:33:00.086+0000] {logging_mixin.py:188} INFO - 2024-03-09 05:33:00,085 INFO sqlalchemy.engine.Engine [raw sql] {}
[2024-03-09T05:33:00.085+0000] {base.py:1868} INFO - [raw sql] {}
[2024-03-09T05:33:00.938+0000] {logging_mixin.py:188} INFO - 2024-03-09 05:33:00,938 INFO sqlalchemy.engine.Engine SELECT @@sql_mode
[2024-03-09T05:33:00.938+0000] {base.py:1863} INFO - SELECT @@sql_mode
[2024-03-09T05:33:00.942+0000] {logging_mixin.py:188} INFO - 2024-03-09 05:33:00,942 INFO sqlalchemy.engine.Engine [raw sql] {}
[2024-03-09T05:33:00.942+0000] {base.py:1868} INFO - [raw sql] {}
[2024-03-09T05:33:01.370+0000] {logging_mixin.py:188} INFO - 2024-03-09 05:33:01,370 INFO sqlalchemy.engine.Engine SELECT @@lower_case_table_names
[2024-03-09T05:33:01.370+0000] {base.py:1863} INFO - SELECT @@lower_case_table_names
[2024-03-09T05:33:01.373+0000] {logging_mixin.py:188} INFO - 2024-03-09 05:33:01,373 INFO sqlalchemy.engine.Engine [raw sql] {}
[2024-03-09T05:33:01.373+0000] {base.py:1868} INFO - [raw sql] {}
[2024-03-09T05:33:01.802+0000] {logging_mixin.py:188} INFO - 2024-03-09 05:33:01,802 INFO sqlalchemy.engine.Engine BEGIN (implicit)
[2024-03-09T05:33:01.802+0000] {base.py:1032} INFO - BEGIN (implicit)
[2024-03-09T05:33:02.020+0000] {logging_mixin.py:188} INFO - 2024-03-09 05:33:02,020 INFO sqlalchemy.engine.Engine SELECT COUNT(*) FROM information_schema.tables WHERE table_schema = %(table_schema)s AND table_name = %(table_name)s
[2024-03-09T05:33:02.020+0000] {base.py:1863} INFO - SELECT COUNT(*) FROM information_schema.tables WHERE table_schema = %(table_schema)s AND table_name = %(table_name)s
[2024-03-09T05:33:02.021+0000] {logging_mixin.py:188} INFO - 2024-03-09 05:33:02,021 INFO sqlalchemy.engine.Engine [generated in 0.21148s] {'table_schema': 'test', 'table_name': 'transaksi_restore'}
[2024-03-09T05:33:02.021+0000] {base.py:1868} INFO - [generated in 0.21148s] {'table_schema': 'test', 'table_name': 'transaksi_restore'}
[2024-03-09T05:33:02.446+0000] {logging_mixin.py:188} INFO - 2024-03-09 05:33:02,446 INFO sqlalchemy.engine.Engine SELECT COUNT(*) FROM information_schema.tables WHERE table_schema = %(table_schema)s AND table_name = %(table_name)s
[2024-03-09T05:33:02.446+0000] {base.py:1863} INFO - SELECT COUNT(*) FROM information_schema.tables WHERE table_schema = %(table_schema)s AND table_name = %(table_name)s
[2024-03-09T05:33:02.449+0000] {logging_mixin.py:188} INFO - 2024-03-09 05:33:02,449 INFO sqlalchemy.engine.Engine [cached since 0.6394s ago] {'table_schema': 'test', 'table_name': 'transaksi_restore'}
[2024-03-09T05:33:02.449+0000] {base.py:1868} INFO - [cached since 0.6394s ago] {'table_schema': 'test', 'table_name': 'transaksi_restore'}
[2024-03-09T05:33:02.878+0000] {logging_mixin.py:188} INFO - 2024-03-09 05:33:02,878 INFO sqlalchemy.engine.Engine SHOW FULL TABLES FROM `test`
[2024-03-09T05:33:02.878+0000] {base.py:1863} INFO - SHOW FULL TABLES FROM `test`
[2024-03-09T05:33:02.882+0000] {logging_mixin.py:188} INFO - 2024-03-09 05:33:02,882 INFO sqlalchemy.engine.Engine [raw sql] {}
[2024-03-09T05:33:02.882+0000] {base.py:1868} INFO - [raw sql] {}
[2024-03-09T05:33:03.337+0000] {logging_mixin.py:188} INFO - 2024-03-09 05:33:03,337 INFO sqlalchemy.engine.Engine SHOW CREATE TABLE `transaksi_restore`
[2024-03-09T05:33:03.337+0000] {base.py:1863} INFO - SHOW CREATE TABLE `transaksi_restore`
[2024-03-09T05:33:03.338+0000] {logging_mixin.py:188} INFO - 2024-03-09 05:33:03,338 INFO sqlalchemy.engine.Engine [raw sql] {}
[2024-03-09T05:33:03.338+0000] {base.py:1868} INFO - [raw sql] {}
[2024-03-09T05:33:03.765+0000] {logging_mixin.py:188} INFO - 2024-03-09 05:33:03,765 INFO sqlalchemy.engine.Engine 
DROP TABLE transaksi_restore
[2024-03-09T05:33:03.765+0000] {base.py:1863} INFO - 
DROP TABLE transaksi_restore
[2024-03-09T05:33:03.770+0000] {logging_mixin.py:188} INFO - 2024-03-09 05:33:03,769 INFO sqlalchemy.engine.Engine [no key 0.21609s] {}
[2024-03-09T05:33:03.769+0000] {base.py:1868} INFO - [no key 0.21609s] {}
[2024-03-09T05:33:04.233+0000] {logging_mixin.py:188} INFO - 2024-03-09 05:33:04,233 INFO sqlalchemy.engine.Engine 
CREATE TABLE transaksi_restore (
	_id TEXT, 
	id_transaksi BIGINT, 
	tanggal_transaksi TEXT, 
	id_pelanggan BIGINT, 
	metode_pembayaran TEXT, 
	barang_jasa_dibeli TEXT, 
	status_pembayaran TEXT, 
	created_at TEXT, 
	updated_at TEXT, 
	execution_timestamp FLOAT(53)
)
[2024-03-09T05:33:04.233+0000] {base.py:1863} INFO - 
CREATE TABLE transaksi_restore (
	_id TEXT, 
	id_transaksi BIGINT, 
	tanggal_transaksi TEXT, 
	id_pelanggan BIGINT, 
	metode_pembayaran TEXT, 
	barang_jasa_dibeli TEXT, 
	status_pembayaran TEXT, 
	created_at TEXT, 
	updated_at TEXT, 
	execution_timestamp FLOAT(53)
)


[2024-03-09T05:33:04.238+0000] {logging_mixin.py:188} INFO - 2024-03-09 05:33:04,237 INFO sqlalchemy.engine.Engine [no key 0.21811s] {}
[2024-03-09T05:33:04.237+0000] {base.py:1868} INFO - [no key 0.21811s] {}
[2024-03-09T05:33:04.705+0000] {logging_mixin.py:188} INFO - 2024-03-09 05:33:04,705 INFO sqlalchemy.engine.Engine INSERT INTO transaksi_restore (_id, id_transaksi, tanggal_transaksi, id_pelanggan, metode_pembayaran, barang_jasa_dibeli, status_pembayaran, created_at, updated_at, execution_timestamp) VALUES (%(_id)s, %(id_transaksi)s, %(tanggal_transaksi)s, %(id_pelanggan)s, %(metode_pembayaran)s, %(barang_jasa_dibeli)s, %(status_pembayaran)s, %(created_at)s, %(updated_at)s, %(execution_timestamp)s)
[2024-03-09T05:33:04.705+0000] {base.py:1863} INFO - INSERT INTO transaksi_restore (_id, id_transaksi, tanggal_transaksi, id_pelanggan, metode_pembayaran, barang_jasa_dibeli, status_pembayaran, created_at, updated_at, execution_timestamp) VALUES (%(_id)s, %(id_transaksi)s, %(tanggal_transaksi)s, %(id_pelanggan)s, %(metode_pembayaran)s, %(barang_jasa_dibeli)s, %(status_pembayaran)s, %(created_at)s, %(updated_at)s, %(execution_timestamp)s)
[2024-03-09T05:33:04.706+0000] {logging_mixin.py:188} INFO - 2024-03-09 05:33:04,706 INFO sqlalchemy.engine.Engine [generated in 0.21249s] ({'_id': '65eb5c01c3b3c69e5121ff1b', 'id_transaksi': 6, 'tanggal_transaksi': '2024-03-09', 'id_pelanggan': 106, 'metode_pembayaran': 'Kartu Kredit', 'barang_jasa_dibeli': 'Produk F', 'status_pembayaran': 'Belum Lunas', 'created_at': '2024-03-08 16:26:43', 'updated_at': '2024-03-08 16:26:43', 'execution_timestamp': 1709923321.276285}, {'_id': '65eb5c01c3b3c69e5121ff17', 'id_transaksi': 2, 'tanggal_transaksi': '2024-03-09', 'id_pelanggan': 102, 'metode_pembayaran': 'Kartu Kredit', 'barang_jasa_dibeli': 'Produk B', 'status_pembayaran': 'Belum Lunas', 'created_at': '2024-03-08 17:46:43', 'updated_at': '2024-03-08 17:46:43', 'execution_timestamp': 1709923321.276285}, {'_id': '65eb5c01c3b3c69e5121ff2e', 'id_transaksi': 18, 'tanggal_transaksi': '2024-03-09', 'id_pelanggan': 118, 'metode_pembayaran': 'Kartu Kredit', 'barang_jasa_dibeli': 'Produk R', 'status_pembayaran': 'Lunas', 'created_at': '2024-03-08 12:26:43', 'updated_at': '2024-03-08 13:12:29', 'execution_timestamp': 1709923321.276285}, {'_id': '65eb5c01c3b3c69e5121ff16', 'id_transaksi': 1, 'tanggal_transaksi': '2024-03-09', 'id_pelanggan': 101, 'metode_pembayaran': 'Tunai', 'barang_jasa_dibeli': 'Produk A', 'status_pembayaran': 'Lunas', 'created_at': '2024-03-08 18:06:43', 'updated_at': '2024-03-08 18:06:43', 'execution_timestamp': 1709923321.276285}, {'_id': '65eb5c01c3b3c69e5121ff18', 'id_transaksi': 3, 'tanggal_transaksi': '2024-03-09', 'id_pelanggan': 103, 'metode_pembayaran': 'Transfer Bank', 'barang_jasa_dibeli': 'Produk C', 'status_pembayaran': 'Lunas', 'created_at': '2024-03-08 17:26:43', 'updated_at': '2024-03-08 17:26:43', 'execution_timestamp': 1709923321.276285}, {'_id': '65eb5c01c3b3c69e5121ff1c', 'id_transaksi': 7, 'tanggal_transaksi': '2024-03-09', 'id_pelanggan': 107, 'metode_pembayaran': 'Transfer Bank', 'barang_jasa_dibeli': 'Produk G', 'status_pembayaran': 'Lunas', 'created_at': '2024-03-08 16:06:43', 'updated_at': '2024-03-08 16:06:43', 'execution_timestamp': 1709923321.276285}, {'_id': '65eb5c01c3b3c69e5121ff20', 'id_transaksi': 11, 'tanggal_transaksi': '2024-03-09', 'id_pelanggan': 111, 'metode_pembayaran': 'Transfer Bank', 'barang_jasa_dibeli': 'Produk K', 'status_pembayaran': 'Lunas', 'created_at': '2024-03-08 14:46:43', 'updated_at': '2024-03-08 14:46:43', 'execution_timestamp': 1709923321.276285}, {'_id': '65eb5c01c3b3c69e5121ff28', 'id_transaksi': 19, 'tanggal_transaksi': '2024-03-09', 'id_pelanggan': 119, 'metode_pembayaran': 'Transfer Bank', 'barang_jasa_dibeli': 'Produk S', 'status_pembayaran': 'Lunas', 'created_at': '2024-03-08 12:06:43', 'updated_at': '2024-03-08 12:06:43', 'execution_timestamp': 1709923321.276285}  ... displaying 10 of 20 total bound parameter sets ...  {'_id': '65eb5c01c3b3c69e5121ff22', 'id_transaksi': 13, 'tanggal_transaksi': '2024-03-09', 'id_pelanggan': 113, 'metode_pembayaran': 'Tunai', 'barang_jasa_dibeli': 'Produk M', 'status_pembayaran': 'Lunas', 'created_at': '2024-03-08 14:06:43', 'updated_at': '2024-03-08 14:06:43', 'execution_timestamp': 1709923321.276285}, {'_id': '65eb5c01c3b3c69e5121ff2c', 'id_transaksi': 14, 'tanggal_transaksi': '2024-03-09', 'id_pelanggan': 114, 'metode_pembayaran': 'Kartu Kredit', 'barang_jasa_dibeli': 'Produk N', 'status_pembayaran': 'Lunas', 'created_at': '2024-03-08 13:46:43', 'updated_at': '2024-03-08 14:32:29', 'execution_timestamp': 1709923321.276285})
[2024-03-09T05:33:04.706+0000] {base.py:1868} INFO - [generated in 0.21249s] ({'_id': '65eb5c01c3b3c69e5121ff1b', 'id_transaksi': 6, 'tanggal_transaksi': '2024-03-09', 'id_pelanggan': 106, 'metode_pembayaran': 'Kartu Kredit', 'barang_jasa_dibeli': 'Produk F', 'status_pembayaran': 'Belum Lunas', 'created_at': '2024-03-08 16:26:43', 'updated_at': '2024-03-08 16:26:43', 'execution_timestamp': 1709923321.276285}, {'_id': '65eb5c01c3b3c69e5121ff17', 'id_transaksi': 2, 'tanggal_transaksi': '2024-03-09', 'id_pelanggan': 102, 'metode_pembayaran': 'Kartu Kredit', 'barang_jasa_dibeli': 'Produk B', 'status_pembayaran': 'Belum Lunas', 'created_at': '2024-03-08 17:46:43', 'updated_at': '2024-03-08 17:46:43', 'execution_timestamp': 1709923321.276285}, {'_id': '65eb5c01c3b3c69e5121ff2e', 'id_transaksi': 18, 'tanggal_transaksi': '2024-03-09', 'id_pelanggan': 118, 'metode_pembayaran': 'Kartu Kredit', 'barang_jasa_dibeli': 'Produk R', 'status_pembayaran': 'Lunas', 'created_at': '2024-03-08 12:26:43', 'updated_at': '2024-03-08 13:12:29', 'execution_timestamp': 1709923321.276285}, {'_id': '65eb5c01c3b3c69e5121ff16', 'id_transaksi': 1, 'tanggal_transaksi': '2024-03-09', 'id_pelanggan': 101, 'metode_pembayaran': 'Tunai', 'barang_jasa_dibeli': 'Produk A', 'status_pembayaran': 'Lunas', 'created_at': '2024-03-08 18:06:43', 'updated_at': '2024-03-08 18:06:43', 'execution_timestamp': 1709923321.276285}, {'_id': '65eb5c01c3b3c69e5121ff18', 'id_transaksi': 3, 'tanggal_transaksi': '2024-03-09', 'id_pelanggan': 103, 'metode_pembayaran': 'Transfer Bank', 'barang_jasa_dibeli': 'Produk C', 'status_pembayaran': 'Lunas', 'created_at': '2024-03-08 17:26:43', 'updated_at': '2024-03-08 17:26:43', 'execution_timestamp': 1709923321.276285}, {'_id': '65eb5c01c3b3c69e5121ff1c', 'id_transaksi': 7, 'tanggal_transaksi': '2024-03-09', 'id_pelanggan': 107, 'metode_pembayaran': 'Transfer Bank', 'barang_jasa_dibeli': 'Produk G', 'status_pembayaran': 'Lunas', 'created_at': '2024-03-08 16:06:43', 'updated_at': '2024-03-08 16:06:43', 'execution_timestamp': 1709923321.276285}, {'_id': '65eb5c01c3b3c69e5121ff20', 'id_transaksi': 11, 'tanggal_transaksi': '2024-03-09', 'id_pelanggan': 111, 'metode_pembayaran': 'Transfer Bank', 'barang_jasa_dibeli': 'Produk K', 'status_pembayaran': 'Lunas', 'created_at': '2024-03-08 14:46:43', 'updated_at': '2024-03-08 14:46:43', 'execution_timestamp': 1709923321.276285}, {'_id': '65eb5c01c3b3c69e5121ff28', 'id_transaksi': 19, 'tanggal_transaksi': '2024-03-09', 'id_pelanggan': 119, 'metode_pembayaran': 'Transfer Bank', 'barang_jasa_dibeli': 'Produk S', 'status_pembayaran': 'Lunas', 'created_at': '2024-03-08 12:06:43', 'updated_at': '2024-03-08 12:06:43', 'execution_timestamp': 1709923321.276285}  ... displaying 10 of 20 total bound parameter sets ...  {'_id': '65eb5c01c3b3c69e5121ff22', 'id_transaksi': 13, 'tanggal_transaksi': '2024-03-09', 'id_pelanggan': 113, 'metode_pembayaran': 'Tunai', 'barang_jasa_dibeli': 'Produk M', 'status_pembayaran': 'Lunas', 'created_at': '2024-03-08 14:06:43', 'updated_at': '2024-03-08 14:06:43', 'execution_timestamp': 1709923321.276285}, {'_id': '65eb5c01c3b3c69e5121ff2c', 'id_transaksi': 14, 'tanggal_transaksi': '2024-03-09', 'id_pelanggan': 114, 'metode_pembayaran': 'Kartu Kredit', 'barang_jasa_dibeli': 'Produk N', 'status_pembayaran': 'Lunas', 'created_at': '2024-03-08 13:46:43', 'updated_at': '2024-03-08 14:32:29', 'execution_timestamp': 1709923321.276285})
[2024-03-09T05:33:04.928+0000] {logging_mixin.py:188} INFO - 2024-03-09 05:33:04,928 INFO sqlalchemy.engine.Engine COMMIT
[2024-03-09T05:33:04.928+0000] {base.py:1092} INFO - COMMIT
[2024-03-09T05:33:05.358+0000] {python.py:202} INFO - Done. Returned value was: None
[2024-03-09T05:33:05.386+0000] {taskinstance.py:1149} INFO - Marking task as SUCCESS. dag_id=mongodb_to_sql8, task_id=ingest_csv_to_mysql, execution_date=20240309T053253, start_date=20240309T053257, end_date=20240309T053305
[2024-03-09T05:33:05.465+0000] {local_task_job_runner.py:234} INFO - Task exited with return code 0
[2024-03-09T05:33:05.480+0000] {taskinstance.py:3309} INFO - 0 downstream tasks scheduled from follow-on schedule check
