[2024-03-14T20:09:02.101+0000] {taskinstance.py:1979} INFO - Dependencies all met for dep_context=non-requeueable deps ti=<TaskInstance: etl_hourly_pintro_aplikasi_restore_copy.retrieve_data_and_save_to_csv scheduled__2024-01-01T00:00:00+00:00 [queued]>
[2024-03-14T20:09:02.113+0000] {taskinstance.py:1979} INFO - Dependencies all met for dep_context=requeueable deps ti=<TaskInstance: etl_hourly_pintro_aplikasi_restore_copy.retrieve_data_and_save_to_csv scheduled__2024-01-01T00:00:00+00:00 [queued]>
[2024-03-14T20:09:02.113+0000] {taskinstance.py:2193} INFO - Starting attempt 1 of 2
[2024-03-14T20:09:02.130+0000] {taskinstance.py:2214} INFO - Executing <Task(PythonOperator): retrieve_data_and_save_to_csv> on 2024-01-01 00:00:00+00:00
[2024-03-14T20:09:02.137+0000] {standard_task_runner.py:60} INFO - Started process 3089 to run task
[2024-03-14T20:09:02.141+0000] {standard_task_runner.py:87} INFO - Running: ['***', 'tasks', 'run', 'etl_hourly_pintro_aplikasi_restore_copy', 'retrieve_data_and_save_to_csv', 'scheduled__2024-01-01T00:00:00+00:00', '--job-id', '160', '--raw', '--subdir', 'DAGS_FOLDER/restrore_mongo/etl_hourly_pintro_aplikasi_restore copy.py', '--cfg-path', '/tmp/tmpm2bmpppo']
[2024-03-14T20:09:02.143+0000] {standard_task_runner.py:88} INFO - Job 160: Subtask retrieve_data_and_save_to_csv
[2024-03-14T20:09:02.214+0000] {task_command.py:423} INFO - Running <TaskInstance: etl_hourly_pintro_aplikasi_restore_copy.retrieve_data_and_save_to_csv scheduled__2024-01-01T00:00:00+00:00 [running]> on host f293363f8e27
[2024-03-14T20:09:02.384+0000] {taskinstance.py:2510} INFO - Exporting env vars: AIRFLOW_CTX_DAG_OWNER='***' AIRFLOW_CTX_DAG_ID='etl_hourly_pintro_aplikasi_restore_copy' AIRFLOW_CTX_TASK_ID='retrieve_data_and_save_to_csv' AIRFLOW_CTX_EXECUTION_DATE='2024-01-01T00:00:00+00:00' AIRFLOW_CTX_TRY_NUMBER='1' AIRFLOW_CTX_DAG_RUN_ID='scheduled__2024-01-01T00:00:00+00:00'
[2024-03-14T20:09:02.387+0000] {warnings.py:109} WARNING - /home/***/.local/lib/python3.8/site-packages/***/utils/context.py:315: AirflowContextDeprecationWarning: Accessing 'execution_date' from the template is deprecated and will be removed in a future version. Please use 'data_interval_start' or 'logical_date' instead.
  warnings.warn(_create_deprecation_warning(k, replacements))

[2024-03-14T20:09:03.369+0000] {logging_mixin.py:188} INFO -                          _id  ...         execution_at
23  65f34b60903ae35d56964dfa  ...  2024-03-15 02:09:18
22  65f34b60903ae35d56964dfb  ...  2024-03-15 02:09:18
21  65f34b60903ae35d56964dfc  ...  2024-03-15 02:09:18
20  65f34b60903ae35d56964dfd  ...  2024-03-15 02:09:18
19  65f34b60903ae35d56964dfe  ...  2024-03-15 02:09:18
18  65f34b60903ae35d56964dff  ...  2024-03-15 02:09:18
17  65f34b60903ae35d56964e00  ...  2024-03-15 02:09:18
16  65f34b60903ae35d56964e01  ...  2024-03-15 02:09:18
15  65f34b60903ae35d56964e02  ...  2024-03-15 02:09:18
14  65f34b60903ae35d56964e03  ...  2024-03-15 02:09:18
13  65f34b60903ae35d56964e04  ...  2024-03-15 02:09:18
12  65f35749eb924389482167b1  ...  2024-03-15 03:00:05
11  65f34b60903ae35d56964e05  ...  2024-03-15 02:09:18
10  65f35749eb924389482167b2  ...  2024-03-15 03:00:05
9   65f35749eb924389482167b3  ...  2024-03-15 03:00:05
8   65f35749eb924389482167b4  ...  2024-03-15 03:00:05
7   65f35749eb924389482167b5  ...  2024-03-15 03:00:05
6   65f35749eb924389482167b6  ...  2024-03-15 03:00:05
5   65f35749eb924389482167b7  ...  2024-03-15 03:00:05
4   65f35749eb924389482167b8  ...  2024-03-15 03:00:05
3   65f35749eb924389482167b9  ...  2024-03-15 03:00:05
2   65f35749eb924389482167ba  ...  2024-03-15 03:00:05
1   65f35749eb924389482167bb  ...  2024-03-15 03:00:05
0   65f35749eb924389482167bc  ...  2024-03-15 03:00:05

[24 rows x 10 columns]
[2024-03-14T20:09:03.374+0000] {python.py:202} INFO - Done. Returned value was: None
[2024-03-14T20:09:03.384+0000] {taskinstance.py:1149} INFO - Marking task as SUCCESS. dag_id=etl_hourly_pintro_aplikasi_restore_copy, task_id=retrieve_data_and_save_to_csv, execution_date=20240101T000000, start_date=20240314T200902, end_date=20240314T200903
[2024-03-14T20:09:03.409+0000] {local_task_job_runner.py:234} INFO - Task exited with return code 0
[2024-03-14T20:09:03.431+0000] {taskinstance.py:3309} INFO - 1 downstream tasks scheduled from follow-on schedule check
