[2024-03-16T06:11:51.235+0000] {taskinstance.py:1979} INFO - Dependencies all met for dep_context=non-requeueable deps ti=<TaskInstance: study_case_etl_cloud_storage.fetch_data_task scheduled__2024-03-15T09:00:00+00:00 [queued]>
[2024-03-16T06:11:51.248+0000] {taskinstance.py:1979} INFO - Dependencies all met for dep_context=requeueable deps ti=<TaskInstance: study_case_etl_cloud_storage.fetch_data_task scheduled__2024-03-15T09:00:00+00:00 [queued]>
[2024-03-16T06:11:51.249+0000] {taskinstance.py:2193} INFO - Starting attempt 1 of 2
[2024-03-16T06:11:51.269+0000] {taskinstance.py:2214} INFO - Executing <Task(PythonOperator): fetch_data_task> on 2024-03-15 09:00:00+00:00
[2024-03-16T06:11:51.277+0000] {standard_task_runner.py:60} INFO - Started process 354 to run task
[2024-03-16T06:11:51.283+0000] {standard_task_runner.py:87} INFO - Running: ['***', 'tasks', 'run', 'study_case_etl_cloud_storage', 'fetch_data_task', 'scheduled__2024-03-15T09:00:00+00:00', '--job-id', '526', '--raw', '--subdir', 'DAGS_FOLDER/etl_day_bigquery/study_case_etl_cloud_storage.py', '--cfg-path', '/tmp/tmpkjsnlt51']
[2024-03-16T06:11:51.286+0000] {standard_task_runner.py:88} INFO - Job 526: Subtask fetch_data_task
[2024-03-16T06:11:51.349+0000] {task_command.py:423} INFO - Running <TaskInstance: study_case_etl_cloud_storage.fetch_data_task scheduled__2024-03-15T09:00:00+00:00 [running]> on host 72d5c878da28
[2024-03-16T06:11:51.425+0000] {taskinstance.py:2510} INFO - Exporting env vars: AIRFLOW_CTX_DAG_OWNER='Agus mahari' AIRFLOW_CTX_DAG_ID='study_case_etl_cloud_storage' AIRFLOW_CTX_TASK_ID='fetch_data_task' AIRFLOW_CTX_EXECUTION_DATE='2024-03-15T09:00:00+00:00' AIRFLOW_CTX_TRY_NUMBER='1' AIRFLOW_CTX_DAG_RUN_ID='scheduled__2024-03-15T09:00:00+00:00'
[2024-03-16T06:11:51.427+0000] {warnings.py:109} WARNING - /home/***/.local/lib/python3.8/site-packages/***/utils/context.py:315: AirflowContextDeprecationWarning: Accessing 'execution_date' from the template is deprecated and will be removed in a future version. Please use 'data_interval_start' or 'logical_date' instead.
  warnings.warn(_create_deprecation_warning(k, replacements))

[2024-03-16T06:11:54.115+0000] {logging_mixin.py:188} INFO - 2024-03-16 06:11:54,115 INFO sqlalchemy.engine.Engine SELECT DATABASE()
[2024-03-16T06:11:54.115+0000] {base.py:1863} INFO - SELECT DATABASE()
[2024-03-16T06:11:54.118+0000] {logging_mixin.py:188} INFO - 2024-03-16 06:11:54,118 INFO sqlalchemy.engine.Engine [raw sql] {}
[2024-03-16T06:11:54.118+0000] {base.py:1868} INFO - [raw sql] {}
[2024-03-16T06:11:55.030+0000] {logging_mixin.py:188} INFO - 2024-03-16 06:11:55,029 INFO sqlalchemy.engine.Engine SELECT @@sql_mode
[2024-03-16T06:11:55.029+0000] {base.py:1863} INFO - SELECT @@sql_mode
[2024-03-16T06:11:55.032+0000] {logging_mixin.py:188} INFO - 2024-03-16 06:11:55,032 INFO sqlalchemy.engine.Engine [raw sql] {}
[2024-03-16T06:11:55.032+0000] {base.py:1868} INFO - [raw sql] {}
[2024-03-16T06:11:55.481+0000] {logging_mixin.py:188} INFO - 2024-03-16 06:11:55,481 INFO sqlalchemy.engine.Engine SELECT @@lower_case_table_names
[2024-03-16T06:11:55.481+0000] {base.py:1863} INFO - SELECT @@lower_case_table_names
[2024-03-16T06:11:55.482+0000] {logging_mixin.py:188} INFO - 2024-03-16 06:11:55,482 INFO sqlalchemy.engine.Engine [raw sql] {}
[2024-03-16T06:11:55.482+0000] {base.py:1868} INFO - [raw sql] {}
[2024-03-16T06:11:56.154+0000] {logging_mixin.py:188} INFO - 2024-03-16 06:11:56,154 INFO sqlalchemy.engine.Engine 


   SELECT 
    *, 
    CONVERT_TZ(NOW(), 'UTC', '+07:00') as execution_at
FROM test.user
WHERE updated_at BETWEEN NOW() - INTERVAL 7 MINUTE AND NOW()
[2024-03-16T06:11:56.154+0000] {base.py:1863} INFO - 


   SELECT 
    *, 
    CONVERT_TZ(NOW(), 'UTC', '+07:00') as execution_at
FROM test.user
WHERE updated_at BETWEEN NOW() - INTERVAL 7 MINUTE AND NOW()
[2024-03-16T06:11:56.155+0000] {logging_mixin.py:188} INFO - 2024-03-16 06:11:56,155 INFO sqlalchemy.engine.Engine [raw sql] {}
[2024-03-16T06:11:56.155+0000] {base.py:1868} INFO - [raw sql] {}
[2024-03-16T06:11:56.610+0000] {python.py:202} INFO - Done. Returned value was: /opt/***/data/aplikasi_table_2024-03-15-9-00-00.parquet
[2024-03-16T06:11:56.629+0000] {taskinstance.py:1149} INFO - Marking task as SUCCESS. dag_id=study_case_etl_cloud_storage, task_id=fetch_data_task, execution_date=20240315T090000, start_date=20240316T061151, end_date=20240316T061156
[2024-03-16T06:11:56.675+0000] {local_task_job_runner.py:234} INFO - Task exited with return code 0
[2024-03-16T06:11:56.745+0000] {taskinstance.py:3309} INFO - 1 downstream tasks scheduled from follow-on schedule check
[2024-03-22T17:28:11.931+0000] {taskinstance.py:1979} INFO - Dependencies all met for dep_context=non-requeueable deps ti=<TaskInstance: study_case_etl_cloud_storage.fetch_data_task scheduled__2024-03-15T09:00:00+00:00 [queued]>
[2024-03-22T17:28:11.946+0000] {taskinstance.py:1979} INFO - Dependencies all met for dep_context=requeueable deps ti=<TaskInstance: study_case_etl_cloud_storage.fetch_data_task scheduled__2024-03-15T09:00:00+00:00 [queued]>
[2024-03-22T17:28:11.947+0000] {taskinstance.py:2193} INFO - Starting attempt 1 of 2
[2024-03-22T17:28:11.966+0000] {taskinstance.py:2214} INFO - Executing <Task(PythonOperator): fetch_data_task> on 2024-03-15 09:00:00+00:00
[2024-03-22T17:28:11.974+0000] {standard_task_runner.py:60} INFO - Started process 356 to run task
[2024-03-22T17:28:11.978+0000] {standard_task_runner.py:87} INFO - Running: ['***', 'tasks', 'run', 'study_case_etl_cloud_storage', 'fetch_data_task', 'scheduled__2024-03-15T09:00:00+00:00', '--job-id', '19', '--raw', '--subdir', 'DAGS_FOLDER/etl_day_bigquery/study_case_etl_cloud_storage.py', '--cfg-path', '/tmp/tmpsk1g9t9r']
[2024-03-22T17:28:11.984+0000] {standard_task_runner.py:88} INFO - Job 19: Subtask fetch_data_task
[2024-03-22T17:28:12.040+0000] {task_command.py:423} INFO - Running <TaskInstance: study_case_etl_cloud_storage.fetch_data_task scheduled__2024-03-15T09:00:00+00:00 [running]> on host eb8b31fafb1e
[2024-03-22T17:28:12.141+0000] {taskinstance.py:2510} INFO - Exporting env vars: AIRFLOW_CTX_DAG_OWNER='Agus mahari' AIRFLOW_CTX_DAG_ID='study_case_etl_cloud_storage' AIRFLOW_CTX_TASK_ID='fetch_data_task' AIRFLOW_CTX_EXECUTION_DATE='2024-03-15T09:00:00+00:00' AIRFLOW_CTX_TRY_NUMBER='1' AIRFLOW_CTX_DAG_RUN_ID='scheduled__2024-03-15T09:00:00+00:00'
[2024-03-22T17:28:14.707+0000] {logging_mixin.py:188} INFO - 2024-03-22 17:28:14,707 INFO sqlalchemy.engine.Engine SELECT DATABASE()
[2024-03-22T17:28:14.707+0000] {base.py:1863} INFO - SELECT DATABASE()
[2024-03-22T17:28:14.711+0000] {logging_mixin.py:188} INFO - 2024-03-22 17:28:14,711 INFO sqlalchemy.engine.Engine [raw sql] {}
[2024-03-22T17:28:14.711+0000] {base.py:1868} INFO - [raw sql] {}
[2024-03-22T17:28:15.604+0000] {logging_mixin.py:188} INFO - 2024-03-22 17:28:15,604 INFO sqlalchemy.engine.Engine SELECT @@sql_mode
[2024-03-22T17:28:15.604+0000] {base.py:1863} INFO - SELECT @@sql_mode
[2024-03-22T17:28:15.608+0000] {logging_mixin.py:188} INFO - 2024-03-22 17:28:15,607 INFO sqlalchemy.engine.Engine [raw sql] {}
[2024-03-22T17:28:15.607+0000] {base.py:1868} INFO - [raw sql] {}
[2024-03-22T17:28:16.057+0000] {logging_mixin.py:188} INFO - 2024-03-22 17:28:16,056 INFO sqlalchemy.engine.Engine SELECT @@lower_case_table_names
[2024-03-22T17:28:16.056+0000] {base.py:1863} INFO - SELECT @@lower_case_table_names
[2024-03-22T17:28:16.060+0000] {logging_mixin.py:188} INFO - 2024-03-22 17:28:16,059 INFO sqlalchemy.engine.Engine [raw sql] {}
[2024-03-22T17:28:16.059+0000] {base.py:1868} INFO - [raw sql] {}
[2024-03-22T17:28:16.728+0000] {logging_mixin.py:188} INFO - 2024-03-22 17:28:16,727 INFO sqlalchemy.engine.Engine 


  SELECT 
    *
FROM databasename.mytable
[2024-03-22T17:28:16.727+0000] {base.py:1863} INFO - 


  SELECT 
    *
FROM databasename.mytable
[2024-03-22T17:28:16.731+0000] {logging_mixin.py:188} INFO - 2024-03-22 17:28:16,731 INFO sqlalchemy.engine.Engine [raw sql] {}
[2024-03-22T17:28:16.731+0000] {base.py:1868} INFO - [raw sql] {}
[2024-03-22T17:28:17.197+0000] {logging_mixin.py:188} INFO - File already exists.
[2024-03-22T17:28:17.203+0000] {python.py:202} INFO - Done. Returned value was: /opt/***/data/aplikasi_table_['{ ds }.parquet']
[2024-03-22T17:28:17.230+0000] {taskinstance.py:1149} INFO - Marking task as SUCCESS. dag_id=study_case_etl_cloud_storage, task_id=fetch_data_task, execution_date=20240315T090000, start_date=20240322T172811, end_date=20240322T172817
[2024-03-22T17:28:17.278+0000] {local_task_job_runner.py:234} INFO - Task exited with return code 0
[2024-03-22T17:28:17.290+0000] {taskinstance.py:3309} INFO - 0 downstream tasks scheduled from follow-on schedule check
