[2024-03-17T06:53:04.569+0000] {taskinstance.py:1979} INFO - Dependencies all met for dep_context=non-requeueable deps ti=<TaskInstance: study_case_etl_cloud_storage_tiga.fetch_data_aplikasi_consumer_task_id scheduled__2024-03-14T17:00:00+00:00 [queued]>
[2024-03-17T06:53:04.584+0000] {taskinstance.py:1979} INFO - Dependencies all met for dep_context=requeueable deps ti=<TaskInstance: study_case_etl_cloud_storage_tiga.fetch_data_aplikasi_consumer_task_id scheduled__2024-03-14T17:00:00+00:00 [queued]>
[2024-03-17T06:53:04.585+0000] {taskinstance.py:2193} INFO - Starting attempt 1 of 2
[2024-03-17T06:53:04.607+0000] {taskinstance.py:2214} INFO - Executing <Task(PythonOperator): fetch_data_aplikasi_consumer_task_id> on 2024-03-14 17:00:00+00:00
[2024-03-17T06:53:04.618+0000] {standard_task_runner.py:60} INFO - Started process 6603 to run task
[2024-03-17T06:53:04.629+0000] {standard_task_runner.py:87} INFO - Running: ['***', 'tasks', 'run', 'study_case_etl_cloud_storage_tiga', 'fetch_data_aplikasi_consumer_task_id', 'scheduled__2024-03-14T17:00:00+00:00', '--job-id', '940', '--raw', '--subdir', 'DAGS_FOLDER/etl_day_bigquery/study_case_etl_cloud_bigquery.py', '--cfg-path', '/tmp/tmpy8ei3rpk']
[2024-03-17T06:53:04.635+0000] {standard_task_runner.py:88} INFO - Job 940: Subtask fetch_data_aplikasi_consumer_task_id
[2024-03-17T06:53:04.718+0000] {task_command.py:423} INFO - Running <TaskInstance: study_case_etl_cloud_storage_tiga.fetch_data_aplikasi_consumer_task_id scheduled__2024-03-14T17:00:00+00:00 [running]> on host 1d5b76b26ba5
[2024-03-17T06:53:04.829+0000] {taskinstance.py:2510} INFO - Exporting env vars: AIRFLOW_CTX_DAG_OWNER='Agus mahari' AIRFLOW_CTX_DAG_ID='study_case_etl_cloud_storage_tiga' AIRFLOW_CTX_TASK_ID='fetch_data_aplikasi_consumer_task_id' AIRFLOW_CTX_EXECUTION_DATE='2024-03-14T17:00:00+00:00' AIRFLOW_CTX_TRY_NUMBER='1' AIRFLOW_CTX_DAG_RUN_ID='scheduled__2024-03-14T17:00:00+00:00'
[2024-03-17T06:53:07.495+0000] {logging_mixin.py:188} INFO - 2024-03-17 06:53:07,495 INFO sqlalchemy.engine.Engine SELECT DATABASE()
[2024-03-17T06:53:07.495+0000] {base.py:1863} INFO - SELECT DATABASE()
[2024-03-17T06:53:07.497+0000] {logging_mixin.py:188} INFO - 2024-03-17 06:53:07,496 INFO sqlalchemy.engine.Engine [raw sql] {}
[2024-03-17T06:53:07.496+0000] {base.py:1868} INFO - [raw sql] {}
[2024-03-17T06:53:08.381+0000] {logging_mixin.py:188} INFO - 2024-03-17 06:53:08,381 INFO sqlalchemy.engine.Engine SELECT @@sql_mode
[2024-03-17T06:53:08.381+0000] {base.py:1863} INFO - SELECT @@sql_mode
[2024-03-17T06:53:08.382+0000] {logging_mixin.py:188} INFO - 2024-03-17 06:53:08,382 INFO sqlalchemy.engine.Engine [raw sql] {}
[2024-03-17T06:53:08.382+0000] {base.py:1868} INFO - [raw sql] {}
[2024-03-17T06:53:08.828+0000] {logging_mixin.py:188} INFO - 2024-03-17 06:53:08,828 INFO sqlalchemy.engine.Engine SELECT @@lower_case_table_names
[2024-03-17T06:53:08.828+0000] {base.py:1863} INFO - SELECT @@lower_case_table_names
[2024-03-17T06:53:08.829+0000] {logging_mixin.py:188} INFO - 2024-03-17 06:53:08,829 INFO sqlalchemy.engine.Engine [raw sql] {}
[2024-03-17T06:53:08.829+0000] {base.py:1868} INFO - [raw sql] {}
[2024-03-17T06:53:09.499+0000] {logging_mixin.py:188} INFO - 2024-03-17 06:53:09,498 INFO sqlalchemy.engine.Engine 
  SELECT 
    *
FROM databasename.mytable
[2024-03-17T06:53:09.498+0000] {base.py:1863} INFO - 
  SELECT 
    *
FROM databasename.mytable
[2024-03-17T06:53:09.500+0000] {logging_mixin.py:188} INFO - 2024-03-17 06:53:09,500 INFO sqlalchemy.engine.Engine [raw sql] {}
[2024-03-17T06:53:09.500+0000] {base.py:1868} INFO - [raw sql] {}
[2024-03-17T06:53:09.961+0000] {python.py:202} INFO - Done. Returned value was: /opt/***/data/fetch_data_aplikasi_consumer_task_id_2024-03-14.csv
[2024-03-17T06:53:09.982+0000] {taskinstance.py:1149} INFO - Marking task as SUCCESS. dag_id=study_case_etl_cloud_storage_tiga, task_id=fetch_data_aplikasi_consumer_task_id, execution_date=20240314T170000, start_date=20240317T065304, end_date=20240317T065309
[2024-03-17T06:53:10.013+0000] {local_task_job_runner.py:234} INFO - Task exited with return code 0
[2024-03-17T06:53:10.034+0000] {taskinstance.py:3309} INFO - 0 downstream tasks scheduled from follow-on schedule check
