[2024-03-17T09:20:08.959+0000] {taskinstance.py:1979} INFO - Dependencies all met for dep_context=non-requeueable deps ti=<TaskInstance: study_case_etl_cloud_storage_tiga.fetch_data_aplikasi_product_task_id manual__2024-03-17T09:20:06.106932+00:00 [queued]>
[2024-03-17T09:20:08.970+0000] {taskinstance.py:1979} INFO - Dependencies all met for dep_context=requeueable deps ti=<TaskInstance: study_case_etl_cloud_storage_tiga.fetch_data_aplikasi_product_task_id manual__2024-03-17T09:20:06.106932+00:00 [queued]>
[2024-03-17T09:20:08.971+0000] {taskinstance.py:2193} INFO - Starting attempt 1 of 2
[2024-03-17T09:20:08.990+0000] {taskinstance.py:2214} INFO - Executing <Task(PythonOperator): fetch_data_aplikasi_product_task_id> on 2024-03-17 09:20:06.106932+00:00
[2024-03-17T09:20:08.997+0000] {standard_task_runner.py:60} INFO - Started process 9178 to run task
[2024-03-17T09:20:09.001+0000] {standard_task_runner.py:87} INFO - Running: ['***', 'tasks', 'run', 'study_case_etl_cloud_storage_tiga', 'fetch_data_aplikasi_product_task_id', 'manual__2024-03-17T09:20:06.106932+00:00', '--job-id', '1044', '--raw', '--subdir', 'DAGS_FOLDER/etl_day_bigquery/study_case_etl_cloud_bigquery.py', '--cfg-path', '/tmp/tmpww3i4y73']
[2024-03-17T09:20:09.004+0000] {standard_task_runner.py:88} INFO - Job 1044: Subtask fetch_data_aplikasi_product_task_id
[2024-03-17T09:20:09.065+0000] {task_command.py:423} INFO - Running <TaskInstance: study_case_etl_cloud_storage_tiga.fetch_data_aplikasi_product_task_id manual__2024-03-17T09:20:06.106932+00:00 [running]> on host 1d5b76b26ba5
[2024-03-17T09:20:09.188+0000] {taskinstance.py:2510} INFO - Exporting env vars: AIRFLOW_CTX_DAG_OWNER='Agus mahari' AIRFLOW_CTX_DAG_ID='study_case_etl_cloud_storage_tiga' AIRFLOW_CTX_TASK_ID='fetch_data_aplikasi_product_task_id' AIRFLOW_CTX_EXECUTION_DATE='2024-03-17T09:20:06.106932+00:00' AIRFLOW_CTX_TRY_NUMBER='1' AIRFLOW_CTX_DAG_RUN_ID='manual__2024-03-17T09:20:06.106932+00:00'
[2024-03-17T09:20:11.768+0000] {logging_mixin.py:188} INFO - 2024-03-17 09:20:11,768 INFO sqlalchemy.engine.Engine SELECT DATABASE()
[2024-03-17T09:20:11.768+0000] {base.py:1863} INFO - SELECT DATABASE()
[2024-03-17T09:20:11.769+0000] {logging_mixin.py:188} INFO - 2024-03-17 09:20:11,769 INFO sqlalchemy.engine.Engine [raw sql] {}
[2024-03-17T09:20:11.769+0000] {base.py:1868} INFO - [raw sql] {}
[2024-03-17T09:20:12.651+0000] {logging_mixin.py:188} INFO - 2024-03-17 09:20:12,651 INFO sqlalchemy.engine.Engine SELECT @@sql_mode
[2024-03-17T09:20:12.651+0000] {base.py:1863} INFO - SELECT @@sql_mode
[2024-03-17T09:20:12.653+0000] {logging_mixin.py:188} INFO - 2024-03-17 09:20:12,653 INFO sqlalchemy.engine.Engine [raw sql] {}
[2024-03-17T09:20:12.653+0000] {base.py:1868} INFO - [raw sql] {}
[2024-03-17T09:20:13.095+0000] {logging_mixin.py:188} INFO - 2024-03-17 09:20:13,095 INFO sqlalchemy.engine.Engine SELECT @@lower_case_table_names
[2024-03-17T09:20:13.095+0000] {base.py:1863} INFO - SELECT @@lower_case_table_names
[2024-03-17T09:20:13.096+0000] {logging_mixin.py:188} INFO - 2024-03-17 09:20:13,096 INFO sqlalchemy.engine.Engine [raw sql] {}
[2024-03-17T09:20:13.096+0000] {base.py:1868} INFO - [raw sql] {}
[2024-03-17T09:20:13.758+0000] {logging_mixin.py:188} INFO - 2024-03-17 09:20:13,758 INFO sqlalchemy.engine.Engine 



  SELECT 
    *
FROM databasename.product
[2024-03-17T09:20:13.758+0000] {base.py:1863} INFO - 



  SELECT 
    *
FROM databasename.product
[2024-03-17T09:20:13.759+0000] {logging_mixin.py:188} INFO - 2024-03-17 09:20:13,759 INFO sqlalchemy.engine.Engine [raw sql] {}
[2024-03-17T09:20:13.759+0000] {base.py:1868} INFO - [raw sql] {}
[2024-03-17T09:20:14.203+0000] {logging_mixin.py:188} INFO - File already exists.
[2024-03-17T09:20:14.205+0000] {python.py:202} INFO - Done. Returned value was: /opt/***/data/fetch_data_aplikasi_product_task_id_2024-03-17.csv
[2024-03-17T09:20:14.222+0000] {taskinstance.py:1149} INFO - Marking task as SUCCESS. dag_id=study_case_etl_cloud_storage_tiga, task_id=fetch_data_aplikasi_product_task_id, execution_date=20240317T092006, start_date=20240317T092008, end_date=20240317T092014
[2024-03-17T09:20:14.259+0000] {local_task_job_runner.py:234} INFO - Task exited with return code 0
[2024-03-17T09:20:14.288+0000] {taskinstance.py:3309} INFO - 0 downstream tasks scheduled from follow-on schedule check
