[2024-03-16T06:06:33.453+0000] {taskinstance.py:1979} INFO - Dependencies all met for dep_context=non-requeueable deps ti=<TaskInstance: study_case_etl_cloud_storage.fetch_data_task scheduled__2024-03-15T00:00:00+00:00 [queued]>
[2024-03-16T06:06:33.464+0000] {taskinstance.py:1979} INFO - Dependencies all met for dep_context=requeueable deps ti=<TaskInstance: study_case_etl_cloud_storage.fetch_data_task scheduled__2024-03-15T00:00:00+00:00 [queued]>
[2024-03-16T06:06:33.464+0000] {taskinstance.py:2193} INFO - Starting attempt 1 of 2
[2024-03-16T06:06:33.479+0000] {taskinstance.py:2214} INFO - Executing <Task(PythonOperator): fetch_data_task> on 2024-03-15 00:00:00+00:00
[2024-03-16T06:06:33.486+0000] {standard_task_runner.py:60} INFO - Started process 153 to run task
[2024-03-16T06:06:33.496+0000] {standard_task_runner.py:87} INFO - Running: ['***', 'tasks', 'run', 'study_case_etl_cloud_storage', 'fetch_data_task', 'scheduled__2024-03-15T00:00:00+00:00', '--job-id', '486', '--raw', '--subdir', 'DAGS_FOLDER/etl_day_bigquery/study_case_etl_cloud_storage.py', '--cfg-path', '/tmp/tmpyr2mtrg_']
[2024-03-16T06:06:33.500+0000] {standard_task_runner.py:88} INFO - Job 486: Subtask fetch_data_task
[2024-03-16T06:06:33.576+0000] {task_command.py:423} INFO - Running <TaskInstance: study_case_etl_cloud_storage.fetch_data_task scheduled__2024-03-15T00:00:00+00:00 [running]> on host 72d5c878da28
[2024-03-16T06:06:33.685+0000] {taskinstance.py:2510} INFO - Exporting env vars: AIRFLOW_CTX_DAG_OWNER='Agus mahari' AIRFLOW_CTX_DAG_ID='study_case_etl_cloud_storage' AIRFLOW_CTX_TASK_ID='fetch_data_task' AIRFLOW_CTX_EXECUTION_DATE='2024-03-15T00:00:00+00:00' AIRFLOW_CTX_TRY_NUMBER='1' AIRFLOW_CTX_DAG_RUN_ID='scheduled__2024-03-15T00:00:00+00:00'
[2024-03-16T06:06:33.686+0000] {warnings.py:109} WARNING - /home/***/.local/lib/python3.8/site-packages/***/utils/context.py:315: AirflowContextDeprecationWarning: Accessing 'execution_date' from the template is deprecated and will be removed in a future version. Please use 'data_interval_start' or 'logical_date' instead.
  warnings.warn(_create_deprecation_warning(k, replacements))

[2024-03-16T06:06:36.444+0000] {logging_mixin.py:188} INFO - 2024-03-16 06:06:36,444 INFO sqlalchemy.engine.Engine SELECT DATABASE()
[2024-03-16T06:06:36.444+0000] {base.py:1863} INFO - SELECT DATABASE()
[2024-03-16T06:06:36.444+0000] {logging_mixin.py:188} INFO - 2024-03-16 06:06:36,444 INFO sqlalchemy.engine.Engine [raw sql] {}
[2024-03-16T06:06:36.444+0000] {base.py:1868} INFO - [raw sql] {}
[2024-03-16T06:06:37.329+0000] {logging_mixin.py:188} INFO - 2024-03-16 06:06:37,329 INFO sqlalchemy.engine.Engine SELECT @@sql_mode
[2024-03-16T06:06:37.329+0000] {base.py:1863} INFO - SELECT @@sql_mode
[2024-03-16T06:06:37.330+0000] {logging_mixin.py:188} INFO - 2024-03-16 06:06:37,330 INFO sqlalchemy.engine.Engine [raw sql] {}
[2024-03-16T06:06:37.330+0000] {base.py:1868} INFO - [raw sql] {}
[2024-03-16T06:06:37.779+0000] {logging_mixin.py:188} INFO - 2024-03-16 06:06:37,779 INFO sqlalchemy.engine.Engine SELECT @@lower_case_table_names
[2024-03-16T06:06:37.779+0000] {base.py:1863} INFO - SELECT @@lower_case_table_names
[2024-03-16T06:06:37.781+0000] {logging_mixin.py:188} INFO - 2024-03-16 06:06:37,780 INFO sqlalchemy.engine.Engine [raw sql] {}
[2024-03-16T06:06:37.780+0000] {base.py:1868} INFO - [raw sql] {}
[2024-03-16T06:06:38.441+0000] {logging_mixin.py:188} INFO - 2024-03-16 06:06:38,441 INFO sqlalchemy.engine.Engine 


   SELECT 
    *, 
    CONVERT_TZ(NOW(), 'UTC', '+07:00') as execution_at
FROM test.user
WHERE updated_at BETWEEN NOW() - INTERVAL 7 MINUTE AND NOW()
[2024-03-16T06:06:38.441+0000] {base.py:1863} INFO - 


   SELECT 
    *, 
    CONVERT_TZ(NOW(), 'UTC', '+07:00') as execution_at
FROM test.user
WHERE updated_at BETWEEN NOW() - INTERVAL 7 MINUTE AND NOW()
[2024-03-16T06:06:38.451+0000] {logging_mixin.py:188} INFO - 2024-03-16 06:06:38,451 INFO sqlalchemy.engine.Engine [raw sql] {}
[2024-03-16T06:06:38.451+0000] {base.py:1868} INFO - [raw sql] {}
[2024-03-16T06:06:39.355+0000] {python.py:202} INFO - Done. Returned value was: /opt/***/data/aplikasi_table_2024-03-15-0-00-00.parquet
[2024-03-16T06:06:39.441+0000] {taskinstance.py:1149} INFO - Marking task as SUCCESS. dag_id=study_case_etl_cloud_storage, task_id=fetch_data_task, execution_date=20240315T000000, start_date=20240316T060633, end_date=20240316T060639
[2024-03-16T06:06:39.494+0000] {local_task_job_runner.py:234} INFO - Task exited with return code 0
[2024-03-16T06:06:39.547+0000] {taskinstance.py:3309} INFO - 1 downstream tasks scheduled from follow-on schedule check
[2024-03-22T17:28:00.997+0000] {taskinstance.py:1979} INFO - Dependencies all met for dep_context=non-requeueable deps ti=<TaskInstance: study_case_etl_cloud_storage.fetch_data_task scheduled__2024-03-15T00:00:00+00:00 [queued]>
[2024-03-22T17:28:01.013+0000] {taskinstance.py:1979} INFO - Dependencies all met for dep_context=requeueable deps ti=<TaskInstance: study_case_etl_cloud_storage.fetch_data_task scheduled__2024-03-15T00:00:00+00:00 [queued]>
[2024-03-22T17:28:01.016+0000] {taskinstance.py:2193} INFO - Starting attempt 1 of 2
[2024-03-22T17:28:01.050+0000] {taskinstance.py:2214} INFO - Executing <Task(PythonOperator): fetch_data_task> on 2024-03-15 00:00:00+00:00
[2024-03-22T17:28:01.060+0000] {standard_task_runner.py:60} INFO - Started process 335 to run task
[2024-03-22T17:28:01.067+0000] {standard_task_runner.py:87} INFO - Running: ['***', 'tasks', 'run', 'study_case_etl_cloud_storage', 'fetch_data_task', 'scheduled__2024-03-15T00:00:00+00:00', '--job-id', '9', '--raw', '--subdir', 'DAGS_FOLDER/etl_day_bigquery/study_case_etl_cloud_storage.py', '--cfg-path', '/tmp/tmpl93tfdeq']
[2024-03-22T17:28:01.074+0000] {standard_task_runner.py:88} INFO - Job 9: Subtask fetch_data_task
[2024-03-22T17:28:01.198+0000] {task_command.py:423} INFO - Running <TaskInstance: study_case_etl_cloud_storage.fetch_data_task scheduled__2024-03-15T00:00:00+00:00 [running]> on host eb8b31fafb1e
[2024-03-22T17:28:01.322+0000] {taskinstance.py:2510} INFO - Exporting env vars: AIRFLOW_CTX_DAG_OWNER='Agus mahari' AIRFLOW_CTX_DAG_ID='study_case_etl_cloud_storage' AIRFLOW_CTX_TASK_ID='fetch_data_task' AIRFLOW_CTX_EXECUTION_DATE='2024-03-15T00:00:00+00:00' AIRFLOW_CTX_TRY_NUMBER='1' AIRFLOW_CTX_DAG_RUN_ID='scheduled__2024-03-15T00:00:00+00:00'
[2024-03-22T17:28:05.362+0000] {logging_mixin.py:188} INFO - 2024-03-22 17:28:05,362 INFO sqlalchemy.engine.Engine SELECT DATABASE()
[2024-03-22T17:28:05.362+0000] {base.py:1863} INFO - SELECT DATABASE()
[2024-03-22T17:28:05.363+0000] {logging_mixin.py:188} INFO - 2024-03-22 17:28:05,363 INFO sqlalchemy.engine.Engine [raw sql] {}
[2024-03-22T17:28:05.363+0000] {base.py:1868} INFO - [raw sql] {}
[2024-03-22T17:28:06.289+0000] {logging_mixin.py:188} INFO - 2024-03-22 17:28:06,289 INFO sqlalchemy.engine.Engine SELECT @@sql_mode
[2024-03-22T17:28:06.289+0000] {base.py:1863} INFO - SELECT @@sql_mode
[2024-03-22T17:28:06.290+0000] {logging_mixin.py:188} INFO - 2024-03-22 17:28:06,290 INFO sqlalchemy.engine.Engine [raw sql] {}
[2024-03-22T17:28:06.290+0000] {base.py:1868} INFO - [raw sql] {}
[2024-03-22T17:28:06.731+0000] {logging_mixin.py:188} INFO - 2024-03-22 17:28:06,731 INFO sqlalchemy.engine.Engine SELECT @@lower_case_table_names
[2024-03-22T17:28:06.731+0000] {base.py:1863} INFO - SELECT @@lower_case_table_names
[2024-03-22T17:28:06.733+0000] {logging_mixin.py:188} INFO - 2024-03-22 17:28:06,732 INFO sqlalchemy.engine.Engine [raw sql] {}
[2024-03-22T17:28:06.732+0000] {base.py:1868} INFO - [raw sql] {}
[2024-03-22T17:28:07.392+0000] {logging_mixin.py:188} INFO - 2024-03-22 17:28:07,392 INFO sqlalchemy.engine.Engine 


  SELECT 
    *
FROM databasename.mytable
[2024-03-22T17:28:07.392+0000] {base.py:1863} INFO - 


  SELECT 
    *
FROM databasename.mytable
[2024-03-22T17:28:07.393+0000] {logging_mixin.py:188} INFO - 2024-03-22 17:28:07,392 INFO sqlalchemy.engine.Engine [raw sql] {}
[2024-03-22T17:28:07.392+0000] {base.py:1868} INFO - [raw sql] {}
[2024-03-22T17:28:07.875+0000] {python.py:202} INFO - Done. Returned value was: /opt/***/data/aplikasi_table_['{ ds }.parquet']
[2024-03-22T17:28:07.908+0000] {taskinstance.py:1149} INFO - Marking task as SUCCESS. dag_id=study_case_etl_cloud_storage, task_id=fetch_data_task, execution_date=20240315T000000, start_date=20240322T172800, end_date=20240322T172807
[2024-03-22T17:28:07.944+0000] {local_task_job_runner.py:234} INFO - Task exited with return code 0
[2024-03-22T17:28:07.967+0000] {taskinstance.py:3309} INFO - 0 downstream tasks scheduled from follow-on schedule check
