[2024-03-16T06:11:55.166+0000] {taskinstance.py:1979} INFO - Dependencies all met for dep_context=non-requeueable deps ti=<TaskInstance: study_case_etl_cloud_storage.fetch_data_task scheduled__2024-03-15T22:00:00+00:00 [queued]>
[2024-03-16T06:11:55.176+0000] {taskinstance.py:1979} INFO - Dependencies all met for dep_context=requeueable deps ti=<TaskInstance: study_case_etl_cloud_storage.fetch_data_task scheduled__2024-03-15T22:00:00+00:00 [queued]>
[2024-03-16T06:11:55.176+0000] {taskinstance.py:2193} INFO - Starting attempt 1 of 2
[2024-03-16T06:11:55.191+0000] {taskinstance.py:2214} INFO - Executing <Task(PythonOperator): fetch_data_task> on 2024-03-15 22:00:00+00:00
[2024-03-16T06:11:55.197+0000] {standard_task_runner.py:60} INFO - Started process 390 to run task
[2024-03-16T06:11:55.201+0000] {standard_task_runner.py:87} INFO - Running: ['***', 'tasks', 'run', 'study_case_etl_cloud_storage', 'fetch_data_task', 'scheduled__2024-03-15T22:00:00+00:00', '--job-id', '539', '--raw', '--subdir', 'DAGS_FOLDER/etl_day_bigquery/study_case_etl_cloud_storage.py', '--cfg-path', '/tmp/tmpkezgk8dl']
[2024-03-16T06:11:55.204+0000] {standard_task_runner.py:88} INFO - Job 539: Subtask fetch_data_task
[2024-03-16T06:11:55.249+0000] {task_command.py:423} INFO - Running <TaskInstance: study_case_etl_cloud_storage.fetch_data_task scheduled__2024-03-15T22:00:00+00:00 [running]> on host 72d5c878da28
[2024-03-16T06:11:55.315+0000] {taskinstance.py:2510} INFO - Exporting env vars: AIRFLOW_CTX_DAG_OWNER='Agus mahari' AIRFLOW_CTX_DAG_ID='study_case_etl_cloud_storage' AIRFLOW_CTX_TASK_ID='fetch_data_task' AIRFLOW_CTX_EXECUTION_DATE='2024-03-15T22:00:00+00:00' AIRFLOW_CTX_TRY_NUMBER='1' AIRFLOW_CTX_DAG_RUN_ID='scheduled__2024-03-15T22:00:00+00:00'
[2024-03-16T06:11:55.316+0000] {warnings.py:109} WARNING - /home/***/.local/lib/python3.8/site-packages/***/utils/context.py:315: AirflowContextDeprecationWarning: Accessing 'execution_date' from the template is deprecated and will be removed in a future version. Please use 'data_interval_start' or 'logical_date' instead.
  warnings.warn(_create_deprecation_warning(k, replacements))

[2024-03-16T06:11:57.869+0000] {logging_mixin.py:188} INFO - 2024-03-16 06:11:57,869 INFO sqlalchemy.engine.Engine SELECT DATABASE()
[2024-03-16T06:11:57.869+0000] {base.py:1863} INFO - SELECT DATABASE()
[2024-03-16T06:11:57.870+0000] {logging_mixin.py:188} INFO - 2024-03-16 06:11:57,870 INFO sqlalchemy.engine.Engine [raw sql] {}
[2024-03-16T06:11:57.870+0000] {base.py:1868} INFO - [raw sql] {}
[2024-03-16T06:11:58.769+0000] {logging_mixin.py:188} INFO - 2024-03-16 06:11:58,769 INFO sqlalchemy.engine.Engine SELECT @@sql_mode
[2024-03-16T06:11:58.769+0000] {base.py:1863} INFO - SELECT @@sql_mode
[2024-03-16T06:11:58.774+0000] {logging_mixin.py:188} INFO - 2024-03-16 06:11:58,774 INFO sqlalchemy.engine.Engine [raw sql] {}
[2024-03-16T06:11:58.774+0000] {base.py:1868} INFO - [raw sql] {}
[2024-03-16T06:11:59.232+0000] {logging_mixin.py:188} INFO - 2024-03-16 06:11:59,232 INFO sqlalchemy.engine.Engine SELECT @@lower_case_table_names
[2024-03-16T06:11:59.232+0000] {base.py:1863} INFO - SELECT @@lower_case_table_names
[2024-03-16T06:11:59.234+0000] {logging_mixin.py:188} INFO - 2024-03-16 06:11:59,233 INFO sqlalchemy.engine.Engine [raw sql] {}
[2024-03-16T06:11:59.233+0000] {base.py:1868} INFO - [raw sql] {}
[2024-03-16T06:11:59.908+0000] {logging_mixin.py:188} INFO - 2024-03-16 06:11:59,907 INFO sqlalchemy.engine.Engine 


   SELECT 
    *, 
    CONVERT_TZ(NOW(), 'UTC', '+07:00') as execution_at
FROM test.user
WHERE updated_at BETWEEN NOW() - INTERVAL 7 MINUTE AND NOW()
[2024-03-16T06:11:59.907+0000] {base.py:1863} INFO - 


   SELECT 
    *, 
    CONVERT_TZ(NOW(), 'UTC', '+07:00') as execution_at
FROM test.user
WHERE updated_at BETWEEN NOW() - INTERVAL 7 MINUTE AND NOW()
[2024-03-16T06:11:59.909+0000] {logging_mixin.py:188} INFO - 2024-03-16 06:11:59,909 INFO sqlalchemy.engine.Engine [raw sql] {}
[2024-03-16T06:11:59.909+0000] {base.py:1868} INFO - [raw sql] {}
[2024-03-16T06:12:00.402+0000] {python.py:202} INFO - Done. Returned value was: /opt/***/data/aplikasi_table_2024-03-15-22-00-00.parquet
[2024-03-16T06:12:00.537+0000] {taskinstance.py:1149} INFO - Marking task as SUCCESS. dag_id=study_case_etl_cloud_storage, task_id=fetch_data_task, execution_date=20240315T220000, start_date=20240316T061155, end_date=20240316T061200
[2024-03-16T06:12:00.779+0000] {local_task_job_runner.py:234} INFO - Task exited with return code 0
[2024-03-16T06:12:00.863+0000] {taskinstance.py:3309} INFO - 1 downstream tasks scheduled from follow-on schedule check
[2024-03-22T17:28:23.394+0000] {taskinstance.py:1979} INFO - Dependencies all met for dep_context=non-requeueable deps ti=<TaskInstance: study_case_etl_cloud_storage.fetch_data_task scheduled__2024-03-15T22:00:00+00:00 [queued]>
[2024-03-22T17:28:23.434+0000] {taskinstance.py:1979} INFO - Dependencies all met for dep_context=requeueable deps ti=<TaskInstance: study_case_etl_cloud_storage.fetch_data_task scheduled__2024-03-15T22:00:00+00:00 [queued]>
[2024-03-22T17:28:23.435+0000] {taskinstance.py:2193} INFO - Starting attempt 1 of 2
[2024-03-22T17:28:23.463+0000] {taskinstance.py:2214} INFO - Executing <Task(PythonOperator): fetch_data_task> on 2024-03-15 22:00:00+00:00
[2024-03-22T17:28:23.470+0000] {standard_task_runner.py:60} INFO - Started process 403 to run task
[2024-03-22T17:28:23.475+0000] {standard_task_runner.py:87} INFO - Running: ['***', 'tasks', 'run', 'study_case_etl_cloud_storage', 'fetch_data_task', 'scheduled__2024-03-15T22:00:00+00:00', '--job-id', '34', '--raw', '--subdir', 'DAGS_FOLDER/etl_day_bigquery/study_case_etl_cloud_storage.py', '--cfg-path', '/tmp/tmpu83jzf4f']
[2024-03-22T17:28:23.483+0000] {standard_task_runner.py:88} INFO - Job 34: Subtask fetch_data_task
[2024-03-22T17:28:23.545+0000] {task_command.py:423} INFO - Running <TaskInstance: study_case_etl_cloud_storage.fetch_data_task scheduled__2024-03-15T22:00:00+00:00 [running]> on host eb8b31fafb1e
[2024-03-22T17:28:23.627+0000] {taskinstance.py:2510} INFO - Exporting env vars: AIRFLOW_CTX_DAG_OWNER='Agus mahari' AIRFLOW_CTX_DAG_ID='study_case_etl_cloud_storage' AIRFLOW_CTX_TASK_ID='fetch_data_task' AIRFLOW_CTX_EXECUTION_DATE='2024-03-15T22:00:00+00:00' AIRFLOW_CTX_TRY_NUMBER='1' AIRFLOW_CTX_DAG_RUN_ID='scheduled__2024-03-15T22:00:00+00:00'
[2024-03-22T17:28:26.228+0000] {logging_mixin.py:188} INFO - 2024-03-22 17:28:26,228 INFO sqlalchemy.engine.Engine SELECT DATABASE()
[2024-03-22T17:28:26.228+0000] {base.py:1863} INFO - SELECT DATABASE()
[2024-03-22T17:28:26.229+0000] {logging_mixin.py:188} INFO - 2024-03-22 17:28:26,229 INFO sqlalchemy.engine.Engine [raw sql] {}
[2024-03-22T17:28:26.229+0000] {base.py:1868} INFO - [raw sql] {}
[2024-03-22T17:28:27.122+0000] {logging_mixin.py:188} INFO - 2024-03-22 17:28:27,122 INFO sqlalchemy.engine.Engine SELECT @@sql_mode
[2024-03-22T17:28:27.122+0000] {base.py:1863} INFO - SELECT @@sql_mode
[2024-03-22T17:28:27.125+0000] {logging_mixin.py:188} INFO - 2024-03-22 17:28:27,124 INFO sqlalchemy.engine.Engine [raw sql] {}
[2024-03-22T17:28:27.124+0000] {base.py:1868} INFO - [raw sql] {}
[2024-03-22T17:28:27.566+0000] {logging_mixin.py:188} INFO - 2024-03-22 17:28:27,566 INFO sqlalchemy.engine.Engine SELECT @@lower_case_table_names
[2024-03-22T17:28:27.566+0000] {base.py:1863} INFO - SELECT @@lower_case_table_names
[2024-03-22T17:28:27.566+0000] {logging_mixin.py:188} INFO - 2024-03-22 17:28:27,566 INFO sqlalchemy.engine.Engine [raw sql] {}
[2024-03-22T17:28:27.566+0000] {base.py:1868} INFO - [raw sql] {}
[2024-03-22T17:28:28.225+0000] {logging_mixin.py:188} INFO - 2024-03-22 17:28:28,225 INFO sqlalchemy.engine.Engine 


  SELECT 
    *
FROM databasename.mytable
[2024-03-22T17:28:28.225+0000] {base.py:1863} INFO - 


  SELECT 
    *
FROM databasename.mytable
[2024-03-22T17:28:28.226+0000] {logging_mixin.py:188} INFO - 2024-03-22 17:28:28,226 INFO sqlalchemy.engine.Engine [raw sql] {}
[2024-03-22T17:28:28.226+0000] {base.py:1868} INFO - [raw sql] {}
[2024-03-22T17:28:28.675+0000] {logging_mixin.py:188} INFO - File already exists.
[2024-03-22T17:28:28.676+0000] {python.py:202} INFO - Done. Returned value was: /opt/***/data/aplikasi_table_['{ ds }.parquet']
[2024-03-22T17:28:28.708+0000] {taskinstance.py:1149} INFO - Marking task as SUCCESS. dag_id=study_case_etl_cloud_storage, task_id=fetch_data_task, execution_date=20240315T220000, start_date=20240322T172823, end_date=20240322T172828
[2024-03-22T17:28:28.738+0000] {local_task_job_runner.py:234} INFO - Task exited with return code 0
[2024-03-22T17:28:28.754+0000] {taskinstance.py:3309} INFO - 0 downstream tasks scheduled from follow-on schedule check
