[2024-03-30T16:44:42.773+0000] {taskinstance.py:1979} INFO - Dependencies all met for dep_context=non-requeueable deps ti=<TaskInstance: study_case_etl_all_pipeline.fetch_data_task_id manual__2024-03-30T16:44:41.274686+00:00 [queued]>
[2024-03-30T16:44:42.783+0000] {taskinstance.py:1979} INFO - Dependencies all met for dep_context=requeueable deps ti=<TaskInstance: study_case_etl_all_pipeline.fetch_data_task_id manual__2024-03-30T16:44:41.274686+00:00 [queued]>
[2024-03-30T16:44:42.784+0000] {taskinstance.py:2193} INFO - Starting attempt 1 of 2
[2024-03-30T16:44:42.795+0000] {taskinstance.py:2214} INFO - Executing <Task(PythonOperator): fetch_data_task_id> on 2024-03-30 16:44:41.274686+00:00
[2024-03-30T16:44:42.801+0000] {standard_task_runner.py:60} INFO - Started process 7676 to run task
[2024-03-30T16:44:42.805+0000] {standard_task_runner.py:87} INFO - Running: ['***', 'tasks', 'run', 'study_case_etl_all_pipeline', 'fetch_data_task_id', 'manual__2024-03-30T16:44:41.274686+00:00', '--job-id', '85', '--raw', '--subdir', 'DAGS_FOLDER/running_dbt_core/study_case_etl_all_pipeline.py', '--cfg-path', '/tmp/tmpj1dhp9yj']
[2024-03-30T16:44:42.808+0000] {standard_task_runner.py:88} INFO - Job 85: Subtask fetch_data_task_id
[2024-03-30T16:44:42.854+0000] {task_command.py:423} INFO - Running <TaskInstance: study_case_etl_all_pipeline.fetch_data_task_id manual__2024-03-30T16:44:41.274686+00:00 [running]> on host 8e1e687a7cdb
[2024-03-30T16:44:42.920+0000] {taskinstance.py:2510} INFO - Exporting env vars: AIRFLOW_CTX_DAG_OWNER='Agus mahari' AIRFLOW_CTX_DAG_ID='study_case_etl_all_pipeline' AIRFLOW_CTX_TASK_ID='fetch_data_task_id' AIRFLOW_CTX_EXECUTION_DATE='2024-03-30T16:44:41.274686+00:00' AIRFLOW_CTX_TRY_NUMBER='1' AIRFLOW_CTX_DAG_RUN_ID='manual__2024-03-30T16:44:41.274686+00:00'
[2024-03-30T16:44:45.570+0000] {logging_mixin.py:188} INFO - 2024-03-30 16:44:45,569 INFO sqlalchemy.engine.Engine SELECT DATABASE()
[2024-03-30T16:44:45.569+0000] {base.py:1863} INFO - SELECT DATABASE()
[2024-03-30T16:44:45.575+0000] {logging_mixin.py:188} INFO - 2024-03-30 16:44:45,574 INFO sqlalchemy.engine.Engine [raw sql] {}
[2024-03-30T16:44:45.574+0000] {base.py:1868} INFO - [raw sql] {}
[2024-03-30T16:44:46.532+0000] {logging_mixin.py:188} INFO - 2024-03-30 16:44:46,532 INFO sqlalchemy.engine.Engine SELECT @@sql_mode
[2024-03-30T16:44:46.532+0000] {base.py:1863} INFO - SELECT @@sql_mode
[2024-03-30T16:44:46.535+0000] {logging_mixin.py:188} INFO - 2024-03-30 16:44:46,535 INFO sqlalchemy.engine.Engine [raw sql] {}
[2024-03-30T16:44:46.535+0000] {base.py:1868} INFO - [raw sql] {}
[2024-03-30T16:44:46.978+0000] {logging_mixin.py:188} INFO - 2024-03-30 16:44:46,977 INFO sqlalchemy.engine.Engine SELECT @@lower_case_table_names
[2024-03-30T16:44:46.977+0000] {base.py:1863} INFO - SELECT @@lower_case_table_names
[2024-03-30T16:44:46.981+0000] {logging_mixin.py:188} INFO - 2024-03-30 16:44:46,980 INFO sqlalchemy.engine.Engine [raw sql] {}
[2024-03-30T16:44:46.980+0000] {base.py:1868} INFO - [raw sql] {}
[2024-03-30T16:44:47.651+0000] {logging_mixin.py:188} INFO - 2024-03-30 16:44:47,650 INFO sqlalchemy.engine.Engine 
  SELECT 
    *
FROM databasename.raw_credit_card
[2024-03-30T16:44:47.650+0000] {base.py:1863} INFO - 
  SELECT 
    *
FROM databasename.raw_credit_card
[2024-03-30T16:44:47.655+0000] {logging_mixin.py:188} INFO - 2024-03-30 16:44:47,654 INFO sqlalchemy.engine.Engine [raw sql] {}
[2024-03-30T16:44:47.654+0000] {base.py:1868} INFO - [raw sql] {}
[2024-03-30T16:45:01.771+0000] {logging_mixin.py:188} INFO - File already exists.
[2024-03-30T16:45:01.802+0000] {python.py:202} INFO - Done. Returned value was: /opt/***/data/fetch_data_task_id_2024-03-30.csv
[2024-03-30T16:45:01.822+0000] {taskinstance.py:1149} INFO - Marking task as SUCCESS. dag_id=study_case_etl_all_pipeline, task_id=fetch_data_task_id, execution_date=20240330T164441, start_date=20240330T164442, end_date=20240330T164501
[2024-03-30T16:45:01.858+0000] {local_task_job_runner.py:234} INFO - Task exited with return code 0
[2024-03-30T16:45:01.880+0000] {taskinstance.py:3309} INFO - 1 downstream tasks scheduled from follow-on schedule check
