[2024-03-17T04:54:33.473+0000] {taskinstance.py:1979} INFO - Dependencies all met for dep_context=non-requeueable deps ti=<TaskInstance: study_case_etl_cloud_storage_dua.fetch_data_task_id manual__2024-03-17T04:54:31.943240+00:00 [queued]>
[2024-03-17T04:54:33.482+0000] {taskinstance.py:1979} INFO - Dependencies all met for dep_context=requeueable deps ti=<TaskInstance: study_case_etl_cloud_storage_dua.fetch_data_task_id manual__2024-03-17T04:54:31.943240+00:00 [queued]>
[2024-03-17T04:54:33.483+0000] {taskinstance.py:2193} INFO - Starting attempt 1 of 2
[2024-03-17T04:54:33.496+0000] {taskinstance.py:2214} INFO - Executing <Task(PythonOperator): fetch_data_task_id> on 2024-03-17 04:54:31.943240+00:00
[2024-03-17T04:54:33.500+0000] {standard_task_runner.py:60} INFO - Started process 4671 to run task
[2024-03-17T04:54:33.503+0000] {standard_task_runner.py:87} INFO - Running: ['***', 'tasks', 'run', 'study_case_etl_cloud_storage_dua', 'fetch_data_task_id', 'manual__2024-03-17T04:54:31.943240+00:00', '--job-id', '906', '--raw', '--subdir', 'DAGS_FOLDER/etl_day_bigquery/study_case_etl_cloud_storage_dua.py', '--cfg-path', '/tmp/tmpqzz_8bb7']
[2024-03-17T04:54:33.505+0000] {standard_task_runner.py:88} INFO - Job 906: Subtask fetch_data_task_id
[2024-03-17T04:54:33.586+0000] {task_command.py:423} INFO - Running <TaskInstance: study_case_etl_cloud_storage_dua.fetch_data_task_id manual__2024-03-17T04:54:31.943240+00:00 [running]> on host 1d5b76b26ba5
[2024-03-17T04:54:33.660+0000] {taskinstance.py:2510} INFO - Exporting env vars: AIRFLOW_CTX_DAG_OWNER='Agus mahari' AIRFLOW_CTX_DAG_ID='study_case_etl_cloud_storage_dua' AIRFLOW_CTX_TASK_ID='fetch_data_task_id' AIRFLOW_CTX_EXECUTION_DATE='2024-03-17T04:54:31.943240+00:00' AIRFLOW_CTX_TRY_NUMBER='1' AIRFLOW_CTX_DAG_RUN_ID='manual__2024-03-17T04:54:31.943240+00:00'
[2024-03-17T04:54:36.192+0000] {logging_mixin.py:188} INFO - 2024-03-17 04:54:36,192 INFO sqlalchemy.engine.Engine SELECT DATABASE()
[2024-03-17T04:54:36.192+0000] {base.py:1863} INFO - SELECT DATABASE()
[2024-03-17T04:54:36.193+0000] {logging_mixin.py:188} INFO - 2024-03-17 04:54:36,193 INFO sqlalchemy.engine.Engine [raw sql] {}
[2024-03-17T04:54:36.193+0000] {base.py:1868} INFO - [raw sql] {}
[2024-03-17T04:54:37.094+0000] {logging_mixin.py:188} INFO - 2024-03-17 04:54:37,094 INFO sqlalchemy.engine.Engine SELECT @@sql_mode
[2024-03-17T04:54:37.094+0000] {base.py:1863} INFO - SELECT @@sql_mode
[2024-03-17T04:54:37.095+0000] {logging_mixin.py:188} INFO - 2024-03-17 04:54:37,094 INFO sqlalchemy.engine.Engine [raw sql] {}
[2024-03-17T04:54:37.094+0000] {base.py:1868} INFO - [raw sql] {}
[2024-03-17T04:54:37.560+0000] {logging_mixin.py:188} INFO - 2024-03-17 04:54:37,560 INFO sqlalchemy.engine.Engine SELECT @@lower_case_table_names
[2024-03-17T04:54:37.560+0000] {base.py:1863} INFO - SELECT @@lower_case_table_names
[2024-03-17T04:54:37.561+0000] {logging_mixin.py:188} INFO - 2024-03-17 04:54:37,561 INFO sqlalchemy.engine.Engine [raw sql] {}
[2024-03-17T04:54:37.561+0000] {base.py:1868} INFO - [raw sql] {}
[2024-03-17T04:54:38.225+0000] {logging_mixin.py:188} INFO - 2024-03-17 04:54:38,225 INFO sqlalchemy.engine.Engine 
  SELECT 
    *
FROM databasename.mytable
[2024-03-17T04:54:38.225+0000] {base.py:1863} INFO - 
  SELECT 
    *
FROM databasename.mytable
[2024-03-17T04:54:38.226+0000] {logging_mixin.py:188} INFO - 2024-03-17 04:54:38,225 INFO sqlalchemy.engine.Engine [raw sql] {}
[2024-03-17T04:54:38.225+0000] {base.py:1868} INFO - [raw sql] {}
[2024-03-17T04:54:38.677+0000] {logging_mixin.py:188} INFO - An error occurred: Cannot save file into a non-existent directory: '{BASE_PATH}'
[2024-03-17T04:54:38.679+0000] {python.py:202} INFO - Done. Returned value was: {BASE_PATH}/fetch_data_task_id_2024-03-17.csv
[2024-03-17T04:54:38.697+0000] {taskinstance.py:1149} INFO - Marking task as SUCCESS. dag_id=study_case_etl_cloud_storage_dua, task_id=fetch_data_task_id, execution_date=20240317T045431, start_date=20240317T045433, end_date=20240317T045438
[2024-03-17T04:54:38.716+0000] {local_task_job_runner.py:234} INFO - Task exited with return code 0
[2024-03-17T04:54:38.736+0000] {taskinstance.py:3309} INFO - 1 downstream tasks scheduled from follow-on schedule check
