[2024-03-30T09:27:37.355+0000] {taskinstance.py:1979} INFO - Dependencies all met for dep_context=non-requeueable deps ti=<TaskInstance: study_case_etl_all_pipeline.fetch_data_task_id manual__2024-03-30T09:27:36.130507+00:00 [queued]>
[2024-03-30T09:27:37.364+0000] {taskinstance.py:1979} INFO - Dependencies all met for dep_context=requeueable deps ti=<TaskInstance: study_case_etl_all_pipeline.fetch_data_task_id manual__2024-03-30T09:27:36.130507+00:00 [queued]>
[2024-03-30T09:27:37.364+0000] {taskinstance.py:2193} INFO - Starting attempt 1 of 2
[2024-03-30T09:27:37.374+0000] {taskinstance.py:2214} INFO - Executing <Task(PythonOperator): fetch_data_task_id> on 2024-03-30 09:27:36.130507+00:00
[2024-03-30T09:27:37.379+0000] {standard_task_runner.py:60} INFO - Started process 757 to run task
[2024-03-30T09:27:37.382+0000] {standard_task_runner.py:87} INFO - Running: ['***', 'tasks', 'run', 'study_case_etl_all_pipeline', 'fetch_data_task_id', 'manual__2024-03-30T09:27:36.130507+00:00', '--job-id', '24', '--raw', '--subdir', 'DAGS_FOLDER/running_dbt_core/study_case_etl_all_pipeline.py', '--cfg-path', '/tmp/tmpaw_k760x']
[2024-03-30T09:27:37.384+0000] {standard_task_runner.py:88} INFO - Job 24: Subtask fetch_data_task_id
[2024-03-30T09:27:37.422+0000] {task_command.py:423} INFO - Running <TaskInstance: study_case_etl_all_pipeline.fetch_data_task_id manual__2024-03-30T09:27:36.130507+00:00 [running]> on host 8e1e687a7cdb
[2024-03-30T09:27:37.481+0000] {taskinstance.py:2510} INFO - Exporting env vars: AIRFLOW_CTX_DAG_OWNER='Agus mahari' AIRFLOW_CTX_DAG_ID='study_case_etl_all_pipeline' AIRFLOW_CTX_TASK_ID='fetch_data_task_id' AIRFLOW_CTX_EXECUTION_DATE='2024-03-30T09:27:36.130507+00:00' AIRFLOW_CTX_TRY_NUMBER='1' AIRFLOW_CTX_DAG_RUN_ID='manual__2024-03-30T09:27:36.130507+00:00'
[2024-03-30T09:27:40.348+0000] {logging_mixin.py:188} INFO - 2024-03-30 09:27:40,348 INFO sqlalchemy.engine.Engine SELECT DATABASE()
[2024-03-30T09:27:40.348+0000] {base.py:1863} INFO - SELECT DATABASE()
[2024-03-30T09:27:40.349+0000] {logging_mixin.py:188} INFO - 2024-03-30 09:27:40,349 INFO sqlalchemy.engine.Engine [raw sql] {}
[2024-03-30T09:27:40.349+0000] {base.py:1868} INFO - [raw sql] {}
[2024-03-30T09:27:41.238+0000] {logging_mixin.py:188} INFO - 2024-03-30 09:27:41,238 INFO sqlalchemy.engine.Engine SELECT @@sql_mode
[2024-03-30T09:27:41.238+0000] {base.py:1863} INFO - SELECT @@sql_mode
[2024-03-30T09:27:41.239+0000] {logging_mixin.py:188} INFO - 2024-03-30 09:27:41,239 INFO sqlalchemy.engine.Engine [raw sql] {}
[2024-03-30T09:27:41.239+0000] {base.py:1868} INFO - [raw sql] {}
[2024-03-30T09:27:41.699+0000] {logging_mixin.py:188} INFO - 2024-03-30 09:27:41,699 INFO sqlalchemy.engine.Engine SELECT @@lower_case_table_names
[2024-03-30T09:27:41.699+0000] {base.py:1863} INFO - SELECT @@lower_case_table_names
[2024-03-30T09:27:41.699+0000] {logging_mixin.py:188} INFO - 2024-03-30 09:27:41,699 INFO sqlalchemy.engine.Engine [raw sql] {}
[2024-03-30T09:27:41.699+0000] {base.py:1868} INFO - [raw sql] {}
[2024-03-30T09:27:42.389+0000] {logging_mixin.py:188} INFO - 2024-03-30 09:27:42,389 INFO sqlalchemy.engine.Engine 
  SELECT 
    *
FROM databasename.raw_credit_card
[2024-03-30T09:27:42.389+0000] {base.py:1863} INFO - 
  SELECT 
    *
FROM databasename.raw_credit_card
[2024-03-30T09:27:42.393+0000] {logging_mixin.py:188} INFO - 2024-03-30 09:27:42,393 INFO sqlalchemy.engine.Engine [raw sql] {}
[2024-03-30T09:27:42.393+0000] {base.py:1868} INFO - [raw sql] {}
[2024-03-30T09:28:29.671+0000] {logging_mixin.py:188} INFO - File already exists.
[2024-03-30T09:28:29.703+0000] {python.py:202} INFO - Done. Returned value was: /opt/***/data/fetch_data_task_id_2024-03-30.csv
[2024-03-30T09:28:29.722+0000] {taskinstance.py:1149} INFO - Marking task as SUCCESS. dag_id=study_case_etl_all_pipeline, task_id=fetch_data_task_id, execution_date=20240330T092736, start_date=20240330T092737, end_date=20240330T092829
[2024-03-30T09:28:29.764+0000] {local_task_job_runner.py:234} INFO - Task exited with return code 0
[2024-03-30T09:28:29.787+0000] {taskinstance.py:3309} INFO - 1 downstream tasks scheduled from follow-on schedule check
