[2024-03-15T05:43:50.585+0000] {taskinstance.py:1979} INFO - Dependencies all met for dep_context=non-requeueable deps ti=<TaskInstance: etl_hourly_pintro_aplikasi.fetch_data_task scheduled__2024-03-15T04:00:00+00:00 [queued]>
[2024-03-15T05:43:50.594+0000] {taskinstance.py:1979} INFO - Dependencies all met for dep_context=requeueable deps ti=<TaskInstance: etl_hourly_pintro_aplikasi.fetch_data_task scheduled__2024-03-15T04:00:00+00:00 [queued]>
[2024-03-15T05:43:50.595+0000] {taskinstance.py:2193} INFO - Starting attempt 1 of 2
[2024-03-15T05:43:51.968+0000] {taskinstance.py:2214} INFO - Executing <Task(PythonOperator): fetch_data_task> on 2024-03-15 04:00:00+00:00
[2024-03-15T05:43:51.986+0000] {standard_task_runner.py:60} INFO - Started process 10946 to run task
[2024-03-15T05:43:51.996+0000] {standard_task_runner.py:87} INFO - Running: ['***', 'tasks', 'run', 'etl_hourly_pintro_aplikasi', 'fetch_data_task', 'scheduled__2024-03-15T04:00:00+00:00', '--job-id', '226', '--raw', '--subdir', 'DAGS_FOLDER/pintro_aplikasi_education/etl_hourly_pintro_aplikasi.py', '--cfg-path', '/tmp/tmpfgwv6u5y']
[2024-03-15T05:43:52.007+0000] {standard_task_runner.py:88} INFO - Job 226: Subtask fetch_data_task
[2024-03-15T05:43:52.424+0000] {task_command.py:423} INFO - Running <TaskInstance: etl_hourly_pintro_aplikasi.fetch_data_task scheduled__2024-03-15T04:00:00+00:00 [running]> on host f293363f8e27
[2024-03-15T05:43:55.849+0000] {taskinstance.py:2510} INFO - Exporting env vars: AIRFLOW_CTX_DAG_OWNER='Agus mahari' AIRFLOW_CTX_DAG_ID='etl_hourly_pintro_aplikasi' AIRFLOW_CTX_TASK_ID='fetch_data_task' AIRFLOW_CTX_EXECUTION_DATE='2024-03-15T04:00:00+00:00' AIRFLOW_CTX_TRY_NUMBER='1' AIRFLOW_CTX_DAG_RUN_ID='scheduled__2024-03-15T04:00:00+00:00'
[2024-03-15T05:43:55.860+0000] {warnings.py:109} WARNING - /home/***/.local/lib/python3.8/site-packages/***/utils/context.py:315: AirflowContextDeprecationWarning: Accessing 'execution_date' from the template is deprecated and will be removed in a future version. Please use 'data_interval_start' or 'logical_date' instead.
  warnings.warn(_create_deprecation_warning(k, replacements))

[2024-03-15T05:43:58.616+0000] {logging_mixin.py:188} INFO - 2024-03-15 05:43:58,615 INFO sqlalchemy.engine.Engine SELECT DATABASE()
[2024-03-15T05:43:58.615+0000] {base.py:1863} INFO - SELECT DATABASE()
[2024-03-15T05:43:58.622+0000] {logging_mixin.py:188} INFO - 2024-03-15 05:43:58,622 INFO sqlalchemy.engine.Engine [raw sql] {}
[2024-03-15T05:43:58.622+0000] {base.py:1868} INFO - [raw sql] {}
[2024-03-15T05:43:59.526+0000] {logging_mixin.py:188} INFO - 2024-03-15 05:43:59,525 INFO sqlalchemy.engine.Engine SELECT @@sql_mode
[2024-03-15T05:43:59.525+0000] {base.py:1863} INFO - SELECT @@sql_mode
[2024-03-15T05:44:00.280+0000] {logging_mixin.py:188} INFO - 2024-03-15 05:44:00,279 INFO sqlalchemy.engine.Engine [raw sql] {}
[2024-03-15T05:44:00.279+0000] {base.py:1868} INFO - [raw sql] {}
[2024-03-15T05:44:00.775+0000] {logging_mixin.py:188} INFO - 2024-03-15 05:44:00,775 INFO sqlalchemy.engine.Engine SELECT @@lower_case_table_names
[2024-03-15T05:44:00.775+0000] {base.py:1863} INFO - SELECT @@lower_case_table_names
[2024-03-15T05:44:00.791+0000] {logging_mixin.py:188} INFO - 2024-03-15 05:44:00,791 INFO sqlalchemy.engine.Engine [raw sql] {}
[2024-03-15T05:44:00.791+0000] {base.py:1868} INFO - [raw sql] {}
[2024-03-15T05:44:01.458+0000] {logging_mixin.py:188} INFO - 2024-03-15 05:44:01,458 INFO sqlalchemy.engine.Engine SELECT 
    id_transaksi, 
    tanggal_transaksi, 
    id_pelanggan, 
    metode_pembayaran, 
    barang_jasa_dibeli, 
    status_pembayaran, 
    created_at, 
    updated_at, 
    CONVERT_TZ(NOW(), 'UTC', '+07:00') as execution_at
FROM test.transaksi
WHERE updated_at BETWEEN CONVERT_TZ(NOW(), 'UTC', '+07:00') - INTERVAL 1 HOUR AND CONVERT_TZ(NOW(), 'UTC', '+07:00')
[2024-03-15T05:44:01.458+0000] {base.py:1863} INFO - SELECT 
    id_transaksi, 
    tanggal_transaksi, 
    id_pelanggan, 
    metode_pembayaran, 
    barang_jasa_dibeli, 
    status_pembayaran, 
    created_at, 
    updated_at, 
    CONVERT_TZ(NOW(), 'UTC', '+07:00') as execution_at
FROM test.transaksi
WHERE updated_at BETWEEN CONVERT_TZ(NOW(), 'UTC', '+07:00') - INTERVAL 1 HOUR AND CONVERT_TZ(NOW(), 'UTC', '+07:00')
[2024-03-15T05:44:01.463+0000] {logging_mixin.py:188} INFO - 2024-03-15 05:44:01,463 INFO sqlalchemy.engine.Engine [raw sql] {}
[2024-03-15T05:44:01.463+0000] {base.py:1868} INFO - [raw sql] {}
[2024-03-15T05:44:01.992+0000] {python.py:202} INFO - Done. Returned value was: None
[2024-03-15T05:44:02.016+0000] {taskinstance.py:1149} INFO - Marking task as SUCCESS. dag_id=etl_hourly_pintro_aplikasi, task_id=fetch_data_task, execution_date=20240315T040000, start_date=20240315T054350, end_date=20240315T054402
[2024-03-15T05:44:06.987+0000] {local_task_job_runner.py:234} INFO - Task exited with return code 0
[2024-03-15T05:44:07.034+0000] {taskinstance.py:3309} INFO - 1 downstream tasks scheduled from follow-on schedule check
