[2024-03-17T07:03:15.993+0000] {taskinstance.py:1979} INFO - Dependencies all met for dep_context=non-requeueable deps ti=<TaskInstance: study_case_etl_cloud_storage_tiga.fetch_data_aplikasi_product_task_id manual__2024-03-17T07:03:12.595704+00:00 [queued]>
[2024-03-17T07:03:16.013+0000] {taskinstance.py:1979} INFO - Dependencies all met for dep_context=requeueable deps ti=<TaskInstance: study_case_etl_cloud_storage_tiga.fetch_data_aplikasi_product_task_id manual__2024-03-17T07:03:12.595704+00:00 [queued]>
[2024-03-17T07:03:16.015+0000] {taskinstance.py:2193} INFO - Starting attempt 1 of 2
[2024-03-17T07:03:16.050+0000] {taskinstance.py:2214} INFO - Executing <Task(PythonOperator): fetch_data_aplikasi_product_task_id> on 2024-03-17 07:03:12.595704+00:00
[2024-03-17T07:03:16.059+0000] {standard_task_runner.py:60} INFO - Started process 6807 to run task
[2024-03-17T07:03:16.065+0000] {standard_task_runner.py:87} INFO - Running: ['***', 'tasks', 'run', 'study_case_etl_cloud_storage_tiga', 'fetch_data_aplikasi_product_task_id', 'manual__2024-03-17T07:03:12.595704+00:00', '--job-id', '961', '--raw', '--subdir', 'DAGS_FOLDER/etl_day_bigquery/study_case_etl_cloud_bigquery.py', '--cfg-path', '/tmp/tmp_k_vaaaa']
[2024-03-17T07:03:16.068+0000] {standard_task_runner.py:88} INFO - Job 961: Subtask fetch_data_aplikasi_product_task_id
[2024-03-17T07:03:16.125+0000] {task_command.py:423} INFO - Running <TaskInstance: study_case_etl_cloud_storage_tiga.fetch_data_aplikasi_product_task_id manual__2024-03-17T07:03:12.595704+00:00 [running]> on host 1d5b76b26ba5
[2024-03-17T07:03:16.209+0000] {taskinstance.py:2510} INFO - Exporting env vars: AIRFLOW_CTX_DAG_OWNER='Agus mahari' AIRFLOW_CTX_DAG_ID='study_case_etl_cloud_storage_tiga' AIRFLOW_CTX_TASK_ID='fetch_data_aplikasi_product_task_id' AIRFLOW_CTX_EXECUTION_DATE='2024-03-17T07:03:12.595704+00:00' AIRFLOW_CTX_TRY_NUMBER='1' AIRFLOW_CTX_DAG_RUN_ID='manual__2024-03-17T07:03:12.595704+00:00'
[2024-03-17T07:03:18.789+0000] {logging_mixin.py:188} INFO - 2024-03-17 07:03:18,789 INFO sqlalchemy.engine.Engine SELECT DATABASE()
[2024-03-17T07:03:18.789+0000] {base.py:1863} INFO - SELECT DATABASE()
[2024-03-17T07:03:18.790+0000] {logging_mixin.py:188} INFO - 2024-03-17 07:03:18,790 INFO sqlalchemy.engine.Engine [raw sql] {}
[2024-03-17T07:03:18.790+0000] {base.py:1868} INFO - [raw sql] {}
[2024-03-17T07:03:19.677+0000] {logging_mixin.py:188} INFO - 2024-03-17 07:03:19,677 INFO sqlalchemy.engine.Engine SELECT @@sql_mode
[2024-03-17T07:03:19.677+0000] {base.py:1863} INFO - SELECT @@sql_mode
[2024-03-17T07:03:19.678+0000] {logging_mixin.py:188} INFO - 2024-03-17 07:03:19,678 INFO sqlalchemy.engine.Engine [raw sql] {}
[2024-03-17T07:03:19.678+0000] {base.py:1868} INFO - [raw sql] {}
[2024-03-17T07:03:20.130+0000] {logging_mixin.py:188} INFO - 2024-03-17 07:03:20,130 INFO sqlalchemy.engine.Engine SELECT @@lower_case_table_names
[2024-03-17T07:03:20.130+0000] {base.py:1863} INFO - SELECT @@lower_case_table_names
[2024-03-17T07:03:20.132+0000] {logging_mixin.py:188} INFO - 2024-03-17 07:03:20,132 INFO sqlalchemy.engine.Engine [raw sql] {}
[2024-03-17T07:03:20.132+0000] {base.py:1868} INFO - [raw sql] {}
[2024-03-17T07:03:20.824+0000] {logging_mixin.py:188} INFO - 2024-03-17 07:03:20,824 INFO sqlalchemy.engine.Engine 



  SELECT 
    *
FROM databasename.product
[2024-03-17T07:03:20.824+0000] {base.py:1863} INFO - 



  SELECT 
    *
FROM databasename.product
[2024-03-17T07:03:20.825+0000] {logging_mixin.py:188} INFO - 2024-03-17 07:03:20,825 INFO sqlalchemy.engine.Engine [raw sql] {}
[2024-03-17T07:03:20.825+0000] {base.py:1868} INFO - [raw sql] {}
[2024-03-17T07:03:21.274+0000] {python.py:202} INFO - Done. Returned value was: /opt/***/data/fetch_data_aplikasi_product_task_id_2024-03-17.csv
[2024-03-17T07:03:21.317+0000] {taskinstance.py:1149} INFO - Marking task as SUCCESS. dag_id=study_case_etl_cloud_storage_tiga, task_id=fetch_data_aplikasi_product_task_id, execution_date=20240317T070312, start_date=20240317T070315, end_date=20240317T070321
[2024-03-17T07:03:21.366+0000] {local_task_job_runner.py:234} INFO - Task exited with return code 0
[2024-03-17T07:03:21.405+0000] {taskinstance.py:3309} INFO - 0 downstream tasks scheduled from follow-on schedule check
