[2024-03-22T17:30:09.299+0000] {taskinstance.py:1979} INFO - Dependencies all met for dep_context=non-requeueable deps ti=<TaskInstance: study_case_etl_cloud_storage.fetch_data_task scheduled__2024-03-20T06:00:00+00:00 [queued]>
[2024-03-22T17:30:09.324+0000] {taskinstance.py:1979} INFO - Dependencies all met for dep_context=requeueable deps ti=<TaskInstance: study_case_etl_cloud_storage.fetch_data_task scheduled__2024-03-20T06:00:00+00:00 [queued]>
[2024-03-22T17:30:09.326+0000] {taskinstance.py:2193} INFO - Starting attempt 1 of 2
[2024-03-22T17:30:09.379+0000] {taskinstance.py:2214} INFO - Executing <Task(PythonOperator): fetch_data_task> on 2024-03-20 06:00:00+00:00
[2024-03-22T17:30:09.398+0000] {standard_task_runner.py:60} INFO - Started process 803 to run task
[2024-03-22T17:30:09.408+0000] {standard_task_runner.py:87} INFO - Running: ['***', 'tasks', 'run', 'study_case_etl_cloud_storage', 'fetch_data_task', 'scheduled__2024-03-20T06:00:00+00:00', '--job-id', '156', '--raw', '--subdir', 'DAGS_FOLDER/etl_day_bigquery/study_case_etl_cloud_storage.py', '--cfg-path', '/tmp/tmptjj8tu4n']
[2024-03-22T17:30:09.427+0000] {standard_task_runner.py:88} INFO - Job 156: Subtask fetch_data_task
[2024-03-22T17:30:09.497+0000] {task_command.py:423} INFO - Running <TaskInstance: study_case_etl_cloud_storage.fetch_data_task scheduled__2024-03-20T06:00:00+00:00 [running]> on host eb8b31fafb1e
[2024-03-22T17:30:09.628+0000] {taskinstance.py:2510} INFO - Exporting env vars: AIRFLOW_CTX_DAG_OWNER='Agus mahari' AIRFLOW_CTX_DAG_ID='study_case_etl_cloud_storage' AIRFLOW_CTX_TASK_ID='fetch_data_task' AIRFLOW_CTX_EXECUTION_DATE='2024-03-20T06:00:00+00:00' AIRFLOW_CTX_TRY_NUMBER='1' AIRFLOW_CTX_DAG_RUN_ID='scheduled__2024-03-20T06:00:00+00:00'
[2024-03-22T17:30:12.492+0000] {logging_mixin.py:188} INFO - 2024-03-22 17:30:12,492 INFO sqlalchemy.engine.Engine SELECT DATABASE()
[2024-03-22T17:30:12.492+0000] {base.py:1863} INFO - SELECT DATABASE()
[2024-03-22T17:30:12.498+0000] {logging_mixin.py:188} INFO - 2024-03-22 17:30:12,498 INFO sqlalchemy.engine.Engine [raw sql] {}
[2024-03-22T17:30:12.498+0000] {base.py:1868} INFO - [raw sql] {}
[2024-03-22T17:30:13.400+0000] {logging_mixin.py:188} INFO - 2024-03-22 17:30:13,400 INFO sqlalchemy.engine.Engine SELECT @@sql_mode
[2024-03-22T17:30:13.400+0000] {base.py:1863} INFO - SELECT @@sql_mode
[2024-03-22T17:30:13.402+0000] {logging_mixin.py:188} INFO - 2024-03-22 17:30:13,401 INFO sqlalchemy.engine.Engine [raw sql] {}
[2024-03-22T17:30:13.401+0000] {base.py:1868} INFO - [raw sql] {}
[2024-03-22T17:30:13.847+0000] {logging_mixin.py:188} INFO - 2024-03-22 17:30:13,847 INFO sqlalchemy.engine.Engine SELECT @@lower_case_table_names
[2024-03-22T17:30:13.847+0000] {base.py:1863} INFO - SELECT @@lower_case_table_names
[2024-03-22T17:30:13.849+0000] {logging_mixin.py:188} INFO - 2024-03-22 17:30:13,849 INFO sqlalchemy.engine.Engine [raw sql] {}
[2024-03-22T17:30:13.849+0000] {base.py:1868} INFO - [raw sql] {}
[2024-03-22T17:30:14.519+0000] {logging_mixin.py:188} INFO - 2024-03-22 17:30:14,519 INFO sqlalchemy.engine.Engine 


  SELECT 
    *
FROM databasename.mytable
[2024-03-22T17:30:14.519+0000] {base.py:1863} INFO - 


  SELECT 
    *
FROM databasename.mytable
[2024-03-22T17:30:14.522+0000] {logging_mixin.py:188} INFO - 2024-03-22 17:30:14,522 INFO sqlalchemy.engine.Engine [raw sql] {}
[2024-03-22T17:30:14.522+0000] {base.py:1868} INFO - [raw sql] {}
[2024-03-22T17:30:14.983+0000] {logging_mixin.py:188} INFO - File already exists.
[2024-03-22T17:30:14.991+0000] {python.py:202} INFO - Done. Returned value was: /opt/***/data/aplikasi_table_['{ ds }.parquet']
[2024-03-22T17:30:15.040+0000] {taskinstance.py:1149} INFO - Marking task as SUCCESS. dag_id=study_case_etl_cloud_storage, task_id=fetch_data_task, execution_date=20240320T060000, start_date=20240322T173009, end_date=20240322T173015
[2024-03-22T17:30:15.087+0000] {local_task_job_runner.py:234} INFO - Task exited with return code 0
[2024-03-22T17:30:15.115+0000] {taskinstance.py:3309} INFO - 0 downstream tasks scheduled from follow-on schedule check
