[2024-03-15T08:42:57.754+0000] {taskinstance.py:1979} INFO - Dependencies all met for dep_context=non-requeueable deps ti=<TaskInstance: study_case1_restore.ingest_csv_to_mysql manual__2024-03-15T08:42:52.489441+00:00 [queued]>
[2024-03-15T08:42:57.762+0000] {taskinstance.py:1979} INFO - Dependencies all met for dep_context=requeueable deps ti=<TaskInstance: study_case1_restore.ingest_csv_to_mysql manual__2024-03-15T08:42:52.489441+00:00 [queued]>
[2024-03-15T08:42:57.763+0000] {taskinstance.py:2193} INFO - Starting attempt 1 of 2
[2024-03-15T08:42:57.776+0000] {taskinstance.py:2214} INFO - Executing <Task(PythonOperator): ingest_csv_to_mysql> on 2024-03-15 08:42:52.489441+00:00
[2024-03-15T08:42:57.780+0000] {standard_task_runner.py:60} INFO - Started process 2412 to run task
[2024-03-15T08:42:57.784+0000] {standard_task_runner.py:87} INFO - Running: ['***', 'tasks', 'run', 'study_case1_restore', 'ingest_csv_to_mysql', 'manual__2024-03-15T08:42:52.489441+00:00', '--job-id', '293', '--raw', '--subdir', 'DAGS_FOLDER/restrore_mongo/study_case1_restore.py', '--cfg-path', '/tmp/tmpz2w344_f']
[2024-03-15T08:42:57.786+0000] {standard_task_runner.py:88} INFO - Job 293: Subtask ingest_csv_to_mysql
[2024-03-15T08:42:57.826+0000] {task_command.py:423} INFO - Running <TaskInstance: study_case1_restore.ingest_csv_to_mysql manual__2024-03-15T08:42:52.489441+00:00 [running]> on host f293363f8e27
[2024-03-15T08:42:57.893+0000] {taskinstance.py:2510} INFO - Exporting env vars: AIRFLOW_CTX_DAG_OWNER='Agus mahari' AIRFLOW_CTX_DAG_ID='study_case1_restore' AIRFLOW_CTX_TASK_ID='ingest_csv_to_mysql' AIRFLOW_CTX_EXECUTION_DATE='2024-03-15T08:42:52.489441+00:00' AIRFLOW_CTX_TRY_NUMBER='1' AIRFLOW_CTX_DAG_RUN_ID='manual__2024-03-15T08:42:52.489441+00:00'
[2024-03-15T08:42:57.895+0000] {warnings.py:109} WARNING - /home/***/.local/lib/python3.8/site-packages/***/utils/context.py:315: AirflowContextDeprecationWarning: Accessing 'execution_date' from the template is deprecated and will be removed in a future version. Please use 'data_interval_start' or 'logical_date' instead.
  warnings.warn(_create_deprecation_warning(k, replacements))

[2024-03-15T08:43:01.461+0000] {logging_mixin.py:188} INFO - 2024-03-15 08:43:01,461 INFO sqlalchemy.engine.Engine SELECT DATABASE()
[2024-03-15T08:43:01.461+0000] {base.py:1863} INFO - SELECT DATABASE()
[2024-03-15T08:43:01.462+0000] {logging_mixin.py:188} INFO - 2024-03-15 08:43:01,462 INFO sqlalchemy.engine.Engine [raw sql] {}
[2024-03-15T08:43:01.462+0000] {base.py:1868} INFO - [raw sql] {}
[2024-03-15T08:43:02.374+0000] {logging_mixin.py:188} INFO - 2024-03-15 08:43:02,374 INFO sqlalchemy.engine.Engine SELECT @@sql_mode
[2024-03-15T08:43:02.374+0000] {base.py:1863} INFO - SELECT @@sql_mode
[2024-03-15T08:43:02.375+0000] {logging_mixin.py:188} INFO - 2024-03-15 08:43:02,375 INFO sqlalchemy.engine.Engine [raw sql] {}
[2024-03-15T08:43:02.375+0000] {base.py:1868} INFO - [raw sql] {}
[2024-03-15T08:43:02.945+0000] {logging_mixin.py:188} INFO - 2024-03-15 08:43:02,945 INFO sqlalchemy.engine.Engine SELECT @@lower_case_table_names
[2024-03-15T08:43:02.945+0000] {base.py:1863} INFO - SELECT @@lower_case_table_names
[2024-03-15T08:43:02.946+0000] {logging_mixin.py:188} INFO - 2024-03-15 08:43:02,946 INFO sqlalchemy.engine.Engine [raw sql] {}
[2024-03-15T08:43:02.946+0000] {base.py:1868} INFO - [raw sql] {}
[2024-03-15T08:43:03.400+0000] {logging_mixin.py:188} INFO - 2024-03-15 08:43:03,400 INFO sqlalchemy.engine.Engine BEGIN (implicit)
[2024-03-15T08:43:03.400+0000] {base.py:1032} INFO - BEGIN (implicit)
[2024-03-15T08:43:03.626+0000] {logging_mixin.py:188} INFO - 2024-03-15 08:43:03,626 INFO sqlalchemy.engine.Engine SELECT COUNT(*) FROM information_schema.tables WHERE table_schema = %(table_schema)s AND table_name = %(table_name)s
[2024-03-15T08:43:03.626+0000] {base.py:1863} INFO - SELECT COUNT(*) FROM information_schema.tables WHERE table_schema = %(table_schema)s AND table_name = %(table_name)s
[2024-03-15T08:43:03.627+0000] {logging_mixin.py:188} INFO - 2024-03-15 08:43:03,627 INFO sqlalchemy.engine.Engine [generated in 0.22395s] {'table_schema': 'backup', 'table_name': 'user_restore'}
[2024-03-15T08:43:03.627+0000] {base.py:1868} INFO - [generated in 0.22395s] {'table_schema': 'backup', 'table_name': 'user_restore'}
[2024-03-15T08:43:04.057+0000] {logging_mixin.py:188} INFO - 2024-03-15 08:43:04,057 INFO sqlalchemy.engine.Engine SELECT COUNT(*) FROM information_schema.tables WHERE table_schema = %(table_schema)s AND table_name = %(table_name)s
[2024-03-15T08:43:04.057+0000] {base.py:1863} INFO - SELECT COUNT(*) FROM information_schema.tables WHERE table_schema = %(table_schema)s AND table_name = %(table_name)s
[2024-03-15T08:43:04.059+0000] {logging_mixin.py:188} INFO - 2024-03-15 08:43:04,058 INFO sqlalchemy.engine.Engine [cached since 0.6551s ago] {'table_schema': 'backup', 'table_name': 'user_restore'}
[2024-03-15T08:43:04.058+0000] {base.py:1868} INFO - [cached since 0.6551s ago] {'table_schema': 'backup', 'table_name': 'user_restore'}
[2024-03-15T08:43:04.492+0000] {logging_mixin.py:188} INFO - 2024-03-15 08:43:04,492 INFO sqlalchemy.engine.Engine SHOW FULL TABLES FROM `backup`
[2024-03-15T08:43:04.492+0000] {base.py:1863} INFO - SHOW FULL TABLES FROM `backup`
[2024-03-15T08:43:04.493+0000] {logging_mixin.py:188} INFO - 2024-03-15 08:43:04,493 INFO sqlalchemy.engine.Engine [raw sql] {}
[2024-03-15T08:43:04.493+0000] {base.py:1868} INFO - [raw sql] {}
[2024-03-15T08:43:04.939+0000] {logging_mixin.py:188} INFO - 2024-03-15 08:43:04,939 INFO sqlalchemy.engine.Engine SHOW CREATE TABLE `user_restore`
[2024-03-15T08:43:04.939+0000] {base.py:1863} INFO - SHOW CREATE TABLE `user_restore`
[2024-03-15T08:43:04.940+0000] {logging_mixin.py:188} INFO - 2024-03-15 08:43:04,940 INFO sqlalchemy.engine.Engine [raw sql] {}
[2024-03-15T08:43:04.940+0000] {base.py:1868} INFO - [raw sql] {}
[2024-03-15T08:43:05.364+0000] {logging_mixin.py:188} INFO - 2024-03-15 08:43:05,364 INFO sqlalchemy.engine.Engine 
DROP TABLE user_restore
[2024-03-15T08:43:05.364+0000] {base.py:1863} INFO - 
DROP TABLE user_restore
[2024-03-15T08:43:05.365+0000] {logging_mixin.py:188} INFO - 2024-03-15 08:43:05,365 INFO sqlalchemy.engine.Engine [no key 0.21429s] {}
[2024-03-15T08:43:05.365+0000] {base.py:1868} INFO - [no key 0.21429s] {}
[2024-03-15T08:43:05.865+0000] {logging_mixin.py:188} INFO - 2024-03-15 08:43:05,865 INFO sqlalchemy.engine.Engine 
CREATE TABLE user_restore (
	_id TEXT, 
	id BIGINT, 
	nama TEXT, 
	created_at TEXT, 
	updated_at TEXT, 
	delete_at TEXT, 
	alamat TEXT, 
	execution_at TEXT
)
[2024-03-15T08:43:05.865+0000] {base.py:1863} INFO - 
CREATE TABLE user_restore (
	_id TEXT, 
	id BIGINT, 
	nama TEXT, 
	created_at TEXT, 
	updated_at TEXT, 
	delete_at TEXT, 
	alamat TEXT, 
	execution_at TEXT
)


[2024-03-15T08:43:05.866+0000] {logging_mixin.py:188} INFO - 2024-03-15 08:43:05,865 INFO sqlalchemy.engine.Engine [no key 0.24396s] {}
[2024-03-15T08:43:05.865+0000] {base.py:1868} INFO - [no key 0.24396s] {}
[2024-03-15T08:43:06.315+0000] {logging_mixin.py:188} INFO - 2024-03-15 08:43:06,314 INFO sqlalchemy.engine.Engine INSERT INTO user_restore (_id, id, nama, created_at, updated_at, delete_at, alamat, execution_at) VALUES (%(_id)s, %(id)s, %(nama)s, %(created_at)s, %(updated_at)s, %(delete_at)s, %(alamat)s, %(execution_at)s)
[2024-03-15T08:43:06.314+0000] {base.py:1863} INFO - INSERT INTO user_restore (_id, id, nama, created_at, updated_at, delete_at, alamat, execution_at) VALUES (%(_id)s, %(id)s, %(nama)s, %(created_at)s, %(updated_at)s, %(delete_at)s, %(alamat)s, %(execution_at)s)
[2024-03-15T08:43:06.316+0000] {logging_mixin.py:188} INFO - 2024-03-15 08:43:06,315 INFO sqlalchemy.engine.Engine [generated in 0.20801s] ({'_id': '65f407e0a3f12e69515dabfe', 'id': 2, 'nama': 'Setiawan MM', 'created_at': '2024-03-15 08:05:00', 'updated_at': '2024-03-15 08:10:00', 'delete_at': '2024-03-15 08:05:00', 'alamat': None, 'execution_at': '2024-03-15 15:33:32'}, {'_id': '65f4058125246f4b275642a8', 'id': 1, 'nama': 'heri', 'created_at': '2024-03-15 08:05:00', 'updated_at': '2024-03-15 08:05:00', 'delete_at': '2024-03-15 08:05:00', 'alamat': None, 'execution_at': '2024-03-15 15:23:19'}, {'_id': '65f407e0a3f12e69515dabff', 'id': 3, 'nama': 'agus', 'created_at': '2024-03-15 08:10:00', 'updated_at': '2024-03-15 08:10:00', 'delete_at': '2024-03-15 08:10:00', 'alamat': None, 'execution_at': '2024-03-15 15:33:32'}, {'_id': '65f409b11fc2487feedd32c1', 'id': 4, 'nama': 'mahari', 'created_at': '2024-03-15 08:35:00', 'updated_at': '2024-03-15 08:35:00', 'delete_at': '2024-03-15 08:35:00', 'alamat': 'cirebon', 'execution_at': '2024-03-15 15:41:18'})
[2024-03-15T08:43:06.315+0000] {base.py:1868} INFO - [generated in 0.20801s] ({'_id': '65f407e0a3f12e69515dabfe', 'id': 2, 'nama': 'Setiawan MM', 'created_at': '2024-03-15 08:05:00', 'updated_at': '2024-03-15 08:10:00', 'delete_at': '2024-03-15 08:05:00', 'alamat': None, 'execution_at': '2024-03-15 15:33:32'}, {'_id': '65f4058125246f4b275642a8', 'id': 1, 'nama': 'heri', 'created_at': '2024-03-15 08:05:00', 'updated_at': '2024-03-15 08:05:00', 'delete_at': '2024-03-15 08:05:00', 'alamat': None, 'execution_at': '2024-03-15 15:23:19'}, {'_id': '65f407e0a3f12e69515dabff', 'id': 3, 'nama': 'agus', 'created_at': '2024-03-15 08:10:00', 'updated_at': '2024-03-15 08:10:00', 'delete_at': '2024-03-15 08:10:00', 'alamat': None, 'execution_at': '2024-03-15 15:33:32'}, {'_id': '65f409b11fc2487feedd32c1', 'id': 4, 'nama': 'mahari', 'created_at': '2024-03-15 08:35:00', 'updated_at': '2024-03-15 08:35:00', 'delete_at': '2024-03-15 08:35:00', 'alamat': 'cirebon', 'execution_at': '2024-03-15 15:41:18'})
[2024-03-15T08:43:06.544+0000] {logging_mixin.py:188} INFO - 2024-03-15 08:43:06,544 INFO sqlalchemy.engine.Engine COMMIT
[2024-03-15T08:43:06.544+0000] {base.py:1092} INFO - COMMIT
[2024-03-15T08:43:06.969+0000] {python.py:202} INFO - Done. Returned value was: None
[2024-03-15T08:43:06.976+0000] {taskinstance.py:1149} INFO - Marking task as SUCCESS. dag_id=study_case1_restore, task_id=ingest_csv_to_mysql, execution_date=20240315T084252, start_date=20240315T084257, end_date=20240315T084306
[2024-03-15T08:43:07.013+0000] {local_task_job_runner.py:234} INFO - Task exited with return code 0
[2024-03-15T08:43:07.032+0000] {taskinstance.py:3309} INFO - 1 downstream tasks scheduled from follow-on schedule check
