[2024-03-22T18:50:20.354+0000] {taskinstance.py:1979} INFO - Dependencies all met for dep_context=non-requeueable deps ti=<TaskInstance: my_first_dag.bash_task_1 manual__2024-03-22T18:50:19.723727+00:00 [queued]>
[2024-03-22T18:50:20.362+0000] {taskinstance.py:1979} INFO - Dependencies all met for dep_context=requeueable deps ti=<TaskInstance: my_first_dag.bash_task_1 manual__2024-03-22T18:50:19.723727+00:00 [queued]>
[2024-03-22T18:50:20.363+0000] {taskinstance.py:2193} INFO - Starting attempt 1 of 11
[2024-03-22T18:50:20.380+0000] {taskinstance.py:2214} INFO - Executing <Task(BashOperator): bash_task_1> on 2024-03-22 18:50:19.723727+00:00
[2024-03-22T18:50:20.387+0000] {standard_task_runner.py:60} INFO - Started process 1011 to run task
[2024-03-22T18:50:20.390+0000] {standard_task_runner.py:87} INFO - Running: ['***', 'tasks', 'run', 'my_first_dag', 'bash_task_1', 'manual__2024-03-22T18:50:19.723727+00:00', '--job-id', '250', '--raw', '--subdir', 'DAGS_FOLDER/running_dbt_core/running_dbt_core.py', '--cfg-path', '/tmp/tmp4ylgc6x7']
[2024-03-22T18:50:20.391+0000] {standard_task_runner.py:88} INFO - Job 250: Subtask bash_task_1
[2024-03-22T18:50:20.435+0000] {task_command.py:423} INFO - Running <TaskInstance: my_first_dag.bash_task_1 manual__2024-03-22T18:50:19.723727+00:00 [running]> on host 428086c4ef09
[2024-03-22T18:50:20.512+0000] {taskinstance.py:2510} INFO - Exporting env vars: AIRFLOW_CTX_DAG_OWNER='proton' AIRFLOW_CTX_DAG_ID='my_first_dag' AIRFLOW_CTX_TASK_ID='bash_task_1' AIRFLOW_CTX_EXECUTION_DATE='2024-03-22T18:50:19.723727+00:00' AIRFLOW_CTX_TRY_NUMBER='1' AIRFLOW_CTX_DAG_RUN_ID='manual__2024-03-22T18:50:19.723727+00:00'
[2024-03-22T18:50:20.515+0000] {subprocess.py:63} INFO - Tmp dir root location: /tmp
[2024-03-22T18:50:20.516+0000] {subprocess.py:75} INFO - Running command: ['/usr/bin/bash', '-c', 'cd /opt/***/dbt/credit_card_dwh && dbt deps && dbt seed --profiles-dir .']
[2024-03-22T18:50:20.526+0000] {subprocess.py:86} INFO - Output:
[2024-03-22T18:50:22.977+0000] {subprocess.py:93} INFO - [0m18:50:22  Running with dbt=1.7.10
[2024-03-22T18:50:24.552+0000] {subprocess.py:93} INFO - [0m18:50:24  Installing dbt-labs/dbt_utils
[2024-03-22T18:50:25.303+0000] {subprocess.py:93} INFO - [0m18:50:25  Installed from version 0.8.0
[2024-03-22T18:50:25.304+0000] {subprocess.py:93} INFO - [0m18:50:25  Updated version available: 1.1.1
[2024-03-22T18:50:25.306+0000] {subprocess.py:93} INFO - [0m18:50:25  Installing calogica/dbt_expectations
[2024-03-22T18:50:28.074+0000] {subprocess.py:93} INFO - [0m18:50:28  Installed from version 0.8.5
[2024-03-22T18:50:28.075+0000] {subprocess.py:93} INFO - [0m18:50:28  Updated version available: 0.10.3
[2024-03-22T18:50:28.077+0000] {subprocess.py:93} INFO - [0m18:50:28  Installing calogica/dbt_date
[2024-03-22T18:50:28.627+0000] {subprocess.py:93} INFO - [0m18:50:28  Installed from version 0.7.2
[2024-03-22T18:50:28.628+0000] {subprocess.py:93} INFO - [0m18:50:28  Updated version available: 0.10.0
[2024-03-22T18:50:28.630+0000] {subprocess.py:93} INFO - [0m18:50:28
[2024-03-22T18:50:28.632+0000] {subprocess.py:93} INFO - [0m18:50:28  Updates available for packages: ['dbt-labs/dbt_utils', 'calogica/dbt_expectations', 'calogica/dbt_date']
[2024-03-22T18:50:28.634+0000] {subprocess.py:93} INFO - Update your versions in packages.yml, then run dbt deps
[2024-03-22T18:50:33.251+0000] {subprocess.py:93} INFO - [0m18:50:33  Running with dbt=1.7.10
[2024-03-22T18:50:34.200+0000] {subprocess.py:93} INFO - [0m18:50:34  Registered adapter: bigquery=1.7.6
[2024-03-22T18:50:34.379+0000] {subprocess.py:93} INFO - [0m18:50:34  Found 15 models, 5 seeds, 20 tests, 1 source, 0 exposures, 0 metrics, 870 macros, 0 groups, 0 semantic models
[2024-03-22T18:50:34.383+0000] {subprocess.py:93} INFO - [0m18:50:34
[2024-03-22T18:50:35.802+0000] {subprocess.py:93} INFO - [0m18:50:35  Concurrency: 4 threads (target='dev')
[2024-03-22T18:50:35.803+0000] {subprocess.py:93} INFO - [0m18:50:35
[2024-03-22T18:50:35.813+0000] {subprocess.py:93} INFO - [0m18:50:35  1 of 5 START seed file final_project.dim_EDUCATION ............................. [RUN]
[2024-03-22T18:50:35.814+0000] {subprocess.py:93} INFO - [0m18:50:35  2 of 5 START seed file final_project.dim_HOUSING ............................... [RUN]
[2024-03-22T18:50:35.815+0000] {subprocess.py:93} INFO - [0m18:50:35  3 of 5 START seed file final_project.dim_INCOME ................................ [RUN]
[2024-03-22T18:50:35.817+0000] {subprocess.py:93} INFO - [0m18:50:35  4 of 5 START seed file final_project.dim_JOB ................................... [RUN]
[2024-03-22T18:50:43.130+0000] {subprocess.py:93} INFO - [0m18:50:43  3 of 5 OK loaded seed file final_project.dim_INCOME ............................ [[32mINSERT 5[0m in 7.31s]
[2024-03-22T18:50:43.131+0000] {subprocess.py:93} INFO - [0m18:50:43  4 of 5 OK loaded seed file final_project.dim_JOB ............................... [[32mINSERT 19[0m in 7.31s]
[2024-03-22T18:50:43.140+0000] {subprocess.py:93} INFO - [0m18:50:43  5 of 5 START seed file final_project.dim_MARITAL ............................... [RUN]
[2024-03-22T18:50:43.142+0000] {subprocess.py:93} INFO - [0m18:50:43  1 of 5 OK loaded seed file final_project.dim_EDUCATION ......................... [[32mINSERT 5[0m in 7.32s]
[2024-03-22T18:50:43.543+0000] {subprocess.py:93} INFO - [0m18:50:43  2 of 5 OK loaded seed file final_project.dim_HOUSING ........................... [[32mINSERT 6[0m in 7.72s]
[2024-03-22T18:50:50.206+0000] {subprocess.py:93} INFO - [0m18:50:50  5 of 5 OK loaded seed file final_project.dim_MARITAL ........................... [[32mINSERT 5[0m in 7.06s]
[2024-03-22T18:50:50.225+0000] {subprocess.py:93} INFO - [0m18:50:50
[2024-03-22T18:50:50.226+0000] {subprocess.py:93} INFO - [0m18:50:50  Finished running 5 seeds in 0 hours 0 minutes and 15.84 seconds (15.84s).
[2024-03-22T18:50:50.263+0000] {subprocess.py:93} INFO - [0m18:50:50
[2024-03-22T18:50:50.264+0000] {subprocess.py:93} INFO - [0m18:50:50  [32mCompleted successfully[0m
[2024-03-22T18:50:50.265+0000] {subprocess.py:93} INFO - [0m18:50:50
[2024-03-22T18:50:50.266+0000] {subprocess.py:93} INFO - [0m18:50:50  Done. PASS=5 WARN=0 ERROR=0 SKIP=0 TOTAL=5
[2024-03-22T18:50:52.636+0000] {subprocess.py:97} INFO - Command exited with return code 0
[2024-03-22T18:50:52.654+0000] {taskinstance.py:1149} INFO - Marking task as SUCCESS. dag_id=my_first_dag, task_id=bash_task_1, execution_date=20240322T185019, start_date=20240322T185020, end_date=20240322T185052
[2024-03-22T18:50:52.696+0000] {local_task_job_runner.py:234} INFO - Task exited with return code 0
[2024-03-22T18:50:52.711+0000] {taskinstance.py:3309} INFO - 1 downstream tasks scheduled from follow-on schedule check
