[2024-03-03T08:31:56.811+0000] {taskinstance.py:1979} INFO - Dependencies all met for dep_context=non-requeueable deps ti=<TaskInstance: aaexample_postgres_hook_eks_sql.fetch_data_and_process_task manual__2024-03-03T08:31:55.404183+00:00 [queued]>
[2024-03-03T08:31:56.819+0000] {taskinstance.py:1979} INFO - Dependencies all met for dep_context=requeueable deps ti=<TaskInstance: aaexample_postgres_hook_eks_sql.fetch_data_and_process_task manual__2024-03-03T08:31:55.404183+00:00 [queued]>
[2024-03-03T08:31:56.819+0000] {taskinstance.py:2193} INFO - Starting attempt 1 of 2
[2024-03-03T08:31:56.830+0000] {taskinstance.py:2214} INFO - Executing <Task(PythonOperator): fetch_data_and_process_task> on 2024-03-03 08:31:55.404183+00:00
[2024-03-03T08:31:56.835+0000] {standard_task_runner.py:60} INFO - Started process 172 to run task
[2024-03-03T08:31:56.838+0000] {standard_task_runner.py:87} INFO - Running: ['***', 'tasks', 'run', 'aaexample_postgres_hook_eks_sql', 'fetch_data_and_process_task', 'manual__2024-03-03T08:31:55.404183+00:00', '--job-id', '48', '--raw', '--subdir', 'DAGS_FOLDER/other_ingestion_postgre/main_dag_eks_sql.py', '--cfg-path', '/tmp/tmp83dynxv_']
[2024-03-03T08:31:56.840+0000] {standard_task_runner.py:88} INFO - Job 48: Subtask fetch_data_and_process_task
[2024-03-03T08:31:56.875+0000] {task_command.py:423} INFO - Running <TaskInstance: aaexample_postgres_hook_eks_sql.fetch_data_and_process_task manual__2024-03-03T08:31:55.404183+00:00 [running]> on host 749678136a31
[2024-03-03T08:31:57.070+0000] {taskinstance.py:2510} INFO - Exporting env vars: AIRFLOW_CTX_DAG_OWNER='***' AIRFLOW_CTX_DAG_ID='aaexample_postgres_hook_eks_sql' AIRFLOW_CTX_TASK_ID='fetch_data_and_process_task' AIRFLOW_CTX_EXECUTION_DATE='2024-03-03T08:31:55.404183+00:00' AIRFLOW_CTX_TRY_NUMBER='1' AIRFLOW_CTX_DAG_RUN_ID='manual__2024-03-03T08:31:55.404183+00:00'
[2024-03-03T08:31:57.072+0000] {warnings.py:110} WARNING - /home/***/.local/lib/python3.11/site-packages/***/utils/context.py:315: AirflowContextDeprecationWarning: Accessing 'execution_date' from the template is deprecated and will be removed in a future version. Please use 'data_interval_start' or 'logical_date' instead.
  warnings.warn(_create_deprecation_warning(k, replacements))

[2024-03-03T08:31:59.179+0000] {logging_mixin.py:188} INFO -    id_transaksi  ...                 updated_at
0             1  ... 2024-02-27 10:24:21.937107
1             2  ... 2024-02-27 10:24:46.362615
2             3  ... 2024-02-27 10:24:46.362615
3             4  ... 2024-02-27 10:24:46.362615
4             5  ... 2024-02-27 10:24:46.362615
5             6  ... 2024-02-27 10:24:46.362615
6             7  ... 2024-02-27 10:24:46.362615
7             8  ... 2024-02-27 10:24:46.362615
8             9  ... 2024-02-27 10:24:46.362615
9            10  ... 2024-02-27 10:24:46.362615

[10 rows x 8 columns]
[2024-03-03T08:31:59.180+0000] {python.py:202} INFO - Done. Returned value was: None
[2024-03-03T08:31:59.190+0000] {taskinstance.py:1149} INFO - Marking task as SUCCESS. dag_id=aaexample_postgres_hook_eks_sql, task_id=fetch_data_and_process_task, execution_date=20240303T083155, start_date=20240303T083156, end_date=20240303T083159
[2024-03-03T08:31:59.220+0000] {local_task_job_runner.py:234} INFO - Task exited with return code 0
[2024-03-03T08:31:59.233+0000] {taskinstance.py:3309} INFO - 0 downstream tasks scheduled from follow-on schedule check
