[2024-03-30T17:55:55.165+0000] {taskinstance.py:1979} INFO - Dependencies all met for dep_context=non-requeueable deps ti=<TaskInstance: study_case_etl_all_pipeline.bash_task_2 manual__2024-03-30T17:55:14.668060+00:00 [queued]>
[2024-03-30T17:55:55.175+0000] {taskinstance.py:1979} INFO - Dependencies all met for dep_context=requeueable deps ti=<TaskInstance: study_case_etl_all_pipeline.bash_task_2 manual__2024-03-30T17:55:14.668060+00:00 [queued]>
[2024-03-30T17:55:55.175+0000] {taskinstance.py:2193} INFO - Starting attempt 1 of 2
[2024-03-30T17:55:55.186+0000] {taskinstance.py:2214} INFO - Executing <Task(BashOperator): bash_task_2> on 2024-03-30 17:55:14.668060+00:00
[2024-03-30T17:55:55.191+0000] {standard_task_runner.py:60} INFO - Started process 780 to run task
[2024-03-30T17:55:55.194+0000] {standard_task_runner.py:87} INFO - Running: ['***', 'tasks', 'run', 'study_case_etl_all_pipeline', 'bash_task_2', 'manual__2024-03-30T17:55:14.668060+00:00', '--job-id', '143', '--raw', '--subdir', 'DAGS_FOLDER/running_dbt_core/study_case_etl_all_pipeline.py', '--cfg-path', '/tmp/tmpyxjozpqb']
[2024-03-30T17:55:55.198+0000] {standard_task_runner.py:88} INFO - Job 143: Subtask bash_task_2
[2024-03-30T17:55:55.234+0000] {task_command.py:423} INFO - Running <TaskInstance: study_case_etl_all_pipeline.bash_task_2 manual__2024-03-30T17:55:14.668060+00:00 [running]> on host f5156ab87ac1
[2024-03-30T17:55:55.297+0000] {taskinstance.py:2510} INFO - Exporting env vars: AIRFLOW_CTX_DAG_OWNER='Agus mahari' AIRFLOW_CTX_DAG_ID='study_case_etl_all_pipeline' AIRFLOW_CTX_TASK_ID='bash_task_2' AIRFLOW_CTX_EXECUTION_DATE='2024-03-30T17:55:14.668060+00:00' AIRFLOW_CTX_TRY_NUMBER='1' AIRFLOW_CTX_DAG_RUN_ID='manual__2024-03-30T17:55:14.668060+00:00'
[2024-03-30T17:55:55.298+0000] {subprocess.py:63} INFO - Tmp dir root location: /tmp
[2024-03-30T17:55:55.299+0000] {subprocess.py:75} INFO - Running command: ['/usr/bin/bash', '-c', 'cd /opt/***/dbt/credit_card_dwh && dbt run --profiles-dir .']
[2024-03-30T17:55:55.308+0000] {subprocess.py:86} INFO - Output:
[2024-03-30T17:55:57.705+0000] {subprocess.py:93} INFO - [0m17:55:57  Running with dbt=1.7.11
[2024-03-30T17:55:58.664+0000] {subprocess.py:93} INFO - [0m17:55:58  Registered adapter: bigquery=1.7.7
[2024-03-30T17:55:58.712+0000] {subprocess.py:93} INFO - [0m17:55:58  Unable to do partial parsing because profile has changed
[2024-03-30T17:56:01.054+0000] {subprocess.py:93} INFO - [0m17:56:01  Found 1 model, 2 tests, 1 source, 0 exposures, 0 metrics, 907 macros, 0 groups, 0 semantic models
[2024-03-30T17:56:01.058+0000] {subprocess.py:93} INFO - [0m17:56:01
[2024-03-30T17:56:03.413+0000] {subprocess.py:93} INFO - [0m17:56:03  Concurrency: 4 threads (target='dev')
[2024-03-30T17:56:03.415+0000] {subprocess.py:93} INFO - [0m17:56:03
[2024-03-30T17:56:03.428+0000] {subprocess.py:93} INFO - [0m17:56:03  1 of 1 START sql incremental model test_location.stg__credit_card .............. [RUN]
[2024-03-30T17:56:08.490+0000] {subprocess.py:93} INFO - [0m17:56:08  1 of 1 OK created sql incremental model test_location.stg__credit_card ......... [[32mCREATE TABLE (55.5k rows, 8.2 MiB processed)[0m in 5.06s]
[2024-03-30T17:56:08.496+0000] {subprocess.py:93} INFO - [0m17:56:08
[2024-03-30T17:56:08.497+0000] {subprocess.py:93} INFO - [0m17:56:08  Finished running 1 incremental model in 0 hours 0 minutes and 7.44 seconds (7.44s).
[2024-03-30T17:56:08.519+0000] {subprocess.py:93} INFO - [0m17:56:08
[2024-03-30T17:56:08.520+0000] {subprocess.py:93} INFO - [0m17:56:08  [32mCompleted successfully[0m
[2024-03-30T17:56:08.521+0000] {subprocess.py:93} INFO - [0m17:56:08
[2024-03-30T17:56:08.522+0000] {subprocess.py:93} INFO - [0m17:56:08  Done. PASS=1 WARN=0 ERROR=0 SKIP=0 TOTAL=1
[2024-03-30T17:56:11.304+0000] {subprocess.py:97} INFO - Command exited with return code 0
[2024-03-30T17:56:11.339+0000] {taskinstance.py:1149} INFO - Marking task as SUCCESS. dag_id=study_case_etl_all_pipeline, task_id=bash_task_2, execution_date=20240330T175514, start_date=20240330T175555, end_date=20240330T175611
[2024-03-30T17:56:11.368+0000] {local_task_job_runner.py:234} INFO - Task exited with return code 0
[2024-03-30T17:56:11.384+0000] {taskinstance.py:3309} INFO - 2 downstream tasks scheduled from follow-on schedule check
