[2024-03-17T07:25:45.522+0000] {taskinstance.py:1979} INFO - Dependencies all met for dep_context=non-requeueable deps ti=<TaskInstance: study_case_etl_cloud_storage_tiga.fetch_data_aplikasi_transaksi_task_id manual__2024-03-17T07:25:43.031358+00:00 [queued]>
[2024-03-17T07:25:45.534+0000] {taskinstance.py:1979} INFO - Dependencies all met for dep_context=requeueable deps ti=<TaskInstance: study_case_etl_cloud_storage_tiga.fetch_data_aplikasi_transaksi_task_id manual__2024-03-17T07:25:43.031358+00:00 [queued]>
[2024-03-17T07:25:45.535+0000] {taskinstance.py:2193} INFO - Starting attempt 1 of 2
[2024-03-17T07:25:45.555+0000] {taskinstance.py:2214} INFO - Executing <Task(PythonOperator): fetch_data_aplikasi_transaksi_task_id> on 2024-03-17 07:25:43.031358+00:00
[2024-03-17T07:25:45.565+0000] {standard_task_runner.py:60} INFO - Started process 7264 to run task
[2024-03-17T07:25:45.569+0000] {standard_task_runner.py:87} INFO - Running: ['***', 'tasks', 'run', 'study_case_etl_cloud_storage_tiga', 'fetch_data_aplikasi_transaksi_task_id', 'manual__2024-03-17T07:25:43.031358+00:00', '--job-id', '988', '--raw', '--subdir', 'DAGS_FOLDER/etl_day_bigquery/study_case_etl_cloud_bigquery.py', '--cfg-path', '/tmp/tmpj8xr0ors']
[2024-03-17T07:25:45.572+0000] {standard_task_runner.py:88} INFO - Job 988: Subtask fetch_data_aplikasi_transaksi_task_id
[2024-03-17T07:25:45.632+0000] {task_command.py:423} INFO - Running <TaskInstance: study_case_etl_cloud_storage_tiga.fetch_data_aplikasi_transaksi_task_id manual__2024-03-17T07:25:43.031358+00:00 [running]> on host 1d5b76b26ba5
[2024-03-17T07:25:45.728+0000] {taskinstance.py:2510} INFO - Exporting env vars: AIRFLOW_CTX_DAG_OWNER='Agus mahari' AIRFLOW_CTX_DAG_ID='study_case_etl_cloud_storage_tiga' AIRFLOW_CTX_TASK_ID='fetch_data_aplikasi_transaksi_task_id' AIRFLOW_CTX_EXECUTION_DATE='2024-03-17T07:25:43.031358+00:00' AIRFLOW_CTX_TRY_NUMBER='1' AIRFLOW_CTX_DAG_RUN_ID='manual__2024-03-17T07:25:43.031358+00:00'
[2024-03-17T07:25:48.422+0000] {logging_mixin.py:188} INFO - 2024-03-17 07:25:48,422 INFO sqlalchemy.engine.Engine SELECT DATABASE()
[2024-03-17T07:25:48.422+0000] {base.py:1863} INFO - SELECT DATABASE()
[2024-03-17T07:25:48.423+0000] {logging_mixin.py:188} INFO - 2024-03-17 07:25:48,423 INFO sqlalchemy.engine.Engine [raw sql] {}
[2024-03-17T07:25:48.423+0000] {base.py:1868} INFO - [raw sql] {}
[2024-03-17T07:25:49.364+0000] {logging_mixin.py:188} INFO - 2024-03-17 07:25:49,364 INFO sqlalchemy.engine.Engine SELECT @@sql_mode
[2024-03-17T07:25:49.364+0000] {base.py:1863} INFO - SELECT @@sql_mode
[2024-03-17T07:25:49.365+0000] {logging_mixin.py:188} INFO - 2024-03-17 07:25:49,365 INFO sqlalchemy.engine.Engine [raw sql] {}
[2024-03-17T07:25:49.365+0000] {base.py:1868} INFO - [raw sql] {}
[2024-03-17T07:25:49.871+0000] {logging_mixin.py:188} INFO - 2024-03-17 07:25:49,871 INFO sqlalchemy.engine.Engine SELECT @@lower_case_table_names
[2024-03-17T07:25:49.871+0000] {base.py:1863} INFO - SELECT @@lower_case_table_names
[2024-03-17T07:25:49.872+0000] {logging_mixin.py:188} INFO - 2024-03-17 07:25:49,872 INFO sqlalchemy.engine.Engine [raw sql] {}
[2024-03-17T07:25:49.872+0000] {base.py:1868} INFO - [raw sql] {}
[2024-03-17T07:25:50.632+0000] {logging_mixin.py:188} INFO - 2024-03-17 07:25:50,632 INFO sqlalchemy.engine.Engine 


  SELECT 
    *
FROM databasename.transaksi
[2024-03-17T07:25:50.632+0000] {base.py:1863} INFO - 


  SELECT 
    *
FROM databasename.transaksi
[2024-03-17T07:25:50.632+0000] {logging_mixin.py:188} INFO - 2024-03-17 07:25:50,632 INFO sqlalchemy.engine.Engine [raw sql] {}
[2024-03-17T07:25:50.632+0000] {base.py:1868} INFO - [raw sql] {}
[2024-03-17T07:25:51.092+0000] {python.py:202} INFO - Done. Returned value was: /opt/***/data/fetch_data_aplikasi_transaksi_task_id_2024-03-17.csv
[2024-03-17T07:25:51.113+0000] {taskinstance.py:1149} INFO - Marking task as SUCCESS. dag_id=study_case_etl_cloud_storage_tiga, task_id=fetch_data_aplikasi_transaksi_task_id, execution_date=20240317T072543, start_date=20240317T072545, end_date=20240317T072551
[2024-03-17T07:25:51.154+0000] {local_task_job_runner.py:234} INFO - Task exited with return code 0
[2024-03-17T07:25:51.178+0000] {taskinstance.py:3309} INFO - 0 downstream tasks scheduled from follow-on schedule check
