[2024-03-22T18:38:02.329+0000] {taskinstance.py:1979} INFO - Dependencies all met for dep_context=non-requeueable deps ti=<TaskInstance: my_first_dag.bash_task_1 manual__2024-03-22T18:38:01.339954+00:00 [queued]>
[2024-03-22T18:38:02.337+0000] {taskinstance.py:1979} INFO - Dependencies all met for dep_context=requeueable deps ti=<TaskInstance: my_first_dag.bash_task_1 manual__2024-03-22T18:38:01.339954+00:00 [queued]>
[2024-03-22T18:38:02.338+0000] {taskinstance.py:2193} INFO - Starting attempt 1 of 11
[2024-03-22T18:38:02.350+0000] {taskinstance.py:2214} INFO - Executing <Task(BashOperator): bash_task_1> on 2024-03-22 18:38:01.339954+00:00
[2024-03-22T18:38:02.354+0000] {standard_task_runner.py:60} INFO - Started process 750 to run task
[2024-03-22T18:38:02.357+0000] {standard_task_runner.py:87} INFO - Running: ['***', 'tasks', 'run', 'my_first_dag', 'bash_task_1', 'manual__2024-03-22T18:38:01.339954+00:00', '--job-id', '246', '--raw', '--subdir', 'DAGS_FOLDER/running_dbt_core/running_dbt_core.py', '--cfg-path', '/tmp/tmpu7o9qwlk']
[2024-03-22T18:38:02.358+0000] {standard_task_runner.py:88} INFO - Job 246: Subtask bash_task_1
[2024-03-22T18:38:02.395+0000] {task_command.py:423} INFO - Running <TaskInstance: my_first_dag.bash_task_1 manual__2024-03-22T18:38:01.339954+00:00 [running]> on host 428086c4ef09
[2024-03-22T18:38:02.459+0000] {taskinstance.py:2510} INFO - Exporting env vars: AIRFLOW_CTX_DAG_OWNER='proton' AIRFLOW_CTX_DAG_ID='my_first_dag' AIRFLOW_CTX_TASK_ID='bash_task_1' AIRFLOW_CTX_EXECUTION_DATE='2024-03-22T18:38:01.339954+00:00' AIRFLOW_CTX_TRY_NUMBER='1' AIRFLOW_CTX_DAG_RUN_ID='manual__2024-03-22T18:38:01.339954+00:00'
[2024-03-22T18:38:02.461+0000] {subprocess.py:63} INFO - Tmp dir root location: /tmp
[2024-03-22T18:38:02.461+0000] {subprocess.py:75} INFO - Running command: ['/usr/bin/bash', '-c', 'cd /opt/***/dbt/credit_card_dwh && dbt deps && dbt seed --profiles-dir .']
[2024-03-22T18:38:02.470+0000] {subprocess.py:86} INFO - Output:
[2024-03-22T18:38:04.729+0000] {subprocess.py:93} INFO - [0m18:38:04  Running with dbt=1.7.10
[2024-03-22T18:38:11.680+0000] {subprocess.py:93} INFO - [0m18:38:11  Installing dbt-labs/dbt_utils
[2024-03-22T18:38:12.402+0000] {subprocess.py:93} INFO - [0m18:38:12  Installed from version 0.8.0
[2024-03-22T18:38:12.403+0000] {subprocess.py:93} INFO - [0m18:38:12  Updated version available: 1.1.1
[2024-03-22T18:38:12.405+0000] {subprocess.py:93} INFO - [0m18:38:12  Installing calogica/dbt_expectations
[2024-03-22T18:38:20.419+0000] {subprocess.py:93} INFO - [0m18:38:20  Installed from version 0.8.5
[2024-03-22T18:38:20.420+0000] {subprocess.py:93} INFO - [0m18:38:20  Updated version available: 0.10.3
[2024-03-22T18:38:20.421+0000] {subprocess.py:93} INFO - [0m18:38:20  Installing calogica/dbt_date
[2024-03-22T18:38:21.081+0000] {subprocess.py:93} INFO - [0m18:38:21  Installed from version 0.7.2
[2024-03-22T18:38:21.082+0000] {subprocess.py:93} INFO - [0m18:38:21  Updated version available: 0.10.0
[2024-03-22T18:38:21.084+0000] {subprocess.py:93} INFO - [0m18:38:21
[2024-03-22T18:38:21.086+0000] {subprocess.py:93} INFO - [0m18:38:21  Updates available for packages: ['dbt-labs/dbt_utils', 'calogica/dbt_expectations', 'calogica/dbt_date']
[2024-03-22T18:38:21.088+0000] {subprocess.py:93} INFO - Update your versions in packages.yml, then run dbt deps
[2024-03-22T18:38:25.769+0000] {subprocess.py:93} INFO - [0m18:38:25  Running with dbt=1.7.10
[2024-03-22T18:38:26.704+0000] {subprocess.py:93} INFO - [0m18:38:26  Registered adapter: bigquery=1.7.6
[2024-03-22T18:38:26.899+0000] {subprocess.py:93} INFO - [0m18:38:26  Found 15 models, 5 seeds, 20 tests, 1 source, 0 exposures, 0 metrics, 870 macros, 0 groups, 0 semantic models
[2024-03-22T18:38:26.903+0000] {subprocess.py:93} INFO - [0m18:38:26
[2024-03-22T18:38:28.155+0000] {subprocess.py:93} INFO - [0m18:38:28  Concurrency: 4 threads (target='dev')
[2024-03-22T18:38:28.159+0000] {subprocess.py:93} INFO - [0m18:38:28
[2024-03-22T18:38:28.191+0000] {subprocess.py:93} INFO - [0m18:38:28  1 of 5 START seed file final_project.dim_EDUCATION ............................. [RUN]
[2024-03-22T18:38:28.193+0000] {subprocess.py:93} INFO - [0m18:38:28  2 of 5 START seed file final_project.dim_HOUSING ............................... [RUN]
[2024-03-22T18:38:28.196+0000] {subprocess.py:93} INFO - [0m18:38:28  3 of 5 START seed file final_project.dim_INCOME ................................ [RUN]
[2024-03-22T18:38:28.198+0000] {subprocess.py:93} INFO - [0m18:38:28  4 of 5 START seed file final_project.dim_JOB ................................... [RUN]
[2024-03-22T18:38:35.552+0000] {subprocess.py:93} INFO - [0m18:38:35  3 of 5 OK loaded seed file final_project.dim_INCOME ............................ [[32mINSERT 5[0m in 7.33s]
[2024-03-22T18:38:35.555+0000] {subprocess.py:93} INFO - [0m18:38:35  4 of 5 OK loaded seed file final_project.dim_JOB ............................... [[32mINSERT 19[0m in 7.34s]
[2024-03-22T18:38:35.582+0000] {subprocess.py:93} INFO - [0m18:38:35  5 of 5 START seed file final_project.dim_MARITAL ............................... [RUN]
[2024-03-22T18:38:35.585+0000] {subprocess.py:93} INFO - [0m18:38:35  2 of 5 OK loaded seed file final_project.dim_HOUSING ........................... [[32mINSERT 6[0m in 7.38s]
[2024-03-22T18:38:35.601+0000] {subprocess.py:93} INFO - [0m18:38:35  1 of 5 OK loaded seed file final_project.dim_EDUCATION ......................... [[32mINSERT 5[0m in 7.40s]
[2024-03-22T18:38:42.656+0000] {subprocess.py:93} INFO - [0m18:38:42  5 of 5 OK loaded seed file final_project.dim_MARITAL ........................... [[32mINSERT 5[0m in 7.07s]
[2024-03-22T18:38:42.669+0000] {subprocess.py:93} INFO - [0m18:38:42
[2024-03-22T18:38:42.671+0000] {subprocess.py:93} INFO - [0m18:38:42  Finished running 5 seeds in 0 hours 0 minutes and 15.76 seconds (15.76s).
[2024-03-22T18:38:42.701+0000] {subprocess.py:93} INFO - [0m18:38:42
[2024-03-22T18:38:42.703+0000] {subprocess.py:93} INFO - [0m18:38:42  [32mCompleted successfully[0m
[2024-03-22T18:38:42.704+0000] {subprocess.py:93} INFO - [0m18:38:42
[2024-03-22T18:38:42.705+0000] {subprocess.py:93} INFO - [0m18:38:42  Done. PASS=5 WARN=0 ERROR=0 SKIP=0 TOTAL=5
[2024-03-22T18:38:44.866+0000] {subprocess.py:97} INFO - Command exited with return code 0
[2024-03-22T18:38:44.886+0000] {taskinstance.py:1149} INFO - Marking task as SUCCESS. dag_id=my_first_dag, task_id=bash_task_1, execution_date=20240322T183801, start_date=20240322T183802, end_date=20240322T183844
[2024-03-22T18:38:44.907+0000] {local_task_job_runner.py:234} INFO - Task exited with return code 0
[2024-03-22T18:38:44.924+0000] {taskinstance.py:3309} INFO - 1 downstream tasks scheduled from follow-on schedule check
