[2024-03-16T07:00:01.787+0000] {taskinstance.py:1979} INFO - Dependencies all met for dep_context=non-requeueable deps ti=<TaskInstance: study_case_1.fetch_data_task scheduled__2024-03-16T06:00:00+00:00 [queued]>
[2024-03-16T07:00:01.796+0000] {taskinstance.py:1979} INFO - Dependencies all met for dep_context=requeueable deps ti=<TaskInstance: study_case_1.fetch_data_task scheduled__2024-03-16T06:00:00+00:00 [queued]>
[2024-03-16T07:00:01.796+0000] {taskinstance.py:2193} INFO - Starting attempt 1 of 2
[2024-03-16T07:00:01.808+0000] {taskinstance.py:2214} INFO - Executing <Task(PythonOperator): fetch_data_task> on 2024-03-16 06:00:00+00:00
[2024-03-16T07:00:01.812+0000] {standard_task_runner.py:60} INFO - Started process 622 to run task
[2024-03-16T07:00:01.817+0000] {standard_task_runner.py:87} INFO - Running: ['***', 'tasks', 'run', 'study_case_1', 'fetch_data_task', 'scheduled__2024-03-16T06:00:00+00:00', '--job-id', '625', '--raw', '--subdir', 'DAGS_FOLDER/pintro_aplikasi_education/study_case1.py', '--cfg-path', '/tmp/tmpub6cl6ek']
[2024-03-16T07:00:01.822+0000] {standard_task_runner.py:88} INFO - Job 625: Subtask fetch_data_task
[2024-03-16T07:00:01.891+0000] {task_command.py:423} INFO - Running <TaskInstance: study_case_1.fetch_data_task scheduled__2024-03-16T06:00:00+00:00 [running]> on host 5aeb2644b29c
[2024-03-16T07:00:01.998+0000] {taskinstance.py:2510} INFO - Exporting env vars: AIRFLOW_CTX_DAG_OWNER='Agus mahari' AIRFLOW_CTX_DAG_ID='study_case_1' AIRFLOW_CTX_TASK_ID='fetch_data_task' AIRFLOW_CTX_EXECUTION_DATE='2024-03-16T06:00:00+00:00' AIRFLOW_CTX_TRY_NUMBER='1' AIRFLOW_CTX_DAG_RUN_ID='scheduled__2024-03-16T06:00:00+00:00'
[2024-03-16T07:00:02.001+0000] {warnings.py:109} WARNING - /home/***/.local/lib/python3.8/site-packages/***/utils/context.py:315: AirflowContextDeprecationWarning: Accessing 'execution_date' from the template is deprecated and will be removed in a future version. Please use 'data_interval_start' or 'logical_date' instead.
  warnings.warn(_create_deprecation_warning(k, replacements))

[2024-03-16T07:00:04.574+0000] {logging_mixin.py:188} INFO - 2024-03-16 07:00:04,573 INFO sqlalchemy.engine.Engine SELECT DATABASE()
[2024-03-16T07:00:04.573+0000] {base.py:1863} INFO - SELECT DATABASE()
[2024-03-16T07:00:04.575+0000] {logging_mixin.py:188} INFO - 2024-03-16 07:00:04,574 INFO sqlalchemy.engine.Engine [raw sql] {}
[2024-03-16T07:00:04.574+0000] {base.py:1868} INFO - [raw sql] {}
[2024-03-16T07:00:05.491+0000] {logging_mixin.py:188} INFO - 2024-03-16 07:00:05,490 INFO sqlalchemy.engine.Engine SELECT @@sql_mode
[2024-03-16T07:00:05.490+0000] {base.py:1863} INFO - SELECT @@sql_mode
[2024-03-16T07:00:05.492+0000] {logging_mixin.py:188} INFO - 2024-03-16 07:00:05,492 INFO sqlalchemy.engine.Engine [raw sql] {}
[2024-03-16T07:00:05.492+0000] {base.py:1868} INFO - [raw sql] {}
[2024-03-16T07:00:05.946+0000] {logging_mixin.py:188} INFO - 2024-03-16 07:00:05,946 INFO sqlalchemy.engine.Engine SELECT @@lower_case_table_names
[2024-03-16T07:00:05.946+0000] {base.py:1863} INFO - SELECT @@lower_case_table_names
[2024-03-16T07:00:05.947+0000] {logging_mixin.py:188} INFO - 2024-03-16 07:00:05,947 INFO sqlalchemy.engine.Engine [raw sql] {}
[2024-03-16T07:00:05.947+0000] {base.py:1868} INFO - [raw sql] {}
[2024-03-16T07:00:06.622+0000] {logging_mixin.py:188} INFO - 2024-03-16 07:00:06,621 INFO sqlalchemy.engine.Engine 


   SELECT 
    *, 
    CONVERT_TZ(NOW(), 'UTC', '+07:00') as execution_at
FROM test.user
WHERE updated_at BETWEEN NOW() - INTERVAL 7 MINUTE AND NOW()
[2024-03-16T07:00:06.621+0000] {base.py:1863} INFO - 


   SELECT 
    *, 
    CONVERT_TZ(NOW(), 'UTC', '+07:00') as execution_at
FROM test.user
WHERE updated_at BETWEEN NOW() - INTERVAL 7 MINUTE AND NOW()
[2024-03-16T07:00:06.626+0000] {logging_mixin.py:188} INFO - 2024-03-16 07:00:06,625 INFO sqlalchemy.engine.Engine [raw sql] {}
[2024-03-16T07:00:06.625+0000] {base.py:1868} INFO - [raw sql] {}
[2024-03-16T07:00:07.124+0000] {python.py:202} INFO - Done. Returned value was: None
[2024-03-16T07:00:07.166+0000] {taskinstance.py:1149} INFO - Marking task as SUCCESS. dag_id=study_case_1, task_id=fetch_data_task, execution_date=20240316T060000, start_date=20240316T070001, end_date=20240316T070007
[2024-03-16T07:00:07.280+0000] {local_task_job_runner.py:234} INFO - Task exited with return code 0
[2024-03-16T07:00:07.311+0000] {taskinstance.py:3309} INFO - 1 downstream tasks scheduled from follow-on schedule check
