[2024-03-16T10:00:01.138+0000] {taskinstance.py:1979} INFO - Dependencies all met for dep_context=non-requeueable deps ti=<TaskInstance: study_case_etl_cloud_storage.fetch_data_task scheduled__2024-03-16T09:00:00+00:00 [queued]>
[2024-03-16T10:00:01.147+0000] {taskinstance.py:1979} INFO - Dependencies all met for dep_context=requeueable deps ti=<TaskInstance: study_case_etl_cloud_storage.fetch_data_task scheduled__2024-03-16T09:00:00+00:00 [queued]>
[2024-03-16T10:00:01.147+0000] {taskinstance.py:2193} INFO - Starting attempt 1 of 2
[2024-03-16T10:00:01.158+0000] {taskinstance.py:2214} INFO - Executing <Task(PythonOperator): fetch_data_task> on 2024-03-16 09:00:00+00:00
[2024-03-16T10:00:01.164+0000] {standard_task_runner.py:60} INFO - Started process 2396 to run task
[2024-03-16T10:00:01.167+0000] {standard_task_runner.py:87} INFO - Running: ['***', 'tasks', 'run', 'study_case_etl_cloud_storage', 'fetch_data_task', 'scheduled__2024-03-16T09:00:00+00:00', '--job-id', '710', '--raw', '--subdir', 'DAGS_FOLDER/etl_day_bigquery/study_case_etl_cloud_storage.py', '--cfg-path', '/tmp/tmpknsixgze']
[2024-03-16T10:00:01.170+0000] {standard_task_runner.py:88} INFO - Job 710: Subtask fetch_data_task
[2024-03-16T10:00:01.207+0000] {task_command.py:423} INFO - Running <TaskInstance: study_case_etl_cloud_storage.fetch_data_task scheduled__2024-03-16T09:00:00+00:00 [running]> on host 1d5b76b26ba5
[2024-03-16T10:00:01.272+0000] {taskinstance.py:2510} INFO - Exporting env vars: AIRFLOW_CTX_DAG_OWNER='Agus mahari' AIRFLOW_CTX_DAG_ID='study_case_etl_cloud_storage' AIRFLOW_CTX_TASK_ID='fetch_data_task' AIRFLOW_CTX_EXECUTION_DATE='2024-03-16T09:00:00+00:00' AIRFLOW_CTX_TRY_NUMBER='1' AIRFLOW_CTX_DAG_RUN_ID='scheduled__2024-03-16T09:00:00+00:00'
[2024-03-16T10:00:01.274+0000] {warnings.py:109} WARNING - /home/***/.local/lib/python3.8/site-packages/***/utils/context.py:315: AirflowContextDeprecationWarning: Accessing 'execution_date' from the template is deprecated and will be removed in a future version. Please use 'data_interval_start' or 'logical_date' instead.
  warnings.warn(_create_deprecation_warning(k, replacements))

[2024-03-16T10:00:03.916+0000] {logging_mixin.py:188} INFO - 2024-03-16 10:00:03,916 INFO sqlalchemy.engine.Engine SELECT DATABASE()
[2024-03-16T10:00:03.916+0000] {base.py:1863} INFO - SELECT DATABASE()
[2024-03-16T10:00:03.917+0000] {logging_mixin.py:188} INFO - 2024-03-16 10:00:03,917 INFO sqlalchemy.engine.Engine [raw sql] {}
[2024-03-16T10:00:03.917+0000] {base.py:1868} INFO - [raw sql] {}
[2024-03-16T10:00:04.818+0000] {logging_mixin.py:188} INFO - 2024-03-16 10:00:04,818 INFO sqlalchemy.engine.Engine SELECT @@sql_mode
[2024-03-16T10:00:04.818+0000] {base.py:1863} INFO - SELECT @@sql_mode
[2024-03-16T10:00:04.822+0000] {logging_mixin.py:188} INFO - 2024-03-16 10:00:04,822 INFO sqlalchemy.engine.Engine [raw sql] {}
[2024-03-16T10:00:04.822+0000] {base.py:1868} INFO - [raw sql] {}
[2024-03-16T10:00:05.295+0000] {logging_mixin.py:188} INFO - 2024-03-16 10:00:05,295 INFO sqlalchemy.engine.Engine SELECT @@lower_case_table_names
[2024-03-16T10:00:05.295+0000] {base.py:1863} INFO - SELECT @@lower_case_table_names
[2024-03-16T10:00:05.299+0000] {logging_mixin.py:188} INFO - 2024-03-16 10:00:05,298 INFO sqlalchemy.engine.Engine [raw sql] {}
[2024-03-16T10:00:05.298+0000] {base.py:1868} INFO - [raw sql] {}
[2024-03-16T10:00:05.976+0000] {logging_mixin.py:188} INFO - 2024-03-16 10:00:05,976 INFO sqlalchemy.engine.Engine 


  SELECT 
    *
FROM databasename.mytable
[2024-03-16T10:00:05.976+0000] {base.py:1863} INFO - 


  SELECT 
    *
FROM databasename.mytable
[2024-03-16T10:00:05.977+0000] {logging_mixin.py:188} INFO - 2024-03-16 10:00:05,977 INFO sqlalchemy.engine.Engine [raw sql] {}
[2024-03-16T10:00:05.977+0000] {base.py:1868} INFO - [raw sql] {}
[2024-03-16T10:00:06.458+0000] {python.py:202} INFO - Done. Returned value was: /opt/***/data/aplikasi_table_2024-03-16-9-00-00.parquet
[2024-03-16T10:00:06.479+0000] {taskinstance.py:1149} INFO - Marking task as SUCCESS. dag_id=study_case_etl_cloud_storage, task_id=fetch_data_task, execution_date=20240316T090000, start_date=20240316T100001, end_date=20240316T100006
[2024-03-16T10:00:06.511+0000] {local_task_job_runner.py:234} INFO - Task exited with return code 0
[2024-03-16T10:00:06.529+0000] {taskinstance.py:3309} INFO - 1 downstream tasks scheduled from follow-on schedule check
[2024-03-22T17:28:37.536+0000] {taskinstance.py:1979} INFO - Dependencies all met for dep_context=non-requeueable deps ti=<TaskInstance: study_case_etl_cloud_storage.fetch_data_task scheduled__2024-03-16T09:00:00+00:00 [queued]>
[2024-03-22T17:28:37.562+0000] {taskinstance.py:1979} INFO - Dependencies all met for dep_context=requeueable deps ti=<TaskInstance: study_case_etl_cloud_storage.fetch_data_task scheduled__2024-03-16T09:00:00+00:00 [queued]>
[2024-03-22T17:28:37.562+0000] {taskinstance.py:2193} INFO - Starting attempt 1 of 2
[2024-03-22T17:28:37.602+0000] {taskinstance.py:2214} INFO - Executing <Task(PythonOperator): fetch_data_task> on 2024-03-16 09:00:00+00:00
[2024-03-22T17:28:37.617+0000] {standard_task_runner.py:60} INFO - Started process 453 to run task
[2024-03-22T17:28:37.624+0000] {standard_task_runner.py:87} INFO - Running: ['***', 'tasks', 'run', 'study_case_etl_cloud_storage', 'fetch_data_task', 'scheduled__2024-03-16T09:00:00+00:00', '--job-id', '44', '--raw', '--subdir', 'DAGS_FOLDER/etl_day_bigquery/study_case_etl_cloud_storage.py', '--cfg-path', '/tmp/tmpsbwwak20']
[2024-03-22T17:28:37.640+0000] {standard_task_runner.py:88} INFO - Job 44: Subtask fetch_data_task
[2024-03-22T17:28:37.726+0000] {task_command.py:423} INFO - Running <TaskInstance: study_case_etl_cloud_storage.fetch_data_task scheduled__2024-03-16T09:00:00+00:00 [running]> on host eb8b31fafb1e
[2024-03-22T17:28:37.858+0000] {taskinstance.py:2510} INFO - Exporting env vars: AIRFLOW_CTX_DAG_OWNER='Agus mahari' AIRFLOW_CTX_DAG_ID='study_case_etl_cloud_storage' AIRFLOW_CTX_TASK_ID='fetch_data_task' AIRFLOW_CTX_EXECUTION_DATE='2024-03-16T09:00:00+00:00' AIRFLOW_CTX_TRY_NUMBER='1' AIRFLOW_CTX_DAG_RUN_ID='scheduled__2024-03-16T09:00:00+00:00'
[2024-03-22T17:28:41.143+0000] {logging_mixin.py:188} INFO - 2024-03-22 17:28:41,143 INFO sqlalchemy.engine.Engine SELECT DATABASE()
[2024-03-22T17:28:41.143+0000] {base.py:1863} INFO - SELECT DATABASE()
[2024-03-22T17:28:41.145+0000] {logging_mixin.py:188} INFO - 2024-03-22 17:28:41,145 INFO sqlalchemy.engine.Engine [raw sql] {}
[2024-03-22T17:28:41.145+0000] {base.py:1868} INFO - [raw sql] {}
[2024-03-22T17:28:42.030+0000] {logging_mixin.py:188} INFO - 2024-03-22 17:28:42,030 INFO sqlalchemy.engine.Engine SELECT @@sql_mode
[2024-03-22T17:28:42.030+0000] {base.py:1863} INFO - SELECT @@sql_mode
[2024-03-22T17:28:42.034+0000] {logging_mixin.py:188} INFO - 2024-03-22 17:28:42,034 INFO sqlalchemy.engine.Engine [raw sql] {}
[2024-03-22T17:28:42.034+0000] {base.py:1868} INFO - [raw sql] {}
[2024-03-22T17:28:42.472+0000] {logging_mixin.py:188} INFO - 2024-03-22 17:28:42,472 INFO sqlalchemy.engine.Engine SELECT @@lower_case_table_names
[2024-03-22T17:28:42.472+0000] {base.py:1863} INFO - SELECT @@lower_case_table_names
[2024-03-22T17:28:42.473+0000] {logging_mixin.py:188} INFO - 2024-03-22 17:28:42,473 INFO sqlalchemy.engine.Engine [raw sql] {}
[2024-03-22T17:28:42.473+0000] {base.py:1868} INFO - [raw sql] {}
[2024-03-22T17:28:43.140+0000] {logging_mixin.py:188} INFO - 2024-03-22 17:28:43,139 INFO sqlalchemy.engine.Engine 


  SELECT 
    *
FROM databasename.mytable
[2024-03-22T17:28:43.139+0000] {base.py:1863} INFO - 


  SELECT 
    *
FROM databasename.mytable
[2024-03-22T17:28:43.140+0000] {logging_mixin.py:188} INFO - 2024-03-22 17:28:43,140 INFO sqlalchemy.engine.Engine [raw sql] {}
[2024-03-22T17:28:43.140+0000] {base.py:1868} INFO - [raw sql] {}
[2024-03-22T17:28:43.603+0000] {logging_mixin.py:188} INFO - File already exists.
[2024-03-22T17:28:43.605+0000] {python.py:202} INFO - Done. Returned value was: /opt/***/data/aplikasi_table_['{ ds }.parquet']
[2024-03-22T17:28:43.626+0000] {taskinstance.py:1149} INFO - Marking task as SUCCESS. dag_id=study_case_etl_cloud_storage, task_id=fetch_data_task, execution_date=20240316T090000, start_date=20240322T172837, end_date=20240322T172843
[2024-03-22T17:28:43.662+0000] {local_task_job_runner.py:234} INFO - Task exited with return code 0
[2024-03-22T17:28:43.676+0000] {taskinstance.py:3309} INFO - 0 downstream tasks scheduled from follow-on schedule check
