[2024-03-14T20:09:04.394+0000] {taskinstance.py:1979} INFO - Dependencies all met for dep_context=non-requeueable deps ti=<TaskInstance: etl_hourly_pintro_aplikasi_restore_copy.ingest_csv_to_mysql scheduled__2024-01-01T00:00:00+00:00 [queued]>
[2024-03-14T20:09:04.402+0000] {taskinstance.py:1979} INFO - Dependencies all met for dep_context=requeueable deps ti=<TaskInstance: etl_hourly_pintro_aplikasi_restore_copy.ingest_csv_to_mysql scheduled__2024-01-01T00:00:00+00:00 [queued]>
[2024-03-14T20:09:04.402+0000] {taskinstance.py:2193} INFO - Starting attempt 1 of 2
[2024-03-14T20:09:04.412+0000] {taskinstance.py:2214} INFO - Executing <Task(PythonOperator): ingest_csv_to_mysql> on 2024-01-01 00:00:00+00:00
[2024-03-14T20:09:04.417+0000] {standard_task_runner.py:60} INFO - Started process 3099 to run task
[2024-03-14T20:09:04.420+0000] {standard_task_runner.py:87} INFO - Running: ['***', 'tasks', 'run', 'etl_hourly_pintro_aplikasi_restore_copy', 'ingest_csv_to_mysql', 'scheduled__2024-01-01T00:00:00+00:00', '--job-id', '161', '--raw', '--subdir', 'DAGS_FOLDER/restrore_mongo/etl_hourly_pintro_aplikasi_restore copy.py', '--cfg-path', '/tmp/tmp6ssrvuac']
[2024-03-14T20:09:04.422+0000] {standard_task_runner.py:88} INFO - Job 161: Subtask ingest_csv_to_mysql
[2024-03-14T20:09:04.461+0000] {task_command.py:423} INFO - Running <TaskInstance: etl_hourly_pintro_aplikasi_restore_copy.ingest_csv_to_mysql scheduled__2024-01-01T00:00:00+00:00 [running]> on host f293363f8e27
[2024-03-14T20:09:04.524+0000] {taskinstance.py:2510} INFO - Exporting env vars: AIRFLOW_CTX_DAG_OWNER='***' AIRFLOW_CTX_DAG_ID='etl_hourly_pintro_aplikasi_restore_copy' AIRFLOW_CTX_TASK_ID='ingest_csv_to_mysql' AIRFLOW_CTX_EXECUTION_DATE='2024-01-01T00:00:00+00:00' AIRFLOW_CTX_TRY_NUMBER='1' AIRFLOW_CTX_DAG_RUN_ID='scheduled__2024-01-01T00:00:00+00:00'
[2024-03-14T20:09:04.525+0000] {warnings.py:109} WARNING - /home/***/.local/lib/python3.8/site-packages/***/utils/context.py:315: AirflowContextDeprecationWarning: Accessing 'execution_date' from the template is deprecated and will be removed in a future version. Please use 'data_interval_start' or 'logical_date' instead.
  warnings.warn(_create_deprecation_warning(k, replacements))

[2024-03-14T20:09:07.089+0000] {logging_mixin.py:188} INFO - 2024-03-14 20:09:07,089 INFO sqlalchemy.engine.Engine SELECT DATABASE()
[2024-03-14T20:09:07.089+0000] {base.py:1863} INFO - SELECT DATABASE()
[2024-03-14T20:09:07.090+0000] {logging_mixin.py:188} INFO - 2024-03-14 20:09:07,090 INFO sqlalchemy.engine.Engine [raw sql] {}
[2024-03-14T20:09:07.090+0000] {base.py:1868} INFO - [raw sql] {}
[2024-03-14T20:09:07.979+0000] {logging_mixin.py:188} INFO - 2024-03-14 20:09:07,979 INFO sqlalchemy.engine.Engine SELECT @@sql_mode
[2024-03-14T20:09:07.979+0000] {base.py:1863} INFO - SELECT @@sql_mode
[2024-03-14T20:09:07.980+0000] {logging_mixin.py:188} INFO - 2024-03-14 20:09:07,980 INFO sqlalchemy.engine.Engine [raw sql] {}
[2024-03-14T20:09:07.980+0000] {base.py:1868} INFO - [raw sql] {}
[2024-03-14T20:09:08.423+0000] {logging_mixin.py:188} INFO - 2024-03-14 20:09:08,423 INFO sqlalchemy.engine.Engine SELECT @@lower_case_table_names
[2024-03-14T20:09:08.423+0000] {base.py:1863} INFO - SELECT @@lower_case_table_names
[2024-03-14T20:09:08.424+0000] {logging_mixin.py:188} INFO - 2024-03-14 20:09:08,424 INFO sqlalchemy.engine.Engine [raw sql] {}
[2024-03-14T20:09:08.424+0000] {base.py:1868} INFO - [raw sql] {}
[2024-03-14T20:09:08.867+0000] {logging_mixin.py:188} INFO - 2024-03-14 20:09:08,867 INFO sqlalchemy.engine.Engine BEGIN (implicit)
[2024-03-14T20:09:08.867+0000] {base.py:1032} INFO - BEGIN (implicit)
[2024-03-14T20:09:09.091+0000] {logging_mixin.py:188} INFO - 2024-03-14 20:09:09,091 INFO sqlalchemy.engine.Engine SELECT COUNT(*) FROM information_schema.tables WHERE table_schema = %(table_schema)s AND table_name = %(table_name)s
[2024-03-14T20:09:09.091+0000] {base.py:1863} INFO - SELECT COUNT(*) FROM information_schema.tables WHERE table_schema = %(table_schema)s AND table_name = %(table_name)s
[2024-03-14T20:09:09.093+0000] {logging_mixin.py:188} INFO - 2024-03-14 20:09:09,093 INFO sqlalchemy.engine.Engine [generated in 0.22251s] {'table_schema': 'test', 'table_name': 'transaksi_restore'}
[2024-03-14T20:09:09.093+0000] {base.py:1868} INFO - [generated in 0.22251s] {'table_schema': 'test', 'table_name': 'transaksi_restore'}
[2024-03-14T20:09:09.539+0000] {logging_mixin.py:188} INFO - 2024-03-14 20:09:09,539 INFO sqlalchemy.engine.Engine SELECT COUNT(*) FROM information_schema.tables WHERE table_schema = %(table_schema)s AND table_name = %(table_name)s
[2024-03-14T20:09:09.539+0000] {base.py:1863} INFO - SELECT COUNT(*) FROM information_schema.tables WHERE table_schema = %(table_schema)s AND table_name = %(table_name)s
[2024-03-14T20:09:09.540+0000] {logging_mixin.py:188} INFO - 2024-03-14 20:09:09,540 INFO sqlalchemy.engine.Engine [cached since 0.6695s ago] {'table_schema': 'test', 'table_name': 'transaksi_restore'}
[2024-03-14T20:09:09.540+0000] {base.py:1868} INFO - [cached since 0.6695s ago] {'table_schema': 'test', 'table_name': 'transaksi_restore'}
[2024-03-14T20:09:09.986+0000] {logging_mixin.py:188} INFO - 2024-03-14 20:09:09,986 INFO sqlalchemy.engine.Engine SHOW FULL TABLES FROM `test`
[2024-03-14T20:09:09.986+0000] {base.py:1863} INFO - SHOW FULL TABLES FROM `test`
[2024-03-14T20:09:09.987+0000] {logging_mixin.py:188} INFO - 2024-03-14 20:09:09,987 INFO sqlalchemy.engine.Engine [raw sql] {}
[2024-03-14T20:09:09.987+0000] {base.py:1868} INFO - [raw sql] {}
[2024-03-14T20:09:10.446+0000] {logging_mixin.py:188} INFO - 2024-03-14 20:09:10,446 INFO sqlalchemy.engine.Engine SHOW CREATE TABLE `transaksi_restore`
[2024-03-14T20:09:10.446+0000] {base.py:1863} INFO - SHOW CREATE TABLE `transaksi_restore`
[2024-03-14T20:09:10.447+0000] {logging_mixin.py:188} INFO - 2024-03-14 20:09:10,447 INFO sqlalchemy.engine.Engine [raw sql] {}
[2024-03-14T20:09:10.447+0000] {base.py:1868} INFO - [raw sql] {}
[2024-03-14T20:09:10.897+0000] {logging_mixin.py:188} INFO - 2024-03-14 20:09:10,897 INFO sqlalchemy.engine.Engine 
DROP TABLE transaksi_restore
[2024-03-14T20:09:10.897+0000] {base.py:1863} INFO - 
DROP TABLE transaksi_restore
[2024-03-14T20:09:10.898+0000] {logging_mixin.py:188} INFO - 2024-03-14 20:09:10,898 INFO sqlalchemy.engine.Engine [no key 0.22139s] {}
[2024-03-14T20:09:10.898+0000] {base.py:1868} INFO - [no key 0.22139s] {}
[2024-03-14T20:09:11.374+0000] {logging_mixin.py:188} INFO - 2024-03-14 20:09:11,373 INFO sqlalchemy.engine.Engine 
CREATE TABLE transaksi_restore (
	_id TEXT, 
	id_transaksi BIGINT, 
	tanggal_transaksi TEXT, 
	id_pelanggan BIGINT, 
	metode_pembayaran TEXT, 
	barang_jasa_dibeli TEXT, 
	status_pembayaran TEXT, 
	created_at TEXT, 
	updated_at TEXT, 
	execution_at TEXT
)
[2024-03-14T20:09:11.373+0000] {base.py:1863} INFO - 
CREATE TABLE transaksi_restore (
	_id TEXT, 
	id_transaksi BIGINT, 
	tanggal_transaksi TEXT, 
	id_pelanggan BIGINT, 
	metode_pembayaran TEXT, 
	barang_jasa_dibeli TEXT, 
	status_pembayaran TEXT, 
	created_at TEXT, 
	updated_at TEXT, 
	execution_at TEXT
)


[2024-03-14T20:09:11.374+0000] {logging_mixin.py:188} INFO - 2024-03-14 20:09:11,374 INFO sqlalchemy.engine.Engine [no key 0.22187s] {}
[2024-03-14T20:09:11.374+0000] {base.py:1868} INFO - [no key 0.22187s] {}
[2024-03-14T20:09:11.874+0000] {logging_mixin.py:188} INFO - 2024-03-14 20:09:11,874 INFO sqlalchemy.engine.Engine INSERT INTO transaksi_restore (_id, id_transaksi, tanggal_transaksi, id_pelanggan, metode_pembayaran, barang_jasa_dibeli, status_pembayaran, created_at, updated_at, execution_at) VALUES (%(_id)s, %(id_transaksi)s, %(tanggal_transaksi)s, %(id_pelanggan)s, %(metode_pembayaran)s, %(barang_jasa_dibeli)s, %(status_pembayaran)s, %(created_at)s, %(updated_at)s, %(execution_at)s)
[2024-03-14T20:09:11.874+0000] {base.py:1863} INFO - INSERT INTO transaksi_restore (_id, id_transaksi, tanggal_transaksi, id_pelanggan, metode_pembayaran, barang_jasa_dibeli, status_pembayaran, created_at, updated_at, execution_at) VALUES (%(_id)s, %(id_transaksi)s, %(tanggal_transaksi)s, %(id_pelanggan)s, %(metode_pembayaran)s, %(barang_jasa_dibeli)s, %(status_pembayaran)s, %(created_at)s, %(updated_at)s, %(execution_at)s)
[2024-03-14T20:09:11.875+0000] {logging_mixin.py:188} INFO - 2024-03-14 20:09:11,875 INFO sqlalchemy.engine.Engine [generated in 0.22540s] ({'_id': '65f34b60903ae35d56964dfa', 'id_transaksi': 82, 'tanggal_transaksi': '2024-03-15', 'id_pelanggan': 182, 'metode_pembayaran': 'Kartu Kredit', 'barang_jasa_dibeli': 'Produk BBB', 'status_pembayaran': 'Belum Lunas', 'created_at': '2024-03-15 01:10:00', 'updated_at': '2024-03-15 01:10:00', 'execution_at': '2024-03-15 02:09:18'}, {'_id': '65f34b60903ae35d56964dfb', 'id_transaksi': 83, 'tanggal_transaksi': '2024-03-15', 'id_pelanggan': 183, 'metode_pembayaran': 'Transfer Bank', 'barang_jasa_dibeli': 'Produk CCC', 'status_pembayaran': 'Lunas', 'created_at': '2024-03-15 01:15:00', 'updated_at': '2024-03-15 01:15:00', 'execution_at': '2024-03-15 02:09:18'}, {'_id': '65f34b60903ae35d56964dfc', 'id_transaksi': 84, 'tanggal_transaksi': '2024-03-15', 'id_pelanggan': 184, 'metode_pembayaran': 'E-Wallet', 'barang_jasa_dibeli': 'Produk DDD', 'status_pembayaran': 'Belum Lunas', 'created_at': '2024-03-15 01:20:00', 'updated_at': '2024-03-15 01:20:00', 'execution_at': '2024-03-15 02:09:18'}, {'_id': '65f34b60903ae35d56964dfd', 'id_transaksi': 85, 'tanggal_transaksi': '2024-03-15', 'id_pelanggan': 185, 'metode_pembayaran': 'Tunai', 'barang_jasa_dibeli': 'Produk EEE', 'status_pembayaran': 'Lunas', 'created_at': '2024-03-15 01:25:00', 'updated_at': '2024-03-15 01:25:00', 'execution_at': '2024-03-15 02:09:18'}, {'_id': '65f34b60903ae35d56964dfe', 'id_transaksi': 86, 'tanggal_transaksi': '2024-03-15', 'id_pelanggan': 186, 'metode_pembayaran': 'Kartu Kredit', 'barang_jasa_dibeli': 'Produk FFF', 'status_pembayaran': 'Belum Lunas', 'created_at': '2024-03-15 01:30:00', 'updated_at': '2024-03-15 01:30:00', 'execution_at': '2024-03-15 02:09:18'}, {'_id': '65f34b60903ae35d56964dff', 'id_transaksi': 87, 'tanggal_transaksi': '2024-03-15', 'id_pelanggan': 187, 'metode_pembayaran': 'Transfer Bank', 'barang_jasa_dibeli': 'Produk GGG', 'status_pembayaran': 'Lunas', 'created_at': '2024-03-15 01:35:00', 'updated_at': '2024-03-15 01:35:00', 'execution_at': '2024-03-15 02:09:18'}, {'_id': '65f34b60903ae35d56964e00', 'id_transaksi': 88, 'tanggal_transaksi': '2024-03-15', 'id_pelanggan': 188, 'metode_pembayaran': 'E-Wallet', 'barang_jasa_dibeli': 'Produk HHH', 'status_pembayaran': 'Belum Lunas', 'created_at': '2024-03-15 01:40:00', 'updated_at': '2024-03-15 01:40:00', 'execution_at': '2024-03-15 02:09:18'}, {'_id': '65f34b60903ae35d56964e01', 'id_transaksi': 89, 'tanggal_transaksi': '2024-03-15', 'id_pelanggan': 189, 'metode_pembayaran': 'Tunai', 'barang_jasa_dibeli': 'Produk III', 'status_pembayaran': 'Lunas', 'created_at': '2024-03-15 01:45:00', 'updated_at': '2024-03-15 01:45:00', 'execution_at': '2024-03-15 02:09:18'}  ... displaying 10 of 24 total bound parameter sets ...  {'_id': '65f35749eb924389482167bb', 'id_transaksi': 103, 'tanggal_transaksi': '2024-03-15', 'id_pelanggan': 203, 'metode_pembayaran': 'Transfer Bank', 'barang_jasa_dibeli': 'Produk WWW', 'status_pembayaran': 'Lunas', 'created_at': '2024-03-15 02:55:00', 'updated_at': '2024-03-15 02:55:00', 'execution_at': '2024-03-15 03:00:05'}, {'_id': '65f35749eb924389482167bc', 'id_transaksi': 104, 'tanggal_transaksi': '2024-03-15', 'id_pelanggan': 204, 'metode_pembayaran': 'E-Wallet', 'barang_jasa_dibeli': 'Produk XXX', 'status_pembayaran': 'Belum Lunas', 'created_at': '2024-03-15 03:00:00', 'updated_at': '2024-03-15 03:00:00', 'execution_at': '2024-03-15 03:00:05'})
[2024-03-14T20:09:11.875+0000] {base.py:1868} INFO - [generated in 0.22540s] ({'_id': '65f34b60903ae35d56964dfa', 'id_transaksi': 82, 'tanggal_transaksi': '2024-03-15', 'id_pelanggan': 182, 'metode_pembayaran': 'Kartu Kredit', 'barang_jasa_dibeli': 'Produk BBB', 'status_pembayaran': 'Belum Lunas', 'created_at': '2024-03-15 01:10:00', 'updated_at': '2024-03-15 01:10:00', 'execution_at': '2024-03-15 02:09:18'}, {'_id': '65f34b60903ae35d56964dfb', 'id_transaksi': 83, 'tanggal_transaksi': '2024-03-15', 'id_pelanggan': 183, 'metode_pembayaran': 'Transfer Bank', 'barang_jasa_dibeli': 'Produk CCC', 'status_pembayaran': 'Lunas', 'created_at': '2024-03-15 01:15:00', 'updated_at': '2024-03-15 01:15:00', 'execution_at': '2024-03-15 02:09:18'}, {'_id': '65f34b60903ae35d56964dfc', 'id_transaksi': 84, 'tanggal_transaksi': '2024-03-15', 'id_pelanggan': 184, 'metode_pembayaran': 'E-Wallet', 'barang_jasa_dibeli': 'Produk DDD', 'status_pembayaran': 'Belum Lunas', 'created_at': '2024-03-15 01:20:00', 'updated_at': '2024-03-15 01:20:00', 'execution_at': '2024-03-15 02:09:18'}, {'_id': '65f34b60903ae35d56964dfd', 'id_transaksi': 85, 'tanggal_transaksi': '2024-03-15', 'id_pelanggan': 185, 'metode_pembayaran': 'Tunai', 'barang_jasa_dibeli': 'Produk EEE', 'status_pembayaran': 'Lunas', 'created_at': '2024-03-15 01:25:00', 'updated_at': '2024-03-15 01:25:00', 'execution_at': '2024-03-15 02:09:18'}, {'_id': '65f34b60903ae35d56964dfe', 'id_transaksi': 86, 'tanggal_transaksi': '2024-03-15', 'id_pelanggan': 186, 'metode_pembayaran': 'Kartu Kredit', 'barang_jasa_dibeli': 'Produk FFF', 'status_pembayaran': 'Belum Lunas', 'created_at': '2024-03-15 01:30:00', 'updated_at': '2024-03-15 01:30:00', 'execution_at': '2024-03-15 02:09:18'}, {'_id': '65f34b60903ae35d56964dff', 'id_transaksi': 87, 'tanggal_transaksi': '2024-03-15', 'id_pelanggan': 187, 'metode_pembayaran': 'Transfer Bank', 'barang_jasa_dibeli': 'Produk GGG', 'status_pembayaran': 'Lunas', 'created_at': '2024-03-15 01:35:00', 'updated_at': '2024-03-15 01:35:00', 'execution_at': '2024-03-15 02:09:18'}, {'_id': '65f34b60903ae35d56964e00', 'id_transaksi': 88, 'tanggal_transaksi': '2024-03-15', 'id_pelanggan': 188, 'metode_pembayaran': 'E-Wallet', 'barang_jasa_dibeli': 'Produk HHH', 'status_pembayaran': 'Belum Lunas', 'created_at': '2024-03-15 01:40:00', 'updated_at': '2024-03-15 01:40:00', 'execution_at': '2024-03-15 02:09:18'}, {'_id': '65f34b60903ae35d56964e01', 'id_transaksi': 89, 'tanggal_transaksi': '2024-03-15', 'id_pelanggan': 189, 'metode_pembayaran': 'Tunai', 'barang_jasa_dibeli': 'Produk III', 'status_pembayaran': 'Lunas', 'created_at': '2024-03-15 01:45:00', 'updated_at': '2024-03-15 01:45:00', 'execution_at': '2024-03-15 02:09:18'}  ... displaying 10 of 24 total bound parameter sets ...  {'_id': '65f35749eb924389482167bb', 'id_transaksi': 103, 'tanggal_transaksi': '2024-03-15', 'id_pelanggan': 203, 'metode_pembayaran': 'Transfer Bank', 'barang_jasa_dibeli': 'Produk WWW', 'status_pembayaran': 'Lunas', 'created_at': '2024-03-15 02:55:00', 'updated_at': '2024-03-15 02:55:00', 'execution_at': '2024-03-15 03:00:05'}, {'_id': '65f35749eb924389482167bc', 'id_transaksi': 104, 'tanggal_transaksi': '2024-03-15', 'id_pelanggan': 204, 'metode_pembayaran': 'E-Wallet', 'barang_jasa_dibeli': 'Produk XXX', 'status_pembayaran': 'Belum Lunas', 'created_at': '2024-03-15 03:00:00', 'updated_at': '2024-03-15 03:00:00', 'execution_at': '2024-03-15 03:00:05'})
[2024-03-14T20:09:12.104+0000] {logging_mixin.py:188} INFO - 2024-03-14 20:09:12,104 INFO sqlalchemy.engine.Engine COMMIT
[2024-03-14T20:09:12.104+0000] {base.py:1092} INFO - COMMIT
[2024-03-14T20:09:12.555+0000] {python.py:202} INFO - Done. Returned value was: None
[2024-03-14T20:09:12.563+0000] {taskinstance.py:1149} INFO - Marking task as SUCCESS. dag_id=etl_hourly_pintro_aplikasi_restore_copy, task_id=ingest_csv_to_mysql, execution_date=20240101T000000, start_date=20240314T200904, end_date=20240314T200912
[2024-03-14T20:09:12.586+0000] {local_task_job_runner.py:234} INFO - Task exited with return code 0
[2024-03-14T20:09:12.600+0000] {taskinstance.py:3309} INFO - 1 downstream tasks scheduled from follow-on schedule check
