[2024-03-16T12:00:01.419+0000] {taskinstance.py:1979} INFO - Dependencies all met for dep_context=non-requeueable deps ti=<TaskInstance: study_case_etl_cloud_storage.fetch_data_task scheduled__2024-03-16T11:00:00+00:00 [queued]>
[2024-03-16T12:00:01.428+0000] {taskinstance.py:1979} INFO - Dependencies all met for dep_context=requeueable deps ti=<TaskInstance: study_case_etl_cloud_storage.fetch_data_task scheduled__2024-03-16T11:00:00+00:00 [queued]>
[2024-03-16T12:00:01.429+0000] {taskinstance.py:2193} INFO - Starting attempt 1 of 2
[2024-03-16T12:00:01.440+0000] {taskinstance.py:2214} INFO - Executing <Task(PythonOperator): fetch_data_task> on 2024-03-16 11:00:00+00:00
[2024-03-16T12:00:01.445+0000] {standard_task_runner.py:60} INFO - Started process 4215 to run task
[2024-03-16T12:00:01.449+0000] {standard_task_runner.py:87} INFO - Running: ['***', 'tasks', 'run', 'study_case_etl_cloud_storage', 'fetch_data_task', 'scheduled__2024-03-16T11:00:00+00:00', '--job-id', '718', '--raw', '--subdir', 'DAGS_FOLDER/etl_day_bigquery/study_case_etl_cloud_storage.py', '--cfg-path', '/tmp/tmph8eg3kts']
[2024-03-16T12:00:01.454+0000] {standard_task_runner.py:88} INFO - Job 718: Subtask fetch_data_task
[2024-03-16T12:00:01.504+0000] {task_command.py:423} INFO - Running <TaskInstance: study_case_etl_cloud_storage.fetch_data_task scheduled__2024-03-16T11:00:00+00:00 [running]> on host 1d5b76b26ba5
[2024-03-16T12:00:01.588+0000] {taskinstance.py:2510} INFO - Exporting env vars: AIRFLOW_CTX_DAG_OWNER='Agus mahari' AIRFLOW_CTX_DAG_ID='study_case_etl_cloud_storage' AIRFLOW_CTX_TASK_ID='fetch_data_task' AIRFLOW_CTX_EXECUTION_DATE='2024-03-16T11:00:00+00:00' AIRFLOW_CTX_TRY_NUMBER='1' AIRFLOW_CTX_DAG_RUN_ID='scheduled__2024-03-16T11:00:00+00:00'
[2024-03-16T12:00:01.590+0000] {warnings.py:109} WARNING - /home/***/.local/lib/python3.8/site-packages/***/utils/context.py:315: AirflowContextDeprecationWarning: Accessing 'execution_date' from the template is deprecated and will be removed in a future version. Please use 'data_interval_start' or 'logical_date' instead.
  warnings.warn(_create_deprecation_warning(k, replacements))

[2024-03-16T12:00:05.084+0000] {logging_mixin.py:188} INFO - 2024-03-16 12:00:05,084 INFO sqlalchemy.engine.Engine SELECT DATABASE()
[2024-03-16T12:00:05.084+0000] {base.py:1863} INFO - SELECT DATABASE()
[2024-03-16T12:00:05.088+0000] {logging_mixin.py:188} INFO - 2024-03-16 12:00:05,087 INFO sqlalchemy.engine.Engine [raw sql] {}
[2024-03-16T12:00:05.087+0000] {base.py:1868} INFO - [raw sql] {}
[2024-03-16T12:00:05.979+0000] {logging_mixin.py:188} INFO - 2024-03-16 12:00:05,979 INFO sqlalchemy.engine.Engine SELECT @@sql_mode
[2024-03-16T12:00:05.979+0000] {base.py:1863} INFO - SELECT @@sql_mode
[2024-03-16T12:00:05.982+0000] {logging_mixin.py:188} INFO - 2024-03-16 12:00:05,982 INFO sqlalchemy.engine.Engine [raw sql] {}
[2024-03-16T12:00:05.982+0000] {base.py:1868} INFO - [raw sql] {}
[2024-03-16T12:00:06.428+0000] {logging_mixin.py:188} INFO - 2024-03-16 12:00:06,428 INFO sqlalchemy.engine.Engine SELECT @@lower_case_table_names
[2024-03-16T12:00:06.428+0000] {base.py:1863} INFO - SELECT @@lower_case_table_names
[2024-03-16T12:00:06.429+0000] {logging_mixin.py:188} INFO - 2024-03-16 12:00:06,429 INFO sqlalchemy.engine.Engine [raw sql] {}
[2024-03-16T12:00:06.429+0000] {base.py:1868} INFO - [raw sql] {}
[2024-03-16T12:00:07.101+0000] {logging_mixin.py:188} INFO - 2024-03-16 12:00:07,101 INFO sqlalchemy.engine.Engine 


  SELECT 
    *
FROM databasename.mytable
[2024-03-16T12:00:07.101+0000] {base.py:1863} INFO - 


  SELECT 
    *
FROM databasename.mytable
[2024-03-16T12:00:07.102+0000] {logging_mixin.py:188} INFO - 2024-03-16 12:00:07,102 INFO sqlalchemy.engine.Engine [raw sql] {}
[2024-03-16T12:00:07.102+0000] {base.py:1868} INFO - [raw sql] {}
[2024-03-16T12:00:07.568+0000] {python.py:202} INFO - Done. Returned value was: /opt/***/data/aplikasi_table_2024-03-16-11-00-00.parquet
[2024-03-16T12:00:07.586+0000] {taskinstance.py:1149} INFO - Marking task as SUCCESS. dag_id=study_case_etl_cloud_storage, task_id=fetch_data_task, execution_date=20240316T110000, start_date=20240316T120001, end_date=20240316T120007
[2024-03-16T12:00:07.614+0000] {local_task_job_runner.py:234} INFO - Task exited with return code 0
[2024-03-16T12:00:07.641+0000] {taskinstance.py:3309} INFO - 1 downstream tasks scheduled from follow-on schedule check
[2024-03-22T17:28:36.808+0000] {taskinstance.py:1979} INFO - Dependencies all met for dep_context=non-requeueable deps ti=<TaskInstance: study_case_etl_cloud_storage.fetch_data_task scheduled__2024-03-16T11:00:00+00:00 [queued]>
[2024-03-22T17:28:36.829+0000] {taskinstance.py:1979} INFO - Dependencies all met for dep_context=requeueable deps ti=<TaskInstance: study_case_etl_cloud_storage.fetch_data_task scheduled__2024-03-16T11:00:00+00:00 [queued]>
[2024-03-22T17:28:36.832+0000] {taskinstance.py:2193} INFO - Starting attempt 1 of 2
[2024-03-22T17:28:36.870+0000] {taskinstance.py:2214} INFO - Executing <Task(PythonOperator): fetch_data_task> on 2024-03-16 11:00:00+00:00
[2024-03-22T17:28:36.884+0000] {standard_task_runner.py:60} INFO - Started process 444 to run task
[2024-03-22T17:28:36.893+0000] {standard_task_runner.py:87} INFO - Running: ['***', 'tasks', 'run', 'study_case_etl_cloud_storage', 'fetch_data_task', 'scheduled__2024-03-16T11:00:00+00:00', '--job-id', '43', '--raw', '--subdir', 'DAGS_FOLDER/etl_day_bigquery/study_case_etl_cloud_storage.py', '--cfg-path', '/tmp/tmpz61gjk_s']
[2024-03-22T17:28:36.904+0000] {standard_task_runner.py:88} INFO - Job 43: Subtask fetch_data_task
[2024-03-22T17:28:37.004+0000] {task_command.py:423} INFO - Running <TaskInstance: study_case_etl_cloud_storage.fetch_data_task scheduled__2024-03-16T11:00:00+00:00 [running]> on host eb8b31fafb1e
[2024-03-22T17:28:37.186+0000] {taskinstance.py:2510} INFO - Exporting env vars: AIRFLOW_CTX_DAG_OWNER='Agus mahari' AIRFLOW_CTX_DAG_ID='study_case_etl_cloud_storage' AIRFLOW_CTX_TASK_ID='fetch_data_task' AIRFLOW_CTX_EXECUTION_DATE='2024-03-16T11:00:00+00:00' AIRFLOW_CTX_TRY_NUMBER='1' AIRFLOW_CTX_DAG_RUN_ID='scheduled__2024-03-16T11:00:00+00:00'
[2024-03-22T17:28:40.542+0000] {logging_mixin.py:188} INFO - 2024-03-22 17:28:40,542 INFO sqlalchemy.engine.Engine SELECT DATABASE()
[2024-03-22T17:28:40.542+0000] {base.py:1863} INFO - SELECT DATABASE()
[2024-03-22T17:28:40.545+0000] {logging_mixin.py:188} INFO - 2024-03-22 17:28:40,544 INFO sqlalchemy.engine.Engine [raw sql] {}
[2024-03-22T17:28:40.544+0000] {base.py:1868} INFO - [raw sql] {}
[2024-03-22T17:28:41.465+0000] {logging_mixin.py:188} INFO - 2024-03-22 17:28:41,465 INFO sqlalchemy.engine.Engine SELECT @@sql_mode
[2024-03-22T17:28:41.465+0000] {base.py:1863} INFO - SELECT @@sql_mode
[2024-03-22T17:28:41.468+0000] {logging_mixin.py:188} INFO - 2024-03-22 17:28:41,468 INFO sqlalchemy.engine.Engine [raw sql] {}
[2024-03-22T17:28:41.468+0000] {base.py:1868} INFO - [raw sql] {}
[2024-03-22T17:28:41.907+0000] {logging_mixin.py:188} INFO - 2024-03-22 17:28:41,907 INFO sqlalchemy.engine.Engine SELECT @@lower_case_table_names
[2024-03-22T17:28:41.907+0000] {base.py:1863} INFO - SELECT @@lower_case_table_names
[2024-03-22T17:28:41.908+0000] {logging_mixin.py:188} INFO - 2024-03-22 17:28:41,908 INFO sqlalchemy.engine.Engine [raw sql] {}
[2024-03-22T17:28:41.908+0000] {base.py:1868} INFO - [raw sql] {}
[2024-03-22T17:28:42.568+0000] {logging_mixin.py:188} INFO - 2024-03-22 17:28:42,568 INFO sqlalchemy.engine.Engine 


  SELECT 
    *
FROM databasename.mytable
[2024-03-22T17:28:42.568+0000] {base.py:1863} INFO - 


  SELECT 
    *
FROM databasename.mytable
[2024-03-22T17:28:42.573+0000] {logging_mixin.py:188} INFO - 2024-03-22 17:28:42,573 INFO sqlalchemy.engine.Engine [raw sql] {}
[2024-03-22T17:28:42.573+0000] {base.py:1868} INFO - [raw sql] {}
[2024-03-22T17:28:43.020+0000] {logging_mixin.py:188} INFO - File already exists.
[2024-03-22T17:28:43.022+0000] {python.py:202} INFO - Done. Returned value was: /opt/***/data/aplikasi_table_['{ ds }.parquet']
[2024-03-22T17:28:43.047+0000] {taskinstance.py:1149} INFO - Marking task as SUCCESS. dag_id=study_case_etl_cloud_storage, task_id=fetch_data_task, execution_date=20240316T110000, start_date=20240322T172836, end_date=20240322T172843
[2024-03-22T17:28:43.078+0000] {local_task_job_runner.py:234} INFO - Task exited with return code 0
[2024-03-22T17:28:43.243+0000] {taskinstance.py:3309} INFO - 0 downstream tasks scheduled from follow-on schedule check
