[2024-03-17T04:50:57.561+0000] {taskinstance.py:1979} INFO - Dependencies all met for dep_context=non-requeueable deps ti=<TaskInstance: study_case_etl_cloud_storage_dua.fetch_data_task_id manual__2024-03-17T04:50:55.736040+00:00 [queued]>
[2024-03-17T04:50:57.570+0000] {taskinstance.py:1979} INFO - Dependencies all met for dep_context=requeueable deps ti=<TaskInstance: study_case_etl_cloud_storage_dua.fetch_data_task_id manual__2024-03-17T04:50:55.736040+00:00 [queued]>
[2024-03-17T04:50:57.570+0000] {taskinstance.py:2193} INFO - Starting attempt 1 of 2
[2024-03-17T04:50:57.580+0000] {taskinstance.py:2214} INFO - Executing <Task(PythonOperator): fetch_data_task_id> on 2024-03-17 04:50:55.736040+00:00
[2024-03-17T04:50:57.585+0000] {standard_task_runner.py:60} INFO - Started process 4603 to run task
[2024-03-17T04:50:57.588+0000] {standard_task_runner.py:87} INFO - Running: ['***', 'tasks', 'run', 'study_case_etl_cloud_storage_dua', 'fetch_data_task_id', 'manual__2024-03-17T04:50:55.736040+00:00', '--job-id', '902', '--raw', '--subdir', 'DAGS_FOLDER/etl_day_bigquery/study_case_etl_cloud_storage_dua.py', '--cfg-path', '/tmp/tmp39e5c0yh']
[2024-03-17T04:50:57.591+0000] {standard_task_runner.py:88} INFO - Job 902: Subtask fetch_data_task_id
[2024-03-17T04:50:57.626+0000] {task_command.py:423} INFO - Running <TaskInstance: study_case_etl_cloud_storage_dua.fetch_data_task_id manual__2024-03-17T04:50:55.736040+00:00 [running]> on host 1d5b76b26ba5
[2024-03-17T04:50:57.690+0000] {taskinstance.py:2510} INFO - Exporting env vars: AIRFLOW_CTX_DAG_OWNER='Agus mahari' AIRFLOW_CTX_DAG_ID='study_case_etl_cloud_storage_dua' AIRFLOW_CTX_TASK_ID='fetch_data_task_id' AIRFLOW_CTX_EXECUTION_DATE='2024-03-17T04:50:55.736040+00:00' AIRFLOW_CTX_TRY_NUMBER='1' AIRFLOW_CTX_DAG_RUN_ID='manual__2024-03-17T04:50:55.736040+00:00'
[2024-03-17T04:51:00.421+0000] {logging_mixin.py:188} INFO - 2024-03-17 04:51:00,421 INFO sqlalchemy.engine.Engine SELECT DATABASE()
[2024-03-17T04:51:00.421+0000] {base.py:1863} INFO - SELECT DATABASE()
[2024-03-17T04:51:00.422+0000] {logging_mixin.py:188} INFO - 2024-03-17 04:51:00,422 INFO sqlalchemy.engine.Engine [raw sql] {}
[2024-03-17T04:51:00.422+0000] {base.py:1868} INFO - [raw sql] {}
[2024-03-17T04:51:01.308+0000] {logging_mixin.py:188} INFO - 2024-03-17 04:51:01,308 INFO sqlalchemy.engine.Engine SELECT @@sql_mode
[2024-03-17T04:51:01.308+0000] {base.py:1863} INFO - SELECT @@sql_mode
[2024-03-17T04:51:01.312+0000] {logging_mixin.py:188} INFO - 2024-03-17 04:51:01,312 INFO sqlalchemy.engine.Engine [raw sql] {}
[2024-03-17T04:51:01.312+0000] {base.py:1868} INFO - [raw sql] {}
[2024-03-17T04:51:01.868+0000] {logging_mixin.py:188} INFO - 2024-03-17 04:51:01,868 INFO sqlalchemy.engine.Engine SELECT @@lower_case_table_names
[2024-03-17T04:51:01.868+0000] {base.py:1863} INFO - SELECT @@lower_case_table_names
[2024-03-17T04:51:01.870+0000] {logging_mixin.py:188} INFO - 2024-03-17 04:51:01,870 INFO sqlalchemy.engine.Engine [raw sql] {}
[2024-03-17T04:51:01.870+0000] {base.py:1868} INFO - [raw sql] {}
[2024-03-17T04:51:02.563+0000] {logging_mixin.py:188} INFO - 2024-03-17 04:51:02,563 INFO sqlalchemy.engine.Engine 
  SELECT 
    *
FROM databasename.mytable
[2024-03-17T04:51:02.563+0000] {base.py:1863} INFO - 
  SELECT 
    *
FROM databasename.mytable
[2024-03-17T04:51:02.564+0000] {logging_mixin.py:188} INFO - 2024-03-17 04:51:02,564 INFO sqlalchemy.engine.Engine [raw sql] {}
[2024-03-17T04:51:02.564+0000] {base.py:1868} INFO - [raw sql] {}
[2024-03-17T04:51:03.030+0000] {logging_mixin.py:188} INFO - An error occurred: stat: path should be string, bytes, os.PathLike or integer, not list
[2024-03-17T04:51:03.032+0000] {python.py:202} INFO - Done. Returned value was: ['/opt/***/data/{ task.task_id }_{ ds }.csv']
[2024-03-17T04:51:03.051+0000] {taskinstance.py:1149} INFO - Marking task as SUCCESS. dag_id=study_case_etl_cloud_storage_dua, task_id=fetch_data_task_id, execution_date=20240317T045055, start_date=20240317T045057, end_date=20240317T045103
[2024-03-17T04:51:03.087+0000] {local_task_job_runner.py:234} INFO - Task exited with return code 0
[2024-03-17T04:51:03.107+0000] {taskinstance.py:3309} INFO - 1 downstream tasks scheduled from follow-on schedule check
