[2024-03-17T04:31:25.314+0000] {taskinstance.py:1979} INFO - Dependencies all met for dep_context=non-requeueable deps ti=<TaskInstance: study_case_etl_cloud_storage_dua.fetch_data_task_id manual__2024-03-17T04:31:23.829456+00:00 [queued]>
[2024-03-17T04:31:25.324+0000] {taskinstance.py:1979} INFO - Dependencies all met for dep_context=requeueable deps ti=<TaskInstance: study_case_etl_cloud_storage_dua.fetch_data_task_id manual__2024-03-17T04:31:23.829456+00:00 [queued]>
[2024-03-17T04:31:25.325+0000] {taskinstance.py:2193} INFO - Starting attempt 1 of 2
[2024-03-17T04:31:25.337+0000] {taskinstance.py:2214} INFO - Executing <Task(PythonOperator): fetch_data_task_id> on 2024-03-17 04:31:23.829456+00:00
[2024-03-17T04:31:25.342+0000] {standard_task_runner.py:60} INFO - Started process 4265 to run task
[2024-03-17T04:31:25.347+0000] {standard_task_runner.py:87} INFO - Running: ['***', 'tasks', 'run', 'study_case_etl_cloud_storage_dua', 'fetch_data_task_id', 'manual__2024-03-17T04:31:23.829456+00:00', '--job-id', '890', '--raw', '--subdir', 'DAGS_FOLDER/etl_day_bigquery/study_case_etl_cloud_storage_dua.py', '--cfg-path', '/tmp/tmpx35m2xfl']
[2024-03-17T04:31:25.350+0000] {standard_task_runner.py:88} INFO - Job 890: Subtask fetch_data_task_id
[2024-03-17T04:31:25.414+0000] {task_command.py:423} INFO - Running <TaskInstance: study_case_etl_cloud_storage_dua.fetch_data_task_id manual__2024-03-17T04:31:23.829456+00:00 [running]> on host 1d5b76b26ba5
[2024-03-17T04:31:25.494+0000] {taskinstance.py:2510} INFO - Exporting env vars: AIRFLOW_CTX_DAG_OWNER='Agus mahari' AIRFLOW_CTX_DAG_ID='study_case_etl_cloud_storage_dua' AIRFLOW_CTX_TASK_ID='fetch_data_task_id' AIRFLOW_CTX_EXECUTION_DATE='2024-03-17T04:31:23.829456+00:00' AIRFLOW_CTX_TRY_NUMBER='1' AIRFLOW_CTX_DAG_RUN_ID='manual__2024-03-17T04:31:23.829456+00:00'
[2024-03-17T04:31:28.198+0000] {logging_mixin.py:188} INFO - 2024-03-17 04:31:28,198 INFO sqlalchemy.engine.Engine SELECT DATABASE()
[2024-03-17T04:31:28.198+0000] {base.py:1863} INFO - SELECT DATABASE()
[2024-03-17T04:31:28.200+0000] {logging_mixin.py:188} INFO - 2024-03-17 04:31:28,200 INFO sqlalchemy.engine.Engine [raw sql] {}
[2024-03-17T04:31:28.200+0000] {base.py:1868} INFO - [raw sql] {}
[2024-03-17T04:31:29.083+0000] {logging_mixin.py:188} INFO - 2024-03-17 04:31:29,083 INFO sqlalchemy.engine.Engine SELECT @@sql_mode
[2024-03-17T04:31:29.083+0000] {base.py:1863} INFO - SELECT @@sql_mode
[2024-03-17T04:31:29.084+0000] {logging_mixin.py:188} INFO - 2024-03-17 04:31:29,084 INFO sqlalchemy.engine.Engine [raw sql] {}
[2024-03-17T04:31:29.084+0000] {base.py:1868} INFO - [raw sql] {}
[2024-03-17T04:31:29.526+0000] {logging_mixin.py:188} INFO - 2024-03-17 04:31:29,526 INFO sqlalchemy.engine.Engine SELECT @@lower_case_table_names
[2024-03-17T04:31:29.526+0000] {base.py:1863} INFO - SELECT @@lower_case_table_names
[2024-03-17T04:31:29.529+0000] {logging_mixin.py:188} INFO - 2024-03-17 04:31:29,529 INFO sqlalchemy.engine.Engine [raw sql] {}
[2024-03-17T04:31:29.529+0000] {base.py:1868} INFO - [raw sql] {}
[2024-03-17T04:31:30.223+0000] {logging_mixin.py:188} INFO - 2024-03-17 04:31:30,223 INFO sqlalchemy.engine.Engine 
  SELECT 
    *
FROM databasename.mytable
[2024-03-17T04:31:30.223+0000] {base.py:1863} INFO - 
  SELECT 
    *
FROM databasename.mytable
[2024-03-17T04:31:30.224+0000] {logging_mixin.py:188} INFO - 2024-03-17 04:31:30,224 INFO sqlalchemy.engine.Engine [raw sql] {}
[2024-03-17T04:31:30.224+0000] {base.py:1868} INFO - [raw sql] {}
[2024-03-17T04:31:30.677+0000] {python.py:202} INFO - Done. Returned value was: /opt/***/data/fetch_data_task_id_2024-03-17.csv
[2024-03-17T04:31:30.696+0000] {taskinstance.py:1149} INFO - Marking task as SUCCESS. dag_id=study_case_etl_cloud_storage_dua, task_id=fetch_data_task_id, execution_date=20240317T043123, start_date=20240317T043125, end_date=20240317T043130
[2024-03-17T04:31:30.737+0000] {local_task_job_runner.py:234} INFO - Task exited with return code 0
[2024-03-17T04:31:30.758+0000] {taskinstance.py:3309} INFO - 1 downstream tasks scheduled from follow-on schedule check
