[2024-03-30T23:17:02.221+0000] {taskinstance.py:1979} INFO - Dependencies all met for dep_context=non-requeueable deps ti=<TaskInstance: study_case_etl_all_pipeline.fetch_data_task_id manual__2024-03-30T23:17:00.368909+00:00 [queued]>
[2024-03-30T23:17:02.228+0000] {taskinstance.py:1979} INFO - Dependencies all met for dep_context=requeueable deps ti=<TaskInstance: study_case_etl_all_pipeline.fetch_data_task_id manual__2024-03-30T23:17:00.368909+00:00 [queued]>
[2024-03-30T23:17:02.229+0000] {taskinstance.py:2193} INFO - Starting attempt 1 of 2
[2024-03-30T23:17:02.241+0000] {taskinstance.py:2214} INFO - Executing <Task(PythonOperator): fetch_data_task_id> on 2024-03-30 23:17:00.368909+00:00
[2024-03-30T23:17:02.246+0000] {standard_task_runner.py:60} INFO - Started process 6250 to run task
[2024-03-30T23:17:02.249+0000] {standard_task_runner.py:87} INFO - Running: ['***', 'tasks', 'run', 'study_case_etl_all_pipeline', 'fetch_data_task_id', 'manual__2024-03-30T23:17:00.368909+00:00', '--job-id', '228', '--raw', '--subdir', 'DAGS_FOLDER/running_dbt_core/study_case_etl_all_pipeline.py', '--cfg-path', '/tmp/tmpb7gwwyrl']
[2024-03-30T23:17:02.251+0000] {standard_task_runner.py:88} INFO - Job 228: Subtask fetch_data_task_id
[2024-03-30T23:17:02.289+0000] {task_command.py:423} INFO - Running <TaskInstance: study_case_etl_all_pipeline.fetch_data_task_id manual__2024-03-30T23:17:00.368909+00:00 [running]> on host f5156ab87ac1
[2024-03-30T23:17:02.362+0000] {taskinstance.py:2510} INFO - Exporting env vars: AIRFLOW_CTX_DAG_OWNER='Agus mahari' AIRFLOW_CTX_DAG_ID='study_case_etl_all_pipeline' AIRFLOW_CTX_TASK_ID='fetch_data_task_id' AIRFLOW_CTX_EXECUTION_DATE='2024-03-30T23:17:00.368909+00:00' AIRFLOW_CTX_TRY_NUMBER='1' AIRFLOW_CTX_DAG_RUN_ID='manual__2024-03-30T23:17:00.368909+00:00'
[2024-03-30T23:17:05.000+0000] {logging_mixin.py:188} INFO - 2024-03-30 23:17:05,000 INFO sqlalchemy.engine.Engine SELECT DATABASE()
[2024-03-30T23:17:05.000+0000] {base.py:1863} INFO - SELECT DATABASE()
[2024-03-30T23:17:05.004+0000] {logging_mixin.py:188} INFO - 2024-03-30 23:17:05,003 INFO sqlalchemy.engine.Engine [raw sql] {}
[2024-03-30T23:17:05.003+0000] {base.py:1868} INFO - [raw sql] {}
[2024-03-30T23:17:05.895+0000] {logging_mixin.py:188} INFO - 2024-03-30 23:17:05,895 INFO sqlalchemy.engine.Engine SELECT @@sql_mode
[2024-03-30T23:17:05.895+0000] {base.py:1863} INFO - SELECT @@sql_mode
[2024-03-30T23:17:05.898+0000] {logging_mixin.py:188} INFO - 2024-03-30 23:17:05,898 INFO sqlalchemy.engine.Engine [raw sql] {}
[2024-03-30T23:17:05.898+0000] {base.py:1868} INFO - [raw sql] {}
[2024-03-30T23:17:06.355+0000] {logging_mixin.py:188} INFO - 2024-03-30 23:17:06,355 INFO sqlalchemy.engine.Engine SELECT @@lower_case_table_names
[2024-03-30T23:17:06.355+0000] {base.py:1863} INFO - SELECT @@lower_case_table_names
[2024-03-30T23:17:06.358+0000] {logging_mixin.py:188} INFO - 2024-03-30 23:17:06,358 INFO sqlalchemy.engine.Engine [raw sql] {}
[2024-03-30T23:17:06.358+0000] {base.py:1868} INFO - [raw sql] {}
[2024-03-30T23:17:07.037+0000] {logging_mixin.py:188} INFO - 2024-03-30 23:17:07,036 INFO sqlalchemy.engine.Engine 
  SELECT 
    *
FROM databasename.raw_credit_card
[2024-03-30T23:17:07.036+0000] {base.py:1863} INFO - 
  SELECT 
    *
FROM databasename.raw_credit_card
[2024-03-30T23:17:07.040+0000] {logging_mixin.py:188} INFO - 2024-03-30 23:17:07,040 INFO sqlalchemy.engine.Engine [raw sql] {}
[2024-03-30T23:17:07.040+0000] {base.py:1868} INFO - [raw sql] {}
[2024-03-30T23:17:15.488+0000] {python.py:202} INFO - Done. Returned value was: /opt/***/data/fetch_data_task_id_2024-03-30.csv
[2024-03-30T23:17:15.506+0000] {taskinstance.py:1149} INFO - Marking task as SUCCESS. dag_id=study_case_etl_all_pipeline, task_id=fetch_data_task_id, execution_date=20240330T231700, start_date=20240330T231702, end_date=20240330T231715
[2024-03-30T23:17:15.548+0000] {local_task_job_runner.py:234} INFO - Task exited with return code 0
[2024-03-30T23:17:15.571+0000] {taskinstance.py:3309} INFO - 1 downstream tasks scheduled from follow-on schedule check
