[2024-03-08T19:28:24.075+0000] {taskinstance.py:1979} INFO - Dependencies all met for dep_context=non-requeueable deps ti=<TaskInstance: mongodb_to_csv.retrieve_data_and_save_to_csv scheduled__2024-03-07T00:00:00+00:00 [queued]>
[2024-03-08T19:28:24.085+0000] {taskinstance.py:1979} INFO - Dependencies all met for dep_context=requeueable deps ti=<TaskInstance: mongodb_to_csv.retrieve_data_and_save_to_csv scheduled__2024-03-07T00:00:00+00:00 [queued]>
[2024-03-08T19:28:24.085+0000] {taskinstance.py:2193} INFO - Starting attempt 1 of 2
[2024-03-08T19:28:24.098+0000] {taskinstance.py:2214} INFO - Executing <Task(PythonOperator): retrieve_data_and_save_to_csv> on 2024-03-07 00:00:00+00:00
[2024-03-08T19:28:24.103+0000] {standard_task_runner.py:60} INFO - Started process 1234 to run task
[2024-03-08T19:28:24.108+0000] {standard_task_runner.py:87} INFO - Running: ['***', 'tasks', 'run', 'mongodb_to_csv', 'retrieve_data_and_save_to_csv', 'scheduled__2024-03-07T00:00:00+00:00', '--job-id', '155', '--raw', '--subdir', 'DAGS_FOLDER/restrore_mongo/main_dag_sql_lima.py', '--cfg-path', '/tmp/tmpkudb9d1i']
[2024-03-08T19:28:24.111+0000] {standard_task_runner.py:88} INFO - Job 155: Subtask retrieve_data_and_save_to_csv
[2024-03-08T19:28:24.158+0000] {task_command.py:423} INFO - Running <TaskInstance: mongodb_to_csv.retrieve_data_and_save_to_csv scheduled__2024-03-07T00:00:00+00:00 [running]> on host c9d1ac6dab48
[2024-03-08T19:28:24.258+0000] {taskinstance.py:2510} INFO - Exporting env vars: AIRFLOW_CTX_DAG_OWNER='***' AIRFLOW_CTX_DAG_ID='mongodb_to_csv' AIRFLOW_CTX_TASK_ID='retrieve_data_and_save_to_csv' AIRFLOW_CTX_EXECUTION_DATE='2024-03-07T00:00:00+00:00' AIRFLOW_CTX_TRY_NUMBER='1' AIRFLOW_CTX_DAG_RUN_ID='scheduled__2024-03-07T00:00:00+00:00'
[2024-03-08T19:28:24.261+0000] {warnings.py:109} WARNING - /home/***/.local/lib/python3.8/site-packages/***/utils/context.py:315: AirflowContextDeprecationWarning: Accessing 'execution_date' from the template is deprecated and will be removed in a future version. Please use 'data_interval_start' or 'logical_date' instead.
  warnings.warn(_create_deprecation_warning(k, replacements))

[2024-03-08T19:28:24.262+0000] {taskinstance.py:2728} ERROR - Task failed with exception
Traceback (most recent call last):
  File "/home/airflow/.local/lib/python3.8/site-packages/airflow/models/taskinstance.py", line 444, in _execute_task
    result = _execute_callable(context=context, **execute_callable_kwargs)
  File "/home/airflow/.local/lib/python3.8/site-packages/airflow/models/taskinstance.py", line 414, in _execute_callable
    return execute_callable(context=context, **execute_callable_kwargs)
  File "/home/airflow/.local/lib/python3.8/site-packages/airflow/operators/python.py", line 200, in execute
    return_value = self.execute_callable()
  File "/home/airflow/.local/lib/python3.8/site-packages/airflow/operators/python.py", line 217, in execute_callable
    return self.python_callable(*self.op_args, **self.op_kwargs)
  File "/opt/airflow/dags/restrore_mongo/main_dag_sql_lima.py", line 21, in retrieve_data_and_save_to_csv
    BASE_PATH = Variable.get("BASE_PATH")
NameError: name 'Variable' is not defined
[2024-03-08T19:28:24.276+0000] {taskinstance.py:1149} INFO - Marking task as UP_FOR_RETRY. dag_id=mongodb_to_csv, task_id=retrieve_data_and_save_to_csv, execution_date=20240307T000000, start_date=20240308T192824, end_date=20240308T192824
[2024-03-08T19:28:24.304+0000] {standard_task_runner.py:107} ERROR - Failed to execute job 155 for task retrieve_data_and_save_to_csv (name 'Variable' is not defined; 1234)
[2024-03-08T19:28:24.331+0000] {local_task_job_runner.py:234} INFO - Task exited with return code 1
[2024-03-08T19:28:24.350+0000] {taskinstance.py:3309} INFO - 0 downstream tasks scheduled from follow-on schedule check
