[2024-03-09T03:56:20.002+0000] {taskinstance.py:1979} INFO - Dependencies all met for dep_context=non-requeueable deps ti=<TaskInstance: mongodb_to_sql8.retrieve_data_and_save_to_csv scheduled__2024-03-08T00:00:00+00:00 [queued]>
[2024-03-09T03:56:20.018+0000] {taskinstance.py:1979} INFO - Dependencies all met for dep_context=requeueable deps ti=<TaskInstance: mongodb_to_sql8.retrieve_data_and_save_to_csv scheduled__2024-03-08T00:00:00+00:00 [queued]>
[2024-03-09T03:56:20.018+0000] {taskinstance.py:2193} INFO - Starting attempt 1 of 2
[2024-03-09T03:56:20.063+0000] {taskinstance.py:2214} INFO - Executing <Task(PythonOperator): retrieve_data_and_save_to_csv> on 2024-03-08 00:00:00+00:00
[2024-03-09T03:56:20.075+0000] {standard_task_runner.py:60} INFO - Started process 56 to run task
[2024-03-09T03:56:20.085+0000] {standard_task_runner.py:87} INFO - Running: ['***', 'tasks', 'run', 'mongodb_to_sql8', 'retrieve_data_and_save_to_csv', 'scheduled__2024-03-08T00:00:00+00:00', '--job-id', '170', '--raw', '--subdir', 'DAGS_FOLDER/restrore_mongo/main_dag_sql_delapan.py', '--cfg-path', '/tmp/tmpo8znv501']
[2024-03-09T03:56:20.090+0000] {standard_task_runner.py:88} INFO - Job 170: Subtask retrieve_data_and_save_to_csv
[2024-03-09T03:56:20.214+0000] {task_command.py:423} INFO - Running <TaskInstance: mongodb_to_sql8.retrieve_data_and_save_to_csv scheduled__2024-03-08T00:00:00+00:00 [running]> on host c9d1ac6dab48
[2024-03-09T03:56:20.342+0000] {taskinstance.py:2510} INFO - Exporting env vars: AIRFLOW_CTX_DAG_OWNER='***' AIRFLOW_CTX_DAG_ID='mongodb_to_sql8' AIRFLOW_CTX_TASK_ID='retrieve_data_and_save_to_csv' AIRFLOW_CTX_EXECUTION_DATE='2024-03-08T00:00:00+00:00' AIRFLOW_CTX_TRY_NUMBER='1' AIRFLOW_CTX_DAG_RUN_ID='scheduled__2024-03-08T00:00:00+00:00'
[2024-03-09T03:56:20.352+0000] {warnings.py:109} WARNING - /home/***/.local/lib/python3.8/site-packages/***/utils/context.py:315: AirflowContextDeprecationWarning: Accessing 'execution_date' from the template is deprecated and will be removed in a future version. Please use 'data_interval_start' or 'logical_date' instead.
  warnings.warn(_create_deprecation_warning(k, replacements))

[2024-03-09T03:56:21.887+0000] {logging_mixin.py:188} INFO -                          _id  ...  execution_timestamp
0   65eb5c01c3b3c69e5121ff2b  ...         1.709923e+09
1   65eb5c01c3b3c69e5121ff1d  ...         1.709923e+09
2   65eb5c01c3b3c69e5121ff24  ...         1.709923e+09
3   65eb5c01c3b3c69e5121ff16  ...         1.709923e+09
4   65eb5c01c3b3c69e5121ff20  ...         1.709923e+09
5   65eb5c01c3b3c69e5121ff18  ...         1.709923e+09
6   65eb5c01c3b3c69e5121ff1b  ...         1.709923e+09
7   65eb5c01c3b3c69e5121ff1c  ...         1.709923e+09
8   65eb5c01c3b3c69e5121ff28  ...         1.709923e+09
9   65eb5c01c3b3c69e5121ff2a  ...         1.709923e+09
10  65eb5c01c3b3c69e5121ff17  ...         1.709923e+09
11  65eb5c01c3b3c69e5121ff22  ...         1.709923e+09
12  65eb5c01c3b3c69e5121ff2c  ...         1.709923e+09
13  65eb5c01c3b3c69e5121ff19  ...         1.709923e+09
14  65eb5c01c3b3c69e5121ff2d  ...         1.709923e+09
15  65eb5c01c3b3c69e5121ff1e  ...         1.709923e+09
16  65eb5c01c3b3c69e5121ff26  ...         1.709923e+09
17  65eb5c01c3b3c69e5121ff1a  ...         1.709923e+09
18  65eb5c01c3b3c69e5121ff2e  ...         1.709923e+09
19  65eb5c01c3b3c69e5121ff2f  ...         1.709923e+09

[20 rows x 10 columns]
[2024-03-09T03:56:21.894+0000] {python.py:202} INFO - Done. Returned value was: None
[2024-03-09T03:56:21.904+0000] {taskinstance.py:1149} INFO - Marking task as SUCCESS. dag_id=mongodb_to_sql8, task_id=retrieve_data_and_save_to_csv, execution_date=20240308T000000, start_date=20240309T035620, end_date=20240309T035621
[2024-03-09T03:56:21.945+0000] {local_task_job_runner.py:234} INFO - Task exited with return code 0
[2024-03-09T03:56:21.971+0000] {taskinstance.py:3309} INFO - 1 downstream tasks scheduled from follow-on schedule check
