[2024-03-12T08:53:30.497+0000] {taskinstance.py:1979} INFO - Dependencies all met for dep_context=non-requeueable deps ti=<TaskInstance: mongodb_to_sql8.retrieve_data_and_save_to_csv scheduled__2024-03-11T00:00:00+00:00 [queued]>
[2024-03-12T08:53:30.506+0000] {taskinstance.py:1979} INFO - Dependencies all met for dep_context=requeueable deps ti=<TaskInstance: mongodb_to_sql8.retrieve_data_and_save_to_csv scheduled__2024-03-11T00:00:00+00:00 [queued]>
[2024-03-12T08:53:30.506+0000] {taskinstance.py:2193} INFO - Starting attempt 1 of 2
[2024-03-12T08:53:30.519+0000] {taskinstance.py:2214} INFO - Executing <Task(PythonOperator): retrieve_data_and_save_to_csv> on 2024-03-11 00:00:00+00:00
[2024-03-12T08:53:30.524+0000] {standard_task_runner.py:60} INFO - Started process 50 to run task
[2024-03-12T08:53:30.528+0000] {standard_task_runner.py:87} INFO - Running: ['***', 'tasks', 'run', 'mongodb_to_sql8', 'retrieve_data_and_save_to_csv', 'scheduled__2024-03-11T00:00:00+00:00', '--job-id', '13', '--raw', '--subdir', 'DAGS_FOLDER/restrore_mongo/main_dag_sql_delapan.py', '--cfg-path', '/tmp/tmpa2m9qpzw']
[2024-03-12T08:53:30.531+0000] {standard_task_runner.py:88} INFO - Job 13: Subtask retrieve_data_and_save_to_csv
[2024-03-12T08:53:30.584+0000] {task_command.py:423} INFO - Running <TaskInstance: mongodb_to_sql8.retrieve_data_and_save_to_csv scheduled__2024-03-11T00:00:00+00:00 [running]> on host 31e68e31498e
[2024-03-12T08:53:30.655+0000] {taskinstance.py:2510} INFO - Exporting env vars: AIRFLOW_CTX_DAG_OWNER='***' AIRFLOW_CTX_DAG_ID='mongodb_to_sql8' AIRFLOW_CTX_TASK_ID='retrieve_data_and_save_to_csv' AIRFLOW_CTX_EXECUTION_DATE='2024-03-11T00:00:00+00:00' AIRFLOW_CTX_TRY_NUMBER='1' AIRFLOW_CTX_DAG_RUN_ID='scheduled__2024-03-11T00:00:00+00:00'
[2024-03-12T08:53:30.658+0000] {warnings.py:109} WARNING - /home/***/.local/lib/python3.8/site-packages/***/utils/context.py:315: AirflowContextDeprecationWarning: Accessing 'execution_date' from the template is deprecated and will be removed in a future version. Please use 'data_interval_start' or 'logical_date' instead.
  warnings.warn(_create_deprecation_warning(k, replacements))

[2024-03-12T08:53:33.383+0000] {logging_mixin.py:188} INFO -                          _id  ...  execution_timestamp
0   65ef5a704bafc2cb5c6a1054  ...         1.710185e+09
1   65ef5a704bafc2cb5c6a1055  ...         1.710185e+09
2   65ef5a704bafc2cb5c6a1056  ...         1.710185e+09
3   65ef5a704bafc2cb5c6a1057  ...         1.710185e+09
4   65ef5a704bafc2cb5c6a1058  ...         1.710185e+09
5   65ef5a704bafc2cb5c6a1059  ...         1.710185e+09
6   65ef5a704bafc2cb5c6a105a  ...         1.710185e+09
7   65ef5a704bafc2cb5c6a105b  ...         1.710185e+09
8   65ef5a704bafc2cb5c6a1068  ...         1.710185e+09
9   65ef5a704bafc2cb5c6a105c  ...         1.710185e+09
10  65ef5a704bafc2cb5c6a1069  ...         1.710185e+09
11  65ef5a704bafc2cb5c6a105e  ...         1.710185e+09
12  65ef5a704bafc2cb5c6a106a  ...         1.710185e+09
13  65ef5a704bafc2cb5c6a1060  ...         1.710185e+09
14  65ef5a704bafc2cb5c6a106b  ...         1.710185e+09
15  65ef5a704bafc2cb5c6a1062  ...         1.710185e+09
16  65ef5a704bafc2cb5c6a106c  ...         1.710185e+09
17  65ef5a704bafc2cb5c6a1064  ...         1.710185e+09
18  65ef5a704bafc2cb5c6a106d  ...         1.710185e+09
19  65ef5a704bafc2cb5c6a1066  ...         1.710185e+09

[20 rows x 10 columns]
[2024-03-12T08:53:33.388+0000] {python.py:202} INFO - Done. Returned value was: None
[2024-03-12T08:53:33.396+0000] {taskinstance.py:1149} INFO - Marking task as SUCCESS. dag_id=mongodb_to_sql8, task_id=retrieve_data_and_save_to_csv, execution_date=20240311T000000, start_date=20240312T085330, end_date=20240312T085333
[2024-03-12T08:53:33.415+0000] {local_task_job_runner.py:234} INFO - Task exited with return code 0
[2024-03-12T08:53:33.431+0000] {taskinstance.py:3309} INFO - 1 downstream tasks scheduled from follow-on schedule check
