[2024-03-17T09:27:04.451+0000] {taskinstance.py:1979} INFO - Dependencies all met for dep_context=non-requeueable deps ti=<TaskInstance: study_case_etl_cloud_storage_tiga.fetch_data_aplikasi_product_task_id manual__2024-03-17T09:27:01.981151+00:00 [queued]>
[2024-03-17T09:27:04.465+0000] {taskinstance.py:1979} INFO - Dependencies all met for dep_context=requeueable deps ti=<TaskInstance: study_case_etl_cloud_storage_tiga.fetch_data_aplikasi_product_task_id manual__2024-03-17T09:27:01.981151+00:00 [queued]>
[2024-03-17T09:27:04.465+0000] {taskinstance.py:2193} INFO - Starting attempt 1 of 2
[2024-03-17T09:27:04.484+0000] {taskinstance.py:2214} INFO - Executing <Task(PythonOperator): fetch_data_aplikasi_product_task_id> on 2024-03-17 09:27:01.981151+00:00
[2024-03-17T09:27:04.491+0000] {standard_task_runner.py:60} INFO - Started process 9321 to run task
[2024-03-17T09:27:04.495+0000] {standard_task_runner.py:87} INFO - Running: ['***', 'tasks', 'run', 'study_case_etl_cloud_storage_tiga', 'fetch_data_aplikasi_product_task_id', 'manual__2024-03-17T09:27:01.981151+00:00', '--job-id', '1056', '--raw', '--subdir', 'DAGS_FOLDER/etl_day_bigquery/study_case_etl_cloud_bigquery.py', '--cfg-path', '/tmp/tmpb0vqnxsn']
[2024-03-17T09:27:04.499+0000] {standard_task_runner.py:88} INFO - Job 1056: Subtask fetch_data_aplikasi_product_task_id
[2024-03-17T09:27:04.552+0000] {task_command.py:423} INFO - Running <TaskInstance: study_case_etl_cloud_storage_tiga.fetch_data_aplikasi_product_task_id manual__2024-03-17T09:27:01.981151+00:00 [running]> on host 1d5b76b26ba5
[2024-03-17T09:27:04.637+0000] {taskinstance.py:2510} INFO - Exporting env vars: AIRFLOW_CTX_DAG_OWNER='Agus mahari' AIRFLOW_CTX_DAG_ID='study_case_etl_cloud_storage_tiga' AIRFLOW_CTX_TASK_ID='fetch_data_aplikasi_product_task_id' AIRFLOW_CTX_EXECUTION_DATE='2024-03-17T09:27:01.981151+00:00' AIRFLOW_CTX_TRY_NUMBER='1' AIRFLOW_CTX_DAG_RUN_ID='manual__2024-03-17T09:27:01.981151+00:00'
[2024-03-17T09:27:07.209+0000] {logging_mixin.py:188} INFO - 2024-03-17 09:27:07,209 INFO sqlalchemy.engine.Engine SELECT DATABASE()
[2024-03-17T09:27:07.209+0000] {base.py:1863} INFO - SELECT DATABASE()
[2024-03-17T09:27:07.210+0000] {logging_mixin.py:188} INFO - 2024-03-17 09:27:07,210 INFO sqlalchemy.engine.Engine [raw sql] {}
[2024-03-17T09:27:07.210+0000] {base.py:1868} INFO - [raw sql] {}
[2024-03-17T09:27:08.095+0000] {logging_mixin.py:188} INFO - 2024-03-17 09:27:08,095 INFO sqlalchemy.engine.Engine SELECT @@sql_mode
[2024-03-17T09:27:08.095+0000] {base.py:1863} INFO - SELECT @@sql_mode
[2024-03-17T09:27:08.097+0000] {logging_mixin.py:188} INFO - 2024-03-17 09:27:08,097 INFO sqlalchemy.engine.Engine [raw sql] {}
[2024-03-17T09:27:08.097+0000] {base.py:1868} INFO - [raw sql] {}
[2024-03-17T09:27:08.542+0000] {logging_mixin.py:188} INFO - 2024-03-17 09:27:08,542 INFO sqlalchemy.engine.Engine SELECT @@lower_case_table_names
[2024-03-17T09:27:08.542+0000] {base.py:1863} INFO - SELECT @@lower_case_table_names
[2024-03-17T09:27:08.543+0000] {logging_mixin.py:188} INFO - 2024-03-17 09:27:08,543 INFO sqlalchemy.engine.Engine [raw sql] {}
[2024-03-17T09:27:08.543+0000] {base.py:1868} INFO - [raw sql] {}
[2024-03-17T09:27:09.214+0000] {logging_mixin.py:188} INFO - 2024-03-17 09:27:09,214 INFO sqlalchemy.engine.Engine 



  SELECT 
    *
FROM databasename.product
[2024-03-17T09:27:09.214+0000] {base.py:1863} INFO - 



  SELECT 
    *
FROM databasename.product
[2024-03-17T09:27:09.215+0000] {logging_mixin.py:188} INFO - 2024-03-17 09:27:09,215 INFO sqlalchemy.engine.Engine [raw sql] {}
[2024-03-17T09:27:09.215+0000] {base.py:1868} INFO - [raw sql] {}
[2024-03-17T09:27:09.665+0000] {logging_mixin.py:188} INFO - File already exists.
[2024-03-17T09:27:09.667+0000] {python.py:202} INFO - Done. Returned value was: /opt/***/data/fetch_data_aplikasi_product_task_id_2024-03-17.csv
[2024-03-17T09:27:09.691+0000] {taskinstance.py:1149} INFO - Marking task as SUCCESS. dag_id=study_case_etl_cloud_storage_tiga, task_id=fetch_data_aplikasi_product_task_id, execution_date=20240317T092701, start_date=20240317T092704, end_date=20240317T092709
[2024-03-17T09:27:09.715+0000] {local_task_job_runner.py:234} INFO - Task exited with return code 0
[2024-03-17T09:27:09.749+0000] {taskinstance.py:3309} INFO - 0 downstream tasks scheduled from follow-on schedule check
