[2024-03-22T17:28:54.808+0000] {taskinstance.py:1979} INFO - Dependencies all met for dep_context=non-requeueable deps ti=<TaskInstance: study_case_etl_cloud_storage.fetch_data_task scheduled__2024-03-17T03:00:00+00:00 [queued]>
[2024-03-22T17:28:54.817+0000] {taskinstance.py:1979} INFO - Dependencies all met for dep_context=requeueable deps ti=<TaskInstance: study_case_etl_cloud_storage.fetch_data_task scheduled__2024-03-17T03:00:00+00:00 [queued]>
[2024-03-22T17:28:54.818+0000] {taskinstance.py:2193} INFO - Starting attempt 1 of 2
[2024-03-22T17:28:54.833+0000] {taskinstance.py:2214} INFO - Executing <Task(PythonOperator): fetch_data_task> on 2024-03-17 03:00:00+00:00
[2024-03-22T17:28:54.840+0000] {standard_task_runner.py:60} INFO - Started process 504 to run task
[2024-03-22T17:28:54.850+0000] {standard_task_runner.py:87} INFO - Running: ['***', 'tasks', 'run', 'study_case_etl_cloud_storage', 'fetch_data_task', 'scheduled__2024-03-17T03:00:00+00:00', '--job-id', '63', '--raw', '--subdir', 'DAGS_FOLDER/etl_day_bigquery/study_case_etl_cloud_storage.py', '--cfg-path', '/tmp/tmpx9vx5_po']
[2024-03-22T17:28:54.866+0000] {standard_task_runner.py:88} INFO - Job 63: Subtask fetch_data_task
[2024-03-22T17:28:54.933+0000] {task_command.py:423} INFO - Running <TaskInstance: study_case_etl_cloud_storage.fetch_data_task scheduled__2024-03-17T03:00:00+00:00 [running]> on host eb8b31fafb1e
[2024-03-22T17:28:55.039+0000] {taskinstance.py:2510} INFO - Exporting env vars: AIRFLOW_CTX_DAG_OWNER='Agus mahari' AIRFLOW_CTX_DAG_ID='study_case_etl_cloud_storage' AIRFLOW_CTX_TASK_ID='fetch_data_task' AIRFLOW_CTX_EXECUTION_DATE='2024-03-17T03:00:00+00:00' AIRFLOW_CTX_TRY_NUMBER='1' AIRFLOW_CTX_DAG_RUN_ID='scheduled__2024-03-17T03:00:00+00:00'
[2024-03-22T17:28:57.677+0000] {logging_mixin.py:188} INFO - 2024-03-22 17:28:57,676 INFO sqlalchemy.engine.Engine SELECT DATABASE()
[2024-03-22T17:28:57.676+0000] {base.py:1863} INFO - SELECT DATABASE()
[2024-03-22T17:28:57.678+0000] {logging_mixin.py:188} INFO - 2024-03-22 17:28:57,677 INFO sqlalchemy.engine.Engine [raw sql] {}
[2024-03-22T17:28:57.677+0000] {base.py:1868} INFO - [raw sql] {}
[2024-03-22T17:28:58.557+0000] {logging_mixin.py:188} INFO - 2024-03-22 17:28:58,557 INFO sqlalchemy.engine.Engine SELECT @@sql_mode
[2024-03-22T17:28:58.557+0000] {base.py:1863} INFO - SELECT @@sql_mode
[2024-03-22T17:28:58.559+0000] {logging_mixin.py:188} INFO - 2024-03-22 17:28:58,559 INFO sqlalchemy.engine.Engine [raw sql] {}
[2024-03-22T17:28:58.559+0000] {base.py:1868} INFO - [raw sql] {}
[2024-03-22T17:28:59.036+0000] {logging_mixin.py:188} INFO - 2024-03-22 17:28:59,036 INFO sqlalchemy.engine.Engine SELECT @@lower_case_table_names
[2024-03-22T17:28:59.036+0000] {base.py:1863} INFO - SELECT @@lower_case_table_names
[2024-03-22T17:28:59.037+0000] {logging_mixin.py:188} INFO - 2024-03-22 17:28:59,037 INFO sqlalchemy.engine.Engine [raw sql] {}
[2024-03-22T17:28:59.037+0000] {base.py:1868} INFO - [raw sql] {}
[2024-03-22T17:28:59.734+0000] {logging_mixin.py:188} INFO - 2024-03-22 17:28:59,734 INFO sqlalchemy.engine.Engine 


  SELECT 
    *
FROM databasename.mytable
[2024-03-22T17:28:59.734+0000] {base.py:1863} INFO - 


  SELECT 
    *
FROM databasename.mytable
[2024-03-22T17:28:59.735+0000] {logging_mixin.py:188} INFO - 2024-03-22 17:28:59,735 INFO sqlalchemy.engine.Engine [raw sql] {}
[2024-03-22T17:28:59.735+0000] {base.py:1868} INFO - [raw sql] {}
[2024-03-22T17:29:00.182+0000] {logging_mixin.py:188} INFO - File already exists.
[2024-03-22T17:29:00.184+0000] {python.py:202} INFO - Done. Returned value was: /opt/***/data/aplikasi_table_['{ ds }.parquet']
[2024-03-22T17:29:00.208+0000] {taskinstance.py:1149} INFO - Marking task as SUCCESS. dag_id=study_case_etl_cloud_storage, task_id=fetch_data_task, execution_date=20240317T030000, start_date=20240322T172854, end_date=20240322T172900
[2024-03-22T17:29:00.235+0000] {local_task_job_runner.py:234} INFO - Task exited with return code 0
[2024-03-22T17:29:00.247+0000] {taskinstance.py:3309} INFO - 0 downstream tasks scheduled from follow-on schedule check
