[2024-03-28T18:58:49.810+0000] {taskinstance.py:1979} INFO - Dependencies all met for dep_context=non-requeueable deps ti=<TaskInstance: my_first_dag.bash_task_2 manual__2024-03-28T18:58:11.048547+00:00 [queued]>
[2024-03-28T18:58:49.819+0000] {taskinstance.py:1979} INFO - Dependencies all met for dep_context=requeueable deps ti=<TaskInstance: my_first_dag.bash_task_2 manual__2024-03-28T18:58:11.048547+00:00 [queued]>
[2024-03-28T18:58:49.819+0000] {taskinstance.py:2193} INFO - Starting attempt 1 of 11
[2024-03-28T18:58:49.832+0000] {taskinstance.py:2214} INFO - Executing <Task(BashOperator): bash_task_2> on 2024-03-28 18:58:11.048547+00:00
[2024-03-28T18:58:49.837+0000] {standard_task_runner.py:60} INFO - Started process 88 to run task
[2024-03-28T18:58:49.839+0000] {standard_task_runner.py:87} INFO - Running: ['***', 'tasks', 'run', 'my_first_dag', 'bash_task_2', 'manual__2024-03-28T18:58:11.048547+00:00', '--job-id', '39', '--raw', '--subdir', 'DAGS_FOLDER/running_dbt_core/running_dbt_core.py', '--cfg-path', '/tmp/tmp_7nj8j6j']
[2024-03-28T18:58:49.840+0000] {standard_task_runner.py:88} INFO - Job 39: Subtask bash_task_2
[2024-03-28T18:58:49.891+0000] {task_command.py:423} INFO - Running <TaskInstance: my_first_dag.bash_task_2 manual__2024-03-28T18:58:11.048547+00:00 [running]> on host f96e363fc764
[2024-03-28T18:58:49.961+0000] {taskinstance.py:2510} INFO - Exporting env vars: AIRFLOW_CTX_DAG_OWNER='proton' AIRFLOW_CTX_DAG_ID='my_first_dag' AIRFLOW_CTX_TASK_ID='bash_task_2' AIRFLOW_CTX_EXECUTION_DATE='2024-03-28T18:58:11.048547+00:00' AIRFLOW_CTX_TRY_NUMBER='1' AIRFLOW_CTX_DAG_RUN_ID='manual__2024-03-28T18:58:11.048547+00:00'
[2024-03-28T18:58:49.963+0000] {subprocess.py:63} INFO - Tmp dir root location: /tmp
[2024-03-28T18:58:49.964+0000] {subprocess.py:75} INFO - Running command: ['/usr/bin/bash', '-c', 'cd /opt/***/dbt/credit_card_dwh && dbt run --profiles-dir .']
[2024-03-28T18:58:49.973+0000] {subprocess.py:86} INFO - Output:
[2024-03-28T18:58:52.320+0000] {subprocess.py:93} INFO - [0m18:58:52  Running with dbt=1.7.10
[2024-03-28T18:58:53.231+0000] {subprocess.py:93} INFO - [0m18:58:53  Registered adapter: bigquery=1.7.6
[2024-03-28T18:58:53.415+0000] {subprocess.py:93} INFO - [0m18:58:53  Found 15 models, 5 seeds, 20 tests, 1 source, 0 exposures, 0 metrics, 870 macros, 0 groups, 0 semantic models
[2024-03-28T18:58:53.418+0000] {subprocess.py:93} INFO - [0m18:58:53
[2024-03-28T18:58:54.786+0000] {subprocess.py:93} INFO - [0m18:58:54  Concurrency: 4 threads (target='dev')
[2024-03-28T18:58:54.788+0000] {subprocess.py:93} INFO - [0m18:58:54
[2024-03-28T18:58:54.802+0000] {subprocess.py:93} INFO - [0m18:58:54  1 of 15 START sql view model final_project.stg__credit_card .................... [RUN]
[2024-03-28T18:58:56.730+0000] {subprocess.py:93} INFO - [0m18:58:56  1 of 15 OK created sql view model final_project.stg__credit_card ............... [[32mCREATE VIEW (0 processed)[0m in 1.93s]
[2024-03-28T18:58:56.736+0000] {subprocess.py:93} INFO - [0m18:58:56  2 of 15 START sql view model final_project.dim__EDUCATION ...................... [RUN]
[2024-03-28T18:58:56.738+0000] {subprocess.py:93} INFO - [0m18:58:56  3 of 15 START sql view model final_project.dim__HOUSING ........................ [RUN]
[2024-03-28T18:58:56.739+0000] {subprocess.py:93} INFO - [0m18:58:56  4 of 15 START sql view model final_project.dim__INCOME ......................... [RUN]
[2024-03-28T18:58:56.740+0000] {subprocess.py:93} INFO - [0m18:58:56  5 of 15 START sql view model final_project.dim__JOB ............................ [RUN]
[2024-03-28T18:58:58.735+0000] {subprocess.py:93} INFO - [0m18:58:58  3 of 15 OK created sql view model final_project.dim__HOUSING ................... [[32mCREATE VIEW (0 processed)[0m in 1.99s]
[2024-03-28T18:58:58.744+0000] {subprocess.py:93} INFO - [0m18:58:58  6 of 15 START sql view model final_project.dim__MARITAL ........................ [RUN]
[2024-03-28T18:58:58.798+0000] {subprocess.py:93} INFO - [0m18:58:58  4 of 15 OK created sql view model final_project.dim__INCOME .................... [[32mCREATE VIEW (0 processed)[0m in 2.05s]
[2024-03-28T18:58:58.811+0000] {subprocess.py:93} INFO - [0m18:58:58  2 of 15 OK created sql view model final_project.dim__EDUCATION ................. [[32mCREATE VIEW (0 processed)[0m in 2.07s]
[2024-03-28T18:58:58.961+0000] {subprocess.py:93} INFO - [0m18:58:58  5 of 15 OK created sql view model final_project.dim__JOB ....................... [[32mCREATE VIEW (0 processed)[0m in 2.21s]
[2024-03-28T18:59:00.690+0000] {subprocess.py:93} INFO - [0m18:59:00  6 of 15 OK created sql view model final_project.dim__MARITAL ................... [[32mCREATE VIEW (0 processed)[0m in 1.94s]
[2024-03-28T18:59:00.697+0000] {subprocess.py:93} INFO - [0m18:59:00  7 of 15 START sql table model final_project.fact__tables ....................... [RUN]
[2024-03-28T18:59:09.873+0000] {subprocess.py:93} INFO - [0m18:59:09  7 of 15 OK created sql table model final_project.fact__tables .................. [[32mCREATE TABLE (438.6k rows, 68.4 MiB processed)[0m in 9.17s]
[2024-03-28T18:59:09.883+0000] {subprocess.py:93} INFO - [0m18:59:09  8 of 15 START sql table model final_project.clustered__ASSET ................... [RUN]
[2024-03-28T18:59:09.886+0000] {subprocess.py:93} INFO - [0m18:59:09  9 of 15 START sql table model final_project.clustered__ASSET_CAR ............... [RUN]
[2024-03-28T18:59:09.888+0000] {subprocess.py:93} INFO - [0m18:59:09  10 of 15 START sql table model final_project.clustered__EDUCATION .............. [RUN]
[2024-03-28T18:59:09.890+0000] {subprocess.py:93} INFO - [0m18:59:09  11 of 15 START sql table model final_project.clustered__INCOME ................. [RUN]
[2024-03-28T18:59:16.556+0000] {subprocess.py:93} INFO - [0m18:59:16  8 of 15 OK created sql table model final_project.clustered__ASSET .............. [[32mCREATE TABLE (438.6k rows, 54.6 MiB processed)[0m in 6.66s]
[2024-03-28T18:59:16.565+0000] {subprocess.py:93} INFO - [0m18:59:16  12 of 15 START sql table model final_project.clustered__JOB .................... [RUN]
[2024-03-28T18:59:19.169+0000] {subprocess.py:93} INFO - [0m18:59:19  10 of 15 OK created sql table model final_project.clustered__EDUCATION ......... [[32mCREATE TABLE (438.6k rows, 54.6 MiB processed)[0m in 9.27s]
[2024-03-28T18:59:19.176+0000] {subprocess.py:93} INFO - [0m18:59:19  13 of 15 START sql table model final_project.clustered__MARITAL ................ [RUN]
[2024-03-28T18:59:21.550+0000] {subprocess.py:93} INFO - [0m18:59:21  9 of 15 OK created sql table model final_project.clustered__ASSET_CAR .......... [[32mCREATE TABLE (438.6k rows, 54.6 MiB processed)[0m in 11.64s]
[2024-03-28T18:59:21.561+0000] {subprocess.py:93} INFO - [0m18:59:21  14 of 15 START sql table model final_project.nested__FRAUD ..................... [RUN]
[2024-03-28T18:59:21.932+0000] {subprocess.py:93} INFO - [0m18:59:21  11 of 15 OK created sql table model final_project.clustered__INCOME ............ [[32mCREATE TABLE (438.6k rows, 54.6 MiB processed)[0m in 12.03s]
[2024-03-28T18:59:21.945+0000] {subprocess.py:93} INFO - [0m18:59:21  15 of 15 START sql table model final_project.partitioned__dates ................ [RUN]
[2024-03-28T18:59:26.444+0000] {subprocess.py:93} INFO - [0m18:59:26  12 of 15 OK created sql table model final_project.clustered__JOB ............... [[32mCREATE TABLE (438.6k rows, 54.6 MiB processed)[0m in 9.87s]
[2024-03-28T18:59:27.003+0000] {subprocess.py:93} INFO - [0m18:59:27  14 of 15 OK created sql table model final_project.nested__FRAUD ................ [[32mCREATE TABLE (90.1k rows, 51.3 MiB processed)[0m in 5.44s]
[2024-03-28T18:59:28.737+0000] {subprocess.py:93} INFO - [0m18:59:28  13 of 15 OK created sql table model final_project.clustered__MARITAL ........... [[32mCREATE TABLE (438.6k rows, 54.6 MiB processed)[0m in 9.55s]
[2024-03-28T18:59:31.054+0000] {subprocess.py:93} INFO - [0m18:59:31  15 of 15 OK created sql table model final_project.partitioned__dates ........... [[32mCREATE TABLE (438.6k rows, 54.6 MiB processed)[0m in 9.10s]
[2024-03-28T18:59:31.079+0000] {subprocess.py:93} INFO - [0m18:59:31
[2024-03-28T18:59:31.081+0000] {subprocess.py:93} INFO - [0m18:59:31  Finished running 6 view models, 9 table models in 0 hours 0 minutes and 37.66 seconds (37.66s).
[2024-03-28T18:59:31.114+0000] {subprocess.py:93} INFO - [0m18:59:31
[2024-03-28T18:59:31.115+0000] {subprocess.py:93} INFO - [0m18:59:31  [32mCompleted successfully[0m
[2024-03-28T18:59:31.116+0000] {subprocess.py:93} INFO - [0m18:59:31
[2024-03-28T18:59:31.117+0000] {subprocess.py:93} INFO - [0m18:59:31  Done. PASS=15 WARN=0 ERROR=0 SKIP=0 TOTAL=15
[2024-03-28T18:59:34.176+0000] {subprocess.py:97} INFO - Command exited with return code 0
[2024-03-28T18:59:34.196+0000] {taskinstance.py:1149} INFO - Marking task as SUCCESS. dag_id=my_first_dag, task_id=bash_task_2, execution_date=20240328T185811, start_date=20240328T185849, end_date=20240328T185934
[2024-03-28T18:59:34.215+0000] {local_task_job_runner.py:234} INFO - Task exited with return code 0
[2024-03-28T18:59:34.227+0000] {taskinstance.py:3309} INFO - 0 downstream tasks scheduled from follow-on schedule check
