[2024-03-12T19:04:52.096+0000] {taskinstance.py:1979} INFO - Dependencies all met for dep_context=non-requeueable deps ti=<TaskInstance: example_delapan.fetch_data_task manual__2024-03-12T19:04:50.684450+00:00 [queued]>
[2024-03-12T19:04:52.105+0000] {taskinstance.py:1979} INFO - Dependencies all met for dep_context=requeueable deps ti=<TaskInstance: example_delapan.fetch_data_task manual__2024-03-12T19:04:50.684450+00:00 [queued]>
[2024-03-12T19:04:52.105+0000] {taskinstance.py:2193} INFO - Starting attempt 1 of 2
[2024-03-12T19:04:52.115+0000] {taskinstance.py:2214} INFO - Executing <Task(PythonOperator): fetch_data_task> on 2024-03-12 19:04:50.684450+00:00
[2024-03-12T19:04:52.120+0000] {standard_task_runner.py:60} INFO - Started process 1219 to run task
[2024-03-12T19:04:52.123+0000] {standard_task_runner.py:87} INFO - Running: ['***', 'tasks', 'run', 'example_delapan', 'fetch_data_task', 'manual__2024-03-12T19:04:50.684450+00:00', '--job-id', '56', '--raw', '--subdir', 'DAGS_FOLDER/other_ingestion_postgre/main_dag_sql_delapan.py', '--cfg-path', '/tmp/tmphzepuz9m']
[2024-03-12T19:04:52.125+0000] {standard_task_runner.py:88} INFO - Job 56: Subtask fetch_data_task
[2024-03-12T19:04:52.159+0000] {task_command.py:423} INFO - Running <TaskInstance: example_delapan.fetch_data_task manual__2024-03-12T19:04:50.684450+00:00 [running]> on host 31e68e31498e
[2024-03-12T19:04:52.221+0000] {taskinstance.py:2510} INFO - Exporting env vars: AIRFLOW_CTX_DAG_OWNER='***' AIRFLOW_CTX_DAG_ID='example_delapan' AIRFLOW_CTX_TASK_ID='fetch_data_task' AIRFLOW_CTX_EXECUTION_DATE='2024-03-12T19:04:50.684450+00:00' AIRFLOW_CTX_TRY_NUMBER='1' AIRFLOW_CTX_DAG_RUN_ID='manual__2024-03-12T19:04:50.684450+00:00'
[2024-03-12T19:04:52.222+0000] {warnings.py:109} WARNING - /home/***/.local/lib/python3.8/site-packages/***/utils/context.py:315: AirflowContextDeprecationWarning: Accessing 'execution_date' from the template is deprecated and will be removed in a future version. Please use 'data_interval_start' or 'logical_date' instead.
  warnings.warn(_create_deprecation_warning(k, replacements))

[2024-03-12T19:04:56.174+0000] {logging_mixin.py:188} INFO - 2024-03-12 19:04:56,173 INFO sqlalchemy.engine.Engine SELECT DATABASE()
[2024-03-12T19:04:56.173+0000] {base.py:1863} INFO - SELECT DATABASE()
[2024-03-12T19:04:56.179+0000] {logging_mixin.py:188} INFO - 2024-03-12 19:04:56,178 INFO sqlalchemy.engine.Engine [raw sql] {}
[2024-03-12T19:04:56.178+0000] {base.py:1868} INFO - [raw sql] {}
[2024-03-12T19:04:57.074+0000] {logging_mixin.py:188} INFO - 2024-03-12 19:04:57,074 INFO sqlalchemy.engine.Engine SELECT @@sql_mode
[2024-03-12T19:04:57.074+0000] {base.py:1863} INFO - SELECT @@sql_mode
[2024-03-12T19:04:57.077+0000] {logging_mixin.py:188} INFO - 2024-03-12 19:04:57,077 INFO sqlalchemy.engine.Engine [raw sql] {}
[2024-03-12T19:04:57.077+0000] {base.py:1868} INFO - [raw sql] {}
[2024-03-12T19:04:57.529+0000] {logging_mixin.py:188} INFO - 2024-03-12 19:04:57,529 INFO sqlalchemy.engine.Engine SELECT @@lower_case_table_names
[2024-03-12T19:04:57.529+0000] {base.py:1863} INFO - SELECT @@lower_case_table_names
[2024-03-12T19:04:57.532+0000] {logging_mixin.py:188} INFO - 2024-03-12 19:04:57,531 INFO sqlalchemy.engine.Engine [raw sql] {}
[2024-03-12T19:04:57.531+0000] {base.py:1868} INFO - [raw sql] {}
[2024-03-12T19:04:58.201+0000] {logging_mixin.py:188} INFO - 2024-03-12 19:04:58,201 INFO sqlalchemy.engine.Engine 

SELECT 
    *, 
    CONVERT_TZ(NOW(), 'UTC', '+07:00') as execution_at
FROM test.product
[2024-03-12T19:04:58.201+0000] {base.py:1863} INFO - 

SELECT 
    *, 
    CONVERT_TZ(NOW(), 'UTC', '+07:00') as execution_at
FROM test.product 
[2024-03-12T19:04:58.202+0000] {logging_mixin.py:188} INFO - 2024-03-12 19:04:58,202 INFO sqlalchemy.engine.Engine [raw sql] {}
[2024-03-12T19:04:58.202+0000] {base.py:1868} INFO - [raw sql] {}
[2024-03-12T19:04:58.667+0000] {python.py:202} INFO - Done. Returned value was: None
[2024-03-12T19:04:58.674+0000] {taskinstance.py:1149} INFO - Marking task as SUCCESS. dag_id=example_delapan, task_id=fetch_data_task, execution_date=20240312T190450, start_date=20240312T190452, end_date=20240312T190458
[2024-03-12T19:04:58.699+0000] {local_task_job_runner.py:234} INFO - Task exited with return code 0
[2024-03-12T19:04:58.716+0000] {taskinstance.py:3309} INFO - 1 downstream tasks scheduled from follow-on schedule check
