[2024-03-22T17:30:27.312+0000] {taskinstance.py:1979} INFO - Dependencies all met for dep_context=non-requeueable deps ti=<TaskInstance: study_case_etl_cloud_storage.fetch_data_task scheduled__2024-03-20T22:00:00+00:00 [queued]>
[2024-03-22T17:30:27.339+0000] {taskinstance.py:1979} INFO - Dependencies all met for dep_context=requeueable deps ti=<TaskInstance: study_case_etl_cloud_storage.fetch_data_task scheduled__2024-03-20T22:00:00+00:00 [queued]>
[2024-03-22T17:30:27.342+0000] {taskinstance.py:2193} INFO - Starting attempt 1 of 2
[2024-03-22T17:30:27.381+0000] {taskinstance.py:2214} INFO - Executing <Task(PythonOperator): fetch_data_task> on 2024-03-20 22:00:00+00:00
[2024-03-22T17:30:27.397+0000] {standard_task_runner.py:60} INFO - Started process 929 to run task
[2024-03-22T17:30:27.410+0000] {standard_task_runner.py:87} INFO - Running: ['***', 'tasks', 'run', 'study_case_etl_cloud_storage', 'fetch_data_task', 'scheduled__2024-03-20T22:00:00+00:00', '--job-id', '195', '--raw', '--subdir', 'DAGS_FOLDER/etl_day_bigquery/study_case_etl_cloud_storage.py', '--cfg-path', '/tmp/tmp2m7x1j_c']
[2024-03-22T17:30:27.427+0000] {standard_task_runner.py:88} INFO - Job 195: Subtask fetch_data_task
[2024-03-22T17:30:27.551+0000] {task_command.py:423} INFO - Running <TaskInstance: study_case_etl_cloud_storage.fetch_data_task scheduled__2024-03-20T22:00:00+00:00 [running]> on host eb8b31fafb1e
[2024-03-22T17:30:27.726+0000] {taskinstance.py:2510} INFO - Exporting env vars: AIRFLOW_CTX_DAG_OWNER='Agus mahari' AIRFLOW_CTX_DAG_ID='study_case_etl_cloud_storage' AIRFLOW_CTX_TASK_ID='fetch_data_task' AIRFLOW_CTX_EXECUTION_DATE='2024-03-20T22:00:00+00:00' AIRFLOW_CTX_TRY_NUMBER='1' AIRFLOW_CTX_DAG_RUN_ID='scheduled__2024-03-20T22:00:00+00:00'
[2024-03-22T17:30:30.509+0000] {logging_mixin.py:188} INFO - 2024-03-22 17:30:30,509 INFO sqlalchemy.engine.Engine SELECT DATABASE()
[2024-03-22T17:30:30.509+0000] {base.py:1863} INFO - SELECT DATABASE()
[2024-03-22T17:30:30.510+0000] {logging_mixin.py:188} INFO - 2024-03-22 17:30:30,510 INFO sqlalchemy.engine.Engine [raw sql] {}
[2024-03-22T17:30:30.510+0000] {base.py:1868} INFO - [raw sql] {}
[2024-03-22T17:30:31.393+0000] {logging_mixin.py:188} INFO - 2024-03-22 17:30:31,393 INFO sqlalchemy.engine.Engine SELECT @@sql_mode
[2024-03-22T17:30:31.393+0000] {base.py:1863} INFO - SELECT @@sql_mode
[2024-03-22T17:30:31.394+0000] {logging_mixin.py:188} INFO - 2024-03-22 17:30:31,394 INFO sqlalchemy.engine.Engine [raw sql] {}
[2024-03-22T17:30:31.394+0000] {base.py:1868} INFO - [raw sql] {}
[2024-03-22T17:30:31.836+0000] {logging_mixin.py:188} INFO - 2024-03-22 17:30:31,836 INFO sqlalchemy.engine.Engine SELECT @@lower_case_table_names
[2024-03-22T17:30:31.836+0000] {base.py:1863} INFO - SELECT @@lower_case_table_names
[2024-03-22T17:30:31.837+0000] {logging_mixin.py:188} INFO - 2024-03-22 17:30:31,837 INFO sqlalchemy.engine.Engine [raw sql] {}
[2024-03-22T17:30:31.837+0000] {base.py:1868} INFO - [raw sql] {}
[2024-03-22T17:30:32.498+0000] {logging_mixin.py:188} INFO - 2024-03-22 17:30:32,498 INFO sqlalchemy.engine.Engine 


  SELECT 
    *
FROM databasename.mytable
[2024-03-22T17:30:32.498+0000] {base.py:1863} INFO - 


  SELECT 
    *
FROM databasename.mytable
[2024-03-22T17:30:32.499+0000] {logging_mixin.py:188} INFO - 2024-03-22 17:30:32,499 INFO sqlalchemy.engine.Engine [raw sql] {}
[2024-03-22T17:30:32.499+0000] {base.py:1868} INFO - [raw sql] {}
[2024-03-22T17:30:32.953+0000] {logging_mixin.py:188} INFO - File already exists.
[2024-03-22T17:30:32.955+0000] {python.py:202} INFO - Done. Returned value was: /opt/***/data/aplikasi_table_['{ ds }.parquet']
[2024-03-22T17:30:32.974+0000] {taskinstance.py:1149} INFO - Marking task as SUCCESS. dag_id=study_case_etl_cloud_storage, task_id=fetch_data_task, execution_date=20240320T220000, start_date=20240322T173027, end_date=20240322T173032
[2024-03-22T17:30:32.997+0000] {local_task_job_runner.py:234} INFO - Task exited with return code 0
[2024-03-22T17:30:33.010+0000] {taskinstance.py:3309} INFO - 0 downstream tasks scheduled from follow-on schedule check
