[2024-03-16T06:18:26.434+0000] {taskinstance.py:1979} INFO - Dependencies all met for dep_context=non-requeueable deps ti=<TaskInstance: study_case_etl_cloud_storage.fetch_data_task scheduled__2024-03-16T04:00:00+00:00 [queued]>
[2024-03-16T06:18:26.464+0000] {taskinstance.py:1979} INFO - Dependencies all met for dep_context=requeueable deps ti=<TaskInstance: study_case_etl_cloud_storage.fetch_data_task scheduled__2024-03-16T04:00:00+00:00 [queued]>
[2024-03-16T06:18:26.469+0000] {taskinstance.py:2193} INFO - Starting attempt 1 of 2
[2024-03-16T06:18:26.527+0000] {taskinstance.py:2214} INFO - Executing <Task(PythonOperator): fetch_data_task> on 2024-03-16 04:00:00+00:00
[2024-03-16T06:18:26.536+0000] {standard_task_runner.py:60} INFO - Started process 119 to run task
[2024-03-16T06:18:26.540+0000] {standard_task_runner.py:87} INFO - Running: ['***', 'tasks', 'run', 'study_case_etl_cloud_storage', 'fetch_data_task', 'scheduled__2024-03-16T04:00:00+00:00', '--job-id', '597', '--raw', '--subdir', 'DAGS_FOLDER/etl_day_bigquery/study_case_etl_cloud_storage.py', '--cfg-path', '/tmp/tmpivj5u6uj']
[2024-03-16T06:18:26.544+0000] {standard_task_runner.py:88} INFO - Job 597: Subtask fetch_data_task
[2024-03-16T06:18:26.627+0000] {task_command.py:423} INFO - Running <TaskInstance: study_case_etl_cloud_storage.fetch_data_task scheduled__2024-03-16T04:00:00+00:00 [running]> on host 5aeb2644b29c
[2024-03-16T06:18:26.712+0000] {taskinstance.py:2510} INFO - Exporting env vars: AIRFLOW_CTX_DAG_OWNER='Agus mahari' AIRFLOW_CTX_DAG_ID='study_case_etl_cloud_storage' AIRFLOW_CTX_TASK_ID='fetch_data_task' AIRFLOW_CTX_EXECUTION_DATE='2024-03-16T04:00:00+00:00' AIRFLOW_CTX_TRY_NUMBER='1' AIRFLOW_CTX_DAG_RUN_ID='scheduled__2024-03-16T04:00:00+00:00'
[2024-03-16T06:18:26.714+0000] {warnings.py:109} WARNING - /home/***/.local/lib/python3.8/site-packages/***/utils/context.py:315: AirflowContextDeprecationWarning: Accessing 'execution_date' from the template is deprecated and will be removed in a future version. Please use 'data_interval_start' or 'logical_date' instead.
  warnings.warn(_create_deprecation_warning(k, replacements))

[2024-03-16T06:18:29.521+0000] {logging_mixin.py:188} INFO - 2024-03-16 06:18:29,521 INFO sqlalchemy.engine.Engine SELECT DATABASE()
[2024-03-16T06:18:29.521+0000] {base.py:1863} INFO - SELECT DATABASE()
[2024-03-16T06:18:29.522+0000] {logging_mixin.py:188} INFO - 2024-03-16 06:18:29,522 INFO sqlalchemy.engine.Engine [raw sql] {}
[2024-03-16T06:18:29.522+0000] {base.py:1868} INFO - [raw sql] {}
[2024-03-16T06:18:30.425+0000] {logging_mixin.py:188} INFO - 2024-03-16 06:18:30,425 INFO sqlalchemy.engine.Engine SELECT @@sql_mode
[2024-03-16T06:18:30.425+0000] {base.py:1863} INFO - SELECT @@sql_mode
[2024-03-16T06:18:30.426+0000] {logging_mixin.py:188} INFO - 2024-03-16 06:18:30,426 INFO sqlalchemy.engine.Engine [raw sql] {}
[2024-03-16T06:18:30.426+0000] {base.py:1868} INFO - [raw sql] {}
[2024-03-16T06:18:30.868+0000] {logging_mixin.py:188} INFO - 2024-03-16 06:18:30,868 INFO sqlalchemy.engine.Engine SELECT @@lower_case_table_names
[2024-03-16T06:18:30.868+0000] {base.py:1863} INFO - SELECT @@lower_case_table_names
[2024-03-16T06:18:30.869+0000] {logging_mixin.py:188} INFO - 2024-03-16 06:18:30,869 INFO sqlalchemy.engine.Engine [raw sql] {}
[2024-03-16T06:18:30.869+0000] {base.py:1868} INFO - [raw sql] {}
[2024-03-16T06:18:31.572+0000] {logging_mixin.py:188} INFO - 2024-03-16 06:18:31,572 INFO sqlalchemy.engine.Engine 


   SELECT 
    *, 
    CONVERT_TZ(NOW(), 'UTC', '+07:00') as execution_at
FROM test.user
WHERE updated_at BETWEEN NOW() - INTERVAL 7 MINUTE AND NOW()
[2024-03-16T06:18:31.572+0000] {base.py:1863} INFO - 


   SELECT 
    *, 
    CONVERT_TZ(NOW(), 'UTC', '+07:00') as execution_at
FROM test.user
WHERE updated_at BETWEEN NOW() - INTERVAL 7 MINUTE AND NOW()
[2024-03-16T06:18:31.577+0000] {logging_mixin.py:188} INFO - 2024-03-16 06:18:31,576 INFO sqlalchemy.engine.Engine [raw sql] {}
[2024-03-16T06:18:31.576+0000] {base.py:1868} INFO - [raw sql] {}
[2024-03-16T06:18:32.045+0000] {python.py:202} INFO - Done. Returned value was: /opt/***/data/aplikasi_table_2024-03-16-4-00-00.parquet
[2024-03-16T06:18:32.099+0000] {taskinstance.py:1149} INFO - Marking task as SUCCESS. dag_id=study_case_etl_cloud_storage, task_id=fetch_data_task, execution_date=20240316T040000, start_date=20240316T061826, end_date=20240316T061832
[2024-03-16T06:18:32.248+0000] {local_task_job_runner.py:234} INFO - Task exited with return code 0
[2024-03-16T06:18:32.286+0000] {taskinstance.py:3309} INFO - 1 downstream tasks scheduled from follow-on schedule check
[2024-03-22T17:28:34.847+0000] {taskinstance.py:1979} INFO - Dependencies all met for dep_context=non-requeueable deps ti=<TaskInstance: study_case_etl_cloud_storage.fetch_data_task scheduled__2024-03-16T04:00:00+00:00 [queued]>
[2024-03-22T17:28:34.862+0000] {taskinstance.py:1979} INFO - Dependencies all met for dep_context=requeueable deps ti=<TaskInstance: study_case_etl_cloud_storage.fetch_data_task scheduled__2024-03-16T04:00:00+00:00 [queued]>
[2024-03-22T17:28:34.863+0000] {taskinstance.py:2193} INFO - Starting attempt 1 of 2
[2024-03-22T17:28:34.903+0000] {taskinstance.py:2214} INFO - Executing <Task(PythonOperator): fetch_data_task> on 2024-03-16 04:00:00+00:00
[2024-03-22T17:28:34.920+0000] {standard_task_runner.py:60} INFO - Started process 429 to run task
[2024-03-22T17:28:34.926+0000] {standard_task_runner.py:87} INFO - Running: ['***', 'tasks', 'run', 'study_case_etl_cloud_storage', 'fetch_data_task', 'scheduled__2024-03-16T04:00:00+00:00', '--job-id', '38', '--raw', '--subdir', 'DAGS_FOLDER/etl_day_bigquery/study_case_etl_cloud_storage.py', '--cfg-path', '/tmp/tmpat31nlaq']
[2024-03-22T17:28:34.936+0000] {standard_task_runner.py:88} INFO - Job 38: Subtask fetch_data_task
[2024-03-22T17:28:35.055+0000] {task_command.py:423} INFO - Running <TaskInstance: study_case_etl_cloud_storage.fetch_data_task scheduled__2024-03-16T04:00:00+00:00 [running]> on host eb8b31fafb1e
[2024-03-22T17:28:35.291+0000] {taskinstance.py:2510} INFO - Exporting env vars: AIRFLOW_CTX_DAG_OWNER='Agus mahari' AIRFLOW_CTX_DAG_ID='study_case_etl_cloud_storage' AIRFLOW_CTX_TASK_ID='fetch_data_task' AIRFLOW_CTX_EXECUTION_DATE='2024-03-16T04:00:00+00:00' AIRFLOW_CTX_TRY_NUMBER='1' AIRFLOW_CTX_DAG_RUN_ID='scheduled__2024-03-16T04:00:00+00:00'
[2024-03-22T17:28:38.225+0000] {logging_mixin.py:188} INFO - 2024-03-22 17:28:38,225 INFO sqlalchemy.engine.Engine SELECT DATABASE()
[2024-03-22T17:28:38.225+0000] {base.py:1863} INFO - SELECT DATABASE()
[2024-03-22T17:28:38.230+0000] {logging_mixin.py:188} INFO - 2024-03-22 17:28:38,229 INFO sqlalchemy.engine.Engine [raw sql] {}
[2024-03-22T17:28:38.229+0000] {base.py:1868} INFO - [raw sql] {}
[2024-03-22T17:28:39.556+0000] {logging_mixin.py:188} INFO - 2024-03-22 17:28:39,556 INFO sqlalchemy.engine.Engine SELECT @@sql_mode
[2024-03-22T17:28:39.556+0000] {base.py:1863} INFO - SELECT @@sql_mode
[2024-03-22T17:28:39.557+0000] {logging_mixin.py:188} INFO - 2024-03-22 17:28:39,557 INFO sqlalchemy.engine.Engine [raw sql] {}
[2024-03-22T17:28:39.557+0000] {base.py:1868} INFO - [raw sql] {}
[2024-03-22T17:28:40.002+0000] {logging_mixin.py:188} INFO - 2024-03-22 17:28:40,002 INFO sqlalchemy.engine.Engine SELECT @@lower_case_table_names
[2024-03-22T17:28:40.002+0000] {base.py:1863} INFO - SELECT @@lower_case_table_names
[2024-03-22T17:28:40.003+0000] {logging_mixin.py:188} INFO - 2024-03-22 17:28:40,003 INFO sqlalchemy.engine.Engine [raw sql] {}
[2024-03-22T17:28:40.003+0000] {base.py:1868} INFO - [raw sql] {}
[2024-03-22T17:28:40.668+0000] {logging_mixin.py:188} INFO - 2024-03-22 17:28:40,668 INFO sqlalchemy.engine.Engine 


  SELECT 
    *
FROM databasename.mytable
[2024-03-22T17:28:40.668+0000] {base.py:1863} INFO - 


  SELECT 
    *
FROM databasename.mytable
[2024-03-22T17:28:40.669+0000] {logging_mixin.py:188} INFO - 2024-03-22 17:28:40,669 INFO sqlalchemy.engine.Engine [raw sql] {}
[2024-03-22T17:28:40.669+0000] {base.py:1868} INFO - [raw sql] {}
[2024-03-22T17:28:41.128+0000] {logging_mixin.py:188} INFO - File already exists.
[2024-03-22T17:28:41.130+0000] {python.py:202} INFO - Done. Returned value was: /opt/***/data/aplikasi_table_['{ ds }.parquet']
[2024-03-22T17:28:41.150+0000] {taskinstance.py:1149} INFO - Marking task as SUCCESS. dag_id=study_case_etl_cloud_storage, task_id=fetch_data_task, execution_date=20240316T040000, start_date=20240322T172834, end_date=20240322T172841
[2024-03-22T17:28:41.207+0000] {local_task_job_runner.py:234} INFO - Task exited with return code 0
[2024-03-22T17:28:41.219+0000] {taskinstance.py:3309} INFO - 0 downstream tasks scheduled from follow-on schedule check
