[2024-03-16T06:06:33.336+0000] {taskinstance.py:1979} INFO - Dependencies all met for dep_context=non-requeueable deps ti=<TaskInstance: study_case_etl_cloud_storage.fetch_data_task scheduled__2024-03-15T01:00:00+00:00 [queued]>
[2024-03-16T06:06:33.358+0000] {taskinstance.py:1979} INFO - Dependencies all met for dep_context=requeueable deps ti=<TaskInstance: study_case_etl_cloud_storage.fetch_data_task scheduled__2024-03-15T01:00:00+00:00 [queued]>
[2024-03-16T06:06:33.359+0000] {taskinstance.py:2193} INFO - Starting attempt 1 of 2
[2024-03-16T06:06:33.382+0000] {taskinstance.py:2214} INFO - Executing <Task(PythonOperator): fetch_data_task> on 2024-03-15 01:00:00+00:00
[2024-03-16T06:06:33.392+0000] {standard_task_runner.py:60} INFO - Started process 152 to run task
[2024-03-16T06:06:33.407+0000] {standard_task_runner.py:87} INFO - Running: ['***', 'tasks', 'run', 'study_case_etl_cloud_storage', 'fetch_data_task', 'scheduled__2024-03-15T01:00:00+00:00', '--job-id', '485', '--raw', '--subdir', 'DAGS_FOLDER/etl_day_bigquery/study_case_etl_cloud_storage.py', '--cfg-path', '/tmp/tmpd2c00xo_']
[2024-03-16T06:06:33.416+0000] {standard_task_runner.py:88} INFO - Job 485: Subtask fetch_data_task
[2024-03-16T06:06:33.567+0000] {task_command.py:423} INFO - Running <TaskInstance: study_case_etl_cloud_storage.fetch_data_task scheduled__2024-03-15T01:00:00+00:00 [running]> on host 72d5c878da28
[2024-03-16T06:06:33.709+0000] {taskinstance.py:2510} INFO - Exporting env vars: AIRFLOW_CTX_DAG_OWNER='Agus mahari' AIRFLOW_CTX_DAG_ID='study_case_etl_cloud_storage' AIRFLOW_CTX_TASK_ID='fetch_data_task' AIRFLOW_CTX_EXECUTION_DATE='2024-03-15T01:00:00+00:00' AIRFLOW_CTX_TRY_NUMBER='1' AIRFLOW_CTX_DAG_RUN_ID='scheduled__2024-03-15T01:00:00+00:00'
[2024-03-16T06:06:33.711+0000] {warnings.py:109} WARNING - /home/***/.local/lib/python3.8/site-packages/***/utils/context.py:315: AirflowContextDeprecationWarning: Accessing 'execution_date' from the template is deprecated and will be removed in a future version. Please use 'data_interval_start' or 'logical_date' instead.
  warnings.warn(_create_deprecation_warning(k, replacements))

[2024-03-16T06:06:36.504+0000] {logging_mixin.py:188} INFO - 2024-03-16 06:06:36,504 INFO sqlalchemy.engine.Engine SELECT DATABASE()
[2024-03-16T06:06:36.504+0000] {base.py:1863} INFO - SELECT DATABASE()
[2024-03-16T06:06:36.505+0000] {logging_mixin.py:188} INFO - 2024-03-16 06:06:36,505 INFO sqlalchemy.engine.Engine [raw sql] {}
[2024-03-16T06:06:36.505+0000] {base.py:1868} INFO - [raw sql] {}
[2024-03-16T06:06:37.389+0000] {logging_mixin.py:188} INFO - 2024-03-16 06:06:37,389 INFO sqlalchemy.engine.Engine SELECT @@sql_mode
[2024-03-16T06:06:37.389+0000] {base.py:1863} INFO - SELECT @@sql_mode
[2024-03-16T06:06:37.390+0000] {logging_mixin.py:188} INFO - 2024-03-16 06:06:37,390 INFO sqlalchemy.engine.Engine [raw sql] {}
[2024-03-16T06:06:37.390+0000] {base.py:1868} INFO - [raw sql] {}
[2024-03-16T06:06:37.839+0000] {logging_mixin.py:188} INFO - 2024-03-16 06:06:37,839 INFO sqlalchemy.engine.Engine SELECT @@lower_case_table_names
[2024-03-16T06:06:37.839+0000] {base.py:1863} INFO - SELECT @@lower_case_table_names
[2024-03-16T06:06:37.841+0000] {logging_mixin.py:188} INFO - 2024-03-16 06:06:37,841 INFO sqlalchemy.engine.Engine [raw sql] {}
[2024-03-16T06:06:37.841+0000] {base.py:1868} INFO - [raw sql] {}
[2024-03-16T06:06:38.511+0000] {logging_mixin.py:188} INFO - 2024-03-16 06:06:38,511 INFO sqlalchemy.engine.Engine 


   SELECT 
    *, 
    CONVERT_TZ(NOW(), 'UTC', '+07:00') as execution_at
FROM test.user
WHERE updated_at BETWEEN NOW() - INTERVAL 7 MINUTE AND NOW()
[2024-03-16T06:06:38.511+0000] {base.py:1863} INFO - 


   SELECT 
    *, 
    CONVERT_TZ(NOW(), 'UTC', '+07:00') as execution_at
FROM test.user
WHERE updated_at BETWEEN NOW() - INTERVAL 7 MINUTE AND NOW()
[2024-03-16T06:06:38.512+0000] {logging_mixin.py:188} INFO - 2024-03-16 06:06:38,512 INFO sqlalchemy.engine.Engine [raw sql] {}
[2024-03-16T06:06:38.512+0000] {base.py:1868} INFO - [raw sql] {}
[2024-03-16T06:06:39.453+0000] {python.py:202} INFO - Done. Returned value was: /opt/***/data/aplikasi_table_2024-03-15-1-00-00.parquet
[2024-03-16T06:06:39.504+0000] {taskinstance.py:1149} INFO - Marking task as SUCCESS. dag_id=study_case_etl_cloud_storage, task_id=fetch_data_task, execution_date=20240315T010000, start_date=20240316T060633, end_date=20240316T060639
[2024-03-16T06:06:39.573+0000] {local_task_job_runner.py:234} INFO - Task exited with return code 0
[2024-03-16T06:06:39.596+0000] {taskinstance.py:3309} INFO - 1 downstream tasks scheduled from follow-on schedule check
[2024-03-22T17:28:01.310+0000] {taskinstance.py:1979} INFO - Dependencies all met for dep_context=non-requeueable deps ti=<TaskInstance: study_case_etl_cloud_storage.fetch_data_task scheduled__2024-03-15T01:00:00+00:00 [queued]>
[2024-03-22T17:28:01.323+0000] {taskinstance.py:1979} INFO - Dependencies all met for dep_context=requeueable deps ti=<TaskInstance: study_case_etl_cloud_storage.fetch_data_task scheduled__2024-03-15T01:00:00+00:00 [queued]>
[2024-03-22T17:28:01.324+0000] {taskinstance.py:2193} INFO - Starting attempt 1 of 2
[2024-03-22T17:28:01.343+0000] {taskinstance.py:2214} INFO - Executing <Task(PythonOperator): fetch_data_task> on 2024-03-15 01:00:00+00:00
[2024-03-22T17:28:01.351+0000] {standard_task_runner.py:60} INFO - Started process 338 to run task
[2024-03-22T17:28:01.357+0000] {standard_task_runner.py:87} INFO - Running: ['***', 'tasks', 'run', 'study_case_etl_cloud_storage', 'fetch_data_task', 'scheduled__2024-03-15T01:00:00+00:00', '--job-id', '12', '--raw', '--subdir', 'DAGS_FOLDER/etl_day_bigquery/study_case_etl_cloud_storage.py', '--cfg-path', '/tmp/tmp19vsd3w3']
[2024-03-22T17:28:01.359+0000] {standard_task_runner.py:88} INFO - Job 12: Subtask fetch_data_task
[2024-03-22T17:28:01.484+0000] {task_command.py:423} INFO - Running <TaskInstance: study_case_etl_cloud_storage.fetch_data_task scheduled__2024-03-15T01:00:00+00:00 [running]> on host eb8b31fafb1e
[2024-03-22T17:28:02.923+0000] {taskinstance.py:2510} INFO - Exporting env vars: AIRFLOW_CTX_DAG_OWNER='Agus mahari' AIRFLOW_CTX_DAG_ID='study_case_etl_cloud_storage' AIRFLOW_CTX_TASK_ID='fetch_data_task' AIRFLOW_CTX_EXECUTION_DATE='2024-03-15T01:00:00+00:00' AIRFLOW_CTX_TRY_NUMBER='1' AIRFLOW_CTX_DAG_RUN_ID='scheduled__2024-03-15T01:00:00+00:00'
[2024-03-22T17:28:05.602+0000] {logging_mixin.py:188} INFO - 2024-03-22 17:28:05,602 INFO sqlalchemy.engine.Engine SELECT DATABASE()
[2024-03-22T17:28:05.602+0000] {base.py:1863} INFO - SELECT DATABASE()
[2024-03-22T17:28:05.604+0000] {logging_mixin.py:188} INFO - 2024-03-22 17:28:05,604 INFO sqlalchemy.engine.Engine [raw sql] {}
[2024-03-22T17:28:05.604+0000] {base.py:1868} INFO - [raw sql] {}
[2024-03-22T17:28:06.512+0000] {logging_mixin.py:188} INFO - 2024-03-22 17:28:06,511 INFO sqlalchemy.engine.Engine SELECT @@sql_mode
[2024-03-22T17:28:06.511+0000] {base.py:1863} INFO - SELECT @@sql_mode
[2024-03-22T17:28:06.513+0000] {logging_mixin.py:188} INFO - 2024-03-22 17:28:06,512 INFO sqlalchemy.engine.Engine [raw sql] {}
[2024-03-22T17:28:06.512+0000] {base.py:1868} INFO - [raw sql] {}
[2024-03-22T17:28:06.959+0000] {logging_mixin.py:188} INFO - 2024-03-22 17:28:06,958 INFO sqlalchemy.engine.Engine SELECT @@lower_case_table_names
[2024-03-22T17:28:06.958+0000] {base.py:1863} INFO - SELECT @@lower_case_table_names
[2024-03-22T17:28:06.959+0000] {logging_mixin.py:188} INFO - 2024-03-22 17:28:06,959 INFO sqlalchemy.engine.Engine [raw sql] {}
[2024-03-22T17:28:06.959+0000] {base.py:1868} INFO - [raw sql] {}
[2024-03-22T17:28:07.622+0000] {logging_mixin.py:188} INFO - 2024-03-22 17:28:07,622 INFO sqlalchemy.engine.Engine 


  SELECT 
    *
FROM databasename.mytable
[2024-03-22T17:28:07.622+0000] {base.py:1863} INFO - 


  SELECT 
    *
FROM databasename.mytable
[2024-03-22T17:28:07.626+0000] {logging_mixin.py:188} INFO - 2024-03-22 17:28:07,625 INFO sqlalchemy.engine.Engine [raw sql] {}
[2024-03-22T17:28:07.625+0000] {base.py:1868} INFO - [raw sql] {}
[2024-03-22T17:28:08.077+0000] {logging_mixin.py:188} INFO - File already exists.
[2024-03-22T17:28:08.081+0000] {python.py:202} INFO - Done. Returned value was: /opt/***/data/aplikasi_table_['{ ds }.parquet']
[2024-03-22T17:28:08.115+0000] {taskinstance.py:1149} INFO - Marking task as SUCCESS. dag_id=study_case_etl_cloud_storage, task_id=fetch_data_task, execution_date=20240315T010000, start_date=20240322T172801, end_date=20240322T172808
[2024-03-22T17:28:08.148+0000] {local_task_job_runner.py:234} INFO - Task exited with return code 0
[2024-03-22T17:28:08.165+0000] {taskinstance.py:3309} INFO - 0 downstream tasks scheduled from follow-on schedule check
