[2024-03-17T06:59:34.843+0000] {taskinstance.py:1979} INFO - Dependencies all met for dep_context=non-requeueable deps ti=<TaskInstance: study_case_etl_cloud_storage_tiga.fetch_data_aplikasi_transaksi_task_id manual__2024-03-17T06:59:32.405849+00:00 [queued]>
[2024-03-17T06:59:34.857+0000] {taskinstance.py:1979} INFO - Dependencies all met for dep_context=requeueable deps ti=<TaskInstance: study_case_etl_cloud_storage_tiga.fetch_data_aplikasi_transaksi_task_id manual__2024-03-17T06:59:32.405849+00:00 [queued]>
[2024-03-17T06:59:34.857+0000] {taskinstance.py:2193} INFO - Starting attempt 1 of 2
[2024-03-17T06:59:34.875+0000] {taskinstance.py:2214} INFO - Executing <Task(PythonOperator): fetch_data_aplikasi_transaksi_task_id> on 2024-03-17 06:59:32.405849+00:00
[2024-03-17T06:59:34.883+0000] {standard_task_runner.py:60} INFO - Started process 6722 to run task
[2024-03-17T06:59:34.887+0000] {standard_task_runner.py:87} INFO - Running: ['***', 'tasks', 'run', 'study_case_etl_cloud_storage_tiga', 'fetch_data_aplikasi_transaksi_task_id', 'manual__2024-03-17T06:59:32.405849+00:00', '--job-id', '951', '--raw', '--subdir', 'DAGS_FOLDER/etl_day_bigquery/study_case_etl_cloud_bigquery.py', '--cfg-path', '/tmp/tmp86i72f84']
[2024-03-17T06:59:34.891+0000] {standard_task_runner.py:88} INFO - Job 951: Subtask fetch_data_aplikasi_transaksi_task_id
[2024-03-17T06:59:34.941+0000] {task_command.py:423} INFO - Running <TaskInstance: study_case_etl_cloud_storage_tiga.fetch_data_aplikasi_transaksi_task_id manual__2024-03-17T06:59:32.405849+00:00 [running]> on host 1d5b76b26ba5
[2024-03-17T06:59:35.016+0000] {taskinstance.py:2510} INFO - Exporting env vars: AIRFLOW_CTX_DAG_OWNER='Agus mahari' AIRFLOW_CTX_DAG_ID='study_case_etl_cloud_storage_tiga' AIRFLOW_CTX_TASK_ID='fetch_data_aplikasi_transaksi_task_id' AIRFLOW_CTX_EXECUTION_DATE='2024-03-17T06:59:32.405849+00:00' AIRFLOW_CTX_TRY_NUMBER='1' AIRFLOW_CTX_DAG_RUN_ID='manual__2024-03-17T06:59:32.405849+00:00'
[2024-03-17T06:59:37.708+0000] {logging_mixin.py:188} INFO - 2024-03-17 06:59:37,708 INFO sqlalchemy.engine.Engine SELECT DATABASE()
[2024-03-17T06:59:37.708+0000] {base.py:1863} INFO - SELECT DATABASE()
[2024-03-17T06:59:37.711+0000] {logging_mixin.py:188} INFO - 2024-03-17 06:59:37,711 INFO sqlalchemy.engine.Engine [raw sql] {}
[2024-03-17T06:59:37.711+0000] {base.py:1868} INFO - [raw sql] {}
[2024-03-17T06:59:38.610+0000] {logging_mixin.py:188} INFO - 2024-03-17 06:59:38,610 INFO sqlalchemy.engine.Engine SELECT @@sql_mode
[2024-03-17T06:59:38.610+0000] {base.py:1863} INFO - SELECT @@sql_mode
[2024-03-17T06:59:38.611+0000] {logging_mixin.py:188} INFO - 2024-03-17 06:59:38,611 INFO sqlalchemy.engine.Engine [raw sql] {}
[2024-03-17T06:59:38.611+0000] {base.py:1868} INFO - [raw sql] {}
[2024-03-17T06:59:39.075+0000] {logging_mixin.py:188} INFO - 2024-03-17 06:59:39,074 INFO sqlalchemy.engine.Engine SELECT @@lower_case_table_names
[2024-03-17T06:59:39.074+0000] {base.py:1863} INFO - SELECT @@lower_case_table_names
[2024-03-17T06:59:39.076+0000] {logging_mixin.py:188} INFO - 2024-03-17 06:59:39,075 INFO sqlalchemy.engine.Engine [raw sql] {}
[2024-03-17T06:59:39.075+0000] {base.py:1868} INFO - [raw sql] {}
[2024-03-17T06:59:39.753+0000] {logging_mixin.py:188} INFO - 2024-03-17 06:59:39,753 INFO sqlalchemy.engine.Engine 
  SELECT 
    *
FROM databasename.mytable
[2024-03-17T06:59:39.753+0000] {base.py:1863} INFO - 
  SELECT 
    *
FROM databasename.mytable
[2024-03-17T06:59:39.754+0000] {logging_mixin.py:188} INFO - 2024-03-17 06:59:39,754 INFO sqlalchemy.engine.Engine [raw sql] {}
[2024-03-17T06:59:39.754+0000] {base.py:1868} INFO - [raw sql] {}
[2024-03-17T06:59:40.198+0000] {logging_mixin.py:188} INFO - An error occurred: 'your_column'
[2024-03-17T06:59:40.200+0000] {python.py:202} INFO - Done. Returned value was: /opt/***/data/fetch_data_aplikasi_transaksi_task_id_2024-03-17.csv
[2024-03-17T06:59:40.220+0000] {taskinstance.py:1149} INFO - Marking task as SUCCESS. dag_id=study_case_etl_cloud_storage_tiga, task_id=fetch_data_aplikasi_transaksi_task_id, execution_date=20240317T065932, start_date=20240317T065934, end_date=20240317T065940
[2024-03-17T06:59:40.242+0000] {local_task_job_runner.py:234} INFO - Task exited with return code 0
[2024-03-17T06:59:40.265+0000] {taskinstance.py:3309} INFO - 0 downstream tasks scheduled from follow-on schedule check
