[2024-03-17T04:42:39.980+0000] {taskinstance.py:1979} INFO - Dependencies all met for dep_context=non-requeueable deps ti=<TaskInstance: study_case_etl_cloud_storage_dua.fetch_data_task_id manual__2024-03-17T04:42:38.230412+00:00 [queued]>
[2024-03-17T04:42:39.988+0000] {taskinstance.py:1979} INFO - Dependencies all met for dep_context=requeueable deps ti=<TaskInstance: study_case_etl_cloud_storage_dua.fetch_data_task_id manual__2024-03-17T04:42:38.230412+00:00 [queued]>
[2024-03-17T04:42:39.989+0000] {taskinstance.py:2193} INFO - Starting attempt 1 of 2
[2024-03-17T04:42:40.002+0000] {taskinstance.py:2214} INFO - Executing <Task(PythonOperator): fetch_data_task_id> on 2024-03-17 04:42:38.230412+00:00
[2024-03-17T04:42:40.008+0000] {standard_task_runner.py:60} INFO - Started process 4477 to run task
[2024-03-17T04:42:40.012+0000] {standard_task_runner.py:87} INFO - Running: ['***', 'tasks', 'run', 'study_case_etl_cloud_storage_dua', 'fetch_data_task_id', 'manual__2024-03-17T04:42:38.230412+00:00', '--job-id', '900', '--raw', '--subdir', 'DAGS_FOLDER/etl_day_bigquery/study_case_etl_cloud_storage_dua.py', '--cfg-path', '/tmp/tmp71chkq86']
[2024-03-17T04:42:40.015+0000] {standard_task_runner.py:88} INFO - Job 900: Subtask fetch_data_task_id
[2024-03-17T04:42:40.071+0000] {task_command.py:423} INFO - Running <TaskInstance: study_case_etl_cloud_storage_dua.fetch_data_task_id manual__2024-03-17T04:42:38.230412+00:00 [running]> on host 1d5b76b26ba5
[2024-03-17T04:42:40.163+0000] {taskinstance.py:2510} INFO - Exporting env vars: AIRFLOW_CTX_DAG_OWNER='Agus mahari' AIRFLOW_CTX_DAG_ID='study_case_etl_cloud_storage_dua' AIRFLOW_CTX_TASK_ID='fetch_data_task_id' AIRFLOW_CTX_EXECUTION_DATE='2024-03-17T04:42:38.230412+00:00' AIRFLOW_CTX_TRY_NUMBER='1' AIRFLOW_CTX_DAG_RUN_ID='manual__2024-03-17T04:42:38.230412+00:00'
[2024-03-17T04:42:42.813+0000] {logging_mixin.py:188} INFO - 2024-03-17 04:42:42,812 INFO sqlalchemy.engine.Engine SELECT DATABASE()
[2024-03-17T04:42:42.812+0000] {base.py:1863} INFO - SELECT DATABASE()
[2024-03-17T04:42:42.814+0000] {logging_mixin.py:188} INFO - 2024-03-17 04:42:42,814 INFO sqlalchemy.engine.Engine [raw sql] {}
[2024-03-17T04:42:42.814+0000] {base.py:1868} INFO - [raw sql] {}
[2024-03-17T04:42:43.697+0000] {logging_mixin.py:188} INFO - 2024-03-17 04:42:43,697 INFO sqlalchemy.engine.Engine SELECT @@sql_mode
[2024-03-17T04:42:43.697+0000] {base.py:1863} INFO - SELECT @@sql_mode
[2024-03-17T04:42:43.698+0000] {logging_mixin.py:188} INFO - 2024-03-17 04:42:43,698 INFO sqlalchemy.engine.Engine [raw sql] {}
[2024-03-17T04:42:43.698+0000] {base.py:1868} INFO - [raw sql] {}
[2024-03-17T04:42:44.150+0000] {logging_mixin.py:188} INFO - 2024-03-17 04:42:44,150 INFO sqlalchemy.engine.Engine SELECT @@lower_case_table_names
[2024-03-17T04:42:44.150+0000] {base.py:1863} INFO - SELECT @@lower_case_table_names
[2024-03-17T04:42:44.151+0000] {logging_mixin.py:188} INFO - 2024-03-17 04:42:44,151 INFO sqlalchemy.engine.Engine [raw sql] {}
[2024-03-17T04:42:44.151+0000] {base.py:1868} INFO - [raw sql] {}
[2024-03-17T04:42:44.842+0000] {logging_mixin.py:188} INFO - 2024-03-17 04:42:44,842 INFO sqlalchemy.engine.Engine 
  SELECT 
    *
FROM databasename.mytable
[2024-03-17T04:42:44.842+0000] {base.py:1863} INFO - 
  SELECT 
    *
FROM databasename.mytable
[2024-03-17T04:42:44.843+0000] {logging_mixin.py:188} INFO - 2024-03-17 04:42:44,843 INFO sqlalchemy.engine.Engine [raw sql] {}
[2024-03-17T04:42:44.843+0000] {base.py:1868} INFO - [raw sql] {}
[2024-03-17T04:42:45.296+0000] {python.py:202} INFO - Done. Returned value was: /opt/***/data/{ task.task_id }_{ ds }.csv
[2024-03-17T04:42:45.313+0000] {taskinstance.py:1149} INFO - Marking task as SUCCESS. dag_id=study_case_etl_cloud_storage_dua, task_id=fetch_data_task_id, execution_date=20240317T044238, start_date=20240317T044239, end_date=20240317T044245
[2024-03-17T04:42:45.353+0000] {local_task_job_runner.py:234} INFO - Task exited with return code 0
[2024-03-17T04:42:45.373+0000] {taskinstance.py:3309} INFO - 1 downstream tasks scheduled from follow-on schedule check
