[2024-03-03T08:13:58.171+0000] {taskinstance.py:1979} INFO - Dependencies all met for dep_context=non-requeueable deps ti=<TaskInstance: tutorial.templated scheduled__2024-03-02T00:00:00+00:00 [queued]>
[2024-03-03T08:13:58.182+0000] {taskinstance.py:1979} INFO - Dependencies all met for dep_context=requeueable deps ti=<TaskInstance: tutorial.templated scheduled__2024-03-02T00:00:00+00:00 [queued]>
[2024-03-03T08:13:58.183+0000] {taskinstance.py:2193} INFO - Starting attempt 1 of 2
[2024-03-03T08:13:58.199+0000] {taskinstance.py:2214} INFO - Executing <Task(BashOperator): templated> on 2024-03-02 00:00:00+00:00
[2024-03-03T08:13:58.205+0000] {standard_task_runner.py:60} INFO - Started process 115 to run task
[2024-03-03T08:13:58.210+0000] {standard_task_runner.py:87} INFO - Running: ['***', 'tasks', 'run', 'tutorial', 'templated', 'scheduled__2024-03-02T00:00:00+00:00', '--job-id', '5', '--raw', '--subdir', '/home/***/.local/lib/python3.11/site-packages/***/example_dags/tutorial.py', '--cfg-path', '/tmp/tmp862ojxtm']
[2024-03-03T08:13:58.213+0000] {standard_task_runner.py:88} INFO - Job 5: Subtask templated
[2024-03-03T08:13:58.278+0000] {task_command.py:423} INFO - Running <TaskInstance: tutorial.templated scheduled__2024-03-02T00:00:00+00:00 [running]> on host 4e59dceaba35
[2024-03-03T08:13:58.388+0000] {taskinstance.py:2510} INFO - Exporting env vars: AIRFLOW_CTX_DAG_EMAIL='***@example.com' AIRFLOW_CTX_DAG_OWNER='***' AIRFLOW_CTX_DAG_ID='tutorial' AIRFLOW_CTX_TASK_ID='templated' AIRFLOW_CTX_EXECUTION_DATE='2024-03-02T00:00:00+00:00' AIRFLOW_CTX_TRY_NUMBER='1' AIRFLOW_CTX_DAG_RUN_ID='scheduled__2024-03-02T00:00:00+00:00'
[2024-03-03T08:13:58.395+0000] {subprocess.py:63} INFO - Tmp dir root location: /tmp
[2024-03-03T08:13:58.403+0000] {subprocess.py:75} INFO - Running command: ['/usr/bin/bash', '-c', '\n\n    echo "2024-03-02"\n    echo "2024-03-09"\n\n    echo "2024-03-02"\n    echo "2024-03-09"\n\n    echo "2024-03-02"\n    echo "2024-03-09"\n\n    echo "2024-03-02"\n    echo "2024-03-09"\n\n    echo "2024-03-02"\n    echo "2024-03-09"\n']
[2024-03-03T08:13:58.418+0000] {subprocess.py:86} INFO - Output:
[2024-03-03T08:13:58.421+0000] {subprocess.py:93} INFO - 2024-03-02
[2024-03-03T08:13:58.427+0000] {subprocess.py:93} INFO - 2024-03-09
[2024-03-03T08:13:58.428+0000] {subprocess.py:93} INFO - 2024-03-02
[2024-03-03T08:13:58.429+0000] {subprocess.py:93} INFO - 2024-03-09
[2024-03-03T08:13:58.429+0000] {subprocess.py:93} INFO - 2024-03-02
[2024-03-03T08:13:58.429+0000] {subprocess.py:93} INFO - 2024-03-09
[2024-03-03T08:13:58.430+0000] {subprocess.py:93} INFO - 2024-03-02
[2024-03-03T08:13:58.430+0000] {subprocess.py:93} INFO - 2024-03-09
[2024-03-03T08:13:58.430+0000] {subprocess.py:93} INFO - 2024-03-02
[2024-03-03T08:13:58.430+0000] {subprocess.py:93} INFO - 2024-03-09
[2024-03-03T08:13:58.431+0000] {subprocess.py:97} INFO - Command exited with return code 0
[2024-03-03T08:13:58.472+0000] {taskinstance.py:1149} INFO - Marking task as SUCCESS. dag_id=tutorial, task_id=templated, execution_date=20240302T000000, start_date=20240303T081358, end_date=20240303T081358
[2024-03-03T08:13:58.501+0000] {local_task_job_runner.py:234} INFO - Task exited with return code 0
[2024-03-03T08:13:58.516+0000] {taskinstance.py:3309} INFO - 0 downstream tasks scheduled from follow-on schedule check
