[2024-03-16T05:54:28.907+0000] {taskinstance.py:1979} INFO - Dependencies all met for dep_context=non-requeueable deps ti=<TaskInstance: study_case_1.fetch_data_task scheduled__2024-03-15T23:00:00+00:00 [queued]>
[2024-03-16T05:54:28.944+0000] {taskinstance.py:1979} INFO - Dependencies all met for dep_context=requeueable deps ti=<TaskInstance: study_case_1.fetch_data_task scheduled__2024-03-15T23:00:00+00:00 [queued]>
[2024-03-16T05:54:28.948+0000] {taskinstance.py:2193} INFO - Starting attempt 1 of 2
[2024-03-16T05:54:29.021+0000] {taskinstance.py:2214} INFO - Executing <Task(PythonOperator): fetch_data_task> on 2024-03-15 23:00:00+00:00
[2024-03-16T05:54:29.042+0000] {standard_task_runner.py:60} INFO - Started process 134 to run task
[2024-03-16T05:54:29.057+0000] {standard_task_runner.py:87} INFO - Running: ['***', 'tasks', 'run', 'study_case_1', 'fetch_data_task', 'scheduled__2024-03-15T23:00:00+00:00', '--job-id', '353', '--raw', '--subdir', 'DAGS_FOLDER/pintro_aplikasi_education/study_case1.py', '--cfg-path', '/tmp/tmpsrrxqts_']
[2024-03-16T05:54:29.068+0000] {standard_task_runner.py:88} INFO - Job 353: Subtask fetch_data_task
[2024-03-16T05:54:29.181+0000] {task_command.py:423} INFO - Running <TaskInstance: study_case_1.fetch_data_task scheduled__2024-03-15T23:00:00+00:00 [running]> on host f293363f8e27
[2024-03-16T05:54:29.308+0000] {taskinstance.py:2510} INFO - Exporting env vars: AIRFLOW_CTX_DAG_OWNER='Agus mahari' AIRFLOW_CTX_DAG_ID='study_case_1' AIRFLOW_CTX_TASK_ID='fetch_data_task' AIRFLOW_CTX_EXECUTION_DATE='2024-03-15T23:00:00+00:00' AIRFLOW_CTX_TRY_NUMBER='1' AIRFLOW_CTX_DAG_RUN_ID='scheduled__2024-03-15T23:00:00+00:00'
[2024-03-16T05:54:29.313+0000] {warnings.py:109} WARNING - /home/***/.local/lib/python3.8/site-packages/***/utils/context.py:315: AirflowContextDeprecationWarning: Accessing 'execution_date' from the template is deprecated and will be removed in a future version. Please use 'data_interval_start' or 'logical_date' instead.
  warnings.warn(_create_deprecation_warning(k, replacements))

[2024-03-16T05:54:32.109+0000] {logging_mixin.py:188} INFO - 2024-03-16 05:54:32,109 INFO sqlalchemy.engine.Engine SELECT DATABASE()
[2024-03-16T05:54:32.109+0000] {base.py:1863} INFO - SELECT DATABASE()
[2024-03-16T05:54:32.114+0000] {logging_mixin.py:188} INFO - 2024-03-16 05:54:32,114 INFO sqlalchemy.engine.Engine [raw sql] {}
[2024-03-16T05:54:32.114+0000] {base.py:1868} INFO - [raw sql] {}
[2024-03-16T05:54:33.026+0000] {logging_mixin.py:188} INFO - 2024-03-16 05:54:33,026 INFO sqlalchemy.engine.Engine SELECT @@sql_mode
[2024-03-16T05:54:33.026+0000] {base.py:1863} INFO - SELECT @@sql_mode
[2024-03-16T05:54:33.032+0000] {logging_mixin.py:188} INFO - 2024-03-16 05:54:33,031 INFO sqlalchemy.engine.Engine [raw sql] {}
[2024-03-16T05:54:33.031+0000] {base.py:1868} INFO - [raw sql] {}
[2024-03-16T05:54:33.478+0000] {logging_mixin.py:188} INFO - 2024-03-16 05:54:33,478 INFO sqlalchemy.engine.Engine SELECT @@lower_case_table_names
[2024-03-16T05:54:33.478+0000] {base.py:1863} INFO - SELECT @@lower_case_table_names
[2024-03-16T05:54:33.481+0000] {logging_mixin.py:188} INFO - 2024-03-16 05:54:33,481 INFO sqlalchemy.engine.Engine [raw sql] {}
[2024-03-16T05:54:33.481+0000] {base.py:1868} INFO - [raw sql] {}
[2024-03-16T05:54:34.279+0000] {logging_mixin.py:188} INFO - 2024-03-16 05:54:34,279 INFO sqlalchemy.engine.Engine 


   SELECT 
    *, 
    CONVERT_TZ(NOW(), 'UTC', '+07:00') as execution_at
FROM test.user
WHERE updated_at BETWEEN NOW() - INTERVAL 7 MINUTE AND NOW()
[2024-03-16T05:54:34.279+0000] {base.py:1863} INFO - 


   SELECT 
    *, 
    CONVERT_TZ(NOW(), 'UTC', '+07:00') as execution_at
FROM test.user
WHERE updated_at BETWEEN NOW() - INTERVAL 7 MINUTE AND NOW()
[2024-03-16T05:54:34.280+0000] {logging_mixin.py:188} INFO - 2024-03-16 05:54:34,280 INFO sqlalchemy.engine.Engine [raw sql] {}
[2024-03-16T05:54:34.280+0000] {base.py:1868} INFO - [raw sql] {}
[2024-03-16T05:54:34.747+0000] {logging_mixin.py:188} INFO - File already exists.
[2024-03-16T05:54:34.752+0000] {python.py:202} INFO - Done. Returned value was: None
[2024-03-16T05:54:34.781+0000] {taskinstance.py:1149} INFO - Marking task as SUCCESS. dag_id=study_case_1, task_id=fetch_data_task, execution_date=20240315T230000, start_date=20240316T055428, end_date=20240316T055434
[2024-03-16T05:54:35.184+0000] {local_task_job_runner.py:234} INFO - Task exited with return code 0
[2024-03-16T05:54:35.266+0000] {taskinstance.py:3309} INFO - 1 downstream tasks scheduled from follow-on schedule check
