[2024-03-12T18:11:49.380+0000] {taskinstance.py:1979} INFO - Dependencies all met for dep_context=non-requeueable deps ti=<TaskInstance: example_tujuh.load_to_mongodb_task manual__2024-03-12T18:11:42.078385+00:00 [queued]>
[2024-03-12T18:11:49.389+0000] {taskinstance.py:1979} INFO - Dependencies all met for dep_context=requeueable deps ti=<TaskInstance: example_tujuh.load_to_mongodb_task manual__2024-03-12T18:11:42.078385+00:00 [queued]>
[2024-03-12T18:11:49.389+0000] {taskinstance.py:2193} INFO - Starting attempt 1 of 2
[2024-03-12T18:11:49.401+0000] {taskinstance.py:2214} INFO - Executing <Task(PythonOperator): load_to_mongodb_task> on 2024-03-12 18:11:42.078385+00:00
[2024-03-12T18:11:49.405+0000] {standard_task_runner.py:60} INFO - Started process 361 to run task
[2024-03-12T18:11:49.408+0000] {standard_task_runner.py:87} INFO - Running: ['***', 'tasks', 'run', 'example_tujuh', 'load_to_mongodb_task', 'manual__2024-03-12T18:11:42.078385+00:00', '--job-id', '44', '--raw', '--subdir', 'DAGS_FOLDER/other_ingestion_postgre/main_dag_sql_tujuh.py', '--cfg-path', '/tmp/tmp7qh630c2']
[2024-03-12T18:11:49.410+0000] {standard_task_runner.py:88} INFO - Job 44: Subtask load_to_mongodb_task
[2024-03-12T18:11:49.448+0000] {task_command.py:423} INFO - Running <TaskInstance: example_tujuh.load_to_mongodb_task manual__2024-03-12T18:11:42.078385+00:00 [running]> on host 31e68e31498e
[2024-03-12T18:11:49.503+0000] {taskinstance.py:2510} INFO - Exporting env vars: AIRFLOW_CTX_DAG_OWNER='***' AIRFLOW_CTX_DAG_ID='example_tujuh' AIRFLOW_CTX_TASK_ID='load_to_mongodb_task' AIRFLOW_CTX_EXECUTION_DATE='2024-03-12T18:11:42.078385+00:00' AIRFLOW_CTX_TRY_NUMBER='1' AIRFLOW_CTX_DAG_RUN_ID='manual__2024-03-12T18:11:42.078385+00:00'
[2024-03-12T18:11:49.504+0000] {warnings.py:109} WARNING - /home/***/.local/lib/python3.8/site-packages/***/utils/context.py:315: AirflowContextDeprecationWarning: Accessing 'execution_date' from the template is deprecated and will be removed in a future version. Please use 'data_interval_start' or 'logical_date' instead.
  warnings.warn(_create_deprecation_warning(k, replacements))

[2024-03-12T18:11:49.514+0000] {taskinstance.py:2728} ERROR - Task failed with exception
Traceback (most recent call last):
  File "/home/airflow/.local/lib/python3.8/site-packages/airflow/models/taskinstance.py", line 444, in _execute_task
    result = _execute_callable(context=context, **execute_callable_kwargs)
  File "/home/airflow/.local/lib/python3.8/site-packages/airflow/models/taskinstance.py", line 414, in _execute_callable
    return execute_callable(context=context, **execute_callable_kwargs)
  File "/home/airflow/.local/lib/python3.8/site-packages/airflow/operators/python.py", line 200, in execute
    return_value = self.execute_callable()
  File "/home/airflow/.local/lib/python3.8/site-packages/airflow/operators/python.py", line 217, in execute_callable
    return self.python_callable(*self.op_args, **self.op_kwargs)
  File "/opt/airflow/dags/other_ingestion_postgre/main_dag_sql_tujuh.py", line 59, in load_to_mongodb
    client = MongoClient(connection_string)
  File "/home/airflow/.local/lib/python3.8/site-packages/pymongo/mongo_client.py", line 771, in __init__
    res = uri_parser.parse_uri(
  File "/home/airflow/.local/lib/python3.8/site-packages/pymongo/uri_parser.py", line 497, in parse_uri
    raise InvalidURI(f"Invalid URI scheme: URI must begin with '{SCHEME}' or '{SRV_SCHEME}'")
pymongo.errors.InvalidURI: Invalid URI scheme: URI must begin with 'mongodb://' or 'mongodb+srv://'
[2024-03-12T18:11:49.521+0000] {taskinstance.py:1149} INFO - Marking task as UP_FOR_RETRY. dag_id=example_tujuh, task_id=load_to_mongodb_task, execution_date=20240312T181142, start_date=20240312T181149, end_date=20240312T181149
[2024-03-12T18:11:49.530+0000] {standard_task_runner.py:107} ERROR - Failed to execute job 44 for task load_to_mongodb_task (Invalid URI scheme: URI must begin with 'mongodb://' or 'mongodb+srv://'; 361)
[2024-03-12T18:11:49.547+0000] {local_task_job_runner.py:234} INFO - Task exited with return code 1
[2024-03-12T18:11:49.567+0000] {taskinstance.py:3309} INFO - 0 downstream tasks scheduled from follow-on schedule check
