[2024-03-15T04:19:26.303+0000] {taskinstance.py:1979} INFO - Dependencies all met for dep_context=non-requeueable deps ti=<TaskInstance: study_case_1.fetch_data_task manual__2024-03-15T04:19:24.635604+00:00 [queued]>
[2024-03-15T04:19:26.312+0000] {taskinstance.py:1979} INFO - Dependencies all met for dep_context=requeueable deps ti=<TaskInstance: study_case_1.fetch_data_task manual__2024-03-15T04:19:24.635604+00:00 [queued]>
[2024-03-15T04:19:26.313+0000] {taskinstance.py:2193} INFO - Starting attempt 1 of 2
[2024-03-15T04:19:26.438+0000] {taskinstance.py:2214} INFO - Executing <Task(PythonOperator): fetch_data_task> on 2024-03-15 04:19:24.635604+00:00
[2024-03-15T04:19:26.450+0000] {standard_task_runner.py:60} INFO - Started process 10754 to run task
[2024-03-15T04:19:26.455+0000] {standard_task_runner.py:87} INFO - Running: ['***', 'tasks', 'run', 'study_case_1', 'fetch_data_task', 'manual__2024-03-15T04:19:24.635604+00:00', '--job-id', '223', '--raw', '--subdir', 'DAGS_FOLDER/pintro_aplikasi_education/study_case1.py', '--cfg-path', '/tmp/tmpuyr0szgk']
[2024-03-15T04:19:26.459+0000] {standard_task_runner.py:88} INFO - Job 223: Subtask fetch_data_task
[2024-03-15T04:19:27.696+0000] {task_command.py:423} INFO - Running <TaskInstance: study_case_1.fetch_data_task manual__2024-03-15T04:19:24.635604+00:00 [running]> on host f293363f8e27
[2024-03-15T04:19:28.246+0000] {taskinstance.py:2510} INFO - Exporting env vars: AIRFLOW_CTX_DAG_OWNER='Agus mahari' AIRFLOW_CTX_DAG_ID='study_case_1' AIRFLOW_CTX_TASK_ID='fetch_data_task' AIRFLOW_CTX_EXECUTION_DATE='2024-03-15T04:19:24.635604+00:00' AIRFLOW_CTX_TRY_NUMBER='1' AIRFLOW_CTX_DAG_RUN_ID='manual__2024-03-15T04:19:24.635604+00:00'
[2024-03-15T04:19:28.254+0000] {warnings.py:109} WARNING - /home/***/.local/lib/python3.8/site-packages/***/utils/context.py:315: AirflowContextDeprecationWarning: Accessing 'execution_date' from the template is deprecated and will be removed in a future version. Please use 'data_interval_start' or 'logical_date' instead.
  warnings.warn(_create_deprecation_warning(k, replacements))

[2024-03-15T04:19:30.975+0000] {logging_mixin.py:188} INFO - 2024-03-15 04:19:30,974 INFO sqlalchemy.engine.Engine SELECT DATABASE()
[2024-03-15T04:19:30.974+0000] {base.py:1863} INFO - SELECT DATABASE()
[2024-03-15T04:19:30.981+0000] {logging_mixin.py:188} INFO - 2024-03-15 04:19:30,981 INFO sqlalchemy.engine.Engine [raw sql] {}
[2024-03-15T04:19:30.981+0000] {base.py:1868} INFO - [raw sql] {}
[2024-03-15T04:19:31.891+0000] {logging_mixin.py:188} INFO - 2024-03-15 04:19:31,890 INFO sqlalchemy.engine.Engine SELECT @@sql_mode
[2024-03-15T04:19:31.890+0000] {base.py:1863} INFO - SELECT @@sql_mode
[2024-03-15T04:19:31.896+0000] {logging_mixin.py:188} INFO - 2024-03-15 04:19:31,896 INFO sqlalchemy.engine.Engine [raw sql] {}
[2024-03-15T04:19:31.896+0000] {base.py:1868} INFO - [raw sql] {}
[2024-03-15T04:19:32.347+0000] {logging_mixin.py:188} INFO - 2024-03-15 04:19:32,347 INFO sqlalchemy.engine.Engine SELECT @@lower_case_table_names
[2024-03-15T04:19:32.347+0000] {base.py:1863} INFO - SELECT @@lower_case_table_names
[2024-03-15T04:19:32.349+0000] {logging_mixin.py:188} INFO - 2024-03-15 04:19:32,349 INFO sqlalchemy.engine.Engine [raw sql] {}
[2024-03-15T04:19:32.349+0000] {base.py:1868} INFO - [raw sql] {}
[2024-03-15T04:19:33.028+0000] {logging_mixin.py:188} INFO - 2024-03-15 04:19:33,027 INFO sqlalchemy.engine.Engine 


SELECT 
    *, 
    CONVERT_TZ(NOW(), 'UTC', '+07:00') as execution_at
FROM test.user
[2024-03-15T04:19:33.027+0000] {base.py:1863} INFO - 


SELECT 
    *, 
    CONVERT_TZ(NOW(), 'UTC', '+07:00') as execution_at
FROM test.user
[2024-03-15T04:19:33.056+0000] {logging_mixin.py:188} INFO - 2024-03-15 04:19:33,056 INFO sqlalchemy.engine.Engine [raw sql] {}
[2024-03-15T04:19:33.056+0000] {base.py:1868} INFO - [raw sql] {}
[2024-03-15T04:19:33.567+0000] {python.py:202} INFO - Done. Returned value was: None
[2024-03-15T04:19:33.670+0000] {taskinstance.py:1149} INFO - Marking task as SUCCESS. dag_id=study_case_1, task_id=fetch_data_task, execution_date=20240315T041924, start_date=20240315T041926, end_date=20240315T041933
[2024-03-15T04:19:40.484+0000] {local_task_job_runner.py:234} INFO - Task exited with return code 0
[2024-03-15T04:19:40.576+0000] {taskinstance.py:3309} INFO - 1 downstream tasks scheduled from follow-on schedule check
