[2024-03-17T05:15:51.659+0000] {taskinstance.py:1979} INFO - Dependencies all met for dep_context=non-requeueable deps ti=<TaskInstance: study_case_etl_cloud_storage_dua.fetch_data_task_id manual__2024-03-17T05:15:49.763286+00:00 [queued]>
[2024-03-17T05:15:51.666+0000] {taskinstance.py:1979} INFO - Dependencies all met for dep_context=requeueable deps ti=<TaskInstance: study_case_etl_cloud_storage_dua.fetch_data_task_id manual__2024-03-17T05:15:49.763286+00:00 [queued]>
[2024-03-17T05:15:51.666+0000] {taskinstance.py:2193} INFO - Starting attempt 1 of 2
[2024-03-17T05:15:51.677+0000] {taskinstance.py:2214} INFO - Executing <Task(PythonOperator): fetch_data_task_id> on 2024-03-17 05:15:49.763286+00:00
[2024-03-17T05:15:51.682+0000] {standard_task_runner.py:60} INFO - Started process 5021 to run task
[2024-03-17T05:15:51.685+0000] {standard_task_runner.py:87} INFO - Running: ['***', 'tasks', 'run', 'study_case_etl_cloud_storage_dua', 'fetch_data_task_id', 'manual__2024-03-17T05:15:49.763286+00:00', '--job-id', '914', '--raw', '--subdir', 'DAGS_FOLDER/etl_day_bigquery/study_case_etl_cloud_storage_dua.py', '--cfg-path', '/tmp/tmp03ip2c1q']
[2024-03-17T05:15:51.687+0000] {standard_task_runner.py:88} INFO - Job 914: Subtask fetch_data_task_id
[2024-03-17T05:15:51.725+0000] {task_command.py:423} INFO - Running <TaskInstance: study_case_etl_cloud_storage_dua.fetch_data_task_id manual__2024-03-17T05:15:49.763286+00:00 [running]> on host 1d5b76b26ba5
[2024-03-17T05:15:51.790+0000] {taskinstance.py:2510} INFO - Exporting env vars: AIRFLOW_CTX_DAG_OWNER='Agus mahari' AIRFLOW_CTX_DAG_ID='study_case_etl_cloud_storage_dua' AIRFLOW_CTX_TASK_ID='fetch_data_task_id' AIRFLOW_CTX_EXECUTION_DATE='2024-03-17T05:15:49.763286+00:00' AIRFLOW_CTX_TRY_NUMBER='1' AIRFLOW_CTX_DAG_RUN_ID='manual__2024-03-17T05:15:49.763286+00:00'
[2024-03-17T05:15:54.579+0000] {logging_mixin.py:188} INFO - 2024-03-17 05:15:54,579 INFO sqlalchemy.engine.Engine SELECT DATABASE()
[2024-03-17T05:15:54.579+0000] {base.py:1863} INFO - SELECT DATABASE()
[2024-03-17T05:15:54.580+0000] {logging_mixin.py:188} INFO - 2024-03-17 05:15:54,580 INFO sqlalchemy.engine.Engine [raw sql] {}
[2024-03-17T05:15:54.580+0000] {base.py:1868} INFO - [raw sql] {}
[2024-03-17T05:15:55.523+0000] {logging_mixin.py:188} INFO - 2024-03-17 05:15:55,523 INFO sqlalchemy.engine.Engine SELECT @@sql_mode
[2024-03-17T05:15:55.523+0000] {base.py:1863} INFO - SELECT @@sql_mode
[2024-03-17T05:15:55.524+0000] {logging_mixin.py:188} INFO - 2024-03-17 05:15:55,524 INFO sqlalchemy.engine.Engine [raw sql] {}
[2024-03-17T05:15:55.524+0000] {base.py:1868} INFO - [raw sql] {}
[2024-03-17T05:15:55.984+0000] {logging_mixin.py:188} INFO - 2024-03-17 05:15:55,984 INFO sqlalchemy.engine.Engine SELECT @@lower_case_table_names
[2024-03-17T05:15:55.984+0000] {base.py:1863} INFO - SELECT @@lower_case_table_names
[2024-03-17T05:15:55.985+0000] {logging_mixin.py:188} INFO - 2024-03-17 05:15:55,985 INFO sqlalchemy.engine.Engine [raw sql] {}
[2024-03-17T05:15:55.985+0000] {base.py:1868} INFO - [raw sql] {}
[2024-03-17T05:15:56.667+0000] {logging_mixin.py:188} INFO - 2024-03-17 05:15:56,667 INFO sqlalchemy.engine.Engine 
  SELECT 
    *
FROM databasename.mytable
[2024-03-17T05:15:56.667+0000] {base.py:1863} INFO - 
  SELECT 
    *
FROM databasename.mytable
[2024-03-17T05:15:56.668+0000] {logging_mixin.py:188} INFO - 2024-03-17 05:15:56,668 INFO sqlalchemy.engine.Engine [raw sql] {}
[2024-03-17T05:15:56.668+0000] {base.py:1868} INFO - [raw sql] {}
[2024-03-17T05:15:57.120+0000] {python.py:202} INFO - Done. Returned value was: /opt/***/data/fetch_data_task_id_2024-03-17.csv
[2024-03-17T05:15:57.138+0000] {taskinstance.py:1149} INFO - Marking task as SUCCESS. dag_id=study_case_etl_cloud_storage_dua, task_id=fetch_data_task_id, execution_date=20240317T051549, start_date=20240317T051551, end_date=20240317T051557
[2024-03-17T05:15:57.185+0000] {local_task_job_runner.py:234} INFO - Task exited with return code 0
[2024-03-17T05:15:57.206+0000] {taskinstance.py:3309} INFO - 1 downstream tasks scheduled from follow-on schedule check
