[2024-03-16T05:54:27.736+0000] {taskinstance.py:1979} INFO - Dependencies all met for dep_context=non-requeueable deps ti=<TaskInstance: study_case_1.fetch_data_task scheduled__2024-03-15T21:00:00+00:00 [queued]>
[2024-03-16T05:54:27.766+0000] {taskinstance.py:1979} INFO - Dependencies all met for dep_context=requeueable deps ti=<TaskInstance: study_case_1.fetch_data_task scheduled__2024-03-15T21:00:00+00:00 [queued]>
[2024-03-16T05:54:27.771+0000] {taskinstance.py:2193} INFO - Starting attempt 1 of 2
[2024-03-16T05:54:27.830+0000] {taskinstance.py:2214} INFO - Executing <Task(PythonOperator): fetch_data_task> on 2024-03-15 21:00:00+00:00
[2024-03-16T05:54:27.854+0000] {standard_task_runner.py:60} INFO - Started process 126 to run task
[2024-03-16T05:54:27.861+0000] {standard_task_runner.py:87} INFO - Running: ['***', 'tasks', 'run', 'study_case_1', 'fetch_data_task', 'scheduled__2024-03-15T21:00:00+00:00', '--job-id', '348', '--raw', '--subdir', 'DAGS_FOLDER/pintro_aplikasi_education/study_case1.py', '--cfg-path', '/tmp/tmp1sfqflzy']
[2024-03-16T05:54:27.868+0000] {standard_task_runner.py:88} INFO - Job 348: Subtask fetch_data_task
[2024-03-16T05:54:28.064+0000] {task_command.py:423} INFO - Running <TaskInstance: study_case_1.fetch_data_task scheduled__2024-03-15T21:00:00+00:00 [running]> on host f293363f8e27
[2024-03-16T05:54:28.299+0000] {taskinstance.py:2510} INFO - Exporting env vars: AIRFLOW_CTX_DAG_OWNER='Agus mahari' AIRFLOW_CTX_DAG_ID='study_case_1' AIRFLOW_CTX_TASK_ID='fetch_data_task' AIRFLOW_CTX_EXECUTION_DATE='2024-03-15T21:00:00+00:00' AIRFLOW_CTX_TRY_NUMBER='1' AIRFLOW_CTX_DAG_RUN_ID='scheduled__2024-03-15T21:00:00+00:00'
[2024-03-16T05:54:28.305+0000] {warnings.py:109} WARNING - /home/***/.local/lib/python3.8/site-packages/***/utils/context.py:315: AirflowContextDeprecationWarning: Accessing 'execution_date' from the template is deprecated and will be removed in a future version. Please use 'data_interval_start' or 'logical_date' instead.
  warnings.warn(_create_deprecation_warning(k, replacements))

[2024-03-16T05:54:31.082+0000] {logging_mixin.py:188} INFO - 2024-03-16 05:54:31,082 INFO sqlalchemy.engine.Engine SELECT DATABASE()
[2024-03-16T05:54:31.082+0000] {base.py:1863} INFO - SELECT DATABASE()
[2024-03-16T05:54:31.087+0000] {logging_mixin.py:188} INFO - 2024-03-16 05:54:31,086 INFO sqlalchemy.engine.Engine [raw sql] {}
[2024-03-16T05:54:31.086+0000] {base.py:1868} INFO - [raw sql] {}
[2024-03-16T05:54:32.003+0000] {logging_mixin.py:188} INFO - 2024-03-16 05:54:32,003 INFO sqlalchemy.engine.Engine SELECT @@sql_mode
[2024-03-16T05:54:32.003+0000] {base.py:1863} INFO - SELECT @@sql_mode
[2024-03-16T05:54:32.005+0000] {logging_mixin.py:188} INFO - 2024-03-16 05:54:32,004 INFO sqlalchemy.engine.Engine [raw sql] {}
[2024-03-16T05:54:32.004+0000] {base.py:1868} INFO - [raw sql] {}
[2024-03-16T05:54:32.474+0000] {logging_mixin.py:188} INFO - 2024-03-16 05:54:32,474 INFO sqlalchemy.engine.Engine SELECT @@lower_case_table_names
[2024-03-16T05:54:32.474+0000] {base.py:1863} INFO - SELECT @@lower_case_table_names
[2024-03-16T05:54:32.477+0000] {logging_mixin.py:188} INFO - 2024-03-16 05:54:32,477 INFO sqlalchemy.engine.Engine [raw sql] {}
[2024-03-16T05:54:32.477+0000] {base.py:1868} INFO - [raw sql] {}
[2024-03-16T05:54:33.150+0000] {logging_mixin.py:188} INFO - 2024-03-16 05:54:33,150 INFO sqlalchemy.engine.Engine 


   SELECT 
    *, 
    CONVERT_TZ(NOW(), 'UTC', '+07:00') as execution_at
FROM test.user
WHERE updated_at BETWEEN NOW() - INTERVAL 7 MINUTE AND NOW()
[2024-03-16T05:54:33.150+0000] {base.py:1863} INFO - 


   SELECT 
    *, 
    CONVERT_TZ(NOW(), 'UTC', '+07:00') as execution_at
FROM test.user
WHERE updated_at BETWEEN NOW() - INTERVAL 7 MINUTE AND NOW()
[2024-03-16T05:54:33.152+0000] {logging_mixin.py:188} INFO - 2024-03-16 05:54:33,152 INFO sqlalchemy.engine.Engine [raw sql] {}
[2024-03-16T05:54:33.152+0000] {base.py:1868} INFO - [raw sql] {}
[2024-03-16T05:54:33.623+0000] {logging_mixin.py:188} INFO - File already exists.
[2024-03-16T05:54:33.628+0000] {python.py:202} INFO - Done. Returned value was: None
[2024-03-16T05:54:33.648+0000] {taskinstance.py:1149} INFO - Marking task as SUCCESS. dag_id=study_case_1, task_id=fetch_data_task, execution_date=20240315T210000, start_date=20240316T055427, end_date=20240316T055433
[2024-03-16T05:54:33.708+0000] {local_task_job_runner.py:234} INFO - Task exited with return code 0
[2024-03-16T05:54:33.810+0000] {taskinstance.py:3309} INFO - 1 downstream tasks scheduled from follow-on schedule check
