[2024-03-16T06:05:01.240+0000] {taskinstance.py:1979} INFO - Dependencies all met for dep_context=non-requeueable deps ti=<TaskInstance: study_case_1.fetch_data_task scheduled__2024-03-15T09:00:00+00:00 [queued]>
[2024-03-16T06:05:01.257+0000] {taskinstance.py:1979} INFO - Dependencies all met for dep_context=requeueable deps ti=<TaskInstance: study_case_1.fetch_data_task scheduled__2024-03-15T09:00:00+00:00 [queued]>
[2024-03-16T06:05:01.258+0000] {taskinstance.py:2193} INFO - Starting attempt 2 of 2
[2024-03-16T06:05:01.283+0000] {taskinstance.py:2214} INFO - Executing <Task(PythonOperator): fetch_data_task> on 2024-03-15 09:00:00+00:00
[2024-03-16T06:05:01.292+0000] {standard_task_runner.py:60} INFO - Started process 63 to run task
[2024-03-16T06:05:01.305+0000] {standard_task_runner.py:87} INFO - Running: ['***', 'tasks', 'run', 'study_case_1', 'fetch_data_task', 'scheduled__2024-03-15T09:00:00+00:00', '--job-id', '465', '--raw', '--subdir', 'DAGS_FOLDER/pintro_aplikasi_education/study_case1.py', '--cfg-path', '/tmp/tmpjh7_he6b']
[2024-03-16T06:05:01.315+0000] {standard_task_runner.py:88} INFO - Job 465: Subtask fetch_data_task
[2024-03-16T06:05:01.486+0000] {task_command.py:423} INFO - Running <TaskInstance: study_case_1.fetch_data_task scheduled__2024-03-15T09:00:00+00:00 [running]> on host 72d5c878da28
[2024-03-16T06:05:01.788+0000] {taskinstance.py:2510} INFO - Exporting env vars: AIRFLOW_CTX_DAG_OWNER='Agus mahari' AIRFLOW_CTX_DAG_ID='study_case_1' AIRFLOW_CTX_TASK_ID='fetch_data_task' AIRFLOW_CTX_EXECUTION_DATE='2024-03-15T09:00:00+00:00' AIRFLOW_CTX_TRY_NUMBER='2' AIRFLOW_CTX_DAG_RUN_ID='scheduled__2024-03-15T09:00:00+00:00'
[2024-03-16T06:05:01.792+0000] {warnings.py:109} WARNING - /home/***/.local/lib/python3.8/site-packages/***/utils/context.py:315: AirflowContextDeprecationWarning: Accessing 'execution_date' from the template is deprecated and will be removed in a future version. Please use 'data_interval_start' or 'logical_date' instead.
  warnings.warn(_create_deprecation_warning(k, replacements))

[2024-03-16T06:05:04.729+0000] {logging_mixin.py:188} INFO - 2024-03-16 06:05:04,728 INFO sqlalchemy.engine.Engine SELECT DATABASE()
[2024-03-16T06:05:04.728+0000] {base.py:1863} INFO - SELECT DATABASE()
[2024-03-16T06:05:04.730+0000] {logging_mixin.py:188} INFO - 2024-03-16 06:05:04,730 INFO sqlalchemy.engine.Engine [raw sql] {}
[2024-03-16T06:05:04.730+0000] {base.py:1868} INFO - [raw sql] {}
[2024-03-16T06:05:05.632+0000] {logging_mixin.py:188} INFO - 2024-03-16 06:05:05,632 INFO sqlalchemy.engine.Engine SELECT @@sql_mode
[2024-03-16T06:05:05.632+0000] {base.py:1863} INFO - SELECT @@sql_mode
[2024-03-16T06:05:05.633+0000] {logging_mixin.py:188} INFO - 2024-03-16 06:05:05,633 INFO sqlalchemy.engine.Engine [raw sql] {}
[2024-03-16T06:05:05.633+0000] {base.py:1868} INFO - [raw sql] {}
[2024-03-16T06:05:06.091+0000] {logging_mixin.py:188} INFO - 2024-03-16 06:05:06,091 INFO sqlalchemy.engine.Engine SELECT @@lower_case_table_names
[2024-03-16T06:05:06.091+0000] {base.py:1863} INFO - SELECT @@lower_case_table_names
[2024-03-16T06:05:06.092+0000] {logging_mixin.py:188} INFO - 2024-03-16 06:05:06,092 INFO sqlalchemy.engine.Engine [raw sql] {}
[2024-03-16T06:05:06.092+0000] {base.py:1868} INFO - [raw sql] {}
[2024-03-16T06:05:06.772+0000] {logging_mixin.py:188} INFO - 2024-03-16 06:05:06,772 INFO sqlalchemy.engine.Engine 


   SELECT 
    *, 
    CONVERT_TZ(NOW(), 'UTC', '+07:00') as execution_at
FROM test.user
WHERE updated_at BETWEEN NOW() - INTERVAL 7 MINUTE AND NOW()
[2024-03-16T06:05:06.772+0000] {base.py:1863} INFO - 


   SELECT 
    *, 
    CONVERT_TZ(NOW(), 'UTC', '+07:00') as execution_at
FROM test.user
WHERE updated_at BETWEEN NOW() - INTERVAL 7 MINUTE AND NOW()
[2024-03-16T06:05:06.775+0000] {logging_mixin.py:188} INFO - 2024-03-16 06:05:06,775 INFO sqlalchemy.engine.Engine [raw sql] {}
[2024-03-16T06:05:06.775+0000] {base.py:1868} INFO - [raw sql] {}
[2024-03-16T06:05:07.228+0000] {python.py:202} INFO - Done. Returned value was: None
[2024-03-16T06:05:07.235+0000] {taskinstance.py:1149} INFO - Marking task as SUCCESS. dag_id=study_case_1, task_id=fetch_data_task, execution_date=20240315T090000, start_date=20240316T060501, end_date=20240316T060507
[2024-03-16T06:05:07.275+0000] {local_task_job_runner.py:234} INFO - Task exited with return code 0
[2024-03-16T06:05:07.305+0000] {taskinstance.py:3309} INFO - 1 downstream tasks scheduled from follow-on schedule check
