[2024-03-22T19:14:59.236+0000] {taskinstance.py:1979} INFO - Dependencies all met for dep_context=non-requeueable deps ti=<TaskInstance: my_first_dag.bash_task_1 manual__2024-03-22T19:14:58.054130+00:00 [queued]>
[2024-03-22T19:14:59.244+0000] {taskinstance.py:1979} INFO - Dependencies all met for dep_context=requeueable deps ti=<TaskInstance: my_first_dag.bash_task_1 manual__2024-03-22T19:14:58.054130+00:00 [queued]>
[2024-03-22T19:14:59.244+0000] {taskinstance.py:2193} INFO - Starting attempt 1 of 11
[2024-03-22T19:14:59.255+0000] {taskinstance.py:2214} INFO - Executing <Task(BashOperator): bash_task_1> on 2024-03-22 19:14:58.054130+00:00
[2024-03-22T19:14:59.258+0000] {standard_task_runner.py:60} INFO - Started process 1503 to run task
[2024-03-22T19:14:59.261+0000] {standard_task_runner.py:87} INFO - Running: ['***', 'tasks', 'run', 'my_first_dag', 'bash_task_1', 'manual__2024-03-22T19:14:58.054130+00:00', '--job-id', '257', '--raw', '--subdir', 'DAGS_FOLDER/running_dbt_core/running_dbt_core.py', '--cfg-path', '/tmp/tmpo6m6b7ga']
[2024-03-22T19:14:59.262+0000] {standard_task_runner.py:88} INFO - Job 257: Subtask bash_task_1
[2024-03-22T19:14:59.300+0000] {task_command.py:423} INFO - Running <TaskInstance: my_first_dag.bash_task_1 manual__2024-03-22T19:14:58.054130+00:00 [running]> on host 428086c4ef09
[2024-03-22T19:14:59.364+0000] {taskinstance.py:2510} INFO - Exporting env vars: AIRFLOW_CTX_DAG_OWNER='proton' AIRFLOW_CTX_DAG_ID='my_first_dag' AIRFLOW_CTX_TASK_ID='bash_task_1' AIRFLOW_CTX_EXECUTION_DATE='2024-03-22T19:14:58.054130+00:00' AIRFLOW_CTX_TRY_NUMBER='1' AIRFLOW_CTX_DAG_RUN_ID='manual__2024-03-22T19:14:58.054130+00:00'
[2024-03-22T19:14:59.365+0000] {subprocess.py:63} INFO - Tmp dir root location: /tmp
[2024-03-22T19:14:59.366+0000] {subprocess.py:75} INFO - Running command: ['/usr/bin/bash', '-c', 'cd /opt/***/dbt/credit_card_dwh && dbt deps && dbt seed --profiles-dir .']
[2024-03-22T19:14:59.375+0000] {subprocess.py:86} INFO - Output:
[2024-03-22T19:15:01.684+0000] {subprocess.py:93} INFO - [0m19:15:01  Running with dbt=1.7.10
[2024-03-22T19:15:04.129+0000] {subprocess.py:93} INFO - [0m19:15:04  Installing dbt-labs/dbt_utils
[2024-03-22T19:15:04.825+0000] {subprocess.py:93} INFO - [0m19:15:04  Installed from version 0.8.0
[2024-03-22T19:15:04.826+0000] {subprocess.py:93} INFO - [0m19:15:04  Updated version available: 1.1.1
[2024-03-22T19:15:04.827+0000] {subprocess.py:93} INFO - [0m19:15:04  Installing calogica/dbt_expectations
[2024-03-22T19:15:08.584+0000] {subprocess.py:93} INFO - [0m19:15:08  Installed from version 0.8.5
[2024-03-22T19:15:08.585+0000] {subprocess.py:93} INFO - [0m19:15:08  Updated version available: 0.10.3
[2024-03-22T19:15:08.587+0000] {subprocess.py:93} INFO - [0m19:15:08  Installing calogica/dbt_date
[2024-03-22T19:15:09.125+0000] {subprocess.py:93} INFO - [0m19:15:09  Installed from version 0.7.2
[2024-03-22T19:15:09.126+0000] {subprocess.py:93} INFO - [0m19:15:09  Updated version available: 0.10.0
[2024-03-22T19:15:09.127+0000] {subprocess.py:93} INFO - [0m19:15:09
[2024-03-22T19:15:09.128+0000] {subprocess.py:93} INFO - [0m19:15:09  Updates available for packages: ['dbt-labs/dbt_utils', 'calogica/dbt_expectations', 'calogica/dbt_date']
[2024-03-22T19:15:09.129+0000] {subprocess.py:93} INFO - Update your versions in packages.yml, then run dbt deps
[2024-03-22T19:15:13.815+0000] {subprocess.py:93} INFO - [0m19:15:13  Running with dbt=1.7.10
[2024-03-22T19:15:14.783+0000] {subprocess.py:93} INFO - [0m19:15:14  Registered adapter: bigquery=1.7.6
[2024-03-22T19:15:14.953+0000] {subprocess.py:93} INFO - [0m19:15:14  Found 15 models, 5 seeds, 20 tests, 1 source, 0 exposures, 0 metrics, 870 macros, 0 groups, 0 semantic models
[2024-03-22T19:15:14.957+0000] {subprocess.py:93} INFO - [0m19:15:14
[2024-03-22T19:15:16.827+0000] {subprocess.py:93} INFO - [0m19:15:16  Concurrency: 4 threads (target='dev')
[2024-03-22T19:15:16.832+0000] {subprocess.py:93} INFO - [0m19:15:16
[2024-03-22T19:15:16.867+0000] {subprocess.py:93} INFO - [0m19:15:16  1 of 5 START seed file final_project.dim_EDUCATION ............................. [RUN]
[2024-03-22T19:15:16.869+0000] {subprocess.py:93} INFO - [0m19:15:16  2 of 5 START seed file final_project.dim_HOUSING ............................... [RUN]
[2024-03-22T19:15:16.873+0000] {subprocess.py:93} INFO - [0m19:15:16  3 of 5 START seed file final_project.dim_INCOME ................................ [RUN]
[2024-03-22T19:15:16.875+0000] {subprocess.py:93} INFO - [0m19:15:16  4 of 5 START seed file final_project.dim_JOB ................................... [RUN]
[2024-03-22T19:15:24.203+0000] {subprocess.py:93} INFO - [0m19:15:24  3 of 5 OK loaded seed file final_project.dim_INCOME ............................ [[32mINSERT 5[0m in 7.32s]
[2024-03-22T19:15:24.204+0000] {subprocess.py:93} INFO - [0m19:15:24  4 of 5 OK loaded seed file final_project.dim_JOB ............................... [[32mINSERT 19[0m in 7.32s]
[2024-03-22T19:15:24.219+0000] {subprocess.py:93} INFO - [0m19:15:24  1 of 5 OK loaded seed file final_project.dim_EDUCATION ......................... [[32mINSERT 5[0m in 7.34s]
[2024-03-22T19:15:24.220+0000] {subprocess.py:93} INFO - [0m19:15:24  5 of 5 START seed file final_project.dim_MARITAL ............................... [RUN]
[2024-03-22T19:15:24.226+0000] {subprocess.py:93} INFO - [0m19:15:24  2 of 5 OK loaded seed file final_project.dim_HOUSING ........................... [[32mINSERT 6[0m in 7.34s]
[2024-03-22T19:15:31.312+0000] {subprocess.py:93} INFO - [0m19:15:31  5 of 5 OK loaded seed file final_project.dim_MARITAL ........................... [[32mINSERT 5[0m in 7.08s]
[2024-03-22T19:15:31.331+0000] {subprocess.py:93} INFO - [0m19:15:31
[2024-03-22T19:15:31.332+0000] {subprocess.py:93} INFO - [0m19:15:31  Finished running 5 seeds in 0 hours 0 minutes and 16.37 seconds (16.37s).
[2024-03-22T19:15:31.358+0000] {subprocess.py:93} INFO - [0m19:15:31
[2024-03-22T19:15:31.360+0000] {subprocess.py:93} INFO - [0m19:15:31  [32mCompleted successfully[0m
[2024-03-22T19:15:31.361+0000] {subprocess.py:93} INFO - [0m19:15:31
[2024-03-22T19:15:31.362+0000] {subprocess.py:93} INFO - [0m19:15:31  Done. PASS=5 WARN=0 ERROR=0 SKIP=0 TOTAL=5
[2024-03-22T19:15:33.751+0000] {subprocess.py:97} INFO - Command exited with return code 0
[2024-03-22T19:15:33.770+0000] {taskinstance.py:1149} INFO - Marking task as SUCCESS. dag_id=my_first_dag, task_id=bash_task_1, execution_date=20240322T191458, start_date=20240322T191459, end_date=20240322T191533
[2024-03-22T19:15:33.810+0000] {local_task_job_runner.py:234} INFO - Task exited with return code 0
[2024-03-22T19:15:33.824+0000] {taskinstance.py:3309} INFO - 1 downstream tasks scheduled from follow-on schedule check
