[2024-03-08T20:26:12.690+0000] {taskinstance.py:1979} INFO - Dependencies all met for dep_context=non-requeueable deps ti=<TaskInstance: mongodb_to_sql8.ingest_csv_to_mysql manual__2024-03-08T20:26:08.681292+00:00 [queued]>
[2024-03-08T20:26:12.699+0000] {taskinstance.py:1979} INFO - Dependencies all met for dep_context=requeueable deps ti=<TaskInstance: mongodb_to_sql8.ingest_csv_to_mysql manual__2024-03-08T20:26:08.681292+00:00 [queued]>
[2024-03-08T20:26:12.700+0000] {taskinstance.py:2193} INFO - Starting attempt 1 of 2
[2024-03-08T20:26:12.711+0000] {taskinstance.py:2214} INFO - Executing <Task(PythonOperator): ingest_csv_to_mysql> on 2024-03-08 20:26:08.681292+00:00
[2024-03-08T20:26:12.716+0000] {standard_task_runner.py:60} INFO - Started process 2182 to run task
[2024-03-08T20:26:12.720+0000] {standard_task_runner.py:87} INFO - Running: ['***', 'tasks', 'run', 'mongodb_to_sql8', 'ingest_csv_to_mysql', 'manual__2024-03-08T20:26:08.681292+00:00', '--job-id', '166', '--raw', '--subdir', 'DAGS_FOLDER/restrore_mongo/main_dag_sql_delapan.py', '--cfg-path', '/tmp/tmpsfj9aexy']
[2024-03-08T20:26:12.723+0000] {standard_task_runner.py:88} INFO - Job 166: Subtask ingest_csv_to_mysql
[2024-03-08T20:26:12.767+0000] {task_command.py:423} INFO - Running <TaskInstance: mongodb_to_sql8.ingest_csv_to_mysql manual__2024-03-08T20:26:08.681292+00:00 [running]> on host c9d1ac6dab48
[2024-03-08T20:26:12.845+0000] {taskinstance.py:2510} INFO - Exporting env vars: AIRFLOW_CTX_DAG_OWNER='***' AIRFLOW_CTX_DAG_ID='mongodb_to_sql8' AIRFLOW_CTX_TASK_ID='ingest_csv_to_mysql' AIRFLOW_CTX_EXECUTION_DATE='2024-03-08T20:26:08.681292+00:00' AIRFLOW_CTX_TRY_NUMBER='1' AIRFLOW_CTX_DAG_RUN_ID='manual__2024-03-08T20:26:08.681292+00:00'
[2024-03-08T20:26:12.847+0000] {warnings.py:109} WARNING - /home/***/.local/lib/python3.8/site-packages/***/utils/context.py:315: AirflowContextDeprecationWarning: Accessing 'execution_date' from the template is deprecated and will be removed in a future version. Please use 'data_interval_start' or 'logical_date' instead.
  warnings.warn(_create_deprecation_warning(k, replacements))

[2024-03-08T20:26:15.355+0000] {logging_mixin.py:188} INFO - 2024-03-08 20:26:15,355 INFO sqlalchemy.engine.Engine SELECT DATABASE()
[2024-03-08T20:26:15.355+0000] {base.py:1863} INFO - SELECT DATABASE()
[2024-03-08T20:26:15.357+0000] {logging_mixin.py:188} INFO - 2024-03-08 20:26:15,357 INFO sqlalchemy.engine.Engine [raw sql] {}
[2024-03-08T20:26:15.357+0000] {base.py:1868} INFO - [raw sql] {}
[2024-03-08T20:26:16.245+0000] {logging_mixin.py:188} INFO - 2024-03-08 20:26:16,245 INFO sqlalchemy.engine.Engine SELECT @@sql_mode
[2024-03-08T20:26:16.245+0000] {base.py:1863} INFO - SELECT @@sql_mode
[2024-03-08T20:26:16.246+0000] {logging_mixin.py:188} INFO - 2024-03-08 20:26:16,246 INFO sqlalchemy.engine.Engine [raw sql] {}
[2024-03-08T20:26:16.246+0000] {base.py:1868} INFO - [raw sql] {}
[2024-03-08T20:26:16.665+0000] {logging_mixin.py:188} INFO - 2024-03-08 20:26:16,665 INFO sqlalchemy.engine.Engine SELECT @@lower_case_table_names
[2024-03-08T20:26:16.665+0000] {base.py:1863} INFO - SELECT @@lower_case_table_names
[2024-03-08T20:26:16.666+0000] {logging_mixin.py:188} INFO - 2024-03-08 20:26:16,666 INFO sqlalchemy.engine.Engine [raw sql] {}
[2024-03-08T20:26:16.666+0000] {base.py:1868} INFO - [raw sql] {}
[2024-03-08T20:26:17.094+0000] {logging_mixin.py:188} INFO - 2024-03-08 20:26:17,094 INFO sqlalchemy.engine.Engine BEGIN (implicit)
[2024-03-08T20:26:17.094+0000] {base.py:1032} INFO - BEGIN (implicit)
[2024-03-08T20:26:17.319+0000] {logging_mixin.py:188} INFO - 2024-03-08 20:26:17,319 INFO sqlalchemy.engine.Engine SELECT COUNT(*) FROM information_schema.tables WHERE table_schema = %(table_schema)s AND table_name = %(table_name)s
[2024-03-08T20:26:17.319+0000] {base.py:1863} INFO - SELECT COUNT(*) FROM information_schema.tables WHERE table_schema = %(table_schema)s AND table_name = %(table_name)s
[2024-03-08T20:26:17.320+0000] {logging_mixin.py:188} INFO - 2024-03-08 20:26:17,320 INFO sqlalchemy.engine.Engine [generated in 0.22173s] {'table_schema': 'test', 'table_name': 'transaksi_restore'}
[2024-03-08T20:26:17.320+0000] {base.py:1868} INFO - [generated in 0.22173s] {'table_schema': 'test', 'table_name': 'transaksi_restore'}
[2024-03-08T20:26:17.745+0000] {logging_mixin.py:188} INFO - 2024-03-08 20:26:17,745 INFO sqlalchemy.engine.Engine SELECT COUNT(*) FROM information_schema.tables WHERE table_schema = %(table_schema)s AND table_name = %(table_name)s
[2024-03-08T20:26:17.745+0000] {base.py:1863} INFO - SELECT COUNT(*) FROM information_schema.tables WHERE table_schema = %(table_schema)s AND table_name = %(table_name)s
[2024-03-08T20:26:17.746+0000] {logging_mixin.py:188} INFO - 2024-03-08 20:26:17,746 INFO sqlalchemy.engine.Engine [cached since 0.6476s ago] {'table_schema': 'test', 'table_name': 'transaksi_restore'}
[2024-03-08T20:26:17.746+0000] {base.py:1868} INFO - [cached since 0.6476s ago] {'table_schema': 'test', 'table_name': 'transaksi_restore'}
[2024-03-08T20:26:18.177+0000] {logging_mixin.py:188} INFO - 2024-03-08 20:26:18,176 INFO sqlalchemy.engine.Engine SHOW FULL TABLES FROM `test`
[2024-03-08T20:26:18.176+0000] {base.py:1863} INFO - SHOW FULL TABLES FROM `test`
[2024-03-08T20:26:18.180+0000] {logging_mixin.py:188} INFO - 2024-03-08 20:26:18,180 INFO sqlalchemy.engine.Engine [raw sql] {}
[2024-03-08T20:26:18.180+0000] {base.py:1868} INFO - [raw sql] {}
[2024-03-08T20:26:18.625+0000] {logging_mixin.py:188} INFO - 2024-03-08 20:26:18,625 INFO sqlalchemy.engine.Engine SHOW CREATE TABLE `transaksi_restore`
[2024-03-08T20:26:18.625+0000] {base.py:1863} INFO - SHOW CREATE TABLE `transaksi_restore`
[2024-03-08T20:26:18.626+0000] {logging_mixin.py:188} INFO - 2024-03-08 20:26:18,626 INFO sqlalchemy.engine.Engine [raw sql] {}
[2024-03-08T20:26:18.626+0000] {base.py:1868} INFO - [raw sql] {}
[2024-03-08T20:26:19.063+0000] {logging_mixin.py:188} INFO - 2024-03-08 20:26:19,063 INFO sqlalchemy.engine.Engine 
DROP TABLE transaksi_restore
[2024-03-08T20:26:19.063+0000] {base.py:1863} INFO - 
DROP TABLE transaksi_restore
[2024-03-08T20:26:19.067+0000] {logging_mixin.py:188} INFO - 2024-03-08 20:26:19,067 INFO sqlalchemy.engine.Engine [no key 0.21825s] {}
[2024-03-08T20:26:19.067+0000] {base.py:1868} INFO - [no key 0.21825s] {}
[2024-03-08T20:26:19.513+0000] {logging_mixin.py:188} INFO - 2024-03-08 20:26:19,513 INFO sqlalchemy.engine.Engine 
CREATE TABLE transaksi_restore (
	_id TEXT, 
	id_transaksi BIGINT, 
	tanggal_transaksi TEXT, 
	id_pelanggan BIGINT, 
	metode_pembayaran TEXT, 
	barang_jasa_dibeli TEXT, 
	status_pembayaran TEXT, 
	created_at TEXT, 
	updated_at TEXT, 
	execution_timestamp FLOAT(53)
)
[2024-03-08T20:26:19.513+0000] {base.py:1863} INFO - 
CREATE TABLE transaksi_restore (
	_id TEXT, 
	id_transaksi BIGINT, 
	tanggal_transaksi TEXT, 
	id_pelanggan BIGINT, 
	metode_pembayaran TEXT, 
	barang_jasa_dibeli TEXT, 
	status_pembayaran TEXT, 
	created_at TEXT, 
	updated_at TEXT, 
	execution_timestamp FLOAT(53)
)


[2024-03-08T20:26:19.514+0000] {logging_mixin.py:188} INFO - 2024-03-08 20:26:19,514 INFO sqlalchemy.engine.Engine [no key 0.21198s] {}
[2024-03-08T20:26:19.514+0000] {base.py:1868} INFO - [no key 0.21198s] {}
[2024-03-08T20:26:19.993+0000] {logging_mixin.py:188} INFO - 2024-03-08 20:26:19,993 INFO sqlalchemy.engine.Engine INSERT INTO transaksi_restore (_id, id_transaksi, tanggal_transaksi, id_pelanggan, metode_pembayaran, barang_jasa_dibeli, status_pembayaran, created_at, updated_at, execution_timestamp) VALUES (%(_id)s, %(id_transaksi)s, %(tanggal_transaksi)s, %(id_pelanggan)s, %(metode_pembayaran)s, %(barang_jasa_dibeli)s, %(status_pembayaran)s, %(created_at)s, %(updated_at)s, %(execution_timestamp)s)
[2024-03-08T20:26:19.993+0000] {base.py:1863} INFO - INSERT INTO transaksi_restore (_id, id_transaksi, tanggal_transaksi, id_pelanggan, metode_pembayaran, barang_jasa_dibeli, status_pembayaran, created_at, updated_at, execution_timestamp) VALUES (%(_id)s, %(id_transaksi)s, %(tanggal_transaksi)s, %(id_pelanggan)s, %(metode_pembayaran)s, %(barang_jasa_dibeli)s, %(status_pembayaran)s, %(created_at)s, %(updated_at)s, %(execution_timestamp)s)
[2024-03-08T20:26:19.994+0000] {logging_mixin.py:188} INFO - 2024-03-08 20:26:19,994 INFO sqlalchemy.engine.Engine [generated in 0.22558s] ({'_id': '65eb5c01c3b3c69e5121ff2f', 'id_transaksi': 20, 'tanggal_transaksi': '2024-03-09', 'id_pelanggan': 120, 'metode_pembayaran': 'E-Wallet', 'barang_jasa_dibeli': 'Produk T', 'status_pembayaran': 'Lunas', 'created_at': '2024-03-08 11:46:43', 'updated_at': '2024-03-08 12:32:29', 'execution_timestamp': 1709923321.276285}, {'_id': '65eb5c01c3b3c69e5121ff1d', 'id_transaksi': 8, 'tanggal_transaksi': '2024-03-09', 'id_pelanggan': 108, 'metode_pembayaran': 'E-Wallet', 'barang_jasa_dibeli': 'Produk H', 'status_pembayaran': 'Belum Lunas', 'created_at': '2024-03-08 15:46:43', 'updated_at': '2024-03-08 15:46:43', 'execution_timestamp': 1709923321.276285}, {'_id': '65eb5c01c3b3c69e5121ff24', 'id_transaksi': 15, 'tanggal_transaksi': '2024-03-09', 'id_pelanggan': 115, 'metode_pembayaran': 'Transfer Bank', 'barang_jasa_dibeli': 'Produk O', 'status_pembayaran': 'Lunas', 'created_at': '2024-03-08 13:26:43', 'updated_at': '2024-03-08 13:26:43', 'execution_timestamp': 1709923321.276285}, {'_id': '65eb5c01c3b3c69e5121ff1a', 'id_transaksi': 5, 'tanggal_transaksi': '2024-03-09', 'id_pelanggan': 105, 'metode_pembayaran': 'Tunai', 'barang_jasa_dibeli': 'Produk E', 'status_pembayaran': 'Lunas', 'created_at': '2024-03-08 16:46:43', 'updated_at': '2024-03-08 16:46:43', 'execution_timestamp': 1709923321.276285}, {'_id': '65eb5c01c3b3c69e5121ff26', 'id_transaksi': 17, 'tanggal_transaksi': '2024-03-09', 'id_pelanggan': 117, 'metode_pembayaran': 'Tunai', 'barang_jasa_dibeli': 'Produk Q', 'status_pembayaran': 'Lunas', 'created_at': '2024-03-08 12:46:43', 'updated_at': '2024-03-08 12:46:43', 'execution_timestamp': 1709923321.276285}, {'_id': '65eb5c01c3b3c69e5121ff19', 'id_transaksi': 4, 'tanggal_transaksi': '2024-03-09', 'id_pelanggan': 104, 'metode_pembayaran': 'E-Wallet', 'barang_jasa_dibeli': 'Produk D', 'status_pembayaran': 'Belum Lunas', 'created_at': '2024-03-08 17:06:43', 'updated_at': '2024-03-08 17:06:43', 'execution_timestamp': 1709923321.276285}, {'_id': '65eb5c01c3b3c69e5121ff1e', 'id_transaksi': 9, 'tanggal_transaksi': '2024-03-09', 'id_pelanggan': 109, 'metode_pembayaran': 'Tunai', 'barang_jasa_dibeli': 'Produk I', 'status_pembayaran': 'Lunas', 'created_at': '2024-03-08 15:26:43', 'updated_at': '2024-03-08 15:26:43', 'execution_timestamp': 1709923321.276285}, {'_id': '65eb5c01c3b3c69e5121ff2d', 'id_transaksi': 16, 'tanggal_transaksi': '2024-03-09', 'id_pelanggan': 116, 'metode_pembayaran': 'E-Wallet', 'barang_jasa_dibeli': 'Produk P', 'status_pembayaran': 'Lunas', 'created_at': '2024-03-08 13:06:43', 'updated_at': '2024-03-08 13:52:29', 'execution_timestamp': 1709923321.276285}  ... displaying 10 of 20 total bound parameter sets ...  {'_id': '65eb5c01c3b3c69e5121ff1c', 'id_transaksi': 7, 'tanggal_transaksi': '2024-03-09', 'id_pelanggan': 107, 'metode_pembayaran': 'Transfer Bank', 'barang_jasa_dibeli': 'Produk G', 'status_pembayaran': 'Lunas', 'created_at': '2024-03-08 16:06:43', 'updated_at': '2024-03-08 16:06:43', 'execution_timestamp': 1709923321.276285}, {'_id': '65eb5c01c3b3c69e5121ff2b', 'id_transaksi': 12, 'tanggal_transaksi': '2024-03-09', 'id_pelanggan': 112, 'metode_pembayaran': 'E-Wallet', 'barang_jasa_dibeli': 'Produk L', 'status_pembayaran': 'Lunas', 'created_at': '2024-03-08 14:26:43', 'updated_at': '2024-03-08 15:12:29', 'execution_timestamp': 1709923321.276285})
[2024-03-08T20:26:19.994+0000] {base.py:1868} INFO - [generated in 0.22558s] ({'_id': '65eb5c01c3b3c69e5121ff2f', 'id_transaksi': 20, 'tanggal_transaksi': '2024-03-09', 'id_pelanggan': 120, 'metode_pembayaran': 'E-Wallet', 'barang_jasa_dibeli': 'Produk T', 'status_pembayaran': 'Lunas', 'created_at': '2024-03-08 11:46:43', 'updated_at': '2024-03-08 12:32:29', 'execution_timestamp': 1709923321.276285}, {'_id': '65eb5c01c3b3c69e5121ff1d', 'id_transaksi': 8, 'tanggal_transaksi': '2024-03-09', 'id_pelanggan': 108, 'metode_pembayaran': 'E-Wallet', 'barang_jasa_dibeli': 'Produk H', 'status_pembayaran': 'Belum Lunas', 'created_at': '2024-03-08 15:46:43', 'updated_at': '2024-03-08 15:46:43', 'execution_timestamp': 1709923321.276285}, {'_id': '65eb5c01c3b3c69e5121ff24', 'id_transaksi': 15, 'tanggal_transaksi': '2024-03-09', 'id_pelanggan': 115, 'metode_pembayaran': 'Transfer Bank', 'barang_jasa_dibeli': 'Produk O', 'status_pembayaran': 'Lunas', 'created_at': '2024-03-08 13:26:43', 'updated_at': '2024-03-08 13:26:43', 'execution_timestamp': 1709923321.276285}, {'_id': '65eb5c01c3b3c69e5121ff1a', 'id_transaksi': 5, 'tanggal_transaksi': '2024-03-09', 'id_pelanggan': 105, 'metode_pembayaran': 'Tunai', 'barang_jasa_dibeli': 'Produk E', 'status_pembayaran': 'Lunas', 'created_at': '2024-03-08 16:46:43', 'updated_at': '2024-03-08 16:46:43', 'execution_timestamp': 1709923321.276285}, {'_id': '65eb5c01c3b3c69e5121ff26', 'id_transaksi': 17, 'tanggal_transaksi': '2024-03-09', 'id_pelanggan': 117, 'metode_pembayaran': 'Tunai', 'barang_jasa_dibeli': 'Produk Q', 'status_pembayaran': 'Lunas', 'created_at': '2024-03-08 12:46:43', 'updated_at': '2024-03-08 12:46:43', 'execution_timestamp': 1709923321.276285}, {'_id': '65eb5c01c3b3c69e5121ff19', 'id_transaksi': 4, 'tanggal_transaksi': '2024-03-09', 'id_pelanggan': 104, 'metode_pembayaran': 'E-Wallet', 'barang_jasa_dibeli': 'Produk D', 'status_pembayaran': 'Belum Lunas', 'created_at': '2024-03-08 17:06:43', 'updated_at': '2024-03-08 17:06:43', 'execution_timestamp': 1709923321.276285}, {'_id': '65eb5c01c3b3c69e5121ff1e', 'id_transaksi': 9, 'tanggal_transaksi': '2024-03-09', 'id_pelanggan': 109, 'metode_pembayaran': 'Tunai', 'barang_jasa_dibeli': 'Produk I', 'status_pembayaran': 'Lunas', 'created_at': '2024-03-08 15:26:43', 'updated_at': '2024-03-08 15:26:43', 'execution_timestamp': 1709923321.276285}, {'_id': '65eb5c01c3b3c69e5121ff2d', 'id_transaksi': 16, 'tanggal_transaksi': '2024-03-09', 'id_pelanggan': 116, 'metode_pembayaran': 'E-Wallet', 'barang_jasa_dibeli': 'Produk P', 'status_pembayaran': 'Lunas', 'created_at': '2024-03-08 13:06:43', 'updated_at': '2024-03-08 13:52:29', 'execution_timestamp': 1709923321.276285}  ... displaying 10 of 20 total bound parameter sets ...  {'_id': '65eb5c01c3b3c69e5121ff1c', 'id_transaksi': 7, 'tanggal_transaksi': '2024-03-09', 'id_pelanggan': 107, 'metode_pembayaran': 'Transfer Bank', 'barang_jasa_dibeli': 'Produk G', 'status_pembayaran': 'Lunas', 'created_at': '2024-03-08 16:06:43', 'updated_at': '2024-03-08 16:06:43', 'execution_timestamp': 1709923321.276285}, {'_id': '65eb5c01c3b3c69e5121ff2b', 'id_transaksi': 12, 'tanggal_transaksi': '2024-03-09', 'id_pelanggan': 112, 'metode_pembayaran': 'E-Wallet', 'barang_jasa_dibeli': 'Produk L', 'status_pembayaran': 'Lunas', 'created_at': '2024-03-08 14:26:43', 'updated_at': '2024-03-08 15:12:29', 'execution_timestamp': 1709923321.276285})
[2024-03-08T20:26:20.218+0000] {logging_mixin.py:188} INFO - 2024-03-08 20:26:20,218 INFO sqlalchemy.engine.Engine COMMIT
[2024-03-08T20:26:20.218+0000] {base.py:1092} INFO - COMMIT
[2024-03-08T20:26:20.660+0000] {python.py:202} INFO - Done. Returned value was: None
[2024-03-08T20:26:20.680+0000] {taskinstance.py:1149} INFO - Marking task as SUCCESS. dag_id=mongodb_to_sql8, task_id=ingest_csv_to_mysql, execution_date=20240308T202608, start_date=20240308T202612, end_date=20240308T202620
[2024-03-08T20:26:20.747+0000] {local_task_job_runner.py:234} INFO - Task exited with return code 0
[2024-03-08T20:26:20.762+0000] {taskinstance.py:3309} INFO - 0 downstream tasks scheduled from follow-on schedule check
