[2024-03-07T16:06:06.514+0000] {taskinstance.py:1979} INFO - Dependencies all met for dep_context=non-requeueable deps ti=<TaskInstance: aaexample_3.fetch_data_task manual__2024-03-07T16:06:05.413020+00:00 [queued]>
[2024-03-07T16:06:06.522+0000] {taskinstance.py:1979} INFO - Dependencies all met for dep_context=requeueable deps ti=<TaskInstance: aaexample_3.fetch_data_task manual__2024-03-07T16:06:05.413020+00:00 [queued]>
[2024-03-07T16:06:06.523+0000] {taskinstance.py:2193} INFO - Starting attempt 1 of 2
[2024-03-07T16:06:06.533+0000] {taskinstance.py:2214} INFO - Executing <Task(PythonOperator): fetch_data_task> on 2024-03-07 16:06:05.413020+00:00
[2024-03-07T16:06:06.538+0000] {standard_task_runner.py:60} INFO - Started process 280 to run task
[2024-03-07T16:06:06.542+0000] {standard_task_runner.py:87} INFO - Running: ['***', 'tasks', 'run', 'aaexample_3', 'fetch_data_task', 'manual__2024-03-07T16:06:05.413020+00:00', '--job-id', '125', '--raw', '--subdir', 'DAGS_FOLDER/other_ingestion_postgre/main_dag_sql_tiga.py', '--cfg-path', '/tmp/tmpzy0h9p88']
[2024-03-07T16:06:06.544+0000] {standard_task_runner.py:88} INFO - Job 125: Subtask fetch_data_task
[2024-03-07T16:06:06.579+0000] {task_command.py:423} INFO - Running <TaskInstance: aaexample_3.fetch_data_task manual__2024-03-07T16:06:05.413020+00:00 [running]> on host c9d1ac6dab48
[2024-03-07T16:06:06.640+0000] {taskinstance.py:2510} INFO - Exporting env vars: AIRFLOW_CTX_DAG_OWNER='***' AIRFLOW_CTX_DAG_ID='aaexample_3' AIRFLOW_CTX_TASK_ID='fetch_data_task' AIRFLOW_CTX_EXECUTION_DATE='2024-03-07T16:06:05.413020+00:00' AIRFLOW_CTX_TRY_NUMBER='1' AIRFLOW_CTX_DAG_RUN_ID='manual__2024-03-07T16:06:05.413020+00:00'
[2024-03-07T16:06:06.642+0000] {warnings.py:109} WARNING - /home/***/.local/lib/python3.8/site-packages/***/utils/context.py:315: AirflowContextDeprecationWarning: Accessing 'execution_date' from the template is deprecated and will be removed in a future version. Please use 'data_interval_start' or 'logical_date' instead.
  warnings.warn(_create_deprecation_warning(k, replacements))

[2024-03-07T16:06:08.721+0000] {logging_mixin.py:188} INFO -    id_transaksi  ...                 updated_at
0             1  ... 2024-02-27 10:24:21.937107
1             2  ... 2024-02-27 10:24:46.362615
2             3  ... 2024-02-27 10:24:46.362615
3             4  ... 2024-02-27 10:24:46.362615
4             5  ... 2024-02-27 10:24:46.362615
5             6  ... 2024-02-27 10:24:46.362615
6             7  ... 2024-02-27 10:24:46.362615
7             8  ... 2024-02-27 10:24:46.362615
8             9  ... 2024-02-27 10:24:46.362615
9            10  ... 2024-02-27 10:24:46.362615

[10 rows x 8 columns]
[2024-03-07T16:06:08.726+0000] {python.py:202} INFO - Done. Returned value was: None
[2024-03-07T16:06:08.735+0000] {taskinstance.py:1149} INFO - Marking task as SUCCESS. dag_id=aaexample_3, task_id=fetch_data_task, execution_date=20240307T160605, start_date=20240307T160606, end_date=20240307T160608
[2024-03-07T16:06:08.759+0000] {local_task_job_runner.py:234} INFO - Task exited with return code 0
[2024-03-07T16:06:08.780+0000] {taskinstance.py:3309} INFO - 1 downstream tasks scheduled from follow-on schedule check
