[2024-03-30T16:02:53.448+0000] {taskinstance.py:1979} INFO - Dependencies all met for dep_context=non-requeueable deps ti=<TaskInstance: study_case_etl_all_pipeline.fetch_data_task_id manual__2024-03-30T16:02:52.175687+00:00 [queued]>
[2024-03-30T16:02:53.458+0000] {taskinstance.py:1979} INFO - Dependencies all met for dep_context=requeueable deps ti=<TaskInstance: study_case_etl_all_pipeline.fetch_data_task_id manual__2024-03-30T16:02:52.175687+00:00 [queued]>
[2024-03-30T16:02:53.459+0000] {taskinstance.py:2193} INFO - Starting attempt 1 of 2
[2024-03-30T16:02:53.472+0000] {taskinstance.py:2214} INFO - Executing <Task(PythonOperator): fetch_data_task_id> on 2024-03-30 16:02:52.175687+00:00
[2024-03-30T16:02:53.476+0000] {standard_task_runner.py:60} INFO - Started process 6724 to run task
[2024-03-30T16:02:53.480+0000] {standard_task_runner.py:87} INFO - Running: ['***', 'tasks', 'run', 'study_case_etl_all_pipeline', 'fetch_data_task_id', 'manual__2024-03-30T16:02:52.175687+00:00', '--job-id', '35', '--raw', '--subdir', 'DAGS_FOLDER/running_dbt_core/study_case_etl_all_pipeline.py', '--cfg-path', '/tmp/tmpuhcc2txj']
[2024-03-30T16:02:53.487+0000] {standard_task_runner.py:88} INFO - Job 35: Subtask fetch_data_task_id
[2024-03-30T16:02:53.527+0000] {task_command.py:423} INFO - Running <TaskInstance: study_case_etl_all_pipeline.fetch_data_task_id manual__2024-03-30T16:02:52.175687+00:00 [running]> on host 8e1e687a7cdb
[2024-03-30T16:02:53.596+0000] {taskinstance.py:2510} INFO - Exporting env vars: AIRFLOW_CTX_DAG_OWNER='Agus mahari' AIRFLOW_CTX_DAG_ID='study_case_etl_all_pipeline' AIRFLOW_CTX_TASK_ID='fetch_data_task_id' AIRFLOW_CTX_EXECUTION_DATE='2024-03-30T16:02:52.175687+00:00' AIRFLOW_CTX_TRY_NUMBER='1' AIRFLOW_CTX_DAG_RUN_ID='manual__2024-03-30T16:02:52.175687+00:00'
[2024-03-30T16:02:56.271+0000] {logging_mixin.py:188} INFO - 2024-03-30 16:02:56,270 INFO sqlalchemy.engine.Engine SELECT DATABASE()
[2024-03-30T16:02:56.270+0000] {base.py:1863} INFO - SELECT DATABASE()
[2024-03-30T16:02:56.275+0000] {logging_mixin.py:188} INFO - 2024-03-30 16:02:56,274 INFO sqlalchemy.engine.Engine [raw sql] {}
[2024-03-30T16:02:56.274+0000] {base.py:1868} INFO - [raw sql] {}
[2024-03-30T16:02:57.171+0000] {logging_mixin.py:188} INFO - 2024-03-30 16:02:57,170 INFO sqlalchemy.engine.Engine SELECT @@sql_mode
[2024-03-30T16:02:57.170+0000] {base.py:1863} INFO - SELECT @@sql_mode
[2024-03-30T16:02:57.174+0000] {logging_mixin.py:188} INFO - 2024-03-30 16:02:57,173 INFO sqlalchemy.engine.Engine [raw sql] {}
[2024-03-30T16:02:57.173+0000] {base.py:1868} INFO - [raw sql] {}
[2024-03-30T16:02:57.623+0000] {logging_mixin.py:188} INFO - 2024-03-30 16:02:57,623 INFO sqlalchemy.engine.Engine SELECT @@lower_case_table_names
[2024-03-30T16:02:57.623+0000] {base.py:1863} INFO - SELECT @@lower_case_table_names
[2024-03-30T16:02:57.624+0000] {logging_mixin.py:188} INFO - 2024-03-30 16:02:57,624 INFO sqlalchemy.engine.Engine [raw sql] {}
[2024-03-30T16:02:57.624+0000] {base.py:1868} INFO - [raw sql] {}
[2024-03-30T16:02:58.293+0000] {logging_mixin.py:188} INFO - 2024-03-30 16:02:58,293 INFO sqlalchemy.engine.Engine 
  SELECT 
    *
FROM databasename.raw_credit_card
[2024-03-30T16:02:58.293+0000] {base.py:1863} INFO - 
  SELECT 
    *
FROM databasename.raw_credit_card
[2024-03-30T16:02:58.296+0000] {logging_mixin.py:188} INFO - 2024-03-30 16:02:58,296 INFO sqlalchemy.engine.Engine [raw sql] {}
[2024-03-30T16:02:58.296+0000] {base.py:1868} INFO - [raw sql] {}
[2024-03-30T16:03:06.784+0000] {logging_mixin.py:188} INFO - File already exists.
[2024-03-30T16:03:06.838+0000] {python.py:202} INFO - Done. Returned value was: /opt/***/data/fetch_data_task_id_2024-03-30.csv
[2024-03-30T16:03:06.856+0000] {taskinstance.py:1149} INFO - Marking task as SUCCESS. dag_id=study_case_etl_all_pipeline, task_id=fetch_data_task_id, execution_date=20240330T160252, start_date=20240330T160253, end_date=20240330T160306
[2024-03-30T16:03:06.913+0000] {local_task_job_runner.py:234} INFO - Task exited with return code 0
[2024-03-30T16:03:06.933+0000] {taskinstance.py:3309} INFO - 1 downstream tasks scheduled from follow-on schedule check
