[2024-03-30T18:01:25.968+0000] {taskinstance.py:1979} INFO - Dependencies all met for dep_context=non-requeueable deps ti=<TaskInstance: study_case_etl_all_pipeline.bash_task_2 manual__2024-03-30T18:00:36.746549+00:00 [queued]>
[2024-03-30T18:01:25.977+0000] {taskinstance.py:1979} INFO - Dependencies all met for dep_context=requeueable deps ti=<TaskInstance: study_case_etl_all_pipeline.bash_task_2 manual__2024-03-30T18:00:36.746549+00:00 [queued]>
[2024-03-30T18:01:25.978+0000] {taskinstance.py:2193} INFO - Starting attempt 1 of 2
[2024-03-30T18:01:25.988+0000] {taskinstance.py:2214} INFO - Executing <Task(BashOperator): bash_task_2> on 2024-03-30 18:00:36.746549+00:00
[2024-03-30T18:01:25.993+0000] {standard_task_runner.py:60} INFO - Started process 996 to run task
[2024-03-30T18:01:25.996+0000] {standard_task_runner.py:87} INFO - Running: ['***', 'tasks', 'run', 'study_case_etl_all_pipeline', 'bash_task_2', 'manual__2024-03-30T18:00:36.746549+00:00', '--job-id', '160', '--raw', '--subdir', 'DAGS_FOLDER/running_dbt_core/study_case_etl_all_pipeline.py', '--cfg-path', '/tmp/tmpb7qo2qq8']
[2024-03-30T18:01:26.000+0000] {standard_task_runner.py:88} INFO - Job 160: Subtask bash_task_2
[2024-03-30T18:01:26.036+0000] {task_command.py:423} INFO - Running <TaskInstance: study_case_etl_all_pipeline.bash_task_2 manual__2024-03-30T18:00:36.746549+00:00 [running]> on host f5156ab87ac1
[2024-03-30T18:01:26.099+0000] {taskinstance.py:2510} INFO - Exporting env vars: AIRFLOW_CTX_DAG_OWNER='Agus mahari' AIRFLOW_CTX_DAG_ID='study_case_etl_all_pipeline' AIRFLOW_CTX_TASK_ID='bash_task_2' AIRFLOW_CTX_EXECUTION_DATE='2024-03-30T18:00:36.746549+00:00' AIRFLOW_CTX_TRY_NUMBER='1' AIRFLOW_CTX_DAG_RUN_ID='manual__2024-03-30T18:00:36.746549+00:00'
[2024-03-30T18:01:26.100+0000] {subprocess.py:63} INFO - Tmp dir root location: /tmp
[2024-03-30T18:01:26.101+0000] {subprocess.py:75} INFO - Running command: ['/usr/bin/bash', '-c', 'cd /opt/***/dbt/credit_card_dwh && dbt run --profiles-dir .']
[2024-03-30T18:01:26.110+0000] {subprocess.py:86} INFO - Output:
[2024-03-30T18:01:28.490+0000] {subprocess.py:93} INFO - [0m18:01:28  Running with dbt=1.7.11
[2024-03-30T18:01:29.436+0000] {subprocess.py:93} INFO - [0m18:01:29  Registered adapter: bigquery=1.7.7
[2024-03-30T18:01:30.039+0000] {subprocess.py:93} INFO - [0m18:01:30  Found 1 model, 2 tests, 1 source, 0 exposures, 0 metrics, 907 macros, 0 groups, 0 semantic models
[2024-03-30T18:01:30.042+0000] {subprocess.py:93} INFO - [0m18:01:30
[2024-03-30T18:01:33.526+0000] {subprocess.py:93} INFO - [0m18:01:33  Concurrency: 4 threads (target='dev')
[2024-03-30T18:01:33.527+0000] {subprocess.py:93} INFO - [0m18:01:33
[2024-03-30T18:01:33.536+0000] {subprocess.py:93} INFO - [0m18:01:33  1 of 1 START sql incremental model test_location.stg__credit_card .............. [RUN]
[2024-03-30T18:01:43.779+0000] {subprocess.py:93} INFO - [0m18:01:43  1 of 1 OK created sql incremental model test_location.stg__credit_card ......... [[32mMERGE (55.5k rows, 8.2 MiB processed)[0m in 10.24s]
[2024-03-30T18:01:43.784+0000] {subprocess.py:93} INFO - [0m18:01:43
[2024-03-30T18:01:43.785+0000] {subprocess.py:93} INFO - [0m18:01:43  Finished running 1 incremental model in 0 hours 0 minutes and 13.74 seconds (13.74s).
[2024-03-30T18:01:43.880+0000] {subprocess.py:93} INFO - [0m18:01:43
[2024-03-30T18:01:43.882+0000] {subprocess.py:93} INFO - [0m18:01:43  [32mCompleted successfully[0m
[2024-03-30T18:01:43.882+0000] {subprocess.py:93} INFO - [0m18:01:43
[2024-03-30T18:01:43.883+0000] {subprocess.py:93} INFO - [0m18:01:43  Done. PASS=1 WARN=0 ERROR=0 SKIP=0 TOTAL=1
[2024-03-30T18:01:46.995+0000] {subprocess.py:97} INFO - Command exited with return code 0
[2024-03-30T18:01:47.014+0000] {taskinstance.py:1149} INFO - Marking task as SUCCESS. dag_id=study_case_etl_all_pipeline, task_id=bash_task_2, execution_date=20240330T180036, start_date=20240330T180125, end_date=20240330T180147
[2024-03-30T18:01:47.067+0000] {local_task_job_runner.py:234} INFO - Task exited with return code 0
[2024-03-30T18:01:47.088+0000] {taskinstance.py:3309} INFO - 2 downstream tasks scheduled from follow-on schedule check
