[2024-03-16T06:11:53.328+0000] {taskinstance.py:1979} INFO - Dependencies all met for dep_context=non-requeueable deps ti=<TaskInstance: study_case_etl_cloud_storage.fetch_data_task scheduled__2024-03-15T16:00:00+00:00 [queued]>
[2024-03-16T06:11:53.344+0000] {taskinstance.py:1979} INFO - Dependencies all met for dep_context=requeueable deps ti=<TaskInstance: study_case_etl_cloud_storage.fetch_data_task scheduled__2024-03-15T16:00:00+00:00 [queued]>
[2024-03-16T06:11:53.345+0000] {taskinstance.py:2193} INFO - Starting attempt 1 of 2
[2024-03-16T06:11:53.366+0000] {taskinstance.py:2214} INFO - Executing <Task(PythonOperator): fetch_data_task> on 2024-03-15 16:00:00+00:00
[2024-03-16T06:11:53.374+0000] {standard_task_runner.py:60} INFO - Started process 374 to run task
[2024-03-16T06:11:53.378+0000] {standard_task_runner.py:87} INFO - Running: ['***', 'tasks', 'run', 'study_case_etl_cloud_storage', 'fetch_data_task', 'scheduled__2024-03-15T16:00:00+00:00', '--job-id', '533', '--raw', '--subdir', 'DAGS_FOLDER/etl_day_bigquery/study_case_etl_cloud_storage.py', '--cfg-path', '/tmp/tmpb6fq94ci']
[2024-03-16T06:11:53.382+0000] {standard_task_runner.py:88} INFO - Job 533: Subtask fetch_data_task
[2024-03-16T06:11:53.432+0000] {task_command.py:423} INFO - Running <TaskInstance: study_case_etl_cloud_storage.fetch_data_task scheduled__2024-03-15T16:00:00+00:00 [running]> on host 72d5c878da28
[2024-03-16T06:11:53.518+0000] {taskinstance.py:2510} INFO - Exporting env vars: AIRFLOW_CTX_DAG_OWNER='Agus mahari' AIRFLOW_CTX_DAG_ID='study_case_etl_cloud_storage' AIRFLOW_CTX_TASK_ID='fetch_data_task' AIRFLOW_CTX_EXECUTION_DATE='2024-03-15T16:00:00+00:00' AIRFLOW_CTX_TRY_NUMBER='1' AIRFLOW_CTX_DAG_RUN_ID='scheduled__2024-03-15T16:00:00+00:00'
[2024-03-16T06:11:53.522+0000] {warnings.py:109} WARNING - /home/***/.local/lib/python3.8/site-packages/***/utils/context.py:315: AirflowContextDeprecationWarning: Accessing 'execution_date' from the template is deprecated and will be removed in a future version. Please use 'data_interval_start' or 'logical_date' instead.
  warnings.warn(_create_deprecation_warning(k, replacements))

[2024-03-16T06:11:56.176+0000] {logging_mixin.py:188} INFO - 2024-03-16 06:11:56,176 INFO sqlalchemy.engine.Engine SELECT DATABASE()
[2024-03-16T06:11:56.176+0000] {base.py:1863} INFO - SELECT DATABASE()
[2024-03-16T06:11:56.177+0000] {logging_mixin.py:188} INFO - 2024-03-16 06:11:56,177 INFO sqlalchemy.engine.Engine [raw sql] {}
[2024-03-16T06:11:56.177+0000] {base.py:1868} INFO - [raw sql] {}
[2024-03-16T06:11:57.056+0000] {logging_mixin.py:188} INFO - 2024-03-16 06:11:57,056 INFO sqlalchemy.engine.Engine SELECT @@sql_mode
[2024-03-16T06:11:57.056+0000] {base.py:1863} INFO - SELECT @@sql_mode
[2024-03-16T06:11:57.058+0000] {logging_mixin.py:188} INFO - 2024-03-16 06:11:57,058 INFO sqlalchemy.engine.Engine [raw sql] {}
[2024-03-16T06:11:57.058+0000] {base.py:1868} INFO - [raw sql] {}
[2024-03-16T06:11:57.504+0000] {logging_mixin.py:188} INFO - 2024-03-16 06:11:57,504 INFO sqlalchemy.engine.Engine SELECT @@lower_case_table_names
[2024-03-16T06:11:57.504+0000] {base.py:1863} INFO - SELECT @@lower_case_table_names
[2024-03-16T06:11:57.505+0000] {logging_mixin.py:188} INFO - 2024-03-16 06:11:57,505 INFO sqlalchemy.engine.Engine [raw sql] {}
[2024-03-16T06:11:57.505+0000] {base.py:1868} INFO - [raw sql] {}
[2024-03-16T06:11:58.166+0000] {logging_mixin.py:188} INFO - 2024-03-16 06:11:58,166 INFO sqlalchemy.engine.Engine 


   SELECT 
    *, 
    CONVERT_TZ(NOW(), 'UTC', '+07:00') as execution_at
FROM test.user
WHERE updated_at BETWEEN NOW() - INTERVAL 7 MINUTE AND NOW()
[2024-03-16T06:11:58.166+0000] {base.py:1863} INFO - 


   SELECT 
    *, 
    CONVERT_TZ(NOW(), 'UTC', '+07:00') as execution_at
FROM test.user
WHERE updated_at BETWEEN NOW() - INTERVAL 7 MINUTE AND NOW()
[2024-03-16T06:11:58.167+0000] {logging_mixin.py:188} INFO - 2024-03-16 06:11:58,167 INFO sqlalchemy.engine.Engine [raw sql] {}
[2024-03-16T06:11:58.167+0000] {base.py:1868} INFO - [raw sql] {}
[2024-03-16T06:11:58.650+0000] {python.py:202} INFO - Done. Returned value was: /opt/***/data/aplikasi_table_2024-03-15-16-00-00.parquet
[2024-03-16T06:11:58.681+0000] {taskinstance.py:1149} INFO - Marking task as SUCCESS. dag_id=study_case_etl_cloud_storage, task_id=fetch_data_task, execution_date=20240315T160000, start_date=20240316T061153, end_date=20240316T061158
[2024-03-16T06:11:58.981+0000] {local_task_job_runner.py:234} INFO - Task exited with return code 0
[2024-03-16T06:11:59.072+0000] {taskinstance.py:3309} INFO - 1 downstream tasks scheduled from follow-on schedule check
[2024-03-22T17:28:22.333+0000] {taskinstance.py:1979} INFO - Dependencies all met for dep_context=non-requeueable deps ti=<TaskInstance: study_case_etl_cloud_storage.fetch_data_task scheduled__2024-03-15T16:00:00+00:00 [queued]>
[2024-03-22T17:28:22.344+0000] {taskinstance.py:1979} INFO - Dependencies all met for dep_context=requeueable deps ti=<TaskInstance: study_case_etl_cloud_storage.fetch_data_task scheduled__2024-03-15T16:00:00+00:00 [queued]>
[2024-03-22T17:28:22.346+0000] {taskinstance.py:2193} INFO - Starting attempt 1 of 2
[2024-03-22T17:28:22.362+0000] {taskinstance.py:2214} INFO - Executing <Task(PythonOperator): fetch_data_task> on 2024-03-15 16:00:00+00:00
[2024-03-22T17:28:22.368+0000] {standard_task_runner.py:60} INFO - Started process 395 to run task
[2024-03-22T17:28:22.373+0000] {standard_task_runner.py:87} INFO - Running: ['***', 'tasks', 'run', 'study_case_etl_cloud_storage', 'fetch_data_task', 'scheduled__2024-03-15T16:00:00+00:00', '--job-id', '27', '--raw', '--subdir', 'DAGS_FOLDER/etl_day_bigquery/study_case_etl_cloud_storage.py', '--cfg-path', '/tmp/tmpzgfw9gmh']
[2024-03-22T17:28:22.380+0000] {standard_task_runner.py:88} INFO - Job 27: Subtask fetch_data_task
[2024-03-22T17:28:22.493+0000] {task_command.py:423} INFO - Running <TaskInstance: study_case_etl_cloud_storage.fetch_data_task scheduled__2024-03-15T16:00:00+00:00 [running]> on host eb8b31fafb1e
[2024-03-22T17:28:22.698+0000] {taskinstance.py:2510} INFO - Exporting env vars: AIRFLOW_CTX_DAG_OWNER='Agus mahari' AIRFLOW_CTX_DAG_ID='study_case_etl_cloud_storage' AIRFLOW_CTX_TASK_ID='fetch_data_task' AIRFLOW_CTX_EXECUTION_DATE='2024-03-15T16:00:00+00:00' AIRFLOW_CTX_TRY_NUMBER='1' AIRFLOW_CTX_DAG_RUN_ID='scheduled__2024-03-15T16:00:00+00:00'
[2024-03-22T17:28:25.419+0000] {logging_mixin.py:188} INFO - 2024-03-22 17:28:25,419 INFO sqlalchemy.engine.Engine SELECT DATABASE()
[2024-03-22T17:28:25.419+0000] {base.py:1863} INFO - SELECT DATABASE()
[2024-03-22T17:28:25.420+0000] {logging_mixin.py:188} INFO - 2024-03-22 17:28:25,420 INFO sqlalchemy.engine.Engine [raw sql] {}
[2024-03-22T17:28:25.420+0000] {base.py:1868} INFO - [raw sql] {}
[2024-03-22T17:28:26.368+0000] {logging_mixin.py:188} INFO - 2024-03-22 17:28:26,368 INFO sqlalchemy.engine.Engine SELECT @@sql_mode
[2024-03-22T17:28:26.368+0000] {base.py:1863} INFO - SELECT @@sql_mode
[2024-03-22T17:28:26.370+0000] {logging_mixin.py:188} INFO - 2024-03-22 17:28:26,369 INFO sqlalchemy.engine.Engine [raw sql] {}
[2024-03-22T17:28:26.369+0000] {base.py:1868} INFO - [raw sql] {}
[2024-03-22T17:28:26.820+0000] {logging_mixin.py:188} INFO - 2024-03-22 17:28:26,820 INFO sqlalchemy.engine.Engine SELECT @@lower_case_table_names
[2024-03-22T17:28:26.820+0000] {base.py:1863} INFO - SELECT @@lower_case_table_names
[2024-03-22T17:28:26.820+0000] {logging_mixin.py:188} INFO - 2024-03-22 17:28:26,820 INFO sqlalchemy.engine.Engine [raw sql] {}
[2024-03-22T17:28:26.820+0000] {base.py:1868} INFO - [raw sql] {}
[2024-03-22T17:28:27.497+0000] {logging_mixin.py:188} INFO - 2024-03-22 17:28:27,497 INFO sqlalchemy.engine.Engine 


  SELECT 
    *
FROM databasename.mytable
[2024-03-22T17:28:27.497+0000] {base.py:1863} INFO - 


  SELECT 
    *
FROM databasename.mytable
[2024-03-22T17:28:27.500+0000] {logging_mixin.py:188} INFO - 2024-03-22 17:28:27,500 INFO sqlalchemy.engine.Engine [raw sql] {}
[2024-03-22T17:28:27.500+0000] {base.py:1868} INFO - [raw sql] {}
[2024-03-22T17:28:27.952+0000] {logging_mixin.py:188} INFO - File already exists.
[2024-03-22T17:28:27.955+0000] {python.py:202} INFO - Done. Returned value was: /opt/***/data/aplikasi_table_['{ ds }.parquet']
[2024-03-22T17:28:27.981+0000] {taskinstance.py:1149} INFO - Marking task as SUCCESS. dag_id=study_case_etl_cloud_storage, task_id=fetch_data_task, execution_date=20240315T160000, start_date=20240322T172822, end_date=20240322T172827
[2024-03-22T17:28:28.007+0000] {local_task_job_runner.py:234} INFO - Task exited with return code 0
[2024-03-22T17:28:28.025+0000] {taskinstance.py:3309} INFO - 0 downstream tasks scheduled from follow-on schedule check
