[2024-03-15T08:34:11.886+0000] {taskinstance.py:1979} INFO - Dependencies all met for dep_context=non-requeueable deps ti=<TaskInstance: study_case1_restore.ingest_csv_to_mysql manual__2024-03-15T08:34:08.415260+00:00 [queued]>
[2024-03-15T08:34:11.899+0000] {taskinstance.py:1979} INFO - Dependencies all met for dep_context=requeueable deps ti=<TaskInstance: study_case1_restore.ingest_csv_to_mysql manual__2024-03-15T08:34:08.415260+00:00 [queued]>
[2024-03-15T08:34:11.899+0000] {taskinstance.py:2193} INFO - Starting attempt 1 of 2
[2024-03-15T08:34:11.910+0000] {taskinstance.py:2214} INFO - Executing <Task(PythonOperator): ingest_csv_to_mysql> on 2024-03-15 08:34:08.415260+00:00
[2024-03-15T08:34:11.915+0000] {standard_task_runner.py:60} INFO - Started process 2237 to run task
[2024-03-15T08:34:11.919+0000] {standard_task_runner.py:87} INFO - Running: ['***', 'tasks', 'run', 'study_case1_restore', 'ingest_csv_to_mysql', 'manual__2024-03-15T08:34:08.415260+00:00', '--job-id', '284', '--raw', '--subdir', 'DAGS_FOLDER/restrore_mongo/study_case1_restore.py', '--cfg-path', '/tmp/tmpjo78sds8']
[2024-03-15T08:34:11.921+0000] {standard_task_runner.py:88} INFO - Job 284: Subtask ingest_csv_to_mysql
[2024-03-15T08:34:11.958+0000] {task_command.py:423} INFO - Running <TaskInstance: study_case1_restore.ingest_csv_to_mysql manual__2024-03-15T08:34:08.415260+00:00 [running]> on host f293363f8e27
[2024-03-15T08:34:12.034+0000] {taskinstance.py:2510} INFO - Exporting env vars: AIRFLOW_CTX_DAG_OWNER='Agus mahari' AIRFLOW_CTX_DAG_ID='study_case1_restore' AIRFLOW_CTX_TASK_ID='ingest_csv_to_mysql' AIRFLOW_CTX_EXECUTION_DATE='2024-03-15T08:34:08.415260+00:00' AIRFLOW_CTX_TRY_NUMBER='1' AIRFLOW_CTX_DAG_RUN_ID='manual__2024-03-15T08:34:08.415260+00:00'
[2024-03-15T08:34:12.036+0000] {warnings.py:109} WARNING - /home/***/.local/lib/python3.8/site-packages/***/utils/context.py:315: AirflowContextDeprecationWarning: Accessing 'execution_date' from the template is deprecated and will be removed in a future version. Please use 'data_interval_start' or 'logical_date' instead.
  warnings.warn(_create_deprecation_warning(k, replacements))

[2024-03-15T08:34:14.405+0000] {logging_mixin.py:188} INFO - 2024-03-15 08:34:14,405 INFO sqlalchemy.engine.Engine SELECT DATABASE()
[2024-03-15T08:34:14.405+0000] {base.py:1863} INFO - SELECT DATABASE()
[2024-03-15T08:34:14.406+0000] {logging_mixin.py:188} INFO - 2024-03-15 08:34:14,406 INFO sqlalchemy.engine.Engine [raw sql] {}
[2024-03-15T08:34:14.406+0000] {base.py:1868} INFO - [raw sql] {}
[2024-03-15T08:34:15.649+0000] {logging_mixin.py:188} INFO - 2024-03-15 08:34:15,649 INFO sqlalchemy.engine.Engine SELECT @@sql_mode
[2024-03-15T08:34:15.649+0000] {base.py:1863} INFO - SELECT @@sql_mode
[2024-03-15T08:34:15.650+0000] {logging_mixin.py:188} INFO - 2024-03-15 08:34:15,650 INFO sqlalchemy.engine.Engine [raw sql] {}
[2024-03-15T08:34:15.650+0000] {base.py:1868} INFO - [raw sql] {}
[2024-03-15T08:34:16.057+0000] {logging_mixin.py:188} INFO - 2024-03-15 08:34:16,057 INFO sqlalchemy.engine.Engine SELECT @@lower_case_table_names
[2024-03-15T08:34:16.057+0000] {base.py:1863} INFO - SELECT @@lower_case_table_names
[2024-03-15T08:34:16.058+0000] {logging_mixin.py:188} INFO - 2024-03-15 08:34:16,058 INFO sqlalchemy.engine.Engine [raw sql] {}
[2024-03-15T08:34:16.058+0000] {base.py:1868} INFO - [raw sql] {}
[2024-03-15T08:34:16.465+0000] {logging_mixin.py:188} INFO - 2024-03-15 08:34:16,465 INFO sqlalchemy.engine.Engine BEGIN (implicit)
[2024-03-15T08:34:16.465+0000] {base.py:1032} INFO - BEGIN (implicit)
[2024-03-15T08:34:16.672+0000] {logging_mixin.py:188} INFO - 2024-03-15 08:34:16,672 INFO sqlalchemy.engine.Engine SELECT COUNT(*) FROM information_schema.tables WHERE table_schema = %(table_schema)s AND table_name = %(table_name)s
[2024-03-15T08:34:16.672+0000] {base.py:1863} INFO - SELECT COUNT(*) FROM information_schema.tables WHERE table_schema = %(table_schema)s AND table_name = %(table_name)s
[2024-03-15T08:34:16.673+0000] {logging_mixin.py:188} INFO - 2024-03-15 08:34:16,673 INFO sqlalchemy.engine.Engine [generated in 0.20508s] {'table_schema': 'backup', 'table_name': 'user_restore'}
[2024-03-15T08:34:16.673+0000] {base.py:1868} INFO - [generated in 0.20508s] {'table_schema': 'backup', 'table_name': 'user_restore'}
[2024-03-15T08:34:17.084+0000] {logging_mixin.py:188} INFO - 2024-03-15 08:34:17,084 INFO sqlalchemy.engine.Engine SELECT COUNT(*) FROM information_schema.tables WHERE table_schema = %(table_schema)s AND table_name = %(table_name)s
[2024-03-15T08:34:17.084+0000] {base.py:1863} INFO - SELECT COUNT(*) FROM information_schema.tables WHERE table_schema = %(table_schema)s AND table_name = %(table_name)s
[2024-03-15T08:34:17.086+0000] {logging_mixin.py:188} INFO - 2024-03-15 08:34:17,085 INFO sqlalchemy.engine.Engine [cached since 0.6174s ago] {'table_schema': 'backup', 'table_name': 'user_restore'}
[2024-03-15T08:34:17.085+0000] {base.py:1868} INFO - [cached since 0.6174s ago] {'table_schema': 'backup', 'table_name': 'user_restore'}
[2024-03-15T08:34:17.499+0000] {logging_mixin.py:188} INFO - 2024-03-15 08:34:17,499 INFO sqlalchemy.engine.Engine SHOW FULL TABLES FROM `backup`
[2024-03-15T08:34:17.499+0000] {base.py:1863} INFO - SHOW FULL TABLES FROM `backup`
[2024-03-15T08:34:17.501+0000] {logging_mixin.py:188} INFO - 2024-03-15 08:34:17,501 INFO sqlalchemy.engine.Engine [raw sql] {}
[2024-03-15T08:34:17.501+0000] {base.py:1868} INFO - [raw sql] {}
[2024-03-15T08:34:17.924+0000] {logging_mixin.py:188} INFO - 2024-03-15 08:34:17,924 INFO sqlalchemy.engine.Engine SHOW CREATE TABLE `user_restore`
[2024-03-15T08:34:17.924+0000] {base.py:1863} INFO - SHOW CREATE TABLE `user_restore`
[2024-03-15T08:34:17.925+0000] {logging_mixin.py:188} INFO - 2024-03-15 08:34:17,925 INFO sqlalchemy.engine.Engine [raw sql] {}
[2024-03-15T08:34:17.925+0000] {base.py:1868} INFO - [raw sql] {}
[2024-03-15T08:34:18.335+0000] {logging_mixin.py:188} INFO - 2024-03-15 08:34:18,334 INFO sqlalchemy.engine.Engine 
DROP TABLE user_restore
[2024-03-15T08:34:18.334+0000] {base.py:1863} INFO - 
DROP TABLE user_restore
[2024-03-15T08:34:18.335+0000] {logging_mixin.py:188} INFO - 2024-03-15 08:34:18,335 INFO sqlalchemy.engine.Engine [no key 0.20359s] {}
[2024-03-15T08:34:18.335+0000] {base.py:1868} INFO - [no key 0.20359s] {}
[2024-03-15T08:34:18.772+0000] {logging_mixin.py:188} INFO - 2024-03-15 08:34:18,772 INFO sqlalchemy.engine.Engine 
CREATE TABLE user_restore (
	_id TEXT, 
	id BIGINT, 
	nama TEXT, 
	created_at TEXT, 
	updated_at TEXT, 
	delete_at TEXT, 
	alamat FLOAT(53), 
	execution_at TEXT
)
[2024-03-15T08:34:18.772+0000] {base.py:1863} INFO - 
CREATE TABLE user_restore (
	_id TEXT, 
	id BIGINT, 
	nama TEXT, 
	created_at TEXT, 
	updated_at TEXT, 
	delete_at TEXT, 
	alamat FLOAT(53), 
	execution_at TEXT
)


[2024-03-15T08:34:18.774+0000] {logging_mixin.py:188} INFO - 2024-03-15 08:34:18,774 INFO sqlalchemy.engine.Engine [no key 0.21500s] {}
[2024-03-15T08:34:18.774+0000] {base.py:1868} INFO - [no key 0.21500s] {}
[2024-03-15T08:34:19.209+0000] {logging_mixin.py:188} INFO - 2024-03-15 08:34:19,209 INFO sqlalchemy.engine.Engine INSERT INTO user_restore (_id, id, nama, created_at, updated_at, delete_at, alamat, execution_at) VALUES (%(_id)s, %(id)s, %(nama)s, %(created_at)s, %(updated_at)s, %(delete_at)s, %(alamat)s, %(execution_at)s)
[2024-03-15T08:34:19.209+0000] {base.py:1863} INFO - INSERT INTO user_restore (_id, id, nama, created_at, updated_at, delete_at, alamat, execution_at) VALUES (%(_id)s, %(id)s, %(nama)s, %(created_at)s, %(updated_at)s, %(delete_at)s, %(alamat)s, %(execution_at)s)
[2024-03-15T08:34:19.211+0000] {logging_mixin.py:188} INFO - 2024-03-15 08:34:19,210 INFO sqlalchemy.engine.Engine [generated in 0.20433s] ({'_id': '65f407e0a3f12e69515dabfe', 'id': 2, 'nama': 'Setiawan MM', 'created_at': '2024-03-15 08:05:00', 'updated_at': '2024-03-15 08:10:00', 'delete_at': '2024-03-15 08:05:00', 'alamat': None, 'execution_at': '2024-03-15 15:33:32'}, {'_id': '65f4058125246f4b275642a8', 'id': 1, 'nama': 'heri', 'created_at': '2024-03-15 08:05:00', 'updated_at': '2024-03-15 08:05:00', 'delete_at': '2024-03-15 08:05:00', 'alamat': None, 'execution_at': '2024-03-15 15:23:19'}, {'_id': '65f407e0a3f12e69515dabff', 'id': 3, 'nama': 'agus', 'created_at': '2024-03-15 08:10:00', 'updated_at': '2024-03-15 08:10:00', 'delete_at': '2024-03-15 08:10:00', 'alamat': None, 'execution_at': '2024-03-15 15:33:32'})
[2024-03-15T08:34:19.210+0000] {base.py:1868} INFO - [generated in 0.20433s] ({'_id': '65f407e0a3f12e69515dabfe', 'id': 2, 'nama': 'Setiawan MM', 'created_at': '2024-03-15 08:05:00', 'updated_at': '2024-03-15 08:10:00', 'delete_at': '2024-03-15 08:05:00', 'alamat': None, 'execution_at': '2024-03-15 15:33:32'}, {'_id': '65f4058125246f4b275642a8', 'id': 1, 'nama': 'heri', 'created_at': '2024-03-15 08:05:00', 'updated_at': '2024-03-15 08:05:00', 'delete_at': '2024-03-15 08:05:00', 'alamat': None, 'execution_at': '2024-03-15 15:23:19'}, {'_id': '65f407e0a3f12e69515dabff', 'id': 3, 'nama': 'agus', 'created_at': '2024-03-15 08:10:00', 'updated_at': '2024-03-15 08:10:00', 'delete_at': '2024-03-15 08:10:00', 'alamat': None, 'execution_at': '2024-03-15 15:33:32'})
[2024-03-15T08:34:19.419+0000] {logging_mixin.py:188} INFO - 2024-03-15 08:34:19,419 INFO sqlalchemy.engine.Engine COMMIT
[2024-03-15T08:34:19.419+0000] {base.py:1092} INFO - COMMIT
[2024-03-15T08:34:19.834+0000] {python.py:202} INFO - Done. Returned value was: None
[2024-03-15T08:34:19.842+0000] {taskinstance.py:1149} INFO - Marking task as SUCCESS. dag_id=study_case1_restore, task_id=ingest_csv_to_mysql, execution_date=20240315T083408, start_date=20240315T083411, end_date=20240315T083419
[2024-03-15T08:34:19.881+0000] {local_task_job_runner.py:234} INFO - Task exited with return code 0
[2024-03-15T08:34:19.897+0000] {taskinstance.py:3309} INFO - 1 downstream tasks scheduled from follow-on schedule check
