[2024-03-07T16:41:35.330+0000] {taskinstance.py:1979} INFO - Dependencies all met for dep_context=non-requeueable deps ti=<TaskInstance: example_lima_solid.fetch_data_task manual__2024-03-07T16:41:34.183371+00:00 [queued]>
[2024-03-07T16:41:35.339+0000] {taskinstance.py:1979} INFO - Dependencies all met for dep_context=requeueable deps ti=<TaskInstance: example_lima_solid.fetch_data_task manual__2024-03-07T16:41:34.183371+00:00 [queued]>
[2024-03-07T16:41:35.339+0000] {taskinstance.py:2193} INFO - Starting attempt 1 of 2
[2024-03-07T16:41:35.350+0000] {taskinstance.py:2214} INFO - Executing <Task(PythonOperator): fetch_data_task> on 2024-03-07 16:41:34.183371+00:00
[2024-03-07T16:41:35.356+0000] {standard_task_runner.py:60} INFO - Started process 842 to run task
[2024-03-07T16:41:35.359+0000] {standard_task_runner.py:87} INFO - Running: ['***', 'tasks', 'run', 'example_lima_solid', 'fetch_data_task', 'manual__2024-03-07T16:41:34.183371+00:00', '--job-id', '131', '--raw', '--subdir', 'DAGS_FOLDER/other_ingestion_postgre/main_dag_sql_lima.py', '--cfg-path', '/tmp/tmpag5n0om3']
[2024-03-07T16:41:35.361+0000] {standard_task_runner.py:88} INFO - Job 131: Subtask fetch_data_task
[2024-03-07T16:41:35.400+0000] {task_command.py:423} INFO - Running <TaskInstance: example_lima_solid.fetch_data_task manual__2024-03-07T16:41:34.183371+00:00 [running]> on host c9d1ac6dab48
[2024-03-07T16:41:35.460+0000] {taskinstance.py:2510} INFO - Exporting env vars: AIRFLOW_CTX_DAG_OWNER='***' AIRFLOW_CTX_DAG_ID='example_lima_solid' AIRFLOW_CTX_TASK_ID='fetch_data_task' AIRFLOW_CTX_EXECUTION_DATE='2024-03-07T16:41:34.183371+00:00' AIRFLOW_CTX_TRY_NUMBER='1' AIRFLOW_CTX_DAG_RUN_ID='manual__2024-03-07T16:41:34.183371+00:00'
[2024-03-07T16:41:35.462+0000] {warnings.py:109} WARNING - /home/***/.local/lib/python3.8/site-packages/***/utils/context.py:315: AirflowContextDeprecationWarning: Accessing 'execution_date' from the template is deprecated and will be removed in a future version. Please use 'data_interval_start' or 'logical_date' instead.
  warnings.warn(_create_deprecation_warning(k, replacements))

[2024-03-07T16:41:35.469+0000] {taskinstance.py:2728} ERROR - Task failed with exception
Traceback (most recent call last):
  File "/home/airflow/.local/lib/python3.8/site-packages/airflow/models/taskinstance.py", line 444, in _execute_task
    result = _execute_callable(context=context, **execute_callable_kwargs)
  File "/home/airflow/.local/lib/python3.8/site-packages/airflow/models/taskinstance.py", line 414, in _execute_callable
    return execute_callable(context=context, **execute_callable_kwargs)
  File "/home/airflow/.local/lib/python3.8/site-packages/airflow/operators/python.py", line 200, in execute
    return_value = self.execute_callable()
  File "/home/airflow/.local/lib/python3.8/site-packages/airflow/operators/python.py", line 217, in execute_callable
    return self.python_callable(*self.op_args, **self.op_kwargs)
  File "/opt/airflow/dags/other_ingestion_postgre/main_dag_sql_lima.py", line 43, in fetch_data
    cursor = create_engine(conn)
NameError: name 'conn' is not defined
[2024-03-07T16:41:35.476+0000] {taskinstance.py:1149} INFO - Marking task as UP_FOR_RETRY. dag_id=example_lima_solid, task_id=fetch_data_task, execution_date=20240307T164134, start_date=20240307T164135, end_date=20240307T164135
[2024-03-07T16:41:35.486+0000] {standard_task_runner.py:107} ERROR - Failed to execute job 131 for task fetch_data_task (name 'conn' is not defined; 842)
[2024-03-07T16:41:35.531+0000] {local_task_job_runner.py:234} INFO - Task exited with return code 1
[2024-03-07T16:41:35.549+0000] {taskinstance.py:3309} INFO - 0 downstream tasks scheduled from follow-on schedule check
