[2024-03-15T06:43:46.755+0000] {taskinstance.py:1979} INFO - Dependencies all met for dep_context=non-requeueable deps ti=<TaskInstance: study_case1_restore.ingest_csv_to_mysql manual__2024-03-15T06:43:42.023410+00:00 [queued]>
[2024-03-15T06:43:46.763+0000] {taskinstance.py:1979} INFO - Dependencies all met for dep_context=requeueable deps ti=<TaskInstance: study_case1_restore.ingest_csv_to_mysql manual__2024-03-15T06:43:42.023410+00:00 [queued]>
[2024-03-15T06:43:46.763+0000] {taskinstance.py:2193} INFO - Starting attempt 1 of 2
[2024-03-15T06:43:46.773+0000] {taskinstance.py:2214} INFO - Executing <Task(PythonOperator): ingest_csv_to_mysql> on 2024-03-15 06:43:42.023410+00:00
[2024-03-15T06:43:46.777+0000] {standard_task_runner.py:60} INFO - Started process 372 to run task
[2024-03-15T06:43:46.780+0000] {standard_task_runner.py:87} INFO - Running: ['***', 'tasks', 'run', 'study_case1_restore', 'ingest_csv_to_mysql', 'manual__2024-03-15T06:43:42.023410+00:00', '--job-id', '245', '--raw', '--subdir', 'DAGS_FOLDER/restrore_mongo/study_case1_restore.py', '--cfg-path', '/tmp/tmp8axng5bx']
[2024-03-15T06:43:46.782+0000] {standard_task_runner.py:88} INFO - Job 245: Subtask ingest_csv_to_mysql
[2024-03-15T06:43:46.817+0000] {task_command.py:423} INFO - Running <TaskInstance: study_case1_restore.ingest_csv_to_mysql manual__2024-03-15T06:43:42.023410+00:00 [running]> on host f293363f8e27
[2024-03-15T06:43:46.884+0000] {taskinstance.py:2510} INFO - Exporting env vars: AIRFLOW_CTX_DAG_OWNER='Agus mahari' AIRFLOW_CTX_DAG_ID='study_case1_restore' AIRFLOW_CTX_TASK_ID='ingest_csv_to_mysql' AIRFLOW_CTX_EXECUTION_DATE='2024-03-15T06:43:42.023410+00:00' AIRFLOW_CTX_TRY_NUMBER='1' AIRFLOW_CTX_DAG_RUN_ID='manual__2024-03-15T06:43:42.023410+00:00'
[2024-03-15T06:43:46.886+0000] {warnings.py:109} WARNING - /home/***/.local/lib/python3.8/site-packages/***/utils/context.py:315: AirflowContextDeprecationWarning: Accessing 'execution_date' from the template is deprecated and will be removed in a future version. Please use 'data_interval_start' or 'logical_date' instead.
  warnings.warn(_create_deprecation_warning(k, replacements))

[2024-03-15T06:43:49.349+0000] {logging_mixin.py:188} INFO - 2024-03-15 06:43:49,349 INFO sqlalchemy.engine.Engine SELECT DATABASE()
[2024-03-15T06:43:49.349+0000] {base.py:1863} INFO - SELECT DATABASE()
[2024-03-15T06:43:49.351+0000] {logging_mixin.py:188} INFO - 2024-03-15 06:43:49,350 INFO sqlalchemy.engine.Engine [raw sql] {}
[2024-03-15T06:43:49.350+0000] {base.py:1868} INFO - [raw sql] {}
[2024-03-15T06:43:50.322+0000] {logging_mixin.py:188} INFO - 2024-03-15 06:43:50,322 INFO sqlalchemy.engine.Engine SELECT @@sql_mode
[2024-03-15T06:43:50.322+0000] {base.py:1863} INFO - SELECT @@sql_mode
[2024-03-15T06:43:50.323+0000] {logging_mixin.py:188} INFO - 2024-03-15 06:43:50,323 INFO sqlalchemy.engine.Engine [raw sql] {}
[2024-03-15T06:43:50.323+0000] {base.py:1868} INFO - [raw sql] {}
[2024-03-15T06:43:50.765+0000] {logging_mixin.py:188} INFO - 2024-03-15 06:43:50,765 INFO sqlalchemy.engine.Engine SELECT @@lower_case_table_names
[2024-03-15T06:43:50.765+0000] {base.py:1863} INFO - SELECT @@lower_case_table_names
[2024-03-15T06:43:50.765+0000] {logging_mixin.py:188} INFO - 2024-03-15 06:43:50,765 INFO sqlalchemy.engine.Engine [raw sql] {}
[2024-03-15T06:43:50.765+0000] {base.py:1868} INFO - [raw sql] {}
[2024-03-15T06:43:51.179+0000] {logging_mixin.py:188} INFO - 2024-03-15 06:43:51,179 INFO sqlalchemy.engine.Engine BEGIN (implicit)
[2024-03-15T06:43:51.179+0000] {base.py:1032} INFO - BEGIN (implicit)
[2024-03-15T06:43:51.418+0000] {logging_mixin.py:188} INFO - 2024-03-15 06:43:51,418 INFO sqlalchemy.engine.Engine SELECT COUNT(*) FROM information_schema.tables WHERE table_schema = %(table_schema)s AND table_name = %(table_name)s
[2024-03-15T06:43:51.418+0000] {base.py:1863} INFO - SELECT COUNT(*) FROM information_schema.tables WHERE table_schema = %(table_schema)s AND table_name = %(table_name)s
[2024-03-15T06:43:51.419+0000] {logging_mixin.py:188} INFO - 2024-03-15 06:43:51,419 INFO sqlalchemy.engine.Engine [generated in 0.23587s] {'table_schema': 'backup', 'table_name': 'user_restore'}
[2024-03-15T06:43:51.419+0000] {base.py:1868} INFO - [generated in 0.23587s] {'table_schema': 'backup', 'table_name': 'user_restore'}
[2024-03-15T06:43:51.857+0000] {logging_mixin.py:188} INFO - 2024-03-15 06:43:51,857 INFO sqlalchemy.engine.Engine 
CREATE TABLE user_restore (
	_id TEXT, 
	id BIGINT, 
	nama TEXT, 
	created_at TEXT, 
	updated_at TEXT, 
	delete_at TEXT, 
	execution_at TEXT
)
[2024-03-15T06:43:51.857+0000] {base.py:1863} INFO - 
CREATE TABLE user_restore (
	_id TEXT, 
	id BIGINT, 
	nama TEXT, 
	created_at TEXT, 
	updated_at TEXT, 
	delete_at TEXT, 
	execution_at TEXT
)


[2024-03-15T06:43:51.858+0000] {logging_mixin.py:188} INFO - 2024-03-15 06:43:51,857 INFO sqlalchemy.engine.Engine [no key 0.22929s] {}
[2024-03-15T06:43:51.857+0000] {base.py:1868} INFO - [no key 0.22929s] {}
[2024-03-15T06:43:52.332+0000] {logging_mixin.py:188} INFO - 2024-03-15 06:43:52,332 INFO sqlalchemy.engine.Engine INSERT INTO user_restore (_id, id, nama, created_at, updated_at, delete_at, execution_at) VALUES (%(_id)s, %(id)s, %(nama)s, %(created_at)s, %(updated_at)s, %(delete_at)s, %(execution_at)s)
[2024-03-15T06:43:52.332+0000] {base.py:1863} INFO - INSERT INTO user_restore (_id, id, nama, created_at, updated_at, delete_at, execution_at) VALUES (%(_id)s, %(id)s, %(nama)s, %(created_at)s, %(updated_at)s, %(delete_at)s, %(execution_at)s)
[2024-03-15T06:43:52.333+0000] {logging_mixin.py:188} INFO - 2024-03-15 06:43:52,333 INFO sqlalchemy.engine.Engine [generated in 0.21598s] ({'_id': '65f3ebcb8e29b2caac808099', 'id': 1, 'nama': 'heri', 'created_at': '2024-03-15 06:05:00', 'updated_at': '2024-03-15 06:05:00', 'delete_at': '2024-03-15 06:05:00', 'execution_at': '2024-03-15 13:33:38'}, {'_id': '65f3ebcb8e29b2caac80809a', 'id': 2, 'nama': 'setiawan', 'created_at': '2024-03-15 06:10:00', 'updated_at': '2024-03-15 06:10:00', 'delete_at': '2024-03-15 06:10:00', 'execution_at': '2024-03-15 13:33:38'})
[2024-03-15T06:43:52.333+0000] {base.py:1868} INFO - [generated in 0.21598s] ({'_id': '65f3ebcb8e29b2caac808099', 'id': 1, 'nama': 'heri', 'created_at': '2024-03-15 06:05:00', 'updated_at': '2024-03-15 06:05:00', 'delete_at': '2024-03-15 06:05:00', 'execution_at': '2024-03-15 13:33:38'}, {'_id': '65f3ebcb8e29b2caac80809a', 'id': 2, 'nama': 'setiawan', 'created_at': '2024-03-15 06:10:00', 'updated_at': '2024-03-15 06:10:00', 'delete_at': '2024-03-15 06:10:00', 'execution_at': '2024-03-15 13:33:38'})
[2024-03-15T06:43:52.556+0000] {logging_mixin.py:188} INFO - 2024-03-15 06:43:52,556 INFO sqlalchemy.engine.Engine COMMIT
[2024-03-15T06:43:52.556+0000] {base.py:1092} INFO - COMMIT
[2024-03-15T06:43:52.982+0000] {python.py:202} INFO - Done. Returned value was: None
[2024-03-15T06:43:52.989+0000] {taskinstance.py:1149} INFO - Marking task as SUCCESS. dag_id=study_case1_restore, task_id=ingest_csv_to_mysql, execution_date=20240315T064342, start_date=20240315T064346, end_date=20240315T064352
[2024-03-15T06:43:53.018+0000] {local_task_job_runner.py:234} INFO - Task exited with return code 0
[2024-03-15T06:43:53.032+0000] {taskinstance.py:3309} INFO - 1 downstream tasks scheduled from follow-on schedule check
