[2024-03-03T20:03:45.402+0000] {taskinstance.py:1979} INFO - Dependencies all met for dep_context=non-requeueable deps ti=<TaskInstance: aaexample_4.fetch_data_task manual__2024-03-03T20:03:44.181963+00:00 [queued]>
[2024-03-03T20:03:45.413+0000] {taskinstance.py:1979} INFO - Dependencies all met for dep_context=requeueable deps ti=<TaskInstance: aaexample_4.fetch_data_task manual__2024-03-03T20:03:44.181963+00:00 [queued]>
[2024-03-03T20:03:45.414+0000] {taskinstance.py:2193} INFO - Starting attempt 1 of 2
[2024-03-03T20:03:45.426+0000] {taskinstance.py:2214} INFO - Executing <Task(PythonOperator): fetch_data_task> on 2024-03-03 20:03:44.181963+00:00
[2024-03-03T20:03:45.433+0000] {standard_task_runner.py:60} INFO - Started process 7353 to run task
[2024-03-03T20:03:45.436+0000] {standard_task_runner.py:87} INFO - Running: ['***', 'tasks', 'run', 'aaexample_4', 'fetch_data_task', 'manual__2024-03-03T20:03:44.181963+00:00', '--job-id', '86', '--raw', '--subdir', 'DAGS_FOLDER/other_ingestion_postgre/main_dag_sql_empat.py', '--cfg-path', '/tmp/tmpgiquj09a']
[2024-03-03T20:03:45.439+0000] {standard_task_runner.py:88} INFO - Job 86: Subtask fetch_data_task
[2024-03-03T20:03:45.485+0000] {task_command.py:423} INFO - Running <TaskInstance: aaexample_4.fetch_data_task manual__2024-03-03T20:03:44.181963+00:00 [running]> on host 749678136a31
[2024-03-03T20:03:45.554+0000] {taskinstance.py:2510} INFO - Exporting env vars: AIRFLOW_CTX_DAG_OWNER='***' AIRFLOW_CTX_DAG_ID='aaexample_4' AIRFLOW_CTX_TASK_ID='fetch_data_task' AIRFLOW_CTX_EXECUTION_DATE='2024-03-03T20:03:44.181963+00:00' AIRFLOW_CTX_TRY_NUMBER='1' AIRFLOW_CTX_DAG_RUN_ID='manual__2024-03-03T20:03:44.181963+00:00'
[2024-03-03T20:03:45.558+0000] {warnings.py:110} WARNING - /home/***/.local/lib/python3.11/site-packages/***/utils/context.py:315: AirflowContextDeprecationWarning: Accessing 'execution_date' from the template is deprecated and will be removed in a future version. Please use 'data_interval_start' or 'logical_date' instead.
  warnings.warn(_create_deprecation_warning(k, replacements))

[2024-03-03T20:03:45.572+0000] {taskinstance.py:2728} ERROR - Task failed with exception
Traceback (most recent call last):
  File "/home/airflow/.local/lib/python3.11/site-packages/airflow/models/taskinstance.py", line 444, in _execute_task
    result = _execute_callable(context=context, **execute_callable_kwargs)
             ^^^^^^^^^^^^^^^^^^^^^^^^^^^^^^^^^^^^^^^^^^^^^^^^^^^^^^^^^^^^^
  File "/home/airflow/.local/lib/python3.11/site-packages/airflow/models/taskinstance.py", line 414, in _execute_callable
    return execute_callable(context=context, **execute_callable_kwargs)
           ^^^^^^^^^^^^^^^^^^^^^^^^^^^^^^^^^^^^^^^^^^^^^^^^^^^^^^^^^^^^
  File "/home/airflow/.local/lib/python3.11/site-packages/airflow/operators/python.py", line 200, in execute
    return_value = self.execute_callable()
                   ^^^^^^^^^^^^^^^^^^^^^^^
  File "/home/airflow/.local/lib/python3.11/site-packages/airflow/operators/python.py", line 217, in execute_callable
    return self.python_callable(*self.op_args, **self.op_kwargs)
           ^^^^^^^^^^^^^^^^^^^^^^^^^^^^^^^^^^^^^^^^^^^^^^^^^^^^^
  File "/opt/airflow/dags/other_ingestion_postgre/main_dag_sql_empat.py", line 39, in fetch_data
    conn = get_mysql_connection()
           ^^^^^^^^^^^^^^^^^^^^^^
  File "/opt/airflow/dags/utils/mysqlconnection.py", line 10, in get_mysql_connection
    engine = create_engine(DATABASE_URL, echo=True)
             ^^^^^^^^^^^^^^^^^^^^^^^^^^^^^^^^^^^^^^
  File "<string>", line 2, in create_engine
  File "/home/airflow/.local/lib/python3.11/site-packages/sqlalchemy/util/deprecations.py", line 375, in warned
    return fn(*args, **kwargs)
           ^^^^^^^^^^^^^^^^^^^
  File "/home/airflow/.local/lib/python3.11/site-packages/sqlalchemy/engine/create.py", line 514, in create_engine
    u = _url.make_url(url)
        ^^^^^^^^^^^^^^^^^^
  File "/home/airflow/.local/lib/python3.11/site-packages/sqlalchemy/engine/url.py", line 738, in make_url
    return _parse_url(name_or_url)
           ^^^^^^^^^^^^^^^^^^^^^^^
  File "/home/airflow/.local/lib/python3.11/site-packages/sqlalchemy/engine/url.py", line 794, in _parse_url
    components["port"] = int(components["port"])
                         ^^^^^^^^^^^^^^^^^^^^^^^
ValueError: invalid literal for int() with base 10: 'port'
[2024-03-03T20:03:45.589+0000] {taskinstance.py:1149} INFO - Marking task as UP_FOR_RETRY. dag_id=aaexample_4, task_id=fetch_data_task, execution_date=20240303T200344, start_date=20240303T200345, end_date=20240303T200345
[2024-03-03T20:03:45.602+0000] {standard_task_runner.py:107} ERROR - Failed to execute job 86 for task fetch_data_task (invalid literal for int() with base 10: 'port'; 7353)
[2024-03-03T20:03:45.648+0000] {local_task_job_runner.py:234} INFO - Task exited with return code 1
[2024-03-03T20:03:45.669+0000] {taskinstance.py:3309} INFO - 0 downstream tasks scheduled from follow-on schedule check
