[2024-03-16T11:00:01.256+0000] {taskinstance.py:1979} INFO - Dependencies all met for dep_context=non-requeueable deps ti=<TaskInstance: study_case_etl_cloud_storage.fetch_data_task scheduled__2024-03-16T10:00:00+00:00 [queued]>
[2024-03-16T11:00:01.264+0000] {taskinstance.py:1979} INFO - Dependencies all met for dep_context=requeueable deps ti=<TaskInstance: study_case_etl_cloud_storage.fetch_data_task scheduled__2024-03-16T10:00:00+00:00 [queued]>
[2024-03-16T11:00:01.264+0000] {taskinstance.py:2193} INFO - Starting attempt 1 of 2
[2024-03-16T11:00:01.276+0000] {taskinstance.py:2214} INFO - Executing <Task(PythonOperator): fetch_data_task> on 2024-03-16 10:00:00+00:00
[2024-03-16T11:00:01.282+0000] {standard_task_runner.py:60} INFO - Started process 3314 to run task
[2024-03-16T11:00:01.286+0000] {standard_task_runner.py:87} INFO - Running: ['***', 'tasks', 'run', 'study_case_etl_cloud_storage', 'fetch_data_task', 'scheduled__2024-03-16T10:00:00+00:00', '--job-id', '714', '--raw', '--subdir', 'DAGS_FOLDER/etl_day_bigquery/study_case_etl_cloud_storage.py', '--cfg-path', '/tmp/tmpcvsqgd23']
[2024-03-16T11:00:01.288+0000] {standard_task_runner.py:88} INFO - Job 714: Subtask fetch_data_task
[2024-03-16T11:00:01.327+0000] {task_command.py:423} INFO - Running <TaskInstance: study_case_etl_cloud_storage.fetch_data_task scheduled__2024-03-16T10:00:00+00:00 [running]> on host 1d5b76b26ba5
[2024-03-16T11:00:01.397+0000] {taskinstance.py:2510} INFO - Exporting env vars: AIRFLOW_CTX_DAG_OWNER='Agus mahari' AIRFLOW_CTX_DAG_ID='study_case_etl_cloud_storage' AIRFLOW_CTX_TASK_ID='fetch_data_task' AIRFLOW_CTX_EXECUTION_DATE='2024-03-16T10:00:00+00:00' AIRFLOW_CTX_TRY_NUMBER='1' AIRFLOW_CTX_DAG_RUN_ID='scheduled__2024-03-16T10:00:00+00:00'
[2024-03-16T11:00:01.399+0000] {warnings.py:109} WARNING - /home/***/.local/lib/python3.8/site-packages/***/utils/context.py:315: AirflowContextDeprecationWarning: Accessing 'execution_date' from the template is deprecated and will be removed in a future version. Please use 'data_interval_start' or 'logical_date' instead.
  warnings.warn(_create_deprecation_warning(k, replacements))

[2024-03-16T11:00:04.318+0000] {logging_mixin.py:188} INFO - 2024-03-16 11:00:04,318 INFO sqlalchemy.engine.Engine SELECT DATABASE()
[2024-03-16T11:00:04.318+0000] {base.py:1863} INFO - SELECT DATABASE()
[2024-03-16T11:00:04.322+0000] {logging_mixin.py:188} INFO - 2024-03-16 11:00:04,321 INFO sqlalchemy.engine.Engine [raw sql] {}
[2024-03-16T11:00:04.321+0000] {base.py:1868} INFO - [raw sql] {}
[2024-03-16T11:00:05.332+0000] {logging_mixin.py:188} INFO - 2024-03-16 11:00:05,331 INFO sqlalchemy.engine.Engine SELECT @@sql_mode
[2024-03-16T11:00:05.331+0000] {base.py:1863} INFO - SELECT @@sql_mode
[2024-03-16T11:00:05.332+0000] {logging_mixin.py:188} INFO - 2024-03-16 11:00:05,332 INFO sqlalchemy.engine.Engine [raw sql] {}
[2024-03-16T11:00:05.332+0000] {base.py:1868} INFO - [raw sql] {}
[2024-03-16T11:00:05.841+0000] {logging_mixin.py:188} INFO - 2024-03-16 11:00:05,841 INFO sqlalchemy.engine.Engine SELECT @@lower_case_table_names
[2024-03-16T11:00:05.841+0000] {base.py:1863} INFO - SELECT @@lower_case_table_names
[2024-03-16T11:00:05.843+0000] {logging_mixin.py:188} INFO - 2024-03-16 11:00:05,843 INFO sqlalchemy.engine.Engine [raw sql] {}
[2024-03-16T11:00:05.843+0000] {base.py:1868} INFO - [raw sql] {}
[2024-03-16T11:00:06.583+0000] {logging_mixin.py:188} INFO - 2024-03-16 11:00:06,583 INFO sqlalchemy.engine.Engine 


  SELECT 
    *
FROM databasename.mytable
[2024-03-16T11:00:06.583+0000] {base.py:1863} INFO - 


  SELECT 
    *
FROM databasename.mytable
[2024-03-16T11:00:06.588+0000] {logging_mixin.py:188} INFO - 2024-03-16 11:00:06,587 INFO sqlalchemy.engine.Engine [raw sql] {}
[2024-03-16T11:00:06.587+0000] {base.py:1868} INFO - [raw sql] {}
[2024-03-16T11:00:07.117+0000] {python.py:202} INFO - Done. Returned value was: /opt/***/data/aplikasi_table_2024-03-16-10-00-00.parquet
[2024-03-16T11:00:07.186+0000] {taskinstance.py:1149} INFO - Marking task as SUCCESS. dag_id=study_case_etl_cloud_storage, task_id=fetch_data_task, execution_date=20240316T100000, start_date=20240316T110001, end_date=20240316T110007
[2024-03-16T11:00:07.237+0000] {local_task_job_runner.py:234} INFO - Task exited with return code 0
[2024-03-16T11:00:07.258+0000] {taskinstance.py:3309} INFO - 1 downstream tasks scheduled from follow-on schedule check
[2024-03-22T17:28:37.690+0000] {taskinstance.py:1979} INFO - Dependencies all met for dep_context=non-requeueable deps ti=<TaskInstance: study_case_etl_cloud_storage.fetch_data_task scheduled__2024-03-16T10:00:00+00:00 [queued]>
[2024-03-22T17:28:37.706+0000] {taskinstance.py:1979} INFO - Dependencies all met for dep_context=requeueable deps ti=<TaskInstance: study_case_etl_cloud_storage.fetch_data_task scheduled__2024-03-16T10:00:00+00:00 [queued]>
[2024-03-22T17:28:37.707+0000] {taskinstance.py:2193} INFO - Starting attempt 1 of 2
[2024-03-22T17:28:37.733+0000] {taskinstance.py:2214} INFO - Executing <Task(PythonOperator): fetch_data_task> on 2024-03-16 10:00:00+00:00
[2024-03-22T17:28:37.743+0000] {standard_task_runner.py:60} INFO - Started process 455 to run task
[2024-03-22T17:28:37.747+0000] {standard_task_runner.py:87} INFO - Running: ['***', 'tasks', 'run', 'study_case_etl_cloud_storage', 'fetch_data_task', 'scheduled__2024-03-16T10:00:00+00:00', '--job-id', '46', '--raw', '--subdir', 'DAGS_FOLDER/etl_day_bigquery/study_case_etl_cloud_storage.py', '--cfg-path', '/tmp/tmpzecuip1e']
[2024-03-22T17:28:37.762+0000] {standard_task_runner.py:88} INFO - Job 46: Subtask fetch_data_task
[2024-03-22T17:28:37.844+0000] {task_command.py:423} INFO - Running <TaskInstance: study_case_etl_cloud_storage.fetch_data_task scheduled__2024-03-16T10:00:00+00:00 [running]> on host eb8b31fafb1e
[2024-03-22T17:28:37.965+0000] {taskinstance.py:2510} INFO - Exporting env vars: AIRFLOW_CTX_DAG_OWNER='Agus mahari' AIRFLOW_CTX_DAG_ID='study_case_etl_cloud_storage' AIRFLOW_CTX_TASK_ID='fetch_data_task' AIRFLOW_CTX_EXECUTION_DATE='2024-03-16T10:00:00+00:00' AIRFLOW_CTX_TRY_NUMBER='1' AIRFLOW_CTX_DAG_RUN_ID='scheduled__2024-03-16T10:00:00+00:00'
[2024-03-22T17:28:40.555+0000] {logging_mixin.py:188} INFO - 2024-03-22 17:28:40,555 INFO sqlalchemy.engine.Engine SELECT DATABASE()
[2024-03-22T17:28:40.555+0000] {base.py:1863} INFO - SELECT DATABASE()
[2024-03-22T17:28:40.556+0000] {logging_mixin.py:188} INFO - 2024-03-22 17:28:40,556 INFO sqlalchemy.engine.Engine [raw sql] {}
[2024-03-22T17:28:40.556+0000] {base.py:1868} INFO - [raw sql] {}
[2024-03-22T17:28:41.485+0000] {logging_mixin.py:188} INFO - 2024-03-22 17:28:41,485 INFO sqlalchemy.engine.Engine SELECT @@sql_mode
[2024-03-22T17:28:41.485+0000] {base.py:1863} INFO - SELECT @@sql_mode
[2024-03-22T17:28:41.488+0000] {logging_mixin.py:188} INFO - 2024-03-22 17:28:41,488 INFO sqlalchemy.engine.Engine [raw sql] {}
[2024-03-22T17:28:41.488+0000] {base.py:1868} INFO - [raw sql] {}
[2024-03-22T17:28:41.930+0000] {logging_mixin.py:188} INFO - 2024-03-22 17:28:41,930 INFO sqlalchemy.engine.Engine SELECT @@lower_case_table_names
[2024-03-22T17:28:41.930+0000] {base.py:1863} INFO - SELECT @@lower_case_table_names
[2024-03-22T17:28:41.933+0000] {logging_mixin.py:188} INFO - 2024-03-22 17:28:41,933 INFO sqlalchemy.engine.Engine [raw sql] {}
[2024-03-22T17:28:41.933+0000] {base.py:1868} INFO - [raw sql] {}
[2024-03-22T17:28:42.597+0000] {logging_mixin.py:188} INFO - 2024-03-22 17:28:42,597 INFO sqlalchemy.engine.Engine 


  SELECT 
    *
FROM databasename.mytable
[2024-03-22T17:28:42.597+0000] {base.py:1863} INFO - 


  SELECT 
    *
FROM databasename.mytable
[2024-03-22T17:28:42.600+0000] {logging_mixin.py:188} INFO - 2024-03-22 17:28:42,600 INFO sqlalchemy.engine.Engine [raw sql] {}
[2024-03-22T17:28:42.600+0000] {base.py:1868} INFO - [raw sql] {}
[2024-03-22T17:28:43.045+0000] {logging_mixin.py:188} INFO - File already exists.
[2024-03-22T17:28:43.048+0000] {python.py:202} INFO - Done. Returned value was: /opt/***/data/aplikasi_table_['{ ds }.parquet']
[2024-03-22T17:28:43.089+0000] {taskinstance.py:1149} INFO - Marking task as SUCCESS. dag_id=study_case_etl_cloud_storage, task_id=fetch_data_task, execution_date=20240316T100000, start_date=20240322T172837, end_date=20240322T172843
[2024-03-22T17:28:43.273+0000] {local_task_job_runner.py:234} INFO - Task exited with return code 0
[2024-03-22T17:28:43.296+0000] {taskinstance.py:3309} INFO - 0 downstream tasks scheduled from follow-on schedule check
