[2024-03-16T06:18:26.563+0000] {taskinstance.py:1979} INFO - Dependencies all met for dep_context=non-requeueable deps ti=<TaskInstance: study_case_etl_cloud_storage.fetch_data_task scheduled__2024-03-16T05:00:00+00:00 [queued]>
[2024-03-16T06:18:26.586+0000] {taskinstance.py:1979} INFO - Dependencies all met for dep_context=requeueable deps ti=<TaskInstance: study_case_etl_cloud_storage.fetch_data_task scheduled__2024-03-16T05:00:00+00:00 [queued]>
[2024-03-16T06:18:26.586+0000] {taskinstance.py:2193} INFO - Starting attempt 1 of 2
[2024-03-16T06:18:26.601+0000] {taskinstance.py:2214} INFO - Executing <Task(PythonOperator): fetch_data_task> on 2024-03-16 05:00:00+00:00
[2024-03-16T06:18:26.606+0000] {standard_task_runner.py:60} INFO - Started process 120 to run task
[2024-03-16T06:18:26.611+0000] {standard_task_runner.py:87} INFO - Running: ['***', 'tasks', 'run', 'study_case_etl_cloud_storage', 'fetch_data_task', 'scheduled__2024-03-16T05:00:00+00:00', '--job-id', '598', '--raw', '--subdir', 'DAGS_FOLDER/etl_day_bigquery/study_case_etl_cloud_storage.py', '--cfg-path', '/tmp/tmpmticqamw']
[2024-03-16T06:18:26.622+0000] {standard_task_runner.py:88} INFO - Job 598: Subtask fetch_data_task
[2024-03-16T06:18:26.687+0000] {task_command.py:423} INFO - Running <TaskInstance: study_case_etl_cloud_storage.fetch_data_task scheduled__2024-03-16T05:00:00+00:00 [running]> on host 5aeb2644b29c
[2024-03-16T06:18:26.758+0000] {taskinstance.py:2510} INFO - Exporting env vars: AIRFLOW_CTX_DAG_OWNER='Agus mahari' AIRFLOW_CTX_DAG_ID='study_case_etl_cloud_storage' AIRFLOW_CTX_TASK_ID='fetch_data_task' AIRFLOW_CTX_EXECUTION_DATE='2024-03-16T05:00:00+00:00' AIRFLOW_CTX_TRY_NUMBER='1' AIRFLOW_CTX_DAG_RUN_ID='scheduled__2024-03-16T05:00:00+00:00'
[2024-03-16T06:18:26.760+0000] {warnings.py:109} WARNING - /home/***/.local/lib/python3.8/site-packages/***/utils/context.py:315: AirflowContextDeprecationWarning: Accessing 'execution_date' from the template is deprecated and will be removed in a future version. Please use 'data_interval_start' or 'logical_date' instead.
  warnings.warn(_create_deprecation_warning(k, replacements))

[2024-03-16T06:18:29.519+0000] {logging_mixin.py:188} INFO - 2024-03-16 06:18:29,518 INFO sqlalchemy.engine.Engine SELECT DATABASE()
[2024-03-16T06:18:29.518+0000] {base.py:1863} INFO - SELECT DATABASE()
[2024-03-16T06:18:29.520+0000] {logging_mixin.py:188} INFO - 2024-03-16 06:18:29,519 INFO sqlalchemy.engine.Engine [raw sql] {}
[2024-03-16T06:18:29.519+0000] {base.py:1868} INFO - [raw sql] {}
[2024-03-16T06:18:30.425+0000] {logging_mixin.py:188} INFO - 2024-03-16 06:18:30,425 INFO sqlalchemy.engine.Engine SELECT @@sql_mode
[2024-03-16T06:18:30.425+0000] {base.py:1863} INFO - SELECT @@sql_mode
[2024-03-16T06:18:30.426+0000] {logging_mixin.py:188} INFO - 2024-03-16 06:18:30,426 INFO sqlalchemy.engine.Engine [raw sql] {}
[2024-03-16T06:18:30.426+0000] {base.py:1868} INFO - [raw sql] {}
[2024-03-16T06:18:30.868+0000] {logging_mixin.py:188} INFO - 2024-03-16 06:18:30,868 INFO sqlalchemy.engine.Engine SELECT @@lower_case_table_names
[2024-03-16T06:18:30.868+0000] {base.py:1863} INFO - SELECT @@lower_case_table_names
[2024-03-16T06:18:30.869+0000] {logging_mixin.py:188} INFO - 2024-03-16 06:18:30,869 INFO sqlalchemy.engine.Engine [raw sql] {}
[2024-03-16T06:18:30.869+0000] {base.py:1868} INFO - [raw sql] {}
[2024-03-16T06:18:31.572+0000] {logging_mixin.py:188} INFO - 2024-03-16 06:18:31,571 INFO sqlalchemy.engine.Engine 


   SELECT 
    *, 
    CONVERT_TZ(NOW(), 'UTC', '+07:00') as execution_at
FROM test.user
WHERE updated_at BETWEEN NOW() - INTERVAL 7 MINUTE AND NOW()
[2024-03-16T06:18:31.571+0000] {base.py:1863} INFO - 


   SELECT 
    *, 
    CONVERT_TZ(NOW(), 'UTC', '+07:00') as execution_at
FROM test.user
WHERE updated_at BETWEEN NOW() - INTERVAL 7 MINUTE AND NOW()
[2024-03-16T06:18:31.573+0000] {logging_mixin.py:188} INFO - 2024-03-16 06:18:31,573 INFO sqlalchemy.engine.Engine [raw sql] {}
[2024-03-16T06:18:31.573+0000] {base.py:1868} INFO - [raw sql] {}
[2024-03-16T06:18:32.035+0000] {python.py:202} INFO - Done. Returned value was: /opt/***/data/aplikasi_table_2024-03-16-5-00-00.parquet
[2024-03-16T06:18:32.088+0000] {taskinstance.py:1149} INFO - Marking task as SUCCESS. dag_id=study_case_etl_cloud_storage, task_id=fetch_data_task, execution_date=20240316T050000, start_date=20240316T061826, end_date=20240316T061832
[2024-03-16T06:18:32.166+0000] {local_task_job_runner.py:234} INFO - Task exited with return code 0
[2024-03-16T06:18:32.244+0000] {taskinstance.py:3309} INFO - 1 downstream tasks scheduled from follow-on schedule check
[2024-03-22T17:28:35.016+0000] {taskinstance.py:1979} INFO - Dependencies all met for dep_context=non-requeueable deps ti=<TaskInstance: study_case_etl_cloud_storage.fetch_data_task scheduled__2024-03-16T05:00:00+00:00 [queued]>
[2024-03-22T17:28:35.040+0000] {taskinstance.py:1979} INFO - Dependencies all met for dep_context=requeueable deps ti=<TaskInstance: study_case_etl_cloud_storage.fetch_data_task scheduled__2024-03-16T05:00:00+00:00 [queued]>
[2024-03-22T17:28:35.041+0000] {taskinstance.py:2193} INFO - Starting attempt 1 of 2
[2024-03-22T17:28:35.093+0000] {taskinstance.py:2214} INFO - Executing <Task(PythonOperator): fetch_data_task> on 2024-03-16 05:00:00+00:00
[2024-03-22T17:28:35.117+0000] {standard_task_runner.py:60} INFO - Started process 432 to run task
[2024-03-22T17:28:35.130+0000] {standard_task_runner.py:87} INFO - Running: ['***', 'tasks', 'run', 'study_case_etl_cloud_storage', 'fetch_data_task', 'scheduled__2024-03-16T05:00:00+00:00', '--job-id', '39', '--raw', '--subdir', 'DAGS_FOLDER/etl_day_bigquery/study_case_etl_cloud_storage.py', '--cfg-path', '/tmp/tmpstfom_cf']
[2024-03-22T17:28:35.148+0000] {standard_task_runner.py:88} INFO - Job 39: Subtask fetch_data_task
[2024-03-22T17:28:35.258+0000] {task_command.py:423} INFO - Running <TaskInstance: study_case_etl_cloud_storage.fetch_data_task scheduled__2024-03-16T05:00:00+00:00 [running]> on host eb8b31fafb1e
[2024-03-22T17:28:35.459+0000] {taskinstance.py:2510} INFO - Exporting env vars: AIRFLOW_CTX_DAG_OWNER='Agus mahari' AIRFLOW_CTX_DAG_ID='study_case_etl_cloud_storage' AIRFLOW_CTX_TASK_ID='fetch_data_task' AIRFLOW_CTX_EXECUTION_DATE='2024-03-16T05:00:00+00:00' AIRFLOW_CTX_TRY_NUMBER='1' AIRFLOW_CTX_DAG_RUN_ID='scheduled__2024-03-16T05:00:00+00:00'
[2024-03-22T17:28:38.345+0000] {logging_mixin.py:188} INFO - 2024-03-22 17:28:38,345 INFO sqlalchemy.engine.Engine SELECT DATABASE()
[2024-03-22T17:28:38.345+0000] {base.py:1863} INFO - SELECT DATABASE()
[2024-03-22T17:28:38.351+0000] {logging_mixin.py:188} INFO - 2024-03-22 17:28:38,350 INFO sqlalchemy.engine.Engine [raw sql] {}
[2024-03-22T17:28:38.350+0000] {base.py:1868} INFO - [raw sql] {}
[2024-03-22T17:28:39.384+0000] {logging_mixin.py:188} INFO - 2024-03-22 17:28:39,384 INFO sqlalchemy.engine.Engine SELECT @@sql_mode
[2024-03-22T17:28:39.384+0000] {base.py:1863} INFO - SELECT @@sql_mode
[2024-03-22T17:28:39.386+0000] {logging_mixin.py:188} INFO - 2024-03-22 17:28:39,386 INFO sqlalchemy.engine.Engine [raw sql] {}
[2024-03-22T17:28:39.386+0000] {base.py:1868} INFO - [raw sql] {}
[2024-03-22T17:28:39.830+0000] {logging_mixin.py:188} INFO - 2024-03-22 17:28:39,830 INFO sqlalchemy.engine.Engine SELECT @@lower_case_table_names
[2024-03-22T17:28:39.830+0000] {base.py:1863} INFO - SELECT @@lower_case_table_names
[2024-03-22T17:28:39.831+0000] {logging_mixin.py:188} INFO - 2024-03-22 17:28:39,831 INFO sqlalchemy.engine.Engine [raw sql] {}
[2024-03-22T17:28:39.831+0000] {base.py:1868} INFO - [raw sql] {}
[2024-03-22T17:28:40.494+0000] {logging_mixin.py:188} INFO - 2024-03-22 17:28:40,494 INFO sqlalchemy.engine.Engine 


  SELECT 
    *
FROM databasename.mytable
[2024-03-22T17:28:40.494+0000] {base.py:1863} INFO - 


  SELECT 
    *
FROM databasename.mytable
[2024-03-22T17:28:40.495+0000] {logging_mixin.py:188} INFO - 2024-03-22 17:28:40,495 INFO sqlalchemy.engine.Engine [raw sql] {}
[2024-03-22T17:28:40.495+0000] {base.py:1868} INFO - [raw sql] {}
[2024-03-22T17:28:40.958+0000] {logging_mixin.py:188} INFO - File already exists.
[2024-03-22T17:28:40.960+0000] {python.py:202} INFO - Done. Returned value was: /opt/***/data/aplikasi_table_['{ ds }.parquet']
[2024-03-22T17:28:40.981+0000] {taskinstance.py:1149} INFO - Marking task as SUCCESS. dag_id=study_case_etl_cloud_storage, task_id=fetch_data_task, execution_date=20240316T050000, start_date=20240322T172835, end_date=20240322T172840
[2024-03-22T17:28:41.022+0000] {local_task_job_runner.py:234} INFO - Task exited with return code 0
[2024-03-22T17:28:41.034+0000] {taskinstance.py:3309} INFO - 0 downstream tasks scheduled from follow-on schedule check
