[2024-03-17T07:09:13.497+0000] {taskinstance.py:1979} INFO - Dependencies all met for dep_context=non-requeueable deps ti=<TaskInstance: study_case_etl_cloud_storage_tiga.fetch_data_aplikasi_transaksi_task_id manual__2024-03-17T07:09:10.429019+00:00 [queued]>
[2024-03-17T07:09:13.513+0000] {taskinstance.py:1979} INFO - Dependencies all met for dep_context=requeueable deps ti=<TaskInstance: study_case_etl_cloud_storage_tiga.fetch_data_aplikasi_transaksi_task_id manual__2024-03-17T07:09:10.429019+00:00 [queued]>
[2024-03-17T07:09:13.514+0000] {taskinstance.py:2193} INFO - Starting attempt 1 of 2
[2024-03-17T07:09:13.537+0000] {taskinstance.py:2214} INFO - Executing <Task(PythonOperator): fetch_data_aplikasi_transaksi_task_id> on 2024-03-17 07:09:10.429019+00:00
[2024-03-17T07:09:13.544+0000] {standard_task_runner.py:60} INFO - Started process 6942 to run task
[2024-03-17T07:09:13.551+0000] {standard_task_runner.py:87} INFO - Running: ['***', 'tasks', 'run', 'study_case_etl_cloud_storage_tiga', 'fetch_data_aplikasi_transaksi_task_id', 'manual__2024-03-17T07:09:10.429019+00:00', '--job-id', '970', '--raw', '--subdir', 'DAGS_FOLDER/etl_day_bigquery/study_case_etl_cloud_bigquery.py', '--cfg-path', '/tmp/tmpakq56mf3']
[2024-03-17T07:09:13.561+0000] {standard_task_runner.py:88} INFO - Job 970: Subtask fetch_data_aplikasi_transaksi_task_id
[2024-03-17T07:09:13.627+0000] {task_command.py:423} INFO - Running <TaskInstance: study_case_etl_cloud_storage_tiga.fetch_data_aplikasi_transaksi_task_id manual__2024-03-17T07:09:10.429019+00:00 [running]> on host 1d5b76b26ba5
[2024-03-17T07:09:13.741+0000] {taskinstance.py:2510} INFO - Exporting env vars: AIRFLOW_CTX_DAG_OWNER='Agus mahari' AIRFLOW_CTX_DAG_ID='study_case_etl_cloud_storage_tiga' AIRFLOW_CTX_TASK_ID='fetch_data_aplikasi_transaksi_task_id' AIRFLOW_CTX_EXECUTION_DATE='2024-03-17T07:09:10.429019+00:00' AIRFLOW_CTX_TRY_NUMBER='1' AIRFLOW_CTX_DAG_RUN_ID='manual__2024-03-17T07:09:10.429019+00:00'
[2024-03-17T07:09:16.330+0000] {logging_mixin.py:188} INFO - 2024-03-17 07:09:16,330 INFO sqlalchemy.engine.Engine SELECT DATABASE()
[2024-03-17T07:09:16.330+0000] {base.py:1863} INFO - SELECT DATABASE()
[2024-03-17T07:09:16.331+0000] {logging_mixin.py:188} INFO - 2024-03-17 07:09:16,331 INFO sqlalchemy.engine.Engine [raw sql] {}
[2024-03-17T07:09:16.331+0000] {base.py:1868} INFO - [raw sql] {}
[2024-03-17T07:09:17.215+0000] {logging_mixin.py:188} INFO - 2024-03-17 07:09:17,215 INFO sqlalchemy.engine.Engine SELECT @@sql_mode
[2024-03-17T07:09:17.215+0000] {base.py:1863} INFO - SELECT @@sql_mode
[2024-03-17T07:09:17.216+0000] {logging_mixin.py:188} INFO - 2024-03-17 07:09:17,216 INFO sqlalchemy.engine.Engine [raw sql] {}
[2024-03-17T07:09:17.216+0000] {base.py:1868} INFO - [raw sql] {}
[2024-03-17T07:09:17.659+0000] {logging_mixin.py:188} INFO - 2024-03-17 07:09:17,659 INFO sqlalchemy.engine.Engine SELECT @@lower_case_table_names
[2024-03-17T07:09:17.659+0000] {base.py:1863} INFO - SELECT @@lower_case_table_names
[2024-03-17T07:09:17.660+0000] {logging_mixin.py:188} INFO - 2024-03-17 07:09:17,659 INFO sqlalchemy.engine.Engine [raw sql] {}
[2024-03-17T07:09:17.659+0000] {base.py:1868} INFO - [raw sql] {}
[2024-03-17T07:09:18.323+0000] {logging_mixin.py:188} INFO - 2024-03-17 07:09:18,323 INFO sqlalchemy.engine.Engine 


  SELECT 
    *
FROM databasename.transaksi
[2024-03-17T07:09:18.323+0000] {base.py:1863} INFO - 


  SELECT 
    *
FROM databasename.transaksi
[2024-03-17T07:09:18.324+0000] {logging_mixin.py:188} INFO - 2024-03-17 07:09:18,324 INFO sqlalchemy.engine.Engine [raw sql] {}
[2024-03-17T07:09:18.324+0000] {base.py:1868} INFO - [raw sql] {}
[2024-03-17T07:09:18.768+0000] {logging_mixin.py:188} INFO - File already exists.
[2024-03-17T07:09:18.770+0000] {python.py:202} INFO - Done. Returned value was: /opt/***/data/fetch_data_aplikasi_transaksi_task_id_2024-03-17.csv
[2024-03-17T07:09:18.797+0000] {taskinstance.py:1149} INFO - Marking task as SUCCESS. dag_id=study_case_etl_cloud_storage_tiga, task_id=fetch_data_aplikasi_transaksi_task_id, execution_date=20240317T070910, start_date=20240317T070913, end_date=20240317T070918
[2024-03-17T07:09:18.852+0000] {local_task_job_runner.py:234} INFO - Task exited with return code 0
[2024-03-17T07:09:18.887+0000] {taskinstance.py:3309} INFO - 1 downstream tasks scheduled from follow-on schedule check
