[2024-03-16T06:06:32.080+0000] {taskinstance.py:1979} INFO - Dependencies all met for dep_context=non-requeueable deps ti=<TaskInstance: study_case_etl_cloud_storage.fetch_data_task scheduled__2024-03-14T21:00:00+00:00 [queued]>
[2024-03-16T06:06:32.092+0000] {taskinstance.py:1979} INFO - Dependencies all met for dep_context=requeueable deps ti=<TaskInstance: study_case_etl_cloud_storage.fetch_data_task scheduled__2024-03-14T21:00:00+00:00 [queued]>
[2024-03-16T06:06:32.093+0000] {taskinstance.py:2193} INFO - Starting attempt 1 of 2
[2024-03-16T06:06:32.108+0000] {taskinstance.py:2214} INFO - Executing <Task(PythonOperator): fetch_data_task> on 2024-03-14 21:00:00+00:00
[2024-03-16T06:06:32.119+0000] {standard_task_runner.py:60} INFO - Started process 141 to run task
[2024-03-16T06:06:32.129+0000] {standard_task_runner.py:87} INFO - Running: ['***', 'tasks', 'run', 'study_case_etl_cloud_storage', 'fetch_data_task', 'scheduled__2024-03-14T21:00:00+00:00', '--job-id', '482', '--raw', '--subdir', 'DAGS_FOLDER/etl_day_bigquery/study_case_etl_cloud_storage.py', '--cfg-path', '/tmp/tmptwxaw9_4']
[2024-03-16T06:06:32.138+0000] {standard_task_runner.py:88} INFO - Job 482: Subtask fetch_data_task
[2024-03-16T06:06:32.237+0000] {task_command.py:423} INFO - Running <TaskInstance: study_case_etl_cloud_storage.fetch_data_task scheduled__2024-03-14T21:00:00+00:00 [running]> on host 72d5c878da28
[2024-03-16T06:06:32.332+0000] {taskinstance.py:2510} INFO - Exporting env vars: AIRFLOW_CTX_DAG_OWNER='Agus mahari' AIRFLOW_CTX_DAG_ID='study_case_etl_cloud_storage' AIRFLOW_CTX_TASK_ID='fetch_data_task' AIRFLOW_CTX_EXECUTION_DATE='2024-03-14T21:00:00+00:00' AIRFLOW_CTX_TRY_NUMBER='1' AIRFLOW_CTX_DAG_RUN_ID='scheduled__2024-03-14T21:00:00+00:00'
[2024-03-16T06:06:32.334+0000] {warnings.py:109} WARNING - /home/***/.local/lib/python3.8/site-packages/***/utils/context.py:315: AirflowContextDeprecationWarning: Accessing 'execution_date' from the template is deprecated and will be removed in a future version. Please use 'data_interval_start' or 'logical_date' instead.
  warnings.warn(_create_deprecation_warning(k, replacements))

[2024-03-16T06:06:35.017+0000] {logging_mixin.py:188} INFO - 2024-03-16 06:06:35,017 INFO sqlalchemy.engine.Engine SELECT DATABASE()
[2024-03-16T06:06:35.017+0000] {base.py:1863} INFO - SELECT DATABASE()
[2024-03-16T06:06:35.018+0000] {logging_mixin.py:188} INFO - 2024-03-16 06:06:35,018 INFO sqlalchemy.engine.Engine [raw sql] {}
[2024-03-16T06:06:35.018+0000] {base.py:1868} INFO - [raw sql] {}
[2024-03-16T06:06:35.987+0000] {logging_mixin.py:188} INFO - 2024-03-16 06:06:35,987 INFO sqlalchemy.engine.Engine SELECT @@sql_mode
[2024-03-16T06:06:35.987+0000] {base.py:1863} INFO - SELECT @@sql_mode
[2024-03-16T06:06:35.988+0000] {logging_mixin.py:188} INFO - 2024-03-16 06:06:35,988 INFO sqlalchemy.engine.Engine [raw sql] {}
[2024-03-16T06:06:35.988+0000] {base.py:1868} INFO - [raw sql] {}
[2024-03-16T06:06:36.452+0000] {logging_mixin.py:188} INFO - 2024-03-16 06:06:36,452 INFO sqlalchemy.engine.Engine SELECT @@lower_case_table_names
[2024-03-16T06:06:36.452+0000] {base.py:1863} INFO - SELECT @@lower_case_table_names
[2024-03-16T06:06:36.453+0000] {logging_mixin.py:188} INFO - 2024-03-16 06:06:36,453 INFO sqlalchemy.engine.Engine [raw sql] {}
[2024-03-16T06:06:36.453+0000] {base.py:1868} INFO - [raw sql] {}
[2024-03-16T06:06:37.116+0000] {logging_mixin.py:188} INFO - 2024-03-16 06:06:37,116 INFO sqlalchemy.engine.Engine 


   SELECT 
    *, 
    CONVERT_TZ(NOW(), 'UTC', '+07:00') as execution_at
FROM test.user
WHERE updated_at BETWEEN NOW() - INTERVAL 7 MINUTE AND NOW()
[2024-03-16T06:06:37.116+0000] {base.py:1863} INFO - 


   SELECT 
    *, 
    CONVERT_TZ(NOW(), 'UTC', '+07:00') as execution_at
FROM test.user
WHERE updated_at BETWEEN NOW() - INTERVAL 7 MINUTE AND NOW()
[2024-03-16T06:06:37.117+0000] {logging_mixin.py:188} INFO - 2024-03-16 06:06:37,117 INFO sqlalchemy.engine.Engine [raw sql] {}
[2024-03-16T06:06:37.117+0000] {base.py:1868} INFO - [raw sql] {}
[2024-03-16T06:06:37.573+0000] {python.py:202} INFO - Done. Returned value was: /opt/***/data/aplikasi_table_2024-03-14-21-00-00.parquet
[2024-03-16T06:06:37.600+0000] {taskinstance.py:1149} INFO - Marking task as SUCCESS. dag_id=study_case_etl_cloud_storage, task_id=fetch_data_task, execution_date=20240314T210000, start_date=20240316T060632, end_date=20240316T060637
[2024-03-16T06:06:37.656+0000] {local_task_job_runner.py:234} INFO - Task exited with return code 0
[2024-03-16T06:06:37.682+0000] {taskinstance.py:3309} INFO - 1 downstream tasks scheduled from follow-on schedule check
[2024-03-22T17:28:00.376+0000] {taskinstance.py:1979} INFO - Dependencies all met for dep_context=non-requeueable deps ti=<TaskInstance: study_case_etl_cloud_storage.fetch_data_task scheduled__2024-03-14T21:00:00+00:00 [queued]>
[2024-03-22T17:28:00.433+0000] {taskinstance.py:1979} INFO - Dependencies all met for dep_context=requeueable deps ti=<TaskInstance: study_case_etl_cloud_storage.fetch_data_task scheduled__2024-03-14T21:00:00+00:00 [queued]>
[2024-03-22T17:28:00.439+0000] {taskinstance.py:2193} INFO - Starting attempt 1 of 2
[2024-03-22T17:28:00.510+0000] {taskinstance.py:2214} INFO - Executing <Task(PythonOperator): fetch_data_task> on 2024-03-14 21:00:00+00:00
[2024-03-22T17:28:00.541+0000] {standard_task_runner.py:60} INFO - Started process 332 to run task
[2024-03-22T17:28:00.543+0000] {standard_task_runner.py:87} INFO - Running: ['***', 'tasks', 'run', 'study_case_etl_cloud_storage', 'fetch_data_task', 'scheduled__2024-03-14T21:00:00+00:00', '--job-id', '4', '--raw', '--subdir', 'DAGS_FOLDER/etl_day_bigquery/study_case_etl_cloud_storage.py', '--cfg-path', '/tmp/tmp6nwfys17']
[2024-03-22T17:28:00.552+0000] {standard_task_runner.py:88} INFO - Job 4: Subtask fetch_data_task
[2024-03-22T17:28:00.691+0000] {task_command.py:423} INFO - Running <TaskInstance: study_case_etl_cloud_storage.fetch_data_task scheduled__2024-03-14T21:00:00+00:00 [running]> on host eb8b31fafb1e
[2024-03-22T17:28:01.110+0000] {taskinstance.py:2510} INFO - Exporting env vars: AIRFLOW_CTX_DAG_OWNER='Agus mahari' AIRFLOW_CTX_DAG_ID='study_case_etl_cloud_storage' AIRFLOW_CTX_TASK_ID='fetch_data_task' AIRFLOW_CTX_EXECUTION_DATE='2024-03-14T21:00:00+00:00' AIRFLOW_CTX_TRY_NUMBER='1' AIRFLOW_CTX_DAG_RUN_ID='scheduled__2024-03-14T21:00:00+00:00'
[2024-03-22T17:28:05.376+0000] {logging_mixin.py:188} INFO - 2024-03-22 17:28:05,376 INFO sqlalchemy.engine.Engine SELECT DATABASE()
[2024-03-22T17:28:05.376+0000] {base.py:1863} INFO - SELECT DATABASE()
[2024-03-22T17:28:05.377+0000] {logging_mixin.py:188} INFO - 2024-03-22 17:28:05,377 INFO sqlalchemy.engine.Engine [raw sql] {}
[2024-03-22T17:28:05.377+0000] {base.py:1868} INFO - [raw sql] {}
[2024-03-22T17:28:06.296+0000] {logging_mixin.py:188} INFO - 2024-03-22 17:28:06,296 INFO sqlalchemy.engine.Engine SELECT @@sql_mode
[2024-03-22T17:28:06.296+0000] {base.py:1863} INFO - SELECT @@sql_mode
[2024-03-22T17:28:06.299+0000] {logging_mixin.py:188} INFO - 2024-03-22 17:28:06,299 INFO sqlalchemy.engine.Engine [raw sql] {}
[2024-03-22T17:28:06.299+0000] {base.py:1868} INFO - [raw sql] {}
[2024-03-22T17:28:06.742+0000] {logging_mixin.py:188} INFO - 2024-03-22 17:28:06,742 INFO sqlalchemy.engine.Engine SELECT @@lower_case_table_names
[2024-03-22T17:28:06.742+0000] {base.py:1863} INFO - SELECT @@lower_case_table_names
[2024-03-22T17:28:06.746+0000] {logging_mixin.py:188} INFO - 2024-03-22 17:28:06,746 INFO sqlalchemy.engine.Engine [raw sql] {}
[2024-03-22T17:28:06.746+0000] {base.py:1868} INFO - [raw sql] {}
[2024-03-22T17:28:07.412+0000] {logging_mixin.py:188} INFO - 2024-03-22 17:28:07,412 INFO sqlalchemy.engine.Engine 


  SELECT 
    *
FROM databasename.mytable
[2024-03-22T17:28:07.412+0000] {base.py:1863} INFO - 


  SELECT 
    *
FROM databasename.mytable
[2024-03-22T17:28:07.413+0000] {logging_mixin.py:188} INFO - 2024-03-22 17:28:07,412 INFO sqlalchemy.engine.Engine [raw sql] {}
[2024-03-22T17:28:07.412+0000] {base.py:1868} INFO - [raw sql] {}
[2024-03-22T17:28:07.875+0000] {python.py:202} INFO - Done. Returned value was: /opt/***/data/aplikasi_table_['{ ds }.parquet']
[2024-03-22T17:28:07.910+0000] {taskinstance.py:1149} INFO - Marking task as SUCCESS. dag_id=study_case_etl_cloud_storage, task_id=fetch_data_task, execution_date=20240314T210000, start_date=20240322T172800, end_date=20240322T172807
[2024-03-22T17:28:07.967+0000] {local_task_job_runner.py:234} INFO - Task exited with return code 0
[2024-03-22T17:28:07.990+0000] {taskinstance.py:3309} INFO - 0 downstream tasks scheduled from follow-on schedule check
