[2024-03-16T09:46:31.068+0000] {taskinstance.py:1979} INFO - Dependencies all met for dep_context=non-requeueable deps ti=<TaskInstance: study_case_etl_cloud_storage.fetch_data_task manual__2024-03-16T09:46:29.500476+00:00 [queued]>
[2024-03-16T09:46:31.080+0000] {taskinstance.py:1979} INFO - Dependencies all met for dep_context=requeueable deps ti=<TaskInstance: study_case_etl_cloud_storage.fetch_data_task manual__2024-03-16T09:46:29.500476+00:00 [queued]>
[2024-03-16T09:46:31.080+0000] {taskinstance.py:2193} INFO - Starting attempt 1 of 2
[2024-03-16T09:46:31.093+0000] {taskinstance.py:2214} INFO - Executing <Task(PythonOperator): fetch_data_task> on 2024-03-16 09:46:29.500476+00:00
[2024-03-16T09:46:31.098+0000] {standard_task_runner.py:60} INFO - Started process 2185 to run task
[2024-03-16T09:46:31.102+0000] {standard_task_runner.py:87} INFO - Running: ['***', 'tasks', 'run', 'study_case_etl_cloud_storage', 'fetch_data_task', 'manual__2024-03-16T09:46:29.500476+00:00', '--job-id', '706', '--raw', '--subdir', 'DAGS_FOLDER/etl_day_bigquery/study_case_etl_cloud_storage.py', '--cfg-path', '/tmp/tmpjfmd05ph']
[2024-03-16T09:46:31.104+0000] {standard_task_runner.py:88} INFO - Job 706: Subtask fetch_data_task
[2024-03-16T09:46:31.144+0000] {task_command.py:423} INFO - Running <TaskInstance: study_case_etl_cloud_storage.fetch_data_task manual__2024-03-16T09:46:29.500476+00:00 [running]> on host 1d5b76b26ba5
[2024-03-16T09:46:31.207+0000] {taskinstance.py:2510} INFO - Exporting env vars: AIRFLOW_CTX_DAG_OWNER='Agus mahari' AIRFLOW_CTX_DAG_ID='study_case_etl_cloud_storage' AIRFLOW_CTX_TASK_ID='fetch_data_task' AIRFLOW_CTX_EXECUTION_DATE='2024-03-16T09:46:29.500476+00:00' AIRFLOW_CTX_TRY_NUMBER='1' AIRFLOW_CTX_DAG_RUN_ID='manual__2024-03-16T09:46:29.500476+00:00'
[2024-03-16T09:46:31.210+0000] {warnings.py:109} WARNING - /home/***/.local/lib/python3.8/site-packages/***/utils/context.py:315: AirflowContextDeprecationWarning: Accessing 'execution_date' from the template is deprecated and will be removed in a future version. Please use 'data_interval_start' or 'logical_date' instead.
  warnings.warn(_create_deprecation_warning(k, replacements))

[2024-03-16T09:46:33.670+0000] {logging_mixin.py:188} INFO - 2024-03-16 09:46:33,670 INFO sqlalchemy.engine.Engine SELECT DATABASE()
[2024-03-16T09:46:33.670+0000] {base.py:1863} INFO - SELECT DATABASE()
[2024-03-16T09:46:33.671+0000] {logging_mixin.py:188} INFO - 2024-03-16 09:46:33,671 INFO sqlalchemy.engine.Engine [raw sql] {}
[2024-03-16T09:46:33.671+0000] {base.py:1868} INFO - [raw sql] {}
[2024-03-16T09:46:34.573+0000] {logging_mixin.py:188} INFO - 2024-03-16 09:46:34,573 INFO sqlalchemy.engine.Engine SELECT @@sql_mode
[2024-03-16T09:46:34.573+0000] {base.py:1863} INFO - SELECT @@sql_mode
[2024-03-16T09:46:34.574+0000] {logging_mixin.py:188} INFO - 2024-03-16 09:46:34,574 INFO sqlalchemy.engine.Engine [raw sql] {}
[2024-03-16T09:46:34.574+0000] {base.py:1868} INFO - [raw sql] {}
[2024-03-16T09:46:35.007+0000] {logging_mixin.py:188} INFO - 2024-03-16 09:46:35,007 INFO sqlalchemy.engine.Engine SELECT @@lower_case_table_names
[2024-03-16T09:46:35.007+0000] {base.py:1863} INFO - SELECT @@lower_case_table_names
[2024-03-16T09:46:35.008+0000] {logging_mixin.py:188} INFO - 2024-03-16 09:46:35,007 INFO sqlalchemy.engine.Engine [raw sql] {}
[2024-03-16T09:46:35.007+0000] {base.py:1868} INFO - [raw sql] {}
[2024-03-16T09:46:35.661+0000] {logging_mixin.py:188} INFO - 2024-03-16 09:46:35,661 INFO sqlalchemy.engine.Engine 


  SELECT 
    *
FROM databasename.mytable
[2024-03-16T09:46:35.661+0000] {base.py:1863} INFO - 


  SELECT 
    *
FROM databasename.mytable
[2024-03-16T09:46:35.662+0000] {logging_mixin.py:188} INFO - 2024-03-16 09:46:35,662 INFO sqlalchemy.engine.Engine [raw sql] {}
[2024-03-16T09:46:35.662+0000] {base.py:1868} INFO - [raw sql] {}
[2024-03-16T09:46:36.097+0000] {python.py:202} INFO - Done. Returned value was: /opt/***/data/aplikasi_table_2024-03-16-9-46-29.parquet
[2024-03-16T09:46:36.121+0000] {taskinstance.py:1149} INFO - Marking task as SUCCESS. dag_id=study_case_etl_cloud_storage, task_id=fetch_data_task, execution_date=20240316T094629, start_date=20240316T094631, end_date=20240316T094636
[2024-03-16T09:46:36.145+0000] {local_task_job_runner.py:234} INFO - Task exited with return code 0
[2024-03-16T09:46:36.172+0000] {taskinstance.py:3309} INFO - 1 downstream tasks scheduled from follow-on schedule check
