[2024-03-17T05:17:41.468+0000] {taskinstance.py:1979} INFO - Dependencies all met for dep_context=non-requeueable deps ti=<TaskInstance: study_case_etl_cloud_storage_dua.fetch_data_task_id manual__2024-03-17T05:17:40.201357+00:00 [queued]>
[2024-03-17T05:17:41.477+0000] {taskinstance.py:1979} INFO - Dependencies all met for dep_context=requeueable deps ti=<TaskInstance: study_case_etl_cloud_storage_dua.fetch_data_task_id manual__2024-03-17T05:17:40.201357+00:00 [queued]>
[2024-03-17T05:17:41.477+0000] {taskinstance.py:2193} INFO - Starting attempt 1 of 2
[2024-03-17T05:17:41.493+0000] {taskinstance.py:2214} INFO - Executing <Task(PythonOperator): fetch_data_task_id> on 2024-03-17 05:17:40.201357+00:00
[2024-03-17T05:17:41.497+0000] {standard_task_runner.py:60} INFO - Started process 5080 to run task
[2024-03-17T05:17:41.500+0000] {standard_task_runner.py:87} INFO - Running: ['***', 'tasks', 'run', 'study_case_etl_cloud_storage_dua', 'fetch_data_task_id', 'manual__2024-03-17T05:17:40.201357+00:00', '--job-id', '920', '--raw', '--subdir', 'DAGS_FOLDER/etl_day_bigquery/study_case_etl_cloud_storage_dua.py', '--cfg-path', '/tmp/tmpvb0qase_']
[2024-03-17T05:17:41.503+0000] {standard_task_runner.py:88} INFO - Job 920: Subtask fetch_data_task_id
[2024-03-17T05:17:41.547+0000] {task_command.py:423} INFO - Running <TaskInstance: study_case_etl_cloud_storage_dua.fetch_data_task_id manual__2024-03-17T05:17:40.201357+00:00 [running]> on host 1d5b76b26ba5
[2024-03-17T05:17:41.629+0000] {taskinstance.py:2510} INFO - Exporting env vars: AIRFLOW_CTX_DAG_OWNER='Agus mahari' AIRFLOW_CTX_DAG_ID='study_case_etl_cloud_storage_dua' AIRFLOW_CTX_TASK_ID='fetch_data_task_id' AIRFLOW_CTX_EXECUTION_DATE='2024-03-17T05:17:40.201357+00:00' AIRFLOW_CTX_TRY_NUMBER='1' AIRFLOW_CTX_DAG_RUN_ID='manual__2024-03-17T05:17:40.201357+00:00'
[2024-03-17T05:17:44.736+0000] {logging_mixin.py:188} INFO - 2024-03-17 05:17:44,735 INFO sqlalchemy.engine.Engine SELECT DATABASE()
[2024-03-17T05:17:44.735+0000] {base.py:1863} INFO - SELECT DATABASE()
[2024-03-17T05:17:44.737+0000] {logging_mixin.py:188} INFO - 2024-03-17 05:17:44,736 INFO sqlalchemy.engine.Engine [raw sql] {}
[2024-03-17T05:17:44.736+0000] {base.py:1868} INFO - [raw sql] {}
[2024-03-17T05:17:45.616+0000] {logging_mixin.py:188} INFO - 2024-03-17 05:17:45,616 INFO sqlalchemy.engine.Engine SELECT @@sql_mode
[2024-03-17T05:17:45.616+0000] {base.py:1863} INFO - SELECT @@sql_mode
[2024-03-17T05:17:45.617+0000] {logging_mixin.py:188} INFO - 2024-03-17 05:17:45,617 INFO sqlalchemy.engine.Engine [raw sql] {}
[2024-03-17T05:17:45.617+0000] {base.py:1868} INFO - [raw sql] {}
[2024-03-17T05:17:46.063+0000] {logging_mixin.py:188} INFO - 2024-03-17 05:17:46,063 INFO sqlalchemy.engine.Engine SELECT @@lower_case_table_names
[2024-03-17T05:17:46.063+0000] {base.py:1863} INFO - SELECT @@lower_case_table_names
[2024-03-17T05:17:46.064+0000] {logging_mixin.py:188} INFO - 2024-03-17 05:17:46,064 INFO sqlalchemy.engine.Engine [raw sql] {}
[2024-03-17T05:17:46.064+0000] {base.py:1868} INFO - [raw sql] {}
[2024-03-17T05:17:46.724+0000] {logging_mixin.py:188} INFO - 2024-03-17 05:17:46,724 INFO sqlalchemy.engine.Engine 
  SELECT 
    *
FROM databasename.mytable
[2024-03-17T05:17:46.724+0000] {base.py:1863} INFO - 
  SELECT 
    *
FROM databasename.mytable
[2024-03-17T05:17:46.725+0000] {logging_mixin.py:188} INFO - 2024-03-17 05:17:46,725 INFO sqlalchemy.engine.Engine [raw sql] {}
[2024-03-17T05:17:46.725+0000] {base.py:1868} INFO - [raw sql] {}
[2024-03-17T05:17:47.177+0000] {python.py:202} INFO - Done. Returned value was: /opt/***/data/fetch_data_task_id_2024-03-17.csv
[2024-03-17T05:17:47.195+0000] {taskinstance.py:1149} INFO - Marking task as SUCCESS. dag_id=study_case_etl_cloud_storage_dua, task_id=fetch_data_task_id, execution_date=20240317T051740, start_date=20240317T051741, end_date=20240317T051747
[2024-03-17T05:17:47.244+0000] {local_task_job_runner.py:234} INFO - Task exited with return code 0
[2024-03-17T05:17:47.266+0000] {taskinstance.py:3309} INFO - 1 downstream tasks scheduled from follow-on schedule check
