[2024-03-17T04:52:31.817+0000] {taskinstance.py:1979} INFO - Dependencies all met for dep_context=non-requeueable deps ti=<TaskInstance: study_case_etl_cloud_storage_dua.fetch_data_task_id manual__2024-03-17T04:52:30.165453+00:00 [queued]>
[2024-03-17T04:52:31.825+0000] {taskinstance.py:1979} INFO - Dependencies all met for dep_context=requeueable deps ti=<TaskInstance: study_case_etl_cloud_storage_dua.fetch_data_task_id manual__2024-03-17T04:52:30.165453+00:00 [queued]>
[2024-03-17T04:52:31.825+0000] {taskinstance.py:2193} INFO - Starting attempt 1 of 2
[2024-03-17T04:52:31.837+0000] {taskinstance.py:2214} INFO - Executing <Task(PythonOperator): fetch_data_task_id> on 2024-03-17 04:52:30.165453+00:00
[2024-03-17T04:52:31.841+0000] {standard_task_runner.py:60} INFO - Started process 4633 to run task
[2024-03-17T04:52:31.844+0000] {standard_task_runner.py:87} INFO - Running: ['***', 'tasks', 'run', 'study_case_etl_cloud_storage_dua', 'fetch_data_task_id', 'manual__2024-03-17T04:52:30.165453+00:00', '--job-id', '904', '--raw', '--subdir', 'DAGS_FOLDER/etl_day_bigquery/study_case_etl_cloud_storage_dua.py', '--cfg-path', '/tmp/tmpgbdoina4']
[2024-03-17T04:52:31.846+0000] {standard_task_runner.py:88} INFO - Job 904: Subtask fetch_data_task_id
[2024-03-17T04:52:31.881+0000] {task_command.py:423} INFO - Running <TaskInstance: study_case_etl_cloud_storage_dua.fetch_data_task_id manual__2024-03-17T04:52:30.165453+00:00 [running]> on host 1d5b76b26ba5
[2024-03-17T04:52:31.940+0000] {taskinstance.py:2510} INFO - Exporting env vars: AIRFLOW_CTX_DAG_OWNER='Agus mahari' AIRFLOW_CTX_DAG_ID='study_case_etl_cloud_storage_dua' AIRFLOW_CTX_TASK_ID='fetch_data_task_id' AIRFLOW_CTX_EXECUTION_DATE='2024-03-17T04:52:30.165453+00:00' AIRFLOW_CTX_TRY_NUMBER='1' AIRFLOW_CTX_DAG_RUN_ID='manual__2024-03-17T04:52:30.165453+00:00'
[2024-03-17T04:52:34.501+0000] {logging_mixin.py:188} INFO - 2024-03-17 04:52:34,500 INFO sqlalchemy.engine.Engine SELECT DATABASE()
[2024-03-17T04:52:34.500+0000] {base.py:1863} INFO - SELECT DATABASE()
[2024-03-17T04:52:34.505+0000] {logging_mixin.py:188} INFO - 2024-03-17 04:52:34,504 INFO sqlalchemy.engine.Engine [raw sql] {}
[2024-03-17T04:52:34.504+0000] {base.py:1868} INFO - [raw sql] {}
[2024-03-17T04:52:35.424+0000] {logging_mixin.py:188} INFO - 2024-03-17 04:52:35,424 INFO sqlalchemy.engine.Engine SELECT @@sql_mode
[2024-03-17T04:52:35.424+0000] {base.py:1863} INFO - SELECT @@sql_mode
[2024-03-17T04:52:35.429+0000] {logging_mixin.py:188} INFO - 2024-03-17 04:52:35,428 INFO sqlalchemy.engine.Engine [raw sql] {}
[2024-03-17T04:52:35.428+0000] {base.py:1868} INFO - [raw sql] {}
[2024-03-17T04:52:35.873+0000] {logging_mixin.py:188} INFO - 2024-03-17 04:52:35,873 INFO sqlalchemy.engine.Engine SELECT @@lower_case_table_names
[2024-03-17T04:52:35.873+0000] {base.py:1863} INFO - SELECT @@lower_case_table_names
[2024-03-17T04:52:35.874+0000] {logging_mixin.py:188} INFO - 2024-03-17 04:52:35,874 INFO sqlalchemy.engine.Engine [raw sql] {}
[2024-03-17T04:52:35.874+0000] {base.py:1868} INFO - [raw sql] {}
[2024-03-17T04:52:36.536+0000] {logging_mixin.py:188} INFO - 2024-03-17 04:52:36,536 INFO sqlalchemy.engine.Engine 
  SELECT 
    *
FROM databasename.mytable
[2024-03-17T04:52:36.536+0000] {base.py:1863} INFO - 
  SELECT 
    *
FROM databasename.mytable
[2024-03-17T04:52:36.541+0000] {logging_mixin.py:188} INFO - 2024-03-17 04:52:36,541 INFO sqlalchemy.engine.Engine [raw sql] {}
[2024-03-17T04:52:36.541+0000] {base.py:1868} INFO - [raw sql] {}
[2024-03-17T04:52:36.988+0000] {logging_mixin.py:188} INFO - File already exists.
[2024-03-17T04:52:36.992+0000] {python.py:202} INFO - Done. Returned value was: /opt/***/data/{ task.task_id }_{ ds }.csv
[2024-03-17T04:52:37.024+0000] {taskinstance.py:1149} INFO - Marking task as SUCCESS. dag_id=study_case_etl_cloud_storage_dua, task_id=fetch_data_task_id, execution_date=20240317T045230, start_date=20240317T045231, end_date=20240317T045237
[2024-03-17T04:52:37.076+0000] {local_task_job_runner.py:234} INFO - Task exited with return code 0
[2024-03-17T04:52:37.122+0000] {taskinstance.py:3309} INFO - 1 downstream tasks scheduled from follow-on schedule check
