[2024-03-16T18:13:25.354+0000] {taskinstance.py:1979} INFO - Dependencies all met for dep_context=non-requeueable deps ti=<TaskInstance: study_case_etl_cloud_storage_dua.fetch_data_task_id manual__2024-03-16T18:13:23.898571+00:00 [queued]>
[2024-03-16T18:13:25.365+0000] {taskinstance.py:1979} INFO - Dependencies all met for dep_context=requeueable deps ti=<TaskInstance: study_case_etl_cloud_storage_dua.fetch_data_task_id manual__2024-03-16T18:13:23.898571+00:00 [queued]>
[2024-03-16T18:13:25.365+0000] {taskinstance.py:2193} INFO - Starting attempt 1 of 2
[2024-03-16T18:13:25.379+0000] {taskinstance.py:2214} INFO - Executing <Task(PythonOperator): fetch_data_task_id> on 2024-03-16 18:13:23.898571+00:00
[2024-03-16T18:13:25.384+0000] {standard_task_runner.py:60} INFO - Started process 10067 to run task
[2024-03-16T18:13:25.388+0000] {standard_task_runner.py:87} INFO - Running: ['***', 'tasks', 'run', 'study_case_etl_cloud_storage_dua', 'fetch_data_task_id', 'manual__2024-03-16T18:13:23.898571+00:00', '--job-id', '811', '--raw', '--subdir', 'DAGS_FOLDER/etl_day_bigquery/study_case_etl_cloud_storage_dua.py', '--cfg-path', '/tmp/tmpq_jdn3q_']
[2024-03-16T18:13:25.391+0000] {standard_task_runner.py:88} INFO - Job 811: Subtask fetch_data_task_id
[2024-03-16T18:13:25.439+0000] {task_command.py:423} INFO - Running <TaskInstance: study_case_etl_cloud_storage_dua.fetch_data_task_id manual__2024-03-16T18:13:23.898571+00:00 [running]> on host 1d5b76b26ba5
[2024-03-16T18:13:25.511+0000] {taskinstance.py:2510} INFO - Exporting env vars: AIRFLOW_CTX_DAG_OWNER='Agus mahari' AIRFLOW_CTX_DAG_ID='study_case_etl_cloud_storage_dua' AIRFLOW_CTX_TASK_ID='fetch_data_task_id' AIRFLOW_CTX_EXECUTION_DATE='2024-03-16T18:13:23.898571+00:00' AIRFLOW_CTX_TRY_NUMBER='1' AIRFLOW_CTX_DAG_RUN_ID='manual__2024-03-16T18:13:23.898571+00:00'
[2024-03-16T18:13:25.512+0000] {taskinstance.py:2728} ERROR - Task failed with exception
Traceback (most recent call last):
  File "/home/airflow/.local/lib/python3.8/site-packages/airflow/models/taskinstance.py", line 444, in _execute_task
    result = _execute_callable(context=context, **execute_callable_kwargs)
  File "/home/airflow/.local/lib/python3.8/site-packages/airflow/models/taskinstance.py", line 414, in _execute_callable
    return execute_callable(context=context, **execute_callable_kwargs)
  File "/home/airflow/.local/lib/python3.8/site-packages/airflow/operators/python.py", line 200, in execute
    return_value = self.execute_callable()
  File "/home/airflow/.local/lib/python3.8/site-packages/airflow/operators/python.py", line 217, in execute_callable
    return self.python_callable(*self.op_args, **self.op_kwargs)
TypeError: fetch_data_task() missing 1 required positional argument: 'out_path'
[2024-03-16T18:13:25.521+0000] {taskinstance.py:1149} INFO - Marking task as UP_FOR_RETRY. dag_id=study_case_etl_cloud_storage_dua, task_id=fetch_data_task_id, execution_date=20240316T181323, start_date=20240316T181325, end_date=20240316T181325
[2024-03-16T18:13:25.533+0000] {standard_task_runner.py:107} ERROR - Failed to execute job 811 for task fetch_data_task_id (fetch_data_task() missing 1 required positional argument: 'out_path'; 10067)
[2024-03-16T18:13:25.567+0000] {local_task_job_runner.py:234} INFO - Task exited with return code 1
[2024-03-16T18:13:25.584+0000] {taskinstance.py:3309} INFO - 0 downstream tasks scheduled from follow-on schedule check
