[2024-03-16T06:06:31.264+0000] {taskinstance.py:1979} INFO - Dependencies all met for dep_context=non-requeueable deps ti=<TaskInstance: study_case_etl_cloud_storage.fetch_data_task scheduled__2024-03-14T17:00:00+00:00 [queued]>
[2024-03-16T06:06:31.296+0000] {taskinstance.py:1979} INFO - Dependencies all met for dep_context=requeueable deps ti=<TaskInstance: study_case_etl_cloud_storage.fetch_data_task scheduled__2024-03-14T17:00:00+00:00 [queued]>
[2024-03-16T06:06:31.299+0000] {taskinstance.py:2193} INFO - Starting attempt 1 of 2
[2024-03-16T06:06:31.497+0000] {taskinstance.py:2214} INFO - Executing <Task(PythonOperator): fetch_data_task> on 2024-03-14 17:00:00+00:00
[2024-03-16T06:06:31.505+0000] {standard_task_runner.py:60} INFO - Started process 135 to run task
[2024-03-16T06:06:31.517+0000] {standard_task_runner.py:87} INFO - Running: ['***', 'tasks', 'run', 'study_case_etl_cloud_storage', 'fetch_data_task', 'scheduled__2024-03-14T17:00:00+00:00', '--job-id', '478', '--raw', '--subdir', 'DAGS_FOLDER/etl_day_bigquery/study_case_etl_cloud_storage.py', '--cfg-path', '/tmp/tmpi21hfnhq']
[2024-03-16T06:06:31.526+0000] {standard_task_runner.py:88} INFO - Job 478: Subtask fetch_data_task
[2024-03-16T06:06:31.619+0000] {task_command.py:423} INFO - Running <TaskInstance: study_case_etl_cloud_storage.fetch_data_task scheduled__2024-03-14T17:00:00+00:00 [running]> on host 72d5c878da28
[2024-03-16T06:06:31.773+0000] {taskinstance.py:2510} INFO - Exporting env vars: AIRFLOW_CTX_DAG_OWNER='Agus mahari' AIRFLOW_CTX_DAG_ID='study_case_etl_cloud_storage' AIRFLOW_CTX_TASK_ID='fetch_data_task' AIRFLOW_CTX_EXECUTION_DATE='2024-03-14T17:00:00+00:00' AIRFLOW_CTX_TRY_NUMBER='1' AIRFLOW_CTX_DAG_RUN_ID='scheduled__2024-03-14T17:00:00+00:00'
[2024-03-16T06:06:31.778+0000] {warnings.py:109} WARNING - /home/***/.local/lib/python3.8/site-packages/***/utils/context.py:315: AirflowContextDeprecationWarning: Accessing 'execution_date' from the template is deprecated and will be removed in a future version. Please use 'data_interval_start' or 'logical_date' instead.
  warnings.warn(_create_deprecation_warning(k, replacements))

[2024-03-16T06:06:34.562+0000] {logging_mixin.py:188} INFO - 2024-03-16 06:06:34,562 INFO sqlalchemy.engine.Engine SELECT DATABASE()
[2024-03-16T06:06:34.562+0000] {base.py:1863} INFO - SELECT DATABASE()
[2024-03-16T06:06:34.564+0000] {logging_mixin.py:188} INFO - 2024-03-16 06:06:34,564 INFO sqlalchemy.engine.Engine [raw sql] {}
[2024-03-16T06:06:34.564+0000] {base.py:1868} INFO - [raw sql] {}
[2024-03-16T06:06:35.513+0000] {logging_mixin.py:188} INFO - 2024-03-16 06:06:35,513 INFO sqlalchemy.engine.Engine SELECT @@sql_mode
[2024-03-16T06:06:35.513+0000] {base.py:1863} INFO - SELECT @@sql_mode
[2024-03-16T06:06:35.514+0000] {logging_mixin.py:188} INFO - 2024-03-16 06:06:35,514 INFO sqlalchemy.engine.Engine [raw sql] {}
[2024-03-16T06:06:35.514+0000] {base.py:1868} INFO - [raw sql] {}
[2024-03-16T06:06:35.984+0000] {logging_mixin.py:188} INFO - 2024-03-16 06:06:35,984 INFO sqlalchemy.engine.Engine SELECT @@lower_case_table_names
[2024-03-16T06:06:35.984+0000] {base.py:1863} INFO - SELECT @@lower_case_table_names
[2024-03-16T06:06:35.985+0000] {logging_mixin.py:188} INFO - 2024-03-16 06:06:35,985 INFO sqlalchemy.engine.Engine [raw sql] {}
[2024-03-16T06:06:35.985+0000] {base.py:1868} INFO - [raw sql] {}
[2024-03-16T06:06:36.666+0000] {logging_mixin.py:188} INFO - 2024-03-16 06:06:36,666 INFO sqlalchemy.engine.Engine 


   SELECT 
    *, 
    CONVERT_TZ(NOW(), 'UTC', '+07:00') as execution_at
FROM test.user
WHERE updated_at BETWEEN NOW() - INTERVAL 7 MINUTE AND NOW()
[2024-03-16T06:06:36.666+0000] {base.py:1863} INFO - 


   SELECT 
    *, 
    CONVERT_TZ(NOW(), 'UTC', '+07:00') as execution_at
FROM test.user
WHERE updated_at BETWEEN NOW() - INTERVAL 7 MINUTE AND NOW()
[2024-03-16T06:06:36.667+0000] {logging_mixin.py:188} INFO - 2024-03-16 06:06:36,667 INFO sqlalchemy.engine.Engine [raw sql] {}
[2024-03-16T06:06:36.667+0000] {base.py:1868} INFO - [raw sql] {}
[2024-03-16T06:06:37.120+0000] {python.py:202} INFO - Done. Returned value was: /opt/***/data/aplikasi_table_2024-03-14-17-00-00.parquet
[2024-03-16T06:06:37.144+0000] {taskinstance.py:1149} INFO - Marking task as SUCCESS. dag_id=study_case_etl_cloud_storage, task_id=fetch_data_task, execution_date=20240314T170000, start_date=20240316T060631, end_date=20240316T060637
[2024-03-16T06:06:37.194+0000] {local_task_job_runner.py:234} INFO - Task exited with return code 0
[2024-03-16T06:06:37.345+0000] {taskinstance.py:3309} INFO - 0 downstream tasks scheduled from follow-on schedule check
[2024-03-22T17:28:01.149+0000] {taskinstance.py:1979} INFO - Dependencies all met for dep_context=non-requeueable deps ti=<TaskInstance: study_case_etl_cloud_storage.fetch_data_task scheduled__2024-03-14T17:00:00+00:00 [queued]>
[2024-03-22T17:28:01.168+0000] {taskinstance.py:1979} INFO - Dependencies all met for dep_context=requeueable deps ti=<TaskInstance: study_case_etl_cloud_storage.fetch_data_task scheduled__2024-03-14T17:00:00+00:00 [queued]>
[2024-03-22T17:28:01.168+0000] {taskinstance.py:2193} INFO - Starting attempt 1 of 2
[2024-03-22T17:28:01.199+0000] {taskinstance.py:2214} INFO - Executing <Task(PythonOperator): fetch_data_task> on 2024-03-14 17:00:00+00:00
[2024-03-22T17:28:01.211+0000] {standard_task_runner.py:60} INFO - Started process 337 to run task
[2024-03-22T17:28:01.226+0000] {standard_task_runner.py:87} INFO - Running: ['***', 'tasks', 'run', 'study_case_etl_cloud_storage', 'fetch_data_task', 'scheduled__2024-03-14T17:00:00+00:00', '--job-id', '10', '--raw', '--subdir', 'DAGS_FOLDER/etl_day_bigquery/study_case_etl_cloud_storage.py', '--cfg-path', '/tmp/tmpvojf0gfo']
[2024-03-22T17:28:01.245+0000] {standard_task_runner.py:88} INFO - Job 10: Subtask fetch_data_task
[2024-03-22T17:28:01.389+0000] {task_command.py:423} INFO - Running <TaskInstance: study_case_etl_cloud_storage.fetch_data_task scheduled__2024-03-14T17:00:00+00:00 [running]> on host eb8b31fafb1e
[2024-03-22T17:28:01.562+0000] {taskinstance.py:2510} INFO - Exporting env vars: AIRFLOW_CTX_DAG_OWNER='Agus mahari' AIRFLOW_CTX_DAG_ID='study_case_etl_cloud_storage' AIRFLOW_CTX_TASK_ID='fetch_data_task' AIRFLOW_CTX_EXECUTION_DATE='2024-03-14T17:00:00+00:00' AIRFLOW_CTX_TRY_NUMBER='1' AIRFLOW_CTX_DAG_RUN_ID='scheduled__2024-03-14T17:00:00+00:00'
[2024-03-22T17:28:05.432+0000] {logging_mixin.py:188} INFO - 2024-03-22 17:28:05,432 INFO sqlalchemy.engine.Engine SELECT DATABASE()
[2024-03-22T17:28:05.432+0000] {base.py:1863} INFO - SELECT DATABASE()
[2024-03-22T17:28:05.434+0000] {logging_mixin.py:188} INFO - 2024-03-22 17:28:05,434 INFO sqlalchemy.engine.Engine [raw sql] {}
[2024-03-22T17:28:05.434+0000] {base.py:1868} INFO - [raw sql] {}
[2024-03-22T17:28:06.357+0000] {logging_mixin.py:188} INFO - 2024-03-22 17:28:06,357 INFO sqlalchemy.engine.Engine SELECT @@sql_mode
[2024-03-22T17:28:06.357+0000] {base.py:1863} INFO - SELECT @@sql_mode
[2024-03-22T17:28:06.357+0000] {logging_mixin.py:188} INFO - 2024-03-22 17:28:06,357 INFO sqlalchemy.engine.Engine [raw sql] {}
[2024-03-22T17:28:06.357+0000] {base.py:1868} INFO - [raw sql] {}
[2024-03-22T17:28:06.796+0000] {logging_mixin.py:188} INFO - 2024-03-22 17:28:06,796 INFO sqlalchemy.engine.Engine SELECT @@lower_case_table_names
[2024-03-22T17:28:06.796+0000] {base.py:1863} INFO - SELECT @@lower_case_table_names
[2024-03-22T17:28:06.797+0000] {logging_mixin.py:188} INFO - 2024-03-22 17:28:06,797 INFO sqlalchemy.engine.Engine [raw sql] {}
[2024-03-22T17:28:06.797+0000] {base.py:1868} INFO - [raw sql] {}
[2024-03-22T17:28:07.459+0000] {logging_mixin.py:188} INFO - 2024-03-22 17:28:07,458 INFO sqlalchemy.engine.Engine 


  SELECT 
    *
FROM databasename.mytable
[2024-03-22T17:28:07.458+0000] {base.py:1863} INFO - 


  SELECT 
    *
FROM databasename.mytable
[2024-03-22T17:28:07.459+0000] {logging_mixin.py:188} INFO - 2024-03-22 17:28:07,459 INFO sqlalchemy.engine.Engine [raw sql] {}
[2024-03-22T17:28:07.459+0000] {base.py:1868} INFO - [raw sql] {}
[2024-03-22T17:28:07.909+0000] {logging_mixin.py:188} INFO - File already exists.
[2024-03-22T17:28:07.911+0000] {python.py:202} INFO - Done. Returned value was: /opt/***/data/aplikasi_table_['{ ds }.parquet']
[2024-03-22T17:28:07.964+0000] {taskinstance.py:1149} INFO - Marking task as SUCCESS. dag_id=study_case_etl_cloud_storage, task_id=fetch_data_task, execution_date=20240314T170000, start_date=20240322T172801, end_date=20240322T172807
[2024-03-22T17:28:08.015+0000] {local_task_job_runner.py:234} INFO - Task exited with return code 0
[2024-03-22T17:28:08.045+0000] {taskinstance.py:3309} INFO - 0 downstream tasks scheduled from follow-on schedule check
