[2024-03-16T18:24:04.683+0000] {taskinstance.py:1979} INFO - Dependencies all met for dep_context=non-requeueable deps ti=<TaskInstance: study_case_etl_cloud_storage_dua.fetch_data_task_id manual__2024-03-16T18:24:03.642746+00:00 [queued]>
[2024-03-16T18:24:04.696+0000] {taskinstance.py:1979} INFO - Dependencies all met for dep_context=requeueable deps ti=<TaskInstance: study_case_etl_cloud_storage_dua.fetch_data_task_id manual__2024-03-16T18:24:03.642746+00:00 [queued]>
[2024-03-16T18:24:04.697+0000] {taskinstance.py:2193} INFO - Starting attempt 1 of 2
[2024-03-16T18:24:04.712+0000] {taskinstance.py:2214} INFO - Executing <Task(PythonOperator): fetch_data_task_id> on 2024-03-16 18:24:03.642746+00:00
[2024-03-16T18:24:04.717+0000] {standard_task_runner.py:60} INFO - Started process 10236 to run task
[2024-03-16T18:24:04.721+0000] {standard_task_runner.py:87} INFO - Running: ['***', 'tasks', 'run', 'study_case_etl_cloud_storage_dua', 'fetch_data_task_id', 'manual__2024-03-16T18:24:03.642746+00:00', '--job-id', '814', '--raw', '--subdir', 'DAGS_FOLDER/etl_day_bigquery/study_case_etl_cloud_storage_dua.py', '--cfg-path', '/tmp/tmps447hwxa']
[2024-03-16T18:24:04.724+0000] {standard_task_runner.py:88} INFO - Job 814: Subtask fetch_data_task_id
[2024-03-16T18:24:04.770+0000] {task_command.py:423} INFO - Running <TaskInstance: study_case_etl_cloud_storage_dua.fetch_data_task_id manual__2024-03-16T18:24:03.642746+00:00 [running]> on host 1d5b76b26ba5
[2024-03-16T18:24:04.846+0000] {taskinstance.py:2510} INFO - Exporting env vars: AIRFLOW_CTX_DAG_OWNER='Agus mahari' AIRFLOW_CTX_DAG_ID='study_case_etl_cloud_storage_dua' AIRFLOW_CTX_TASK_ID='fetch_data_task_id' AIRFLOW_CTX_EXECUTION_DATE='2024-03-16T18:24:03.642746+00:00' AIRFLOW_CTX_TRY_NUMBER='1' AIRFLOW_CTX_DAG_RUN_ID='manual__2024-03-16T18:24:03.642746+00:00'
[2024-03-16T18:24:07.673+0000] {logging_mixin.py:188} INFO - 2024-03-16 18:24:07,673 INFO sqlalchemy.engine.Engine SELECT DATABASE()
[2024-03-16T18:24:07.673+0000] {base.py:1863} INFO - SELECT DATABASE()
[2024-03-16T18:24:07.674+0000] {logging_mixin.py:188} INFO - 2024-03-16 18:24:07,674 INFO sqlalchemy.engine.Engine [raw sql] {}
[2024-03-16T18:24:07.674+0000] {base.py:1868} INFO - [raw sql] {}
[2024-03-16T18:24:08.574+0000] {logging_mixin.py:188} INFO - 2024-03-16 18:24:08,573 INFO sqlalchemy.engine.Engine SELECT @@sql_mode
[2024-03-16T18:24:08.573+0000] {base.py:1863} INFO - SELECT @@sql_mode
[2024-03-16T18:24:08.574+0000] {logging_mixin.py:188} INFO - 2024-03-16 18:24:08,574 INFO sqlalchemy.engine.Engine [raw sql] {}
[2024-03-16T18:24:08.574+0000] {base.py:1868} INFO - [raw sql] {}
[2024-03-16T18:24:09.019+0000] {logging_mixin.py:188} INFO - 2024-03-16 18:24:09,019 INFO sqlalchemy.engine.Engine SELECT @@lower_case_table_names
[2024-03-16T18:24:09.019+0000] {base.py:1863} INFO - SELECT @@lower_case_table_names
[2024-03-16T18:24:09.020+0000] {logging_mixin.py:188} INFO - 2024-03-16 18:24:09,020 INFO sqlalchemy.engine.Engine [raw sql] {}
[2024-03-16T18:24:09.020+0000] {base.py:1868} INFO - [raw sql] {}
[2024-03-16T18:24:09.686+0000] {logging_mixin.py:188} INFO - 2024-03-16 18:24:09,686 INFO sqlalchemy.engine.Engine 


   SELECT 
    *, 
    CONVERT_TZ(NOW(), 'UTC', '+07:00') as execution_at
FROM test.user
WHERE updated_at BETWEEN NOW() - INTERVAL 7 MINUTE AND NOW()
[2024-03-16T18:24:09.686+0000] {base.py:1863} INFO - 


   SELECT 
    *, 
    CONVERT_TZ(NOW(), 'UTC', '+07:00') as execution_at
FROM test.user
WHERE updated_at BETWEEN NOW() - INTERVAL 7 MINUTE AND NOW()
[2024-03-16T18:24:09.687+0000] {logging_mixin.py:188} INFO - 2024-03-16 18:24:09,687 INFO sqlalchemy.engine.Engine [raw sql] {}
[2024-03-16T18:24:09.687+0000] {base.py:1868} INFO - [raw sql] {}
[2024-03-16T18:24:09.928+0000] {logging_mixin.py:188} INFO - 2024-03-16 18:24:09,928 INFO sqlalchemy.engine.Engine ROLLBACK
[2024-03-16T18:24:09.928+0000] {base.py:1060} INFO - ROLLBACK
[2024-03-16T18:24:10.437+0000] {logging_mixin.py:188} INFO - An error occurred: (mysql.connector.errors.ProgrammingError) 1049 (42000): Unknown database 'test'
[SQL: 


   SELECT 
    *, 
    CONVERT_TZ(NOW(), 'UTC', '+07:00') as execution_at
FROM test.user
WHERE updated_at BETWEEN NOW() - INTERVAL 7 MINUTE AND NOW()]
(Background on this error at: https://sqlalche.me/e/14/f405)
[2024-03-16T18:24:10.438+0000] {python.py:202} INFO - Done. Returned value was: /opt/***/data/fetch_data_task_id_2024-03-16.csv
[2024-03-16T18:24:10.456+0000] {taskinstance.py:1149} INFO - Marking task as SUCCESS. dag_id=study_case_etl_cloud_storage_dua, task_id=fetch_data_task_id, execution_date=20240316T182403, start_date=20240316T182404, end_date=20240316T182410
[2024-03-16T18:24:10.506+0000] {local_task_job_runner.py:234} INFO - Task exited with return code 0
[2024-03-16T18:24:10.518+0000] {taskinstance.py:3309} INFO - 0 downstream tasks scheduled from follow-on schedule check
