[2024-03-16T06:11:51.572+0000] {taskinstance.py:1979} INFO - Dependencies all met for dep_context=non-requeueable deps ti=<TaskInstance: study_case_etl_cloud_storage.fetch_data_task scheduled__2024-03-15T10:00:00+00:00 [queued]>
[2024-03-16T06:11:51.596+0000] {taskinstance.py:1979} INFO - Dependencies all met for dep_context=requeueable deps ti=<TaskInstance: study_case_etl_cloud_storage.fetch_data_task scheduled__2024-03-15T10:00:00+00:00 [queued]>
[2024-03-16T06:11:51.598+0000] {taskinstance.py:2193} INFO - Starting attempt 1 of 2
[2024-03-16T06:11:51.661+0000] {taskinstance.py:2214} INFO - Executing <Task(PythonOperator): fetch_data_task> on 2024-03-15 10:00:00+00:00
[2024-03-16T06:11:51.671+0000] {standard_task_runner.py:60} INFO - Started process 358 to run task
[2024-03-16T06:11:51.679+0000] {standard_task_runner.py:87} INFO - Running: ['***', 'tasks', 'run', 'study_case_etl_cloud_storage', 'fetch_data_task', 'scheduled__2024-03-15T10:00:00+00:00', '--job-id', '527', '--raw', '--subdir', 'DAGS_FOLDER/etl_day_bigquery/study_case_etl_cloud_storage.py', '--cfg-path', '/tmp/tmpqrq0a6d9']
[2024-03-16T06:11:51.682+0000] {standard_task_runner.py:88} INFO - Job 527: Subtask fetch_data_task
[2024-03-16T06:11:51.742+0000] {task_command.py:423} INFO - Running <TaskInstance: study_case_etl_cloud_storage.fetch_data_task scheduled__2024-03-15T10:00:00+00:00 [running]> on host 72d5c878da28
[2024-03-16T06:11:51.825+0000] {taskinstance.py:2510} INFO - Exporting env vars: AIRFLOW_CTX_DAG_OWNER='Agus mahari' AIRFLOW_CTX_DAG_ID='study_case_etl_cloud_storage' AIRFLOW_CTX_TASK_ID='fetch_data_task' AIRFLOW_CTX_EXECUTION_DATE='2024-03-15T10:00:00+00:00' AIRFLOW_CTX_TRY_NUMBER='1' AIRFLOW_CTX_DAG_RUN_ID='scheduled__2024-03-15T10:00:00+00:00'
[2024-03-16T06:11:51.828+0000] {warnings.py:109} WARNING - /home/***/.local/lib/python3.8/site-packages/***/utils/context.py:315: AirflowContextDeprecationWarning: Accessing 'execution_date' from the template is deprecated and will be removed in a future version. Please use 'data_interval_start' or 'logical_date' instead.
  warnings.warn(_create_deprecation_warning(k, replacements))

[2024-03-16T06:11:54.594+0000] {logging_mixin.py:188} INFO - 2024-03-16 06:11:54,594 INFO sqlalchemy.engine.Engine SELECT DATABASE()
[2024-03-16T06:11:54.594+0000] {base.py:1863} INFO - SELECT DATABASE()
[2024-03-16T06:11:54.595+0000] {logging_mixin.py:188} INFO - 2024-03-16 06:11:54,595 INFO sqlalchemy.engine.Engine [raw sql] {}
[2024-03-16T06:11:54.595+0000] {base.py:1868} INFO - [raw sql] {}
[2024-03-16T06:11:55.482+0000] {logging_mixin.py:188} INFO - 2024-03-16 06:11:55,482 INFO sqlalchemy.engine.Engine SELECT @@sql_mode
[2024-03-16T06:11:55.482+0000] {base.py:1863} INFO - SELECT @@sql_mode
[2024-03-16T06:11:55.484+0000] {logging_mixin.py:188} INFO - 2024-03-16 06:11:55,484 INFO sqlalchemy.engine.Engine [raw sql] {}
[2024-03-16T06:11:55.484+0000] {base.py:1868} INFO - [raw sql] {}
[2024-03-16T06:11:55.927+0000] {logging_mixin.py:188} INFO - 2024-03-16 06:11:55,927 INFO sqlalchemy.engine.Engine SELECT @@lower_case_table_names
[2024-03-16T06:11:55.927+0000] {base.py:1863} INFO - SELECT @@lower_case_table_names
[2024-03-16T06:11:55.928+0000] {logging_mixin.py:188} INFO - 2024-03-16 06:11:55,927 INFO sqlalchemy.engine.Engine [raw sql] {}
[2024-03-16T06:11:55.927+0000] {base.py:1868} INFO - [raw sql] {}
[2024-03-16T06:11:56.596+0000] {logging_mixin.py:188} INFO - 2024-03-16 06:11:56,596 INFO sqlalchemy.engine.Engine 


   SELECT 
    *, 
    CONVERT_TZ(NOW(), 'UTC', '+07:00') as execution_at
FROM test.user
WHERE updated_at BETWEEN NOW() - INTERVAL 7 MINUTE AND NOW()
[2024-03-16T06:11:56.596+0000] {base.py:1863} INFO - 


   SELECT 
    *, 
    CONVERT_TZ(NOW(), 'UTC', '+07:00') as execution_at
FROM test.user
WHERE updated_at BETWEEN NOW() - INTERVAL 7 MINUTE AND NOW()
[2024-03-16T06:11:56.597+0000] {logging_mixin.py:188} INFO - 2024-03-16 06:11:56,597 INFO sqlalchemy.engine.Engine [raw sql] {}
[2024-03-16T06:11:56.597+0000] {base.py:1868} INFO - [raw sql] {}
[2024-03-16T06:11:57.052+0000] {python.py:202} INFO - Done. Returned value was: /opt/***/data/aplikasi_table_2024-03-15-10-00-00.parquet
[2024-03-16T06:11:57.074+0000] {taskinstance.py:1149} INFO - Marking task as SUCCESS. dag_id=study_case_etl_cloud_storage, task_id=fetch_data_task, execution_date=20240315T100000, start_date=20240316T061151, end_date=20240316T061157
[2024-03-16T06:11:57.187+0000] {local_task_job_runner.py:234} INFO - Task exited with return code 0
[2024-03-16T06:11:57.204+0000] {taskinstance.py:3309} INFO - 1 downstream tasks scheduled from follow-on schedule check
[2024-03-22T17:28:19.316+0000] {taskinstance.py:1979} INFO - Dependencies all met for dep_context=non-requeueable deps ti=<TaskInstance: study_case_etl_cloud_storage.fetch_data_task scheduled__2024-03-15T10:00:00+00:00 [queued]>
[2024-03-22T17:28:19.350+0000] {taskinstance.py:1979} INFO - Dependencies all met for dep_context=requeueable deps ti=<TaskInstance: study_case_etl_cloud_storage.fetch_data_task scheduled__2024-03-15T10:00:00+00:00 [queued]>
[2024-03-22T17:28:19.353+0000] {taskinstance.py:2193} INFO - Starting attempt 1 of 2
[2024-03-22T17:28:19.411+0000] {taskinstance.py:2214} INFO - Executing <Task(PythonOperator): fetch_data_task> on 2024-03-15 10:00:00+00:00
[2024-03-22T17:28:19.425+0000] {standard_task_runner.py:60} INFO - Started process 377 to run task
[2024-03-22T17:28:19.433+0000] {standard_task_runner.py:87} INFO - Running: ['***', 'tasks', 'run', 'study_case_etl_cloud_storage', 'fetch_data_task', 'scheduled__2024-03-15T10:00:00+00:00', '--job-id', '20', '--raw', '--subdir', 'DAGS_FOLDER/etl_day_bigquery/study_case_etl_cloud_storage.py', '--cfg-path', '/tmp/tmpdintobd8']
[2024-03-22T17:28:19.457+0000] {standard_task_runner.py:88} INFO - Job 20: Subtask fetch_data_task
[2024-03-22T17:28:19.623+0000] {task_command.py:423} INFO - Running <TaskInstance: study_case_etl_cloud_storage.fetch_data_task scheduled__2024-03-15T10:00:00+00:00 [running]> on host eb8b31fafb1e
[2024-03-22T17:28:19.862+0000] {taskinstance.py:2510} INFO - Exporting env vars: AIRFLOW_CTX_DAG_OWNER='Agus mahari' AIRFLOW_CTX_DAG_ID='study_case_etl_cloud_storage' AIRFLOW_CTX_TASK_ID='fetch_data_task' AIRFLOW_CTX_EXECUTION_DATE='2024-03-15T10:00:00+00:00' AIRFLOW_CTX_TRY_NUMBER='1' AIRFLOW_CTX_DAG_RUN_ID='scheduled__2024-03-15T10:00:00+00:00'
[2024-03-22T17:28:22.710+0000] {logging_mixin.py:188} INFO - 2024-03-22 17:28:22,710 INFO sqlalchemy.engine.Engine SELECT DATABASE()
[2024-03-22T17:28:22.710+0000] {base.py:1863} INFO - SELECT DATABASE()
[2024-03-22T17:28:22.715+0000] {logging_mixin.py:188} INFO - 2024-03-22 17:28:22,715 INFO sqlalchemy.engine.Engine [raw sql] {}
[2024-03-22T17:28:22.715+0000] {base.py:1868} INFO - [raw sql] {}
[2024-03-22T17:28:23.610+0000] {logging_mixin.py:188} INFO - 2024-03-22 17:28:23,610 INFO sqlalchemy.engine.Engine SELECT @@sql_mode
[2024-03-22T17:28:23.610+0000] {base.py:1863} INFO - SELECT @@sql_mode
[2024-03-22T17:28:23.612+0000] {logging_mixin.py:188} INFO - 2024-03-22 17:28:23,612 INFO sqlalchemy.engine.Engine [raw sql] {}
[2024-03-22T17:28:23.612+0000] {base.py:1868} INFO - [raw sql] {}
[2024-03-22T17:28:24.057+0000] {logging_mixin.py:188} INFO - 2024-03-22 17:28:24,057 INFO sqlalchemy.engine.Engine SELECT @@lower_case_table_names
[2024-03-22T17:28:24.057+0000] {base.py:1863} INFO - SELECT @@lower_case_table_names
[2024-03-22T17:28:24.058+0000] {logging_mixin.py:188} INFO - 2024-03-22 17:28:24,058 INFO sqlalchemy.engine.Engine [raw sql] {}
[2024-03-22T17:28:24.058+0000] {base.py:1868} INFO - [raw sql] {}
[2024-03-22T17:28:24.730+0000] {logging_mixin.py:188} INFO - 2024-03-22 17:28:24,729 INFO sqlalchemy.engine.Engine 


  SELECT 
    *
FROM databasename.mytable
[2024-03-22T17:28:24.729+0000] {base.py:1863} INFO - 


  SELECT 
    *
FROM databasename.mytable
[2024-03-22T17:28:24.732+0000] {logging_mixin.py:188} INFO - 2024-03-22 17:28:24,732 INFO sqlalchemy.engine.Engine [raw sql] {}
[2024-03-22T17:28:24.732+0000] {base.py:1868} INFO - [raw sql] {}
[2024-03-22T17:28:25.177+0000] {logging_mixin.py:188} INFO - File already exists.
[2024-03-22T17:28:25.179+0000] {python.py:202} INFO - Done. Returned value was: /opt/***/data/aplikasi_table_['{ ds }.parquet']
[2024-03-22T17:28:25.199+0000] {taskinstance.py:1149} INFO - Marking task as SUCCESS. dag_id=study_case_etl_cloud_storage, task_id=fetch_data_task, execution_date=20240315T100000, start_date=20240322T172819, end_date=20240322T172825
[2024-03-22T17:28:25.230+0000] {local_task_job_runner.py:234} INFO - Task exited with return code 0
[2024-03-22T17:28:25.242+0000] {taskinstance.py:3309} INFO - 0 downstream tasks scheduled from follow-on schedule check
