[2024-03-22T17:30:13.868+0000] {taskinstance.py:1979} INFO - Dependencies all met for dep_context=non-requeueable deps ti=<TaskInstance: study_case_etl_cloud_storage.fetch_data_task scheduled__2024-03-20T17:00:00+00:00 [queued]>
[2024-03-22T17:30:13.881+0000] {taskinstance.py:1979} INFO - Dependencies all met for dep_context=requeueable deps ti=<TaskInstance: study_case_etl_cloud_storage.fetch_data_task scheduled__2024-03-20T17:00:00+00:00 [queued]>
[2024-03-22T17:30:13.882+0000] {taskinstance.py:2193} INFO - Starting attempt 1 of 2
[2024-03-22T17:30:13.901+0000] {taskinstance.py:2214} INFO - Executing <Task(PythonOperator): fetch_data_task> on 2024-03-20 17:00:00+00:00
[2024-03-22T17:30:13.911+0000] {standard_task_runner.py:60} INFO - Started process 835 to run task
[2024-03-22T17:30:13.918+0000] {standard_task_runner.py:87} INFO - Running: ['***', 'tasks', 'run', 'study_case_etl_cloud_storage', 'fetch_data_task', 'scheduled__2024-03-20T17:00:00+00:00', '--job-id', '170', '--raw', '--subdir', 'DAGS_FOLDER/etl_day_bigquery/study_case_etl_cloud_storage.py', '--cfg-path', '/tmp/tmpx6d46g6_']
[2024-03-22T17:30:13.927+0000] {standard_task_runner.py:88} INFO - Job 170: Subtask fetch_data_task
[2024-03-22T17:30:14.000+0000] {task_command.py:423} INFO - Running <TaskInstance: study_case_etl_cloud_storage.fetch_data_task scheduled__2024-03-20T17:00:00+00:00 [running]> on host eb8b31fafb1e
[2024-03-22T17:30:14.192+0000] {taskinstance.py:2510} INFO - Exporting env vars: AIRFLOW_CTX_DAG_OWNER='Agus mahari' AIRFLOW_CTX_DAG_ID='study_case_etl_cloud_storage' AIRFLOW_CTX_TASK_ID='fetch_data_task' AIRFLOW_CTX_EXECUTION_DATE='2024-03-20T17:00:00+00:00' AIRFLOW_CTX_TRY_NUMBER='1' AIRFLOW_CTX_DAG_RUN_ID='scheduled__2024-03-20T17:00:00+00:00'
[2024-03-22T17:30:16.938+0000] {logging_mixin.py:188} INFO - 2024-03-22 17:30:16,938 INFO sqlalchemy.engine.Engine SELECT DATABASE()
[2024-03-22T17:30:16.938+0000] {base.py:1863} INFO - SELECT DATABASE()
[2024-03-22T17:30:16.939+0000] {logging_mixin.py:188} INFO - 2024-03-22 17:30:16,939 INFO sqlalchemy.engine.Engine [raw sql] {}
[2024-03-22T17:30:16.939+0000] {base.py:1868} INFO - [raw sql] {}
[2024-03-22T17:30:17.825+0000] {logging_mixin.py:188} INFO - 2024-03-22 17:30:17,825 INFO sqlalchemy.engine.Engine SELECT @@sql_mode
[2024-03-22T17:30:17.825+0000] {base.py:1863} INFO - SELECT @@sql_mode
[2024-03-22T17:30:17.826+0000] {logging_mixin.py:188} INFO - 2024-03-22 17:30:17,826 INFO sqlalchemy.engine.Engine [raw sql] {}
[2024-03-22T17:30:17.826+0000] {base.py:1868} INFO - [raw sql] {}
[2024-03-22T17:30:18.272+0000] {logging_mixin.py:188} INFO - 2024-03-22 17:30:18,272 INFO sqlalchemy.engine.Engine SELECT @@lower_case_table_names
[2024-03-22T17:30:18.272+0000] {base.py:1863} INFO - SELECT @@lower_case_table_names
[2024-03-22T17:30:18.275+0000] {logging_mixin.py:188} INFO - 2024-03-22 17:30:18,275 INFO sqlalchemy.engine.Engine [raw sql] {}
[2024-03-22T17:30:18.275+0000] {base.py:1868} INFO - [raw sql] {}
[2024-03-22T17:30:18.944+0000] {logging_mixin.py:188} INFO - 2024-03-22 17:30:18,944 INFO sqlalchemy.engine.Engine 


  SELECT 
    *
FROM databasename.mytable
[2024-03-22T17:30:18.944+0000] {base.py:1863} INFO - 


  SELECT 
    *
FROM databasename.mytable
[2024-03-22T17:30:18.947+0000] {logging_mixin.py:188} INFO - 2024-03-22 17:30:18,947 INFO sqlalchemy.engine.Engine [raw sql] {}
[2024-03-22T17:30:18.947+0000] {base.py:1868} INFO - [raw sql] {}
[2024-03-22T17:30:19.398+0000] {logging_mixin.py:188} INFO - File already exists.
[2024-03-22T17:30:19.400+0000] {python.py:202} INFO - Done. Returned value was: /opt/***/data/aplikasi_table_['{ ds }.parquet']
[2024-03-22T17:30:19.420+0000] {taskinstance.py:1149} INFO - Marking task as SUCCESS. dag_id=study_case_etl_cloud_storage, task_id=fetch_data_task, execution_date=20240320T170000, start_date=20240322T173013, end_date=20240322T173019
[2024-03-22T17:30:19.440+0000] {local_task_job_runner.py:234} INFO - Task exited with return code 0
[2024-03-22T17:30:19.454+0000] {taskinstance.py:3309} INFO - 0 downstream tasks scheduled from follow-on schedule check
