[2024-03-09T05:41:28.012+0000] {taskinstance.py:1979} INFO - Dependencies all met for dep_context=non-requeueable deps ti=<TaskInstance: mongodb_to_sql8.ingest_csv_to_mysql manual__2024-03-09T05:41:23.742639+00:00 [queued]>
[2024-03-09T05:41:28.022+0000] {taskinstance.py:1979} INFO - Dependencies all met for dep_context=requeueable deps ti=<TaskInstance: mongodb_to_sql8.ingest_csv_to_mysql manual__2024-03-09T05:41:23.742639+00:00 [queued]>
[2024-03-09T05:41:28.022+0000] {taskinstance.py:2193} INFO - Starting attempt 1 of 2
[2024-03-09T05:41:28.036+0000] {taskinstance.py:2214} INFO - Executing <Task(PythonOperator): ingest_csv_to_mysql> on 2024-03-09 05:41:23.742639+00:00
[2024-03-09T05:41:28.043+0000] {standard_task_runner.py:60} INFO - Started process 1701 to run task
[2024-03-09T05:41:28.046+0000] {standard_task_runner.py:87} INFO - Running: ['***', 'tasks', 'run', 'mongodb_to_sql8', 'ingest_csv_to_mysql', 'manual__2024-03-09T05:41:23.742639+00:00', '--job-id', '180', '--raw', '--subdir', 'DAGS_FOLDER/restrore_mongo/main_dag_sql_delapan.py', '--cfg-path', '/tmp/tmpc33x5fcr']
[2024-03-09T05:41:28.049+0000] {standard_task_runner.py:88} INFO - Job 180: Subtask ingest_csv_to_mysql
[2024-03-09T05:41:28.140+0000] {task_command.py:423} INFO - Running <TaskInstance: mongodb_to_sql8.ingest_csv_to_mysql manual__2024-03-09T05:41:23.742639+00:00 [running]> on host c9d1ac6dab48
[2024-03-09T05:41:28.213+0000] {taskinstance.py:2510} INFO - Exporting env vars: AIRFLOW_CTX_DAG_OWNER='***' AIRFLOW_CTX_DAG_ID='mongodb_to_sql8' AIRFLOW_CTX_TASK_ID='ingest_csv_to_mysql' AIRFLOW_CTX_EXECUTION_DATE='2024-03-09T05:41:23.742639+00:00' AIRFLOW_CTX_TRY_NUMBER='1' AIRFLOW_CTX_DAG_RUN_ID='manual__2024-03-09T05:41:23.742639+00:00'
[2024-03-09T05:41:28.215+0000] {warnings.py:109} WARNING - /home/***/.local/lib/python3.8/site-packages/***/utils/context.py:315: AirflowContextDeprecationWarning: Accessing 'execution_date' from the template is deprecated and will be removed in a future version. Please use 'data_interval_start' or 'logical_date' instead.
  warnings.warn(_create_deprecation_warning(k, replacements))

[2024-03-09T05:41:30.891+0000] {logging_mixin.py:188} INFO - 2024-03-09 05:41:30,891 INFO sqlalchemy.engine.Engine SELECT DATABASE()
[2024-03-09T05:41:30.891+0000] {base.py:1863} INFO - SELECT DATABASE()
[2024-03-09T05:41:30.892+0000] {logging_mixin.py:188} INFO - 2024-03-09 05:41:30,892 INFO sqlalchemy.engine.Engine [raw sql] {}
[2024-03-09T05:41:30.892+0000] {base.py:1868} INFO - [raw sql] {}
[2024-03-09T05:41:31.940+0000] {logging_mixin.py:188} INFO - 2024-03-09 05:41:31,940 INFO sqlalchemy.engine.Engine SELECT @@sql_mode
[2024-03-09T05:41:31.940+0000] {base.py:1863} INFO - SELECT @@sql_mode
[2024-03-09T05:41:31.941+0000] {logging_mixin.py:188} INFO - 2024-03-09 05:41:31,941 INFO sqlalchemy.engine.Engine [raw sql] {}
[2024-03-09T05:41:31.941+0000] {base.py:1868} INFO - [raw sql] {}
[2024-03-09T05:41:32.965+0000] {logging_mixin.py:188} INFO - 2024-03-09 05:41:32,965 INFO sqlalchemy.engine.Engine SELECT @@lower_case_table_names
[2024-03-09T05:41:32.965+0000] {base.py:1863} INFO - SELECT @@lower_case_table_names
[2024-03-09T05:41:32.966+0000] {logging_mixin.py:188} INFO - 2024-03-09 05:41:32,966 INFO sqlalchemy.engine.Engine [raw sql] {}
[2024-03-09T05:41:32.966+0000] {base.py:1868} INFO - [raw sql] {}
[2024-03-09T05:41:33.511+0000] {logging_mixin.py:188} INFO - 2024-03-09 05:41:33,511 INFO sqlalchemy.engine.Engine BEGIN (implicit)
[2024-03-09T05:41:33.511+0000] {base.py:1032} INFO - BEGIN (implicit)
[2024-03-09T05:41:33.833+0000] {logging_mixin.py:188} INFO - 2024-03-09 05:41:33,833 INFO sqlalchemy.engine.Engine SELECT COUNT(*) FROM information_schema.tables WHERE table_schema = %(table_schema)s AND table_name = %(table_name)s
[2024-03-09T05:41:33.833+0000] {base.py:1863} INFO - SELECT COUNT(*) FROM information_schema.tables WHERE table_schema = %(table_schema)s AND table_name = %(table_name)s
[2024-03-09T05:41:33.834+0000] {logging_mixin.py:188} INFO - 2024-03-09 05:41:33,834 INFO sqlalchemy.engine.Engine [generated in 0.31883s] {'table_schema': 'test', 'table_name': 'transaksi_restore'}
[2024-03-09T05:41:33.834+0000] {base.py:1868} INFO - [generated in 0.31883s] {'table_schema': 'test', 'table_name': 'transaksi_restore'}
[2024-03-09T05:41:34.852+0000] {logging_mixin.py:188} INFO - 2024-03-09 05:41:34,852 INFO sqlalchemy.engine.Engine SELECT COUNT(*) FROM information_schema.tables WHERE table_schema = %(table_schema)s AND table_name = %(table_name)s
[2024-03-09T05:41:34.852+0000] {base.py:1863} INFO - SELECT COUNT(*) FROM information_schema.tables WHERE table_schema = %(table_schema)s AND table_name = %(table_name)s
[2024-03-09T05:41:34.853+0000] {logging_mixin.py:188} INFO - 2024-03-09 05:41:34,853 INFO sqlalchemy.engine.Engine [cached since 1.337s ago] {'table_schema': 'test', 'table_name': 'transaksi_restore'}
[2024-03-09T05:41:34.853+0000] {base.py:1868} INFO - [cached since 1.337s ago] {'table_schema': 'test', 'table_name': 'transaksi_restore'}
[2024-03-09T05:41:36.772+0000] {logging_mixin.py:188} INFO - 2024-03-09 05:41:36,772 INFO sqlalchemy.engine.Engine SHOW FULL TABLES FROM `test`
[2024-03-09T05:41:36.772+0000] {base.py:1863} INFO - SHOW FULL TABLES FROM `test`
[2024-03-09T05:41:36.774+0000] {logging_mixin.py:188} INFO - 2024-03-09 05:41:36,773 INFO sqlalchemy.engine.Engine [raw sql] {}
[2024-03-09T05:41:36.773+0000] {base.py:1868} INFO - [raw sql] {}
[2024-03-09T05:41:37.266+0000] {logging_mixin.py:188} INFO - 2024-03-09 05:41:37,266 INFO sqlalchemy.engine.Engine SHOW CREATE TABLE `transaksi_restore`
[2024-03-09T05:41:37.266+0000] {base.py:1863} INFO - SHOW CREATE TABLE `transaksi_restore`
[2024-03-09T05:41:37.271+0000] {logging_mixin.py:188} INFO - 2024-03-09 05:41:37,271 INFO sqlalchemy.engine.Engine [raw sql] {}
[2024-03-09T05:41:37.271+0000] {base.py:1868} INFO - [raw sql] {}
[2024-03-09T05:41:38.186+0000] {logging_mixin.py:188} INFO - 2024-03-09 05:41:38,185 INFO sqlalchemy.engine.Engine 
DROP TABLE transaksi_restore
[2024-03-09T05:41:38.185+0000] {base.py:1863} INFO - 
DROP TABLE transaksi_restore
[2024-03-09T05:41:38.186+0000] {logging_mixin.py:188} INFO - 2024-03-09 05:41:38,186 INFO sqlalchemy.engine.Engine [no key 0.22167s] {}
[2024-03-09T05:41:38.186+0000] {base.py:1868} INFO - [no key 0.22167s] {}
[2024-03-09T05:41:38.662+0000] {logging_mixin.py:188} INFO - 2024-03-09 05:41:38,662 INFO sqlalchemy.engine.Engine 
CREATE TABLE transaksi_restore (
	_id TEXT, 
	id_transaksi BIGINT, 
	tanggal_transaksi TEXT, 
	id_pelanggan BIGINT, 
	metode_pembayaran TEXT, 
	barang_jasa_dibeli TEXT, 
	status_pembayaran TEXT, 
	created_at TEXT, 
	updated_at TEXT, 
	execution_timestamp FLOAT(53)
)
[2024-03-09T05:41:38.662+0000] {base.py:1863} INFO - 
CREATE TABLE transaksi_restore (
	_id TEXT, 
	id_transaksi BIGINT, 
	tanggal_transaksi TEXT, 
	id_pelanggan BIGINT, 
	metode_pembayaran TEXT, 
	barang_jasa_dibeli TEXT, 
	status_pembayaran TEXT, 
	created_at TEXT, 
	updated_at TEXT, 
	execution_timestamp FLOAT(53)
)


[2024-03-09T05:41:38.663+0000] {logging_mixin.py:188} INFO - 2024-03-09 05:41:38,663 INFO sqlalchemy.engine.Engine [no key 0.23323s] {}
[2024-03-09T05:41:38.663+0000] {base.py:1868} INFO - [no key 0.23323s] {}
[2024-03-09T05:41:39.140+0000] {logging_mixin.py:188} INFO - 2024-03-09 05:41:39,140 INFO sqlalchemy.engine.Engine INSERT INTO transaksi_restore (_id, id_transaksi, tanggal_transaksi, id_pelanggan, metode_pembayaran, barang_jasa_dibeli, status_pembayaran, created_at, updated_at, execution_timestamp) VALUES (%(_id)s, %(id_transaksi)s, %(tanggal_transaksi)s, %(id_pelanggan)s, %(metode_pembayaran)s, %(barang_jasa_dibeli)s, %(status_pembayaran)s, %(created_at)s, %(updated_at)s, %(execution_timestamp)s)
[2024-03-09T05:41:39.140+0000] {base.py:1863} INFO - INSERT INTO transaksi_restore (_id, id_transaksi, tanggal_transaksi, id_pelanggan, metode_pembayaran, barang_jasa_dibeli, status_pembayaran, created_at, updated_at, execution_timestamp) VALUES (%(_id)s, %(id_transaksi)s, %(tanggal_transaksi)s, %(id_pelanggan)s, %(metode_pembayaran)s, %(barang_jasa_dibeli)s, %(status_pembayaran)s, %(created_at)s, %(updated_at)s, %(execution_timestamp)s)
[2024-03-09T05:41:39.141+0000] {logging_mixin.py:188} INFO - 2024-03-09 05:41:39,141 INFO sqlalchemy.engine.Engine [generated in 0.22086s] ({'_id': '65eb5c01c3b3c69e5121ff2b', 'id_transaksi': 12, 'tanggal_transaksi': '2024-03-09', 'id_pelanggan': 112, 'metode_pembayaran': 'E-Wallet', 'barang_jasa_dibeli': 'Produk L', 'status_pembayaran': 'Lunas', 'created_at': '2024-03-08 14:26:43', 'updated_at': '2024-03-08 15:12:29', 'execution_timestamp': 1709923321.276285}, {'_id': '65eb5c01c3b3c69e5121ff1b', 'id_transaksi': 6, 'tanggal_transaksi': '2024-03-09', 'id_pelanggan': 106, 'metode_pembayaran': 'Kartu Kredit', 'barang_jasa_dibeli': 'Produk F', 'status_pembayaran': 'Belum Lunas', 'created_at': '2024-03-08 16:26:43', 'updated_at': '2024-03-08 16:26:43', 'execution_timestamp': 1709923321.276285}, {'_id': '65eb5c01c3b3c69e5121ff16', 'id_transaksi': 1, 'tanggal_transaksi': '2024-03-09', 'id_pelanggan': 101, 'metode_pembayaran': 'Tunai', 'barang_jasa_dibeli': 'Produk A', 'status_pembayaran': 'Lunas', 'created_at': '2024-03-08 18:06:43', 'updated_at': '2024-03-08 18:06:43', 'execution_timestamp': 1709923321.276285}, {'_id': '65eb5c01c3b3c69e5121ff20', 'id_transaksi': 11, 'tanggal_transaksi': '2024-03-09', 'id_pelanggan': 111, 'metode_pembayaran': 'Transfer Bank', 'barang_jasa_dibeli': 'Produk K', 'status_pembayaran': 'Lunas', 'created_at': '2024-03-08 14:46:43', 'updated_at': '2024-03-08 14:46:43', 'execution_timestamp': 1709923321.276285}, {'_id': '65eb5c01c3b3c69e5121ff28', 'id_transaksi': 19, 'tanggal_transaksi': '2024-03-09', 'id_pelanggan': 119, 'metode_pembayaran': 'Transfer Bank', 'barang_jasa_dibeli': 'Produk S', 'status_pembayaran': 'Lunas', 'created_at': '2024-03-08 12:06:43', 'updated_at': '2024-03-08 12:06:43', 'execution_timestamp': 1709923321.276285}, {'_id': '65eb5c01c3b3c69e5121ff1c', 'id_transaksi': 7, 'tanggal_transaksi': '2024-03-09', 'id_pelanggan': 107, 'metode_pembayaran': 'Transfer Bank', 'barang_jasa_dibeli': 'Produk G', 'status_pembayaran': 'Lunas', 'created_at': '2024-03-08 16:06:43', 'updated_at': '2024-03-08 16:06:43', 'execution_timestamp': 1709923321.276285}, {'_id': '65eb5c01c3b3c69e5121ff19', 'id_transaksi': 4, 'tanggal_transaksi': '2024-03-09', 'id_pelanggan': 104, 'metode_pembayaran': 'E-Wallet', 'barang_jasa_dibeli': 'Produk D', 'status_pembayaran': 'Belum Lunas', 'created_at': '2024-03-08 17:06:43', 'updated_at': '2024-03-08 17:06:43', 'execution_timestamp': 1709923321.276285}, {'_id': '65eb5c01c3b3c69e5121ff18', 'id_transaksi': 3, 'tanggal_transaksi': '2024-03-09', 'id_pelanggan': 103, 'metode_pembayaran': 'Transfer Bank', 'barang_jasa_dibeli': 'Produk C', 'status_pembayaran': 'Lunas', 'created_at': '2024-03-08 17:26:43', 'updated_at': '2024-03-08 17:26:43', 'execution_timestamp': 1709923321.276285}  ... displaying 10 of 20 total bound parameter sets ...  {'_id': '65eb5c01c3b3c69e5121ff1a', 'id_transaksi': 5, 'tanggal_transaksi': '2024-03-09', 'id_pelanggan': 105, 'metode_pembayaran': 'Tunai', 'barang_jasa_dibeli': 'Produk E', 'status_pembayaran': 'Lunas', 'created_at': '2024-03-08 16:46:43', 'updated_at': '2024-03-08 16:46:43', 'execution_timestamp': 1709923321.276285}, {'_id': '65eb5c01c3b3c69e5121ff26', 'id_transaksi': 17, 'tanggal_transaksi': '2024-03-09', 'id_pelanggan': 117, 'metode_pembayaran': 'Tunai', 'barang_jasa_dibeli': 'Produk Q', 'status_pembayaran': 'Lunas', 'created_at': '2024-03-08 12:46:43', 'updated_at': '2024-03-08 12:46:43', 'execution_timestamp': 1709923321.276285})
[2024-03-09T05:41:39.141+0000] {base.py:1868} INFO - [generated in 0.22086s] ({'_id': '65eb5c01c3b3c69e5121ff2b', 'id_transaksi': 12, 'tanggal_transaksi': '2024-03-09', 'id_pelanggan': 112, 'metode_pembayaran': 'E-Wallet', 'barang_jasa_dibeli': 'Produk L', 'status_pembayaran': 'Lunas', 'created_at': '2024-03-08 14:26:43', 'updated_at': '2024-03-08 15:12:29', 'execution_timestamp': 1709923321.276285}, {'_id': '65eb5c01c3b3c69e5121ff1b', 'id_transaksi': 6, 'tanggal_transaksi': '2024-03-09', 'id_pelanggan': 106, 'metode_pembayaran': 'Kartu Kredit', 'barang_jasa_dibeli': 'Produk F', 'status_pembayaran': 'Belum Lunas', 'created_at': '2024-03-08 16:26:43', 'updated_at': '2024-03-08 16:26:43', 'execution_timestamp': 1709923321.276285}, {'_id': '65eb5c01c3b3c69e5121ff16', 'id_transaksi': 1, 'tanggal_transaksi': '2024-03-09', 'id_pelanggan': 101, 'metode_pembayaran': 'Tunai', 'barang_jasa_dibeli': 'Produk A', 'status_pembayaran': 'Lunas', 'created_at': '2024-03-08 18:06:43', 'updated_at': '2024-03-08 18:06:43', 'execution_timestamp': 1709923321.276285}, {'_id': '65eb5c01c3b3c69e5121ff20', 'id_transaksi': 11, 'tanggal_transaksi': '2024-03-09', 'id_pelanggan': 111, 'metode_pembayaran': 'Transfer Bank', 'barang_jasa_dibeli': 'Produk K', 'status_pembayaran': 'Lunas', 'created_at': '2024-03-08 14:46:43', 'updated_at': '2024-03-08 14:46:43', 'execution_timestamp': 1709923321.276285}, {'_id': '65eb5c01c3b3c69e5121ff28', 'id_transaksi': 19, 'tanggal_transaksi': '2024-03-09', 'id_pelanggan': 119, 'metode_pembayaran': 'Transfer Bank', 'barang_jasa_dibeli': 'Produk S', 'status_pembayaran': 'Lunas', 'created_at': '2024-03-08 12:06:43', 'updated_at': '2024-03-08 12:06:43', 'execution_timestamp': 1709923321.276285}, {'_id': '65eb5c01c3b3c69e5121ff1c', 'id_transaksi': 7, 'tanggal_transaksi': '2024-03-09', 'id_pelanggan': 107, 'metode_pembayaran': 'Transfer Bank', 'barang_jasa_dibeli': 'Produk G', 'status_pembayaran': 'Lunas', 'created_at': '2024-03-08 16:06:43', 'updated_at': '2024-03-08 16:06:43', 'execution_timestamp': 1709923321.276285}, {'_id': '65eb5c01c3b3c69e5121ff19', 'id_transaksi': 4, 'tanggal_transaksi': '2024-03-09', 'id_pelanggan': 104, 'metode_pembayaran': 'E-Wallet', 'barang_jasa_dibeli': 'Produk D', 'status_pembayaran': 'Belum Lunas', 'created_at': '2024-03-08 17:06:43', 'updated_at': '2024-03-08 17:06:43', 'execution_timestamp': 1709923321.276285}, {'_id': '65eb5c01c3b3c69e5121ff18', 'id_transaksi': 3, 'tanggal_transaksi': '2024-03-09', 'id_pelanggan': 103, 'metode_pembayaran': 'Transfer Bank', 'barang_jasa_dibeli': 'Produk C', 'status_pembayaran': 'Lunas', 'created_at': '2024-03-08 17:26:43', 'updated_at': '2024-03-08 17:26:43', 'execution_timestamp': 1709923321.276285}  ... displaying 10 of 20 total bound parameter sets ...  {'_id': '65eb5c01c3b3c69e5121ff1a', 'id_transaksi': 5, 'tanggal_transaksi': '2024-03-09', 'id_pelanggan': 105, 'metode_pembayaran': 'Tunai', 'barang_jasa_dibeli': 'Produk E', 'status_pembayaran': 'Lunas', 'created_at': '2024-03-08 16:46:43', 'updated_at': '2024-03-08 16:46:43', 'execution_timestamp': 1709923321.276285}, {'_id': '65eb5c01c3b3c69e5121ff26', 'id_transaksi': 17, 'tanggal_transaksi': '2024-03-09', 'id_pelanggan': 117, 'metode_pembayaran': 'Tunai', 'barang_jasa_dibeli': 'Produk Q', 'status_pembayaran': 'Lunas', 'created_at': '2024-03-08 12:46:43', 'updated_at': '2024-03-08 12:46:43', 'execution_timestamp': 1709923321.276285})
[2024-03-09T05:41:39.378+0000] {logging_mixin.py:188} INFO - 2024-03-09 05:41:39,378 INFO sqlalchemy.engine.Engine COMMIT
[2024-03-09T05:41:39.378+0000] {base.py:1092} INFO - COMMIT
[2024-03-09T05:41:39.841+0000] {python.py:202} INFO - Done. Returned value was: None
[2024-03-09T05:41:39.850+0000] {taskinstance.py:1149} INFO - Marking task as SUCCESS. dag_id=mongodb_to_sql8, task_id=ingest_csv_to_mysql, execution_date=20240309T054123, start_date=20240309T054128, end_date=20240309T054139
[2024-03-09T05:41:39.880+0000] {local_task_job_runner.py:234} INFO - Task exited with return code 0
[2024-03-09T05:41:39.892+0000] {taskinstance.py:3309} INFO - 0 downstream tasks scheduled from follow-on schedule check
