[2024-03-03T08:40:36.148+0000] {taskinstance.py:1979} INFO - Dependencies all met for dep_context=non-requeueable deps ti=<TaskInstance: aaexample_postgres_hook_eks_sql.fetch_data_and_process_task manual__2024-03-03T08:40:35.127428+00:00 [queued]>
[2024-03-03T08:40:36.155+0000] {taskinstance.py:1979} INFO - Dependencies all met for dep_context=requeueable deps ti=<TaskInstance: aaexample_postgres_hook_eks_sql.fetch_data_and_process_task manual__2024-03-03T08:40:35.127428+00:00 [queued]>
[2024-03-03T08:40:36.155+0000] {taskinstance.py:2193} INFO - Starting attempt 1 of 2
[2024-03-03T08:40:36.167+0000] {taskinstance.py:2214} INFO - Executing <Task(PythonOperator): fetch_data_and_process_task> on 2024-03-03 08:40:35.127428+00:00
[2024-03-03T08:40:36.173+0000] {standard_task_runner.py:60} INFO - Started process 300 to run task
[2024-03-03T08:40:36.177+0000] {standard_task_runner.py:87} INFO - Running: ['***', 'tasks', 'run', 'aaexample_postgres_hook_eks_sql', 'fetch_data_and_process_task', 'manual__2024-03-03T08:40:35.127428+00:00', '--job-id', '51', '--raw', '--subdir', 'DAGS_FOLDER/other_ingestion_postgre/main_dag_eks_sql.py', '--cfg-path', '/tmp/tmp2tpw1_d0']
[2024-03-03T08:40:36.179+0000] {standard_task_runner.py:88} INFO - Job 51: Subtask fetch_data_and_process_task
[2024-03-03T08:40:36.228+0000] {task_command.py:423} INFO - Running <TaskInstance: aaexample_postgres_hook_eks_sql.fetch_data_and_process_task manual__2024-03-03T08:40:35.127428+00:00 [running]> on host 749678136a31
[2024-03-03T08:40:36.426+0000] {taskinstance.py:2510} INFO - Exporting env vars: AIRFLOW_CTX_DAG_OWNER='***' AIRFLOW_CTX_DAG_ID='aaexample_postgres_hook_eks_sql' AIRFLOW_CTX_TASK_ID='fetch_data_and_process_task' AIRFLOW_CTX_EXECUTION_DATE='2024-03-03T08:40:35.127428+00:00' AIRFLOW_CTX_TRY_NUMBER='1' AIRFLOW_CTX_DAG_RUN_ID='manual__2024-03-03T08:40:35.127428+00:00'
[2024-03-03T08:40:36.427+0000] {warnings.py:110} WARNING - /home/***/.local/lib/python3.11/site-packages/***/utils/context.py:315: AirflowContextDeprecationWarning: Accessing 'execution_date' from the template is deprecated and will be removed in a future version. Please use 'data_interval_start' or 'logical_date' instead.
  warnings.warn(_create_deprecation_warning(k, replacements))

[2024-03-03T08:40:38.593+0000] {logging_mixin.py:188} INFO -    id_transaksi  ...                 updated_at
0             1  ... 2024-02-27 10:24:21.937107
1             2  ... 2024-02-27 10:24:46.362615
2             3  ... 2024-02-27 10:24:46.362615
3             4  ... 2024-02-27 10:24:46.362615
4             5  ... 2024-02-27 10:24:46.362615
5             6  ... 2024-02-27 10:24:46.362615
6             7  ... 2024-02-27 10:24:46.362615
7             8  ... 2024-02-27 10:24:46.362615
8             9  ... 2024-02-27 10:24:46.362615
9            10  ... 2024-02-27 10:24:46.362615

[10 rows x 8 columns]
[2024-03-03T08:40:38.598+0000] {python.py:202} INFO - Done. Returned value was: None
[2024-03-03T08:40:38.607+0000] {taskinstance.py:1149} INFO - Marking task as SUCCESS. dag_id=aaexample_postgres_hook_eks_sql, task_id=fetch_data_and_process_task, execution_date=20240303T084035, start_date=20240303T084036, end_date=20240303T084038
[2024-03-03T08:40:38.637+0000] {local_task_job_runner.py:234} INFO - Task exited with return code 0
[2024-03-03T08:40:38.650+0000] {taskinstance.py:3309} INFO - 0 downstream tasks scheduled from follow-on schedule check
