[2024-03-17T04:42:47.146+0000] {taskinstance.py:1979} INFO - Dependencies all met for dep_context=non-requeueable deps ti=<TaskInstance: study_case_etl_cloud_storage_dua.format_to_parquet_task manual__2024-03-17T04:42:38.230412+00:00 [queued]>
[2024-03-17T04:42:47.153+0000] {taskinstance.py:1979} INFO - Dependencies all met for dep_context=requeueable deps ti=<TaskInstance: study_case_etl_cloud_storage_dua.format_to_parquet_task manual__2024-03-17T04:42:38.230412+00:00 [queued]>
[2024-03-17T04:42:47.154+0000] {taskinstance.py:2193} INFO - Starting attempt 1 of 2
[2024-03-17T04:42:47.164+0000] {taskinstance.py:2214} INFO - Executing <Task(PythonOperator): format_to_parquet_task> on 2024-03-17 04:42:38.230412+00:00
[2024-03-17T04:42:47.170+0000] {standard_task_runner.py:60} INFO - Started process 4480 to run task
[2024-03-17T04:42:47.173+0000] {standard_task_runner.py:87} INFO - Running: ['***', 'tasks', 'run', 'study_case_etl_cloud_storage_dua', 'format_to_parquet_task', 'manual__2024-03-17T04:42:38.230412+00:00', '--job-id', '901', '--raw', '--subdir', 'DAGS_FOLDER/etl_day_bigquery/study_case_etl_cloud_storage_dua.py', '--cfg-path', '/tmp/tmp_alblvm3']
[2024-03-17T04:42:47.176+0000] {standard_task_runner.py:88} INFO - Job 901: Subtask format_to_parquet_task
[2024-03-17T04:42:47.214+0000] {task_command.py:423} INFO - Running <TaskInstance: study_case_etl_cloud_storage_dua.format_to_parquet_task manual__2024-03-17T04:42:38.230412+00:00 [running]> on host 1d5b76b26ba5
[2024-03-17T04:42:47.280+0000] {taskinstance.py:2510} INFO - Exporting env vars: AIRFLOW_CTX_DAG_OWNER='Agus mahari' AIRFLOW_CTX_DAG_ID='study_case_etl_cloud_storage_dua' AIRFLOW_CTX_TASK_ID='format_to_parquet_task' AIRFLOW_CTX_EXECUTION_DATE='2024-03-17T04:42:38.230412+00:00' AIRFLOW_CTX_TRY_NUMBER='1' AIRFLOW_CTX_DAG_RUN_ID='manual__2024-03-17T04:42:38.230412+00:00'
[2024-03-17T04:42:47.283+0000] {taskinstance.py:2728} ERROR - Task failed with exception
Traceback (most recent call last):
  File "/home/airflow/.local/lib/python3.8/site-packages/airflow/models/taskinstance.py", line 444, in _execute_task
    result = _execute_callable(context=context, **execute_callable_kwargs)
  File "/home/airflow/.local/lib/python3.8/site-packages/airflow/models/taskinstance.py", line 414, in _execute_callable
    return execute_callable(context=context, **execute_callable_kwargs)
  File "/home/airflow/.local/lib/python3.8/site-packages/airflow/operators/python.py", line 200, in execute
    return_value = self.execute_callable()
  File "/home/airflow/.local/lib/python3.8/site-packages/airflow/operators/python.py", line 217, in execute_callable
    return self.python_callable(*self.op_args, **self.op_kwargs)
  File "/opt/airflow/dags/utils/csv_to_parquet.py", line 9, in format_to_parquet
    table = pv.read_csv(src_file)
  File "pyarrow/_csv.pyx", line 1256, in pyarrow._csv.read_csv
  File "pyarrow/_csv.pyx", line 1115, in pyarrow._csv._get_reader
  File "pyarrow/io.pxi", line 2036, in pyarrow.lib.get_input_stream
  File "pyarrow/io.pxi", line 2007, in pyarrow.lib.get_native_file
  File "pyarrow/io.pxi", line 1134, in pyarrow.lib.OSFile.__cinit__
  File "pyarrow/io.pxi", line 1144, in pyarrow.lib.OSFile._open_readable
  File "pyarrow/error.pxi", line 154, in pyarrow.lib.pyarrow_internal_check_status
  File "pyarrow/error.pxi", line 91, in pyarrow.lib.check_status
FileNotFoundError: [Errno 2] Failed to open local file '/opt/airflow/data/fetch_data_task_id_{ ds }.csv'. Detail: [errno 2] No such file or directory
[2024-03-17T04:42:47.291+0000] {taskinstance.py:1149} INFO - Marking task as UP_FOR_RETRY. dag_id=study_case_etl_cloud_storage_dua, task_id=format_to_parquet_task, execution_date=20240317T044238, start_date=20240317T044247, end_date=20240317T044247
[2024-03-17T04:42:47.300+0000] {standard_task_runner.py:107} ERROR - Failed to execute job 901 for task format_to_parquet_task ([Errno 2] Failed to open local file '/opt/airflow/data/fetch_data_task_id_{ ds }.csv'. Detail: [errno 2] No such file or directory; 4480)
[2024-03-17T04:42:47.310+0000] {local_task_job_runner.py:234} INFO - Task exited with return code 1
[2024-03-17T04:42:47.329+0000] {taskinstance.py:3309} INFO - 0 downstream tasks scheduled from follow-on schedule check
