[2024-03-16T16:00:02.069+0000] {taskinstance.py:1979} INFO - Dependencies all met for dep_context=non-requeueable deps ti=<TaskInstance: study_case_etl_cloud_storage.fetch_data_task scheduled__2024-03-16T15:00:00+00:00 [queued]>
[2024-03-16T16:00:02.078+0000] {taskinstance.py:1979} INFO - Dependencies all met for dep_context=requeueable deps ti=<TaskInstance: study_case_etl_cloud_storage.fetch_data_task scheduled__2024-03-16T15:00:00+00:00 [queued]>
[2024-03-16T16:00:02.078+0000] {taskinstance.py:2193} INFO - Starting attempt 1 of 2
[2024-03-16T16:00:02.090+0000] {taskinstance.py:2214} INFO - Executing <Task(PythonOperator): fetch_data_task> on 2024-03-16 15:00:00+00:00
[2024-03-16T16:00:02.096+0000] {standard_task_runner.py:60} INFO - Started process 7918 to run task
[2024-03-16T16:00:02.099+0000] {standard_task_runner.py:87} INFO - Running: ['***', 'tasks', 'run', 'study_case_etl_cloud_storage', 'fetch_data_task', 'scheduled__2024-03-16T15:00:00+00:00', '--job-id', '757', '--raw', '--subdir', 'DAGS_FOLDER/etl_day_bigquery/study_case_etl_cloud_storage.py', '--cfg-path', '/tmp/tmpo9vow7by']
[2024-03-16T16:00:02.101+0000] {standard_task_runner.py:88} INFO - Job 757: Subtask fetch_data_task
[2024-03-16T16:00:02.142+0000] {task_command.py:423} INFO - Running <TaskInstance: study_case_etl_cloud_storage.fetch_data_task scheduled__2024-03-16T15:00:00+00:00 [running]> on host 1d5b76b26ba5
[2024-03-16T16:00:02.214+0000] {taskinstance.py:2510} INFO - Exporting env vars: AIRFLOW_CTX_DAG_OWNER='Agus mahari' AIRFLOW_CTX_DAG_ID='study_case_etl_cloud_storage' AIRFLOW_CTX_TASK_ID='fetch_data_task' AIRFLOW_CTX_EXECUTION_DATE='2024-03-16T15:00:00+00:00' AIRFLOW_CTX_TRY_NUMBER='1' AIRFLOW_CTX_DAG_RUN_ID='scheduled__2024-03-16T15:00:00+00:00'
[2024-03-16T16:00:02.217+0000] {warnings.py:109} WARNING - /home/***/.local/lib/python3.8/site-packages/***/utils/context.py:315: AirflowContextDeprecationWarning: Accessing 'execution_date' from the template is deprecated and will be removed in a future version. Please use 'data_interval_start' or 'logical_date' instead.
  warnings.warn(_create_deprecation_warning(k, replacements))

[2024-03-16T16:00:04.732+0000] {logging_mixin.py:188} INFO - 2024-03-16 16:00:04,732 INFO sqlalchemy.engine.Engine SELECT DATABASE()
[2024-03-16T16:00:04.732+0000] {base.py:1863} INFO - SELECT DATABASE()
[2024-03-16T16:00:04.734+0000] {logging_mixin.py:188} INFO - 2024-03-16 16:00:04,733 INFO sqlalchemy.engine.Engine [raw sql] {}
[2024-03-16T16:00:04.733+0000] {base.py:1868} INFO - [raw sql] {}
[2024-03-16T16:00:05.648+0000] {logging_mixin.py:188} INFO - 2024-03-16 16:00:05,648 INFO sqlalchemy.engine.Engine SELECT @@sql_mode
[2024-03-16T16:00:05.648+0000] {base.py:1863} INFO - SELECT @@sql_mode
[2024-03-16T16:00:05.652+0000] {logging_mixin.py:188} INFO - 2024-03-16 16:00:05,651 INFO sqlalchemy.engine.Engine [raw sql] {}
[2024-03-16T16:00:05.651+0000] {base.py:1868} INFO - [raw sql] {}
[2024-03-16T16:00:06.102+0000] {logging_mixin.py:188} INFO - 2024-03-16 16:00:06,102 INFO sqlalchemy.engine.Engine SELECT @@lower_case_table_names
[2024-03-16T16:00:06.102+0000] {base.py:1863} INFO - SELECT @@lower_case_table_names
[2024-03-16T16:00:06.106+0000] {logging_mixin.py:188} INFO - 2024-03-16 16:00:06,105 INFO sqlalchemy.engine.Engine [raw sql] {}
[2024-03-16T16:00:06.105+0000] {base.py:1868} INFO - [raw sql] {}
[2024-03-16T16:00:06.953+0000] {logging_mixin.py:188} INFO - 2024-03-16 16:00:06,953 INFO sqlalchemy.engine.Engine 


  SELECT 
    *
FROM databasename.mytable
[2024-03-16T16:00:06.953+0000] {base.py:1863} INFO - 


  SELECT 
    *
FROM databasename.mytable
[2024-03-16T16:00:06.954+0000] {logging_mixin.py:188} INFO - 2024-03-16 16:00:06,954 INFO sqlalchemy.engine.Engine [raw sql] {}
[2024-03-16T16:00:06.954+0000] {base.py:1868} INFO - [raw sql] {}
[2024-03-16T16:00:07.408+0000] {python.py:202} INFO - Done. Returned value was: /opt/***/data/aplikasi_table_2024-03-16-15-00-00.parquet
[2024-03-16T16:00:07.426+0000] {taskinstance.py:1149} INFO - Marking task as SUCCESS. dag_id=study_case_etl_cloud_storage, task_id=fetch_data_task, execution_date=20240316T150000, start_date=20240316T160002, end_date=20240316T160007
[2024-03-16T16:00:07.476+0000] {local_task_job_runner.py:234} INFO - Task exited with return code 0
[2024-03-16T16:00:07.495+0000] {taskinstance.py:3309} INFO - 1 downstream tasks scheduled from follow-on schedule check
[2024-03-22T17:28:38.107+0000] {taskinstance.py:1979} INFO - Dependencies all met for dep_context=non-requeueable deps ti=<TaskInstance: study_case_etl_cloud_storage.fetch_data_task scheduled__2024-03-16T15:00:00+00:00 [queued]>
[2024-03-22T17:28:38.124+0000] {taskinstance.py:1979} INFO - Dependencies all met for dep_context=requeueable deps ti=<TaskInstance: study_case_etl_cloud_storage.fetch_data_task scheduled__2024-03-16T15:00:00+00:00 [queued]>
[2024-03-22T17:28:38.127+0000] {taskinstance.py:2193} INFO - Starting attempt 1 of 2
[2024-03-22T17:28:38.147+0000] {taskinstance.py:2214} INFO - Executing <Task(PythonOperator): fetch_data_task> on 2024-03-16 15:00:00+00:00
[2024-03-22T17:28:38.158+0000] {standard_task_runner.py:60} INFO - Started process 457 to run task
[2024-03-22T17:28:38.169+0000] {standard_task_runner.py:87} INFO - Running: ['***', 'tasks', 'run', 'study_case_etl_cloud_storage', 'fetch_data_task', 'scheduled__2024-03-16T15:00:00+00:00', '--job-id', '49', '--raw', '--subdir', 'DAGS_FOLDER/etl_day_bigquery/study_case_etl_cloud_storage.py', '--cfg-path', '/tmp/tmpys5zdik7']
[2024-03-22T17:28:38.176+0000] {standard_task_runner.py:88} INFO - Job 49: Subtask fetch_data_task
[2024-03-22T17:28:38.255+0000] {task_command.py:423} INFO - Running <TaskInstance: study_case_etl_cloud_storage.fetch_data_task scheduled__2024-03-16T15:00:00+00:00 [running]> on host eb8b31fafb1e
[2024-03-22T17:28:38.403+0000] {taskinstance.py:2510} INFO - Exporting env vars: AIRFLOW_CTX_DAG_OWNER='Agus mahari' AIRFLOW_CTX_DAG_ID='study_case_etl_cloud_storage' AIRFLOW_CTX_TASK_ID='fetch_data_task' AIRFLOW_CTX_EXECUTION_DATE='2024-03-16T15:00:00+00:00' AIRFLOW_CTX_TRY_NUMBER='1' AIRFLOW_CTX_DAG_RUN_ID='scheduled__2024-03-16T15:00:00+00:00'
[2024-03-22T17:28:41.653+0000] {logging_mixin.py:188} INFO - 2024-03-22 17:28:41,652 INFO sqlalchemy.engine.Engine SELECT DATABASE()
[2024-03-22T17:28:41.652+0000] {base.py:1863} INFO - SELECT DATABASE()
[2024-03-22T17:28:41.655+0000] {logging_mixin.py:188} INFO - 2024-03-22 17:28:41,654 INFO sqlalchemy.engine.Engine [raw sql] {}
[2024-03-22T17:28:41.654+0000] {base.py:1868} INFO - [raw sql] {}
[2024-03-22T17:28:42.535+0000] {logging_mixin.py:188} INFO - 2024-03-22 17:28:42,534 INFO sqlalchemy.engine.Engine SELECT @@sql_mode
[2024-03-22T17:28:42.534+0000] {base.py:1863} INFO - SELECT @@sql_mode
[2024-03-22T17:28:42.536+0000] {logging_mixin.py:188} INFO - 2024-03-22 17:28:42,536 INFO sqlalchemy.engine.Engine [raw sql] {}
[2024-03-22T17:28:42.536+0000] {base.py:1868} INFO - [raw sql] {}
[2024-03-22T17:28:42.977+0000] {logging_mixin.py:188} INFO - 2024-03-22 17:28:42,977 INFO sqlalchemy.engine.Engine SELECT @@lower_case_table_names
[2024-03-22T17:28:42.977+0000] {base.py:1863} INFO - SELECT @@lower_case_table_names
[2024-03-22T17:28:42.978+0000] {logging_mixin.py:188} INFO - 2024-03-22 17:28:42,978 INFO sqlalchemy.engine.Engine [raw sql] {}
[2024-03-22T17:28:42.978+0000] {base.py:1868} INFO - [raw sql] {}
[2024-03-22T17:28:43.639+0000] {logging_mixin.py:188} INFO - 2024-03-22 17:28:43,639 INFO sqlalchemy.engine.Engine 


  SELECT 
    *
FROM databasename.mytable
[2024-03-22T17:28:43.639+0000] {base.py:1863} INFO - 


  SELECT 
    *
FROM databasename.mytable
[2024-03-22T17:28:43.640+0000] {logging_mixin.py:188} INFO - 2024-03-22 17:28:43,640 INFO sqlalchemy.engine.Engine [raw sql] {}
[2024-03-22T17:28:43.640+0000] {base.py:1868} INFO - [raw sql] {}
[2024-03-22T17:28:44.090+0000] {logging_mixin.py:188} INFO - File already exists.
[2024-03-22T17:28:44.092+0000] {python.py:202} INFO - Done. Returned value was: /opt/***/data/aplikasi_table_['{ ds }.parquet']
[2024-03-22T17:28:44.116+0000] {taskinstance.py:1149} INFO - Marking task as SUCCESS. dag_id=study_case_etl_cloud_storage, task_id=fetch_data_task, execution_date=20240316T150000, start_date=20240322T172838, end_date=20240322T172844
[2024-03-22T17:28:44.153+0000] {local_task_job_runner.py:234} INFO - Task exited with return code 0
[2024-03-22T17:28:44.169+0000] {taskinstance.py:3309} INFO - 0 downstream tasks scheduled from follow-on schedule check
