[2024-03-16T06:12:55.235+0000] {taskinstance.py:1979} INFO - Dependencies all met for dep_context=non-requeueable deps ti=<TaskInstance: etl_hourly_pintro_aplikasi.fetch_data_task scheduled__2024-03-15T12:00:00+00:00 [queued]>
[2024-03-16T06:12:55.250+0000] {taskinstance.py:1979} INFO - Dependencies all met for dep_context=requeueable deps ti=<TaskInstance: etl_hourly_pintro_aplikasi.fetch_data_task scheduled__2024-03-15T12:00:00+00:00 [queued]>
[2024-03-16T06:12:55.251+0000] {taskinstance.py:2193} INFO - Starting attempt 2 of 2
[2024-03-16T06:12:55.267+0000] {taskinstance.py:2214} INFO - Executing <Task(PythonOperator): fetch_data_task> on 2024-03-15 12:00:00+00:00
[2024-03-16T06:12:55.273+0000] {standard_task_runner.py:60} INFO - Started process 471 to run task
[2024-03-16T06:12:55.276+0000] {standard_task_runner.py:87} INFO - Running: ['***', 'tasks', 'run', 'etl_hourly_pintro_aplikasi', 'fetch_data_task', 'scheduled__2024-03-15T12:00:00+00:00', '--job-id', '561', '--raw', '--subdir', 'DAGS_FOLDER/pintro_aplikasi_education/etl_hourly_pintro_aplikasi.py', '--cfg-path', '/tmp/tmp7iwcq8wz']
[2024-03-16T06:12:55.280+0000] {standard_task_runner.py:88} INFO - Job 561: Subtask fetch_data_task
[2024-03-16T06:12:55.353+0000] {task_command.py:423} INFO - Running <TaskInstance: etl_hourly_pintro_aplikasi.fetch_data_task scheduled__2024-03-15T12:00:00+00:00 [running]> on host 72d5c878da28
[2024-03-16T06:12:55.469+0000] {taskinstance.py:2510} INFO - Exporting env vars: AIRFLOW_CTX_DAG_OWNER='Agus mahari' AIRFLOW_CTX_DAG_ID='etl_hourly_pintro_aplikasi' AIRFLOW_CTX_TASK_ID='fetch_data_task' AIRFLOW_CTX_EXECUTION_DATE='2024-03-15T12:00:00+00:00' AIRFLOW_CTX_TRY_NUMBER='2' AIRFLOW_CTX_DAG_RUN_ID='scheduled__2024-03-15T12:00:00+00:00'
[2024-03-16T06:12:55.471+0000] {warnings.py:109} WARNING - /home/***/.local/lib/python3.8/site-packages/***/utils/context.py:315: AirflowContextDeprecationWarning: Accessing 'execution_date' from the template is deprecated and will be removed in a future version. Please use 'data_interval_start' or 'logical_date' instead.
  warnings.warn(_create_deprecation_warning(k, replacements))

[2024-03-16T06:12:58.197+0000] {logging_mixin.py:188} INFO - 2024-03-16 06:12:58,197 INFO sqlalchemy.engine.Engine SELECT DATABASE()
[2024-03-16T06:12:58.197+0000] {base.py:1863} INFO - SELECT DATABASE()
[2024-03-16T06:12:58.198+0000] {logging_mixin.py:188} INFO - 2024-03-16 06:12:58,197 INFO sqlalchemy.engine.Engine [raw sql] {}
[2024-03-16T06:12:58.197+0000] {base.py:1868} INFO - [raw sql] {}
[2024-03-16T06:12:59.123+0000] {logging_mixin.py:188} INFO - 2024-03-16 06:12:59,123 INFO sqlalchemy.engine.Engine SELECT @@sql_mode
[2024-03-16T06:12:59.123+0000] {base.py:1863} INFO - SELECT @@sql_mode
[2024-03-16T06:12:59.124+0000] {logging_mixin.py:188} INFO - 2024-03-16 06:12:59,124 INFO sqlalchemy.engine.Engine [raw sql] {}
[2024-03-16T06:12:59.124+0000] {base.py:1868} INFO - [raw sql] {}
[2024-03-16T06:12:59.574+0000] {logging_mixin.py:188} INFO - 2024-03-16 06:12:59,574 INFO sqlalchemy.engine.Engine SELECT @@lower_case_table_names
[2024-03-16T06:12:59.574+0000] {base.py:1863} INFO - SELECT @@lower_case_table_names
[2024-03-16T06:12:59.579+0000] {logging_mixin.py:188} INFO - 2024-03-16 06:12:59,579 INFO sqlalchemy.engine.Engine [raw sql] {}
[2024-03-16T06:12:59.579+0000] {base.py:1868} INFO - [raw sql] {}
[2024-03-16T06:13:00.347+0000] {logging_mixin.py:188} INFO - 2024-03-16 06:13:00,347 INFO sqlalchemy.engine.Engine SELECT 
    id_transaksi, 
    tanggal_transaksi, 
    id_pelanggan, 
    metode_pembayaran, 
    barang_jasa_dibeli, 
    status_pembayaran, 
    created_at, 
    updated_at, 
    CONVERT_TZ(NOW(), 'UTC', '+07:00') as execution_at
FROM test.transaksi
WHERE updated_at BETWEEN CONVERT_TZ(NOW(), 'UTC', '+07:00') - INTERVAL 1 HOUR AND CONVERT_TZ(NOW(), 'UTC', '+07:00')
[2024-03-16T06:13:00.347+0000] {base.py:1863} INFO - SELECT 
    id_transaksi, 
    tanggal_transaksi, 
    id_pelanggan, 
    metode_pembayaran, 
    barang_jasa_dibeli, 
    status_pembayaran, 
    created_at, 
    updated_at, 
    CONVERT_TZ(NOW(), 'UTC', '+07:00') as execution_at
FROM test.transaksi
WHERE updated_at BETWEEN CONVERT_TZ(NOW(), 'UTC', '+07:00') - INTERVAL 1 HOUR AND CONVERT_TZ(NOW(), 'UTC', '+07:00')
[2024-03-16T06:13:00.348+0000] {logging_mixin.py:188} INFO - 2024-03-16 06:13:00,348 INFO sqlalchemy.engine.Engine [raw sql] {}
[2024-03-16T06:13:00.348+0000] {base.py:1868} INFO - [raw sql] {}
[2024-03-16T06:13:00.843+0000] {python.py:202} INFO - Done. Returned value was: None
[2024-03-16T06:13:00.866+0000] {taskinstance.py:1149} INFO - Marking task as SUCCESS. dag_id=etl_hourly_pintro_aplikasi, task_id=fetch_data_task, execution_date=20240315T120000, start_date=20240316T061255, end_date=20240316T061300
[2024-03-16T06:13:00.909+0000] {local_task_job_runner.py:234} INFO - Task exited with return code 0
[2024-03-16T06:13:00.939+0000] {taskinstance.py:3309} INFO - 1 downstream tasks scheduled from follow-on schedule check
