[2024-03-03T19:40:54.102+0000] {processor.py:161} INFO - Started process (PID=14738) to work on /opt/airflow/dags/other_ingestion_postgre/main_dag_sql_empat.py
[2024-03-03T19:40:54.103+0000] {processor.py:830} INFO - Processing file /opt/airflow/dags/other_ingestion_postgre/main_dag_sql_empat.py for tasks to queue
[2024-03-03T19:40:54.104+0000] {logging_mixin.py:188} INFO - [2024-03-03T19:40:54.104+0000] {dagbag.py:540} INFO - Filling up the DagBag from /opt/airflow/dags/other_ingestion_postgre/main_dag_sql_empat.py
[2024-03-03T19:40:54.399+0000] {processor.py:840} INFO - DAG(s) 'aaexample_3' retrieved from /opt/airflow/dags/other_ingestion_postgre/main_dag_sql_empat.py
[2024-03-03T19:40:54.615+0000] {logging_mixin.py:188} INFO - [2024-03-03T19:40:54.614+0000] {dag.py:3047} INFO - Sync 1 DAGs
[2024-03-03T19:40:54.622+0000] {logging_mixin.py:188} INFO - [2024-03-03T19:40:54.622+0000] {dag.py:3834} INFO - Setting next_dagrun for aaexample_3 to None, run_after=None
[2024-03-03T19:40:54.637+0000] {processor.py:183} INFO - Processing /opt/airflow/dags/other_ingestion_postgre/main_dag_sql_empat.py took 0.538 seconds
[2024-03-03T19:41:25.510+0000] {processor.py:161} INFO - Started process (PID=14755) to work on /opt/airflow/dags/other_ingestion_postgre/main_dag_sql_empat.py
[2024-03-03T19:41:25.511+0000] {processor.py:830} INFO - Processing file /opt/airflow/dags/other_ingestion_postgre/main_dag_sql_empat.py for tasks to queue
[2024-03-03T19:41:25.512+0000] {logging_mixin.py:188} INFO - [2024-03-03T19:41:25.512+0000] {dagbag.py:540} INFO - Filling up the DagBag from /opt/airflow/dags/other_ingestion_postgre/main_dag_sql_empat.py
[2024-03-03T19:41:25.778+0000] {processor.py:840} INFO - DAG(s) 'aaexample_3' retrieved from /opt/airflow/dags/other_ingestion_postgre/main_dag_sql_empat.py
[2024-03-03T19:41:25.795+0000] {logging_mixin.py:188} INFO - [2024-03-03T19:41:25.795+0000] {dag.py:3047} INFO - Sync 1 DAGs
[2024-03-03T19:41:25.804+0000] {logging_mixin.py:188} INFO - [2024-03-03T19:41:25.804+0000] {dag.py:3834} INFO - Setting next_dagrun for aaexample_3 to None, run_after=None
[2024-03-03T19:41:25.816+0000] {processor.py:183} INFO - Processing /opt/airflow/dags/other_ingestion_postgre/main_dag_sql_empat.py took 0.309 seconds
[2024-03-03T19:41:56.570+0000] {processor.py:161} INFO - Started process (PID=14772) to work on /opt/airflow/dags/other_ingestion_postgre/main_dag_sql_empat.py
[2024-03-03T19:41:56.571+0000] {processor.py:830} INFO - Processing file /opt/airflow/dags/other_ingestion_postgre/main_dag_sql_empat.py for tasks to queue
[2024-03-03T19:41:56.573+0000] {logging_mixin.py:188} INFO - [2024-03-03T19:41:56.572+0000] {dagbag.py:540} INFO - Filling up the DagBag from /opt/airflow/dags/other_ingestion_postgre/main_dag_sql_empat.py
[2024-03-03T19:41:56.835+0000] {processor.py:840} INFO - DAG(s) 'aaexample_3' retrieved from /opt/airflow/dags/other_ingestion_postgre/main_dag_sql_empat.py
[2024-03-03T19:41:56.843+0000] {logging_mixin.py:188} INFO - [2024-03-03T19:41:56.843+0000] {dag.py:3047} INFO - Sync 1 DAGs
[2024-03-03T19:41:56.853+0000] {logging_mixin.py:188} INFO - [2024-03-03T19:41:56.852+0000] {dag.py:3834} INFO - Setting next_dagrun for aaexample_3 to None, run_after=None
[2024-03-03T19:41:56.866+0000] {processor.py:183} INFO - Processing /opt/airflow/dags/other_ingestion_postgre/main_dag_sql_empat.py took 0.299 seconds
[2024-03-03T19:42:27.747+0000] {processor.py:161} INFO - Started process (PID=14789) to work on /opt/airflow/dags/other_ingestion_postgre/main_dag_sql_empat.py
[2024-03-03T19:42:27.748+0000] {processor.py:830} INFO - Processing file /opt/airflow/dags/other_ingestion_postgre/main_dag_sql_empat.py for tasks to queue
[2024-03-03T19:42:27.751+0000] {logging_mixin.py:188} INFO - [2024-03-03T19:42:27.750+0000] {dagbag.py:540} INFO - Filling up the DagBag from /opt/airflow/dags/other_ingestion_postgre/main_dag_sql_empat.py
[2024-03-03T19:42:28.019+0000] {processor.py:840} INFO - DAG(s) 'aaexample_3' retrieved from /opt/airflow/dags/other_ingestion_postgre/main_dag_sql_empat.py
[2024-03-03T19:42:28.197+0000] {logging_mixin.py:188} INFO - [2024-03-03T19:42:28.196+0000] {dag.py:3047} INFO - Sync 1 DAGs
[2024-03-03T19:42:28.204+0000] {logging_mixin.py:188} INFO - [2024-03-03T19:42:28.204+0000] {dag.py:3834} INFO - Setting next_dagrun for aaexample_3 to None, run_after=None
[2024-03-03T19:42:28.215+0000] {processor.py:183} INFO - Processing /opt/airflow/dags/other_ingestion_postgre/main_dag_sql_empat.py took 0.474 seconds
[2024-03-03T19:42:59.125+0000] {processor.py:161} INFO - Started process (PID=14806) to work on /opt/airflow/dags/other_ingestion_postgre/main_dag_sql_empat.py
[2024-03-03T19:42:59.126+0000] {processor.py:830} INFO - Processing file /opt/airflow/dags/other_ingestion_postgre/main_dag_sql_empat.py for tasks to queue
[2024-03-03T19:42:59.129+0000] {logging_mixin.py:188} INFO - [2024-03-03T19:42:59.128+0000] {dagbag.py:540} INFO - Filling up the DagBag from /opt/airflow/dags/other_ingestion_postgre/main_dag_sql_empat.py
[2024-03-03T19:42:59.403+0000] {processor.py:840} INFO - DAG(s) 'aaexample_3' retrieved from /opt/airflow/dags/other_ingestion_postgre/main_dag_sql_empat.py
[2024-03-03T19:42:59.420+0000] {logging_mixin.py:188} INFO - [2024-03-03T19:42:59.420+0000] {dag.py:3047} INFO - Sync 1 DAGs
[2024-03-03T19:42:59.429+0000] {logging_mixin.py:188} INFO - [2024-03-03T19:42:59.429+0000] {dag.py:3834} INFO - Setting next_dagrun for aaexample_3 to None, run_after=None
[2024-03-03T19:42:59.442+0000] {processor.py:183} INFO - Processing /opt/airflow/dags/other_ingestion_postgre/main_dag_sql_empat.py took 0.323 seconds
[2024-03-03T19:43:30.126+0000] {processor.py:161} INFO - Started process (PID=14823) to work on /opt/airflow/dags/other_ingestion_postgre/main_dag_sql_empat.py
[2024-03-03T19:43:30.130+0000] {processor.py:830} INFO - Processing file /opt/airflow/dags/other_ingestion_postgre/main_dag_sql_empat.py for tasks to queue
[2024-03-03T19:43:30.135+0000] {logging_mixin.py:188} INFO - [2024-03-03T19:43:30.133+0000] {dagbag.py:540} INFO - Filling up the DagBag from /opt/airflow/dags/other_ingestion_postgre/main_dag_sql_empat.py
[2024-03-03T19:43:30.415+0000] {processor.py:840} INFO - DAG(s) 'aaexample_3' retrieved from /opt/airflow/dags/other_ingestion_postgre/main_dag_sql_empat.py
[2024-03-03T19:43:30.423+0000] {logging_mixin.py:188} INFO - [2024-03-03T19:43:30.423+0000] {dag.py:3047} INFO - Sync 1 DAGs
[2024-03-03T19:43:30.433+0000] {logging_mixin.py:188} INFO - [2024-03-03T19:43:30.433+0000] {dag.py:3834} INFO - Setting next_dagrun for aaexample_3 to None, run_after=None
[2024-03-03T19:43:30.445+0000] {processor.py:183} INFO - Processing /opt/airflow/dags/other_ingestion_postgre/main_dag_sql_empat.py took 0.332 seconds
[2024-03-03T19:44:00.666+0000] {processor.py:161} INFO - Started process (PID=14840) to work on /opt/airflow/dags/other_ingestion_postgre/main_dag_sql_empat.py
[2024-03-03T19:44:00.670+0000] {processor.py:830} INFO - Processing file /opt/airflow/dags/other_ingestion_postgre/main_dag_sql_empat.py for tasks to queue
[2024-03-03T19:44:00.674+0000] {logging_mixin.py:188} INFO - [2024-03-03T19:44:00.672+0000] {dagbag.py:540} INFO - Filling up the DagBag from /opt/airflow/dags/other_ingestion_postgre/main_dag_sql_empat.py
[2024-03-03T19:44:00.938+0000] {processor.py:840} INFO - DAG(s) 'aaexample_3' retrieved from /opt/airflow/dags/other_ingestion_postgre/main_dag_sql_empat.py
[2024-03-03T19:44:01.119+0000] {logging_mixin.py:188} INFO - [2024-03-03T19:44:01.119+0000] {dag.py:3047} INFO - Sync 1 DAGs
[2024-03-03T19:44:01.126+0000] {logging_mixin.py:188} INFO - [2024-03-03T19:44:01.126+0000] {dag.py:3834} INFO - Setting next_dagrun for aaexample_3 to None, run_after=None
[2024-03-03T19:44:01.138+0000] {processor.py:183} INFO - Processing /opt/airflow/dags/other_ingestion_postgre/main_dag_sql_empat.py took 0.484 seconds
[2024-03-03T19:44:32.003+0000] {processor.py:161} INFO - Started process (PID=14857) to work on /opt/airflow/dags/other_ingestion_postgre/main_dag_sql_empat.py
[2024-03-03T19:44:32.004+0000] {processor.py:830} INFO - Processing file /opt/airflow/dags/other_ingestion_postgre/main_dag_sql_empat.py for tasks to queue
[2024-03-03T19:44:32.006+0000] {logging_mixin.py:188} INFO - [2024-03-03T19:44:32.005+0000] {dagbag.py:540} INFO - Filling up the DagBag from /opt/airflow/dags/other_ingestion_postgre/main_dag_sql_empat.py
[2024-03-03T19:44:32.277+0000] {processor.py:840} INFO - DAG(s) 'aaexample_3' retrieved from /opt/airflow/dags/other_ingestion_postgre/main_dag_sql_empat.py
[2024-03-03T19:44:32.294+0000] {logging_mixin.py:188} INFO - [2024-03-03T19:44:32.294+0000] {dag.py:3047} INFO - Sync 1 DAGs
[2024-03-03T19:44:32.304+0000] {logging_mixin.py:188} INFO - [2024-03-03T19:44:32.304+0000] {dag.py:3834} INFO - Setting next_dagrun for aaexample_3 to None, run_after=None
[2024-03-03T19:44:32.317+0000] {processor.py:183} INFO - Processing /opt/airflow/dags/other_ingestion_postgre/main_dag_sql_empat.py took 0.316 seconds
[2024-03-03T19:45:02.980+0000] {processor.py:161} INFO - Started process (PID=14874) to work on /opt/airflow/dags/other_ingestion_postgre/main_dag_sql_empat.py
[2024-03-03T19:45:02.988+0000] {processor.py:830} INFO - Processing file /opt/airflow/dags/other_ingestion_postgre/main_dag_sql_empat.py for tasks to queue
[2024-03-03T19:45:02.992+0000] {logging_mixin.py:188} INFO - [2024-03-03T19:45:02.991+0000] {dagbag.py:540} INFO - Filling up the DagBag from /opt/airflow/dags/other_ingestion_postgre/main_dag_sql_empat.py
[2024-03-03T19:45:03.276+0000] {processor.py:840} INFO - DAG(s) 'aaexample_3' retrieved from /opt/airflow/dags/other_ingestion_postgre/main_dag_sql_empat.py
[2024-03-03T19:45:03.284+0000] {logging_mixin.py:188} INFO - [2024-03-03T19:45:03.283+0000] {dag.py:3047} INFO - Sync 1 DAGs
[2024-03-03T19:45:03.293+0000] {logging_mixin.py:188} INFO - [2024-03-03T19:45:03.293+0000] {dag.py:3834} INFO - Setting next_dagrun for aaexample_3 to None, run_after=None
[2024-03-03T19:45:03.307+0000] {processor.py:183} INFO - Processing /opt/airflow/dags/other_ingestion_postgre/main_dag_sql_empat.py took 0.340 seconds
[2024-03-03T19:45:34.010+0000] {processor.py:161} INFO - Started process (PID=14897) to work on /opt/airflow/dags/other_ingestion_postgre/main_dag_sql_empat.py
[2024-03-03T19:45:34.014+0000] {processor.py:830} INFO - Processing file /opt/airflow/dags/other_ingestion_postgre/main_dag_sql_empat.py for tasks to queue
[2024-03-03T19:45:34.017+0000] {logging_mixin.py:188} INFO - [2024-03-03T19:45:34.016+0000] {dagbag.py:540} INFO - Filling up the DagBag from /opt/airflow/dags/other_ingestion_postgre/main_dag_sql_empat.py
[2024-03-03T19:45:34.294+0000] {processor.py:840} INFO - DAG(s) 'aaexample_3' retrieved from /opt/airflow/dags/other_ingestion_postgre/main_dag_sql_empat.py
[2024-03-03T19:45:34.473+0000] {logging_mixin.py:188} INFO - [2024-03-03T19:45:34.473+0000] {dag.py:3047} INFO - Sync 1 DAGs
[2024-03-03T19:45:34.481+0000] {logging_mixin.py:188} INFO - [2024-03-03T19:45:34.481+0000] {dag.py:3834} INFO - Setting next_dagrun for aaexample_3 to None, run_after=None
[2024-03-03T19:45:34.494+0000] {processor.py:183} INFO - Processing /opt/airflow/dags/other_ingestion_postgre/main_dag_sql_empat.py took 0.501 seconds
[2024-03-03T19:46:05.483+0000] {processor.py:161} INFO - Started process (PID=14914) to work on /opt/airflow/dags/other_ingestion_postgre/main_dag_sql_empat.py
[2024-03-03T19:46:05.484+0000] {processor.py:830} INFO - Processing file /opt/airflow/dags/other_ingestion_postgre/main_dag_sql_empat.py for tasks to queue
[2024-03-03T19:46:05.488+0000] {logging_mixin.py:188} INFO - [2024-03-03T19:46:05.487+0000] {dagbag.py:540} INFO - Filling up the DagBag from /opt/airflow/dags/other_ingestion_postgre/main_dag_sql_empat.py
[2024-03-03T19:46:05.752+0000] {processor.py:840} INFO - DAG(s) 'aaexample_3' retrieved from /opt/airflow/dags/other_ingestion_postgre/main_dag_sql_empat.py
[2024-03-03T19:46:05.887+0000] {logging_mixin.py:188} INFO - [2024-03-03T19:46:05.769+0000] {dag.py:3047} INFO - Sync 1 DAGs
[2024-03-03T19:46:05.895+0000] {logging_mixin.py:188} INFO - [2024-03-03T19:46:05.895+0000] {dag.py:3834} INFO - Setting next_dagrun for aaexample_3 to None, run_after=None
[2024-03-03T19:46:05.906+0000] {processor.py:183} INFO - Processing /opt/airflow/dags/other_ingestion_postgre/main_dag_sql_empat.py took 0.428 seconds
[2024-03-03T19:46:36.774+0000] {processor.py:161} INFO - Started process (PID=14931) to work on /opt/airflow/dags/other_ingestion_postgre/main_dag_sql_empat.py
[2024-03-03T19:46:36.775+0000] {processor.py:830} INFO - Processing file /opt/airflow/dags/other_ingestion_postgre/main_dag_sql_empat.py for tasks to queue
[2024-03-03T19:46:36.776+0000] {logging_mixin.py:188} INFO - [2024-03-03T19:46:36.775+0000] {dagbag.py:540} INFO - Filling up the DagBag from /opt/airflow/dags/other_ingestion_postgre/main_dag_sql_empat.py
[2024-03-03T19:46:37.059+0000] {processor.py:840} INFO - DAG(s) 'aaexample_3' retrieved from /opt/airflow/dags/other_ingestion_postgre/main_dag_sql_empat.py
[2024-03-03T19:46:37.066+0000] {logging_mixin.py:188} INFO - [2024-03-03T19:46:37.066+0000] {dag.py:3047} INFO - Sync 1 DAGs
[2024-03-03T19:46:37.076+0000] {logging_mixin.py:188} INFO - [2024-03-03T19:46:37.076+0000] {dag.py:3834} INFO - Setting next_dagrun for aaexample_3 to None, run_after=None
[2024-03-03T19:46:37.088+0000] {processor.py:183} INFO - Processing /opt/airflow/dags/other_ingestion_postgre/main_dag_sql_empat.py took 0.317 seconds
[2024-03-03T19:47:07.795+0000] {processor.py:161} INFO - Started process (PID=14948) to work on /opt/airflow/dags/other_ingestion_postgre/main_dag_sql_empat.py
[2024-03-03T19:47:07.797+0000] {processor.py:830} INFO - Processing file /opt/airflow/dags/other_ingestion_postgre/main_dag_sql_empat.py for tasks to queue
[2024-03-03T19:47:07.800+0000] {logging_mixin.py:188} INFO - [2024-03-03T19:47:07.799+0000] {dagbag.py:540} INFO - Filling up the DagBag from /opt/airflow/dags/other_ingestion_postgre/main_dag_sql_empat.py
[2024-03-03T19:47:08.068+0000] {processor.py:840} INFO - DAG(s) 'aaexample_3' retrieved from /opt/airflow/dags/other_ingestion_postgre/main_dag_sql_empat.py
[2024-03-03T19:47:08.246+0000] {logging_mixin.py:188} INFO - [2024-03-03T19:47:08.245+0000] {dag.py:3047} INFO - Sync 1 DAGs
[2024-03-03T19:47:08.252+0000] {logging_mixin.py:188} INFO - [2024-03-03T19:47:08.252+0000] {dag.py:3834} INFO - Setting next_dagrun for aaexample_3 to None, run_after=None
[2024-03-03T19:47:08.267+0000] {processor.py:183} INFO - Processing /opt/airflow/dags/other_ingestion_postgre/main_dag_sql_empat.py took 0.479 seconds
[2024-03-03T19:47:38.583+0000] {processor.py:161} INFO - Started process (PID=14965) to work on /opt/airflow/dags/other_ingestion_postgre/main_dag_sql_empat.py
[2024-03-03T19:47:38.584+0000] {processor.py:830} INFO - Processing file /opt/airflow/dags/other_ingestion_postgre/main_dag_sql_empat.py for tasks to queue
[2024-03-03T19:47:38.587+0000] {logging_mixin.py:188} INFO - [2024-03-03T19:47:38.586+0000] {dagbag.py:540} INFO - Filling up the DagBag from /opt/airflow/dags/other_ingestion_postgre/main_dag_sql_empat.py
[2024-03-03T19:47:38.855+0000] {processor.py:840} INFO - DAG(s) 'aaexample_3' retrieved from /opt/airflow/dags/other_ingestion_postgre/main_dag_sql_empat.py
[2024-03-03T19:47:38.873+0000] {logging_mixin.py:188} INFO - [2024-03-03T19:47:38.872+0000] {dag.py:3047} INFO - Sync 1 DAGs
[2024-03-03T19:47:38.882+0000] {logging_mixin.py:188} INFO - [2024-03-03T19:47:38.882+0000] {dag.py:3834} INFO - Setting next_dagrun for aaexample_3 to None, run_after=None
[2024-03-03T19:47:39.000+0000] {processor.py:183} INFO - Processing /opt/airflow/dags/other_ingestion_postgre/main_dag_sql_empat.py took 0.425 seconds
[2024-03-03T19:48:09.370+0000] {processor.py:161} INFO - Started process (PID=14982) to work on /opt/airflow/dags/other_ingestion_postgre/main_dag_sql_empat.py
[2024-03-03T19:48:09.371+0000] {processor.py:830} INFO - Processing file /opt/airflow/dags/other_ingestion_postgre/main_dag_sql_empat.py for tasks to queue
[2024-03-03T19:48:09.372+0000] {logging_mixin.py:188} INFO - [2024-03-03T19:48:09.372+0000] {dagbag.py:540} INFO - Filling up the DagBag from /opt/airflow/dags/other_ingestion_postgre/main_dag_sql_empat.py
[2024-03-03T19:48:09.694+0000] {processor.py:840} INFO - DAG(s) 'aaexample_3' retrieved from /opt/airflow/dags/other_ingestion_postgre/main_dag_sql_empat.py
[2024-03-03T19:48:09.702+0000] {logging_mixin.py:188} INFO - [2024-03-03T19:48:09.702+0000] {dag.py:3047} INFO - Sync 1 DAGs
[2024-03-03T19:48:09.818+0000] {logging_mixin.py:188} INFO - [2024-03-03T19:48:09.817+0000] {dag.py:3834} INFO - Setting next_dagrun for aaexample_3 to None, run_after=None
[2024-03-03T19:48:09.830+0000] {processor.py:183} INFO - Processing /opt/airflow/dags/other_ingestion_postgre/main_dag_sql_empat.py took 0.462 seconds
[2024-03-03T19:48:39.892+0000] {processor.py:161} INFO - Started process (PID=14999) to work on /opt/airflow/dags/other_ingestion_postgre/main_dag_sql_empat.py
[2024-03-03T19:48:39.893+0000] {processor.py:830} INFO - Processing file /opt/airflow/dags/other_ingestion_postgre/main_dag_sql_empat.py for tasks to queue
[2024-03-03T19:48:39.894+0000] {logging_mixin.py:188} INFO - [2024-03-03T19:48:39.894+0000] {dagbag.py:540} INFO - Filling up the DagBag from /opt/airflow/dags/other_ingestion_postgre/main_dag_sql_empat.py
[2024-03-03T19:48:40.180+0000] {processor.py:840} INFO - DAG(s) 'aaexample_3' retrieved from /opt/airflow/dags/other_ingestion_postgre/main_dag_sql_empat.py
[2024-03-03T19:48:40.365+0000] {logging_mixin.py:188} INFO - [2024-03-03T19:48:40.365+0000] {dag.py:3047} INFO - Sync 1 DAGs
[2024-03-03T19:48:40.372+0000] {logging_mixin.py:188} INFO - [2024-03-03T19:48:40.372+0000] {dag.py:3834} INFO - Setting next_dagrun for aaexample_3 to None, run_after=None
[2024-03-03T19:48:40.384+0000] {processor.py:183} INFO - Processing /opt/airflow/dags/other_ingestion_postgre/main_dag_sql_empat.py took 0.494 seconds
[2024-03-03T19:49:11.105+0000] {processor.py:161} INFO - Started process (PID=15016) to work on /opt/airflow/dags/other_ingestion_postgre/main_dag_sql_empat.py
[2024-03-03T19:49:11.106+0000] {processor.py:830} INFO - Processing file /opt/airflow/dags/other_ingestion_postgre/main_dag_sql_empat.py for tasks to queue
[2024-03-03T19:49:11.110+0000] {logging_mixin.py:188} INFO - [2024-03-03T19:49:11.109+0000] {dagbag.py:540} INFO - Filling up the DagBag from /opt/airflow/dags/other_ingestion_postgre/main_dag_sql_empat.py
[2024-03-03T19:49:11.391+0000] {processor.py:840} INFO - DAG(s) 'aaexample_3' retrieved from /opt/airflow/dags/other_ingestion_postgre/main_dag_sql_empat.py
[2024-03-03T19:49:11.408+0000] {logging_mixin.py:188} INFO - [2024-03-03T19:49:11.408+0000] {dag.py:3047} INFO - Sync 1 DAGs
[2024-03-03T19:49:11.417+0000] {logging_mixin.py:188} INFO - [2024-03-03T19:49:11.417+0000] {dag.py:3834} INFO - Setting next_dagrun for aaexample_3 to None, run_after=None
[2024-03-03T19:49:11.429+0000] {processor.py:183} INFO - Processing /opt/airflow/dags/other_ingestion_postgre/main_dag_sql_empat.py took 0.330 seconds
[2024-03-03T19:49:42.089+0000] {processor.py:161} INFO - Started process (PID=15033) to work on /opt/airflow/dags/other_ingestion_postgre/main_dag_sql_empat.py
[2024-03-03T19:49:42.093+0000] {processor.py:830} INFO - Processing file /opt/airflow/dags/other_ingestion_postgre/main_dag_sql_empat.py for tasks to queue
[2024-03-03T19:49:42.098+0000] {logging_mixin.py:188} INFO - [2024-03-03T19:49:42.096+0000] {dagbag.py:540} INFO - Filling up the DagBag from /opt/airflow/dags/other_ingestion_postgre/main_dag_sql_empat.py
[2024-03-03T19:49:42.381+0000] {processor.py:840} INFO - DAG(s) 'aaexample_3' retrieved from /opt/airflow/dags/other_ingestion_postgre/main_dag_sql_empat.py
[2024-03-03T19:49:42.389+0000] {logging_mixin.py:188} INFO - [2024-03-03T19:49:42.389+0000] {dag.py:3047} INFO - Sync 1 DAGs
[2024-03-03T19:49:42.399+0000] {logging_mixin.py:188} INFO - [2024-03-03T19:49:42.398+0000] {dag.py:3834} INFO - Setting next_dagrun for aaexample_3 to None, run_after=None
[2024-03-03T19:49:42.410+0000] {processor.py:183} INFO - Processing /opt/airflow/dags/other_ingestion_postgre/main_dag_sql_empat.py took 0.334 seconds
[2024-03-03T19:50:12.675+0000] {processor.py:161} INFO - Started process (PID=15050) to work on /opt/airflow/dags/other_ingestion_postgre/main_dag_sql_empat.py
[2024-03-03T19:50:12.675+0000] {processor.py:830} INFO - Processing file /opt/airflow/dags/other_ingestion_postgre/main_dag_sql_empat.py for tasks to queue
[2024-03-03T19:50:12.677+0000] {logging_mixin.py:188} INFO - [2024-03-03T19:50:12.676+0000] {dagbag.py:540} INFO - Filling up the DagBag from /opt/airflow/dags/other_ingestion_postgre/main_dag_sql_empat.py
[2024-03-03T19:50:12.957+0000] {processor.py:840} INFO - DAG(s) 'aaexample_3' retrieved from /opt/airflow/dags/other_ingestion_postgre/main_dag_sql_empat.py
[2024-03-03T19:50:13.141+0000] {logging_mixin.py:188} INFO - [2024-03-03T19:50:13.141+0000] {dag.py:3047} INFO - Sync 1 DAGs
[2024-03-03T19:50:13.148+0000] {logging_mixin.py:188} INFO - [2024-03-03T19:50:13.148+0000] {dag.py:3834} INFO - Setting next_dagrun for aaexample_3 to None, run_after=None
[2024-03-03T19:50:13.161+0000] {processor.py:183} INFO - Processing /opt/airflow/dags/other_ingestion_postgre/main_dag_sql_empat.py took 0.489 seconds
[2024-03-03T19:50:44.146+0000] {processor.py:161} INFO - Started process (PID=15067) to work on /opt/airflow/dags/other_ingestion_postgre/main_dag_sql_empat.py
[2024-03-03T19:50:44.147+0000] {processor.py:830} INFO - Processing file /opt/airflow/dags/other_ingestion_postgre/main_dag_sql_empat.py for tasks to queue
[2024-03-03T19:50:44.149+0000] {logging_mixin.py:188} INFO - [2024-03-03T19:50:44.148+0000] {dagbag.py:540} INFO - Filling up the DagBag from /opt/airflow/dags/other_ingestion_postgre/main_dag_sql_empat.py
[2024-03-03T19:50:44.536+0000] {processor.py:840} INFO - DAG(s) 'aaexample_3' retrieved from /opt/airflow/dags/other_ingestion_postgre/main_dag_sql_empat.py
[2024-03-03T19:50:44.551+0000] {logging_mixin.py:188} INFO - [2024-03-03T19:50:44.550+0000] {dag.py:3047} INFO - Sync 1 DAGs
[2024-03-03T19:50:44.559+0000] {logging_mixin.py:188} INFO - [2024-03-03T19:50:44.559+0000] {dag.py:3834} INFO - Setting next_dagrun for aaexample_3 to None, run_after=None
[2024-03-03T19:50:44.570+0000] {processor.py:183} INFO - Processing /opt/airflow/dags/other_ingestion_postgre/main_dag_sql_empat.py took 0.427 seconds
[2024-03-03T19:51:14.654+0000] {processor.py:161} INFO - Started process (PID=15084) to work on /opt/airflow/dags/other_ingestion_postgre/main_dag_sql_empat.py
[2024-03-03T19:51:14.656+0000] {processor.py:830} INFO - Processing file /opt/airflow/dags/other_ingestion_postgre/main_dag_sql_empat.py for tasks to queue
[2024-03-03T19:51:14.659+0000] {logging_mixin.py:188} INFO - [2024-03-03T19:51:14.659+0000] {dagbag.py:540} INFO - Filling up the DagBag from /opt/airflow/dags/other_ingestion_postgre/main_dag_sql_empat.py
[2024-03-03T19:51:14.930+0000] {processor.py:840} INFO - DAG(s) 'aaexample_3' retrieved from /opt/airflow/dags/other_ingestion_postgre/main_dag_sql_empat.py
[2024-03-03T19:51:14.939+0000] {logging_mixin.py:188} INFO - [2024-03-03T19:51:14.938+0000] {dag.py:3047} INFO - Sync 1 DAGs
[2024-03-03T19:51:14.949+0000] {logging_mixin.py:188} INFO - [2024-03-03T19:51:14.949+0000] {dag.py:3834} INFO - Setting next_dagrun for aaexample_3 to None, run_after=None
[2024-03-03T19:51:14.962+0000] {processor.py:183} INFO - Processing /opt/airflow/dags/other_ingestion_postgre/main_dag_sql_empat.py took 0.314 seconds
[2024-03-03T19:51:45.461+0000] {processor.py:161} INFO - Started process (PID=15101) to work on /opt/airflow/dags/other_ingestion_postgre/main_dag_sql_empat.py
[2024-03-03T19:51:45.462+0000] {processor.py:830} INFO - Processing file /opt/airflow/dags/other_ingestion_postgre/main_dag_sql_empat.py for tasks to queue
[2024-03-03T19:51:45.464+0000] {logging_mixin.py:188} INFO - [2024-03-03T19:51:45.463+0000] {dagbag.py:540} INFO - Filling up the DagBag from /opt/airflow/dags/other_ingestion_postgre/main_dag_sql_empat.py
[2024-03-03T19:51:45.745+0000] {processor.py:840} INFO - DAG(s) 'aaexample_3' retrieved from /opt/airflow/dags/other_ingestion_postgre/main_dag_sql_empat.py
[2024-03-03T19:51:45.930+0000] {logging_mixin.py:188} INFO - [2024-03-03T19:51:45.929+0000] {dag.py:3047} INFO - Sync 1 DAGs
[2024-03-03T19:51:45.938+0000] {logging_mixin.py:188} INFO - [2024-03-03T19:51:45.938+0000] {dag.py:3834} INFO - Setting next_dagrun for aaexample_3 to None, run_after=None
[2024-03-03T19:51:45.950+0000] {processor.py:183} INFO - Processing /opt/airflow/dags/other_ingestion_postgre/main_dag_sql_empat.py took 0.492 seconds
[2024-03-03T19:52:16.945+0000] {processor.py:161} INFO - Started process (PID=15118) to work on /opt/airflow/dags/other_ingestion_postgre/main_dag_sql_empat.py
[2024-03-03T19:52:16.947+0000] {processor.py:830} INFO - Processing file /opt/airflow/dags/other_ingestion_postgre/main_dag_sql_empat.py for tasks to queue
[2024-03-03T19:52:16.949+0000] {logging_mixin.py:188} INFO - [2024-03-03T19:52:16.949+0000] {dagbag.py:540} INFO - Filling up the DagBag from /opt/airflow/dags/other_ingestion_postgre/main_dag_sql_empat.py
[2024-03-03T19:52:17.218+0000] {processor.py:840} INFO - DAG(s) 'aaexample_3' retrieved from /opt/airflow/dags/other_ingestion_postgre/main_dag_sql_empat.py
[2024-03-03T19:52:17.342+0000] {logging_mixin.py:188} INFO - [2024-03-03T19:52:17.341+0000] {dag.py:3047} INFO - Sync 1 DAGs
[2024-03-03T19:52:17.349+0000] {logging_mixin.py:188} INFO - [2024-03-03T19:52:17.349+0000] {dag.py:3834} INFO - Setting next_dagrun for aaexample_3 to None, run_after=None
[2024-03-03T19:52:17.360+0000] {processor.py:183} INFO - Processing /opt/airflow/dags/other_ingestion_postgre/main_dag_sql_empat.py took 0.420 seconds
[2024-03-03T19:52:47.414+0000] {processor.py:161} INFO - Started process (PID=15135) to work on /opt/airflow/dags/other_ingestion_postgre/main_dag_sql_empat.py
[2024-03-03T19:52:47.416+0000] {processor.py:830} INFO - Processing file /opt/airflow/dags/other_ingestion_postgre/main_dag_sql_empat.py for tasks to queue
[2024-03-03T19:52:47.419+0000] {logging_mixin.py:188} INFO - [2024-03-03T19:52:47.418+0000] {dagbag.py:540} INFO - Filling up the DagBag from /opt/airflow/dags/other_ingestion_postgre/main_dag_sql_empat.py
[2024-03-03T19:52:47.795+0000] {processor.py:840} INFO - DAG(s) 'aaexample_3' retrieved from /opt/airflow/dags/other_ingestion_postgre/main_dag_sql_empat.py
[2024-03-03T19:52:47.802+0000] {logging_mixin.py:188} INFO - [2024-03-03T19:52:47.802+0000] {dag.py:3047} INFO - Sync 1 DAGs
[2024-03-03T19:52:47.810+0000] {logging_mixin.py:188} INFO - [2024-03-03T19:52:47.810+0000] {dag.py:3834} INFO - Setting next_dagrun for aaexample_3 to None, run_after=None
[2024-03-03T19:52:47.822+0000] {processor.py:183} INFO - Processing /opt/airflow/dags/other_ingestion_postgre/main_dag_sql_empat.py took 0.416 seconds
[2024-03-03T19:53:18.740+0000] {processor.py:161} INFO - Started process (PID=15152) to work on /opt/airflow/dags/other_ingestion_postgre/main_dag_sql_empat.py
[2024-03-03T19:53:18.742+0000] {processor.py:830} INFO - Processing file /opt/airflow/dags/other_ingestion_postgre/main_dag_sql_empat.py for tasks to queue
[2024-03-03T19:53:18.746+0000] {logging_mixin.py:188} INFO - [2024-03-03T19:53:18.745+0000] {dagbag.py:540} INFO - Filling up the DagBag from /opt/airflow/dags/other_ingestion_postgre/main_dag_sql_empat.py
[2024-03-03T19:53:19.034+0000] {processor.py:840} INFO - DAG(s) 'aaexample_3' retrieved from /opt/airflow/dags/other_ingestion_postgre/main_dag_sql_empat.py
[2024-03-03T19:53:19.254+0000] {logging_mixin.py:188} INFO - [2024-03-03T19:53:19.254+0000] {dag.py:3047} INFO - Sync 1 DAGs
[2024-03-03T19:53:19.265+0000] {logging_mixin.py:188} INFO - [2024-03-03T19:53:19.264+0000] {dag.py:3834} INFO - Setting next_dagrun for aaexample_3 to None, run_after=None
[2024-03-03T19:53:19.285+0000] {processor.py:183} INFO - Processing /opt/airflow/dags/other_ingestion_postgre/main_dag_sql_empat.py took 0.551 seconds
[2024-03-03T19:53:49.876+0000] {processor.py:161} INFO - Started process (PID=15169) to work on /opt/airflow/dags/other_ingestion_postgre/main_dag_sql_empat.py
[2024-03-03T19:53:49.878+0000] {processor.py:830} INFO - Processing file /opt/airflow/dags/other_ingestion_postgre/main_dag_sql_empat.py for tasks to queue
[2024-03-03T19:53:49.880+0000] {logging_mixin.py:188} INFO - [2024-03-03T19:53:49.880+0000] {dagbag.py:540} INFO - Filling up the DagBag from /opt/airflow/dags/other_ingestion_postgre/main_dag_sql_empat.py
[2024-03-03T19:53:50.158+0000] {processor.py:840} INFO - DAG(s) 'aaexample_3' retrieved from /opt/airflow/dags/other_ingestion_postgre/main_dag_sql_empat.py
[2024-03-03T19:53:50.180+0000] {logging_mixin.py:188} INFO - [2024-03-03T19:53:50.180+0000] {dag.py:3047} INFO - Sync 1 DAGs
[2024-03-03T19:53:50.314+0000] {logging_mixin.py:188} INFO - [2024-03-03T19:53:50.313+0000] {dag.py:3834} INFO - Setting next_dagrun for aaexample_3 to None, run_after=None
[2024-03-03T19:53:50.327+0000] {processor.py:183} INFO - Processing /opt/airflow/dags/other_ingestion_postgre/main_dag_sql_empat.py took 0.455 seconds
[2024-03-03T19:54:21.091+0000] {processor.py:161} INFO - Started process (PID=15186) to work on /opt/airflow/dags/other_ingestion_postgre/main_dag_sql_empat.py
[2024-03-03T19:54:21.092+0000] {processor.py:830} INFO - Processing file /opt/airflow/dags/other_ingestion_postgre/main_dag_sql_empat.py for tasks to queue
[2024-03-03T19:54:21.094+0000] {logging_mixin.py:188} INFO - [2024-03-03T19:54:21.094+0000] {dagbag.py:540} INFO - Filling up the DagBag from /opt/airflow/dags/other_ingestion_postgre/main_dag_sql_empat.py
[2024-03-03T19:54:21.386+0000] {processor.py:840} INFO - DAG(s) 'aaexample_3' retrieved from /opt/airflow/dags/other_ingestion_postgre/main_dag_sql_empat.py
[2024-03-03T19:54:21.397+0000] {logging_mixin.py:188} INFO - [2024-03-03T19:54:21.397+0000] {dag.py:3047} INFO - Sync 1 DAGs
[2024-03-03T19:54:21.527+0000] {logging_mixin.py:188} INFO - [2024-03-03T19:54:21.527+0000] {dag.py:3834} INFO - Setting next_dagrun for aaexample_3 to None, run_after=None
[2024-03-03T19:54:21.541+0000] {processor.py:183} INFO - Processing /opt/airflow/dags/other_ingestion_postgre/main_dag_sql_empat.py took 0.456 seconds
[2024-03-03T19:54:52.291+0000] {processor.py:161} INFO - Started process (PID=15203) to work on /opt/airflow/dags/other_ingestion_postgre/main_dag_sql_empat.py
[2024-03-03T19:54:52.293+0000] {processor.py:830} INFO - Processing file /opt/airflow/dags/other_ingestion_postgre/main_dag_sql_empat.py for tasks to queue
[2024-03-03T19:54:52.296+0000] {logging_mixin.py:188} INFO - [2024-03-03T19:54:52.295+0000] {dagbag.py:540} INFO - Filling up the DagBag from /opt/airflow/dags/other_ingestion_postgre/main_dag_sql_empat.py
[2024-03-03T19:54:52.706+0000] {processor.py:840} INFO - DAG(s) 'aaexample_3' retrieved from /opt/airflow/dags/other_ingestion_postgre/main_dag_sql_empat.py
[2024-03-03T19:54:52.783+0000] {logging_mixin.py:188} INFO - [2024-03-03T19:54:52.783+0000] {dag.py:3047} INFO - Sync 1 DAGs
[2024-03-03T19:54:52.791+0000] {logging_mixin.py:188} INFO - [2024-03-03T19:54:52.791+0000] {dag.py:3834} INFO - Setting next_dagrun for aaexample_3 to None, run_after=None
[2024-03-03T19:54:52.806+0000] {processor.py:183} INFO - Processing /opt/airflow/dags/other_ingestion_postgre/main_dag_sql_empat.py took 0.523 seconds
[2024-03-03T19:55:23.404+0000] {processor.py:161} INFO - Started process (PID=15220) to work on /opt/airflow/dags/other_ingestion_postgre/main_dag_sql_empat.py
[2024-03-03T19:55:23.405+0000] {processor.py:830} INFO - Processing file /opt/airflow/dags/other_ingestion_postgre/main_dag_sql_empat.py for tasks to queue
[2024-03-03T19:55:23.408+0000] {logging_mixin.py:188} INFO - [2024-03-03T19:55:23.407+0000] {dagbag.py:540} INFO - Filling up the DagBag from /opt/airflow/dags/other_ingestion_postgre/main_dag_sql_empat.py
[2024-03-03T19:55:23.694+0000] {processor.py:840} INFO - DAG(s) 'aaexample_3' retrieved from /opt/airflow/dags/other_ingestion_postgre/main_dag_sql_empat.py
[2024-03-03T19:55:23.716+0000] {logging_mixin.py:188} INFO - [2024-03-03T19:55:23.716+0000] {dag.py:3047} INFO - Sync 1 DAGs
[2024-03-03T19:55:23.727+0000] {logging_mixin.py:188} INFO - [2024-03-03T19:55:23.727+0000] {dag.py:3834} INFO - Setting next_dagrun for aaexample_3 to None, run_after=None
[2024-03-03T19:55:23.740+0000] {processor.py:183} INFO - Processing /opt/airflow/dags/other_ingestion_postgre/main_dag_sql_empat.py took 0.344 seconds
[2024-03-03T19:55:54.451+0000] {processor.py:161} INFO - Started process (PID=15237) to work on /opt/airflow/dags/other_ingestion_postgre/main_dag_sql_empat.py
[2024-03-03T19:55:54.452+0000] {processor.py:830} INFO - Processing file /opt/airflow/dags/other_ingestion_postgre/main_dag_sql_empat.py for tasks to queue
[2024-03-03T19:55:54.455+0000] {logging_mixin.py:188} INFO - [2024-03-03T19:55:54.454+0000] {dagbag.py:540} INFO - Filling up the DagBag from /opt/airflow/dags/other_ingestion_postgre/main_dag_sql_empat.py
[2024-03-03T19:55:54.767+0000] {processor.py:840} INFO - DAG(s) 'aaexample_3' retrieved from /opt/airflow/dags/other_ingestion_postgre/main_dag_sql_empat.py
[2024-03-03T19:55:54.779+0000] {logging_mixin.py:188} INFO - [2024-03-03T19:55:54.779+0000] {dag.py:3047} INFO - Sync 1 DAGs
[2024-03-03T19:55:54.790+0000] {logging_mixin.py:188} INFO - [2024-03-03T19:55:54.790+0000] {dag.py:3834} INFO - Setting next_dagrun for aaexample_3 to None, run_after=None
[2024-03-03T19:55:54.808+0000] {processor.py:183} INFO - Processing /opt/airflow/dags/other_ingestion_postgre/main_dag_sql_empat.py took 0.362 seconds
[2024-03-03T19:56:25.569+0000] {processor.py:161} INFO - Started process (PID=15254) to work on /opt/airflow/dags/other_ingestion_postgre/main_dag_sql_empat.py
[2024-03-03T19:56:25.571+0000] {processor.py:830} INFO - Processing file /opt/airflow/dags/other_ingestion_postgre/main_dag_sql_empat.py for tasks to queue
[2024-03-03T19:56:25.573+0000] {logging_mixin.py:188} INFO - [2024-03-03T19:56:25.572+0000] {dagbag.py:540} INFO - Filling up the DagBag from /opt/airflow/dags/other_ingestion_postgre/main_dag_sql_empat.py
[2024-03-03T19:56:25.858+0000] {processor.py:840} INFO - DAG(s) 'aaexample_3' retrieved from /opt/airflow/dags/other_ingestion_postgre/main_dag_sql_empat.py
[2024-03-03T19:56:26.057+0000] {logging_mixin.py:188} INFO - [2024-03-03T19:56:26.057+0000] {dag.py:3047} INFO - Sync 1 DAGs
[2024-03-03T19:56:26.065+0000] {logging_mixin.py:188} INFO - [2024-03-03T19:56:26.065+0000] {dag.py:3834} INFO - Setting next_dagrun for aaexample_3 to None, run_after=None
[2024-03-03T19:56:26.081+0000] {processor.py:183} INFO - Processing /opt/airflow/dags/other_ingestion_postgre/main_dag_sql_empat.py took 0.519 seconds
[2024-03-03T19:56:56.728+0000] {processor.py:161} INFO - Started process (PID=15271) to work on /opt/airflow/dags/other_ingestion_postgre/main_dag_sql_empat.py
[2024-03-03T19:56:56.730+0000] {processor.py:830} INFO - Processing file /opt/airflow/dags/other_ingestion_postgre/main_dag_sql_empat.py for tasks to queue
[2024-03-03T19:56:56.732+0000] {logging_mixin.py:188} INFO - [2024-03-03T19:56:56.732+0000] {dagbag.py:540} INFO - Filling up the DagBag from /opt/airflow/dags/other_ingestion_postgre/main_dag_sql_empat.py
[2024-03-03T19:56:57.150+0000] {processor.py:840} INFO - DAG(s) 'aaexample_3' retrieved from /opt/airflow/dags/other_ingestion_postgre/main_dag_sql_empat.py
[2024-03-03T19:56:57.166+0000] {logging_mixin.py:188} INFO - [2024-03-03T19:56:57.166+0000] {dag.py:3047} INFO - Sync 1 DAGs
[2024-03-03T19:56:57.174+0000] {logging_mixin.py:188} INFO - [2024-03-03T19:56:57.174+0000] {dag.py:3834} INFO - Setting next_dagrun for aaexample_3 to None, run_after=None
[2024-03-03T19:56:57.188+0000] {processor.py:183} INFO - Processing /opt/airflow/dags/other_ingestion_postgre/main_dag_sql_empat.py took 0.467 seconds
[2024-03-03T19:57:27.830+0000] {processor.py:161} INFO - Started process (PID=15288) to work on /opt/airflow/dags/other_ingestion_postgre/main_dag_sql_empat.py
[2024-03-03T19:57:27.831+0000] {processor.py:830} INFO - Processing file /opt/airflow/dags/other_ingestion_postgre/main_dag_sql_empat.py for tasks to queue
[2024-03-03T19:57:27.834+0000] {logging_mixin.py:188} INFO - [2024-03-03T19:57:27.834+0000] {dagbag.py:540} INFO - Filling up the DagBag from /opt/airflow/dags/other_ingestion_postgre/main_dag_sql_empat.py
[2024-03-03T19:57:28.124+0000] {processor.py:840} INFO - DAG(s) 'aaexample_3' retrieved from /opt/airflow/dags/other_ingestion_postgre/main_dag_sql_empat.py
[2024-03-03T19:57:28.133+0000] {logging_mixin.py:188} INFO - [2024-03-03T19:57:28.133+0000] {dag.py:3047} INFO - Sync 1 DAGs
[2024-03-03T19:57:28.143+0000] {logging_mixin.py:188} INFO - [2024-03-03T19:57:28.143+0000] {dag.py:3834} INFO - Setting next_dagrun for aaexample_3 to None, run_after=None
[2024-03-03T19:57:28.156+0000] {processor.py:183} INFO - Processing /opt/airflow/dags/other_ingestion_postgre/main_dag_sql_empat.py took 0.333 seconds
[2024-03-03T19:57:58.576+0000] {processor.py:161} INFO - Started process (PID=15305) to work on /opt/airflow/dags/other_ingestion_postgre/main_dag_sql_empat.py
[2024-03-03T19:57:58.578+0000] {processor.py:830} INFO - Processing file /opt/airflow/dags/other_ingestion_postgre/main_dag_sql_empat.py for tasks to queue
[2024-03-03T19:57:58.580+0000] {logging_mixin.py:188} INFO - [2024-03-03T19:57:58.579+0000] {dagbag.py:540} INFO - Filling up the DagBag from /opt/airflow/dags/other_ingestion_postgre/main_dag_sql_empat.py
[2024-03-03T19:57:58.860+0000] {processor.py:840} INFO - DAG(s) 'aaexample_3' retrieved from /opt/airflow/dags/other_ingestion_postgre/main_dag_sql_empat.py
[2024-03-03T19:57:59.062+0000] {logging_mixin.py:188} INFO - [2024-03-03T19:57:59.062+0000] {dag.py:3047} INFO - Sync 1 DAGs
[2024-03-03T19:57:59.071+0000] {logging_mixin.py:188} INFO - [2024-03-03T19:57:59.071+0000] {dag.py:3834} INFO - Setting next_dagrun for aaexample_3 to None, run_after=None
[2024-03-03T19:57:59.088+0000] {processor.py:183} INFO - Processing /opt/airflow/dags/other_ingestion_postgre/main_dag_sql_empat.py took 0.519 seconds
[2024-03-03T19:58:29.831+0000] {processor.py:161} INFO - Started process (PID=15322) to work on /opt/airflow/dags/other_ingestion_postgre/main_dag_sql_empat.py
[2024-03-03T19:58:29.832+0000] {processor.py:830} INFO - Processing file /opt/airflow/dags/other_ingestion_postgre/main_dag_sql_empat.py for tasks to queue
[2024-03-03T19:58:29.834+0000] {logging_mixin.py:188} INFO - [2024-03-03T19:58:29.833+0000] {dagbag.py:540} INFO - Filling up the DagBag from /opt/airflow/dags/other_ingestion_postgre/main_dag_sql_empat.py
[2024-03-03T19:58:30.119+0000] {processor.py:840} INFO - DAG(s) 'aaexample_3' retrieved from /opt/airflow/dags/other_ingestion_postgre/main_dag_sql_empat.py
[2024-03-03T19:58:30.255+0000] {logging_mixin.py:188} INFO - [2024-03-03T19:58:30.255+0000] {dag.py:3047} INFO - Sync 1 DAGs
[2024-03-03T19:58:30.264+0000] {logging_mixin.py:188} INFO - [2024-03-03T19:58:30.264+0000] {dag.py:3834} INFO - Setting next_dagrun for aaexample_3 to None, run_after=None
[2024-03-03T19:58:30.278+0000] {processor.py:183} INFO - Processing /opt/airflow/dags/other_ingestion_postgre/main_dag_sql_empat.py took 0.451 seconds
[2024-03-03T19:59:00.862+0000] {processor.py:161} INFO - Started process (PID=15339) to work on /opt/airflow/dags/other_ingestion_postgre/main_dag_sql_empat.py
[2024-03-03T19:59:00.864+0000] {processor.py:830} INFO - Processing file /opt/airflow/dags/other_ingestion_postgre/main_dag_sql_empat.py for tasks to queue
[2024-03-03T19:59:00.866+0000] {logging_mixin.py:188} INFO - [2024-03-03T19:59:00.865+0000] {dagbag.py:540} INFO - Filling up the DagBag from /opt/airflow/dags/other_ingestion_postgre/main_dag_sql_empat.py
[2024-03-03T19:59:01.307+0000] {processor.py:840} INFO - DAG(s) 'aaexample_3' retrieved from /opt/airflow/dags/other_ingestion_postgre/main_dag_sql_empat.py
[2024-03-03T19:59:01.316+0000] {logging_mixin.py:188} INFO - [2024-03-03T19:59:01.315+0000] {dag.py:3047} INFO - Sync 1 DAGs
[2024-03-03T19:59:01.325+0000] {logging_mixin.py:188} INFO - [2024-03-03T19:59:01.325+0000] {dag.py:3834} INFO - Setting next_dagrun for aaexample_3 to None, run_after=None
[2024-03-03T19:59:01.340+0000] {processor.py:183} INFO - Processing /opt/airflow/dags/other_ingestion_postgre/main_dag_sql_empat.py took 0.482 seconds
[2024-03-03T19:59:31.923+0000] {processor.py:161} INFO - Started process (PID=15356) to work on /opt/airflow/dags/other_ingestion_postgre/main_dag_sql_empat.py
[2024-03-03T19:59:31.925+0000] {processor.py:830} INFO - Processing file /opt/airflow/dags/other_ingestion_postgre/main_dag_sql_empat.py for tasks to queue
[2024-03-03T19:59:31.926+0000] {logging_mixin.py:188} INFO - [2024-03-03T19:59:31.926+0000] {dagbag.py:540} INFO - Filling up the DagBag from /opt/airflow/dags/other_ingestion_postgre/main_dag_sql_empat.py
[2024-03-03T19:59:32.375+0000] {processor.py:840} INFO - DAG(s) 'aaexample_3' retrieved from /opt/airflow/dags/other_ingestion_postgre/main_dag_sql_empat.py
[2024-03-03T19:59:32.462+0000] {logging_mixin.py:188} INFO - [2024-03-03T19:59:32.461+0000] {dag.py:3047} INFO - Sync 1 DAGs
[2024-03-03T19:59:32.472+0000] {logging_mixin.py:188} INFO - [2024-03-03T19:59:32.471+0000] {dag.py:3834} INFO - Setting next_dagrun for aaexample_3 to None, run_after=None
[2024-03-03T19:59:32.497+0000] {processor.py:183} INFO - Processing /opt/airflow/dags/other_ingestion_postgre/main_dag_sql_empat.py took 0.577 seconds
[2024-03-03T20:00:03.095+0000] {processor.py:161} INFO - Started process (PID=15373) to work on /opt/airflow/dags/other_ingestion_postgre/main_dag_sql_empat.py
[2024-03-03T20:00:03.096+0000] {processor.py:830} INFO - Processing file /opt/airflow/dags/other_ingestion_postgre/main_dag_sql_empat.py for tasks to queue
[2024-03-03T20:00:03.098+0000] {logging_mixin.py:188} INFO - [2024-03-03T20:00:03.097+0000] {dagbag.py:540} INFO - Filling up the DagBag from /opt/airflow/dags/other_ingestion_postgre/main_dag_sql_empat.py
[2024-03-03T20:00:03.407+0000] {processor.py:840} INFO - DAG(s) 'aaexample_3' retrieved from /opt/airflow/dags/other_ingestion_postgre/main_dag_sql_empat.py
[2024-03-03T20:00:03.429+0000] {logging_mixin.py:188} INFO - [2024-03-03T20:00:03.427+0000] {dag.py:3047} INFO - Sync 1 DAGs
[2024-03-03T20:00:03.565+0000] {logging_mixin.py:188} INFO - [2024-03-03T20:00:03.565+0000] {dag.py:3834} INFO - Setting next_dagrun for aaexample_3 to None, run_after=None
[2024-03-03T20:00:03.582+0000] {processor.py:183} INFO - Processing /opt/airflow/dags/other_ingestion_postgre/main_dag_sql_empat.py took 0.490 seconds
[2024-03-03T20:00:34.368+0000] {processor.py:161} INFO - Started process (PID=15390) to work on /opt/airflow/dags/other_ingestion_postgre/main_dag_sql_empat.py
[2024-03-03T20:00:34.370+0000] {processor.py:830} INFO - Processing file /opt/airflow/dags/other_ingestion_postgre/main_dag_sql_empat.py for tasks to queue
[2024-03-03T20:00:34.372+0000] {logging_mixin.py:188} INFO - [2024-03-03T20:00:34.372+0000] {dagbag.py:540} INFO - Filling up the DagBag from /opt/airflow/dags/other_ingestion_postgre/main_dag_sql_empat.py
[2024-03-03T20:00:34.726+0000] {processor.py:840} INFO - DAG(s) 'aaexample_3' retrieved from /opt/airflow/dags/other_ingestion_postgre/main_dag_sql_empat.py
[2024-03-03T20:00:34.738+0000] {logging_mixin.py:188} INFO - [2024-03-03T20:00:34.737+0000] {dag.py:3047} INFO - Sync 1 DAGs
[2024-03-03T20:00:34.923+0000] {logging_mixin.py:188} INFO - [2024-03-03T20:00:34.922+0000] {dag.py:3834} INFO - Setting next_dagrun for aaexample_3 to None, run_after=None
[2024-03-03T20:00:34.945+0000] {processor.py:183} INFO - Processing /opt/airflow/dags/other_ingestion_postgre/main_dag_sql_empat.py took 0.580 seconds
[2024-03-03T20:01:05.664+0000] {processor.py:161} INFO - Started process (PID=15413) to work on /opt/airflow/dags/other_ingestion_postgre/main_dag_sql_empat.py
[2024-03-03T20:01:05.666+0000] {processor.py:830} INFO - Processing file /opt/airflow/dags/other_ingestion_postgre/main_dag_sql_empat.py for tasks to queue
[2024-03-03T20:01:05.668+0000] {logging_mixin.py:188} INFO - [2024-03-03T20:01:05.667+0000] {dagbag.py:540} INFO - Filling up the DagBag from /opt/airflow/dags/other_ingestion_postgre/main_dag_sql_empat.py
[2024-03-03T20:01:06.098+0000] {processor.py:840} INFO - DAG(s) 'aaexample_3' retrieved from /opt/airflow/dags/other_ingestion_postgre/main_dag_sql_empat.py
[2024-03-03T20:01:06.179+0000] {logging_mixin.py:188} INFO - [2024-03-03T20:01:06.178+0000] {dag.py:3047} INFO - Sync 1 DAGs
[2024-03-03T20:01:06.187+0000] {logging_mixin.py:188} INFO - [2024-03-03T20:01:06.186+0000] {dag.py:3834} INFO - Setting next_dagrun for aaexample_3 to None, run_after=None
[2024-03-03T20:01:06.203+0000] {processor.py:183} INFO - Processing /opt/airflow/dags/other_ingestion_postgre/main_dag_sql_empat.py took 0.542 seconds
[2024-03-03T20:01:36.836+0000] {processor.py:161} INFO - Started process (PID=15430) to work on /opt/airflow/dags/other_ingestion_postgre/main_dag_sql_empat.py
[2024-03-03T20:01:36.837+0000] {processor.py:830} INFO - Processing file /opt/airflow/dags/other_ingestion_postgre/main_dag_sql_empat.py for tasks to queue
[2024-03-03T20:01:36.838+0000] {logging_mixin.py:188} INFO - [2024-03-03T20:01:36.838+0000] {dagbag.py:540} INFO - Filling up the DagBag from /opt/airflow/dags/other_ingestion_postgre/main_dag_sql_empat.py
[2024-03-03T20:01:37.249+0000] {processor.py:840} INFO - DAG(s) 'aaexample_3' retrieved from /opt/airflow/dags/other_ingestion_postgre/main_dag_sql_empat.py
[2024-03-03T20:01:37.268+0000] {logging_mixin.py:188} INFO - [2024-03-03T20:01:37.267+0000] {dag.py:3047} INFO - Sync 1 DAGs
[2024-03-03T20:01:37.277+0000] {logging_mixin.py:188} INFO - [2024-03-03T20:01:37.277+0000] {dag.py:3834} INFO - Setting next_dagrun for aaexample_3 to None, run_after=None
[2024-03-03T20:01:37.291+0000] {processor.py:183} INFO - Processing /opt/airflow/dags/other_ingestion_postgre/main_dag_sql_empat.py took 0.460 seconds
[2024-03-03T20:02:08.026+0000] {processor.py:161} INFO - Started process (PID=15447) to work on /opt/airflow/dags/other_ingestion_postgre/main_dag_sql_empat.py
[2024-03-03T20:02:08.028+0000] {processor.py:830} INFO - Processing file /opt/airflow/dags/other_ingestion_postgre/main_dag_sql_empat.py for tasks to queue
[2024-03-03T20:02:08.029+0000] {logging_mixin.py:188} INFO - [2024-03-03T20:02:08.028+0000] {dagbag.py:540} INFO - Filling up the DagBag from /opt/airflow/dags/other_ingestion_postgre/main_dag_sql_empat.py
[2024-03-03T20:02:08.348+0000] {processor.py:840} INFO - DAG(s) 'aaexample_3' retrieved from /opt/airflow/dags/other_ingestion_postgre/main_dag_sql_empat.py
[2024-03-03T20:02:08.358+0000] {logging_mixin.py:188} INFO - [2024-03-03T20:02:08.358+0000] {dag.py:3047} INFO - Sync 1 DAGs
[2024-03-03T20:02:08.370+0000] {logging_mixin.py:188} INFO - [2024-03-03T20:02:08.370+0000] {dag.py:3834} INFO - Setting next_dagrun for aaexample_3 to None, run_after=None
[2024-03-03T20:02:08.527+0000] {processor.py:183} INFO - Processing /opt/airflow/dags/other_ingestion_postgre/main_dag_sql_empat.py took 0.504 seconds
[2024-03-03T20:02:39.283+0000] {processor.py:161} INFO - Started process (PID=15464) to work on /opt/airflow/dags/other_ingestion_postgre/main_dag_sql_empat.py
[2024-03-03T20:02:39.285+0000] {processor.py:830} INFO - Processing file /opt/airflow/dags/other_ingestion_postgre/main_dag_sql_empat.py for tasks to queue
[2024-03-03T20:02:39.287+0000] {logging_mixin.py:188} INFO - [2024-03-03T20:02:39.286+0000] {dagbag.py:540} INFO - Filling up the DagBag from /opt/airflow/dags/other_ingestion_postgre/main_dag_sql_empat.py
[2024-03-03T20:02:39.580+0000] {processor.py:840} INFO - DAG(s) 'aaexample_3' retrieved from /opt/airflow/dags/other_ingestion_postgre/main_dag_sql_empat.py
[2024-03-03T20:02:39.780+0000] {logging_mixin.py:188} INFO - [2024-03-03T20:02:39.779+0000] {dag.py:3047} INFO - Sync 1 DAGs
[2024-03-03T20:02:39.787+0000] {logging_mixin.py:188} INFO - [2024-03-03T20:02:39.787+0000] {dag.py:3834} INFO - Setting next_dagrun for aaexample_3 to None, run_after=None
[2024-03-03T20:02:39.803+0000] {processor.py:183} INFO - Processing /opt/airflow/dags/other_ingestion_postgre/main_dag_sql_empat.py took 0.526 seconds
[2024-03-03T20:03:10.073+0000] {processor.py:161} INFO - Started process (PID=15481) to work on /opt/airflow/dags/other_ingestion_postgre/main_dag_sql_empat.py
[2024-03-03T20:03:10.075+0000] {processor.py:830} INFO - Processing file /opt/airflow/dags/other_ingestion_postgre/main_dag_sql_empat.py for tasks to queue
[2024-03-03T20:03:10.076+0000] {logging_mixin.py:188} INFO - [2024-03-03T20:03:10.076+0000] {dagbag.py:540} INFO - Filling up the DagBag from /opt/airflow/dags/other_ingestion_postgre/main_dag_sql_empat.py
[2024-03-03T20:03:10.495+0000] {processor.py:840} INFO - DAG(s) 'aaexample_3' retrieved from /opt/airflow/dags/other_ingestion_postgre/main_dag_sql_empat.py
[2024-03-03T20:03:10.513+0000] {logging_mixin.py:188} INFO - [2024-03-03T20:03:10.512+0000] {dag.py:3047} INFO - Sync 1 DAGs
[2024-03-03T20:03:10.522+0000] {logging_mixin.py:188} INFO - [2024-03-03T20:03:10.521+0000] {dag.py:3834} INFO - Setting next_dagrun for aaexample_3 to None, run_after=None
[2024-03-03T20:03:10.536+0000] {processor.py:183} INFO - Processing /opt/airflow/dags/other_ingestion_postgre/main_dag_sql_empat.py took 0.466 seconds
[2024-03-03T20:03:36.114+0000] {processor.py:161} INFO - Started process (PID=15498) to work on /opt/airflow/dags/other_ingestion_postgre/main_dag_sql_empat.py
[2024-03-03T20:03:36.115+0000] {processor.py:830} INFO - Processing file /opt/airflow/dags/other_ingestion_postgre/main_dag_sql_empat.py for tasks to queue
[2024-03-03T20:03:36.117+0000] {logging_mixin.py:188} INFO - [2024-03-03T20:03:36.117+0000] {dagbag.py:540} INFO - Filling up the DagBag from /opt/airflow/dags/other_ingestion_postgre/main_dag_sql_empat.py
[2024-03-03T20:03:36.632+0000] {processor.py:840} INFO - DAG(s) 'aaexample_4' retrieved from /opt/airflow/dags/other_ingestion_postgre/main_dag_sql_empat.py
[2024-03-03T20:03:36.734+0000] {logging_mixin.py:188} INFO - [2024-03-03T20:03:36.733+0000] {override.py:1769} INFO - Created Permission View: can edit on DAG:aaexample_4
[2024-03-03T20:03:36.742+0000] {logging_mixin.py:188} INFO - [2024-03-03T20:03:36.742+0000] {override.py:1769} INFO - Created Permission View: can delete on DAG:aaexample_4
[2024-03-03T20:03:36.750+0000] {logging_mixin.py:188} INFO - [2024-03-03T20:03:36.750+0000] {override.py:1769} INFO - Created Permission View: can read on DAG:aaexample_4
[2024-03-03T20:03:36.751+0000] {logging_mixin.py:188} INFO - [2024-03-03T20:03:36.750+0000] {dag.py:3047} INFO - Sync 1 DAGs
[2024-03-03T20:03:36.759+0000] {logging_mixin.py:188} INFO - [2024-03-03T20:03:36.759+0000] {dag.py:3069} INFO - Creating ORM DAG for aaexample_4
[2024-03-03T20:03:36.761+0000] {logging_mixin.py:188} INFO - [2024-03-03T20:03:36.760+0000] {dag.py:3834} INFO - Setting next_dagrun for aaexample_4 to None, run_after=None
[2024-03-03T20:03:36.778+0000] {processor.py:183} INFO - Processing /opt/airflow/dags/other_ingestion_postgre/main_dag_sql_empat.py took 0.668 seconds
[2024-03-03T20:04:06.989+0000] {processor.py:161} INFO - Started process (PID=15515) to work on /opt/airflow/dags/other_ingestion_postgre/main_dag_sql_empat.py
[2024-03-03T20:04:06.990+0000] {processor.py:830} INFO - Processing file /opt/airflow/dags/other_ingestion_postgre/main_dag_sql_empat.py for tasks to queue
[2024-03-03T20:04:06.992+0000] {logging_mixin.py:188} INFO - [2024-03-03T20:04:06.991+0000] {dagbag.py:540} INFO - Filling up the DagBag from /opt/airflow/dags/other_ingestion_postgre/main_dag_sql_empat.py
[2024-03-03T20:04:07.547+0000] {processor.py:840} INFO - DAG(s) 'aaexample_4' retrieved from /opt/airflow/dags/other_ingestion_postgre/main_dag_sql_empat.py
[2024-03-03T20:04:07.589+0000] {logging_mixin.py:188} INFO - [2024-03-03T20:04:07.588+0000] {dag.py:3047} INFO - Sync 1 DAGs
[2024-03-03T20:04:07.815+0000] {logging_mixin.py:188} INFO - [2024-03-03T20:04:07.815+0000] {dag.py:3834} INFO - Setting next_dagrun for aaexample_4 to None, run_after=None
[2024-03-03T20:04:07.860+0000] {processor.py:183} INFO - Processing /opt/airflow/dags/other_ingestion_postgre/main_dag_sql_empat.py took 0.876 seconds
[2024-03-03T20:04:37.999+0000] {processor.py:161} INFO - Started process (PID=15532) to work on /opt/airflow/dags/other_ingestion_postgre/main_dag_sql_empat.py
[2024-03-03T20:04:38.009+0000] {processor.py:830} INFO - Processing file /opt/airflow/dags/other_ingestion_postgre/main_dag_sql_empat.py for tasks to queue
[2024-03-03T20:04:38.015+0000] {logging_mixin.py:188} INFO - [2024-03-03T20:04:38.015+0000] {dagbag.py:540} INFO - Filling up the DagBag from /opt/airflow/dags/other_ingestion_postgre/main_dag_sql_empat.py
[2024-03-03T20:04:38.451+0000] {processor.py:840} INFO - DAG(s) 'aaexample_4' retrieved from /opt/airflow/dags/other_ingestion_postgre/main_dag_sql_empat.py
[2024-03-03T20:04:38.591+0000] {logging_mixin.py:188} INFO - [2024-03-03T20:04:38.590+0000] {dag.py:3047} INFO - Sync 1 DAGs
[2024-03-03T20:04:38.599+0000] {logging_mixin.py:188} INFO - [2024-03-03T20:04:38.599+0000] {dag.py:3834} INFO - Setting next_dagrun for aaexample_4 to None, run_after=None
[2024-03-03T20:04:38.613+0000] {processor.py:183} INFO - Processing /opt/airflow/dags/other_ingestion_postgre/main_dag_sql_empat.py took 0.619 seconds
[2024-03-03T20:05:09.118+0000] {processor.py:161} INFO - Started process (PID=15549) to work on /opt/airflow/dags/other_ingestion_postgre/main_dag_sql_empat.py
[2024-03-03T20:05:09.120+0000] {processor.py:830} INFO - Processing file /opt/airflow/dags/other_ingestion_postgre/main_dag_sql_empat.py for tasks to queue
[2024-03-03T20:05:09.123+0000] {logging_mixin.py:188} INFO - [2024-03-03T20:05:09.122+0000] {dagbag.py:540} INFO - Filling up the DagBag from /opt/airflow/dags/other_ingestion_postgre/main_dag_sql_empat.py
[2024-03-03T20:05:09.539+0000] {processor.py:840} INFO - DAG(s) 'aaexample_4' retrieved from /opt/airflow/dags/other_ingestion_postgre/main_dag_sql_empat.py
[2024-03-03T20:05:09.554+0000] {logging_mixin.py:188} INFO - [2024-03-03T20:05:09.553+0000] {dag.py:3047} INFO - Sync 1 DAGs
[2024-03-03T20:05:09.562+0000] {logging_mixin.py:188} INFO - [2024-03-03T20:05:09.561+0000] {dag.py:3834} INFO - Setting next_dagrun for aaexample_4 to None, run_after=None
[2024-03-03T20:05:09.573+0000] {processor.py:183} INFO - Processing /opt/airflow/dags/other_ingestion_postgre/main_dag_sql_empat.py took 0.461 seconds
[2024-03-03T20:05:40.052+0000] {processor.py:161} INFO - Started process (PID=15566) to work on /opt/airflow/dags/other_ingestion_postgre/main_dag_sql_empat.py
[2024-03-03T20:05:40.053+0000] {processor.py:830} INFO - Processing file /opt/airflow/dags/other_ingestion_postgre/main_dag_sql_empat.py for tasks to queue
[2024-03-03T20:05:40.055+0000] {logging_mixin.py:188} INFO - [2024-03-03T20:05:40.055+0000] {dagbag.py:540} INFO - Filling up the DagBag from /opt/airflow/dags/other_ingestion_postgre/main_dag_sql_empat.py
[2024-03-03T20:05:40.456+0000] {processor.py:840} INFO - DAG(s) 'aaexample_4' retrieved from /opt/airflow/dags/other_ingestion_postgre/main_dag_sql_empat.py
[2024-03-03T20:05:40.473+0000] {logging_mixin.py:188} INFO - [2024-03-03T20:05:40.472+0000] {dag.py:3047} INFO - Sync 1 DAGs
[2024-03-03T20:05:40.481+0000] {logging_mixin.py:188} INFO - [2024-03-03T20:05:40.480+0000] {dag.py:3834} INFO - Setting next_dagrun for aaexample_4 to None, run_after=None
[2024-03-03T20:05:40.494+0000] {processor.py:183} INFO - Processing /opt/airflow/dags/other_ingestion_postgre/main_dag_sql_empat.py took 0.447 seconds
[2024-03-03T20:06:10.563+0000] {processor.py:161} INFO - Started process (PID=15583) to work on /opt/airflow/dags/other_ingestion_postgre/main_dag_sql_empat.py
[2024-03-03T20:06:10.564+0000] {processor.py:830} INFO - Processing file /opt/airflow/dags/other_ingestion_postgre/main_dag_sql_empat.py for tasks to queue
[2024-03-03T20:06:10.566+0000] {logging_mixin.py:188} INFO - [2024-03-03T20:06:10.565+0000] {dagbag.py:540} INFO - Filling up the DagBag from /opt/airflow/dags/other_ingestion_postgre/main_dag_sql_empat.py
[2024-03-03T20:06:10.993+0000] {processor.py:840} INFO - DAG(s) 'aaexample_4' retrieved from /opt/airflow/dags/other_ingestion_postgre/main_dag_sql_empat.py
[2024-03-03T20:06:11.011+0000] {logging_mixin.py:188} INFO - [2024-03-03T20:06:11.009+0000] {dag.py:3047} INFO - Sync 1 DAGs
[2024-03-03T20:06:11.022+0000] {logging_mixin.py:188} INFO - [2024-03-03T20:06:11.022+0000] {dag.py:3834} INFO - Setting next_dagrun for aaexample_4 to None, run_after=None
[2024-03-03T20:06:11.035+0000] {processor.py:183} INFO - Processing /opt/airflow/dags/other_ingestion_postgre/main_dag_sql_empat.py took 0.476 seconds
[2024-03-03T20:06:41.775+0000] {processor.py:161} INFO - Started process (PID=15600) to work on /opt/airflow/dags/other_ingestion_postgre/main_dag_sql_empat.py
[2024-03-03T20:06:41.776+0000] {processor.py:830} INFO - Processing file /opt/airflow/dags/other_ingestion_postgre/main_dag_sql_empat.py for tasks to queue
[2024-03-03T20:06:41.778+0000] {logging_mixin.py:188} INFO - [2024-03-03T20:06:41.777+0000] {dagbag.py:540} INFO - Filling up the DagBag from /opt/airflow/dags/other_ingestion_postgre/main_dag_sql_empat.py
[2024-03-03T20:06:42.217+0000] {processor.py:840} INFO - DAG(s) 'aaexample_4' retrieved from /opt/airflow/dags/other_ingestion_postgre/main_dag_sql_empat.py
[2024-03-03T20:06:42.234+0000] {logging_mixin.py:188} INFO - [2024-03-03T20:06:42.234+0000] {dag.py:3047} INFO - Sync 1 DAGs
[2024-03-03T20:06:42.244+0000] {logging_mixin.py:188} INFO - [2024-03-03T20:06:42.243+0000] {dag.py:3834} INFO - Setting next_dagrun for aaexample_4 to None, run_after=None
[2024-03-03T20:06:42.258+0000] {processor.py:183} INFO - Processing /opt/airflow/dags/other_ingestion_postgre/main_dag_sql_empat.py took 0.486 seconds
[2024-03-03T20:07:12.770+0000] {processor.py:161} INFO - Started process (PID=15617) to work on /opt/airflow/dags/other_ingestion_postgre/main_dag_sql_empat.py
[2024-03-03T20:07:12.772+0000] {processor.py:830} INFO - Processing file /opt/airflow/dags/other_ingestion_postgre/main_dag_sql_empat.py for tasks to queue
[2024-03-03T20:07:12.774+0000] {logging_mixin.py:188} INFO - [2024-03-03T20:07:12.774+0000] {dagbag.py:540} INFO - Filling up the DagBag from /opt/airflow/dags/other_ingestion_postgre/main_dag_sql_empat.py
[2024-03-03T20:07:13.219+0000] {processor.py:840} INFO - DAG(s) 'aaexample_4' retrieved from /opt/airflow/dags/other_ingestion_postgre/main_dag_sql_empat.py
[2024-03-03T20:07:13.237+0000] {logging_mixin.py:188} INFO - [2024-03-03T20:07:13.236+0000] {dag.py:3047} INFO - Sync 1 DAGs
[2024-03-03T20:07:13.245+0000] {logging_mixin.py:188} INFO - [2024-03-03T20:07:13.245+0000] {dag.py:3834} INFO - Setting next_dagrun for aaexample_4 to None, run_after=None
[2024-03-03T20:07:13.258+0000] {processor.py:183} INFO - Processing /opt/airflow/dags/other_ingestion_postgre/main_dag_sql_empat.py took 0.497 seconds
[2024-03-03T20:07:43.675+0000] {processor.py:161} INFO - Started process (PID=15634) to work on /opt/airflow/dags/other_ingestion_postgre/main_dag_sql_empat.py
[2024-03-03T20:07:43.677+0000] {processor.py:830} INFO - Processing file /opt/airflow/dags/other_ingestion_postgre/main_dag_sql_empat.py for tasks to queue
[2024-03-03T20:07:43.680+0000] {logging_mixin.py:188} INFO - [2024-03-03T20:07:43.679+0000] {dagbag.py:540} INFO - Filling up the DagBag from /opt/airflow/dags/other_ingestion_postgre/main_dag_sql_empat.py
[2024-03-03T20:07:44.086+0000] {processor.py:840} INFO - DAG(s) 'aaexample_4' retrieved from /opt/airflow/dags/other_ingestion_postgre/main_dag_sql_empat.py
[2024-03-03T20:07:44.101+0000] {logging_mixin.py:188} INFO - [2024-03-03T20:07:44.100+0000] {dag.py:3047} INFO - Sync 1 DAGs
[2024-03-03T20:07:44.108+0000] {logging_mixin.py:188} INFO - [2024-03-03T20:07:44.108+0000] {dag.py:3834} INFO - Setting next_dagrun for aaexample_4 to None, run_after=None
[2024-03-03T20:07:44.120+0000] {processor.py:183} INFO - Processing /opt/airflow/dags/other_ingestion_postgre/main_dag_sql_empat.py took 0.451 seconds
[2024-03-03T20:08:14.640+0000] {processor.py:161} INFO - Started process (PID=15651) to work on /opt/airflow/dags/other_ingestion_postgre/main_dag_sql_empat.py
[2024-03-03T20:08:14.643+0000] {processor.py:830} INFO - Processing file /opt/airflow/dags/other_ingestion_postgre/main_dag_sql_empat.py for tasks to queue
[2024-03-03T20:08:14.646+0000] {logging_mixin.py:188} INFO - [2024-03-03T20:08:14.645+0000] {dagbag.py:540} INFO - Filling up the DagBag from /opt/airflow/dags/other_ingestion_postgre/main_dag_sql_empat.py
[2024-03-03T20:08:15.037+0000] {processor.py:840} INFO - DAG(s) 'aaexample_4' retrieved from /opt/airflow/dags/other_ingestion_postgre/main_dag_sql_empat.py
[2024-03-03T20:08:15.052+0000] {logging_mixin.py:188} INFO - [2024-03-03T20:08:15.051+0000] {dag.py:3047} INFO - Sync 1 DAGs
[2024-03-03T20:08:15.060+0000] {logging_mixin.py:188} INFO - [2024-03-03T20:08:15.060+0000] {dag.py:3834} INFO - Setting next_dagrun for aaexample_4 to None, run_after=None
[2024-03-03T20:08:15.071+0000] {processor.py:183} INFO - Processing /opt/airflow/dags/other_ingestion_postgre/main_dag_sql_empat.py took 0.443 seconds
