[2024-03-16T19:45:19.229+0000] {taskinstance.py:1979} INFO - Dependencies all met for dep_context=non-requeueable deps ti=<TaskInstance: study_case_etl_cloud_storage_dua.fetch_data_task_id manual__2024-03-16T19:45:17.164160+00:00 [queued]>
[2024-03-16T19:45:19.241+0000] {taskinstance.py:1979} INFO - Dependencies all met for dep_context=requeueable deps ti=<TaskInstance: study_case_etl_cloud_storage_dua.fetch_data_task_id manual__2024-03-16T19:45:17.164160+00:00 [queued]>
[2024-03-16T19:45:19.242+0000] {taskinstance.py:2193} INFO - Starting attempt 1 of 2
[2024-03-16T19:45:19.258+0000] {taskinstance.py:2214} INFO - Executing <Task(PythonOperator): fetch_data_task_id> on 2024-03-16 19:45:17.164160+00:00
[2024-03-16T19:45:19.265+0000] {standard_task_runner.py:60} INFO - Started process 497 to run task
[2024-03-16T19:45:19.271+0000] {standard_task_runner.py:87} INFO - Running: ['***', 'tasks', 'run', 'study_case_etl_cloud_storage_dua', 'fetch_data_task_id', 'manual__2024-03-16T19:45:17.164160+00:00', '--job-id', '859', '--raw', '--subdir', 'DAGS_FOLDER/etl_day_bigquery/study_case_etl_cloud_storage_dua.py', '--cfg-path', '/tmp/tmpkgvnz76j']
[2024-03-16T19:45:19.277+0000] {standard_task_runner.py:88} INFO - Job 859: Subtask fetch_data_task_id
[2024-03-16T19:45:19.339+0000] {task_command.py:423} INFO - Running <TaskInstance: study_case_etl_cloud_storage_dua.fetch_data_task_id manual__2024-03-16T19:45:17.164160+00:00 [running]> on host 1d5b76b26ba5
[2024-03-16T19:45:19.429+0000] {taskinstance.py:2510} INFO - Exporting env vars: AIRFLOW_CTX_DAG_OWNER='Agus mahari' AIRFLOW_CTX_DAG_ID='study_case_etl_cloud_storage_dua' AIRFLOW_CTX_TASK_ID='fetch_data_task_id' AIRFLOW_CTX_EXECUTION_DATE='2024-03-16T19:45:17.164160+00:00' AIRFLOW_CTX_TRY_NUMBER='1' AIRFLOW_CTX_DAG_RUN_ID='manual__2024-03-16T19:45:17.164160+00:00'
[2024-03-16T19:45:22.079+0000] {logging_mixin.py:188} INFO - 2024-03-16 19:45:22,079 INFO sqlalchemy.engine.Engine SELECT DATABASE()
[2024-03-16T19:45:22.079+0000] {base.py:1863} INFO - SELECT DATABASE()
[2024-03-16T19:45:22.082+0000] {logging_mixin.py:188} INFO - 2024-03-16 19:45:22,081 INFO sqlalchemy.engine.Engine [raw sql] {}
[2024-03-16T19:45:22.081+0000] {base.py:1868} INFO - [raw sql] {}
[2024-03-16T19:45:22.976+0000] {logging_mixin.py:188} INFO - 2024-03-16 19:45:22,976 INFO sqlalchemy.engine.Engine SELECT @@sql_mode
[2024-03-16T19:45:22.976+0000] {base.py:1863} INFO - SELECT @@sql_mode
[2024-03-16T19:45:22.978+0000] {logging_mixin.py:188} INFO - 2024-03-16 19:45:22,978 INFO sqlalchemy.engine.Engine [raw sql] {}
[2024-03-16T19:45:22.978+0000] {base.py:1868} INFO - [raw sql] {}
[2024-03-16T19:45:23.458+0000] {logging_mixin.py:188} INFO - 2024-03-16 19:45:23,458 INFO sqlalchemy.engine.Engine SELECT @@lower_case_table_names
[2024-03-16T19:45:23.458+0000] {base.py:1863} INFO - SELECT @@lower_case_table_names
[2024-03-16T19:45:23.459+0000] {logging_mixin.py:188} INFO - 2024-03-16 19:45:23,459 INFO sqlalchemy.engine.Engine [raw sql] {}
[2024-03-16T19:45:23.459+0000] {base.py:1868} INFO - [raw sql] {}
[2024-03-16T19:45:24.163+0000] {logging_mixin.py:188} INFO - 2024-03-16 19:45:24,163 INFO sqlalchemy.engine.Engine 
  SELECT 
    *
FROM databasename.mytable
[2024-03-16T19:45:24.163+0000] {base.py:1863} INFO - 
  SELECT 
    *
FROM databasename.mytable
[2024-03-16T19:45:24.166+0000] {logging_mixin.py:188} INFO - 2024-03-16 19:45:24,166 INFO sqlalchemy.engine.Engine [raw sql] {}
[2024-03-16T19:45:24.166+0000] {base.py:1868} INFO - [raw sql] {}
[2024-03-16T19:45:24.621+0000] {logging_mixin.py:188} INFO - File already exists.
[2024-03-16T19:45:24.623+0000] {python.py:202} INFO - Done. Returned value was: /opt/***/data/fetch_data_task_id_2024-03-16.csv
[2024-03-16T19:45:24.644+0000] {taskinstance.py:1149} INFO - Marking task as SUCCESS. dag_id=study_case_etl_cloud_storage_dua, task_id=fetch_data_task_id, execution_date=20240316T194517, start_date=20240316T194519, end_date=20240316T194524
[2024-03-16T19:45:24.700+0000] {local_task_job_runner.py:234} INFO - Task exited with return code 0
[2024-03-16T19:45:24.718+0000] {taskinstance.py:3309} INFO - 0 downstream tasks scheduled from follow-on schedule check
