[2024-03-22T19:00:01.527+0000] {taskinstance.py:1979} INFO - Dependencies all met for dep_context=non-requeueable deps ti=<TaskInstance: study_case_etl_cloud_storage.fetch_data_task scheduled__2024-03-22T18:00:00+00:00 [queued]>
[2024-03-22T19:00:01.536+0000] {taskinstance.py:1979} INFO - Dependencies all met for dep_context=requeueable deps ti=<TaskInstance: study_case_etl_cloud_storage.fetch_data_task scheduled__2024-03-22T18:00:00+00:00 [queued]>
[2024-03-22T19:00:01.537+0000] {taskinstance.py:2193} INFO - Starting attempt 1 of 2
[2024-03-22T19:00:01.555+0000] {taskinstance.py:2214} INFO - Executing <Task(PythonOperator): fetch_data_task> on 2024-03-22 18:00:00+00:00
[2024-03-22T19:00:01.562+0000] {standard_task_runner.py:60} INFO - Started process 1215 to run task
[2024-03-22T19:00:01.565+0000] {standard_task_runner.py:87} INFO - Running: ['***', 'tasks', 'run', 'study_case_etl_cloud_storage', 'fetch_data_task', 'scheduled__2024-03-22T18:00:00+00:00', '--job-id', '253', '--raw', '--subdir', 'DAGS_FOLDER/etl_day_bigquery/study_case_etl_cloud_storage.py', '--cfg-path', '/tmp/tmpo8jaolf0']
[2024-03-22T19:00:01.567+0000] {standard_task_runner.py:88} INFO - Job 253: Subtask fetch_data_task
[2024-03-22T19:00:01.607+0000] {task_command.py:423} INFO - Running <TaskInstance: study_case_etl_cloud_storage.fetch_data_task scheduled__2024-03-22T18:00:00+00:00 [running]> on host 428086c4ef09
[2024-03-22T19:00:01.671+0000] {taskinstance.py:2510} INFO - Exporting env vars: AIRFLOW_CTX_DAG_OWNER='Agus mahari' AIRFLOW_CTX_DAG_ID='study_case_etl_cloud_storage' AIRFLOW_CTX_TASK_ID='fetch_data_task' AIRFLOW_CTX_EXECUTION_DATE='2024-03-22T18:00:00+00:00' AIRFLOW_CTX_TRY_NUMBER='1' AIRFLOW_CTX_DAG_RUN_ID='scheduled__2024-03-22T18:00:00+00:00'
[2024-03-22T19:00:04.194+0000] {logging_mixin.py:188} INFO - 2024-03-22 19:00:04,194 INFO sqlalchemy.engine.Engine SELECT DATABASE()
[2024-03-22T19:00:04.194+0000] {base.py:1863} INFO - SELECT DATABASE()
[2024-03-22T19:00:04.195+0000] {logging_mixin.py:188} INFO - 2024-03-22 19:00:04,195 INFO sqlalchemy.engine.Engine [raw sql] {}
[2024-03-22T19:00:04.195+0000] {base.py:1868} INFO - [raw sql] {}
[2024-03-22T19:00:05.076+0000] {logging_mixin.py:188} INFO - 2024-03-22 19:00:05,075 INFO sqlalchemy.engine.Engine SELECT @@sql_mode
[2024-03-22T19:00:05.075+0000] {base.py:1863} INFO - SELECT @@sql_mode
[2024-03-22T19:00:05.076+0000] {logging_mixin.py:188} INFO - 2024-03-22 19:00:05,076 INFO sqlalchemy.engine.Engine [raw sql] {}
[2024-03-22T19:00:05.076+0000] {base.py:1868} INFO - [raw sql] {}
[2024-03-22T19:00:05.518+0000] {logging_mixin.py:188} INFO - 2024-03-22 19:00:05,518 INFO sqlalchemy.engine.Engine SELECT @@lower_case_table_names
[2024-03-22T19:00:05.518+0000] {base.py:1863} INFO - SELECT @@lower_case_table_names
[2024-03-22T19:00:05.519+0000] {logging_mixin.py:188} INFO - 2024-03-22 19:00:05,519 INFO sqlalchemy.engine.Engine [raw sql] {}
[2024-03-22T19:00:05.519+0000] {base.py:1868} INFO - [raw sql] {}
[2024-03-22T19:00:06.175+0000] {logging_mixin.py:188} INFO - 2024-03-22 19:00:06,175 INFO sqlalchemy.engine.Engine 


  SELECT 
    *
FROM databasename.mytable
[2024-03-22T19:00:06.175+0000] {base.py:1863} INFO - 


  SELECT 
    *
FROM databasename.mytable
[2024-03-22T19:00:06.176+0000] {logging_mixin.py:188} INFO - 2024-03-22 19:00:06,176 INFO sqlalchemy.engine.Engine [raw sql] {}
[2024-03-22T19:00:06.176+0000] {base.py:1868} INFO - [raw sql] {}
[2024-03-22T19:00:06.619+0000] {logging_mixin.py:188} INFO - File already exists.
[2024-03-22T19:00:06.632+0000] {python.py:202} INFO - Done. Returned value was: /opt/***/data/aplikasi_table_['{ ds }.parquet']
[2024-03-22T19:00:06.665+0000] {taskinstance.py:1149} INFO - Marking task as SUCCESS. dag_id=study_case_etl_cloud_storage, task_id=fetch_data_task, execution_date=20240322T180000, start_date=20240322T190001, end_date=20240322T190006
[2024-03-22T19:00:06.683+0000] {local_task_job_runner.py:234} INFO - Task exited with return code 0
[2024-03-22T19:00:06.698+0000] {taskinstance.py:3309} INFO - 0 downstream tasks scheduled from follow-on schedule check
