[2024-03-22T17:30:11.007+0000] {taskinstance.py:1979} INFO - Dependencies all met for dep_context=non-requeueable deps ti=<TaskInstance: study_case_etl_cloud_storage.fetch_data_task scheduled__2024-03-20T09:00:00+00:00 [queued]>
[2024-03-22T17:30:11.082+0000] {taskinstance.py:1979} INFO - Dependencies all met for dep_context=requeueable deps ti=<TaskInstance: study_case_etl_cloud_storage.fetch_data_task scheduled__2024-03-20T09:00:00+00:00 [queued]>
[2024-03-22T17:30:11.087+0000] {taskinstance.py:2193} INFO - Starting attempt 1 of 2
[2024-03-22T17:30:11.325+0000] {taskinstance.py:2214} INFO - Executing <Task(PythonOperator): fetch_data_task> on 2024-03-20 09:00:00+00:00
[2024-03-22T17:30:11.344+0000] {standard_task_runner.py:60} INFO - Started process 816 to run task
[2024-03-22T17:30:11.355+0000] {standard_task_runner.py:87} INFO - Running: ['***', 'tasks', 'run', 'study_case_etl_cloud_storage', 'fetch_data_task', 'scheduled__2024-03-20T09:00:00+00:00', '--job-id', '159', '--raw', '--subdir', 'DAGS_FOLDER/etl_day_bigquery/study_case_etl_cloud_storage.py', '--cfg-path', '/tmp/tmp7jrof5s9']
[2024-03-22T17:30:11.360+0000] {standard_task_runner.py:88} INFO - Job 159: Subtask fetch_data_task
[2024-03-22T17:30:11.475+0000] {task_command.py:423} INFO - Running <TaskInstance: study_case_etl_cloud_storage.fetch_data_task scheduled__2024-03-20T09:00:00+00:00 [running]> on host eb8b31fafb1e
[2024-03-22T17:30:11.784+0000] {taskinstance.py:2510} INFO - Exporting env vars: AIRFLOW_CTX_DAG_OWNER='Agus mahari' AIRFLOW_CTX_DAG_ID='study_case_etl_cloud_storage' AIRFLOW_CTX_TASK_ID='fetch_data_task' AIRFLOW_CTX_EXECUTION_DATE='2024-03-20T09:00:00+00:00' AIRFLOW_CTX_TRY_NUMBER='1' AIRFLOW_CTX_DAG_RUN_ID='scheduled__2024-03-20T09:00:00+00:00'
[2024-03-22T17:30:14.508+0000] {logging_mixin.py:188} INFO - 2024-03-22 17:30:14,507 INFO sqlalchemy.engine.Engine SELECT DATABASE()
[2024-03-22T17:30:14.507+0000] {base.py:1863} INFO - SELECT DATABASE()
[2024-03-22T17:30:14.513+0000] {logging_mixin.py:188} INFO - 2024-03-22 17:30:14,513 INFO sqlalchemy.engine.Engine [raw sql] {}
[2024-03-22T17:30:14.513+0000] {base.py:1868} INFO - [raw sql] {}
[2024-03-22T17:30:15.411+0000] {logging_mixin.py:188} INFO - 2024-03-22 17:30:15,411 INFO sqlalchemy.engine.Engine SELECT @@sql_mode
[2024-03-22T17:30:15.411+0000] {base.py:1863} INFO - SELECT @@sql_mode
[2024-03-22T17:30:15.414+0000] {logging_mixin.py:188} INFO - 2024-03-22 17:30:15,413 INFO sqlalchemy.engine.Engine [raw sql] {}
[2024-03-22T17:30:15.413+0000] {base.py:1868} INFO - [raw sql] {}
[2024-03-22T17:30:15.876+0000] {logging_mixin.py:188} INFO - 2024-03-22 17:30:15,876 INFO sqlalchemy.engine.Engine SELECT @@lower_case_table_names
[2024-03-22T17:30:15.876+0000] {base.py:1863} INFO - SELECT @@lower_case_table_names
[2024-03-22T17:30:15.881+0000] {logging_mixin.py:188} INFO - 2024-03-22 17:30:15,881 INFO sqlalchemy.engine.Engine [raw sql] {}
[2024-03-22T17:30:15.881+0000] {base.py:1868} INFO - [raw sql] {}
[2024-03-22T17:30:16.543+0000] {logging_mixin.py:188} INFO - 2024-03-22 17:30:16,543 INFO sqlalchemy.engine.Engine 


  SELECT 
    *
FROM databasename.mytable
[2024-03-22T17:30:16.543+0000] {base.py:1863} INFO - 


  SELECT 
    *
FROM databasename.mytable
[2024-03-22T17:30:16.544+0000] {logging_mixin.py:188} INFO - 2024-03-22 17:30:16,544 INFO sqlalchemy.engine.Engine [raw sql] {}
[2024-03-22T17:30:16.544+0000] {base.py:1868} INFO - [raw sql] {}
[2024-03-22T17:30:16.987+0000] {logging_mixin.py:188} INFO - File already exists.
[2024-03-22T17:30:16.989+0000] {python.py:202} INFO - Done. Returned value was: /opt/***/data/aplikasi_table_['{ ds }.parquet']
[2024-03-22T17:30:17.014+0000] {taskinstance.py:1149} INFO - Marking task as SUCCESS. dag_id=study_case_etl_cloud_storage, task_id=fetch_data_task, execution_date=20240320T090000, start_date=20240322T173011, end_date=20240322T173017
[2024-03-22T17:30:17.058+0000] {local_task_job_runner.py:234} INFO - Task exited with return code 0
[2024-03-22T17:30:17.074+0000] {taskinstance.py:3309} INFO - 0 downstream tasks scheduled from follow-on schedule check
