[2024-03-22T18:34:59.502+0000] {taskinstance.py:1979} INFO - Dependencies all met for dep_context=non-requeueable deps ti=<TaskInstance: my_first_dag.bash_task_1 manual__2024-03-22T18:34:58.746029+00:00 [queued]>
[2024-03-22T18:34:59.509+0000] {taskinstance.py:1979} INFO - Dependencies all met for dep_context=requeueable deps ti=<TaskInstance: my_first_dag.bash_task_1 manual__2024-03-22T18:34:58.746029+00:00 [queued]>
[2024-03-22T18:34:59.509+0000] {taskinstance.py:2193} INFO - Starting attempt 1 of 11
[2024-03-22T18:34:59.521+0000] {taskinstance.py:2214} INFO - Executing <Task(BashOperator): bash_task_1> on 2024-03-22 18:34:58.746029+00:00
[2024-03-22T18:34:59.525+0000] {standard_task_runner.py:60} INFO - Started process 660 to run task
[2024-03-22T18:34:59.528+0000] {standard_task_runner.py:87} INFO - Running: ['***', 'tasks', 'run', 'my_first_dag', 'bash_task_1', 'manual__2024-03-22T18:34:58.746029+00:00', '--job-id', '244', '--raw', '--subdir', 'DAGS_FOLDER/running_dbt_core/running_dbt_core.py', '--cfg-path', '/tmp/tmpdyb2471x']
[2024-03-22T18:34:59.529+0000] {standard_task_runner.py:88} INFO - Job 244: Subtask bash_task_1
[2024-03-22T18:34:59.563+0000] {task_command.py:423} INFO - Running <TaskInstance: my_first_dag.bash_task_1 manual__2024-03-22T18:34:58.746029+00:00 [running]> on host 428086c4ef09
[2024-03-22T18:34:59.624+0000] {taskinstance.py:2510} INFO - Exporting env vars: AIRFLOW_CTX_DAG_OWNER='proton' AIRFLOW_CTX_DAG_ID='my_first_dag' AIRFLOW_CTX_TASK_ID='bash_task_1' AIRFLOW_CTX_EXECUTION_DATE='2024-03-22T18:34:58.746029+00:00' AIRFLOW_CTX_TRY_NUMBER='1' AIRFLOW_CTX_DAG_RUN_ID='manual__2024-03-22T18:34:58.746029+00:00'
[2024-03-22T18:34:59.625+0000] {subprocess.py:63} INFO - Tmp dir root location: /tmp
[2024-03-22T18:34:59.626+0000] {subprocess.py:75} INFO - Running command: ['/usr/bin/bash', '-c', 'cd /opt/***/dbt/credit_card_dwh && dbt deps && dbt seed --profiles-dir .']
[2024-03-22T18:34:59.633+0000] {subprocess.py:86} INFO - Output:
[2024-03-22T18:35:01.944+0000] {subprocess.py:93} INFO - [0m18:35:01  Running with dbt=1.7.10
[2024-03-22T18:35:04.014+0000] {subprocess.py:93} INFO - [0m18:35:04  Installing dbt-labs/dbt_utils
[2024-03-22T18:35:04.804+0000] {subprocess.py:93} INFO - [0m18:35:04  Installed from version 0.8.0
[2024-03-22T18:35:04.805+0000] {subprocess.py:93} INFO - [0m18:35:04  Updated version available: 1.1.1
[2024-03-22T18:35:04.807+0000] {subprocess.py:93} INFO - [0m18:35:04  Installing calogica/dbt_expectations
[2024-03-22T18:35:08.477+0000] {subprocess.py:93} INFO - [0m18:35:08  Installed from version 0.8.5
[2024-03-22T18:35:08.478+0000] {subprocess.py:93} INFO - [0m18:35:08  Updated version available: 0.10.3
[2024-03-22T18:35:08.480+0000] {subprocess.py:93} INFO - [0m18:35:08  Installing calogica/dbt_date
[2024-03-22T18:35:09.092+0000] {subprocess.py:93} INFO - [0m18:35:09  Installed from version 0.7.2
[2024-03-22T18:35:09.093+0000] {subprocess.py:93} INFO - [0m18:35:09  Updated version available: 0.10.0
[2024-03-22T18:35:09.096+0000] {subprocess.py:93} INFO - [0m18:35:09
[2024-03-22T18:35:09.098+0000] {subprocess.py:93} INFO - [0m18:35:09  Updates available for packages: ['dbt-labs/dbt_utils', 'calogica/dbt_expectations', 'calogica/dbt_date']
[2024-03-22T18:35:09.098+0000] {subprocess.py:93} INFO - Update your versions in packages.yml, then run dbt deps
[2024-03-22T18:35:14.306+0000] {subprocess.py:93} INFO - [0m18:35:14  Running with dbt=1.7.10
[2024-03-22T18:35:15.265+0000] {subprocess.py:93} INFO - [0m18:35:15  Registered adapter: bigquery=1.7.6
[2024-03-22T18:35:15.441+0000] {subprocess.py:93} INFO - [0m18:35:15  Found 15 models, 5 seeds, 20 tests, 1 source, 0 exposures, 0 metrics, 870 macros, 0 groups, 0 semantic models
[2024-03-22T18:35:15.445+0000] {subprocess.py:93} INFO - [0m18:35:15
[2024-03-22T18:35:16.706+0000] {subprocess.py:93} INFO - [0m18:35:16  Concurrency: 4 threads (target='dev')
[2024-03-22T18:35:16.707+0000] {subprocess.py:93} INFO - [0m18:35:16
[2024-03-22T18:35:16.718+0000] {subprocess.py:93} INFO - [0m18:35:16  1 of 5 START seed file final_project.dim_EDUCATION ............................. [RUN]
[2024-03-22T18:35:16.719+0000] {subprocess.py:93} INFO - [0m18:35:16  2 of 5 START seed file final_project.dim_HOUSING ............................... [RUN]
[2024-03-22T18:35:16.722+0000] {subprocess.py:93} INFO - [0m18:35:16  3 of 5 START seed file final_project.dim_INCOME ................................ [RUN]
[2024-03-22T18:35:16.723+0000] {subprocess.py:93} INFO - [0m18:35:16  4 of 5 START seed file final_project.dim_JOB ................................... [RUN]
[2024-03-22T18:35:24.084+0000] {subprocess.py:93} INFO - [0m18:35:24  3 of 5 OK loaded seed file final_project.dim_INCOME ............................ [[32mINSERT 5[0m in 7.35s]
[2024-03-22T18:35:24.088+0000] {subprocess.py:93} INFO - [0m18:35:24  1 of 5 OK loaded seed file final_project.dim_EDUCATION ......................... [[32mINSERT 5[0m in 7.36s]
[2024-03-22T18:35:24.090+0000] {subprocess.py:93} INFO - [0m18:35:24  4 of 5 OK loaded seed file final_project.dim_JOB ............................... [[32mINSERT 19[0m in 7.36s]
[2024-03-22T18:35:24.092+0000] {subprocess.py:93} INFO - [0m18:35:24  2 of 5 OK loaded seed file final_project.dim_HOUSING ........................... [[32mINSERT 6[0m in 7.36s]
[2024-03-22T18:35:24.098+0000] {subprocess.py:93} INFO - [0m18:35:24  5 of 5 START seed file final_project.dim_MARITAL ............................... [RUN]
[2024-03-22T18:35:31.408+0000] {subprocess.py:93} INFO - [0m18:35:31  5 of 5 OK loaded seed file final_project.dim_MARITAL ........................... [[32mINSERT 5[0m in 7.30s]
[2024-03-22T18:35:31.425+0000] {subprocess.py:93} INFO - [0m18:35:31
[2024-03-22T18:35:31.427+0000] {subprocess.py:93} INFO - [0m18:35:31  Finished running 5 seeds in 0 hours 0 minutes and 15.98 seconds (15.98s).
[2024-03-22T18:35:31.455+0000] {subprocess.py:93} INFO - [0m18:35:31
[2024-03-22T18:35:31.456+0000] {subprocess.py:93} INFO - [0m18:35:31  [32mCompleted successfully[0m
[2024-03-22T18:35:31.457+0000] {subprocess.py:93} INFO - [0m18:35:31
[2024-03-22T18:35:31.458+0000] {subprocess.py:93} INFO - [0m18:35:31  Done. PASS=5 WARN=0 ERROR=0 SKIP=0 TOTAL=5
[2024-03-22T18:35:33.789+0000] {subprocess.py:97} INFO - Command exited with return code 0
[2024-03-22T18:35:33.807+0000] {taskinstance.py:1149} INFO - Marking task as SUCCESS. dag_id=my_first_dag, task_id=bash_task_1, execution_date=20240322T183458, start_date=20240322T183459, end_date=20240322T183533
[2024-03-22T18:35:33.861+0000] {local_task_job_runner.py:234} INFO - Task exited with return code 0
[2024-03-22T18:35:33.875+0000] {taskinstance.py:3309} INFO - 1 downstream tasks scheduled from follow-on schedule check
