[2024-03-22T17:30:23.727+0000] {taskinstance.py:1979} INFO - Dependencies all met for dep_context=non-requeueable deps ti=<TaskInstance: study_case_etl_cloud_storage.fetch_data_task scheduled__2024-03-20T19:00:00+00:00 [queued]>
[2024-03-22T17:30:23.754+0000] {taskinstance.py:1979} INFO - Dependencies all met for dep_context=requeueable deps ti=<TaskInstance: study_case_etl_cloud_storage.fetch_data_task scheduled__2024-03-20T19:00:00+00:00 [queued]>
[2024-03-22T17:30:23.755+0000] {taskinstance.py:2193} INFO - Starting attempt 1 of 2
[2024-03-22T17:30:23.944+0000] {taskinstance.py:2214} INFO - Executing <Task(PythonOperator): fetch_data_task> on 2024-03-20 19:00:00+00:00
[2024-03-22T17:30:23.970+0000] {standard_task_runner.py:60} INFO - Started process 900 to run task
[2024-03-22T17:30:23.977+0000] {standard_task_runner.py:87} INFO - Running: ['***', 'tasks', 'run', 'study_case_etl_cloud_storage', 'fetch_data_task', 'scheduled__2024-03-20T19:00:00+00:00', '--job-id', '185', '--raw', '--subdir', 'DAGS_FOLDER/etl_day_bigquery/study_case_etl_cloud_storage.py', '--cfg-path', '/tmp/tmpptjd31uk']
[2024-03-22T17:30:23.991+0000] {standard_task_runner.py:88} INFO - Job 185: Subtask fetch_data_task
[2024-03-22T17:30:24.127+0000] {task_command.py:423} INFO - Running <TaskInstance: study_case_etl_cloud_storage.fetch_data_task scheduled__2024-03-20T19:00:00+00:00 [running]> on host eb8b31fafb1e
[2024-03-22T17:30:24.485+0000] {taskinstance.py:2510} INFO - Exporting env vars: AIRFLOW_CTX_DAG_OWNER='Agus mahari' AIRFLOW_CTX_DAG_ID='study_case_etl_cloud_storage' AIRFLOW_CTX_TASK_ID='fetch_data_task' AIRFLOW_CTX_EXECUTION_DATE='2024-03-20T19:00:00+00:00' AIRFLOW_CTX_TRY_NUMBER='1' AIRFLOW_CTX_DAG_RUN_ID='scheduled__2024-03-20T19:00:00+00:00'
[2024-03-22T17:30:27.514+0000] {logging_mixin.py:188} INFO - 2024-03-22 17:30:27,514 INFO sqlalchemy.engine.Engine SELECT DATABASE()
[2024-03-22T17:30:27.514+0000] {base.py:1863} INFO - SELECT DATABASE()
[2024-03-22T17:30:27.516+0000] {logging_mixin.py:188} INFO - 2024-03-22 17:30:27,516 INFO sqlalchemy.engine.Engine [raw sql] {}
[2024-03-22T17:30:27.516+0000] {base.py:1868} INFO - [raw sql] {}
[2024-03-22T17:30:28.417+0000] {logging_mixin.py:188} INFO - 2024-03-22 17:30:28,417 INFO sqlalchemy.engine.Engine SELECT @@sql_mode
[2024-03-22T17:30:28.417+0000] {base.py:1863} INFO - SELECT @@sql_mode
[2024-03-22T17:30:28.419+0000] {logging_mixin.py:188} INFO - 2024-03-22 17:30:28,418 INFO sqlalchemy.engine.Engine [raw sql] {}
[2024-03-22T17:30:28.418+0000] {base.py:1868} INFO - [raw sql] {}
[2024-03-22T17:30:28.875+0000] {logging_mixin.py:188} INFO - 2024-03-22 17:30:28,875 INFO sqlalchemy.engine.Engine SELECT @@lower_case_table_names
[2024-03-22T17:30:28.875+0000] {base.py:1863} INFO - SELECT @@lower_case_table_names
[2024-03-22T17:30:28.879+0000] {logging_mixin.py:188} INFO - 2024-03-22 17:30:28,879 INFO sqlalchemy.engine.Engine [raw sql] {}
[2024-03-22T17:30:28.879+0000] {base.py:1868} INFO - [raw sql] {}
[2024-03-22T17:30:29.573+0000] {logging_mixin.py:188} INFO - 2024-03-22 17:30:29,573 INFO sqlalchemy.engine.Engine 


  SELECT 
    *
FROM databasename.mytable
[2024-03-22T17:30:29.573+0000] {base.py:1863} INFO - 


  SELECT 
    *
FROM databasename.mytable
[2024-03-22T17:30:29.576+0000] {logging_mixin.py:188} INFO - 2024-03-22 17:30:29,576 INFO sqlalchemy.engine.Engine [raw sql] {}
[2024-03-22T17:30:29.576+0000] {base.py:1868} INFO - [raw sql] {}
[2024-03-22T17:30:30.025+0000] {logging_mixin.py:188} INFO - File already exists.
[2024-03-22T17:30:30.028+0000] {python.py:202} INFO - Done. Returned value was: /opt/***/data/aplikasi_table_['{ ds }.parquet']
[2024-03-22T17:30:30.049+0000] {taskinstance.py:1149} INFO - Marking task as SUCCESS. dag_id=study_case_etl_cloud_storage, task_id=fetch_data_task, execution_date=20240320T190000, start_date=20240322T173023, end_date=20240322T173030
[2024-03-22T17:30:30.091+0000] {local_task_job_runner.py:234} INFO - Task exited with return code 0
[2024-03-22T17:30:30.104+0000] {taskinstance.py:3309} INFO - 0 downstream tasks scheduled from follow-on schedule check
