[2024-03-12T18:08:55.481+0000] {taskinstance.py:1979} INFO - Dependencies all met for dep_context=non-requeueable deps ti=<TaskInstance: example_tujuh.fetch_data_task manual__2024-03-12T18:08:54.435701+00:00 [queued]>
[2024-03-12T18:08:55.492+0000] {taskinstance.py:1979} INFO - Dependencies all met for dep_context=requeueable deps ti=<TaskInstance: example_tujuh.fetch_data_task manual__2024-03-12T18:08:54.435701+00:00 [queued]>
[2024-03-12T18:08:55.492+0000] {taskinstance.py:2193} INFO - Starting attempt 1 of 2
[2024-03-12T18:08:55.508+0000] {taskinstance.py:2214} INFO - Executing <Task(PythonOperator): fetch_data_task> on 2024-03-12 18:08:54.435701+00:00
[2024-03-12T18:08:55.513+0000] {standard_task_runner.py:60} INFO - Started process 313 to run task
[2024-03-12T18:08:55.516+0000] {standard_task_runner.py:87} INFO - Running: ['***', 'tasks', 'run', 'example_tujuh', 'fetch_data_task', 'manual__2024-03-12T18:08:54.435701+00:00', '--job-id', '41', '--raw', '--subdir', 'DAGS_FOLDER/other_ingestion_postgre/main_dag_sql_tujuh.py', '--cfg-path', '/tmp/tmpi5_zjlax']
[2024-03-12T18:08:55.520+0000] {standard_task_runner.py:88} INFO - Job 41: Subtask fetch_data_task
[2024-03-12T18:08:55.577+0000] {task_command.py:423} INFO - Running <TaskInstance: example_tujuh.fetch_data_task manual__2024-03-12T18:08:54.435701+00:00 [running]> on host 31e68e31498e
[2024-03-12T18:08:55.652+0000] {taskinstance.py:2510} INFO - Exporting env vars: AIRFLOW_CTX_DAG_OWNER='***' AIRFLOW_CTX_DAG_ID='example_tujuh' AIRFLOW_CTX_TASK_ID='fetch_data_task' AIRFLOW_CTX_EXECUTION_DATE='2024-03-12T18:08:54.435701+00:00' AIRFLOW_CTX_TRY_NUMBER='1' AIRFLOW_CTX_DAG_RUN_ID='manual__2024-03-12T18:08:54.435701+00:00'
[2024-03-12T18:08:55.654+0000] {warnings.py:109} WARNING - /home/***/.local/lib/python3.8/site-packages/***/utils/context.py:315: AirflowContextDeprecationWarning: Accessing 'execution_date' from the template is deprecated and will be removed in a future version. Please use 'data_interval_start' or 'logical_date' instead.
  warnings.warn(_create_deprecation_warning(k, replacements))

[2024-03-12T18:08:58.193+0000] {logging_mixin.py:188} INFO - 2024-03-12 18:08:58,193 INFO sqlalchemy.engine.Engine SELECT DATABASE()
[2024-03-12T18:08:58.193+0000] {base.py:1863} INFO - SELECT DATABASE()
[2024-03-12T18:08:58.194+0000] {logging_mixin.py:188} INFO - 2024-03-12 18:08:58,194 INFO sqlalchemy.engine.Engine [raw sql] {}
[2024-03-12T18:08:58.194+0000] {base.py:1868} INFO - [raw sql] {}
[2024-03-12T18:08:59.075+0000] {logging_mixin.py:188} INFO - 2024-03-12 18:08:59,075 INFO sqlalchemy.engine.Engine SELECT @@sql_mode
[2024-03-12T18:08:59.075+0000] {base.py:1863} INFO - SELECT @@sql_mode
[2024-03-12T18:08:59.076+0000] {logging_mixin.py:188} INFO - 2024-03-12 18:08:59,075 INFO sqlalchemy.engine.Engine [raw sql] {}
[2024-03-12T18:08:59.075+0000] {base.py:1868} INFO - [raw sql] {}
[2024-03-12T18:08:59.515+0000] {logging_mixin.py:188} INFO - 2024-03-12 18:08:59,515 INFO sqlalchemy.engine.Engine SELECT @@lower_case_table_names
[2024-03-12T18:08:59.515+0000] {base.py:1863} INFO - SELECT @@lower_case_table_names
[2024-03-12T18:08:59.516+0000] {logging_mixin.py:188} INFO - 2024-03-12 18:08:59,516 INFO sqlalchemy.engine.Engine [raw sql] {}
[2024-03-12T18:08:59.516+0000] {base.py:1868} INFO - [raw sql] {}
[2024-03-12T18:09:00.182+0000] {logging_mixin.py:188} INFO - 2024-03-12 18:09:00,182 INFO sqlalchemy.engine.Engine SELECT 
    id_transaksi, 
    tanggal_transaksi, 
    id_pelanggan, 
    metode_pembayaran, 
    barang_jasa_dibeli, 
    status_pembayaran, 
    created_at, 
    updated_at, 
    CONVERT_TZ(NOW(), 'UTC', '+07:00') as execution_at
FROM test.transaksi 
WHERE updated_at BETWEEN CONVERT_TZ(NOW(), 'UTC', '+07:00') - INTERVAL 1 HOUR AND CONVERT_TZ(NOW(), 'UTC', '+07:00');
[2024-03-12T18:09:00.182+0000] {base.py:1863} INFO - SELECT 
    id_transaksi, 
    tanggal_transaksi, 
    id_pelanggan, 
    metode_pembayaran, 
    barang_jasa_dibeli, 
    status_pembayaran, 
    created_at, 
    updated_at, 
    CONVERT_TZ(NOW(), 'UTC', '+07:00') as execution_at
FROM test.transaksi 
WHERE updated_at BETWEEN CONVERT_TZ(NOW(), 'UTC', '+07:00') - INTERVAL 1 HOUR AND CONVERT_TZ(NOW(), 'UTC', '+07:00');
[2024-03-12T18:09:00.183+0000] {logging_mixin.py:188} INFO - 2024-03-12 18:09:00,183 INFO sqlalchemy.engine.Engine [raw sql] {}
[2024-03-12T18:09:00.183+0000] {base.py:1868} INFO - [raw sql] {}
[2024-03-12T18:09:01.068+0000] {python.py:202} INFO - Done. Returned value was: None
[2024-03-12T18:09:01.077+0000] {taskinstance.py:1149} INFO - Marking task as SUCCESS. dag_id=example_tujuh, task_id=fetch_data_task, execution_date=20240312T180854, start_date=20240312T180855, end_date=20240312T180901
[2024-03-12T18:09:01.101+0000] {local_task_job_runner.py:234} INFO - Task exited with return code 0
[2024-03-12T18:09:01.122+0000] {taskinstance.py:3309} INFO - 1 downstream tasks scheduled from follow-on schedule check
