[2024-03-07T19:16:22.292+0000] {taskinstance.py:1979} INFO - Dependencies all met for dep_context=non-requeueable deps ti=<TaskInstance: example_enam_solid.fetch_data_task manual__2024-03-07T19:16:21.244154+00:00 [queued]>
[2024-03-07T19:16:22.303+0000] {taskinstance.py:1979} INFO - Dependencies all met for dep_context=requeueable deps ti=<TaskInstance: example_enam_solid.fetch_data_task manual__2024-03-07T19:16:21.244154+00:00 [queued]>
[2024-03-07T19:16:22.303+0000] {taskinstance.py:2193} INFO - Starting attempt 1 of 2
[2024-03-07T19:16:22.315+0000] {taskinstance.py:2214} INFO - Executing <Task(PythonOperator): fetch_data_task> on 2024-03-07 19:16:21.244154+00:00
[2024-03-07T19:16:22.320+0000] {standard_task_runner.py:60} INFO - Started process 3275 to run task
[2024-03-07T19:16:22.324+0000] {standard_task_runner.py:87} INFO - Running: ['***', 'tasks', 'run', 'example_enam_solid', 'fetch_data_task', 'manual__2024-03-07T19:16:21.244154+00:00', '--job-id', '150', '--raw', '--subdir', 'DAGS_FOLDER/other_ingestion_postgre/main_dag_sql_enam.py', '--cfg-path', '/tmp/tmpjlkxx2ox']
[2024-03-07T19:16:22.326+0000] {standard_task_runner.py:88} INFO - Job 150: Subtask fetch_data_task
[2024-03-07T19:16:22.368+0000] {task_command.py:423} INFO - Running <TaskInstance: example_enam_solid.fetch_data_task manual__2024-03-07T19:16:21.244154+00:00 [running]> on host c9d1ac6dab48
[2024-03-07T19:16:22.453+0000] {taskinstance.py:2510} INFO - Exporting env vars: AIRFLOW_CTX_DAG_OWNER='***' AIRFLOW_CTX_DAG_ID='example_enam_solid' AIRFLOW_CTX_TASK_ID='fetch_data_task' AIRFLOW_CTX_EXECUTION_DATE='2024-03-07T19:16:21.244154+00:00' AIRFLOW_CTX_TRY_NUMBER='1' AIRFLOW_CTX_DAG_RUN_ID='manual__2024-03-07T19:16:21.244154+00:00'
[2024-03-07T19:16:22.455+0000] {taskinstance.py:2728} ERROR - Task failed with exception
Traceback (most recent call last):
  File "/home/airflow/.local/lib/python3.8/site-packages/airflow/models/taskinstance.py", line 444, in _execute_task
    result = _execute_callable(context=context, **execute_callable_kwargs)
  File "/home/airflow/.local/lib/python3.8/site-packages/airflow/models/taskinstance.py", line 414, in _execute_callable
    return execute_callable(context=context, **execute_callable_kwargs)
  File "/home/airflow/.local/lib/python3.8/site-packages/airflow/operators/python.py", line 198, in execute
    self.op_kwargs = self.determine_kwargs(context)
  File "/home/airflow/.local/lib/python3.8/site-packages/airflow/operators/python.py", line 209, in determine_kwargs
    return KeywordParameters.determine(self.python_callable, self.op_args, context).unpacking()
  File "/home/airflow/.local/lib/python3.8/site-packages/airflow/utils/operator_helpers.py", line 163, in determine
    raise ValueError(f"The key {name!r} in args is a part of kwargs and therefore reserved.")
ValueError: The key 'execution_date' in args is a part of kwargs and therefore reserved.
[2024-03-07T19:16:22.463+0000] {taskinstance.py:1149} INFO - Marking task as UP_FOR_RETRY. dag_id=example_enam_solid, task_id=fetch_data_task, execution_date=20240307T191621, start_date=20240307T191622, end_date=20240307T191622
[2024-03-07T19:16:22.473+0000] {standard_task_runner.py:107} ERROR - Failed to execute job 150 for task fetch_data_task (The key 'execution_date' in args is a part of kwargs and therefore reserved.; 3275)
[2024-03-07T19:16:22.496+0000] {local_task_job_runner.py:234} INFO - Task exited with return code 1
[2024-03-07T19:16:22.517+0000] {taskinstance.py:3309} INFO - 0 downstream tasks scheduled from follow-on schedule check
