[2024-03-16T06:48:35.742+0000] {taskinstance.py:1979} INFO - Dependencies all met for dep_context=non-requeueable deps ti=<TaskInstance: study_case_etl_cloud_storage.fetch_data_task manual__2024-03-16T06:48:34.360882+00:00 [queued]>
[2024-03-16T06:48:35.750+0000] {taskinstance.py:1979} INFO - Dependencies all met for dep_context=requeueable deps ti=<TaskInstance: study_case_etl_cloud_storage.fetch_data_task manual__2024-03-16T06:48:34.360882+00:00 [queued]>
[2024-03-16T06:48:35.750+0000] {taskinstance.py:2193} INFO - Starting attempt 1 of 2
[2024-03-16T06:48:35.762+0000] {taskinstance.py:2214} INFO - Executing <Task(PythonOperator): fetch_data_task> on 2024-03-16 06:48:34.360882+00:00
[2024-03-16T06:48:35.766+0000] {standard_task_runner.py:60} INFO - Started process 418 to run task
[2024-03-16T06:48:35.770+0000] {standard_task_runner.py:87} INFO - Running: ['***', 'tasks', 'run', 'study_case_etl_cloud_storage', 'fetch_data_task', 'manual__2024-03-16T06:48:34.360882+00:00', '--job-id', '617', '--raw', '--subdir', 'DAGS_FOLDER/etl_day_bigquery/study_case_etl_cloud_storage.py', '--cfg-path', '/tmp/tmpqcrwsr_q']
[2024-03-16T06:48:35.772+0000] {standard_task_runner.py:88} INFO - Job 617: Subtask fetch_data_task
[2024-03-16T06:48:35.805+0000] {task_command.py:423} INFO - Running <TaskInstance: study_case_etl_cloud_storage.fetch_data_task manual__2024-03-16T06:48:34.360882+00:00 [running]> on host 5aeb2644b29c
[2024-03-16T06:48:35.877+0000] {taskinstance.py:2510} INFO - Exporting env vars: AIRFLOW_CTX_DAG_OWNER='Agus mahari' AIRFLOW_CTX_DAG_ID='study_case_etl_cloud_storage' AIRFLOW_CTX_TASK_ID='fetch_data_task' AIRFLOW_CTX_EXECUTION_DATE='2024-03-16T06:48:34.360882+00:00' AIRFLOW_CTX_TRY_NUMBER='1' AIRFLOW_CTX_DAG_RUN_ID='manual__2024-03-16T06:48:34.360882+00:00'
[2024-03-16T06:48:35.879+0000] {warnings.py:109} WARNING - /home/***/.local/lib/python3.8/site-packages/***/utils/context.py:315: AirflowContextDeprecationWarning: Accessing 'execution_date' from the template is deprecated and will be removed in a future version. Please use 'data_interval_start' or 'logical_date' instead.
  warnings.warn(_create_deprecation_warning(k, replacements))

[2024-03-16T06:48:38.400+0000] {logging_mixin.py:188} INFO - 2024-03-16 06:48:38,400 INFO sqlalchemy.engine.Engine SELECT DATABASE()
[2024-03-16T06:48:38.400+0000] {base.py:1863} INFO - SELECT DATABASE()
[2024-03-16T06:48:38.401+0000] {logging_mixin.py:188} INFO - 2024-03-16 06:48:38,401 INFO sqlalchemy.engine.Engine [raw sql] {}
[2024-03-16T06:48:38.401+0000] {base.py:1868} INFO - [raw sql] {}
[2024-03-16T06:48:39.297+0000] {logging_mixin.py:188} INFO - 2024-03-16 06:48:39,297 INFO sqlalchemy.engine.Engine SELECT @@sql_mode
[2024-03-16T06:48:39.297+0000] {base.py:1863} INFO - SELECT @@sql_mode
[2024-03-16T06:48:39.302+0000] {logging_mixin.py:188} INFO - 2024-03-16 06:48:39,302 INFO sqlalchemy.engine.Engine [raw sql] {}
[2024-03-16T06:48:39.302+0000] {base.py:1868} INFO - [raw sql] {}
[2024-03-16T06:48:39.747+0000] {logging_mixin.py:188} INFO - 2024-03-16 06:48:39,746 INFO sqlalchemy.engine.Engine SELECT @@lower_case_table_names
[2024-03-16T06:48:39.746+0000] {base.py:1863} INFO - SELECT @@lower_case_table_names
[2024-03-16T06:48:39.750+0000] {logging_mixin.py:188} INFO - 2024-03-16 06:48:39,750 INFO sqlalchemy.engine.Engine [raw sql] {}
[2024-03-16T06:48:39.750+0000] {base.py:1868} INFO - [raw sql] {}
[2024-03-16T06:48:40.443+0000] {logging_mixin.py:188} INFO - 2024-03-16 06:48:40,443 INFO sqlalchemy.engine.Engine 


   SELECT 
    *, 
    CONVERT_TZ(NOW(), 'UTC', '+07:00') as execution_at
FROM test.user
WHERE updated_at BETWEEN NOW() - INTERVAL 7 MINUTE AND NOW()
[2024-03-16T06:48:40.443+0000] {base.py:1863} INFO - 


   SELECT 
    *, 
    CONVERT_TZ(NOW(), 'UTC', '+07:00') as execution_at
FROM test.user
WHERE updated_at BETWEEN NOW() - INTERVAL 7 MINUTE AND NOW()
[2024-03-16T06:48:40.444+0000] {logging_mixin.py:188} INFO - 2024-03-16 06:48:40,444 INFO sqlalchemy.engine.Engine [raw sql] {}
[2024-03-16T06:48:40.444+0000] {base.py:1868} INFO - [raw sql] {}
[2024-03-16T06:48:41.345+0000] {python.py:202} INFO - Done. Returned value was: /opt/***/data/aplikasi_table_2024-03-16-6-48-34.parquet
[2024-03-16T06:48:41.363+0000] {taskinstance.py:1149} INFO - Marking task as SUCCESS. dag_id=study_case_etl_cloud_storage, task_id=fetch_data_task, execution_date=20240316T064834, start_date=20240316T064835, end_date=20240316T064841
[2024-03-16T06:48:41.415+0000] {local_task_job_runner.py:234} INFO - Task exited with return code 0
[2024-03-16T06:48:41.433+0000] {taskinstance.py:3309} INFO - 1 downstream tasks scheduled from follow-on schedule check
