[2024-03-16T06:06:35.769+0000] {taskinstance.py:1979} INFO - Dependencies all met for dep_context=non-requeueable deps ti=<TaskInstance: study_case_etl_cloud_storage.fetch_data_task scheduled__2024-03-15T08:00:00+00:00 [queued]>
[2024-03-16T06:06:35.779+0000] {taskinstance.py:1979} INFO - Dependencies all met for dep_context=requeueable deps ti=<TaskInstance: study_case_etl_cloud_storage.fetch_data_task scheduled__2024-03-15T08:00:00+00:00 [queued]>
[2024-03-16T06:06:35.779+0000] {taskinstance.py:2193} INFO - Starting attempt 1 of 2
[2024-03-16T06:06:35.793+0000] {taskinstance.py:2214} INFO - Executing <Task(PythonOperator): fetch_data_task> on 2024-03-15 08:00:00+00:00
[2024-03-16T06:06:35.800+0000] {standard_task_runner.py:60} INFO - Started process 169 to run task
[2024-03-16T06:06:35.803+0000] {standard_task_runner.py:87} INFO - Running: ['***', 'tasks', 'run', 'study_case_etl_cloud_storage', 'fetch_data_task', 'scheduled__2024-03-15T08:00:00+00:00', '--job-id', '493', '--raw', '--subdir', 'DAGS_FOLDER/etl_day_bigquery/study_case_etl_cloud_storage.py', '--cfg-path', '/tmp/tmp_r_8t268']
[2024-03-16T06:06:35.807+0000] {standard_task_runner.py:88} INFO - Job 493: Subtask fetch_data_task
[2024-03-16T06:06:35.856+0000] {task_command.py:423} INFO - Running <TaskInstance: study_case_etl_cloud_storage.fetch_data_task scheduled__2024-03-15T08:00:00+00:00 [running]> on host 72d5c878da28
[2024-03-16T06:06:35.916+0000] {taskinstance.py:2510} INFO - Exporting env vars: AIRFLOW_CTX_DAG_OWNER='Agus mahari' AIRFLOW_CTX_DAG_ID='study_case_etl_cloud_storage' AIRFLOW_CTX_TASK_ID='fetch_data_task' AIRFLOW_CTX_EXECUTION_DATE='2024-03-15T08:00:00+00:00' AIRFLOW_CTX_TRY_NUMBER='1' AIRFLOW_CTX_DAG_RUN_ID='scheduled__2024-03-15T08:00:00+00:00'
[2024-03-16T06:06:35.919+0000] {warnings.py:109} WARNING - /home/***/.local/lib/python3.8/site-packages/***/utils/context.py:315: AirflowContextDeprecationWarning: Accessing 'execution_date' from the template is deprecated and will be removed in a future version. Please use 'data_interval_start' or 'logical_date' instead.
  warnings.warn(_create_deprecation_warning(k, replacements))

[2024-03-16T06:06:38.489+0000] {logging_mixin.py:188} INFO - 2024-03-16 06:06:38,489 INFO sqlalchemy.engine.Engine SELECT DATABASE()
[2024-03-16T06:06:38.489+0000] {base.py:1863} INFO - SELECT DATABASE()
[2024-03-16T06:06:38.492+0000] {logging_mixin.py:188} INFO - 2024-03-16 06:06:38,491 INFO sqlalchemy.engine.Engine [raw sql] {}
[2024-03-16T06:06:38.491+0000] {base.py:1868} INFO - [raw sql] {}
[2024-03-16T06:06:39.842+0000] {logging_mixin.py:188} INFO - 2024-03-16 06:06:39,842 INFO sqlalchemy.engine.Engine SELECT @@sql_mode
[2024-03-16T06:06:39.842+0000] {base.py:1863} INFO - SELECT @@sql_mode
[2024-03-16T06:06:39.845+0000] {logging_mixin.py:188} INFO - 2024-03-16 06:06:39,844 INFO sqlalchemy.engine.Engine [raw sql] {}
[2024-03-16T06:06:39.844+0000] {base.py:1868} INFO - [raw sql] {}
[2024-03-16T06:06:40.289+0000] {logging_mixin.py:188} INFO - 2024-03-16 06:06:40,289 INFO sqlalchemy.engine.Engine SELECT @@lower_case_table_names
[2024-03-16T06:06:40.289+0000] {base.py:1863} INFO - SELECT @@lower_case_table_names
[2024-03-16T06:06:40.292+0000] {logging_mixin.py:188} INFO - 2024-03-16 06:06:40,292 INFO sqlalchemy.engine.Engine [raw sql] {}
[2024-03-16T06:06:40.292+0000] {base.py:1868} INFO - [raw sql] {}
[2024-03-16T06:06:40.979+0000] {logging_mixin.py:188} INFO - 2024-03-16 06:06:40,978 INFO sqlalchemy.engine.Engine 


   SELECT 
    *, 
    CONVERT_TZ(NOW(), 'UTC', '+07:00') as execution_at
FROM test.user
WHERE updated_at BETWEEN NOW() - INTERVAL 7 MINUTE AND NOW()
[2024-03-16T06:06:40.978+0000] {base.py:1863} INFO - 


   SELECT 
    *, 
    CONVERT_TZ(NOW(), 'UTC', '+07:00') as execution_at
FROM test.user
WHERE updated_at BETWEEN NOW() - INTERVAL 7 MINUTE AND NOW()
[2024-03-16T06:06:40.980+0000] {logging_mixin.py:188} INFO - 2024-03-16 06:06:40,980 INFO sqlalchemy.engine.Engine [raw sql] {}
[2024-03-16T06:06:40.980+0000] {base.py:1868} INFO - [raw sql] {}
[2024-03-16T06:06:41.445+0000] {python.py:202} INFO - Done. Returned value was: /opt/***/data/aplikasi_table_2024-03-15-8-00-00.parquet
[2024-03-16T06:06:41.480+0000] {taskinstance.py:1149} INFO - Marking task as SUCCESS. dag_id=study_case_etl_cloud_storage, task_id=fetch_data_task, execution_date=20240315T080000, start_date=20240316T060635, end_date=20240316T060641
[2024-03-16T06:06:41.510+0000] {local_task_job_runner.py:234} INFO - Task exited with return code 0
[2024-03-16T06:06:41.547+0000] {taskinstance.py:3309} INFO - 1 downstream tasks scheduled from follow-on schedule check
[2024-03-22T17:28:04.049+0000] {taskinstance.py:1979} INFO - Dependencies all met for dep_context=non-requeueable deps ti=<TaskInstance: study_case_etl_cloud_storage.fetch_data_task scheduled__2024-03-15T08:00:00+00:00 [queued]>
[2024-03-22T17:28:04.065+0000] {taskinstance.py:1979} INFO - Dependencies all met for dep_context=requeueable deps ti=<TaskInstance: study_case_etl_cloud_storage.fetch_data_task scheduled__2024-03-15T08:00:00+00:00 [queued]>
[2024-03-22T17:28:04.065+0000] {taskinstance.py:2193} INFO - Starting attempt 1 of 2
[2024-03-22T17:28:04.135+0000] {taskinstance.py:2214} INFO - Executing <Task(PythonOperator): fetch_data_task> on 2024-03-15 08:00:00+00:00
[2024-03-22T17:28:04.147+0000] {standard_task_runner.py:60} INFO - Started process 350 to run task
[2024-03-22T17:28:04.155+0000] {standard_task_runner.py:87} INFO - Running: ['***', 'tasks', 'run', 'study_case_etl_cloud_storage', 'fetch_data_task', 'scheduled__2024-03-15T08:00:00+00:00', '--job-id', '15', '--raw', '--subdir', 'DAGS_FOLDER/etl_day_bigquery/study_case_etl_cloud_storage.py', '--cfg-path', '/tmp/tmp_uokpuwf']
[2024-03-22T17:28:04.159+0000] {standard_task_runner.py:88} INFO - Job 15: Subtask fetch_data_task
[2024-03-22T17:28:04.320+0000] {task_command.py:423} INFO - Running <TaskInstance: study_case_etl_cloud_storage.fetch_data_task scheduled__2024-03-15T08:00:00+00:00 [running]> on host eb8b31fafb1e
[2024-03-22T17:28:04.504+0000] {taskinstance.py:2510} INFO - Exporting env vars: AIRFLOW_CTX_DAG_OWNER='Agus mahari' AIRFLOW_CTX_DAG_ID='study_case_etl_cloud_storage' AIRFLOW_CTX_TASK_ID='fetch_data_task' AIRFLOW_CTX_EXECUTION_DATE='2024-03-15T08:00:00+00:00' AIRFLOW_CTX_TRY_NUMBER='1' AIRFLOW_CTX_DAG_RUN_ID='scheduled__2024-03-15T08:00:00+00:00'
[2024-03-22T17:28:07.134+0000] {logging_mixin.py:188} INFO - 2024-03-22 17:28:07,133 INFO sqlalchemy.engine.Engine SELECT DATABASE()
[2024-03-22T17:28:07.133+0000] {base.py:1863} INFO - SELECT DATABASE()
[2024-03-22T17:28:07.134+0000] {logging_mixin.py:188} INFO - 2024-03-22 17:28:07,134 INFO sqlalchemy.engine.Engine [raw sql] {}
[2024-03-22T17:28:07.134+0000] {base.py:1868} INFO - [raw sql] {}
[2024-03-22T17:28:08.022+0000] {logging_mixin.py:188} INFO - 2024-03-22 17:28:08,021 INFO sqlalchemy.engine.Engine SELECT @@sql_mode
[2024-03-22T17:28:08.021+0000] {base.py:1863} INFO - SELECT @@sql_mode
[2024-03-22T17:28:08.023+0000] {logging_mixin.py:188} INFO - 2024-03-22 17:28:08,023 INFO sqlalchemy.engine.Engine [raw sql] {}
[2024-03-22T17:28:08.023+0000] {base.py:1868} INFO - [raw sql] {}
[2024-03-22T17:28:08.466+0000] {logging_mixin.py:188} INFO - 2024-03-22 17:28:08,466 INFO sqlalchemy.engine.Engine SELECT @@lower_case_table_names
[2024-03-22T17:28:08.466+0000] {base.py:1863} INFO - SELECT @@lower_case_table_names
[2024-03-22T17:28:08.467+0000] {logging_mixin.py:188} INFO - 2024-03-22 17:28:08,467 INFO sqlalchemy.engine.Engine [raw sql] {}
[2024-03-22T17:28:08.467+0000] {base.py:1868} INFO - [raw sql] {}
[2024-03-22T17:28:09.600+0000] {logging_mixin.py:188} INFO - 2024-03-22 17:28:09,600 INFO sqlalchemy.engine.Engine 


  SELECT 
    *
FROM databasename.mytable
[2024-03-22T17:28:09.600+0000] {base.py:1863} INFO - 


  SELECT 
    *
FROM databasename.mytable
[2024-03-22T17:28:09.602+0000] {logging_mixin.py:188} INFO - 2024-03-22 17:28:09,601 INFO sqlalchemy.engine.Engine [raw sql] {}
[2024-03-22T17:28:09.601+0000] {base.py:1868} INFO - [raw sql] {}
[2024-03-22T17:28:10.059+0000] {logging_mixin.py:188} INFO - File already exists.
[2024-03-22T17:28:10.061+0000] {python.py:202} INFO - Done. Returned value was: /opt/***/data/aplikasi_table_['{ ds }.parquet']
[2024-03-22T17:28:10.087+0000] {taskinstance.py:1149} INFO - Marking task as SUCCESS. dag_id=study_case_etl_cloud_storage, task_id=fetch_data_task, execution_date=20240315T080000, start_date=20240322T172804, end_date=20240322T172810
[2024-03-22T17:28:10.148+0000] {local_task_job_runner.py:234} INFO - Task exited with return code 0
[2024-03-22T17:28:10.163+0000] {taskinstance.py:3309} INFO - 0 downstream tasks scheduled from follow-on schedule check
