[2024-03-30T16:23:11.471+0000] {taskinstance.py:1979} INFO - Dependencies all met for dep_context=non-requeueable deps ti=<TaskInstance: study_case_etl_all_pipeline.bigquery_external_table_task manual__2024-03-30T16:21:15.223673+00:00 [queued]>
[2024-03-30T16:23:11.508+0000] {taskinstance.py:1979} INFO - Dependencies all met for dep_context=requeueable deps ti=<TaskInstance: study_case_etl_all_pipeline.bigquery_external_table_task manual__2024-03-30T16:21:15.223673+00:00 [queued]>
[2024-03-30T16:23:11.511+0000] {taskinstance.py:2193} INFO - Starting attempt 1 of 2
[2024-03-30T16:23:11.570+0000] {taskinstance.py:2214} INFO - Executing <Task(BigQueryCreateExternalTableOperator): bigquery_external_table_task> on 2024-03-30 16:21:15.223673+00:00
[2024-03-30T16:23:11.625+0000] {standard_task_runner.py:60} INFO - Started process 7283 to run task
[2024-03-30T16:23:11.636+0000] {standard_task_runner.py:87} INFO - Running: ['***', 'tasks', 'run', 'study_case_etl_all_pipeline', 'bigquery_external_table_task', 'manual__2024-03-30T16:21:15.223673+00:00', '--job-id', '74', '--raw', '--subdir', 'DAGS_FOLDER/running_dbt_core/study_case_etl_all_pipeline.py', '--cfg-path', '/tmp/tmp71g011pa']
[2024-03-30T16:23:11.664+0000] {standard_task_runner.py:88} INFO - Job 74: Subtask bigquery_external_table_task
[2024-03-30T16:23:15.647+0000] {task_command.py:423} INFO - Running <TaskInstance: study_case_etl_all_pipeline.bigquery_external_table_task manual__2024-03-30T16:21:15.223673+00:00 [running]> on host 8e1e687a7cdb
[2024-03-30T16:23:32.443+0000] {taskinstance.py:2510} INFO - Exporting env vars: AIRFLOW_CTX_DAG_OWNER='Agus mahari' AIRFLOW_CTX_DAG_ID='study_case_etl_all_pipeline' AIRFLOW_CTX_TASK_ID='bigquery_external_table_task' AIRFLOW_CTX_EXECUTION_DATE='2024-03-30T16:21:15.223673+00:00' AIRFLOW_CTX_TRY_NUMBER='1' AIRFLOW_CTX_DAG_RUN_ID='manual__2024-03-30T16:21:15.223673+00:00'
[2024-03-30T16:23:32.690+0000] {crypto.py:82} WARNING - empty cryptography key - values will not be stored encrypted.
[2024-03-30T16:23:32.815+0000] {connection.py:269} WARNING - Connection schemes (type: google_cloud_platform) shall not contain '_' according to RFC3986.
[2024-03-30T16:23:32.850+0000] {base.py:83} INFO - Using connection ID 'google_cloud_default' for task execution.
[2024-03-30T16:23:41.048+0000] {connectionpool.py:824} WARNING - Retrying (Retry(total=2, connect=None, read=None, redirect=None, status=None)) after connection broken by 'NewConnectionError('<urllib3.connection.HTTPSConnection object at 0x7f8b51d02910>: Failed to establish a new connection: [Errno -3] Temporary failure in name resolution')': /token
[2024-03-30T16:23:50.322+0000] {connectionpool.py:824} WARNING - Retrying (Retry(total=1, connect=None, read=None, redirect=None, status=None)) after connection broken by 'NewConnectionError('<urllib3.connection.HTTPSConnection object at 0x7f8b51d02a60>: Failed to establish a new connection: [Errno -3] Temporary failure in name resolution')': /token
[2024-03-30T16:24:00.647+0000] {connectionpool.py:824} WARNING - Retrying (Retry(total=0, connect=None, read=None, redirect=None, status=None)) after connection broken by 'NewConnectionError('<urllib3.connection.HTTPSConnection object at 0x7f8b51d02c40>: Failed to establish a new connection: [Errno -3] Temporary failure in name resolution')': /token
[2024-03-30T16:24:25.020+0000] {connectionpool.py:824} WARNING - Retrying (Retry(total=2, connect=None, read=None, redirect=None, status=None)) after connection broken by 'NewConnectionError('<urllib3.connection.HTTPSConnection object at 0x7f8b51ca23d0>: Failed to establish a new connection: [Errno -3] Temporary failure in name resolution')': /token
[2024-03-30T16:24:38.262+0000] {local_task_job_runner.py:296} WARNING - DagRun timed out after 0:03:22.143895.
[2024-03-30T16:24:44.223+0000] {taskinstance.py:1149} INFO - Marking task as SUCCESS. dag_id=study_case_etl_all_pipeline, task_id=bigquery_external_table_task, execution_date=20240330T162115, start_date=20240330T162311, end_date=20240330T162444
[2024-03-30T16:24:49.558+0000] {local_task_job_runner.py:302} WARNING - State of this instance has been externally set to success. Terminating instance.
[2024-03-30T16:24:49.742+0000] {process_utils.py:131} INFO - Sending 15 to group 7283. PIDs of all processes in the group: [7283]
[2024-03-30T16:24:49.837+0000] {process_utils.py:86} INFO - Sending the signal 15 to group 7283
[2024-03-30T16:24:49.846+0000] {process_utils.py:79} INFO - Process psutil.Process(pid=7283, status='terminated', exitcode=0, started='16:23:10') (7283) terminated with exit code 0
