[2024-03-15T06:33:34.216+0000] {taskinstance.py:1979} INFO - Dependencies all met for dep_context=non-requeueable deps ti=<TaskInstance: study_case_1.fetch_data_task manual__2024-03-15T06:33:33.058301+00:00 [queued]>
[2024-03-15T06:33:34.224+0000] {taskinstance.py:1979} INFO - Dependencies all met for dep_context=requeueable deps ti=<TaskInstance: study_case_1.fetch_data_task manual__2024-03-15T06:33:33.058301+00:00 [queued]>
[2024-03-15T06:33:34.224+0000] {taskinstance.py:2193} INFO - Starting attempt 1 of 2
[2024-03-15T06:33:34.236+0000] {taskinstance.py:2214} INFO - Executing <Task(PythonOperator): fetch_data_task> on 2024-03-15 06:33:33.058301+00:00
[2024-03-15T06:33:34.240+0000] {standard_task_runner.py:60} INFO - Started process 184 to run task
[2024-03-15T06:33:34.243+0000] {standard_task_runner.py:87} INFO - Running: ['***', 'tasks', 'run', 'study_case_1', 'fetch_data_task', 'manual__2024-03-15T06:33:33.058301+00:00', '--job-id', '240', '--raw', '--subdir', 'DAGS_FOLDER/pintro_aplikasi_education/study_case1.py', '--cfg-path', '/tmp/tmpzdy4swin']
[2024-03-15T06:33:34.245+0000] {standard_task_runner.py:88} INFO - Job 240: Subtask fetch_data_task
[2024-03-15T06:33:34.280+0000] {task_command.py:423} INFO - Running <TaskInstance: study_case_1.fetch_data_task manual__2024-03-15T06:33:33.058301+00:00 [running]> on host f293363f8e27
[2024-03-15T06:33:34.340+0000] {taskinstance.py:2510} INFO - Exporting env vars: AIRFLOW_CTX_DAG_OWNER='Agus mahari' AIRFLOW_CTX_DAG_ID='study_case_1' AIRFLOW_CTX_TASK_ID='fetch_data_task' AIRFLOW_CTX_EXECUTION_DATE='2024-03-15T06:33:33.058301+00:00' AIRFLOW_CTX_TRY_NUMBER='1' AIRFLOW_CTX_DAG_RUN_ID='manual__2024-03-15T06:33:33.058301+00:00'
[2024-03-15T06:33:34.342+0000] {warnings.py:109} WARNING - /home/***/.local/lib/python3.8/site-packages/***/utils/context.py:315: AirflowContextDeprecationWarning: Accessing 'execution_date' from the template is deprecated and will be removed in a future version. Please use 'data_interval_start' or 'logical_date' instead.
  warnings.warn(_create_deprecation_warning(k, replacements))

[2024-03-15T06:33:36.885+0000] {logging_mixin.py:188} INFO - 2024-03-15 06:33:36,885 INFO sqlalchemy.engine.Engine SELECT DATABASE()
[2024-03-15T06:33:36.885+0000] {base.py:1863} INFO - SELECT DATABASE()
[2024-03-15T06:33:36.886+0000] {logging_mixin.py:188} INFO - 2024-03-15 06:33:36,886 INFO sqlalchemy.engine.Engine [raw sql] {}
[2024-03-15T06:33:36.886+0000] {base.py:1868} INFO - [raw sql] {}
[2024-03-15T06:33:37.763+0000] {logging_mixin.py:188} INFO - 2024-03-15 06:33:37,762 INFO sqlalchemy.engine.Engine SELECT @@sql_mode
[2024-03-15T06:33:37.762+0000] {base.py:1863} INFO - SELECT @@sql_mode
[2024-03-15T06:33:37.764+0000] {logging_mixin.py:188} INFO - 2024-03-15 06:33:37,763 INFO sqlalchemy.engine.Engine [raw sql] {}
[2024-03-15T06:33:37.763+0000] {base.py:1868} INFO - [raw sql] {}
[2024-03-15T06:33:38.227+0000] {logging_mixin.py:188} INFO - 2024-03-15 06:33:38,226 INFO sqlalchemy.engine.Engine SELECT @@lower_case_table_names
[2024-03-15T06:33:38.226+0000] {base.py:1863} INFO - SELECT @@lower_case_table_names
[2024-03-15T06:33:38.227+0000] {logging_mixin.py:188} INFO - 2024-03-15 06:33:38,227 INFO sqlalchemy.engine.Engine [raw sql] {}
[2024-03-15T06:33:38.227+0000] {base.py:1868} INFO - [raw sql] {}
[2024-03-15T06:33:38.843+0000] {logging_mixin.py:188} INFO - 2024-03-15 06:33:38,843 INFO sqlalchemy.engine.Engine 


SELECT 
    *, 
    CONVERT_TZ(NOW(), 'UTC', '+07:00') as execution_at
FROM test.user
[2024-03-15T06:33:38.843+0000] {base.py:1863} INFO - 


SELECT 
    *, 
    CONVERT_TZ(NOW(), 'UTC', '+07:00') as execution_at
FROM test.user
[2024-03-15T06:33:38.844+0000] {logging_mixin.py:188} INFO - 2024-03-15 06:33:38,843 INFO sqlalchemy.engine.Engine [raw sql] {}
[2024-03-15T06:33:38.843+0000] {base.py:1868} INFO - [raw sql] {}
[2024-03-15T06:33:39.264+0000] {python.py:202} INFO - Done. Returned value was: None
[2024-03-15T06:33:39.271+0000] {taskinstance.py:1149} INFO - Marking task as SUCCESS. dag_id=study_case_1, task_id=fetch_data_task, execution_date=20240315T063333, start_date=20240315T063334, end_date=20240315T063339
[2024-03-15T06:33:39.294+0000] {local_task_job_runner.py:234} INFO - Task exited with return code 0
[2024-03-15T06:33:39.312+0000] {taskinstance.py:3309} INFO - 1 downstream tasks scheduled from follow-on schedule check
