[2024-03-15T02:00:01.018+0000] {taskinstance.py:1979} INFO - Dependencies all met for dep_context=non-requeueable deps ti=<TaskInstance: etl_hourly_pintro_aplikasi.fetch_data_task scheduled__2024-03-15T01:00:00+00:00 [queued]>
[2024-03-15T02:00:01.026+0000] {taskinstance.py:1979} INFO - Dependencies all met for dep_context=requeueable deps ti=<TaskInstance: etl_hourly_pintro_aplikasi.fetch_data_task scheduled__2024-03-15T01:00:00+00:00 [queued]>
[2024-03-15T02:00:01.026+0000] {taskinstance.py:2193} INFO - Starting attempt 1 of 2
[2024-03-15T02:00:01.036+0000] {taskinstance.py:2214} INFO - Executing <Task(PythonOperator): fetch_data_task> on 2024-03-15 01:00:00+00:00
[2024-03-15T02:00:01.041+0000] {standard_task_runner.py:60} INFO - Started process 8433 to run task
[2024-03-15T02:00:01.044+0000] {standard_task_runner.py:87} INFO - Running: ['***', 'tasks', 'run', 'etl_hourly_pintro_aplikasi', 'fetch_data_task', 'scheduled__2024-03-15T01:00:00+00:00', '--job-id', '178', '--raw', '--subdir', 'DAGS_FOLDER/pintro_aplikasi_education/etl_hourly_pintro_aplikasi.py', '--cfg-path', '/tmp/tmpeno5i0sc']
[2024-03-15T02:00:01.046+0000] {standard_task_runner.py:88} INFO - Job 178: Subtask fetch_data_task
[2024-03-15T02:00:01.085+0000] {task_command.py:423} INFO - Running <TaskInstance: etl_hourly_pintro_aplikasi.fetch_data_task scheduled__2024-03-15T01:00:00+00:00 [running]> on host f293363f8e27
[2024-03-15T02:00:01.147+0000] {taskinstance.py:2510} INFO - Exporting env vars: AIRFLOW_CTX_DAG_OWNER='Agus mahari' AIRFLOW_CTX_DAG_ID='etl_hourly_pintro_aplikasi' AIRFLOW_CTX_TASK_ID='fetch_data_task' AIRFLOW_CTX_EXECUTION_DATE='2024-03-15T01:00:00+00:00' AIRFLOW_CTX_TRY_NUMBER='1' AIRFLOW_CTX_DAG_RUN_ID='scheduled__2024-03-15T01:00:00+00:00'
[2024-03-15T02:00:01.148+0000] {warnings.py:109} WARNING - /home/***/.local/lib/python3.8/site-packages/***/utils/context.py:315: AirflowContextDeprecationWarning: Accessing 'execution_date' from the template is deprecated and will be removed in a future version. Please use 'data_interval_start' or 'logical_date' instead.
  warnings.warn(_create_deprecation_warning(k, replacements))

[2024-03-15T02:00:03.802+0000] {logging_mixin.py:188} INFO - 2024-03-15 02:00:03,802 INFO sqlalchemy.engine.Engine SELECT DATABASE()
[2024-03-15T02:00:03.802+0000] {base.py:1863} INFO - SELECT DATABASE()
[2024-03-15T02:00:03.806+0000] {logging_mixin.py:188} INFO - 2024-03-15 02:00:03,805 INFO sqlalchemy.engine.Engine [raw sql] {}
[2024-03-15T02:00:03.805+0000] {base.py:1868} INFO - [raw sql] {}
[2024-03-15T02:00:04.692+0000] {logging_mixin.py:188} INFO - 2024-03-15 02:00:04,692 INFO sqlalchemy.engine.Engine SELECT @@sql_mode
[2024-03-15T02:00:04.692+0000] {base.py:1863} INFO - SELECT @@sql_mode
[2024-03-15T02:00:04.693+0000] {logging_mixin.py:188} INFO - 2024-03-15 02:00:04,693 INFO sqlalchemy.engine.Engine [raw sql] {}
[2024-03-15T02:00:04.693+0000] {base.py:1868} INFO - [raw sql] {}
[2024-03-15T02:00:05.136+0000] {logging_mixin.py:188} INFO - 2024-03-15 02:00:05,136 INFO sqlalchemy.engine.Engine SELECT @@lower_case_table_names
[2024-03-15T02:00:05.136+0000] {base.py:1863} INFO - SELECT @@lower_case_table_names
[2024-03-15T02:00:05.136+0000] {logging_mixin.py:188} INFO - 2024-03-15 02:00:05,136 INFO sqlalchemy.engine.Engine [raw sql] {}
[2024-03-15T02:00:05.136+0000] {base.py:1868} INFO - [raw sql] {}
[2024-03-15T02:00:05.814+0000] {logging_mixin.py:188} INFO - 2024-03-15 02:00:05,814 INFO sqlalchemy.engine.Engine SELECT 
    id_transaksi, 
    tanggal_transaksi, 
    id_pelanggan, 
    metode_pembayaran, 
    barang_jasa_dibeli, 
    status_pembayaran, 
    created_at, 
    updated_at, 
    CONVERT_TZ(NOW(), 'UTC', '+07:00') as execution_at
FROM test.transaksi
WHERE updated_at BETWEEN CONVERT_TZ(NOW(), 'UTC', '+07:00') - INTERVAL 1 HOUR AND CONVERT_TZ(NOW(), 'UTC', '+07:00')
[2024-03-15T02:00:05.814+0000] {base.py:1863} INFO - SELECT 
    id_transaksi, 
    tanggal_transaksi, 
    id_pelanggan, 
    metode_pembayaran, 
    barang_jasa_dibeli, 
    status_pembayaran, 
    created_at, 
    updated_at, 
    CONVERT_TZ(NOW(), 'UTC', '+07:00') as execution_at
FROM test.transaksi
WHERE updated_at BETWEEN CONVERT_TZ(NOW(), 'UTC', '+07:00') - INTERVAL 1 HOUR AND CONVERT_TZ(NOW(), 'UTC', '+07:00')
[2024-03-15T02:00:05.815+0000] {logging_mixin.py:188} INFO - 2024-03-15 02:00:05,815 INFO sqlalchemy.engine.Engine [raw sql] {}
[2024-03-15T02:00:05.815+0000] {base.py:1868} INFO - [raw sql] {}
[2024-03-15T02:00:06.287+0000] {python.py:202} INFO - Done. Returned value was: None
[2024-03-15T02:00:06.296+0000] {taskinstance.py:1149} INFO - Marking task as SUCCESS. dag_id=etl_hourly_pintro_aplikasi, task_id=fetch_data_task, execution_date=20240315T010000, start_date=20240315T020001, end_date=20240315T020006
[2024-03-15T02:00:06.328+0000] {local_task_job_runner.py:234} INFO - Task exited with return code 0
[2024-03-15T02:00:06.347+0000] {taskinstance.py:3309} INFO - 1 downstream tasks scheduled from follow-on schedule check
