[2024-03-16T06:11:51.802+0000] {taskinstance.py:1979} INFO - Dependencies all met for dep_context=non-requeueable deps ti=<TaskInstance: study_case_etl_cloud_storage.fetch_data_task scheduled__2024-03-15T11:00:00+00:00 [queued]>
[2024-03-16T06:11:51.834+0000] {taskinstance.py:1979} INFO - Dependencies all met for dep_context=requeueable deps ti=<TaskInstance: study_case_etl_cloud_storage.fetch_data_task scheduled__2024-03-15T11:00:00+00:00 [queued]>
[2024-03-16T06:11:51.837+0000] {taskinstance.py:2193} INFO - Starting attempt 1 of 2
[2024-03-16T06:11:51.870+0000] {taskinstance.py:2214} INFO - Executing <Task(PythonOperator): fetch_data_task> on 2024-03-15 11:00:00+00:00
[2024-03-16T06:11:51.880+0000] {standard_task_runner.py:60} INFO - Started process 360 to run task
[2024-03-16T06:11:51.888+0000] {standard_task_runner.py:87} INFO - Running: ['***', 'tasks', 'run', 'study_case_etl_cloud_storage', 'fetch_data_task', 'scheduled__2024-03-15T11:00:00+00:00', '--job-id', '528', '--raw', '--subdir', 'DAGS_FOLDER/etl_day_bigquery/study_case_etl_cloud_storage.py', '--cfg-path', '/tmp/tmp4zja_h_3']
[2024-03-16T06:11:51.896+0000] {standard_task_runner.py:88} INFO - Job 528: Subtask fetch_data_task
[2024-03-16T06:11:51.982+0000] {task_command.py:423} INFO - Running <TaskInstance: study_case_etl_cloud_storage.fetch_data_task scheduled__2024-03-15T11:00:00+00:00 [running]> on host 72d5c878da28
[2024-03-16T06:11:52.100+0000] {taskinstance.py:2510} INFO - Exporting env vars: AIRFLOW_CTX_DAG_OWNER='Agus mahari' AIRFLOW_CTX_DAG_ID='study_case_etl_cloud_storage' AIRFLOW_CTX_TASK_ID='fetch_data_task' AIRFLOW_CTX_EXECUTION_DATE='2024-03-15T11:00:00+00:00' AIRFLOW_CTX_TRY_NUMBER='1' AIRFLOW_CTX_DAG_RUN_ID='scheduled__2024-03-15T11:00:00+00:00'
[2024-03-16T06:11:52.102+0000] {warnings.py:109} WARNING - /home/***/.local/lib/python3.8/site-packages/***/utils/context.py:315: AirflowContextDeprecationWarning: Accessing 'execution_date' from the template is deprecated and will be removed in a future version. Please use 'data_interval_start' or 'logical_date' instead.
  warnings.warn(_create_deprecation_warning(k, replacements))

[2024-03-16T06:11:54.819+0000] {logging_mixin.py:188} INFO - 2024-03-16 06:11:54,819 INFO sqlalchemy.engine.Engine SELECT DATABASE()
[2024-03-16T06:11:54.819+0000] {base.py:1863} INFO - SELECT DATABASE()
[2024-03-16T06:11:54.820+0000] {logging_mixin.py:188} INFO - 2024-03-16 06:11:54,820 INFO sqlalchemy.engine.Engine [raw sql] {}
[2024-03-16T06:11:54.820+0000] {base.py:1868} INFO - [raw sql] {}
[2024-03-16T06:11:55.707+0000] {logging_mixin.py:188} INFO - 2024-03-16 06:11:55,707 INFO sqlalchemy.engine.Engine SELECT @@sql_mode
[2024-03-16T06:11:55.707+0000] {base.py:1863} INFO - SELECT @@sql_mode
[2024-03-16T06:11:55.708+0000] {logging_mixin.py:188} INFO - 2024-03-16 06:11:55,708 INFO sqlalchemy.engine.Engine [raw sql] {}
[2024-03-16T06:11:55.708+0000] {base.py:1868} INFO - [raw sql] {}
[2024-03-16T06:11:56.155+0000] {logging_mixin.py:188} INFO - 2024-03-16 06:11:56,155 INFO sqlalchemy.engine.Engine SELECT @@lower_case_table_names
[2024-03-16T06:11:56.155+0000] {base.py:1863} INFO - SELECT @@lower_case_table_names
[2024-03-16T06:11:56.156+0000] {logging_mixin.py:188} INFO - 2024-03-16 06:11:56,156 INFO sqlalchemy.engine.Engine [raw sql] {}
[2024-03-16T06:11:56.156+0000] {base.py:1868} INFO - [raw sql] {}
[2024-03-16T06:11:56.820+0000] {logging_mixin.py:188} INFO - 2024-03-16 06:11:56,819 INFO sqlalchemy.engine.Engine 


   SELECT 
    *, 
    CONVERT_TZ(NOW(), 'UTC', '+07:00') as execution_at
FROM test.user
WHERE updated_at BETWEEN NOW() - INTERVAL 7 MINUTE AND NOW()
[2024-03-16T06:11:56.819+0000] {base.py:1863} INFO - 


   SELECT 
    *, 
    CONVERT_TZ(NOW(), 'UTC', '+07:00') as execution_at
FROM test.user
WHERE updated_at BETWEEN NOW() - INTERVAL 7 MINUTE AND NOW()
[2024-03-16T06:11:56.824+0000] {logging_mixin.py:188} INFO - 2024-03-16 06:11:56,824 INFO sqlalchemy.engine.Engine [raw sql] {}
[2024-03-16T06:11:56.824+0000] {base.py:1868} INFO - [raw sql] {}
[2024-03-16T06:11:57.291+0000] {python.py:202} INFO - Done. Returned value was: /opt/***/data/aplikasi_table_2024-03-15-11-00-00.parquet
[2024-03-16T06:11:57.311+0000] {taskinstance.py:1149} INFO - Marking task as SUCCESS. dag_id=study_case_etl_cloud_storage, task_id=fetch_data_task, execution_date=20240315T110000, start_date=20240316T061151, end_date=20240316T061157
[2024-03-16T06:11:57.371+0000] {local_task_job_runner.py:234} INFO - Task exited with return code 0
[2024-03-16T06:11:57.391+0000] {taskinstance.py:3309} INFO - 1 downstream tasks scheduled from follow-on schedule check
[2024-03-22T17:28:19.766+0000] {taskinstance.py:1979} INFO - Dependencies all met for dep_context=non-requeueable deps ti=<TaskInstance: study_case_etl_cloud_storage.fetch_data_task scheduled__2024-03-15T11:00:00+00:00 [queued]>
[2024-03-22T17:28:19.789+0000] {taskinstance.py:1979} INFO - Dependencies all met for dep_context=requeueable deps ti=<TaskInstance: study_case_etl_cloud_storage.fetch_data_task scheduled__2024-03-15T11:00:00+00:00 [queued]>
[2024-03-22T17:28:19.791+0000] {taskinstance.py:2193} INFO - Starting attempt 1 of 2
[2024-03-22T17:28:19.869+0000] {taskinstance.py:2214} INFO - Executing <Task(PythonOperator): fetch_data_task> on 2024-03-15 11:00:00+00:00
[2024-03-22T17:28:19.885+0000] {standard_task_runner.py:60} INFO - Started process 381 to run task
[2024-03-22T17:28:19.890+0000] {standard_task_runner.py:87} INFO - Running: ['***', 'tasks', 'run', 'study_case_etl_cloud_storage', 'fetch_data_task', 'scheduled__2024-03-15T11:00:00+00:00', '--job-id', '21', '--raw', '--subdir', 'DAGS_FOLDER/etl_day_bigquery/study_case_etl_cloud_storage.py', '--cfg-path', '/tmp/tmpxx16a39v']
[2024-03-22T17:28:19.904+0000] {standard_task_runner.py:88} INFO - Job 21: Subtask fetch_data_task
[2024-03-22T17:28:19.991+0000] {task_command.py:423} INFO - Running <TaskInstance: study_case_etl_cloud_storage.fetch_data_task scheduled__2024-03-15T11:00:00+00:00 [running]> on host eb8b31fafb1e
[2024-03-22T17:28:20.166+0000] {taskinstance.py:2510} INFO - Exporting env vars: AIRFLOW_CTX_DAG_OWNER='Agus mahari' AIRFLOW_CTX_DAG_ID='study_case_etl_cloud_storage' AIRFLOW_CTX_TASK_ID='fetch_data_task' AIRFLOW_CTX_EXECUTION_DATE='2024-03-15T11:00:00+00:00' AIRFLOW_CTX_TRY_NUMBER='1' AIRFLOW_CTX_DAG_RUN_ID='scheduled__2024-03-15T11:00:00+00:00'
[2024-03-22T17:28:22.955+0000] {logging_mixin.py:188} INFO - 2024-03-22 17:28:22,954 INFO sqlalchemy.engine.Engine SELECT DATABASE()
[2024-03-22T17:28:22.954+0000] {base.py:1863} INFO - SELECT DATABASE()
[2024-03-22T17:28:22.957+0000] {logging_mixin.py:188} INFO - 2024-03-22 17:28:22,957 INFO sqlalchemy.engine.Engine [raw sql] {}
[2024-03-22T17:28:22.957+0000] {base.py:1868} INFO - [raw sql] {}
[2024-03-22T17:28:23.843+0000] {logging_mixin.py:188} INFO - 2024-03-22 17:28:23,842 INFO sqlalchemy.engine.Engine SELECT @@sql_mode
[2024-03-22T17:28:23.842+0000] {base.py:1863} INFO - SELECT @@sql_mode
[2024-03-22T17:28:23.848+0000] {logging_mixin.py:188} INFO - 2024-03-22 17:28:23,848 INFO sqlalchemy.engine.Engine [raw sql] {}
[2024-03-22T17:28:23.848+0000] {base.py:1868} INFO - [raw sql] {}
[2024-03-22T17:28:24.296+0000] {logging_mixin.py:188} INFO - 2024-03-22 17:28:24,296 INFO sqlalchemy.engine.Engine SELECT @@lower_case_table_names
[2024-03-22T17:28:24.296+0000] {base.py:1863} INFO - SELECT @@lower_case_table_names
[2024-03-22T17:28:24.296+0000] {logging_mixin.py:188} INFO - 2024-03-22 17:28:24,296 INFO sqlalchemy.engine.Engine [raw sql] {}
[2024-03-22T17:28:24.296+0000] {base.py:1868} INFO - [raw sql] {}
[2024-03-22T17:28:24.959+0000] {logging_mixin.py:188} INFO - 2024-03-22 17:28:24,959 INFO sqlalchemy.engine.Engine 


  SELECT 
    *
FROM databasename.mytable
[2024-03-22T17:28:24.959+0000] {base.py:1863} INFO - 


  SELECT 
    *
FROM databasename.mytable
[2024-03-22T17:28:24.960+0000] {logging_mixin.py:188} INFO - 2024-03-22 17:28:24,960 INFO sqlalchemy.engine.Engine [raw sql] {}
[2024-03-22T17:28:24.960+0000] {base.py:1868} INFO - [raw sql] {}
[2024-03-22T17:28:25.421+0000] {logging_mixin.py:188} INFO - File already exists.
[2024-03-22T17:28:25.423+0000] {python.py:202} INFO - Done. Returned value was: /opt/***/data/aplikasi_table_['{ ds }.parquet']
[2024-03-22T17:28:25.441+0000] {taskinstance.py:1149} INFO - Marking task as SUCCESS. dag_id=study_case_etl_cloud_storage, task_id=fetch_data_task, execution_date=20240315T110000, start_date=20240322T172819, end_date=20240322T172825
[2024-03-22T17:28:25.468+0000] {local_task_job_runner.py:234} INFO - Task exited with return code 0
[2024-03-22T17:28:25.480+0000] {taskinstance.py:3309} INFO - 0 downstream tasks scheduled from follow-on schedule check
