[2024-03-22T18:32:02.493+0000] {taskinstance.py:1979} INFO - Dependencies all met for dep_context=non-requeueable deps ti=<TaskInstance: my_first_dag.bash_task_1 manual__2024-03-22T18:32:01.174690+00:00 [queued]>
[2024-03-22T18:32:02.501+0000] {taskinstance.py:1979} INFO - Dependencies all met for dep_context=requeueable deps ti=<TaskInstance: my_first_dag.bash_task_1 manual__2024-03-22T18:32:01.174690+00:00 [queued]>
[2024-03-22T18:32:02.501+0000] {taskinstance.py:2193} INFO - Starting attempt 1 of 11
[2024-03-22T18:32:02.512+0000] {taskinstance.py:2214} INFO - Executing <Task(BashOperator): bash_task_1> on 2024-03-22 18:32:01.174690+00:00
[2024-03-22T18:32:02.515+0000] {standard_task_runner.py:60} INFO - Started process 594 to run task
[2024-03-22T18:32:02.518+0000] {standard_task_runner.py:87} INFO - Running: ['***', 'tasks', 'run', 'my_first_dag', 'bash_task_1', 'manual__2024-03-22T18:32:01.174690+00:00', '--job-id', '243', '--raw', '--subdir', 'DAGS_FOLDER/running_dbt_core/running_dbt_core.py', '--cfg-path', '/tmp/tmpbfenmcby']
[2024-03-22T18:32:02.519+0000] {standard_task_runner.py:88} INFO - Job 243: Subtask bash_task_1
[2024-03-22T18:32:02.553+0000] {task_command.py:423} INFO - Running <TaskInstance: my_first_dag.bash_task_1 manual__2024-03-22T18:32:01.174690+00:00 [running]> on host 428086c4ef09
[2024-03-22T18:32:02.613+0000] {taskinstance.py:2510} INFO - Exporting env vars: AIRFLOW_CTX_DAG_OWNER='proton' AIRFLOW_CTX_DAG_ID='my_first_dag' AIRFLOW_CTX_TASK_ID='bash_task_1' AIRFLOW_CTX_EXECUTION_DATE='2024-03-22T18:32:01.174690+00:00' AIRFLOW_CTX_TRY_NUMBER='1' AIRFLOW_CTX_DAG_RUN_ID='manual__2024-03-22T18:32:01.174690+00:00'
[2024-03-22T18:32:02.614+0000] {subprocess.py:63} INFO - Tmp dir root location: /tmp
[2024-03-22T18:32:02.615+0000] {subprocess.py:75} INFO - Running command: ['/usr/bin/bash', '-c', 'cd /opt/***/dbt/credit_card_dwh && dbt deps && dbt seed --profiles-dir .']
[2024-03-22T18:32:02.622+0000] {subprocess.py:86} INFO - Output:
[2024-03-22T18:32:05.158+0000] {subprocess.py:93} INFO - [0m18:32:05  Running with dbt=1.7.10
[2024-03-22T18:32:08.213+0000] {subprocess.py:93} INFO - [0m18:32:08  Installing dbt-labs/dbt_utils
[2024-03-22T18:32:09.256+0000] {subprocess.py:93} INFO - [0m18:32:09  Installed from version 0.8.0
[2024-03-22T18:32:09.257+0000] {subprocess.py:93} INFO - [0m18:32:09  Updated version available: 1.1.1
[2024-03-22T18:32:09.259+0000] {subprocess.py:93} INFO - [0m18:32:09  Installing calogica/dbt_expectations
[2024-03-22T18:32:12.073+0000] {subprocess.py:93} INFO - [0m18:32:12  Installed from version 0.8.5
[2024-03-22T18:32:12.074+0000] {subprocess.py:93} INFO - [0m18:32:12  Updated version available: 0.10.3
[2024-03-22T18:32:12.076+0000] {subprocess.py:93} INFO - [0m18:32:12  Installing calogica/dbt_date
[2024-03-22T18:32:12.641+0000] {subprocess.py:93} INFO - [0m18:32:12  Installed from version 0.7.2
[2024-03-22T18:32:12.642+0000] {subprocess.py:93} INFO - [0m18:32:12  Updated version available: 0.10.0
[2024-03-22T18:32:12.644+0000] {subprocess.py:93} INFO - [0m18:32:12
[2024-03-22T18:32:12.646+0000] {subprocess.py:93} INFO - [0m18:32:12  Updates available for packages: ['dbt-labs/dbt_utils', 'calogica/dbt_expectations', 'calogica/dbt_date']
[2024-03-22T18:32:12.646+0000] {subprocess.py:93} INFO - Update your versions in packages.yml, then run dbt deps
[2024-03-22T18:32:17.099+0000] {subprocess.py:93} INFO - [0m18:32:17  Running with dbt=1.7.10
[2024-03-22T18:32:18.184+0000] {subprocess.py:93} INFO - [0m18:32:18  Registered adapter: bigquery=1.7.6
[2024-03-22T18:32:18.236+0000] {subprocess.py:93} INFO - [0m18:32:18  Unable to do partial parsing because profile has changed
[2024-03-22T18:32:20.486+0000] {subprocess.py:93} INFO - [0m18:32:20  [[33mWARNING[0m]: Found patch for macro "decode_EDUCATION" which was not found
[2024-03-22T18:32:20.489+0000] {subprocess.py:93} INFO - [0m18:32:20  [[33mWARNING[0m]: Found patch for macro "decode_HOUSING" which was not found
[2024-03-22T18:32:20.491+0000] {subprocess.py:93} INFO - [0m18:32:20  [[33mWARNING[0m]: Found patch for macro "decode_INCOME" which was not found
[2024-03-22T18:32:20.493+0000] {subprocess.py:93} INFO - [0m18:32:20  [[33mWARNING[0m]: Found patch for macro "decode_JOB" which was not found
[2024-03-22T18:32:20.496+0000] {subprocess.py:93} INFO - [0m18:32:20  [[33mWARNING[0m]: Found patch for macro "decode_MARITAL" which was not found
[2024-03-22T18:32:20.554+0000] {subprocess.py:93} INFO - [0m18:32:20  [[33mWARNING[0m]: Did not find matching node for patch with name 'nested__recipient' in the 'models' section of file 'models/schema.yml'
[2024-03-22T18:32:20.901+0000] {subprocess.py:93} INFO - [0m18:32:20  Found 15 models, 5 seeds, 20 tests, 1 source, 0 exposures, 0 metrics, 870 macros, 0 groups, 0 semantic models
[2024-03-22T18:32:20.905+0000] {subprocess.py:93} INFO - [0m18:32:20
[2024-03-22T18:32:22.537+0000] {subprocess.py:93} INFO - [0m18:32:22  Concurrency: 4 threads (target='dev')
[2024-03-22T18:32:22.543+0000] {subprocess.py:93} INFO - [0m18:32:22
[2024-03-22T18:32:22.579+0000] {subprocess.py:93} INFO - [0m18:32:22  1 of 5 START seed file final_project.dim_EDUCATION ............................. [RUN]
[2024-03-22T18:32:22.581+0000] {subprocess.py:93} INFO - [0m18:32:22  2 of 5 START seed file final_project.dim_HOUSING ............................... [RUN]
[2024-03-22T18:32:22.582+0000] {subprocess.py:93} INFO - [0m18:32:22  3 of 5 START seed file final_project.dim_INCOME ................................ [RUN]
[2024-03-22T18:32:22.583+0000] {subprocess.py:93} INFO - [0m18:32:22  4 of 5 START seed file final_project.dim_JOB ................................... [RUN]
[2024-03-22T18:32:29.513+0000] {subprocess.py:93} INFO - [0m18:32:29  3 of 5 OK loaded seed file final_project.dim_INCOME ............................ [[32mINSERT 5[0m in 6.93s]
[2024-03-22T18:32:29.517+0000] {subprocess.py:93} INFO - [0m18:32:29  5 of 5 START seed file final_project.dim_MARITAL ............................... [RUN]
[2024-03-22T18:32:29.556+0000] {subprocess.py:93} INFO - [0m18:32:29  1 of 5 OK loaded seed file final_project.dim_EDUCATION ......................... [[32mINSERT 5[0m in 6.97s]
[2024-03-22T18:32:29.569+0000] {subprocess.py:93} INFO - [0m18:32:29  4 of 5 OK loaded seed file final_project.dim_JOB ............................... [[32mINSERT 19[0m in 6.98s]
[2024-03-22T18:32:29.677+0000] {subprocess.py:93} INFO - [0m18:32:29  2 of 5 OK loaded seed file final_project.dim_HOUSING ........................... [[32mINSERT 6[0m in 7.09s]
[2024-03-22T18:32:36.195+0000] {subprocess.py:93} INFO - [0m18:32:36  5 of 5 OK loaded seed file final_project.dim_MARITAL ........................... [[32mINSERT 5[0m in 6.67s]
[2024-03-22T18:32:36.205+0000] {subprocess.py:93} INFO - [0m18:32:36
[2024-03-22T18:32:36.207+0000] {subprocess.py:93} INFO - [0m18:32:36  Finished running 5 seeds in 0 hours 0 minutes and 15.30 seconds (15.30s).
[2024-03-22T18:32:36.239+0000] {subprocess.py:93} INFO - [0m18:32:36
[2024-03-22T18:32:36.240+0000] {subprocess.py:93} INFO - [0m18:32:36  [32mCompleted successfully[0m
[2024-03-22T18:32:36.242+0000] {subprocess.py:93} INFO - [0m18:32:36
[2024-03-22T18:32:36.243+0000] {subprocess.py:93} INFO - [0m18:32:36  Done. PASS=5 WARN=0 ERROR=0 SKIP=0 TOTAL=5
[2024-03-22T18:32:38.871+0000] {subprocess.py:97} INFO - Command exited with return code 0
[2024-03-22T18:32:38.894+0000] {taskinstance.py:1149} INFO - Marking task as SUCCESS. dag_id=my_first_dag, task_id=bash_task_1, execution_date=20240322T183201, start_date=20240322T183202, end_date=20240322T183238
[2024-03-22T18:32:38.946+0000] {local_task_job_runner.py:234} INFO - Task exited with return code 0
[2024-03-22T18:32:38.956+0000] {taskinstance.py:3309} INFO - 0 downstream tasks scheduled from follow-on schedule check
