[2024-03-16T06:18:25.963+0000] {taskinstance.py:1979} INFO - Dependencies all met for dep_context=non-requeueable deps ti=<TaskInstance: study_case_etl_cloud_storage.fetch_data_task scheduled__2024-03-16T03:00:00+00:00 [queued]>
[2024-03-16T06:18:25.974+0000] {taskinstance.py:1979} INFO - Dependencies all met for dep_context=requeueable deps ti=<TaskInstance: study_case_etl_cloud_storage.fetch_data_task scheduled__2024-03-16T03:00:00+00:00 [queued]>
[2024-03-16T06:18:25.974+0000] {taskinstance.py:2193} INFO - Starting attempt 1 of 2
[2024-03-16T06:18:25.993+0000] {taskinstance.py:2214} INFO - Executing <Task(PythonOperator): fetch_data_task> on 2024-03-16 03:00:00+00:00
[2024-03-16T06:18:26.000+0000] {standard_task_runner.py:60} INFO - Started process 118 to run task
[2024-03-16T06:18:26.005+0000] {standard_task_runner.py:87} INFO - Running: ['***', 'tasks', 'run', 'study_case_etl_cloud_storage', 'fetch_data_task', 'scheduled__2024-03-16T03:00:00+00:00', '--job-id', '596', '--raw', '--subdir', 'DAGS_FOLDER/etl_day_bigquery/study_case_etl_cloud_storage.py', '--cfg-path', '/tmp/tmpy_4y1ws8']
[2024-03-16T06:18:26.008+0000] {standard_task_runner.py:88} INFO - Job 596: Subtask fetch_data_task
[2024-03-16T06:18:26.075+0000] {task_command.py:423} INFO - Running <TaskInstance: study_case_etl_cloud_storage.fetch_data_task scheduled__2024-03-16T03:00:00+00:00 [running]> on host 5aeb2644b29c
[2024-03-16T06:18:26.185+0000] {taskinstance.py:2510} INFO - Exporting env vars: AIRFLOW_CTX_DAG_OWNER='Agus mahari' AIRFLOW_CTX_DAG_ID='study_case_etl_cloud_storage' AIRFLOW_CTX_TASK_ID='fetch_data_task' AIRFLOW_CTX_EXECUTION_DATE='2024-03-16T03:00:00+00:00' AIRFLOW_CTX_TRY_NUMBER='1' AIRFLOW_CTX_DAG_RUN_ID='scheduled__2024-03-16T03:00:00+00:00'
[2024-03-16T06:18:26.188+0000] {warnings.py:109} WARNING - /home/***/.local/lib/python3.8/site-packages/***/utils/context.py:315: AirflowContextDeprecationWarning: Accessing 'execution_date' from the template is deprecated and will be removed in a future version. Please use 'data_interval_start' or 'logical_date' instead.
  warnings.warn(_create_deprecation_warning(k, replacements))

[2024-03-16T06:18:28.916+0000] {logging_mixin.py:188} INFO - 2024-03-16 06:18:28,916 INFO sqlalchemy.engine.Engine SELECT DATABASE()
[2024-03-16T06:18:28.916+0000] {base.py:1863} INFO - SELECT DATABASE()
[2024-03-16T06:18:28.919+0000] {logging_mixin.py:188} INFO - 2024-03-16 06:18:28,918 INFO sqlalchemy.engine.Engine [raw sql] {}
[2024-03-16T06:18:28.918+0000] {base.py:1868} INFO - [raw sql] {}
[2024-03-16T06:18:29.826+0000] {logging_mixin.py:188} INFO - 2024-03-16 06:18:29,825 INFO sqlalchemy.engine.Engine SELECT @@sql_mode
[2024-03-16T06:18:29.825+0000] {base.py:1863} INFO - SELECT @@sql_mode
[2024-03-16T06:18:29.826+0000] {logging_mixin.py:188} INFO - 2024-03-16 06:18:29,826 INFO sqlalchemy.engine.Engine [raw sql] {}
[2024-03-16T06:18:29.826+0000] {base.py:1868} INFO - [raw sql] {}
[2024-03-16T06:18:30.288+0000] {logging_mixin.py:188} INFO - 2024-03-16 06:18:30,288 INFO sqlalchemy.engine.Engine SELECT @@lower_case_table_names
[2024-03-16T06:18:30.288+0000] {base.py:1863} INFO - SELECT @@lower_case_table_names
[2024-03-16T06:18:30.289+0000] {logging_mixin.py:188} INFO - 2024-03-16 06:18:30,289 INFO sqlalchemy.engine.Engine [raw sql] {}
[2024-03-16T06:18:30.289+0000] {base.py:1868} INFO - [raw sql] {}
[2024-03-16T06:18:30.975+0000] {logging_mixin.py:188} INFO - 2024-03-16 06:18:30,975 INFO sqlalchemy.engine.Engine 


   SELECT 
    *, 
    CONVERT_TZ(NOW(), 'UTC', '+07:00') as execution_at
FROM test.user
WHERE updated_at BETWEEN NOW() - INTERVAL 7 MINUTE AND NOW()
[2024-03-16T06:18:30.975+0000] {base.py:1863} INFO - 


   SELECT 
    *, 
    CONVERT_TZ(NOW(), 'UTC', '+07:00') as execution_at
FROM test.user
WHERE updated_at BETWEEN NOW() - INTERVAL 7 MINUTE AND NOW()
[2024-03-16T06:18:30.976+0000] {logging_mixin.py:188} INFO - 2024-03-16 06:18:30,976 INFO sqlalchemy.engine.Engine [raw sql] {}
[2024-03-16T06:18:30.976+0000] {base.py:1868} INFO - [raw sql] {}
[2024-03-16T06:18:31.503+0000] {python.py:202} INFO - Done. Returned value was: /opt/***/data/aplikasi_table_2024-03-16-3-00-00.parquet
[2024-03-16T06:18:31.543+0000] {taskinstance.py:1149} INFO - Marking task as SUCCESS. dag_id=study_case_etl_cloud_storage, task_id=fetch_data_task, execution_date=20240316T030000, start_date=20240316T061825, end_date=20240316T061831
[2024-03-16T06:18:31.583+0000] {local_task_job_runner.py:234} INFO - Task exited with return code 0
[2024-03-16T06:18:31.608+0000] {taskinstance.py:3309} INFO - 1 downstream tasks scheduled from follow-on schedule check
[2024-03-22T17:28:34.519+0000] {taskinstance.py:1979} INFO - Dependencies all met for dep_context=non-requeueable deps ti=<TaskInstance: study_case_etl_cloud_storage.fetch_data_task scheduled__2024-03-16T03:00:00+00:00 [queued]>
[2024-03-22T17:28:34.540+0000] {taskinstance.py:1979} INFO - Dependencies all met for dep_context=requeueable deps ti=<TaskInstance: study_case_etl_cloud_storage.fetch_data_task scheduled__2024-03-16T03:00:00+00:00 [queued]>
[2024-03-22T17:28:34.541+0000] {taskinstance.py:2193} INFO - Starting attempt 1 of 2
[2024-03-22T17:28:34.594+0000] {taskinstance.py:2214} INFO - Executing <Task(PythonOperator): fetch_data_task> on 2024-03-16 03:00:00+00:00
[2024-03-22T17:28:34.611+0000] {standard_task_runner.py:60} INFO - Started process 426 to run task
[2024-03-22T17:28:34.628+0000] {standard_task_runner.py:87} INFO - Running: ['***', 'tasks', 'run', 'study_case_etl_cloud_storage', 'fetch_data_task', 'scheduled__2024-03-16T03:00:00+00:00', '--job-id', '37', '--raw', '--subdir', 'DAGS_FOLDER/etl_day_bigquery/study_case_etl_cloud_storage.py', '--cfg-path', '/tmp/tmp_hwtb0s7']
[2024-03-22T17:28:34.654+0000] {standard_task_runner.py:88} INFO - Job 37: Subtask fetch_data_task
[2024-03-22T17:28:34.811+0000] {task_command.py:423} INFO - Running <TaskInstance: study_case_etl_cloud_storage.fetch_data_task scheduled__2024-03-16T03:00:00+00:00 [running]> on host eb8b31fafb1e
[2024-03-22T17:28:35.117+0000] {taskinstance.py:2510} INFO - Exporting env vars: AIRFLOW_CTX_DAG_OWNER='Agus mahari' AIRFLOW_CTX_DAG_ID='study_case_etl_cloud_storage' AIRFLOW_CTX_TASK_ID='fetch_data_task' AIRFLOW_CTX_EXECUTION_DATE='2024-03-16T03:00:00+00:00' AIRFLOW_CTX_TRY_NUMBER='1' AIRFLOW_CTX_DAG_RUN_ID='scheduled__2024-03-16T03:00:00+00:00'
[2024-03-22T17:28:38.062+0000] {logging_mixin.py:188} INFO - 2024-03-22 17:28:38,062 INFO sqlalchemy.engine.Engine SELECT DATABASE()
[2024-03-22T17:28:38.062+0000] {base.py:1863} INFO - SELECT DATABASE()
[2024-03-22T17:28:38.063+0000] {logging_mixin.py:188} INFO - 2024-03-22 17:28:38,063 INFO sqlalchemy.engine.Engine [raw sql] {}
[2024-03-22T17:28:38.063+0000] {base.py:1868} INFO - [raw sql] {}
[2024-03-22T17:28:38.945+0000] {logging_mixin.py:188} INFO - 2024-03-22 17:28:38,945 INFO sqlalchemy.engine.Engine SELECT @@sql_mode
[2024-03-22T17:28:38.945+0000] {base.py:1863} INFO - SELECT @@sql_mode
[2024-03-22T17:28:38.946+0000] {logging_mixin.py:188} INFO - 2024-03-22 17:28:38,946 INFO sqlalchemy.engine.Engine [raw sql] {}
[2024-03-22T17:28:38.946+0000] {base.py:1868} INFO - [raw sql] {}
[2024-03-22T17:28:39.389+0000] {logging_mixin.py:188} INFO - 2024-03-22 17:28:39,388 INFO sqlalchemy.engine.Engine SELECT @@lower_case_table_names
[2024-03-22T17:28:39.388+0000] {base.py:1863} INFO - SELECT @@lower_case_table_names
[2024-03-22T17:28:39.390+0000] {logging_mixin.py:188} INFO - 2024-03-22 17:28:39,390 INFO sqlalchemy.engine.Engine [raw sql] {}
[2024-03-22T17:28:39.390+0000] {base.py:1868} INFO - [raw sql] {}
[2024-03-22T17:28:40.050+0000] {logging_mixin.py:188} INFO - 2024-03-22 17:28:40,050 INFO sqlalchemy.engine.Engine 


  SELECT 
    *
FROM databasename.mytable
[2024-03-22T17:28:40.050+0000] {base.py:1863} INFO - 


  SELECT 
    *
FROM databasename.mytable
[2024-03-22T17:28:40.050+0000] {logging_mixin.py:188} INFO - 2024-03-22 17:28:40,050 INFO sqlalchemy.engine.Engine [raw sql] {}
[2024-03-22T17:28:40.050+0000] {base.py:1868} INFO - [raw sql] {}
[2024-03-22T17:28:40.499+0000] {logging_mixin.py:188} INFO - File already exists.
[2024-03-22T17:28:40.501+0000] {python.py:202} INFO - Done. Returned value was: /opt/***/data/aplikasi_table_['{ ds }.parquet']
[2024-03-22T17:28:40.519+0000] {taskinstance.py:1149} INFO - Marking task as SUCCESS. dag_id=study_case_etl_cloud_storage, task_id=fetch_data_task, execution_date=20240316T030000, start_date=20240322T172834, end_date=20240322T172840
[2024-03-22T17:28:40.541+0000] {local_task_job_runner.py:234} INFO - Task exited with return code 0
[2024-03-22T17:28:40.556+0000] {taskinstance.py:3309} INFO - 0 downstream tasks scheduled from follow-on schedule check
