[2024-03-16T06:11:52.532+0000] {taskinstance.py:1979} INFO - Dependencies all met for dep_context=non-requeueable deps ti=<TaskInstance: study_case_etl_cloud_storage.fetch_data_task scheduled__2024-03-15T13:00:00+00:00 [queued]>
[2024-03-16T06:11:52.547+0000] {taskinstance.py:1979} INFO - Dependencies all met for dep_context=requeueable deps ti=<TaskInstance: study_case_etl_cloud_storage.fetch_data_task scheduled__2024-03-15T13:00:00+00:00 [queued]>
[2024-03-16T06:11:52.548+0000] {taskinstance.py:2193} INFO - Starting attempt 1 of 2
[2024-03-16T06:11:52.567+0000] {taskinstance.py:2214} INFO - Executing <Task(PythonOperator): fetch_data_task> on 2024-03-15 13:00:00+00:00
[2024-03-16T06:11:52.576+0000] {standard_task_runner.py:60} INFO - Started process 366 to run task
[2024-03-16T06:11:52.585+0000] {standard_task_runner.py:87} INFO - Running: ['***', 'tasks', 'run', 'study_case_etl_cloud_storage', 'fetch_data_task', 'scheduled__2024-03-15T13:00:00+00:00', '--job-id', '530', '--raw', '--subdir', 'DAGS_FOLDER/etl_day_bigquery/study_case_etl_cloud_storage.py', '--cfg-path', '/tmp/tmpjlgcr8n5']
[2024-03-16T06:11:52.590+0000] {standard_task_runner.py:88} INFO - Job 530: Subtask fetch_data_task
[2024-03-16T06:11:52.706+0000] {task_command.py:423} INFO - Running <TaskInstance: study_case_etl_cloud_storage.fetch_data_task scheduled__2024-03-15T13:00:00+00:00 [running]> on host 72d5c878da28
[2024-03-16T06:11:52.890+0000] {taskinstance.py:2510} INFO - Exporting env vars: AIRFLOW_CTX_DAG_OWNER='Agus mahari' AIRFLOW_CTX_DAG_ID='study_case_etl_cloud_storage' AIRFLOW_CTX_TASK_ID='fetch_data_task' AIRFLOW_CTX_EXECUTION_DATE='2024-03-15T13:00:00+00:00' AIRFLOW_CTX_TRY_NUMBER='1' AIRFLOW_CTX_DAG_RUN_ID='scheduled__2024-03-15T13:00:00+00:00'
[2024-03-16T06:11:52.894+0000] {warnings.py:109} WARNING - /home/***/.local/lib/python3.8/site-packages/***/utils/context.py:315: AirflowContextDeprecationWarning: Accessing 'execution_date' from the template is deprecated and will be removed in a future version. Please use 'data_interval_start' or 'logical_date' instead.
  warnings.warn(_create_deprecation_warning(k, replacements))

[2024-03-16T06:11:55.505+0000] {logging_mixin.py:188} INFO - 2024-03-16 06:11:55,504 INFO sqlalchemy.engine.Engine SELECT DATABASE()
[2024-03-16T06:11:55.504+0000] {base.py:1863} INFO - SELECT DATABASE()
[2024-03-16T06:11:55.506+0000] {logging_mixin.py:188} INFO - 2024-03-16 06:11:55,506 INFO sqlalchemy.engine.Engine [raw sql] {}
[2024-03-16T06:11:55.506+0000] {base.py:1868} INFO - [raw sql] {}
[2024-03-16T06:11:56.387+0000] {logging_mixin.py:188} INFO - 2024-03-16 06:11:56,387 INFO sqlalchemy.engine.Engine SELECT @@sql_mode
[2024-03-16T06:11:56.387+0000] {base.py:1863} INFO - SELECT @@sql_mode
[2024-03-16T06:11:56.388+0000] {logging_mixin.py:188} INFO - 2024-03-16 06:11:56,388 INFO sqlalchemy.engine.Engine [raw sql] {}
[2024-03-16T06:11:56.388+0000] {base.py:1868} INFO - [raw sql] {}
[2024-03-16T06:11:56.834+0000] {logging_mixin.py:188} INFO - 2024-03-16 06:11:56,834 INFO sqlalchemy.engine.Engine SELECT @@lower_case_table_names
[2024-03-16T06:11:56.834+0000] {base.py:1863} INFO - SELECT @@lower_case_table_names
[2024-03-16T06:11:56.835+0000] {logging_mixin.py:188} INFO - 2024-03-16 06:11:56,835 INFO sqlalchemy.engine.Engine [raw sql] {}
[2024-03-16T06:11:56.835+0000] {base.py:1868} INFO - [raw sql] {}
[2024-03-16T06:11:57.500+0000] {logging_mixin.py:188} INFO - 2024-03-16 06:11:57,500 INFO sqlalchemy.engine.Engine 


   SELECT 
    *, 
    CONVERT_TZ(NOW(), 'UTC', '+07:00') as execution_at
FROM test.user
WHERE updated_at BETWEEN NOW() - INTERVAL 7 MINUTE AND NOW()
[2024-03-16T06:11:57.500+0000] {base.py:1863} INFO - 


   SELECT 
    *, 
    CONVERT_TZ(NOW(), 'UTC', '+07:00') as execution_at
FROM test.user
WHERE updated_at BETWEEN NOW() - INTERVAL 7 MINUTE AND NOW()
[2024-03-16T06:11:57.500+0000] {logging_mixin.py:188} INFO - 2024-03-16 06:11:57,500 INFO sqlalchemy.engine.Engine [raw sql] {}
[2024-03-16T06:11:57.500+0000] {base.py:1868} INFO - [raw sql] {}
[2024-03-16T06:11:57.950+0000] {python.py:202} INFO - Done. Returned value was: /opt/***/data/aplikasi_table_2024-03-15-13-00-00.parquet
[2024-03-16T06:11:57.968+0000] {taskinstance.py:1149} INFO - Marking task as SUCCESS. dag_id=study_case_etl_cloud_storage, task_id=fetch_data_task, execution_date=20240315T130000, start_date=20240316T061152, end_date=20240316T061157
[2024-03-16T06:11:57.990+0000] {local_task_job_runner.py:234} INFO - Task exited with return code 0
[2024-03-16T06:11:58.006+0000] {taskinstance.py:3309} INFO - 1 downstream tasks scheduled from follow-on schedule check
[2024-03-22T17:28:21.843+0000] {taskinstance.py:1979} INFO - Dependencies all met for dep_context=non-requeueable deps ti=<TaskInstance: study_case_etl_cloud_storage.fetch_data_task scheduled__2024-03-15T13:00:00+00:00 [queued]>
[2024-03-22T17:28:21.853+0000] {taskinstance.py:1979} INFO - Dependencies all met for dep_context=requeueable deps ti=<TaskInstance: study_case_etl_cloud_storage.fetch_data_task scheduled__2024-03-15T13:00:00+00:00 [queued]>
[2024-03-22T17:28:21.854+0000] {taskinstance.py:2193} INFO - Starting attempt 1 of 2
[2024-03-22T17:28:21.869+0000] {taskinstance.py:2214} INFO - Executing <Task(PythonOperator): fetch_data_task> on 2024-03-15 13:00:00+00:00
[2024-03-22T17:28:21.878+0000] {standard_task_runner.py:60} INFO - Started process 393 to run task
[2024-03-22T17:28:21.910+0000] {standard_task_runner.py:87} INFO - Running: ['***', 'tasks', 'run', 'study_case_etl_cloud_storage', 'fetch_data_task', 'scheduled__2024-03-15T13:00:00+00:00', '--job-id', '24', '--raw', '--subdir', 'DAGS_FOLDER/etl_day_bigquery/study_case_etl_cloud_storage.py', '--cfg-path', '/tmp/tmps8l2wg_v']
[2024-03-22T17:28:21.950+0000] {standard_task_runner.py:88} INFO - Job 24: Subtask fetch_data_task
[2024-03-22T17:28:22.032+0000] {task_command.py:423} INFO - Running <TaskInstance: study_case_etl_cloud_storage.fetch_data_task scheduled__2024-03-15T13:00:00+00:00 [running]> on host eb8b31fafb1e
[2024-03-22T17:28:22.145+0000] {taskinstance.py:2510} INFO - Exporting env vars: AIRFLOW_CTX_DAG_OWNER='Agus mahari' AIRFLOW_CTX_DAG_ID='study_case_etl_cloud_storage' AIRFLOW_CTX_TASK_ID='fetch_data_task' AIRFLOW_CTX_EXECUTION_DATE='2024-03-15T13:00:00+00:00' AIRFLOW_CTX_TRY_NUMBER='1' AIRFLOW_CTX_DAG_RUN_ID='scheduled__2024-03-15T13:00:00+00:00'
[2024-03-22T17:28:24.985+0000] {logging_mixin.py:188} INFO - 2024-03-22 17:28:24,984 INFO sqlalchemy.engine.Engine SELECT DATABASE()
[2024-03-22T17:28:24.984+0000] {base.py:1863} INFO - SELECT DATABASE()
[2024-03-22T17:28:24.986+0000] {logging_mixin.py:188} INFO - 2024-03-22 17:28:24,986 INFO sqlalchemy.engine.Engine [raw sql] {}
[2024-03-22T17:28:24.986+0000] {base.py:1868} INFO - [raw sql] {}
[2024-03-22T17:28:25.893+0000] {logging_mixin.py:188} INFO - 2024-03-22 17:28:25,893 INFO sqlalchemy.engine.Engine SELECT @@sql_mode
[2024-03-22T17:28:25.893+0000] {base.py:1863} INFO - SELECT @@sql_mode
[2024-03-22T17:28:25.894+0000] {logging_mixin.py:188} INFO - 2024-03-22 17:28:25,894 INFO sqlalchemy.engine.Engine [raw sql] {}
[2024-03-22T17:28:25.894+0000] {base.py:1868} INFO - [raw sql] {}
[2024-03-22T17:28:26.368+0000] {logging_mixin.py:188} INFO - 2024-03-22 17:28:26,368 INFO sqlalchemy.engine.Engine SELECT @@lower_case_table_names
[2024-03-22T17:28:26.368+0000] {base.py:1863} INFO - SELECT @@lower_case_table_names
[2024-03-22T17:28:26.370+0000] {logging_mixin.py:188} INFO - 2024-03-22 17:28:26,369 INFO sqlalchemy.engine.Engine [raw sql] {}
[2024-03-22T17:28:26.369+0000] {base.py:1868} INFO - [raw sql] {}
[2024-03-22T17:28:27.037+0000] {logging_mixin.py:188} INFO - 2024-03-22 17:28:27,037 INFO sqlalchemy.engine.Engine 


  SELECT 
    *
FROM databasename.mytable
[2024-03-22T17:28:27.037+0000] {base.py:1863} INFO - 


  SELECT 
    *
FROM databasename.mytable
[2024-03-22T17:28:27.046+0000] {logging_mixin.py:188} INFO - 2024-03-22 17:28:27,046 INFO sqlalchemy.engine.Engine [raw sql] {}
[2024-03-22T17:28:27.046+0000] {base.py:1868} INFO - [raw sql] {}
[2024-03-22T17:28:27.493+0000] {logging_mixin.py:188} INFO - File already exists.
[2024-03-22T17:28:27.496+0000] {python.py:202} INFO - Done. Returned value was: /opt/***/data/aplikasi_table_['{ ds }.parquet']
[2024-03-22T17:28:27.525+0000] {taskinstance.py:1149} INFO - Marking task as SUCCESS. dag_id=study_case_etl_cloud_storage, task_id=fetch_data_task, execution_date=20240315T130000, start_date=20240322T172821, end_date=20240322T172827
[2024-03-22T17:28:27.571+0000] {local_task_job_runner.py:234} INFO - Task exited with return code 0
[2024-03-22T17:28:27.585+0000] {taskinstance.py:3309} INFO - 0 downstream tasks scheduled from follow-on schedule check
