[2024-03-17T09:34:40.114+0000] {taskinstance.py:1979} INFO - Dependencies all met for dep_context=non-requeueable deps ti=<TaskInstance: study_case_etl_cloud_storage_tiga.fetch_data_aplikasi_consumer_task_id manual__2024-03-17T09:34:37.605435+00:00 [queued]>
[2024-03-17T09:34:40.126+0000] {taskinstance.py:1979} INFO - Dependencies all met for dep_context=requeueable deps ti=<TaskInstance: study_case_etl_cloud_storage_tiga.fetch_data_aplikasi_consumer_task_id manual__2024-03-17T09:34:37.605435+00:00 [queued]>
[2024-03-17T09:34:40.127+0000] {taskinstance.py:2193} INFO - Starting attempt 1 of 2
[2024-03-17T09:34:40.141+0000] {taskinstance.py:2214} INFO - Executing <Task(PythonOperator): fetch_data_aplikasi_consumer_task_id> on 2024-03-17 09:34:37.605435+00:00
[2024-03-17T09:34:40.150+0000] {standard_task_runner.py:60} INFO - Started process 9475 to run task
[2024-03-17T09:34:40.152+0000] {standard_task_runner.py:87} INFO - Running: ['***', 'tasks', 'run', 'study_case_etl_cloud_storage_tiga', 'fetch_data_aplikasi_consumer_task_id', 'manual__2024-03-17T09:34:37.605435+00:00', '--job-id', '1067', '--raw', '--subdir', 'DAGS_FOLDER/etl_day_bigquery/study_case_etl_cloud_bigquery.py', '--cfg-path', '/tmp/tmp6zkb8aqv']
[2024-03-17T09:34:40.155+0000] {standard_task_runner.py:88} INFO - Job 1067: Subtask fetch_data_aplikasi_consumer_task_id
[2024-03-17T09:34:40.203+0000] {task_command.py:423} INFO - Running <TaskInstance: study_case_etl_cloud_storage_tiga.fetch_data_aplikasi_consumer_task_id manual__2024-03-17T09:34:37.605435+00:00 [running]> on host 1d5b76b26ba5
[2024-03-17T09:34:40.282+0000] {taskinstance.py:2510} INFO - Exporting env vars: AIRFLOW_CTX_DAG_OWNER='Agus mahari' AIRFLOW_CTX_DAG_ID='study_case_etl_cloud_storage_tiga' AIRFLOW_CTX_TASK_ID='fetch_data_aplikasi_consumer_task_id' AIRFLOW_CTX_EXECUTION_DATE='2024-03-17T09:34:37.605435+00:00' AIRFLOW_CTX_TRY_NUMBER='1' AIRFLOW_CTX_DAG_RUN_ID='manual__2024-03-17T09:34:37.605435+00:00'
[2024-03-17T09:34:42.865+0000] {logging_mixin.py:188} INFO - 2024-03-17 09:34:42,865 INFO sqlalchemy.engine.Engine SELECT DATABASE()
[2024-03-17T09:34:42.865+0000] {base.py:1863} INFO - SELECT DATABASE()
[2024-03-17T09:34:42.868+0000] {logging_mixin.py:188} INFO - 2024-03-17 09:34:42,868 INFO sqlalchemy.engine.Engine [raw sql] {}
[2024-03-17T09:34:42.868+0000] {base.py:1868} INFO - [raw sql] {}
[2024-03-17T09:34:43.756+0000] {logging_mixin.py:188} INFO - 2024-03-17 09:34:43,756 INFO sqlalchemy.engine.Engine SELECT @@sql_mode
[2024-03-17T09:34:43.756+0000] {base.py:1863} INFO - SELECT @@sql_mode
[2024-03-17T09:34:43.757+0000] {logging_mixin.py:188} INFO - 2024-03-17 09:34:43,757 INFO sqlalchemy.engine.Engine [raw sql] {}
[2024-03-17T09:34:43.757+0000] {base.py:1868} INFO - [raw sql] {}
[2024-03-17T09:34:44.200+0000] {logging_mixin.py:188} INFO - 2024-03-17 09:34:44,199 INFO sqlalchemy.engine.Engine SELECT @@lower_case_table_names
[2024-03-17T09:34:44.199+0000] {base.py:1863} INFO - SELECT @@lower_case_table_names
[2024-03-17T09:34:44.200+0000] {logging_mixin.py:188} INFO - 2024-03-17 09:34:44,200 INFO sqlalchemy.engine.Engine [raw sql] {}
[2024-03-17T09:34:44.200+0000] {base.py:1868} INFO - [raw sql] {}
[2024-03-17T09:34:44.879+0000] {logging_mixin.py:188} INFO - 2024-03-17 09:34:44,878 INFO sqlalchemy.engine.Engine 



  SELECT 
    *
FROM databasename.consumer
[2024-03-17T09:34:44.878+0000] {base.py:1863} INFO - 



  SELECT 
    *
FROM databasename.consumer
[2024-03-17T09:34:44.880+0000] {logging_mixin.py:188} INFO - 2024-03-17 09:34:44,879 INFO sqlalchemy.engine.Engine [raw sql] {}
[2024-03-17T09:34:44.879+0000] {base.py:1868} INFO - [raw sql] {}
[2024-03-17T09:34:45.334+0000] {logging_mixin.py:188} INFO - File already exists.
[2024-03-17T09:34:45.337+0000] {python.py:202} INFO - Done. Returned value was: /opt/***/data/fetch_data_aplikasi_consumer_task_id_2024-03-17.csv
[2024-03-17T09:34:45.377+0000] {taskinstance.py:1149} INFO - Marking task as SUCCESS. dag_id=study_case_etl_cloud_storage_tiga, task_id=fetch_data_aplikasi_consumer_task_id, execution_date=20240317T093437, start_date=20240317T093440, end_date=20240317T093445
[2024-03-17T09:34:45.449+0000] {local_task_job_runner.py:234} INFO - Task exited with return code 0
[2024-03-17T09:34:45.474+0000] {taskinstance.py:3309} INFO - 1 downstream tasks scheduled from follow-on schedule check
