[2024-03-13T14:16:20.684+0000] {taskinstance.py:1979} INFO - Dependencies all met for dep_context=non-requeueable deps ti=<TaskInstance: example_delapan.fetch_data_task manual__2024-03-13T14:16:18.189811+00:00 [queued]>
[2024-03-13T14:16:20.695+0000] {taskinstance.py:1979} INFO - Dependencies all met for dep_context=requeueable deps ti=<TaskInstance: example_delapan.fetch_data_task manual__2024-03-13T14:16:18.189811+00:00 [queued]>
[2024-03-13T14:16:20.696+0000] {taskinstance.py:2193} INFO - Starting attempt 1 of 2
[2024-03-13T14:16:20.711+0000] {taskinstance.py:2214} INFO - Executing <Task(PythonOperator): fetch_data_task> on 2024-03-13 14:16:18.189811+00:00
[2024-03-13T14:16:20.718+0000] {standard_task_runner.py:60} INFO - Started process 106 to run task
[2024-03-13T14:16:20.723+0000] {standard_task_runner.py:87} INFO - Running: ['***', 'tasks', 'run', 'example_delapan', 'fetch_data_task', 'manual__2024-03-13T14:16:18.189811+00:00', '--job-id', '138', '--raw', '--subdir', 'DAGS_FOLDER/other_ingestion_postgre/main_dag_sql_delapan.py', '--cfg-path', '/tmp/tmp1l38w1l9']
[2024-03-13T14:16:20.728+0000] {standard_task_runner.py:88} INFO - Job 138: Subtask fetch_data_task
[2024-03-13T14:16:20.787+0000] {task_command.py:423} INFO - Running <TaskInstance: example_delapan.fetch_data_task manual__2024-03-13T14:16:18.189811+00:00 [running]> on host 35f9a0b3ca47
[2024-03-13T14:16:20.858+0000] {taskinstance.py:2510} INFO - Exporting env vars: AIRFLOW_CTX_DAG_OWNER='***' AIRFLOW_CTX_DAG_ID='example_delapan' AIRFLOW_CTX_TASK_ID='fetch_data_task' AIRFLOW_CTX_EXECUTION_DATE='2024-03-13T14:16:18.189811+00:00' AIRFLOW_CTX_TRY_NUMBER='1' AIRFLOW_CTX_DAG_RUN_ID='manual__2024-03-13T14:16:18.189811+00:00'
[2024-03-13T14:16:20.859+0000] {warnings.py:109} WARNING - /home/***/.local/lib/python3.8/site-packages/***/utils/context.py:315: AirflowContextDeprecationWarning: Accessing 'execution_date' from the template is deprecated and will be removed in a future version. Please use 'data_interval_start' or 'logical_date' instead.
  warnings.warn(_create_deprecation_warning(k, replacements))

[2024-03-13T14:16:23.691+0000] {logging_mixin.py:188} INFO - 2024-03-13 14:16:23,691 INFO sqlalchemy.engine.Engine SELECT DATABASE()
[2024-03-13T14:16:23.691+0000] {base.py:1863} INFO - SELECT DATABASE()
[2024-03-13T14:16:23.692+0000] {logging_mixin.py:188} INFO - 2024-03-13 14:16:23,692 INFO sqlalchemy.engine.Engine [raw sql] {}
[2024-03-13T14:16:23.692+0000] {base.py:1868} INFO - [raw sql] {}
[2024-03-13T14:16:24.717+0000] {logging_mixin.py:188} INFO - 2024-03-13 14:16:24,716 INFO sqlalchemy.engine.Engine SELECT @@sql_mode
[2024-03-13T14:16:24.716+0000] {base.py:1863} INFO - SELECT @@sql_mode
[2024-03-13T14:16:24.718+0000] {logging_mixin.py:188} INFO - 2024-03-13 14:16:24,717 INFO sqlalchemy.engine.Engine [raw sql] {}
[2024-03-13T14:16:24.717+0000] {base.py:1868} INFO - [raw sql] {}
[2024-03-13T14:16:25.223+0000] {logging_mixin.py:188} INFO - 2024-03-13 14:16:25,223 INFO sqlalchemy.engine.Engine SELECT @@lower_case_table_names
[2024-03-13T14:16:25.223+0000] {base.py:1863} INFO - SELECT @@lower_case_table_names
[2024-03-13T14:16:25.224+0000] {logging_mixin.py:188} INFO - 2024-03-13 14:16:25,224 INFO sqlalchemy.engine.Engine [raw sql] {}
[2024-03-13T14:16:25.224+0000] {base.py:1868} INFO - [raw sql] {}
[2024-03-13T14:16:25.961+0000] {logging_mixin.py:188} INFO - 2024-03-13 14:16:25,961 INFO sqlalchemy.engine.Engine SELECT 
    id_transaksi, 
    tanggal_transaksi, 
    id_pelanggan, 
    metode_pembayaran, 
    barang_jasa_dibeli, 
    status_pembayaran, 
    created_at, 
    updated_at, 
    CONVERT_TZ(NOW(), 'UTC', '+07:00') as execution_at
FROM test.transaksi
[2024-03-13T14:16:25.961+0000] {base.py:1863} INFO - SELECT 
    id_transaksi, 
    tanggal_transaksi, 
    id_pelanggan, 
    metode_pembayaran, 
    barang_jasa_dibeli, 
    status_pembayaran, 
    created_at, 
    updated_at, 
    CONVERT_TZ(NOW(), 'UTC', '+07:00') as execution_at
FROM test.transaksi 
[2024-03-13T14:16:25.962+0000] {logging_mixin.py:188} INFO - 2024-03-13 14:16:25,962 INFO sqlalchemy.engine.Engine [raw sql] {}
[2024-03-13T14:16:25.962+0000] {base.py:1868} INFO - [raw sql] {}
[2024-03-13T14:16:26.492+0000] {python.py:202} INFO - Done. Returned value was: None
[2024-03-13T14:16:26.500+0000] {taskinstance.py:1149} INFO - Marking task as SUCCESS. dag_id=example_delapan, task_id=fetch_data_task, execution_date=20240313T141618, start_date=20240313T141620, end_date=20240313T141626
[2024-03-13T14:16:26.553+0000] {local_task_job_runner.py:234} INFO - Task exited with return code 0
[2024-03-13T14:16:26.575+0000] {taskinstance.py:3309} INFO - 1 downstream tasks scheduled from follow-on schedule check
