[2024-03-17T07:05:58.184+0000] {taskinstance.py:1979} INFO - Dependencies all met for dep_context=non-requeueable deps ti=<TaskInstance: study_case_etl_cloud_storage_tiga.fetch_data_aplikasi_product_task_id manual__2024-03-17T07:05:55.210380+00:00 [queued]>
[2024-03-17T07:05:58.194+0000] {taskinstance.py:1979} INFO - Dependencies all met for dep_context=requeueable deps ti=<TaskInstance: study_case_etl_cloud_storage_tiga.fetch_data_aplikasi_product_task_id manual__2024-03-17T07:05:55.210380+00:00 [queued]>
[2024-03-17T07:05:58.195+0000] {taskinstance.py:2193} INFO - Starting attempt 1 of 2
[2024-03-17T07:05:58.210+0000] {taskinstance.py:2214} INFO - Executing <Task(PythonOperator): fetch_data_aplikasi_product_task_id> on 2024-03-17 07:05:55.210380+00:00
[2024-03-17T07:05:58.215+0000] {standard_task_runner.py:60} INFO - Started process 6859 to run task
[2024-03-17T07:05:58.220+0000] {standard_task_runner.py:87} INFO - Running: ['***', 'tasks', 'run', 'study_case_etl_cloud_storage_tiga', 'fetch_data_aplikasi_product_task_id', 'manual__2024-03-17T07:05:55.210380+00:00', '--job-id', '963', '--raw', '--subdir', 'DAGS_FOLDER/etl_day_bigquery/study_case_etl_cloud_bigquery.py', '--cfg-path', '/tmp/tmpl6p4qraf']
[2024-03-17T07:05:58.225+0000] {standard_task_runner.py:88} INFO - Job 963: Subtask fetch_data_aplikasi_product_task_id
[2024-03-17T07:05:58.287+0000] {task_command.py:423} INFO - Running <TaskInstance: study_case_etl_cloud_storage_tiga.fetch_data_aplikasi_product_task_id manual__2024-03-17T07:05:55.210380+00:00 [running]> on host 1d5b76b26ba5
[2024-03-17T07:05:58.368+0000] {taskinstance.py:2510} INFO - Exporting env vars: AIRFLOW_CTX_DAG_OWNER='Agus mahari' AIRFLOW_CTX_DAG_ID='study_case_etl_cloud_storage_tiga' AIRFLOW_CTX_TASK_ID='fetch_data_aplikasi_product_task_id' AIRFLOW_CTX_EXECUTION_DATE='2024-03-17T07:05:55.210380+00:00' AIRFLOW_CTX_TRY_NUMBER='1' AIRFLOW_CTX_DAG_RUN_ID='manual__2024-03-17T07:05:55.210380+00:00'
[2024-03-17T07:06:01.030+0000] {logging_mixin.py:188} INFO - 2024-03-17 07:06:01,030 INFO sqlalchemy.engine.Engine SELECT DATABASE()
[2024-03-17T07:06:01.030+0000] {base.py:1863} INFO - SELECT DATABASE()
[2024-03-17T07:06:01.031+0000] {logging_mixin.py:188} INFO - 2024-03-17 07:06:01,031 INFO sqlalchemy.engine.Engine [raw sql] {}
[2024-03-17T07:06:01.031+0000] {base.py:1868} INFO - [raw sql] {}
[2024-03-17T07:06:01.918+0000] {logging_mixin.py:188} INFO - 2024-03-17 07:06:01,918 INFO sqlalchemy.engine.Engine SELECT @@sql_mode
[2024-03-17T07:06:01.918+0000] {base.py:1863} INFO - SELECT @@sql_mode
[2024-03-17T07:06:01.919+0000] {logging_mixin.py:188} INFO - 2024-03-17 07:06:01,919 INFO sqlalchemy.engine.Engine [raw sql] {}
[2024-03-17T07:06:01.919+0000] {base.py:1868} INFO - [raw sql] {}
[2024-03-17T07:06:02.369+0000] {logging_mixin.py:188} INFO - 2024-03-17 07:06:02,369 INFO sqlalchemy.engine.Engine SELECT @@lower_case_table_names
[2024-03-17T07:06:02.369+0000] {base.py:1863} INFO - SELECT @@lower_case_table_names
[2024-03-17T07:06:02.370+0000] {logging_mixin.py:188} INFO - 2024-03-17 07:06:02,370 INFO sqlalchemy.engine.Engine [raw sql] {}
[2024-03-17T07:06:02.370+0000] {base.py:1868} INFO - [raw sql] {}
[2024-03-17T07:06:03.189+0000] {logging_mixin.py:188} INFO - 2024-03-17 07:06:03,189 INFO sqlalchemy.engine.Engine 



  SELECT 
    *
FROM databasename.product
[2024-03-17T07:06:03.189+0000] {base.py:1863} INFO - 



  SELECT 
    *
FROM databasename.product
[2024-03-17T07:06:03.189+0000] {logging_mixin.py:188} INFO - 2024-03-17 07:06:03,189 INFO sqlalchemy.engine.Engine [raw sql] {}
[2024-03-17T07:06:03.189+0000] {base.py:1868} INFO - [raw sql] {}
[2024-03-17T07:06:03.636+0000] {logging_mixin.py:188} INFO - File already exists.
[2024-03-17T07:06:03.638+0000] {python.py:202} INFO - Done. Returned value was: /opt/***/data/fetch_data_aplikasi_product_task_id_2024-03-17.csv
[2024-03-17T07:06:03.659+0000] {taskinstance.py:1149} INFO - Marking task as SUCCESS. dag_id=study_case_etl_cloud_storage_tiga, task_id=fetch_data_aplikasi_product_task_id, execution_date=20240317T070555, start_date=20240317T070558, end_date=20240317T070603
[2024-03-17T07:06:03.679+0000] {local_task_job_runner.py:234} INFO - Task exited with return code 0
[2024-03-17T07:06:03.700+0000] {taskinstance.py:3309} INFO - 0 downstream tasks scheduled from follow-on schedule check
