[2024-03-12T09:43:52.558+0000] {taskinstance.py:1979} INFO - Dependencies all met for dep_context=non-requeueable deps ti=<TaskInstance: example_lima_solid.fetch_data_task manual__2024-03-12T09:43:50.968564+00:00 [queued]>
[2024-03-12T09:43:52.566+0000] {taskinstance.py:1979} INFO - Dependencies all met for dep_context=requeueable deps ti=<TaskInstance: example_lima_solid.fetch_data_task manual__2024-03-12T09:43:50.968564+00:00 [queued]>
[2024-03-12T09:43:52.566+0000] {taskinstance.py:2193} INFO - Starting attempt 1 of 2
[2024-03-12T09:43:52.578+0000] {taskinstance.py:2214} INFO - Executing <Task(PythonOperator): fetch_data_task> on 2024-03-12 09:43:50.968564+00:00
[2024-03-12T09:43:52.583+0000] {standard_task_runner.py:60} INFO - Started process 268 to run task
[2024-03-12T09:43:52.586+0000] {standard_task_runner.py:87} INFO - Running: ['***', 'tasks', 'run', 'example_lima_solid', 'fetch_data_task', 'manual__2024-03-12T09:43:50.968564+00:00', '--job-id', '24', '--raw', '--subdir', 'DAGS_FOLDER/other_ingestion_postgre/main_dag_sql_lima.py', '--cfg-path', '/tmp/tmpuza14l08']
[2024-03-12T09:43:52.588+0000] {standard_task_runner.py:88} INFO - Job 24: Subtask fetch_data_task
[2024-03-12T09:43:52.626+0000] {task_command.py:423} INFO - Running <TaskInstance: example_lima_solid.fetch_data_task manual__2024-03-12T09:43:50.968564+00:00 [running]> on host 31e68e31498e
[2024-03-12T09:43:52.687+0000] {taskinstance.py:2510} INFO - Exporting env vars: AIRFLOW_CTX_DAG_OWNER='***' AIRFLOW_CTX_DAG_ID='example_lima_solid' AIRFLOW_CTX_TASK_ID='fetch_data_task' AIRFLOW_CTX_EXECUTION_DATE='2024-03-12T09:43:50.968564+00:00' AIRFLOW_CTX_TRY_NUMBER='1' AIRFLOW_CTX_DAG_RUN_ID='manual__2024-03-12T09:43:50.968564+00:00'
[2024-03-12T09:43:52.688+0000] {warnings.py:109} WARNING - /home/***/.local/lib/python3.8/site-packages/***/utils/context.py:315: AirflowContextDeprecationWarning: Accessing 'execution_date' from the template is deprecated and will be removed in a future version. Please use 'data_interval_start' or 'logical_date' instead.
  warnings.warn(_create_deprecation_warning(k, replacements))

[2024-03-12T09:43:55.296+0000] {logging_mixin.py:188} INFO - 2024-03-12 09:43:55,296 INFO sqlalchemy.engine.Engine SELECT DATABASE()
[2024-03-12T09:43:55.296+0000] {base.py:1863} INFO - SELECT DATABASE()
[2024-03-12T09:43:55.297+0000] {logging_mixin.py:188} INFO - 2024-03-12 09:43:55,296 INFO sqlalchemy.engine.Engine [raw sql] {}
[2024-03-12T09:43:55.296+0000] {base.py:1868} INFO - [raw sql] {}
[2024-03-12T09:43:56.182+0000] {logging_mixin.py:188} INFO - 2024-03-12 09:43:56,182 INFO sqlalchemy.engine.Engine SELECT @@sql_mode
[2024-03-12T09:43:56.182+0000] {base.py:1863} INFO - SELECT @@sql_mode
[2024-03-12T09:43:56.183+0000] {logging_mixin.py:188} INFO - 2024-03-12 09:43:56,183 INFO sqlalchemy.engine.Engine [raw sql] {}
[2024-03-12T09:43:56.183+0000] {base.py:1868} INFO - [raw sql] {}
[2024-03-12T09:43:56.635+0000] {logging_mixin.py:188} INFO - 2024-03-12 09:43:56,635 INFO sqlalchemy.engine.Engine SELECT @@lower_case_table_names
[2024-03-12T09:43:56.635+0000] {base.py:1863} INFO - SELECT @@lower_case_table_names
[2024-03-12T09:43:56.636+0000] {logging_mixin.py:188} INFO - 2024-03-12 09:43:56,635 INFO sqlalchemy.engine.Engine [raw sql] {}
[2024-03-12T09:43:56.635+0000] {base.py:1868} INFO - [raw sql] {}
[2024-03-12T09:43:57.317+0000] {logging_mixin.py:188} INFO - 2024-03-12 09:43:57,317 INFO sqlalchemy.engine.Engine SELECT 
    id_transaksi, 
    tanggal_transaksi, 
    id_pelanggan, 
    metode_pembayaran, 
    barang_jasa_dibeli, 
    status_pembayaran, 
    created_at, 
    updated_at, 
    '{{ ds }}' as execution_at
FROM public.transaksi 
where updated_at between now()- interval 1 hour and now();
[2024-03-12T09:43:57.317+0000] {base.py:1863} INFO - SELECT 
    id_transaksi, 
    tanggal_transaksi, 
    id_pelanggan, 
    metode_pembayaran, 
    barang_jasa_dibeli, 
    status_pembayaran, 
    created_at, 
    updated_at, 
    '{{ ds }}' as execution_at
FROM public.transaksi 
where updated_at between now()- interval 1 hour and now();

[2024-03-12T09:43:57.318+0000] {logging_mixin.py:188} INFO - 2024-03-12 09:43:57,318 INFO sqlalchemy.engine.Engine [raw sql] {}
[2024-03-12T09:43:57.318+0000] {base.py:1868} INFO - [raw sql] {}
[2024-03-12T09:43:57.543+0000] {logging_mixin.py:188} INFO - 2024-03-12 09:43:57,543 INFO sqlalchemy.engine.Engine ROLLBACK
[2024-03-12T09:43:57.543+0000] {base.py:1060} INFO - ROLLBACK
[2024-03-12T09:43:57.995+0000] {logging_mixin.py:188} INFO - An error occurred: (mysql.connector.errors.ProgrammingError) 1049 (42000): Unknown database 'public'
[SQL: SELECT 
    id_transaksi, 
    tanggal_transaksi, 
    id_pelanggan, 
    metode_pembayaran, 
    barang_jasa_dibeli, 
    status_pembayaran, 
    created_at, 
    updated_at, 
    '{{ ds }}' as execution_at
FROM public.transaksi 
where updated_at between now()- interval 1 hour and now();
]
(Background on this error at: https://sqlalche.me/e/14/f405)
[2024-03-12T09:43:57.997+0000] {python.py:202} INFO - Done. Returned value was: None
[2024-03-12T09:43:58.006+0000] {taskinstance.py:1149} INFO - Marking task as SUCCESS. dag_id=example_lima_solid, task_id=fetch_data_task, execution_date=20240312T094350, start_date=20240312T094352, end_date=20240312T094358
[2024-03-12T09:43:58.048+0000] {local_task_job_runner.py:234} INFO - Task exited with return code 0
[2024-03-12T09:43:58.065+0000] {taskinstance.py:3309} INFO - 1 downstream tasks scheduled from follow-on schedule check
