[2024-03-16T06:06:31.869+0000] {taskinstance.py:1979} INFO - Dependencies all met for dep_context=non-requeueable deps ti=<TaskInstance: study_case_etl_cloud_storage.fetch_data_task scheduled__2024-03-14T20:00:00+00:00 [queued]>
[2024-03-16T06:06:31.893+0000] {taskinstance.py:1979} INFO - Dependencies all met for dep_context=requeueable deps ti=<TaskInstance: study_case_etl_cloud_storage.fetch_data_task scheduled__2024-03-14T20:00:00+00:00 [queued]>
[2024-03-16T06:06:31.894+0000] {taskinstance.py:2193} INFO - Starting attempt 1 of 2
[2024-03-16T06:06:31.910+0000] {taskinstance.py:2214} INFO - Executing <Task(PythonOperator): fetch_data_task> on 2024-03-14 20:00:00+00:00
[2024-03-16T06:06:31.916+0000] {standard_task_runner.py:60} INFO - Started process 139 to run task
[2024-03-16T06:06:31.925+0000] {standard_task_runner.py:87} INFO - Running: ['***', 'tasks', 'run', 'study_case_etl_cloud_storage', 'fetch_data_task', 'scheduled__2024-03-14T20:00:00+00:00', '--job-id', '481', '--raw', '--subdir', 'DAGS_FOLDER/etl_day_bigquery/study_case_etl_cloud_storage.py', '--cfg-path', '/tmp/tmp4c2d1rla']
[2024-03-16T06:06:31.928+0000] {standard_task_runner.py:88} INFO - Job 481: Subtask fetch_data_task
[2024-03-16T06:06:32.006+0000] {task_command.py:423} INFO - Running <TaskInstance: study_case_etl_cloud_storage.fetch_data_task scheduled__2024-03-14T20:00:00+00:00 [running]> on host 72d5c878da28
[2024-03-16T06:06:32.110+0000] {taskinstance.py:2510} INFO - Exporting env vars: AIRFLOW_CTX_DAG_OWNER='Agus mahari' AIRFLOW_CTX_DAG_ID='study_case_etl_cloud_storage' AIRFLOW_CTX_TASK_ID='fetch_data_task' AIRFLOW_CTX_EXECUTION_DATE='2024-03-14T20:00:00+00:00' AIRFLOW_CTX_TRY_NUMBER='1' AIRFLOW_CTX_DAG_RUN_ID='scheduled__2024-03-14T20:00:00+00:00'
[2024-03-16T06:06:32.115+0000] {warnings.py:109} WARNING - /home/***/.local/lib/python3.8/site-packages/***/utils/context.py:315: AirflowContextDeprecationWarning: Accessing 'execution_date' from the template is deprecated and will be removed in a future version. Please use 'data_interval_start' or 'logical_date' instead.
  warnings.warn(_create_deprecation_warning(k, replacements))

[2024-03-16T06:06:34.799+0000] {logging_mixin.py:188} INFO - 2024-03-16 06:06:34,799 INFO sqlalchemy.engine.Engine SELECT DATABASE()
[2024-03-16T06:06:34.799+0000] {base.py:1863} INFO - SELECT DATABASE()
[2024-03-16T06:06:34.800+0000] {logging_mixin.py:188} INFO - 2024-03-16 06:06:34,800 INFO sqlalchemy.engine.Engine [raw sql] {}
[2024-03-16T06:06:34.800+0000] {base.py:1868} INFO - [raw sql] {}
[2024-03-16T06:06:35.755+0000] {logging_mixin.py:188} INFO - 2024-03-16 06:06:35,755 INFO sqlalchemy.engine.Engine SELECT @@sql_mode
[2024-03-16T06:06:35.755+0000] {base.py:1863} INFO - SELECT @@sql_mode
[2024-03-16T06:06:35.756+0000] {logging_mixin.py:188} INFO - 2024-03-16 06:06:35,756 INFO sqlalchemy.engine.Engine [raw sql] {}
[2024-03-16T06:06:35.756+0000] {base.py:1868} INFO - [raw sql] {}
[2024-03-16T06:06:36.225+0000] {logging_mixin.py:188} INFO - 2024-03-16 06:06:36,225 INFO sqlalchemy.engine.Engine SELECT @@lower_case_table_names
[2024-03-16T06:06:36.225+0000] {base.py:1863} INFO - SELECT @@lower_case_table_names
[2024-03-16T06:06:36.226+0000] {logging_mixin.py:188} INFO - 2024-03-16 06:06:36,226 INFO sqlalchemy.engine.Engine [raw sql] {}
[2024-03-16T06:06:36.226+0000] {base.py:1868} INFO - [raw sql] {}
[2024-03-16T06:06:36.926+0000] {logging_mixin.py:188} INFO - 2024-03-16 06:06:36,926 INFO sqlalchemy.engine.Engine 


   SELECT 
    *, 
    CONVERT_TZ(NOW(), 'UTC', '+07:00') as execution_at
FROM test.user
WHERE updated_at BETWEEN NOW() - INTERVAL 7 MINUTE AND NOW()
[2024-03-16T06:06:36.926+0000] {base.py:1863} INFO - 


   SELECT 
    *, 
    CONVERT_TZ(NOW(), 'UTC', '+07:00') as execution_at
FROM test.user
WHERE updated_at BETWEEN NOW() - INTERVAL 7 MINUTE AND NOW()
[2024-03-16T06:06:36.927+0000] {logging_mixin.py:188} INFO - 2024-03-16 06:06:36,927 INFO sqlalchemy.engine.Engine [raw sql] {}
[2024-03-16T06:06:36.927+0000] {base.py:1868} INFO - [raw sql] {}
[2024-03-16T06:06:37.384+0000] {python.py:202} INFO - Done. Returned value was: /opt/***/data/aplikasi_table_2024-03-14-20-00-00.parquet
[2024-03-16T06:06:37.412+0000] {taskinstance.py:1149} INFO - Marking task as SUCCESS. dag_id=study_case_etl_cloud_storage, task_id=fetch_data_task, execution_date=20240314T200000, start_date=20240316T060631, end_date=20240316T060637
[2024-03-16T06:06:37.440+0000] {local_task_job_runner.py:234} INFO - Task exited with return code 0
[2024-03-16T06:06:37.466+0000] {taskinstance.py:3309} INFO - 1 downstream tasks scheduled from follow-on schedule check
[2024-03-22T17:27:59.982+0000] {taskinstance.py:1979} INFO - Dependencies all met for dep_context=non-requeueable deps ti=<TaskInstance: study_case_etl_cloud_storage.fetch_data_task scheduled__2024-03-14T20:00:00+00:00 [queued]>
[2024-03-22T17:27:59.998+0000] {taskinstance.py:1979} INFO - Dependencies all met for dep_context=requeueable deps ti=<TaskInstance: study_case_etl_cloud_storage.fetch_data_task scheduled__2024-03-14T20:00:00+00:00 [queued]>
[2024-03-22T17:27:59.999+0000] {taskinstance.py:2193} INFO - Starting attempt 1 of 2
[2024-03-22T17:28:00.020+0000] {taskinstance.py:2214} INFO - Executing <Task(PythonOperator): fetch_data_task> on 2024-03-14 20:00:00+00:00
[2024-03-22T17:28:00.026+0000] {standard_task_runner.py:60} INFO - Started process 330 to run task
[2024-03-22T17:28:00.034+0000] {standard_task_runner.py:87} INFO - Running: ['***', 'tasks', 'run', 'study_case_etl_cloud_storage', 'fetch_data_task', 'scheduled__2024-03-14T20:00:00+00:00', '--job-id', '3', '--raw', '--subdir', 'DAGS_FOLDER/etl_day_bigquery/study_case_etl_cloud_storage.py', '--cfg-path', '/tmp/tmptdsyrga_']
[2024-03-22T17:28:00.040+0000] {standard_task_runner.py:88} INFO - Job 3: Subtask fetch_data_task
[2024-03-22T17:28:00.210+0000] {task_command.py:423} INFO - Running <TaskInstance: study_case_etl_cloud_storage.fetch_data_task scheduled__2024-03-14T20:00:00+00:00 [running]> on host eb8b31fafb1e
[2024-03-22T17:28:00.585+0000] {taskinstance.py:2510} INFO - Exporting env vars: AIRFLOW_CTX_DAG_OWNER='Agus mahari' AIRFLOW_CTX_DAG_ID='study_case_etl_cloud_storage' AIRFLOW_CTX_TASK_ID='fetch_data_task' AIRFLOW_CTX_EXECUTION_DATE='2024-03-14T20:00:00+00:00' AIRFLOW_CTX_TRY_NUMBER='1' AIRFLOW_CTX_DAG_RUN_ID='scheduled__2024-03-14T20:00:00+00:00'
[2024-03-22T17:28:05.414+0000] {logging_mixin.py:188} INFO - 2024-03-22 17:28:05,414 INFO sqlalchemy.engine.Engine SELECT DATABASE()
[2024-03-22T17:28:05.414+0000] {base.py:1863} INFO - SELECT DATABASE()
[2024-03-22T17:28:05.416+0000] {logging_mixin.py:188} INFO - 2024-03-22 17:28:05,415 INFO sqlalchemy.engine.Engine [raw sql] {}
[2024-03-22T17:28:05.415+0000] {base.py:1868} INFO - [raw sql] {}
[2024-03-22T17:28:06.351+0000] {logging_mixin.py:188} INFO - 2024-03-22 17:28:06,351 INFO sqlalchemy.engine.Engine SELECT @@sql_mode
[2024-03-22T17:28:06.351+0000] {base.py:1863} INFO - SELECT @@sql_mode
[2024-03-22T17:28:06.352+0000] {logging_mixin.py:188} INFO - 2024-03-22 17:28:06,352 INFO sqlalchemy.engine.Engine [raw sql] {}
[2024-03-22T17:28:06.352+0000] {base.py:1868} INFO - [raw sql] {}
[2024-03-22T17:28:06.794+0000] {logging_mixin.py:188} INFO - 2024-03-22 17:28:06,794 INFO sqlalchemy.engine.Engine SELECT @@lower_case_table_names
[2024-03-22T17:28:06.794+0000] {base.py:1863} INFO - SELECT @@lower_case_table_names
[2024-03-22T17:28:06.795+0000] {logging_mixin.py:188} INFO - 2024-03-22 17:28:06,794 INFO sqlalchemy.engine.Engine [raw sql] {}
[2024-03-22T17:28:06.794+0000] {base.py:1868} INFO - [raw sql] {}
[2024-03-22T17:28:07.456+0000] {logging_mixin.py:188} INFO - 2024-03-22 17:28:07,456 INFO sqlalchemy.engine.Engine 


  SELECT 
    *
FROM databasename.mytable
[2024-03-22T17:28:07.456+0000] {base.py:1863} INFO - 


  SELECT 
    *
FROM databasename.mytable
[2024-03-22T17:28:07.457+0000] {logging_mixin.py:188} INFO - 2024-03-22 17:28:07,457 INFO sqlalchemy.engine.Engine [raw sql] {}
[2024-03-22T17:28:07.457+0000] {base.py:1868} INFO - [raw sql] {}
[2024-03-22T17:28:07.906+0000] {logging_mixin.py:188} INFO - File already exists.
[2024-03-22T17:28:07.909+0000] {python.py:202} INFO - Done. Returned value was: /opt/***/data/aplikasi_table_['{ ds }.parquet']
[2024-03-22T17:28:07.963+0000] {taskinstance.py:1149} INFO - Marking task as SUCCESS. dag_id=study_case_etl_cloud_storage, task_id=fetch_data_task, execution_date=20240314T200000, start_date=20240322T172759, end_date=20240322T172807
[2024-03-22T17:28:08.013+0000] {local_task_job_runner.py:234} INFO - Task exited with return code 0
[2024-03-22T17:28:08.035+0000] {taskinstance.py:3309} INFO - 0 downstream tasks scheduled from follow-on schedule check
