[2024-03-03T08:09:53.145+0000] {processor.py:161} INFO - Started process (PID=78) to work on /home/airflow/.local/lib/python3.11/site-packages/airflow/example_dags/plugins/listener_plugin.py
[2024-03-03T08:09:53.146+0000] {processor.py:830} INFO - Processing file /home/airflow/.local/lib/python3.11/site-packages/airflow/example_dags/plugins/listener_plugin.py for tasks to queue
[2024-03-03T08:09:53.149+0000] {logging_mixin.py:188} INFO - [2024-03-03T08:09:53.148+0000] {dagbag.py:540} INFO - Filling up the DagBag from /home/airflow/.local/lib/python3.11/site-packages/airflow/example_dags/plugins/listener_plugin.py
[2024-03-03T08:09:53.152+0000] {processor.py:842} WARNING - No viable dags retrieved from /home/airflow/.local/lib/python3.11/site-packages/airflow/example_dags/plugins/listener_plugin.py
[2024-03-03T08:09:53.165+0000] {processor.py:183} INFO - Processing /home/airflow/.local/lib/python3.11/site-packages/airflow/example_dags/plugins/listener_plugin.py took 0.022 seconds
[2024-03-03T08:10:23.281+0000] {processor.py:161} INFO - Started process (PID=131) to work on /home/airflow/.local/lib/python3.11/site-packages/airflow/example_dags/plugins/listener_plugin.py
[2024-03-03T08:10:23.282+0000] {processor.py:830} INFO - Processing file /home/airflow/.local/lib/python3.11/site-packages/airflow/example_dags/plugins/listener_plugin.py for tasks to queue
[2024-03-03T08:10:23.284+0000] {logging_mixin.py:188} INFO - [2024-03-03T08:10:23.283+0000] {dagbag.py:540} INFO - Filling up the DagBag from /home/airflow/.local/lib/python3.11/site-packages/airflow/example_dags/plugins/listener_plugin.py
[2024-03-03T08:10:23.287+0000] {processor.py:842} WARNING - No viable dags retrieved from /home/airflow/.local/lib/python3.11/site-packages/airflow/example_dags/plugins/listener_plugin.py
[2024-03-03T08:10:23.298+0000] {processor.py:183} INFO - Processing /home/airflow/.local/lib/python3.11/site-packages/airflow/example_dags/plugins/listener_plugin.py took 0.020 seconds
[2024-03-03T08:10:53.743+0000] {processor.py:161} INFO - Started process (PID=186) to work on /home/airflow/.local/lib/python3.11/site-packages/airflow/example_dags/plugins/listener_plugin.py
[2024-03-03T08:10:53.744+0000] {processor.py:830} INFO - Processing file /home/airflow/.local/lib/python3.11/site-packages/airflow/example_dags/plugins/listener_plugin.py for tasks to queue
[2024-03-03T08:10:53.747+0000] {logging_mixin.py:188} INFO - [2024-03-03T08:10:53.746+0000] {dagbag.py:540} INFO - Filling up the DagBag from /home/airflow/.local/lib/python3.11/site-packages/airflow/example_dags/plugins/listener_plugin.py
[2024-03-03T08:10:53.750+0000] {processor.py:842} WARNING - No viable dags retrieved from /home/airflow/.local/lib/python3.11/site-packages/airflow/example_dags/plugins/listener_plugin.py
[2024-03-03T08:10:53.761+0000] {processor.py:183} INFO - Processing /home/airflow/.local/lib/python3.11/site-packages/airflow/example_dags/plugins/listener_plugin.py took 0.021 seconds
[2024-03-03T08:11:24.400+0000] {processor.py:161} INFO - Started process (PID=241) to work on /home/airflow/.local/lib/python3.11/site-packages/airflow/example_dags/plugins/listener_plugin.py
[2024-03-03T08:11:24.400+0000] {processor.py:830} INFO - Processing file /home/airflow/.local/lib/python3.11/site-packages/airflow/example_dags/plugins/listener_plugin.py for tasks to queue
[2024-03-03T08:11:24.403+0000] {logging_mixin.py:188} INFO - [2024-03-03T08:11:24.402+0000] {dagbag.py:540} INFO - Filling up the DagBag from /home/airflow/.local/lib/python3.11/site-packages/airflow/example_dags/plugins/listener_plugin.py
[2024-03-03T08:11:24.407+0000] {processor.py:842} WARNING - No viable dags retrieved from /home/airflow/.local/lib/python3.11/site-packages/airflow/example_dags/plugins/listener_plugin.py
[2024-03-03T08:11:24.418+0000] {processor.py:183} INFO - Processing /home/airflow/.local/lib/python3.11/site-packages/airflow/example_dags/plugins/listener_plugin.py took 0.021 seconds
[2024-03-03T08:11:54.904+0000] {processor.py:161} INFO - Started process (PID=296) to work on /home/airflow/.local/lib/python3.11/site-packages/airflow/example_dags/plugins/listener_plugin.py
[2024-03-03T08:11:54.905+0000] {processor.py:830} INFO - Processing file /home/airflow/.local/lib/python3.11/site-packages/airflow/example_dags/plugins/listener_plugin.py for tasks to queue
[2024-03-03T08:11:54.907+0000] {logging_mixin.py:188} INFO - [2024-03-03T08:11:54.907+0000] {dagbag.py:540} INFO - Filling up the DagBag from /home/airflow/.local/lib/python3.11/site-packages/airflow/example_dags/plugins/listener_plugin.py
[2024-03-03T08:11:54.909+0000] {processor.py:842} WARNING - No viable dags retrieved from /home/airflow/.local/lib/python3.11/site-packages/airflow/example_dags/plugins/listener_plugin.py
[2024-03-03T08:11:54.920+0000] {processor.py:183} INFO - Processing /home/airflow/.local/lib/python3.11/site-packages/airflow/example_dags/plugins/listener_plugin.py took 0.019 seconds
[2024-03-03T08:12:25.479+0000] {processor.py:161} INFO - Started process (PID=351) to work on /home/airflow/.local/lib/python3.11/site-packages/airflow/example_dags/plugins/listener_plugin.py
[2024-03-03T08:12:25.480+0000] {processor.py:830} INFO - Processing file /home/airflow/.local/lib/python3.11/site-packages/airflow/example_dags/plugins/listener_plugin.py for tasks to queue
[2024-03-03T08:12:25.482+0000] {logging_mixin.py:188} INFO - [2024-03-03T08:12:25.482+0000] {dagbag.py:540} INFO - Filling up the DagBag from /home/airflow/.local/lib/python3.11/site-packages/airflow/example_dags/plugins/listener_plugin.py
[2024-03-03T08:12:25.485+0000] {processor.py:842} WARNING - No viable dags retrieved from /home/airflow/.local/lib/python3.11/site-packages/airflow/example_dags/plugins/listener_plugin.py
[2024-03-03T08:12:25.496+0000] {processor.py:183} INFO - Processing /home/airflow/.local/lib/python3.11/site-packages/airflow/example_dags/plugins/listener_plugin.py took 0.020 seconds
[2024-03-03T08:12:56.005+0000] {processor.py:161} INFO - Started process (PID=406) to work on /home/airflow/.local/lib/python3.11/site-packages/airflow/example_dags/plugins/listener_plugin.py
[2024-03-03T08:12:56.006+0000] {processor.py:830} INFO - Processing file /home/airflow/.local/lib/python3.11/site-packages/airflow/example_dags/plugins/listener_plugin.py for tasks to queue
[2024-03-03T08:12:56.008+0000] {logging_mixin.py:188} INFO - [2024-03-03T08:12:56.007+0000] {dagbag.py:540} INFO - Filling up the DagBag from /home/airflow/.local/lib/python3.11/site-packages/airflow/example_dags/plugins/listener_plugin.py
[2024-03-03T08:12:56.010+0000] {processor.py:842} WARNING - No viable dags retrieved from /home/airflow/.local/lib/python3.11/site-packages/airflow/example_dags/plugins/listener_plugin.py
[2024-03-03T08:12:56.022+0000] {processor.py:183} INFO - Processing /home/airflow/.local/lib/python3.11/site-packages/airflow/example_dags/plugins/listener_plugin.py took 0.020 seconds
[2024-03-03T08:13:26.642+0000] {processor.py:161} INFO - Started process (PID=461) to work on /home/airflow/.local/lib/python3.11/site-packages/airflow/example_dags/plugins/listener_plugin.py
[2024-03-03T08:13:26.643+0000] {processor.py:830} INFO - Processing file /home/airflow/.local/lib/python3.11/site-packages/airflow/example_dags/plugins/listener_plugin.py for tasks to queue
[2024-03-03T08:13:26.646+0000] {logging_mixin.py:188} INFO - [2024-03-03T08:13:26.645+0000] {dagbag.py:540} INFO - Filling up the DagBag from /home/airflow/.local/lib/python3.11/site-packages/airflow/example_dags/plugins/listener_plugin.py
[2024-03-03T08:13:26.649+0000] {processor.py:842} WARNING - No viable dags retrieved from /home/airflow/.local/lib/python3.11/site-packages/airflow/example_dags/plugins/listener_plugin.py
[2024-03-03T08:13:26.663+0000] {processor.py:183} INFO - Processing /home/airflow/.local/lib/python3.11/site-packages/airflow/example_dags/plugins/listener_plugin.py took 0.026 seconds
[2024-03-03T08:13:57.983+0000] {processor.py:161} INFO - Started process (PID=520) to work on /home/airflow/.local/lib/python3.11/site-packages/airflow/example_dags/plugins/listener_plugin.py
[2024-03-03T08:13:57.985+0000] {processor.py:830} INFO - Processing file /home/airflow/.local/lib/python3.11/site-packages/airflow/example_dags/plugins/listener_plugin.py for tasks to queue
[2024-03-03T08:13:57.989+0000] {logging_mixin.py:188} INFO - [2024-03-03T08:13:57.988+0000] {dagbag.py:540} INFO - Filling up the DagBag from /home/airflow/.local/lib/python3.11/site-packages/airflow/example_dags/plugins/listener_plugin.py
[2024-03-03T08:13:57.994+0000] {processor.py:842} WARNING - No viable dags retrieved from /home/airflow/.local/lib/python3.11/site-packages/airflow/example_dags/plugins/listener_plugin.py
[2024-03-03T08:13:58.010+0000] {processor.py:183} INFO - Processing /home/airflow/.local/lib/python3.11/site-packages/airflow/example_dags/plugins/listener_plugin.py took 0.031 seconds
[2024-03-03T08:14:28.523+0000] {processor.py:161} INFO - Started process (PID=579) to work on /home/airflow/.local/lib/python3.11/site-packages/airflow/example_dags/plugins/listener_plugin.py
[2024-03-03T08:14:28.524+0000] {processor.py:830} INFO - Processing file /home/airflow/.local/lib/python3.11/site-packages/airflow/example_dags/plugins/listener_plugin.py for tasks to queue
[2024-03-03T08:14:28.528+0000] {logging_mixin.py:188} INFO - [2024-03-03T08:14:28.527+0000] {dagbag.py:540} INFO - Filling up the DagBag from /home/airflow/.local/lib/python3.11/site-packages/airflow/example_dags/plugins/listener_plugin.py
[2024-03-03T08:14:28.533+0000] {processor.py:842} WARNING - No viable dags retrieved from /home/airflow/.local/lib/python3.11/site-packages/airflow/example_dags/plugins/listener_plugin.py
[2024-03-03T08:14:28.544+0000] {processor.py:183} INFO - Processing /home/airflow/.local/lib/python3.11/site-packages/airflow/example_dags/plugins/listener_plugin.py took 0.025 seconds
[2024-03-03T08:14:59.285+0000] {processor.py:161} INFO - Started process (PID=637) to work on /home/airflow/.local/lib/python3.11/site-packages/airflow/example_dags/plugins/listener_plugin.py
[2024-03-03T08:14:59.286+0000] {processor.py:830} INFO - Processing file /home/airflow/.local/lib/python3.11/site-packages/airflow/example_dags/plugins/listener_plugin.py for tasks to queue
[2024-03-03T08:14:59.288+0000] {logging_mixin.py:188} INFO - [2024-03-03T08:14:59.287+0000] {dagbag.py:540} INFO - Filling up the DagBag from /home/airflow/.local/lib/python3.11/site-packages/airflow/example_dags/plugins/listener_plugin.py
[2024-03-03T08:14:59.291+0000] {processor.py:842} WARNING - No viable dags retrieved from /home/airflow/.local/lib/python3.11/site-packages/airflow/example_dags/plugins/listener_plugin.py
[2024-03-03T08:14:59.306+0000] {processor.py:183} INFO - Processing /home/airflow/.local/lib/python3.11/site-packages/airflow/example_dags/plugins/listener_plugin.py took 0.025 seconds
[2024-03-03T08:15:30.207+0000] {processor.py:161} INFO - Started process (PID=693) to work on /home/airflow/.local/lib/python3.11/site-packages/airflow/example_dags/plugins/listener_plugin.py
[2024-03-03T08:15:30.208+0000] {processor.py:830} INFO - Processing file /home/airflow/.local/lib/python3.11/site-packages/airflow/example_dags/plugins/listener_plugin.py for tasks to queue
[2024-03-03T08:15:30.211+0000] {logging_mixin.py:188} INFO - [2024-03-03T08:15:30.210+0000] {dagbag.py:540} INFO - Filling up the DagBag from /home/airflow/.local/lib/python3.11/site-packages/airflow/example_dags/plugins/listener_plugin.py
[2024-03-03T08:15:30.214+0000] {processor.py:842} WARNING - No viable dags retrieved from /home/airflow/.local/lib/python3.11/site-packages/airflow/example_dags/plugins/listener_plugin.py
[2024-03-03T08:15:30.226+0000] {processor.py:183} INFO - Processing /home/airflow/.local/lib/python3.11/site-packages/airflow/example_dags/plugins/listener_plugin.py took 0.024 seconds
[2024-03-03T08:16:00.875+0000] {processor.py:161} INFO - Started process (PID=749) to work on /home/airflow/.local/lib/python3.11/site-packages/airflow/example_dags/plugins/listener_plugin.py
[2024-03-03T08:16:00.876+0000] {processor.py:830} INFO - Processing file /home/airflow/.local/lib/python3.11/site-packages/airflow/example_dags/plugins/listener_plugin.py for tasks to queue
[2024-03-03T08:16:00.878+0000] {logging_mixin.py:188} INFO - [2024-03-03T08:16:00.877+0000] {dagbag.py:540} INFO - Filling up the DagBag from /home/airflow/.local/lib/python3.11/site-packages/airflow/example_dags/plugins/listener_plugin.py
[2024-03-03T08:16:00.881+0000] {processor.py:842} WARNING - No viable dags retrieved from /home/airflow/.local/lib/python3.11/site-packages/airflow/example_dags/plugins/listener_plugin.py
[2024-03-03T08:16:00.893+0000] {processor.py:183} INFO - Processing /home/airflow/.local/lib/python3.11/site-packages/airflow/example_dags/plugins/listener_plugin.py took 0.021 seconds
[2024-03-03T08:16:31.648+0000] {processor.py:161} INFO - Started process (PID=805) to work on /home/airflow/.local/lib/python3.11/site-packages/airflow/example_dags/plugins/listener_plugin.py
[2024-03-03T08:16:31.649+0000] {processor.py:830} INFO - Processing file /home/airflow/.local/lib/python3.11/site-packages/airflow/example_dags/plugins/listener_plugin.py for tasks to queue
[2024-03-03T08:16:31.653+0000] {logging_mixin.py:188} INFO - [2024-03-03T08:16:31.652+0000] {dagbag.py:540} INFO - Filling up the DagBag from /home/airflow/.local/lib/python3.11/site-packages/airflow/example_dags/plugins/listener_plugin.py
[2024-03-03T08:16:31.656+0000] {processor.py:842} WARNING - No viable dags retrieved from /home/airflow/.local/lib/python3.11/site-packages/airflow/example_dags/plugins/listener_plugin.py
[2024-03-03T08:16:31.672+0000] {processor.py:183} INFO - Processing /home/airflow/.local/lib/python3.11/site-packages/airflow/example_dags/plugins/listener_plugin.py took 0.027 seconds
[2024-03-03T08:17:02.244+0000] {processor.py:161} INFO - Started process (PID=861) to work on /home/airflow/.local/lib/python3.11/site-packages/airflow/example_dags/plugins/listener_plugin.py
[2024-03-03T08:17:02.245+0000] {processor.py:830} INFO - Processing file /home/airflow/.local/lib/python3.11/site-packages/airflow/example_dags/plugins/listener_plugin.py for tasks to queue
[2024-03-03T08:17:02.248+0000] {logging_mixin.py:188} INFO - [2024-03-03T08:17:02.247+0000] {dagbag.py:540} INFO - Filling up the DagBag from /home/airflow/.local/lib/python3.11/site-packages/airflow/example_dags/plugins/listener_plugin.py
[2024-03-03T08:17:02.251+0000] {processor.py:842} WARNING - No viable dags retrieved from /home/airflow/.local/lib/python3.11/site-packages/airflow/example_dags/plugins/listener_plugin.py
[2024-03-03T08:17:02.266+0000] {processor.py:183} INFO - Processing /home/airflow/.local/lib/python3.11/site-packages/airflow/example_dags/plugins/listener_plugin.py took 0.024 seconds
[2024-03-03T08:17:32.605+0000] {processor.py:161} INFO - Started process (PID=915) to work on /home/airflow/.local/lib/python3.11/site-packages/airflow/example_dags/plugins/listener_plugin.py
[2024-03-03T08:17:32.606+0000] {processor.py:830} INFO - Processing file /home/airflow/.local/lib/python3.11/site-packages/airflow/example_dags/plugins/listener_plugin.py for tasks to queue
[2024-03-03T08:17:32.608+0000] {logging_mixin.py:188} INFO - [2024-03-03T08:17:32.607+0000] {dagbag.py:540} INFO - Filling up the DagBag from /home/airflow/.local/lib/python3.11/site-packages/airflow/example_dags/plugins/listener_plugin.py
[2024-03-03T08:17:32.610+0000] {processor.py:842} WARNING - No viable dags retrieved from /home/airflow/.local/lib/python3.11/site-packages/airflow/example_dags/plugins/listener_plugin.py
[2024-03-03T08:17:32.622+0000] {processor.py:183} INFO - Processing /home/airflow/.local/lib/python3.11/site-packages/airflow/example_dags/plugins/listener_plugin.py took 0.020 seconds
[2024-03-03T08:18:03.057+0000] {processor.py:161} INFO - Started process (PID=970) to work on /home/airflow/.local/lib/python3.11/site-packages/airflow/example_dags/plugins/listener_plugin.py
[2024-03-03T08:18:03.058+0000] {processor.py:830} INFO - Processing file /home/airflow/.local/lib/python3.11/site-packages/airflow/example_dags/plugins/listener_plugin.py for tasks to queue
[2024-03-03T08:18:03.059+0000] {logging_mixin.py:188} INFO - [2024-03-03T08:18:03.059+0000] {dagbag.py:540} INFO - Filling up the DagBag from /home/airflow/.local/lib/python3.11/site-packages/airflow/example_dags/plugins/listener_plugin.py
[2024-03-03T08:18:03.062+0000] {processor.py:842} WARNING - No viable dags retrieved from /home/airflow/.local/lib/python3.11/site-packages/airflow/example_dags/plugins/listener_plugin.py
[2024-03-03T08:18:03.075+0000] {processor.py:183} INFO - Processing /home/airflow/.local/lib/python3.11/site-packages/airflow/example_dags/plugins/listener_plugin.py took 0.020 seconds
