[2024-03-30T17:58:37.621+0000] {taskinstance.py:1979} INFO - Dependencies all met for dep_context=non-requeueable deps ti=<TaskInstance: study_case_etl_all_pipeline.fetch_data_task_id manual__2024-03-30T17:58:35.567666+00:00 [queued]>
[2024-03-30T17:58:37.628+0000] {taskinstance.py:1979} INFO - Dependencies all met for dep_context=requeueable deps ti=<TaskInstance: study_case_etl_all_pipeline.fetch_data_task_id manual__2024-03-30T17:58:35.567666+00:00 [queued]>
[2024-03-30T17:58:37.629+0000] {taskinstance.py:2193} INFO - Starting attempt 1 of 2
[2024-03-30T17:58:37.639+0000] {taskinstance.py:2214} INFO - Executing <Task(PythonOperator): fetch_data_task_id> on 2024-03-30 17:58:35.567666+00:00
[2024-03-30T17:58:37.644+0000] {standard_task_runner.py:60} INFO - Started process 890 to run task
[2024-03-30T17:58:37.647+0000] {standard_task_runner.py:87} INFO - Running: ['***', 'tasks', 'run', 'study_case_etl_all_pipeline', 'fetch_data_task_id', 'manual__2024-03-30T17:58:35.567666+00:00', '--job-id', '151', '--raw', '--subdir', 'DAGS_FOLDER/running_dbt_core/study_case_etl_all_pipeline.py', '--cfg-path', '/tmp/tmpu3715qvm']
[2024-03-30T17:58:37.651+0000] {standard_task_runner.py:88} INFO - Job 151: Subtask fetch_data_task_id
[2024-03-30T17:58:37.688+0000] {task_command.py:423} INFO - Running <TaskInstance: study_case_etl_all_pipeline.fetch_data_task_id manual__2024-03-30T17:58:35.567666+00:00 [running]> on host f5156ab87ac1
[2024-03-30T17:58:37.754+0000] {taskinstance.py:2510} INFO - Exporting env vars: AIRFLOW_CTX_DAG_OWNER='Agus mahari' AIRFLOW_CTX_DAG_ID='study_case_etl_all_pipeline' AIRFLOW_CTX_TASK_ID='fetch_data_task_id' AIRFLOW_CTX_EXECUTION_DATE='2024-03-30T17:58:35.567666+00:00' AIRFLOW_CTX_TRY_NUMBER='1' AIRFLOW_CTX_DAG_RUN_ID='manual__2024-03-30T17:58:35.567666+00:00'
[2024-03-30T17:58:40.518+0000] {logging_mixin.py:188} INFO - 2024-03-30 17:58:40,517 INFO sqlalchemy.engine.Engine SELECT DATABASE()
[2024-03-30T17:58:40.517+0000] {base.py:1863} INFO - SELECT DATABASE()
[2024-03-30T17:58:40.519+0000] {logging_mixin.py:188} INFO - 2024-03-30 17:58:40,518 INFO sqlalchemy.engine.Engine [raw sql] {}
[2024-03-30T17:58:40.518+0000] {base.py:1868} INFO - [raw sql] {}
[2024-03-30T17:58:41.503+0000] {logging_mixin.py:188} INFO - 2024-03-30 17:58:41,503 INFO sqlalchemy.engine.Engine SELECT @@sql_mode
[2024-03-30T17:58:41.503+0000] {base.py:1863} INFO - SELECT @@sql_mode
[2024-03-30T17:58:41.508+0000] {logging_mixin.py:188} INFO - 2024-03-30 17:58:41,507 INFO sqlalchemy.engine.Engine [raw sql] {}
[2024-03-30T17:58:41.507+0000] {base.py:1868} INFO - [raw sql] {}
[2024-03-30T17:58:41.993+0000] {logging_mixin.py:188} INFO - 2024-03-30 17:58:41,993 INFO sqlalchemy.engine.Engine SELECT @@lower_case_table_names
[2024-03-30T17:58:41.993+0000] {base.py:1863} INFO - SELECT @@lower_case_table_names
[2024-03-30T17:58:41.998+0000] {logging_mixin.py:188} INFO - 2024-03-30 17:58:41,997 INFO sqlalchemy.engine.Engine [raw sql] {}
[2024-03-30T17:58:41.997+0000] {base.py:1868} INFO - [raw sql] {}
[2024-03-30T17:58:42.753+0000] {logging_mixin.py:188} INFO - 2024-03-30 17:58:42,753 INFO sqlalchemy.engine.Engine 
  SELECT 
    *
FROM databasename.raw_credit_card
[2024-03-30T17:58:42.753+0000] {base.py:1863} INFO - 
  SELECT 
    *
FROM databasename.raw_credit_card
[2024-03-30T17:58:42.754+0000] {logging_mixin.py:188} INFO - 2024-03-30 17:58:42,754 INFO sqlalchemy.engine.Engine [raw sql] {}
[2024-03-30T17:58:42.754+0000] {base.py:1868} INFO - [raw sql] {}
[2024-03-30T17:58:58.489+0000] {logging_mixin.py:188} INFO - File already exists.
[2024-03-30T17:58:58.540+0000] {python.py:202} INFO - Done. Returned value was: /opt/***/data/fetch_data_task_id_2024-03-30.csv
[2024-03-30T17:58:58.557+0000] {taskinstance.py:1149} INFO - Marking task as SUCCESS. dag_id=study_case_etl_all_pipeline, task_id=fetch_data_task_id, execution_date=20240330T175835, start_date=20240330T175837, end_date=20240330T175858
[2024-03-30T17:58:58.593+0000] {local_task_job_runner.py:234} INFO - Task exited with return code 0
[2024-03-30T17:58:58.612+0000] {taskinstance.py:3309} INFO - 1 downstream tasks scheduled from follow-on schedule check
