[2024-03-11T18:54:55.487+0000] {taskinstance.py:1979} INFO - Dependencies all met for dep_context=non-requeueable deps ti=<TaskInstance: mongodb_to_sql8.retrieve_data_and_save_to_csv scheduled__2024-03-10T00:00:00+00:00 [queued]>
[2024-03-11T18:54:55.496+0000] {taskinstance.py:1979} INFO - Dependencies all met for dep_context=requeueable deps ti=<TaskInstance: mongodb_to_sql8.retrieve_data_and_save_to_csv scheduled__2024-03-10T00:00:00+00:00 [queued]>
[2024-03-11T18:54:55.496+0000] {taskinstance.py:2193} INFO - Starting attempt 1 of 2
[2024-03-11T18:54:55.511+0000] {taskinstance.py:2214} INFO - Executing <Task(PythonOperator): retrieve_data_and_save_to_csv> on 2024-03-10 00:00:00+00:00
[2024-03-11T18:54:55.518+0000] {standard_task_runner.py:60} INFO - Started process 100 to run task
[2024-03-11T18:54:55.521+0000] {standard_task_runner.py:87} INFO - Running: ['***', 'tasks', 'run', 'mongodb_to_sql8', 'retrieve_data_and_save_to_csv', 'scheduled__2024-03-10T00:00:00+00:00', '--job-id', '3', '--raw', '--subdir', 'DAGS_FOLDER/restrore_mongo/main_dag_sql_delapan.py', '--cfg-path', '/tmp/tmpxd5cxp__']
[2024-03-11T18:54:55.524+0000] {standard_task_runner.py:88} INFO - Job 3: Subtask retrieve_data_and_save_to_csv
[2024-03-11T18:54:55.571+0000] {task_command.py:423} INFO - Running <TaskInstance: mongodb_to_sql8.retrieve_data_and_save_to_csv scheduled__2024-03-10T00:00:00+00:00 [running]> on host 31e68e31498e
[2024-03-11T18:54:55.660+0000] {taskinstance.py:2510} INFO - Exporting env vars: AIRFLOW_CTX_DAG_OWNER='***' AIRFLOW_CTX_DAG_ID='mongodb_to_sql8' AIRFLOW_CTX_TASK_ID='retrieve_data_and_save_to_csv' AIRFLOW_CTX_EXECUTION_DATE='2024-03-10T00:00:00+00:00' AIRFLOW_CTX_TRY_NUMBER='1' AIRFLOW_CTX_DAG_RUN_ID='scheduled__2024-03-10T00:00:00+00:00'
[2024-03-11T18:54:55.665+0000] {warnings.py:109} WARNING - /home/***/.local/lib/python3.8/site-packages/***/utils/context.py:315: AirflowContextDeprecationWarning: Accessing 'execution_date' from the template is deprecated and will be removed in a future version. Please use 'data_interval_start' or 'logical_date' instead.
  warnings.warn(_create_deprecation_warning(k, replacements))

[2024-03-11T18:54:56.844+0000] {logging_mixin.py:188} INFO -                          _id  ...  execution_timestamp
0   65eb5c01c3b3c69e5121ff16  ...         1.709923e+09
1   65eb5c01c3b3c69e5121ff17  ...         1.709923e+09
2   65eb5c01c3b3c69e5121ff18  ...         1.709923e+09
3   65eb5c01c3b3c69e5121ff19  ...         1.709923e+09
4   65eb5c01c3b3c69e5121ff1a  ...         1.709923e+09
5   65eb5c01c3b3c69e5121ff1b  ...         1.709923e+09
6   65eb5c01c3b3c69e5121ff1c  ...         1.709923e+09
7   65eb5c01c3b3c69e5121ff1d  ...         1.709923e+09
8   65eb5c01c3b3c69e5121ff2a  ...         1.709923e+09
9   65eb5c01c3b3c69e5121ff1e  ...         1.709923e+09
10  65eb5c01c3b3c69e5121ff2b  ...         1.709923e+09
11  65eb5c01c3b3c69e5121ff20  ...         1.709923e+09
12  65eb5c01c3b3c69e5121ff2c  ...         1.709923e+09
13  65eb5c01c3b3c69e5121ff22  ...         1.709923e+09
14  65eb5c01c3b3c69e5121ff2d  ...         1.709923e+09
15  65eb5c01c3b3c69e5121ff24  ...         1.709923e+09
16  65eb5c01c3b3c69e5121ff2e  ...         1.709923e+09
17  65eb5c01c3b3c69e5121ff26  ...         1.709923e+09
18  65eb5c01c3b3c69e5121ff2f  ...         1.709923e+09
19  65eb5c01c3b3c69e5121ff28  ...         1.709923e+09

[20 rows x 10 columns]
[2024-03-11T18:54:56.848+0000] {taskinstance.py:2728} ERROR - Task failed with exception
Traceback (most recent call last):
  File "/home/airflow/.local/lib/python3.8/site-packages/airflow/models/taskinstance.py", line 444, in _execute_task
    result = _execute_callable(context=context, **execute_callable_kwargs)
  File "/home/airflow/.local/lib/python3.8/site-packages/airflow/models/taskinstance.py", line 414, in _execute_callable
    return execute_callable(context=context, **execute_callable_kwargs)
  File "/home/airflow/.local/lib/python3.8/site-packages/airflow/operators/python.py", line 200, in execute
    return_value = self.execute_callable()
  File "/home/airflow/.local/lib/python3.8/site-packages/airflow/operators/python.py", line 217, in execute_callable
    return self.python_callable(*self.op_args, **self.op_kwargs)
  File "/opt/airflow/dags/restrore_mongo/main_dag_sql_delapan.py", line 100, in retrieve_data_and_save_to_csv
    df.to_csv(OUT_PATH, index=False)
  File "/home/airflow/.local/lib/python3.8/site-packages/pandas/core/generic.py", line 3772, in to_csv
    return DataFrameRenderer(formatter).to_csv(
  File "/home/airflow/.local/lib/python3.8/site-packages/pandas/io/formats/format.py", line 1186, in to_csv
    csv_formatter.save()
  File "/home/airflow/.local/lib/python3.8/site-packages/pandas/io/formats/csvs.py", line 240, in save
    with get_handle(
  File "/home/airflow/.local/lib/python3.8/site-packages/pandas/io/common.py", line 737, in get_handle
    check_parent_directory(str(handle))
  File "/home/airflow/.local/lib/python3.8/site-packages/pandas/io/common.py", line 600, in check_parent_directory
    raise OSError(rf"Cannot save file into a non-existent directory: '{parent}'")
OSError: Cannot save file into a non-existent directory: 'opt/***/data'
[2024-03-11T18:54:56.856+0000] {taskinstance.py:1149} INFO - Marking task as UP_FOR_RETRY. dag_id=mongodb_to_sql8, task_id=retrieve_data_and_save_to_csv, execution_date=20240310T000000, start_date=20240311T185455, end_date=20240311T185456
[2024-03-11T18:54:56.866+0000] {standard_task_runner.py:107} ERROR - Failed to execute job 3 for task retrieve_data_and_save_to_csv (Cannot save file into a non-existent directory: 'opt/***/data'; 100)
[2024-03-11T18:54:56.889+0000] {local_task_job_runner.py:234} INFO - Task exited with return code 1
[2024-03-11T18:54:56.906+0000] {taskinstance.py:3309} INFO - 0 downstream tasks scheduled from follow-on schedule check
