[2024-03-17T08:01:03.328+0000] {taskinstance.py:1979} INFO - Dependencies all met for dep_context=non-requeueable deps ti=<TaskInstance: study_case_etl_cloud_storage_tiga.fetch_data_aplikasi_product_task_id manual__2024-03-17T08:01:00.229131+00:00 [queued]>
[2024-03-17T08:01:03.342+0000] {taskinstance.py:1979} INFO - Dependencies all met for dep_context=requeueable deps ti=<TaskInstance: study_case_etl_cloud_storage_tiga.fetch_data_aplikasi_product_task_id manual__2024-03-17T08:01:00.229131+00:00 [queued]>
[2024-03-17T08:01:03.342+0000] {taskinstance.py:2193} INFO - Starting attempt 1 of 2
[2024-03-17T08:01:03.359+0000] {taskinstance.py:2214} INFO - Executing <Task(PythonOperator): fetch_data_aplikasi_product_task_id> on 2024-03-17 08:01:00.229131+00:00
[2024-03-17T08:01:03.366+0000] {standard_task_runner.py:60} INFO - Started process 7845 to run task
[2024-03-17T08:01:03.372+0000] {standard_task_runner.py:87} INFO - Running: ['***', 'tasks', 'run', 'study_case_etl_cloud_storage_tiga', 'fetch_data_aplikasi_product_task_id', 'manual__2024-03-17T08:01:00.229131+00:00', '--job-id', '1004', '--raw', '--subdir', 'DAGS_FOLDER/etl_day_bigquery/study_case_etl_cloud_bigquery.py', '--cfg-path', '/tmp/tmp4jefftla']
[2024-03-17T08:01:03.375+0000] {standard_task_runner.py:88} INFO - Job 1004: Subtask fetch_data_aplikasi_product_task_id
[2024-03-17T08:01:03.466+0000] {task_command.py:423} INFO - Running <TaskInstance: study_case_etl_cloud_storage_tiga.fetch_data_aplikasi_product_task_id manual__2024-03-17T08:01:00.229131+00:00 [running]> on host 1d5b76b26ba5
[2024-03-17T08:01:03.560+0000] {taskinstance.py:2510} INFO - Exporting env vars: AIRFLOW_CTX_DAG_OWNER='Agus mahari' AIRFLOW_CTX_DAG_ID='study_case_etl_cloud_storage_tiga' AIRFLOW_CTX_TASK_ID='fetch_data_aplikasi_product_task_id' AIRFLOW_CTX_EXECUTION_DATE='2024-03-17T08:01:00.229131+00:00' AIRFLOW_CTX_TRY_NUMBER='1' AIRFLOW_CTX_DAG_RUN_ID='manual__2024-03-17T08:01:00.229131+00:00'
[2024-03-17T08:01:06.805+0000] {logging_mixin.py:188} INFO - 2024-03-17 08:01:06,804 INFO sqlalchemy.engine.Engine SELECT DATABASE()
[2024-03-17T08:01:06.804+0000] {base.py:1863} INFO - SELECT DATABASE()
[2024-03-17T08:01:06.805+0000] {logging_mixin.py:188} INFO - 2024-03-17 08:01:06,805 INFO sqlalchemy.engine.Engine [raw sql] {}
[2024-03-17T08:01:06.805+0000] {base.py:1868} INFO - [raw sql] {}
[2024-03-17T08:01:07.773+0000] {logging_mixin.py:188} INFO - 2024-03-17 08:01:07,773 INFO sqlalchemy.engine.Engine SELECT @@sql_mode
[2024-03-17T08:01:07.773+0000] {base.py:1863} INFO - SELECT @@sql_mode
[2024-03-17T08:01:07.774+0000] {logging_mixin.py:188} INFO - 2024-03-17 08:01:07,774 INFO sqlalchemy.engine.Engine [raw sql] {}
[2024-03-17T08:01:07.774+0000] {base.py:1868} INFO - [raw sql] {}
[2024-03-17T08:01:08.234+0000] {logging_mixin.py:188} INFO - 2024-03-17 08:01:08,234 INFO sqlalchemy.engine.Engine SELECT @@lower_case_table_names
[2024-03-17T08:01:08.234+0000] {base.py:1863} INFO - SELECT @@lower_case_table_names
[2024-03-17T08:01:08.235+0000] {logging_mixin.py:188} INFO - 2024-03-17 08:01:08,235 INFO sqlalchemy.engine.Engine [raw sql] {}
[2024-03-17T08:01:08.235+0000] {base.py:1868} INFO - [raw sql] {}
[2024-03-17T08:01:08.956+0000] {logging_mixin.py:188} INFO - 2024-03-17 08:01:08,955 INFO sqlalchemy.engine.Engine 



  SELECT 
    *
FROM databasename.product
[2024-03-17T08:01:08.955+0000] {base.py:1863} INFO - 



  SELECT 
    *
FROM databasename.product
[2024-03-17T08:01:08.956+0000] {logging_mixin.py:188} INFO - 2024-03-17 08:01:08,956 INFO sqlalchemy.engine.Engine [raw sql] {}
[2024-03-17T08:01:08.956+0000] {base.py:1868} INFO - [raw sql] {}
[2024-03-17T08:01:09.439+0000] {python.py:202} INFO - Done. Returned value was: /opt/***/data/fetch_data_aplikasi_product_task_id_2024-03-17.csv
[2024-03-17T08:01:09.458+0000] {taskinstance.py:1149} INFO - Marking task as SUCCESS. dag_id=study_case_etl_cloud_storage_tiga, task_id=fetch_data_aplikasi_product_task_id, execution_date=20240317T080100, start_date=20240317T080103, end_date=20240317T080109
[2024-03-17T08:01:09.494+0000] {local_task_job_runner.py:234} INFO - Task exited with return code 0
[2024-03-17T08:01:09.516+0000] {taskinstance.py:3309} INFO - 1 downstream tasks scheduled from follow-on schedule check
