[2024-03-15T08:31:35.900+0000] {taskinstance.py:1979} INFO - Dependencies all met for dep_context=non-requeueable deps ti=<TaskInstance: study_case1_restore.ingest_csv_to_mysql manual__2024-03-15T08:31:31.285689+00:00 [queued]>
[2024-03-15T08:31:35.908+0000] {taskinstance.py:1979} INFO - Dependencies all met for dep_context=requeueable deps ti=<TaskInstance: study_case1_restore.ingest_csv_to_mysql manual__2024-03-15T08:31:31.285689+00:00 [queued]>
[2024-03-15T08:31:35.908+0000] {taskinstance.py:2193} INFO - Starting attempt 1 of 2
[2024-03-15T08:31:35.920+0000] {taskinstance.py:2214} INFO - Executing <Task(PythonOperator): ingest_csv_to_mysql> on 2024-03-15 08:31:31.285689+00:00
[2024-03-15T08:31:35.924+0000] {standard_task_runner.py:60} INFO - Started process 2166 to run task
[2024-03-15T08:31:35.928+0000] {standard_task_runner.py:87} INFO - Running: ['***', 'tasks', 'run', 'study_case1_restore', 'ingest_csv_to_mysql', 'manual__2024-03-15T08:31:31.285689+00:00', '--job-id', '278', '--raw', '--subdir', 'DAGS_FOLDER/restrore_mongo/study_case1_restore.py', '--cfg-path', '/tmp/tmpt4owciup']
[2024-03-15T08:31:35.930+0000] {standard_task_runner.py:88} INFO - Job 278: Subtask ingest_csv_to_mysql
[2024-03-15T08:31:35.967+0000] {task_command.py:423} INFO - Running <TaskInstance: study_case1_restore.ingest_csv_to_mysql manual__2024-03-15T08:31:31.285689+00:00 [running]> on host f293363f8e27
[2024-03-15T08:31:36.033+0000] {taskinstance.py:2510} INFO - Exporting env vars: AIRFLOW_CTX_DAG_OWNER='Agus mahari' AIRFLOW_CTX_DAG_ID='study_case1_restore' AIRFLOW_CTX_TASK_ID='ingest_csv_to_mysql' AIRFLOW_CTX_EXECUTION_DATE='2024-03-15T08:31:31.285689+00:00' AIRFLOW_CTX_TRY_NUMBER='1' AIRFLOW_CTX_DAG_RUN_ID='manual__2024-03-15T08:31:31.285689+00:00'
[2024-03-15T08:31:36.034+0000] {warnings.py:109} WARNING - /home/***/.local/lib/python3.8/site-packages/***/utils/context.py:315: AirflowContextDeprecationWarning: Accessing 'execution_date' from the template is deprecated and will be removed in a future version. Please use 'data_interval_start' or 'logical_date' instead.
  warnings.warn(_create_deprecation_warning(k, replacements))

[2024-03-15T08:31:38.426+0000] {logging_mixin.py:188} INFO - 2024-03-15 08:31:38,426 INFO sqlalchemy.engine.Engine SELECT DATABASE()
[2024-03-15T08:31:38.426+0000] {base.py:1863} INFO - SELECT DATABASE()
[2024-03-15T08:31:38.428+0000] {logging_mixin.py:188} INFO - 2024-03-15 08:31:38,428 INFO sqlalchemy.engine.Engine [raw sql] {}
[2024-03-15T08:31:38.428+0000] {base.py:1868} INFO - [raw sql] {}
[2024-03-15T08:31:39.261+0000] {logging_mixin.py:188} INFO - 2024-03-15 08:31:39,261 INFO sqlalchemy.engine.Engine SELECT @@sql_mode
[2024-03-15T08:31:39.261+0000] {base.py:1863} INFO - SELECT @@sql_mode
[2024-03-15T08:31:39.262+0000] {logging_mixin.py:188} INFO - 2024-03-15 08:31:39,262 INFO sqlalchemy.engine.Engine [raw sql] {}
[2024-03-15T08:31:39.262+0000] {base.py:1868} INFO - [raw sql] {}
[2024-03-15T08:31:39.676+0000] {logging_mixin.py:188} INFO - 2024-03-15 08:31:39,676 INFO sqlalchemy.engine.Engine SELECT @@lower_case_table_names
[2024-03-15T08:31:39.676+0000] {base.py:1863} INFO - SELECT @@lower_case_table_names
[2024-03-15T08:31:39.677+0000] {logging_mixin.py:188} INFO - 2024-03-15 08:31:39,677 INFO sqlalchemy.engine.Engine [raw sql] {}
[2024-03-15T08:31:39.677+0000] {base.py:1868} INFO - [raw sql] {}
[2024-03-15T08:31:40.091+0000] {logging_mixin.py:188} INFO - 2024-03-15 08:31:40,091 INFO sqlalchemy.engine.Engine BEGIN (implicit)
[2024-03-15T08:31:40.091+0000] {base.py:1032} INFO - BEGIN (implicit)
[2024-03-15T08:31:40.302+0000] {logging_mixin.py:188} INFO - 2024-03-15 08:31:40,302 INFO sqlalchemy.engine.Engine SELECT COUNT(*) FROM information_schema.tables WHERE table_schema = %(table_schema)s AND table_name = %(table_name)s
[2024-03-15T08:31:40.302+0000] {base.py:1863} INFO - SELECT COUNT(*) FROM information_schema.tables WHERE table_schema = %(table_schema)s AND table_name = %(table_name)s
[2024-03-15T08:31:40.303+0000] {logging_mixin.py:188} INFO - 2024-03-15 08:31:40,303 INFO sqlalchemy.engine.Engine [generated in 0.20903s] {'table_schema': 'backup', 'table_name': 'user_restore'}
[2024-03-15T08:31:40.303+0000] {base.py:1868} INFO - [generated in 0.20903s] {'table_schema': 'backup', 'table_name': 'user_restore'}
[2024-03-15T08:31:40.719+0000] {logging_mixin.py:188} INFO - 2024-03-15 08:31:40,719 INFO sqlalchemy.engine.Engine 
CREATE TABLE user_restore (
	_id TEXT, 
	id BIGINT, 
	nama TEXT, 
	created_at TEXT, 
	updated_at TEXT, 
	delete_at TEXT, 
	alamat FLOAT(53), 
	execution_at TEXT
)
[2024-03-15T08:31:40.719+0000] {base.py:1863} INFO - 
CREATE TABLE user_restore (
	_id TEXT, 
	id BIGINT, 
	nama TEXT, 
	created_at TEXT, 
	updated_at TEXT, 
	delete_at TEXT, 
	alamat FLOAT(53), 
	execution_at TEXT
)


[2024-03-15T08:31:40.719+0000] {logging_mixin.py:188} INFO - 2024-03-15 08:31:40,719 INFO sqlalchemy.engine.Engine [no key 0.20625s] {}
[2024-03-15T08:31:40.719+0000] {base.py:1868} INFO - [no key 0.20625s] {}
[2024-03-15T08:31:41.161+0000] {logging_mixin.py:188} INFO - 2024-03-15 08:31:41,161 INFO sqlalchemy.engine.Engine INSERT INTO user_restore (_id, id, nama, created_at, updated_at, delete_at, alamat, execution_at) VALUES (%(_id)s, %(id)s, %(nama)s, %(created_at)s, %(updated_at)s, %(delete_at)s, %(alamat)s, %(execution_at)s)
[2024-03-15T08:31:41.161+0000] {base.py:1863} INFO - INSERT INTO user_restore (_id, id, nama, created_at, updated_at, delete_at, alamat, execution_at) VALUES (%(_id)s, %(id)s, %(nama)s, %(created_at)s, %(updated_at)s, %(delete_at)s, %(alamat)s, %(execution_at)s)
[2024-03-15T08:31:41.162+0000] {logging_mixin.py:188} INFO - 2024-03-15 08:31:41,162 INFO sqlalchemy.engine.Engine [generated in 0.20739s] ({'_id': '65f4058125246f4b275642a8', 'id': 1, 'nama': 'heri', 'created_at': '2024-03-15 08:05:00', 'updated_at': '2024-03-15 08:05:00', 'delete_at': '2024-03-15 08:05:00', 'alamat': None, 'execution_at': '2024-03-15 15:23:19'}, {'_id': '65f4058125246f4b275642a9', 'id': 2, 'nama': 'setiawan', 'created_at': '2024-03-15 08:05:00', 'updated_at': '2024-03-15 08:05:00', 'delete_at': '2024-03-15 08:05:00', 'alamat': None, 'execution_at': '2024-03-15 15:23:19'})
[2024-03-15T08:31:41.162+0000] {base.py:1868} INFO - [generated in 0.20739s] ({'_id': '65f4058125246f4b275642a8', 'id': 1, 'nama': 'heri', 'created_at': '2024-03-15 08:05:00', 'updated_at': '2024-03-15 08:05:00', 'delete_at': '2024-03-15 08:05:00', 'alamat': None, 'execution_at': '2024-03-15 15:23:19'}, {'_id': '65f4058125246f4b275642a9', 'id': 2, 'nama': 'setiawan', 'created_at': '2024-03-15 08:05:00', 'updated_at': '2024-03-15 08:05:00', 'delete_at': '2024-03-15 08:05:00', 'alamat': None, 'execution_at': '2024-03-15 15:23:19'})
[2024-03-15T08:31:41.372+0000] {logging_mixin.py:188} INFO - 2024-03-15 08:31:41,372 INFO sqlalchemy.engine.Engine COMMIT
[2024-03-15T08:31:41.372+0000] {base.py:1092} INFO - COMMIT
[2024-03-15T08:31:41.788+0000] {python.py:202} INFO - Done. Returned value was: None
[2024-03-15T08:31:41.796+0000] {taskinstance.py:1149} INFO - Marking task as SUCCESS. dag_id=study_case1_restore, task_id=ingest_csv_to_mysql, execution_date=20240315T083131, start_date=20240315T083135, end_date=20240315T083141
[2024-03-15T08:31:41.839+0000] {local_task_job_runner.py:234} INFO - Task exited with return code 0
[2024-03-15T08:31:41.854+0000] {taskinstance.py:3309} INFO - 1 downstream tasks scheduled from follow-on schedule check
