[2024-03-16T05:54:46.470+0000] {taskinstance.py:1979} INFO - Dependencies all met for dep_context=non-requeueable deps ti=<TaskInstance: study_case_1.fetch_data_task scheduled__2024-03-16T02:00:00+00:00 [queued]>
[2024-03-16T05:54:46.496+0000] {taskinstance.py:1979} INFO - Dependencies all met for dep_context=requeueable deps ti=<TaskInstance: study_case_1.fetch_data_task scheduled__2024-03-16T02:00:00+00:00 [queued]>
[2024-03-16T05:54:46.497+0000] {taskinstance.py:2193} INFO - Starting attempt 1 of 2
[2024-03-16T05:54:46.517+0000] {taskinstance.py:2214} INFO - Executing <Task(PythonOperator): fetch_data_task> on 2024-03-16 02:00:00+00:00
[2024-03-16T05:54:46.525+0000] {standard_task_runner.py:60} INFO - Started process 429 to run task
[2024-03-16T05:54:46.541+0000] {standard_task_runner.py:87} INFO - Running: ['***', 'tasks', 'run', 'study_case_1', 'fetch_data_task', 'scheduled__2024-03-16T02:00:00+00:00', '--job-id', '403', '--raw', '--subdir', 'DAGS_FOLDER/pintro_aplikasi_education/study_case1.py', '--cfg-path', '/tmp/tmph9rsahtc']
[2024-03-16T05:54:46.544+0000] {standard_task_runner.py:88} INFO - Job 403: Subtask fetch_data_task
[2024-03-16T05:54:46.615+0000] {task_command.py:423} INFO - Running <TaskInstance: study_case_1.fetch_data_task scheduled__2024-03-16T02:00:00+00:00 [running]> on host f293363f8e27
[2024-03-16T05:54:46.846+0000] {taskinstance.py:2510} INFO - Exporting env vars: AIRFLOW_CTX_DAG_OWNER='Agus mahari' AIRFLOW_CTX_DAG_ID='study_case_1' AIRFLOW_CTX_TASK_ID='fetch_data_task' AIRFLOW_CTX_EXECUTION_DATE='2024-03-16T02:00:00+00:00' AIRFLOW_CTX_TRY_NUMBER='1' AIRFLOW_CTX_DAG_RUN_ID='scheduled__2024-03-16T02:00:00+00:00'
[2024-03-16T05:54:46.848+0000] {warnings.py:109} WARNING - /home/***/.local/lib/python3.8/site-packages/***/utils/context.py:315: AirflowContextDeprecationWarning: Accessing 'execution_date' from the template is deprecated and will be removed in a future version. Please use 'data_interval_start' or 'logical_date' instead.
  warnings.warn(_create_deprecation_warning(k, replacements))

[2024-03-16T05:54:49.533+0000] {logging_mixin.py:188} INFO - 2024-03-16 05:54:49,533 INFO sqlalchemy.engine.Engine SELECT DATABASE()
[2024-03-16T05:54:49.533+0000] {base.py:1863} INFO - SELECT DATABASE()
[2024-03-16T05:54:49.535+0000] {logging_mixin.py:188} INFO - 2024-03-16 05:54:49,534 INFO sqlalchemy.engine.Engine [raw sql] {}
[2024-03-16T05:54:49.534+0000] {base.py:1868} INFO - [raw sql] {}
[2024-03-16T05:54:50.427+0000] {logging_mixin.py:188} INFO - 2024-03-16 05:54:50,427 INFO sqlalchemy.engine.Engine SELECT @@sql_mode
[2024-03-16T05:54:50.427+0000] {base.py:1863} INFO - SELECT @@sql_mode
[2024-03-16T05:54:50.428+0000] {logging_mixin.py:188} INFO - 2024-03-16 05:54:50,428 INFO sqlalchemy.engine.Engine [raw sql] {}
[2024-03-16T05:54:50.428+0000] {base.py:1868} INFO - [raw sql] {}
[2024-03-16T05:54:50.888+0000] {logging_mixin.py:188} INFO - 2024-03-16 05:54:50,887 INFO sqlalchemy.engine.Engine SELECT @@lower_case_table_names
[2024-03-16T05:54:50.887+0000] {base.py:1863} INFO - SELECT @@lower_case_table_names
[2024-03-16T05:54:50.888+0000] {logging_mixin.py:188} INFO - 2024-03-16 05:54:50,888 INFO sqlalchemy.engine.Engine [raw sql] {}
[2024-03-16T05:54:50.888+0000] {base.py:1868} INFO - [raw sql] {}
[2024-03-16T05:54:51.548+0000] {logging_mixin.py:188} INFO - 2024-03-16 05:54:51,548 INFO sqlalchemy.engine.Engine 


   SELECT 
    *, 
    CONVERT_TZ(NOW(), 'UTC', '+07:00') as execution_at
FROM test.user
WHERE updated_at BETWEEN NOW() - INTERVAL 7 MINUTE AND NOW()
[2024-03-16T05:54:51.548+0000] {base.py:1863} INFO - 


   SELECT 
    *, 
    CONVERT_TZ(NOW(), 'UTC', '+07:00') as execution_at
FROM test.user
WHERE updated_at BETWEEN NOW() - INTERVAL 7 MINUTE AND NOW()
[2024-03-16T05:54:51.550+0000] {logging_mixin.py:188} INFO - 2024-03-16 05:54:51,550 INFO sqlalchemy.engine.Engine [raw sql] {}
[2024-03-16T05:54:51.550+0000] {base.py:1868} INFO - [raw sql] {}
[2024-03-16T05:54:51.995+0000] {logging_mixin.py:188} INFO - File already exists.
[2024-03-16T05:54:51.999+0000] {python.py:202} INFO - Done. Returned value was: None
[2024-03-16T05:54:52.013+0000] {taskinstance.py:1149} INFO - Marking task as SUCCESS. dag_id=study_case_1, task_id=fetch_data_task, execution_date=20240316T020000, start_date=20240316T055446, end_date=20240316T055452
[2024-03-16T05:54:52.220+0000] {local_task_job_runner.py:234} INFO - Task exited with return code 0
[2024-03-16T05:54:52.296+0000] {taskinstance.py:3309} INFO - 1 downstream tasks scheduled from follow-on schedule check
