[2024-03-16T06:11:52.748+0000] {taskinstance.py:1979} INFO - Dependencies all met for dep_context=non-requeueable deps ti=<TaskInstance: study_case_etl_cloud_storage.fetch_data_task scheduled__2024-03-15T14:00:00+00:00 [queued]>
[2024-03-16T06:11:52.770+0000] {taskinstance.py:1979} INFO - Dependencies all met for dep_context=requeueable deps ti=<TaskInstance: study_case_etl_cloud_storage.fetch_data_task scheduled__2024-03-15T14:00:00+00:00 [queued]>
[2024-03-16T06:11:52.774+0000] {taskinstance.py:2193} INFO - Starting attempt 1 of 2
[2024-03-16T06:11:52.792+0000] {taskinstance.py:2214} INFO - Executing <Task(PythonOperator): fetch_data_task> on 2024-03-15 14:00:00+00:00
[2024-03-16T06:11:52.801+0000] {standard_task_runner.py:60} INFO - Started process 369 to run task
[2024-03-16T06:11:52.810+0000] {standard_task_runner.py:87} INFO - Running: ['***', 'tasks', 'run', 'study_case_etl_cloud_storage', 'fetch_data_task', 'scheduled__2024-03-15T14:00:00+00:00', '--job-id', '531', '--raw', '--subdir', 'DAGS_FOLDER/etl_day_bigquery/study_case_etl_cloud_storage.py', '--cfg-path', '/tmp/tmp0jjjqtcn']
[2024-03-16T06:11:52.813+0000] {standard_task_runner.py:88} INFO - Job 531: Subtask fetch_data_task
[2024-03-16T06:11:52.909+0000] {task_command.py:423} INFO - Running <TaskInstance: study_case_etl_cloud_storage.fetch_data_task scheduled__2024-03-15T14:00:00+00:00 [running]> on host 72d5c878da28
[2024-03-16T06:11:53.033+0000] {taskinstance.py:2510} INFO - Exporting env vars: AIRFLOW_CTX_DAG_OWNER='Agus mahari' AIRFLOW_CTX_DAG_ID='study_case_etl_cloud_storage' AIRFLOW_CTX_TASK_ID='fetch_data_task' AIRFLOW_CTX_EXECUTION_DATE='2024-03-15T14:00:00+00:00' AIRFLOW_CTX_TRY_NUMBER='1' AIRFLOW_CTX_DAG_RUN_ID='scheduled__2024-03-15T14:00:00+00:00'
[2024-03-16T06:11:53.037+0000] {warnings.py:109} WARNING - /home/***/.local/lib/python3.8/site-packages/***/utils/context.py:315: AirflowContextDeprecationWarning: Accessing 'execution_date' from the template is deprecated and will be removed in a future version. Please use 'data_interval_start' or 'logical_date' instead.
  warnings.warn(_create_deprecation_warning(k, replacements))

[2024-03-16T06:11:55.677+0000] {logging_mixin.py:188} INFO - 2024-03-16 06:11:55,677 INFO sqlalchemy.engine.Engine SELECT DATABASE()
[2024-03-16T06:11:55.677+0000] {base.py:1863} INFO - SELECT DATABASE()
[2024-03-16T06:11:55.678+0000] {logging_mixin.py:188} INFO - 2024-03-16 06:11:55,678 INFO sqlalchemy.engine.Engine [raw sql] {}
[2024-03-16T06:11:55.678+0000] {base.py:1868} INFO - [raw sql] {}
[2024-03-16T06:11:56.561+0000] {logging_mixin.py:188} INFO - 2024-03-16 06:11:56,561 INFO sqlalchemy.engine.Engine SELECT @@sql_mode
[2024-03-16T06:11:56.561+0000] {base.py:1863} INFO - SELECT @@sql_mode
[2024-03-16T06:11:56.562+0000] {logging_mixin.py:188} INFO - 2024-03-16 06:11:56,562 INFO sqlalchemy.engine.Engine [raw sql] {}
[2024-03-16T06:11:56.562+0000] {base.py:1868} INFO - [raw sql] {}
[2024-03-16T06:11:57.004+0000] {logging_mixin.py:188} INFO - 2024-03-16 06:11:57,004 INFO sqlalchemy.engine.Engine SELECT @@lower_case_table_names
[2024-03-16T06:11:57.004+0000] {base.py:1863} INFO - SELECT @@lower_case_table_names
[2024-03-16T06:11:57.005+0000] {logging_mixin.py:188} INFO - 2024-03-16 06:11:57,005 INFO sqlalchemy.engine.Engine [raw sql] {}
[2024-03-16T06:11:57.005+0000] {base.py:1868} INFO - [raw sql] {}
[2024-03-16T06:11:57.669+0000] {logging_mixin.py:188} INFO - 2024-03-16 06:11:57,669 INFO sqlalchemy.engine.Engine 


   SELECT 
    *, 
    CONVERT_TZ(NOW(), 'UTC', '+07:00') as execution_at
FROM test.user
WHERE updated_at BETWEEN NOW() - INTERVAL 7 MINUTE AND NOW()
[2024-03-16T06:11:57.669+0000] {base.py:1863} INFO - 


   SELECT 
    *, 
    CONVERT_TZ(NOW(), 'UTC', '+07:00') as execution_at
FROM test.user
WHERE updated_at BETWEEN NOW() - INTERVAL 7 MINUTE AND NOW()
[2024-03-16T06:11:57.670+0000] {logging_mixin.py:188} INFO - 2024-03-16 06:11:57,670 INFO sqlalchemy.engine.Engine [raw sql] {}
[2024-03-16T06:11:57.670+0000] {base.py:1868} INFO - [raw sql] {}
[2024-03-16T06:11:58.120+0000] {python.py:202} INFO - Done. Returned value was: /opt/***/data/aplikasi_table_2024-03-15-14-00-00.parquet
[2024-03-16T06:11:58.143+0000] {taskinstance.py:1149} INFO - Marking task as SUCCESS. dag_id=study_case_etl_cloud_storage, task_id=fetch_data_task, execution_date=20240315T140000, start_date=20240316T061152, end_date=20240316T061158
[2024-03-16T06:11:58.172+0000] {local_task_job_runner.py:234} INFO - Task exited with return code 0
[2024-03-16T06:11:58.191+0000] {taskinstance.py:3309} INFO - 1 downstream tasks scheduled from follow-on schedule check
[2024-03-22T17:28:22.762+0000] {taskinstance.py:1979} INFO - Dependencies all met for dep_context=non-requeueable deps ti=<TaskInstance: study_case_etl_cloud_storage.fetch_data_task scheduled__2024-03-15T14:00:00+00:00 [queued]>
[2024-03-22T17:28:22.792+0000] {taskinstance.py:1979} INFO - Dependencies all met for dep_context=requeueable deps ti=<TaskInstance: study_case_etl_cloud_storage.fetch_data_task scheduled__2024-03-15T14:00:00+00:00 [queued]>
[2024-03-22T17:28:22.795+0000] {taskinstance.py:2193} INFO - Starting attempt 1 of 2
[2024-03-22T17:28:22.855+0000] {taskinstance.py:2214} INFO - Executing <Task(PythonOperator): fetch_data_task> on 2024-03-15 14:00:00+00:00
[2024-03-22T17:28:22.876+0000] {standard_task_runner.py:60} INFO - Started process 398 to run task
[2024-03-22T17:28:22.883+0000] {standard_task_runner.py:87} INFO - Running: ['***', 'tasks', 'run', 'study_case_etl_cloud_storage', 'fetch_data_task', 'scheduled__2024-03-15T14:00:00+00:00', '--job-id', '29', '--raw', '--subdir', 'DAGS_FOLDER/etl_day_bigquery/study_case_etl_cloud_storage.py', '--cfg-path', '/tmp/tmpwd0jgjmw']
[2024-03-22T17:28:22.901+0000] {standard_task_runner.py:88} INFO - Job 29: Subtask fetch_data_task
[2024-03-22T17:28:23.021+0000] {task_command.py:423} INFO - Running <TaskInstance: study_case_etl_cloud_storage.fetch_data_task scheduled__2024-03-15T14:00:00+00:00 [running]> on host eb8b31fafb1e
[2024-03-22T17:28:23.205+0000] {taskinstance.py:2510} INFO - Exporting env vars: AIRFLOW_CTX_DAG_OWNER='Agus mahari' AIRFLOW_CTX_DAG_ID='study_case_etl_cloud_storage' AIRFLOW_CTX_TASK_ID='fetch_data_task' AIRFLOW_CTX_EXECUTION_DATE='2024-03-15T14:00:00+00:00' AIRFLOW_CTX_TRY_NUMBER='1' AIRFLOW_CTX_DAG_RUN_ID='scheduled__2024-03-15T14:00:00+00:00'
[2024-03-22T17:28:25.813+0000] {logging_mixin.py:188} INFO - 2024-03-22 17:28:25,813 INFO sqlalchemy.engine.Engine SELECT DATABASE()
[2024-03-22T17:28:25.813+0000] {base.py:1863} INFO - SELECT DATABASE()
[2024-03-22T17:28:25.814+0000] {logging_mixin.py:188} INFO - 2024-03-22 17:28:25,814 INFO sqlalchemy.engine.Engine [raw sql] {}
[2024-03-22T17:28:25.814+0000] {base.py:1868} INFO - [raw sql] {}
[2024-03-22T17:28:26.728+0000] {logging_mixin.py:188} INFO - 2024-03-22 17:28:26,727 INFO sqlalchemy.engine.Engine SELECT @@sql_mode
[2024-03-22T17:28:26.727+0000] {base.py:1863} INFO - SELECT @@sql_mode
[2024-03-22T17:28:26.729+0000] {logging_mixin.py:188} INFO - 2024-03-22 17:28:26,729 INFO sqlalchemy.engine.Engine [raw sql] {}
[2024-03-22T17:28:26.729+0000] {base.py:1868} INFO - [raw sql] {}
[2024-03-22T17:28:27.168+0000] {logging_mixin.py:188} INFO - 2024-03-22 17:28:27,168 INFO sqlalchemy.engine.Engine SELECT @@lower_case_table_names
[2024-03-22T17:28:27.168+0000] {base.py:1863} INFO - SELECT @@lower_case_table_names
[2024-03-22T17:28:27.171+0000] {logging_mixin.py:188} INFO - 2024-03-22 17:28:27,170 INFO sqlalchemy.engine.Engine [raw sql] {}
[2024-03-22T17:28:27.170+0000] {base.py:1868} INFO - [raw sql] {}
[2024-03-22T17:28:27.832+0000] {logging_mixin.py:188} INFO - 2024-03-22 17:28:27,832 INFO sqlalchemy.engine.Engine 


  SELECT 
    *
FROM databasename.mytable
[2024-03-22T17:28:27.832+0000] {base.py:1863} INFO - 


  SELECT 
    *
FROM databasename.mytable
[2024-03-22T17:28:27.833+0000] {logging_mixin.py:188} INFO - 2024-03-22 17:28:27,833 INFO sqlalchemy.engine.Engine [raw sql] {}
[2024-03-22T17:28:27.833+0000] {base.py:1868} INFO - [raw sql] {}
[2024-03-22T17:28:28.275+0000] {logging_mixin.py:188} INFO - File already exists.
[2024-03-22T17:28:28.277+0000] {python.py:202} INFO - Done. Returned value was: /opt/***/data/aplikasi_table_['{ ds }.parquet']
[2024-03-22T17:28:28.299+0000] {taskinstance.py:1149} INFO - Marking task as SUCCESS. dag_id=study_case_etl_cloud_storage, task_id=fetch_data_task, execution_date=20240315T140000, start_date=20240322T172822, end_date=20240322T172828
[2024-03-22T17:28:28.327+0000] {local_task_job_runner.py:234} INFO - Task exited with return code 0
[2024-03-22T17:28:28.342+0000] {taskinstance.py:3309} INFO - 0 downstream tasks scheduled from follow-on schedule check
