[2024-03-16T06:11:52.175+0000] {taskinstance.py:1979} INFO - Dependencies all met for dep_context=non-requeueable deps ti=<TaskInstance: study_case_etl_cloud_storage.fetch_data_task scheduled__2024-03-15T12:00:00+00:00 [queued]>
[2024-03-16T06:11:52.201+0000] {taskinstance.py:1979} INFO - Dependencies all met for dep_context=requeueable deps ti=<TaskInstance: study_case_etl_cloud_storage.fetch_data_task scheduled__2024-03-15T12:00:00+00:00 [queued]>
[2024-03-16T06:11:52.202+0000] {taskinstance.py:2193} INFO - Starting attempt 1 of 2
[2024-03-16T06:11:52.238+0000] {taskinstance.py:2214} INFO - Executing <Task(PythonOperator): fetch_data_task> on 2024-03-15 12:00:00+00:00
[2024-03-16T06:11:52.251+0000] {standard_task_runner.py:60} INFO - Started process 364 to run task
[2024-03-16T06:11:52.256+0000] {standard_task_runner.py:87} INFO - Running: ['***', 'tasks', 'run', 'study_case_etl_cloud_storage', 'fetch_data_task', 'scheduled__2024-03-15T12:00:00+00:00', '--job-id', '529', '--raw', '--subdir', 'DAGS_FOLDER/etl_day_bigquery/study_case_etl_cloud_storage.py', '--cfg-path', '/tmp/tmpjz_7mvig']
[2024-03-16T06:11:52.262+0000] {standard_task_runner.py:88} INFO - Job 529: Subtask fetch_data_task
[2024-03-16T06:11:52.377+0000] {task_command.py:423} INFO - Running <TaskInstance: study_case_etl_cloud_storage.fetch_data_task scheduled__2024-03-15T12:00:00+00:00 [running]> on host 72d5c878da28
[2024-03-16T06:11:52.560+0000] {taskinstance.py:2510} INFO - Exporting env vars: AIRFLOW_CTX_DAG_OWNER='Agus mahari' AIRFLOW_CTX_DAG_ID='study_case_etl_cloud_storage' AIRFLOW_CTX_TASK_ID='fetch_data_task' AIRFLOW_CTX_EXECUTION_DATE='2024-03-15T12:00:00+00:00' AIRFLOW_CTX_TRY_NUMBER='1' AIRFLOW_CTX_DAG_RUN_ID='scheduled__2024-03-15T12:00:00+00:00'
[2024-03-16T06:11:52.563+0000] {warnings.py:109} WARNING - /home/***/.local/lib/python3.8/site-packages/***/utils/context.py:315: AirflowContextDeprecationWarning: Accessing 'execution_date' from the template is deprecated and will be removed in a future version. Please use 'data_interval_start' or 'logical_date' instead.
  warnings.warn(_create_deprecation_warning(k, replacements))

[2024-03-16T06:11:55.665+0000] {logging_mixin.py:188} INFO - 2024-03-16 06:11:55,665 INFO sqlalchemy.engine.Engine SELECT DATABASE()
[2024-03-16T06:11:55.665+0000] {base.py:1863} INFO - SELECT DATABASE()
[2024-03-16T06:11:55.668+0000] {logging_mixin.py:188} INFO - 2024-03-16 06:11:55,667 INFO sqlalchemy.engine.Engine [raw sql] {}
[2024-03-16T06:11:55.667+0000] {base.py:1868} INFO - [raw sql] {}
[2024-03-16T06:11:56.552+0000] {logging_mixin.py:188} INFO - 2024-03-16 06:11:56,551 INFO sqlalchemy.engine.Engine SELECT @@sql_mode
[2024-03-16T06:11:56.551+0000] {base.py:1863} INFO - SELECT @@sql_mode
[2024-03-16T06:11:56.552+0000] {logging_mixin.py:188} INFO - 2024-03-16 06:11:56,552 INFO sqlalchemy.engine.Engine [raw sql] {}
[2024-03-16T06:11:56.552+0000] {base.py:1868} INFO - [raw sql] {}
[2024-03-16T06:11:56.994+0000] {logging_mixin.py:188} INFO - 2024-03-16 06:11:56,993 INFO sqlalchemy.engine.Engine SELECT @@lower_case_table_names
[2024-03-16T06:11:56.993+0000] {base.py:1863} INFO - SELECT @@lower_case_table_names
[2024-03-16T06:11:56.995+0000] {logging_mixin.py:188} INFO - 2024-03-16 06:11:56,995 INFO sqlalchemy.engine.Engine [raw sql] {}
[2024-03-16T06:11:56.995+0000] {base.py:1868} INFO - [raw sql] {}
[2024-03-16T06:11:57.664+0000] {logging_mixin.py:188} INFO - 2024-03-16 06:11:57,664 INFO sqlalchemy.engine.Engine 


   SELECT 
    *, 
    CONVERT_TZ(NOW(), 'UTC', '+07:00') as execution_at
FROM test.user
WHERE updated_at BETWEEN NOW() - INTERVAL 7 MINUTE AND NOW()
[2024-03-16T06:11:57.664+0000] {base.py:1863} INFO - 


   SELECT 
    *, 
    CONVERT_TZ(NOW(), 'UTC', '+07:00') as execution_at
FROM test.user
WHERE updated_at BETWEEN NOW() - INTERVAL 7 MINUTE AND NOW()
[2024-03-16T06:11:57.665+0000] {logging_mixin.py:188} INFO - 2024-03-16 06:11:57,665 INFO sqlalchemy.engine.Engine [raw sql] {}
[2024-03-16T06:11:57.665+0000] {base.py:1868} INFO - [raw sql] {}
[2024-03-16T06:11:58.117+0000] {python.py:202} INFO - Done. Returned value was: /opt/***/data/aplikasi_table_2024-03-15-12-00-00.parquet
[2024-03-16T06:11:58.138+0000] {taskinstance.py:1149} INFO - Marking task as SUCCESS. dag_id=study_case_etl_cloud_storage, task_id=fetch_data_task, execution_date=20240315T120000, start_date=20240316T061152, end_date=20240316T061158
[2024-03-16T06:11:58.162+0000] {local_task_job_runner.py:234} INFO - Task exited with return code 0
[2024-03-16T06:11:58.182+0000] {taskinstance.py:3309} INFO - 1 downstream tasks scheduled from follow-on schedule check
[2024-03-22T17:28:22.867+0000] {taskinstance.py:1979} INFO - Dependencies all met for dep_context=non-requeueable deps ti=<TaskInstance: study_case_etl_cloud_storage.fetch_data_task scheduled__2024-03-15T12:00:00+00:00 [queued]>
[2024-03-22T17:28:22.891+0000] {taskinstance.py:1979} INFO - Dependencies all met for dep_context=requeueable deps ti=<TaskInstance: study_case_etl_cloud_storage.fetch_data_task scheduled__2024-03-15T12:00:00+00:00 [queued]>
[2024-03-22T17:28:22.892+0000] {taskinstance.py:2193} INFO - Starting attempt 1 of 2
[2024-03-22T17:28:22.911+0000] {taskinstance.py:2214} INFO - Executing <Task(PythonOperator): fetch_data_task> on 2024-03-15 12:00:00+00:00
[2024-03-22T17:28:22.922+0000] {standard_task_runner.py:60} INFO - Started process 399 to run task
[2024-03-22T17:28:22.932+0000] {standard_task_runner.py:87} INFO - Running: ['***', 'tasks', 'run', 'study_case_etl_cloud_storage', 'fetch_data_task', 'scheduled__2024-03-15T12:00:00+00:00', '--job-id', '30', '--raw', '--subdir', 'DAGS_FOLDER/etl_day_bigquery/study_case_etl_cloud_storage.py', '--cfg-path', '/tmp/tmph947w5s0']
[2024-03-22T17:28:22.949+0000] {standard_task_runner.py:88} INFO - Job 30: Subtask fetch_data_task
[2024-03-22T17:28:23.058+0000] {task_command.py:423} INFO - Running <TaskInstance: study_case_etl_cloud_storage.fetch_data_task scheduled__2024-03-15T12:00:00+00:00 [running]> on host eb8b31fafb1e
[2024-03-22T17:28:23.207+0000] {taskinstance.py:2510} INFO - Exporting env vars: AIRFLOW_CTX_DAG_OWNER='Agus mahari' AIRFLOW_CTX_DAG_ID='study_case_etl_cloud_storage' AIRFLOW_CTX_TASK_ID='fetch_data_task' AIRFLOW_CTX_EXECUTION_DATE='2024-03-15T12:00:00+00:00' AIRFLOW_CTX_TRY_NUMBER='1' AIRFLOW_CTX_DAG_RUN_ID='scheduled__2024-03-15T12:00:00+00:00'
[2024-03-22T17:28:25.816+0000] {logging_mixin.py:188} INFO - 2024-03-22 17:28:25,816 INFO sqlalchemy.engine.Engine SELECT DATABASE()
[2024-03-22T17:28:25.816+0000] {base.py:1863} INFO - SELECT DATABASE()
[2024-03-22T17:28:25.818+0000] {logging_mixin.py:188} INFO - 2024-03-22 17:28:25,817 INFO sqlalchemy.engine.Engine [raw sql] {}
[2024-03-22T17:28:25.817+0000] {base.py:1868} INFO - [raw sql] {}
[2024-03-22T17:28:26.732+0000] {logging_mixin.py:188} INFO - 2024-03-22 17:28:26,732 INFO sqlalchemy.engine.Engine SELECT @@sql_mode
[2024-03-22T17:28:26.732+0000] {base.py:1863} INFO - SELECT @@sql_mode
[2024-03-22T17:28:26.733+0000] {logging_mixin.py:188} INFO - 2024-03-22 17:28:26,733 INFO sqlalchemy.engine.Engine [raw sql] {}
[2024-03-22T17:28:26.733+0000] {base.py:1868} INFO - [raw sql] {}
[2024-03-22T17:28:27.178+0000] {logging_mixin.py:188} INFO - 2024-03-22 17:28:27,178 INFO sqlalchemy.engine.Engine SELECT @@lower_case_table_names
[2024-03-22T17:28:27.178+0000] {base.py:1863} INFO - SELECT @@lower_case_table_names
[2024-03-22T17:28:27.182+0000] {logging_mixin.py:188} INFO - 2024-03-22 17:28:27,180 INFO sqlalchemy.engine.Engine [raw sql] {}
[2024-03-22T17:28:27.180+0000] {base.py:1868} INFO - [raw sql] {}
[2024-03-22T17:28:27.847+0000] {logging_mixin.py:188} INFO - 2024-03-22 17:28:27,847 INFO sqlalchemy.engine.Engine 


  SELECT 
    *
FROM databasename.mytable
[2024-03-22T17:28:27.847+0000] {base.py:1863} INFO - 


  SELECT 
    *
FROM databasename.mytable
[2024-03-22T17:28:27.848+0000] {logging_mixin.py:188} INFO - 2024-03-22 17:28:27,848 INFO sqlalchemy.engine.Engine [raw sql] {}
[2024-03-22T17:28:27.848+0000] {base.py:1868} INFO - [raw sql] {}
[2024-03-22T17:28:28.292+0000] {logging_mixin.py:188} INFO - File already exists.
[2024-03-22T17:28:28.294+0000] {python.py:202} INFO - Done. Returned value was: /opt/***/data/aplikasi_table_['{ ds }.parquet']
[2024-03-22T17:28:28.316+0000] {taskinstance.py:1149} INFO - Marking task as SUCCESS. dag_id=study_case_etl_cloud_storage, task_id=fetch_data_task, execution_date=20240315T120000, start_date=20240322T172822, end_date=20240322T172828
[2024-03-22T17:28:28.377+0000] {local_task_job_runner.py:234} INFO - Task exited with return code 0
[2024-03-22T17:28:28.394+0000] {taskinstance.py:3309} INFO - 0 downstream tasks scheduled from follow-on schedule check
