[2024-03-03T10:40:28.112+0000] {taskinstance.py:1979} INFO - Dependencies all met for dep_context=non-requeueable deps ti=<TaskInstance: aaexample_2.fetch_data_and_process_task manual__2024-03-03T10:40:26.741636+00:00 [queued]>
[2024-03-03T10:40:28.120+0000] {taskinstance.py:1979} INFO - Dependencies all met for dep_context=requeueable deps ti=<TaskInstance: aaexample_2.fetch_data_and_process_task manual__2024-03-03T10:40:26.741636+00:00 [queued]>
[2024-03-03T10:40:28.120+0000] {taskinstance.py:2193} INFO - Starting attempt 1 of 2
[2024-03-03T10:40:28.131+0000] {taskinstance.py:2214} INFO - Executing <Task(PythonOperator): fetch_data_and_process_task> on 2024-03-03 10:40:26.741636+00:00
[2024-03-03T10:40:28.135+0000] {standard_task_runner.py:60} INFO - Started process 1902 to run task
[2024-03-03T10:40:28.138+0000] {standard_task_runner.py:87} INFO - Running: ['***', 'tasks', 'run', 'aaexample_2', 'fetch_data_and_process_task', 'manual__2024-03-03T10:40:26.741636+00:00', '--job-id', '57', '--raw', '--subdir', 'DAGS_FOLDER/other_ingestion_postgre/main_dag_eks_sql_os.py', '--cfg-path', '/tmp/tmpmyq91koo']
[2024-03-03T10:40:28.141+0000] {standard_task_runner.py:88} INFO - Job 57: Subtask fetch_data_and_process_task
[2024-03-03T10:40:28.177+0000] {task_command.py:423} INFO - Running <TaskInstance: aaexample_2.fetch_data_and_process_task manual__2024-03-03T10:40:26.741636+00:00 [running]> on host 749678136a31
[2024-03-03T10:40:28.239+0000] {taskinstance.py:2510} INFO - Exporting env vars: AIRFLOW_CTX_DAG_OWNER='***' AIRFLOW_CTX_DAG_ID='aaexample_2' AIRFLOW_CTX_TASK_ID='fetch_data_and_process_task' AIRFLOW_CTX_EXECUTION_DATE='2024-03-03T10:40:26.741636+00:00' AIRFLOW_CTX_TRY_NUMBER='1' AIRFLOW_CTX_DAG_RUN_ID='manual__2024-03-03T10:40:26.741636+00:00'
[2024-03-03T10:40:28.241+0000] {warnings.py:110} WARNING - /home/***/.local/lib/python3.11/site-packages/***/utils/context.py:315: AirflowContextDeprecationWarning: Accessing 'execution_date' from the template is deprecated and will be removed in a future version. Please use 'data_interval_start' or 'logical_date' instead.
  warnings.warn(_create_deprecation_warning(k, replacements))

[2024-03-03T10:40:30.350+0000] {logging_mixin.py:188} INFO -    id_transaksi  ...                 updated_at
0             1  ... 2024-02-27 10:24:21.937107
1             2  ... 2024-02-27 10:24:46.362615
2             3  ... 2024-02-27 10:24:46.362615
3             4  ... 2024-02-27 10:24:46.362615
4             5  ... 2024-02-27 10:24:46.362615
5             6  ... 2024-02-27 10:24:46.362615
6             7  ... 2024-02-27 10:24:46.362615
7             8  ... 2024-02-27 10:24:46.362615
8             9  ... 2024-02-27 10:24:46.362615
9            10  ... 2024-02-27 10:24:46.362615

[10 rows x 8 columns]
[2024-03-03T10:40:30.368+0000] {logging_mixin.py:188} INFO - An error occurred: name 'csv' is not defined
[2024-03-03T10:40:30.369+0000] {python.py:202} INFO - Done. Returned value was: None
[2024-03-03T10:40:30.377+0000] {taskinstance.py:1149} INFO - Marking task as SUCCESS. dag_id=aaexample_2, task_id=fetch_data_and_process_task, execution_date=20240303T104026, start_date=20240303T104028, end_date=20240303T104030
[2024-03-03T10:40:30.399+0000] {local_task_job_runner.py:234} INFO - Task exited with return code 0
[2024-03-03T10:40:30.413+0000] {taskinstance.py:3309} INFO - 0 downstream tasks scheduled from follow-on schedule check
