[2024-03-14T00:00:01.592+0000] {taskinstance.py:1979} INFO - Dependencies all met for dep_context=non-requeueable deps ti=<TaskInstance: mongodb_to_sql8.retrieve_data_and_save_to_csv scheduled__2024-03-13T00:00:00+00:00 [queued]>
[2024-03-14T00:00:01.601+0000] {taskinstance.py:1979} INFO - Dependencies all met for dep_context=requeueable deps ti=<TaskInstance: mongodb_to_sql8.retrieve_data_and_save_to_csv scheduled__2024-03-13T00:00:00+00:00 [queued]>
[2024-03-14T00:00:01.601+0000] {taskinstance.py:2193} INFO - Starting attempt 1 of 2
[2024-03-14T00:00:01.613+0000] {taskinstance.py:2214} INFO - Executing <Task(PythonOperator): retrieve_data_and_save_to_csv> on 2024-03-13 00:00:00+00:00
[2024-03-14T00:00:01.617+0000] {standard_task_runner.py:60} INFO - Started process 8901 to run task
[2024-03-14T00:00:01.621+0000] {standard_task_runner.py:87} INFO - Running: ['***', 'tasks', 'run', 'mongodb_to_sql8', 'retrieve_data_and_save_to_csv', 'scheduled__2024-03-13T00:00:00+00:00', '--job-id', '144', '--raw', '--subdir', 'DAGS_FOLDER/restrore_mongo/main_dag_sql_delapan.py', '--cfg-path', '/tmp/tmpnlkwky04']
[2024-03-14T00:00:01.624+0000] {standard_task_runner.py:88} INFO - Job 144: Subtask retrieve_data_and_save_to_csv
[2024-03-14T00:00:01.672+0000] {task_command.py:423} INFO - Running <TaskInstance: mongodb_to_sql8.retrieve_data_and_save_to_csv scheduled__2024-03-13T00:00:00+00:00 [running]> on host 35f9a0b3ca47
[2024-03-14T00:00:01.739+0000] {taskinstance.py:2510} INFO - Exporting env vars: AIRFLOW_CTX_DAG_OWNER='***' AIRFLOW_CTX_DAG_ID='mongodb_to_sql8' AIRFLOW_CTX_TASK_ID='retrieve_data_and_save_to_csv' AIRFLOW_CTX_EXECUTION_DATE='2024-03-13T00:00:00+00:00' AIRFLOW_CTX_TRY_NUMBER='1' AIRFLOW_CTX_DAG_RUN_ID='scheduled__2024-03-13T00:00:00+00:00'
[2024-03-14T00:00:01.741+0000] {warnings.py:109} WARNING - /home/***/.local/lib/python3.8/site-packages/***/utils/context.py:315: AirflowContextDeprecationWarning: Accessing 'execution_date' from the template is deprecated and will be removed in a future version. Please use 'data_interval_start' or 'logical_date' instead.
  warnings.warn(_create_deprecation_warning(k, replacements))

[2024-03-14T00:00:02.757+0000] {logging_mixin.py:188} INFO -                          _id  ...         execution_at
0   65f1b53d9d99da73a38c9278  ...  2024-03-13 21:16:26
1   65f1b53d9d99da73a38c9277  ...  2024-03-13 21:16:26
2   65f1b53d9d99da73a38c9276  ...  2024-03-13 21:16:26
3   65f1b53d9d99da73a38c9275  ...  2024-03-13 21:16:26
4   65f1b53d9d99da73a38c9274  ...  2024-03-13 21:16:26
..                       ...  ...                  ...
73  65f1b53d9d99da73a38c922f  ...  2024-03-13 21:16:26
74  65f1b53d9d99da73a38c922e  ...  2024-03-13 21:16:26
75  65f1b53d9d99da73a38c922d  ...  2024-03-13 21:16:26
76  65f1b53d9d99da73a38c922c  ...  2024-03-13 21:16:26
77  65f1b53d9d99da73a38c922b  ...  2024-03-13 21:16:26

[78 rows x 10 columns]
[2024-03-14T00:00:02.763+0000] {python.py:202} INFO - Done. Returned value was: None
[2024-03-14T00:00:02.771+0000] {taskinstance.py:1149} INFO - Marking task as SUCCESS. dag_id=mongodb_to_sql8, task_id=retrieve_data_and_save_to_csv, execution_date=20240313T000000, start_date=20240314T000001, end_date=20240314T000002
[2024-03-14T00:00:02.825+0000] {local_task_job_runner.py:234} INFO - Task exited with return code 0
[2024-03-14T00:00:02.845+0000] {taskinstance.py:3309} INFO - 1 downstream tasks scheduled from follow-on schedule check
