[2024-03-16T06:06:35.262+0000] {taskinstance.py:1979} INFO - Dependencies all met for dep_context=non-requeueable deps ti=<TaskInstance: study_case_etl_cloud_storage.fetch_data_task scheduled__2024-03-15T06:00:00+00:00 [queued]>
[2024-03-16T06:06:35.273+0000] {taskinstance.py:1979} INFO - Dependencies all met for dep_context=requeueable deps ti=<TaskInstance: study_case_etl_cloud_storage.fetch_data_task scheduled__2024-03-15T06:00:00+00:00 [queued]>
[2024-03-16T06:06:35.274+0000] {taskinstance.py:2193} INFO - Starting attempt 1 of 2
[2024-03-16T06:06:35.289+0000] {taskinstance.py:2214} INFO - Executing <Task(PythonOperator): fetch_data_task> on 2024-03-15 06:00:00+00:00
[2024-03-16T06:06:35.296+0000] {standard_task_runner.py:60} INFO - Started process 167 to run task
[2024-03-16T06:06:35.300+0000] {standard_task_runner.py:87} INFO - Running: ['***', 'tasks', 'run', 'study_case_etl_cloud_storage', 'fetch_data_task', 'scheduled__2024-03-15T06:00:00+00:00', '--job-id', '491', '--raw', '--subdir', 'DAGS_FOLDER/etl_day_bigquery/study_case_etl_cloud_storage.py', '--cfg-path', '/tmp/tmph1ukl82x']
[2024-03-16T06:06:35.305+0000] {standard_task_runner.py:88} INFO - Job 491: Subtask fetch_data_task
[2024-03-16T06:06:35.365+0000] {task_command.py:423} INFO - Running <TaskInstance: study_case_etl_cloud_storage.fetch_data_task scheduled__2024-03-15T06:00:00+00:00 [running]> on host 72d5c878da28
[2024-03-16T06:06:35.443+0000] {taskinstance.py:2510} INFO - Exporting env vars: AIRFLOW_CTX_DAG_OWNER='Agus mahari' AIRFLOW_CTX_DAG_ID='study_case_etl_cloud_storage' AIRFLOW_CTX_TASK_ID='fetch_data_task' AIRFLOW_CTX_EXECUTION_DATE='2024-03-15T06:00:00+00:00' AIRFLOW_CTX_TRY_NUMBER='1' AIRFLOW_CTX_DAG_RUN_ID='scheduled__2024-03-15T06:00:00+00:00'
[2024-03-16T06:06:35.446+0000] {warnings.py:109} WARNING - /home/***/.local/lib/python3.8/site-packages/***/utils/context.py:315: AirflowContextDeprecationWarning: Accessing 'execution_date' from the template is deprecated and will be removed in a future version. Please use 'data_interval_start' or 'logical_date' instead.
  warnings.warn(_create_deprecation_warning(k, replacements))

[2024-03-16T06:06:38.044+0000] {logging_mixin.py:188} INFO - 2024-03-16 06:06:38,044 INFO sqlalchemy.engine.Engine SELECT DATABASE()
[2024-03-16T06:06:38.044+0000] {base.py:1863} INFO - SELECT DATABASE()
[2024-03-16T06:06:38.047+0000] {logging_mixin.py:188} INFO - 2024-03-16 06:06:38,047 INFO sqlalchemy.engine.Engine [raw sql] {}
[2024-03-16T06:06:38.047+0000] {base.py:1868} INFO - [raw sql] {}
[2024-03-16T06:06:39.397+0000] {logging_mixin.py:188} INFO - 2024-03-16 06:06:39,397 INFO sqlalchemy.engine.Engine SELECT @@sql_mode
[2024-03-16T06:06:39.397+0000] {base.py:1863} INFO - SELECT @@sql_mode
[2024-03-16T06:06:39.402+0000] {logging_mixin.py:188} INFO - 2024-03-16 06:06:39,400 INFO sqlalchemy.engine.Engine [raw sql] {}
[2024-03-16T06:06:39.400+0000] {base.py:1868} INFO - [raw sql] {}
[2024-03-16T06:06:39.860+0000] {logging_mixin.py:188} INFO - 2024-03-16 06:06:39,860 INFO sqlalchemy.engine.Engine SELECT @@lower_case_table_names
[2024-03-16T06:06:39.860+0000] {base.py:1863} INFO - SELECT @@lower_case_table_names
[2024-03-16T06:06:39.862+0000] {logging_mixin.py:188} INFO - 2024-03-16 06:06:39,862 INFO sqlalchemy.engine.Engine [raw sql] {}
[2024-03-16T06:06:39.862+0000] {base.py:1868} INFO - [raw sql] {}
[2024-03-16T06:06:40.539+0000] {logging_mixin.py:188} INFO - 2024-03-16 06:06:40,539 INFO sqlalchemy.engine.Engine 


   SELECT 
    *, 
    CONVERT_TZ(NOW(), 'UTC', '+07:00') as execution_at
FROM test.user
WHERE updated_at BETWEEN NOW() - INTERVAL 7 MINUTE AND NOW()
[2024-03-16T06:06:40.539+0000] {base.py:1863} INFO - 


   SELECT 
    *, 
    CONVERT_TZ(NOW(), 'UTC', '+07:00') as execution_at
FROM test.user
WHERE updated_at BETWEEN NOW() - INTERVAL 7 MINUTE AND NOW()
[2024-03-16T06:06:40.544+0000] {logging_mixin.py:188} INFO - 2024-03-16 06:06:40,543 INFO sqlalchemy.engine.Engine [raw sql] {}
[2024-03-16T06:06:40.543+0000] {base.py:1868} INFO - [raw sql] {}
[2024-03-16T06:06:41.175+0000] {python.py:202} INFO - Done. Returned value was: /opt/***/data/aplikasi_table_2024-03-15-6-00-00.parquet
[2024-03-16T06:06:41.223+0000] {taskinstance.py:1149} INFO - Marking task as SUCCESS. dag_id=study_case_etl_cloud_storage, task_id=fetch_data_task, execution_date=20240315T060000, start_date=20240316T060635, end_date=20240316T060641
[2024-03-16T06:06:41.312+0000] {local_task_job_runner.py:234} INFO - Task exited with return code 0
[2024-03-16T06:06:41.341+0000] {taskinstance.py:3309} INFO - 1 downstream tasks scheduled from follow-on schedule check
[2024-03-22T17:28:04.049+0000] {taskinstance.py:1979} INFO - Dependencies all met for dep_context=non-requeueable deps ti=<TaskInstance: study_case_etl_cloud_storage.fetch_data_task scheduled__2024-03-15T06:00:00+00:00 [queued]>
[2024-03-22T17:28:04.065+0000] {taskinstance.py:1979} INFO - Dependencies all met for dep_context=requeueable deps ti=<TaskInstance: study_case_etl_cloud_storage.fetch_data_task scheduled__2024-03-15T06:00:00+00:00 [queued]>
[2024-03-22T17:28:04.066+0000] {taskinstance.py:2193} INFO - Starting attempt 1 of 2
[2024-03-22T17:28:04.136+0000] {taskinstance.py:2214} INFO - Executing <Task(PythonOperator): fetch_data_task> on 2024-03-15 06:00:00+00:00
[2024-03-22T17:28:04.151+0000] {standard_task_runner.py:60} INFO - Started process 351 to run task
[2024-03-22T17:28:04.162+0000] {standard_task_runner.py:87} INFO - Running: ['***', 'tasks', 'run', 'study_case_etl_cloud_storage', 'fetch_data_task', 'scheduled__2024-03-15T06:00:00+00:00', '--job-id', '18', '--raw', '--subdir', 'DAGS_FOLDER/etl_day_bigquery/study_case_etl_cloud_storage.py', '--cfg-path', '/tmp/tmp0s6dj1pq']
[2024-03-22T17:28:04.168+0000] {standard_task_runner.py:88} INFO - Job 18: Subtask fetch_data_task
[2024-03-22T17:28:04.266+0000] {task_command.py:423} INFO - Running <TaskInstance: study_case_etl_cloud_storage.fetch_data_task scheduled__2024-03-15T06:00:00+00:00 [running]> on host eb8b31fafb1e
[2024-03-22T17:28:04.503+0000] {taskinstance.py:2510} INFO - Exporting env vars: AIRFLOW_CTX_DAG_OWNER='Agus mahari' AIRFLOW_CTX_DAG_ID='study_case_etl_cloud_storage' AIRFLOW_CTX_TASK_ID='fetch_data_task' AIRFLOW_CTX_EXECUTION_DATE='2024-03-15T06:00:00+00:00' AIRFLOW_CTX_TRY_NUMBER='1' AIRFLOW_CTX_DAG_RUN_ID='scheduled__2024-03-15T06:00:00+00:00'
[2024-03-22T17:28:07.250+0000] {logging_mixin.py:188} INFO - 2024-03-22 17:28:07,249 INFO sqlalchemy.engine.Engine SELECT DATABASE()
[2024-03-22T17:28:07.249+0000] {base.py:1863} INFO - SELECT DATABASE()
[2024-03-22T17:28:07.251+0000] {logging_mixin.py:188} INFO - 2024-03-22 17:28:07,251 INFO sqlalchemy.engine.Engine [raw sql] {}
[2024-03-22T17:28:07.251+0000] {base.py:1868} INFO - [raw sql] {}
[2024-03-22T17:28:08.144+0000] {logging_mixin.py:188} INFO - 2024-03-22 17:28:08,144 INFO sqlalchemy.engine.Engine SELECT @@sql_mode
[2024-03-22T17:28:08.144+0000] {base.py:1863} INFO - SELECT @@sql_mode
[2024-03-22T17:28:08.145+0000] {logging_mixin.py:188} INFO - 2024-03-22 17:28:08,145 INFO sqlalchemy.engine.Engine [raw sql] {}
[2024-03-22T17:28:08.145+0000] {base.py:1868} INFO - [raw sql] {}
[2024-03-22T17:28:08.591+0000] {logging_mixin.py:188} INFO - 2024-03-22 17:28:08,591 INFO sqlalchemy.engine.Engine SELECT @@lower_case_table_names
[2024-03-22T17:28:08.591+0000] {base.py:1863} INFO - SELECT @@lower_case_table_names
[2024-03-22T17:28:08.592+0000] {logging_mixin.py:188} INFO - 2024-03-22 17:28:08,592 INFO sqlalchemy.engine.Engine [raw sql] {}
[2024-03-22T17:28:08.592+0000] {base.py:1868} INFO - [raw sql] {}
[2024-03-22T17:28:09.396+0000] {logging_mixin.py:188} INFO - 2024-03-22 17:28:09,396 INFO sqlalchemy.engine.Engine 


  SELECT 
    *
FROM databasename.mytable
[2024-03-22T17:28:09.396+0000] {base.py:1863} INFO - 


  SELECT 
    *
FROM databasename.mytable
[2024-03-22T17:28:09.397+0000] {logging_mixin.py:188} INFO - 2024-03-22 17:28:09,397 INFO sqlalchemy.engine.Engine [raw sql] {}
[2024-03-22T17:28:09.397+0000] {base.py:1868} INFO - [raw sql] {}
[2024-03-22T17:28:09.876+0000] {logging_mixin.py:188} INFO - File already exists.
[2024-03-22T17:28:09.878+0000] {python.py:202} INFO - Done. Returned value was: /opt/***/data/aplikasi_table_['{ ds }.parquet']
[2024-03-22T17:28:09.902+0000] {taskinstance.py:1149} INFO - Marking task as SUCCESS. dag_id=study_case_etl_cloud_storage, task_id=fetch_data_task, execution_date=20240315T060000, start_date=20240322T172804, end_date=20240322T172809
[2024-03-22T17:28:09.952+0000] {local_task_job_runner.py:234} INFO - Task exited with return code 0
[2024-03-22T17:28:09.965+0000] {taskinstance.py:3309} INFO - 0 downstream tasks scheduled from follow-on schedule check
