[2024-03-22T17:29:22.951+0000] {taskinstance.py:1979} INFO - Dependencies all met for dep_context=non-requeueable deps ti=<TaskInstance: study_case_etl_cloud_storage.fetch_data_task scheduled__2024-03-18T05:00:00+00:00 [queued]>
[2024-03-22T17:29:22.980+0000] {taskinstance.py:1979} INFO - Dependencies all met for dep_context=requeueable deps ti=<TaskInstance: study_case_etl_cloud_storage.fetch_data_task scheduled__2024-03-18T05:00:00+00:00 [queued]>
[2024-03-22T17:29:22.980+0000] {taskinstance.py:2193} INFO - Starting attempt 1 of 2
[2024-03-22T17:29:23.068+0000] {taskinstance.py:2214} INFO - Executing <Task(PythonOperator): fetch_data_task> on 2024-03-18 05:00:00+00:00
[2024-03-22T17:29:23.092+0000] {standard_task_runner.py:60} INFO - Started process 601 to run task
[2024-03-22T17:29:23.097+0000] {standard_task_runner.py:87} INFO - Running: ['***', 'tasks', 'run', 'study_case_etl_cloud_storage', 'fetch_data_task', 'scheduled__2024-03-18T05:00:00+00:00', '--job-id', '89', '--raw', '--subdir', 'DAGS_FOLDER/etl_day_bigquery/study_case_etl_cloud_storage.py', '--cfg-path', '/tmp/tmprudk_o4a']
[2024-03-22T17:29:23.103+0000] {standard_task_runner.py:88} INFO - Job 89: Subtask fetch_data_task
[2024-03-22T17:29:23.214+0000] {task_command.py:423} INFO - Running <TaskInstance: study_case_etl_cloud_storage.fetch_data_task scheduled__2024-03-18T05:00:00+00:00 [running]> on host eb8b31fafb1e
[2024-03-22T17:29:23.441+0000] {taskinstance.py:2510} INFO - Exporting env vars: AIRFLOW_CTX_DAG_OWNER='Agus mahari' AIRFLOW_CTX_DAG_ID='study_case_etl_cloud_storage' AIRFLOW_CTX_TASK_ID='fetch_data_task' AIRFLOW_CTX_EXECUTION_DATE='2024-03-18T05:00:00+00:00' AIRFLOW_CTX_TRY_NUMBER='1' AIRFLOW_CTX_DAG_RUN_ID='scheduled__2024-03-18T05:00:00+00:00'
[2024-03-22T17:29:26.206+0000] {logging_mixin.py:188} INFO - 2024-03-22 17:29:26,206 INFO sqlalchemy.engine.Engine SELECT DATABASE()
[2024-03-22T17:29:26.206+0000] {base.py:1863} INFO - SELECT DATABASE()
[2024-03-22T17:29:26.208+0000] {logging_mixin.py:188} INFO - 2024-03-22 17:29:26,207 INFO sqlalchemy.engine.Engine [raw sql] {}
[2024-03-22T17:29:26.207+0000] {base.py:1868} INFO - [raw sql] {}
[2024-03-22T17:29:27.140+0000] {logging_mixin.py:188} INFO - 2024-03-22 17:29:27,140 INFO sqlalchemy.engine.Engine SELECT @@sql_mode
[2024-03-22T17:29:27.140+0000] {base.py:1863} INFO - SELECT @@sql_mode
[2024-03-22T17:29:27.141+0000] {logging_mixin.py:188} INFO - 2024-03-22 17:29:27,141 INFO sqlalchemy.engine.Engine [raw sql] {}
[2024-03-22T17:29:27.141+0000] {base.py:1868} INFO - [raw sql] {}
[2024-03-22T17:29:27.592+0000] {logging_mixin.py:188} INFO - 2024-03-22 17:29:27,592 INFO sqlalchemy.engine.Engine SELECT @@lower_case_table_names
[2024-03-22T17:29:27.592+0000] {base.py:1863} INFO - SELECT @@lower_case_table_names
[2024-03-22T17:29:27.608+0000] {logging_mixin.py:188} INFO - 2024-03-22 17:29:27,605 INFO sqlalchemy.engine.Engine [raw sql] {}
[2024-03-22T17:29:27.605+0000] {base.py:1868} INFO - [raw sql] {}
[2024-03-22T17:29:28.273+0000] {logging_mixin.py:188} INFO - 2024-03-22 17:29:28,273 INFO sqlalchemy.engine.Engine 


  SELECT 
    *
FROM databasename.mytable
[2024-03-22T17:29:28.273+0000] {base.py:1863} INFO - 


  SELECT 
    *
FROM databasename.mytable
[2024-03-22T17:29:28.274+0000] {logging_mixin.py:188} INFO - 2024-03-22 17:29:28,274 INFO sqlalchemy.engine.Engine [raw sql] {}
[2024-03-22T17:29:28.274+0000] {base.py:1868} INFO - [raw sql] {}
[2024-03-22T17:29:28.719+0000] {logging_mixin.py:188} INFO - File already exists.
[2024-03-22T17:29:28.720+0000] {python.py:202} INFO - Done. Returned value was: /opt/***/data/aplikasi_table_['{ ds }.parquet']
[2024-03-22T17:29:28.737+0000] {taskinstance.py:1149} INFO - Marking task as SUCCESS. dag_id=study_case_etl_cloud_storage, task_id=fetch_data_task, execution_date=20240318T050000, start_date=20240322T172922, end_date=20240322T172928
[2024-03-22T17:29:28.785+0000] {local_task_job_runner.py:234} INFO - Task exited with return code 0
[2024-03-22T17:29:28.801+0000] {taskinstance.py:3309} INFO - 0 downstream tasks scheduled from follow-on schedule check
