[2024-03-16T06:06:34.923+0000] {taskinstance.py:1979} INFO - Dependencies all met for dep_context=non-requeueable deps ti=<TaskInstance: study_case_etl_cloud_storage.fetch_data_task scheduled__2024-03-15T05:00:00+00:00 [queued]>
[2024-03-16T06:06:34.933+0000] {taskinstance.py:1979} INFO - Dependencies all met for dep_context=requeueable deps ti=<TaskInstance: study_case_etl_cloud_storage.fetch_data_task scheduled__2024-03-15T05:00:00+00:00 [queued]>
[2024-03-16T06:06:34.934+0000] {taskinstance.py:2193} INFO - Starting attempt 1 of 2
[2024-03-16T06:06:34.947+0000] {taskinstance.py:2214} INFO - Executing <Task(PythonOperator): fetch_data_task> on 2024-03-15 05:00:00+00:00
[2024-03-16T06:06:34.960+0000] {standard_task_runner.py:60} INFO - Started process 164 to run task
[2024-03-16T06:06:34.982+0000] {standard_task_runner.py:87} INFO - Running: ['***', 'tasks', 'run', 'study_case_etl_cloud_storage', 'fetch_data_task', 'scheduled__2024-03-15T05:00:00+00:00', '--job-id', '490', '--raw', '--subdir', 'DAGS_FOLDER/etl_day_bigquery/study_case_etl_cloud_storage.py', '--cfg-path', '/tmp/tmp6il_zet7']
[2024-03-16T06:06:34.988+0000] {standard_task_runner.py:88} INFO - Job 490: Subtask fetch_data_task
[2024-03-16T06:06:35.064+0000] {task_command.py:423} INFO - Running <TaskInstance: study_case_etl_cloud_storage.fetch_data_task scheduled__2024-03-15T05:00:00+00:00 [running]> on host 72d5c878da28
[2024-03-16T06:06:35.149+0000] {taskinstance.py:2510} INFO - Exporting env vars: AIRFLOW_CTX_DAG_OWNER='Agus mahari' AIRFLOW_CTX_DAG_ID='study_case_etl_cloud_storage' AIRFLOW_CTX_TASK_ID='fetch_data_task' AIRFLOW_CTX_EXECUTION_DATE='2024-03-15T05:00:00+00:00' AIRFLOW_CTX_TRY_NUMBER='1' AIRFLOW_CTX_DAG_RUN_ID='scheduled__2024-03-15T05:00:00+00:00'
[2024-03-16T06:06:35.153+0000] {warnings.py:109} WARNING - /home/***/.local/lib/python3.8/site-packages/***/utils/context.py:315: AirflowContextDeprecationWarning: Accessing 'execution_date' from the template is deprecated and will be removed in a future version. Please use 'data_interval_start' or 'logical_date' instead.
  warnings.warn(_create_deprecation_warning(k, replacements))

[2024-03-16T06:06:37.815+0000] {logging_mixin.py:188} INFO - 2024-03-16 06:06:37,815 INFO sqlalchemy.engine.Engine SELECT DATABASE()
[2024-03-16T06:06:37.815+0000] {base.py:1863} INFO - SELECT DATABASE()
[2024-03-16T06:06:37.818+0000] {logging_mixin.py:188} INFO - 2024-03-16 06:06:37,818 INFO sqlalchemy.engine.Engine [raw sql] {}
[2024-03-16T06:06:37.818+0000] {base.py:1868} INFO - [raw sql] {}
[2024-03-16T06:06:39.158+0000] {logging_mixin.py:188} INFO - 2024-03-16 06:06:39,158 INFO sqlalchemy.engine.Engine SELECT @@sql_mode
[2024-03-16T06:06:39.158+0000] {base.py:1863} INFO - SELECT @@sql_mode
[2024-03-16T06:06:39.165+0000] {logging_mixin.py:188} INFO - 2024-03-16 06:06:39,165 INFO sqlalchemy.engine.Engine [raw sql] {}
[2024-03-16T06:06:39.165+0000] {base.py:1868} INFO - [raw sql] {}
[2024-03-16T06:06:39.622+0000] {logging_mixin.py:188} INFO - 2024-03-16 06:06:39,621 INFO sqlalchemy.engine.Engine SELECT @@lower_case_table_names
[2024-03-16T06:06:39.621+0000] {base.py:1863} INFO - SELECT @@lower_case_table_names
[2024-03-16T06:06:39.622+0000] {logging_mixin.py:188} INFO - 2024-03-16 06:06:39,622 INFO sqlalchemy.engine.Engine [raw sql] {}
[2024-03-16T06:06:39.622+0000] {base.py:1868} INFO - [raw sql] {}
[2024-03-16T06:06:40.290+0000] {logging_mixin.py:188} INFO - 2024-03-16 06:06:40,290 INFO sqlalchemy.engine.Engine 


   SELECT 
    *, 
    CONVERT_TZ(NOW(), 'UTC', '+07:00') as execution_at
FROM test.user
WHERE updated_at BETWEEN NOW() - INTERVAL 7 MINUTE AND NOW()
[2024-03-16T06:06:40.290+0000] {base.py:1863} INFO - 


   SELECT 
    *, 
    CONVERT_TZ(NOW(), 'UTC', '+07:00') as execution_at
FROM test.user
WHERE updated_at BETWEEN NOW() - INTERVAL 7 MINUTE AND NOW()
[2024-03-16T06:06:40.295+0000] {logging_mixin.py:188} INFO - 2024-03-16 06:06:40,295 INFO sqlalchemy.engine.Engine [raw sql] {}
[2024-03-16T06:06:40.295+0000] {base.py:1868} INFO - [raw sql] {}
[2024-03-16T06:06:40.771+0000] {python.py:202} INFO - Done. Returned value was: /opt/***/data/aplikasi_table_2024-03-15-5-00-00.parquet
[2024-03-16T06:06:40.827+0000] {taskinstance.py:1149} INFO - Marking task as SUCCESS. dag_id=study_case_etl_cloud_storage, task_id=fetch_data_task, execution_date=20240315T050000, start_date=20240316T060634, end_date=20240316T060640
[2024-03-16T06:06:41.107+0000] {local_task_job_runner.py:234} INFO - Task exited with return code 0
[2024-03-16T06:06:41.142+0000] {taskinstance.py:3309} INFO - 1 downstream tasks scheduled from follow-on schedule check
[2024-03-22T17:28:00.889+0000] {taskinstance.py:1979} INFO - Dependencies all met for dep_context=non-requeueable deps ti=<TaskInstance: study_case_etl_cloud_storage.fetch_data_task scheduled__2024-03-15T05:00:00+00:00 [queued]>
[2024-03-22T17:28:00.924+0000] {taskinstance.py:1979} INFO - Dependencies all met for dep_context=requeueable deps ti=<TaskInstance: study_case_etl_cloud_storage.fetch_data_task scheduled__2024-03-15T05:00:00+00:00 [queued]>
[2024-03-22T17:28:00.927+0000] {taskinstance.py:2193} INFO - Starting attempt 1 of 2
[2024-03-22T17:28:00.965+0000] {taskinstance.py:2214} INFO - Executing <Task(PythonOperator): fetch_data_task> on 2024-03-15 05:00:00+00:00
[2024-03-22T17:28:00.972+0000] {standard_task_runner.py:60} INFO - Started process 334 to run task
[2024-03-22T17:28:00.989+0000] {standard_task_runner.py:87} INFO - Running: ['***', 'tasks', 'run', 'study_case_etl_cloud_storage', 'fetch_data_task', 'scheduled__2024-03-15T05:00:00+00:00', '--job-id', '8', '--raw', '--subdir', 'DAGS_FOLDER/etl_day_bigquery/study_case_etl_cloud_storage.py', '--cfg-path', '/tmp/tmprk9lp68s']
[2024-03-22T17:28:00.997+0000] {standard_task_runner.py:88} INFO - Job 8: Subtask fetch_data_task
[2024-03-22T17:28:01.268+0000] {task_command.py:423} INFO - Running <TaskInstance: study_case_etl_cloud_storage.fetch_data_task scheduled__2024-03-15T05:00:00+00:00 [running]> on host eb8b31fafb1e
[2024-03-22T17:28:01.533+0000] {taskinstance.py:2510} INFO - Exporting env vars: AIRFLOW_CTX_DAG_OWNER='Agus mahari' AIRFLOW_CTX_DAG_ID='study_case_etl_cloud_storage' AIRFLOW_CTX_TASK_ID='fetch_data_task' AIRFLOW_CTX_EXECUTION_DATE='2024-03-15T05:00:00+00:00' AIRFLOW_CTX_TRY_NUMBER='1' AIRFLOW_CTX_DAG_RUN_ID='scheduled__2024-03-15T05:00:00+00:00'
[2024-03-22T17:28:05.409+0000] {logging_mixin.py:188} INFO - 2024-03-22 17:28:05,409 INFO sqlalchemy.engine.Engine SELECT DATABASE()
[2024-03-22T17:28:05.409+0000] {base.py:1863} INFO - SELECT DATABASE()
[2024-03-22T17:28:05.410+0000] {logging_mixin.py:188} INFO - 2024-03-22 17:28:05,410 INFO sqlalchemy.engine.Engine [raw sql] {}
[2024-03-22T17:28:05.410+0000] {base.py:1868} INFO - [raw sql] {}
[2024-03-22T17:28:06.319+0000] {logging_mixin.py:188} INFO - 2024-03-22 17:28:06,319 INFO sqlalchemy.engine.Engine SELECT @@sql_mode
[2024-03-22T17:28:06.319+0000] {base.py:1863} INFO - SELECT @@sql_mode
[2024-03-22T17:28:06.321+0000] {logging_mixin.py:188} INFO - 2024-03-22 17:28:06,321 INFO sqlalchemy.engine.Engine [raw sql] {}
[2024-03-22T17:28:06.321+0000] {base.py:1868} INFO - [raw sql] {}
[2024-03-22T17:28:06.766+0000] {logging_mixin.py:188} INFO - 2024-03-22 17:28:06,766 INFO sqlalchemy.engine.Engine SELECT @@lower_case_table_names
[2024-03-22T17:28:06.766+0000] {base.py:1863} INFO - SELECT @@lower_case_table_names
[2024-03-22T17:28:06.768+0000] {logging_mixin.py:188} INFO - 2024-03-22 17:28:06,768 INFO sqlalchemy.engine.Engine [raw sql] {}
[2024-03-22T17:28:06.768+0000] {base.py:1868} INFO - [raw sql] {}
[2024-03-22T17:28:07.427+0000] {logging_mixin.py:188} INFO - 2024-03-22 17:28:07,427 INFO sqlalchemy.engine.Engine 


  SELECT 
    *
FROM databasename.mytable
[2024-03-22T17:28:07.427+0000] {base.py:1863} INFO - 


  SELECT 
    *
FROM databasename.mytable
[2024-03-22T17:28:07.428+0000] {logging_mixin.py:188} INFO - 2024-03-22 17:28:07,427 INFO sqlalchemy.engine.Engine [raw sql] {}
[2024-03-22T17:28:07.427+0000] {base.py:1868} INFO - [raw sql] {}
[2024-03-22T17:28:07.871+0000] {logging_mixin.py:188} INFO - File already exists.
[2024-03-22T17:28:07.873+0000] {python.py:202} INFO - Done. Returned value was: /opt/***/data/aplikasi_table_['{ ds }.parquet']
[2024-03-22T17:28:07.912+0000] {taskinstance.py:1149} INFO - Marking task as SUCCESS. dag_id=study_case_etl_cloud_storage, task_id=fetch_data_task, execution_date=20240315T050000, start_date=20240322T172800, end_date=20240322T172807
[2024-03-22T17:28:07.989+0000] {local_task_job_runner.py:234} INFO - Task exited with return code 0
[2024-03-22T17:28:08.011+0000] {taskinstance.py:3309} INFO - 0 downstream tasks scheduled from follow-on schedule check
