[2024-03-17T07:05:58.216+0000] {taskinstance.py:1979} INFO - Dependencies all met for dep_context=non-requeueable deps ti=<TaskInstance: study_case_etl_cloud_storage_tiga.fetch_data_aplikasi_transaksi_task_id manual__2024-03-17T07:05:55.210380+00:00 [queued]>
[2024-03-17T07:05:58.231+0000] {taskinstance.py:1979} INFO - Dependencies all met for dep_context=requeueable deps ti=<TaskInstance: study_case_etl_cloud_storage_tiga.fetch_data_aplikasi_transaksi_task_id manual__2024-03-17T07:05:55.210380+00:00 [queued]>
[2024-03-17T07:05:58.234+0000] {taskinstance.py:2193} INFO - Starting attempt 1 of 2
[2024-03-17T07:05:58.246+0000] {taskinstance.py:2214} INFO - Executing <Task(PythonOperator): fetch_data_aplikasi_transaksi_task_id> on 2024-03-17 07:05:55.210380+00:00
[2024-03-17T07:05:58.256+0000] {standard_task_runner.py:60} INFO - Started process 6860 to run task
[2024-03-17T07:05:58.262+0000] {standard_task_runner.py:87} INFO - Running: ['***', 'tasks', 'run', 'study_case_etl_cloud_storage_tiga', 'fetch_data_aplikasi_transaksi_task_id', 'manual__2024-03-17T07:05:55.210380+00:00', '--job-id', '964', '--raw', '--subdir', 'DAGS_FOLDER/etl_day_bigquery/study_case_etl_cloud_bigquery.py', '--cfg-path', '/tmp/tmpx647kglj']
[2024-03-17T07:05:58.266+0000] {standard_task_runner.py:88} INFO - Job 964: Subtask fetch_data_aplikasi_transaksi_task_id
[2024-03-17T07:05:58.331+0000] {task_command.py:423} INFO - Running <TaskInstance: study_case_etl_cloud_storage_tiga.fetch_data_aplikasi_transaksi_task_id manual__2024-03-17T07:05:55.210380+00:00 [running]> on host 1d5b76b26ba5
[2024-03-17T07:05:58.437+0000] {taskinstance.py:2510} INFO - Exporting env vars: AIRFLOW_CTX_DAG_OWNER='Agus mahari' AIRFLOW_CTX_DAG_ID='study_case_etl_cloud_storage_tiga' AIRFLOW_CTX_TASK_ID='fetch_data_aplikasi_transaksi_task_id' AIRFLOW_CTX_EXECUTION_DATE='2024-03-17T07:05:55.210380+00:00' AIRFLOW_CTX_TRY_NUMBER='1' AIRFLOW_CTX_DAG_RUN_ID='manual__2024-03-17T07:05:55.210380+00:00'
[2024-03-17T07:06:01.141+0000] {logging_mixin.py:188} INFO - 2024-03-17 07:06:01,141 INFO sqlalchemy.engine.Engine SELECT DATABASE()
[2024-03-17T07:06:01.141+0000] {base.py:1863} INFO - SELECT DATABASE()
[2024-03-17T07:06:01.142+0000] {logging_mixin.py:188} INFO - 2024-03-17 07:06:01,142 INFO sqlalchemy.engine.Engine [raw sql] {}
[2024-03-17T07:06:01.142+0000] {base.py:1868} INFO - [raw sql] {}
[2024-03-17T07:06:02.018+0000] {logging_mixin.py:188} INFO - 2024-03-17 07:06:02,018 INFO sqlalchemy.engine.Engine SELECT @@sql_mode
[2024-03-17T07:06:02.018+0000] {base.py:1863} INFO - SELECT @@sql_mode
[2024-03-17T07:06:02.019+0000] {logging_mixin.py:188} INFO - 2024-03-17 07:06:02,019 INFO sqlalchemy.engine.Engine [raw sql] {}
[2024-03-17T07:06:02.019+0000] {base.py:1868} INFO - [raw sql] {}
[2024-03-17T07:06:02.456+0000] {logging_mixin.py:188} INFO - 2024-03-17 07:06:02,456 INFO sqlalchemy.engine.Engine SELECT @@lower_case_table_names
[2024-03-17T07:06:02.456+0000] {base.py:1863} INFO - SELECT @@lower_case_table_names
[2024-03-17T07:06:02.457+0000] {logging_mixin.py:188} INFO - 2024-03-17 07:06:02,457 INFO sqlalchemy.engine.Engine [raw sql] {}
[2024-03-17T07:06:02.457+0000] {base.py:1868} INFO - [raw sql] {}
[2024-03-17T07:06:03.546+0000] {logging_mixin.py:188} INFO - 2024-03-17 07:06:03,546 INFO sqlalchemy.engine.Engine 


  SELECT 
    *
FROM databasename.transaksi
[2024-03-17T07:06:03.546+0000] {base.py:1863} INFO - 


  SELECT 
    *
FROM databasename.transaksi
[2024-03-17T07:06:03.546+0000] {logging_mixin.py:188} INFO - 2024-03-17 07:06:03,546 INFO sqlalchemy.engine.Engine [raw sql] {}
[2024-03-17T07:06:03.546+0000] {base.py:1868} INFO - [raw sql] {}
[2024-03-17T07:06:03.988+0000] {logging_mixin.py:188} INFO - File already exists.
[2024-03-17T07:06:03.990+0000] {python.py:202} INFO - Done. Returned value was: /opt/***/data/fetch_data_aplikasi_transaksi_task_id_2024-03-17.csv
[2024-03-17T07:06:04.010+0000] {taskinstance.py:1149} INFO - Marking task as SUCCESS. dag_id=study_case_etl_cloud_storage_tiga, task_id=fetch_data_aplikasi_transaksi_task_id, execution_date=20240317T070555, start_date=20240317T070558, end_date=20240317T070604
[2024-03-17T07:06:04.046+0000] {local_task_job_runner.py:234} INFO - Task exited with return code 0
[2024-03-17T07:06:04.068+0000] {taskinstance.py:3309} INFO - 1 downstream tasks scheduled from follow-on schedule check
