[2024-03-08T19:31:40.744+0000] {taskinstance.py:1979} INFO - Dependencies all met for dep_context=non-requeueable deps ti=<TaskInstance: mongodb_to_csv.retrieve_data_and_save_to_csv manual__2024-03-08T19:31:39.672713+00:00 [queued]>
[2024-03-08T19:31:40.752+0000] {taskinstance.py:1979} INFO - Dependencies all met for dep_context=requeueable deps ti=<TaskInstance: mongodb_to_csv.retrieve_data_and_save_to_csv manual__2024-03-08T19:31:39.672713+00:00 [queued]>
[2024-03-08T19:31:40.752+0000] {taskinstance.py:2193} INFO - Starting attempt 1 of 2
[2024-03-08T19:31:40.762+0000] {taskinstance.py:2214} INFO - Executing <Task(PythonOperator): retrieve_data_and_save_to_csv> on 2024-03-08 19:31:39.672713+00:00
[2024-03-08T19:31:40.767+0000] {standard_task_runner.py:60} INFO - Started process 1288 to run task
[2024-03-08T19:31:40.771+0000] {standard_task_runner.py:87} INFO - Running: ['***', 'tasks', 'run', 'mongodb_to_csv', 'retrieve_data_and_save_to_csv', 'manual__2024-03-08T19:31:39.672713+00:00', '--job-id', '157', '--raw', '--subdir', 'DAGS_FOLDER/restrore_mongo/main_dag_sql_lima.py', '--cfg-path', '/tmp/tmpoyxzoz5u']
[2024-03-08T19:31:40.773+0000] {standard_task_runner.py:88} INFO - Job 157: Subtask retrieve_data_and_save_to_csv
[2024-03-08T19:31:40.809+0000] {task_command.py:423} INFO - Running <TaskInstance: mongodb_to_csv.retrieve_data_and_save_to_csv manual__2024-03-08T19:31:39.672713+00:00 [running]> on host c9d1ac6dab48
[2024-03-08T19:31:40.875+0000] {taskinstance.py:2510} INFO - Exporting env vars: AIRFLOW_CTX_DAG_OWNER='***' AIRFLOW_CTX_DAG_ID='mongodb_to_csv' AIRFLOW_CTX_TASK_ID='retrieve_data_and_save_to_csv' AIRFLOW_CTX_EXECUTION_DATE='2024-03-08T19:31:39.672713+00:00' AIRFLOW_CTX_TRY_NUMBER='1' AIRFLOW_CTX_DAG_RUN_ID='manual__2024-03-08T19:31:39.672713+00:00'
[2024-03-08T19:31:40.877+0000] {warnings.py:109} WARNING - /home/***/.local/lib/python3.8/site-packages/***/utils/context.py:315: AirflowContextDeprecationWarning: Accessing 'execution_date' from the template is deprecated and will be removed in a future version. Please use 'data_interval_start' or 'logical_date' instead.
  warnings.warn(_create_deprecation_warning(k, replacements))

[2024-03-08T19:31:41.831+0000] {logging_mixin.py:188} INFO -                          _id  ...  execution_timestamp
0   65eb5c01c3b3c69e5121ff16  ...         1.709923e+09
1   65eb5c01c3b3c69e5121ff17  ...         1.709923e+09
2   65eb5c01c3b3c69e5121ff18  ...         1.709923e+09
3   65eb5c01c3b3c69e5121ff19  ...         1.709923e+09
4   65eb5c01c3b3c69e5121ff1a  ...         1.709923e+09
5   65eb5c01c3b3c69e5121ff1b  ...         1.709923e+09
6   65eb5c01c3b3c69e5121ff1c  ...         1.709923e+09
7   65eb5c01c3b3c69e5121ff1d  ...         1.709923e+09
8   65eb5c01c3b3c69e5121ff1e  ...         1.709923e+09
9   65eb5c01c3b3c69e5121ff1f  ...         1.709923e+09
10  65eb5c01c3b3c69e5121ff20  ...         1.709923e+09
11  65eb5c01c3b3c69e5121ff21  ...         1.709923e+09
12  65eb5c01c3b3c69e5121ff22  ...         1.709923e+09
13  65eb5c01c3b3c69e5121ff23  ...         1.709923e+09
14  65eb5c01c3b3c69e5121ff24  ...         1.709923e+09
15  65eb5c01c3b3c69e5121ff25  ...         1.709923e+09
16  65eb5c01c3b3c69e5121ff26  ...         1.709923e+09
17  65eb5c01c3b3c69e5121ff27  ...         1.709923e+09
18  65eb5c01c3b3c69e5121ff28  ...         1.709923e+09
19  65eb5c01c3b3c69e5121ff29  ...         1.709923e+09
20  65eb5c01c3b3c69e5121ff2a  ...         1.709923e+09
21  65eb5c01c3b3c69e5121ff2b  ...         1.709923e+09
22  65eb5c01c3b3c69e5121ff2c  ...         1.709923e+09
23  65eb5c01c3b3c69e5121ff2d  ...         1.709923e+09
24  65eb5c01c3b3c69e5121ff2e  ...         1.709923e+09
25  65eb5c01c3b3c69e5121ff2f  ...         1.709923e+09

[26 rows x 10 columns]
[2024-03-08T19:31:41.831+0000] {taskinstance.py:2728} ERROR - Task failed with exception
Traceback (most recent call last):
  File "/home/airflow/.local/lib/python3.8/site-packages/airflow/models/taskinstance.py", line 444, in _execute_task
    result = _execute_callable(context=context, **execute_callable_kwargs)
  File "/home/airflow/.local/lib/python3.8/site-packages/airflow/models/taskinstance.py", line 414, in _execute_callable
    return execute_callable(context=context, **execute_callable_kwargs)
  File "/home/airflow/.local/lib/python3.8/site-packages/airflow/operators/python.py", line 200, in execute
    return_value = self.execute_callable()
  File "/home/airflow/.local/lib/python3.8/site-packages/airflow/operators/python.py", line 217, in execute_callable
    return self.python_callable(*self.op_args, **self.op_kwargs)
  File "/opt/airflow/dags/restrore_mongo/main_dag_sql_lima.py", line 56, in retrieve_data_and_save_to_csv
    df.to_csv(csv_file_path, index=False)
NameError: name 'csv_file_path' is not defined
[2024-03-08T19:31:41.839+0000] {taskinstance.py:1149} INFO - Marking task as UP_FOR_RETRY. dag_id=mongodb_to_csv, task_id=retrieve_data_and_save_to_csv, execution_date=20240308T193139, start_date=20240308T193140, end_date=20240308T193141
[2024-03-08T19:31:41.848+0000] {standard_task_runner.py:107} ERROR - Failed to execute job 157 for task retrieve_data_and_save_to_csv (name 'csv_file_path' is not defined; 1288)
[2024-03-08T19:31:41.867+0000] {local_task_job_runner.py:234} INFO - Task exited with return code 1
[2024-03-08T19:31:41.879+0000] {taskinstance.py:3309} INFO - 0 downstream tasks scheduled from follow-on schedule check
