[2024-03-16T07:00:02.115+0000] {taskinstance.py:1979} INFO - Dependencies all met for dep_context=non-requeueable deps ti=<TaskInstance: study_case_etl_cloud_storage.fetch_data_task scheduled__2024-03-16T06:00:00+00:00 [queued]>
[2024-03-16T07:00:02.126+0000] {taskinstance.py:1979} INFO - Dependencies all met for dep_context=requeueable deps ti=<TaskInstance: study_case_etl_cloud_storage.fetch_data_task scheduled__2024-03-16T06:00:00+00:00 [queued]>
[2024-03-16T07:00:02.126+0000] {taskinstance.py:2193} INFO - Starting attempt 1 of 2
[2024-03-16T07:00:02.140+0000] {taskinstance.py:2214} INFO - Executing <Task(PythonOperator): fetch_data_task> on 2024-03-16 06:00:00+00:00
[2024-03-16T07:00:02.147+0000] {standard_task_runner.py:60} INFO - Started process 624 to run task
[2024-03-16T07:00:02.152+0000] {standard_task_runner.py:87} INFO - Running: ['***', 'tasks', 'run', 'study_case_etl_cloud_storage', 'fetch_data_task', 'scheduled__2024-03-16T06:00:00+00:00', '--job-id', '627', '--raw', '--subdir', 'DAGS_FOLDER/etl_day_bigquery/study_case_etl_cloud_storage.py', '--cfg-path', '/tmp/tmpho25xul5']
[2024-03-16T07:00:02.156+0000] {standard_task_runner.py:88} INFO - Job 627: Subtask fetch_data_task
[2024-03-16T07:00:02.228+0000] {task_command.py:423} INFO - Running <TaskInstance: study_case_etl_cloud_storage.fetch_data_task scheduled__2024-03-16T06:00:00+00:00 [running]> on host 5aeb2644b29c
[2024-03-16T07:00:02.311+0000] {taskinstance.py:2510} INFO - Exporting env vars: AIRFLOW_CTX_DAG_OWNER='Agus mahari' AIRFLOW_CTX_DAG_ID='study_case_etl_cloud_storage' AIRFLOW_CTX_TASK_ID='fetch_data_task' AIRFLOW_CTX_EXECUTION_DATE='2024-03-16T06:00:00+00:00' AIRFLOW_CTX_TRY_NUMBER='1' AIRFLOW_CTX_DAG_RUN_ID='scheduled__2024-03-16T06:00:00+00:00'
[2024-03-16T07:00:02.313+0000] {warnings.py:109} WARNING - /home/***/.local/lib/python3.8/site-packages/***/utils/context.py:315: AirflowContextDeprecationWarning: Accessing 'execution_date' from the template is deprecated and will be removed in a future version. Please use 'data_interval_start' or 'logical_date' instead.
  warnings.warn(_create_deprecation_warning(k, replacements))

[2024-03-16T07:00:04.874+0000] {logging_mixin.py:188} INFO - 2024-03-16 07:00:04,874 INFO sqlalchemy.engine.Engine SELECT DATABASE()
[2024-03-16T07:00:04.874+0000] {base.py:1863} INFO - SELECT DATABASE()
[2024-03-16T07:00:04.875+0000] {logging_mixin.py:188} INFO - 2024-03-16 07:00:04,875 INFO sqlalchemy.engine.Engine [raw sql] {}
[2024-03-16T07:00:04.875+0000] {base.py:1868} INFO - [raw sql] {}
[2024-03-16T07:00:05.768+0000] {logging_mixin.py:188} INFO - 2024-03-16 07:00:05,768 INFO sqlalchemy.engine.Engine SELECT @@sql_mode
[2024-03-16T07:00:05.768+0000] {base.py:1863} INFO - SELECT @@sql_mode
[2024-03-16T07:00:05.769+0000] {logging_mixin.py:188} INFO - 2024-03-16 07:00:05,769 INFO sqlalchemy.engine.Engine [raw sql] {}
[2024-03-16T07:00:05.769+0000] {base.py:1868} INFO - [raw sql] {}
[2024-03-16T07:00:06.211+0000] {logging_mixin.py:188} INFO - 2024-03-16 07:00:06,211 INFO sqlalchemy.engine.Engine SELECT @@lower_case_table_names
[2024-03-16T07:00:06.211+0000] {base.py:1863} INFO - SELECT @@lower_case_table_names
[2024-03-16T07:00:06.211+0000] {logging_mixin.py:188} INFO - 2024-03-16 07:00:06,211 INFO sqlalchemy.engine.Engine [raw sql] {}
[2024-03-16T07:00:06.211+0000] {base.py:1868} INFO - [raw sql] {}
[2024-03-16T07:00:06.902+0000] {logging_mixin.py:188} INFO - 2024-03-16 07:00:06,901 INFO sqlalchemy.engine.Engine 


   SELECT 
    *, 
    CONVERT_TZ(NOW(), 'UTC', '+07:00') as execution_at
FROM test.user
WHERE updated_at BETWEEN NOW() - INTERVAL 7 MINUTE AND NOW()
[2024-03-16T07:00:06.901+0000] {base.py:1863} INFO - 


   SELECT 
    *, 
    CONVERT_TZ(NOW(), 'UTC', '+07:00') as execution_at
FROM test.user
WHERE updated_at BETWEEN NOW() - INTERVAL 7 MINUTE AND NOW()
[2024-03-16T07:00:06.902+0000] {logging_mixin.py:188} INFO - 2024-03-16 07:00:06,902 INFO sqlalchemy.engine.Engine [raw sql] {}
[2024-03-16T07:00:06.902+0000] {base.py:1868} INFO - [raw sql] {}
[2024-03-16T07:00:07.433+0000] {python.py:202} INFO - Done. Returned value was: /opt/***/data/aplikasi_table_2024-03-16-6-00-00.parquet
[2024-03-16T07:00:07.500+0000] {taskinstance.py:1149} INFO - Marking task as SUCCESS. dag_id=study_case_etl_cloud_storage, task_id=fetch_data_task, execution_date=20240316T060000, start_date=20240316T070002, end_date=20240316T070007
[2024-03-16T07:00:07.530+0000] {local_task_job_runner.py:234} INFO - Task exited with return code 0
[2024-03-16T07:00:07.573+0000] {taskinstance.py:3309} INFO - 1 downstream tasks scheduled from follow-on schedule check
[2024-03-22T17:28:36.651+0000] {taskinstance.py:1979} INFO - Dependencies all met for dep_context=non-requeueable deps ti=<TaskInstance: study_case_etl_cloud_storage.fetch_data_task scheduled__2024-03-16T06:00:00+00:00 [queued]>
[2024-03-22T17:28:36.666+0000] {taskinstance.py:1979} INFO - Dependencies all met for dep_context=requeueable deps ti=<TaskInstance: study_case_etl_cloud_storage.fetch_data_task scheduled__2024-03-16T06:00:00+00:00 [queued]>
[2024-03-22T17:28:36.667+0000] {taskinstance.py:2193} INFO - Starting attempt 1 of 2
[2024-03-22T17:28:36.685+0000] {taskinstance.py:2214} INFO - Executing <Task(PythonOperator): fetch_data_task> on 2024-03-16 06:00:00+00:00
[2024-03-22T17:28:36.694+0000] {standard_task_runner.py:60} INFO - Started process 443 to run task
[2024-03-22T17:28:36.702+0000] {standard_task_runner.py:87} INFO - Running: ['***', 'tasks', 'run', 'study_case_etl_cloud_storage', 'fetch_data_task', 'scheduled__2024-03-16T06:00:00+00:00', '--job-id', '42', '--raw', '--subdir', 'DAGS_FOLDER/etl_day_bigquery/study_case_etl_cloud_storage.py', '--cfg-path', '/tmp/tmp1i2x8wv1']
[2024-03-22T17:28:36.709+0000] {standard_task_runner.py:88} INFO - Job 42: Subtask fetch_data_task
[2024-03-22T17:28:36.769+0000] {task_command.py:423} INFO - Running <TaskInstance: study_case_etl_cloud_storage.fetch_data_task scheduled__2024-03-16T06:00:00+00:00 [running]> on host eb8b31fafb1e
[2024-03-22T17:28:36.905+0000] {taskinstance.py:2510} INFO - Exporting env vars: AIRFLOW_CTX_DAG_OWNER='Agus mahari' AIRFLOW_CTX_DAG_ID='study_case_etl_cloud_storage' AIRFLOW_CTX_TASK_ID='fetch_data_task' AIRFLOW_CTX_EXECUTION_DATE='2024-03-16T06:00:00+00:00' AIRFLOW_CTX_TRY_NUMBER='1' AIRFLOW_CTX_DAG_RUN_ID='scheduled__2024-03-16T06:00:00+00:00'
[2024-03-22T17:28:40.090+0000] {logging_mixin.py:188} INFO - 2024-03-22 17:28:40,090 INFO sqlalchemy.engine.Engine SELECT DATABASE()
[2024-03-22T17:28:40.090+0000] {base.py:1863} INFO - SELECT DATABASE()
[2024-03-22T17:28:40.091+0000] {logging_mixin.py:188} INFO - 2024-03-22 17:28:40,091 INFO sqlalchemy.engine.Engine [raw sql] {}
[2024-03-22T17:28:40.091+0000] {base.py:1868} INFO - [raw sql] {}
[2024-03-22T17:28:40.990+0000] {logging_mixin.py:188} INFO - 2024-03-22 17:28:40,990 INFO sqlalchemy.engine.Engine SELECT @@sql_mode
[2024-03-22T17:28:40.990+0000] {base.py:1863} INFO - SELECT @@sql_mode
[2024-03-22T17:28:40.991+0000] {logging_mixin.py:188} INFO - 2024-03-22 17:28:40,991 INFO sqlalchemy.engine.Engine [raw sql] {}
[2024-03-22T17:28:40.991+0000] {base.py:1868} INFO - [raw sql] {}
[2024-03-22T17:28:41.446+0000] {logging_mixin.py:188} INFO - 2024-03-22 17:28:41,446 INFO sqlalchemy.engine.Engine SELECT @@lower_case_table_names
[2024-03-22T17:28:41.446+0000] {base.py:1863} INFO - SELECT @@lower_case_table_names
[2024-03-22T17:28:41.447+0000] {logging_mixin.py:188} INFO - 2024-03-22 17:28:41,447 INFO sqlalchemy.engine.Engine [raw sql] {}
[2024-03-22T17:28:41.447+0000] {base.py:1868} INFO - [raw sql] {}
[2024-03-22T17:28:42.107+0000] {logging_mixin.py:188} INFO - 2024-03-22 17:28:42,107 INFO sqlalchemy.engine.Engine 


  SELECT 
    *
FROM databasename.mytable
[2024-03-22T17:28:42.107+0000] {base.py:1863} INFO - 


  SELECT 
    *
FROM databasename.mytable
[2024-03-22T17:28:42.109+0000] {logging_mixin.py:188} INFO - 2024-03-22 17:28:42,109 INFO sqlalchemy.engine.Engine [raw sql] {}
[2024-03-22T17:28:42.109+0000] {base.py:1868} INFO - [raw sql] {}
[2024-03-22T17:28:42.558+0000] {logging_mixin.py:188} INFO - File already exists.
[2024-03-22T17:28:42.559+0000] {python.py:202} INFO - Done. Returned value was: /opt/***/data/aplikasi_table_['{ ds }.parquet']
[2024-03-22T17:28:42.588+0000] {taskinstance.py:1149} INFO - Marking task as SUCCESS. dag_id=study_case_etl_cloud_storage, task_id=fetch_data_task, execution_date=20240316T060000, start_date=20240322T172836, end_date=20240322T172842
[2024-03-22T17:28:42.634+0000] {local_task_job_runner.py:234} INFO - Task exited with return code 0
[2024-03-22T17:28:42.649+0000] {taskinstance.py:3309} INFO - 0 downstream tasks scheduled from follow-on schedule check
