[2024-03-30T16:00:04.691+0000] {taskinstance.py:1979} INFO - Dependencies all met for dep_context=non-requeueable deps ti=<TaskInstance: study_case_etl_all_pipeline.bash_task_2 manual__2024-03-30T15:59:29.833367+00:00 [queued]>
[2024-03-30T16:00:04.699+0000] {taskinstance.py:1979} INFO - Dependencies all met for dep_context=requeueable deps ti=<TaskInstance: study_case_etl_all_pipeline.bash_task_2 manual__2024-03-30T15:59:29.833367+00:00 [queued]>
[2024-03-30T16:00:04.700+0000] {taskinstance.py:2193} INFO - Starting attempt 1 of 2
[2024-03-30T16:00:04.711+0000] {taskinstance.py:2214} INFO - Executing <Task(BashOperator): bash_task_2> on 2024-03-30 15:59:29.833367+00:00
[2024-03-30T16:00:04.715+0000] {standard_task_runner.py:60} INFO - Started process 6673 to run task
[2024-03-30T16:00:04.719+0000] {standard_task_runner.py:87} INFO - Running: ['***', 'tasks', 'run', 'study_case_etl_all_pipeline', 'bash_task_2', 'manual__2024-03-30T15:59:29.833367+00:00', '--job-id', '34', '--raw', '--subdir', 'DAGS_FOLDER/running_dbt_core/study_case_etl_all_pipeline.py', '--cfg-path', '/tmp/tmpxzrvntl7']
[2024-03-30T16:00:04.721+0000] {standard_task_runner.py:88} INFO - Job 34: Subtask bash_task_2
[2024-03-30T16:00:04.757+0000] {task_command.py:423} INFO - Running <TaskInstance: study_case_etl_all_pipeline.bash_task_2 manual__2024-03-30T15:59:29.833367+00:00 [running]> on host 8e1e687a7cdb
[2024-03-30T16:00:04.848+0000] {taskinstance.py:2510} INFO - Exporting env vars: AIRFLOW_CTX_DAG_OWNER='Agus mahari' AIRFLOW_CTX_DAG_ID='study_case_etl_all_pipeline' AIRFLOW_CTX_TASK_ID='bash_task_2' AIRFLOW_CTX_EXECUTION_DATE='2024-03-30T15:59:29.833367+00:00' AIRFLOW_CTX_TRY_NUMBER='1' AIRFLOW_CTX_DAG_RUN_ID='manual__2024-03-30T15:59:29.833367+00:00'
[2024-03-30T16:00:04.850+0000] {subprocess.py:63} INFO - Tmp dir root location: /tmp
[2024-03-30T16:00:04.851+0000] {subprocess.py:75} INFO - Running command: ['/usr/bin/bash', '-c', 'cd /opt/***/dbt/credit_card_dwh && dbt run --profiles-dir .']
[2024-03-30T16:00:04.861+0000] {subprocess.py:86} INFO - Output:
[2024-03-30T16:00:07.531+0000] {subprocess.py:93} INFO - [0m16:00:07  Running with dbt=1.7.11
[2024-03-30T16:00:08.700+0000] {subprocess.py:93} INFO - [0m16:00:08  Registered adapter: bigquery=1.7.7
[2024-03-30T16:00:08.702+0000] {subprocess.py:93} INFO - [0m16:00:08  Encountered an error:
[2024-03-30T16:00:08.702+0000] {subprocess.py:93} INFO - Compilation Error
[2024-03-30T16:00:08.702+0000] {subprocess.py:93} INFO -   dbt found 4 package(s) specified in packages.yml, but only 3 package(s) installed in dbt_packages. Run "dbt deps" to install package dependencies.
[2024-03-30T16:00:10.866+0000] {subprocess.py:97} INFO - Command exited with return code 2
[2024-03-30T16:00:10.875+0000] {taskinstance.py:2728} ERROR - Task failed with exception
Traceback (most recent call last):
  File "/home/airflow/.local/lib/python3.8/site-packages/airflow/models/taskinstance.py", line 444, in _execute_task
    result = _execute_callable(context=context, **execute_callable_kwargs)
  File "/home/airflow/.local/lib/python3.8/site-packages/airflow/models/taskinstance.py", line 414, in _execute_callable
    return execute_callable(context=context, **execute_callable_kwargs)
  File "/home/airflow/.local/lib/python3.8/site-packages/airflow/operators/bash.py", line 212, in execute
    raise AirflowException(
airflow.exceptions.AirflowException: Bash command failed. The command returned a non-zero exit code 2.
[2024-03-30T16:00:10.879+0000] {taskinstance.py:1149} INFO - Marking task as UP_FOR_RETRY. dag_id=study_case_etl_all_pipeline, task_id=bash_task_2, execution_date=20240330T155929, start_date=20240330T160004, end_date=20240330T160010
[2024-03-30T16:00:10.889+0000] {standard_task_runner.py:107} ERROR - Failed to execute job 34 for task bash_task_2 (Bash command failed. The command returned a non-zero exit code 2.; 6673)
[2024-03-30T16:00:10.915+0000] {local_task_job_runner.py:234} INFO - Task exited with return code 1
[2024-03-30T16:00:10.933+0000] {taskinstance.py:3309} INFO - 0 downstream tasks scheduled from follow-on schedule check
