[2024-03-15T04:17:38.346+0000] {taskinstance.py:1979} INFO - Dependencies all met for dep_context=non-requeueable deps ti=<TaskInstance: study_case_1.fetch_data_task scheduled__2024-03-14T21:00:00+00:00 [queued]>
[2024-03-15T04:17:38.376+0000] {taskinstance.py:1979} INFO - Dependencies all met for dep_context=requeueable deps ti=<TaskInstance: study_case_1.fetch_data_task scheduled__2024-03-14T21:00:00+00:00 [queued]>
[2024-03-15T04:17:38.377+0000] {taskinstance.py:2193} INFO - Starting attempt 1 of 2
[2024-03-15T04:17:38.415+0000] {taskinstance.py:2214} INFO - Executing <Task(PythonOperator): fetch_data_task> on 2024-03-14 21:00:00+00:00
[2024-03-15T04:17:38.435+0000] {standard_task_runner.py:60} INFO - Started process 10580 to run task
[2024-03-15T04:17:38.468+0000] {standard_task_runner.py:87} INFO - Running: ['***', 'tasks', 'run', 'study_case_1', 'fetch_data_task', 'scheduled__2024-03-14T21:00:00+00:00', '--job-id', '195', '--raw', '--subdir', 'DAGS_FOLDER/pintro_aplikasi_education/study_case1.py', '--cfg-path', '/tmp/tmpvvuwdbyu']
[2024-03-15T04:17:38.481+0000] {standard_task_runner.py:88} INFO - Job 195: Subtask fetch_data_task
[2024-03-15T04:17:38.835+0000] {task_command.py:423} INFO - Running <TaskInstance: study_case_1.fetch_data_task scheduled__2024-03-14T21:00:00+00:00 [running]> on host f293363f8e27
[2024-03-15T04:17:39.257+0000] {taskinstance.py:2510} INFO - Exporting env vars: AIRFLOW_CTX_DAG_OWNER='Agus mahari' AIRFLOW_CTX_DAG_ID='study_case_1' AIRFLOW_CTX_TASK_ID='fetch_data_task' AIRFLOW_CTX_EXECUTION_DATE='2024-03-14T21:00:00+00:00' AIRFLOW_CTX_TRY_NUMBER='1' AIRFLOW_CTX_DAG_RUN_ID='scheduled__2024-03-14T21:00:00+00:00'
[2024-03-15T04:17:39.268+0000] {warnings.py:109} WARNING - /home/***/.local/lib/python3.8/site-packages/***/utils/context.py:315: AirflowContextDeprecationWarning: Accessing 'execution_date' from the template is deprecated and will be removed in a future version. Please use 'data_interval_start' or 'logical_date' instead.
  warnings.warn(_create_deprecation_warning(k, replacements))

[2024-03-15T04:17:42.611+0000] {logging_mixin.py:188} INFO - 2024-03-15 04:17:42,610 INFO sqlalchemy.engine.Engine SELECT DATABASE()
[2024-03-15T04:17:42.610+0000] {base.py:1863} INFO - SELECT DATABASE()
[2024-03-15T04:17:42.613+0000] {logging_mixin.py:188} INFO - 2024-03-15 04:17:42,613 INFO sqlalchemy.engine.Engine [raw sql] {}
[2024-03-15T04:17:42.613+0000] {base.py:1868} INFO - [raw sql] {}
[2024-03-15T04:17:43.946+0000] {logging_mixin.py:188} INFO - 2024-03-15 04:17:43,946 INFO sqlalchemy.engine.Engine SELECT @@sql_mode
[2024-03-15T04:17:43.946+0000] {base.py:1863} INFO - SELECT @@sql_mode
[2024-03-15T04:17:43.947+0000] {logging_mixin.py:188} INFO - 2024-03-15 04:17:43,947 INFO sqlalchemy.engine.Engine [raw sql] {}
[2024-03-15T04:17:43.947+0000] {base.py:1868} INFO - [raw sql] {}
[2024-03-15T04:17:44.395+0000] {logging_mixin.py:188} INFO - 2024-03-15 04:17:44,395 INFO sqlalchemy.engine.Engine SELECT @@lower_case_table_names
[2024-03-15T04:17:44.395+0000] {base.py:1863} INFO - SELECT @@lower_case_table_names
[2024-03-15T04:17:44.396+0000] {logging_mixin.py:188} INFO - 2024-03-15 04:17:44,396 INFO sqlalchemy.engine.Engine [raw sql] {}
[2024-03-15T04:17:44.396+0000] {base.py:1868} INFO - [raw sql] {}
[2024-03-15T04:17:45.078+0000] {logging_mixin.py:188} INFO - 2024-03-15 04:17:45,078 INFO sqlalchemy.engine.Engine 


SELECT 
    *, 
    CONVERT_TZ(NOW(), 'UTC', '+07:00') as execution_at
FROM test.user
[2024-03-15T04:17:45.078+0000] {base.py:1863} INFO - 


SELECT 
    *, 
    CONVERT_TZ(NOW(), 'UTC', '+07:00') as execution_at
FROM test.user
[2024-03-15T04:17:45.080+0000] {logging_mixin.py:188} INFO - 2024-03-15 04:17:45,080 INFO sqlalchemy.engine.Engine [raw sql] {}
[2024-03-15T04:17:45.080+0000] {base.py:1868} INFO - [raw sql] {}
[2024-03-15T04:17:45.607+0000] {python.py:202} INFO - Done. Returned value was: None
[2024-03-15T04:17:45.650+0000] {taskinstance.py:1149} INFO - Marking task as SUCCESS. dag_id=study_case_1, task_id=fetch_data_task, execution_date=20240314T210000, start_date=20240315T041738, end_date=20240315T041745
[2024-03-15T04:17:46.056+0000] {local_task_job_runner.py:234} INFO - Task exited with return code 0
[2024-03-15T04:17:46.413+0000] {taskinstance.py:3309} INFO - 0 downstream tasks scheduled from follow-on schedule check
