[2024-03-30T23:17:24.866+0000] {taskinstance.py:1979} INFO - Dependencies all met for dep_context=non-requeueable deps ti=<TaskInstance: study_case_etl_all_pipeline.bash_task_2 manual__2024-03-30T23:17:00.368909+00:00 [queued]>
[2024-03-30T23:17:24.875+0000] {taskinstance.py:1979} INFO - Dependencies all met for dep_context=requeueable deps ti=<TaskInstance: study_case_etl_all_pipeline.bash_task_2 manual__2024-03-30T23:17:00.368909+00:00 [queued]>
[2024-03-30T23:17:24.875+0000] {taskinstance.py:2193} INFO - Starting attempt 1 of 2
[2024-03-30T23:17:24.887+0000] {taskinstance.py:2214} INFO - Executing <Task(BashOperator): bash_task_2> on 2024-03-30 23:17:00.368909+00:00
[2024-03-30T23:17:24.893+0000] {standard_task_runner.py:60} INFO - Started process 6277 to run task
[2024-03-30T23:17:24.896+0000] {standard_task_runner.py:87} INFO - Running: ['***', 'tasks', 'run', 'study_case_etl_all_pipeline', 'bash_task_2', 'manual__2024-03-30T23:17:00.368909+00:00', '--job-id', '232', '--raw', '--subdir', 'DAGS_FOLDER/running_dbt_core/study_case_etl_all_pipeline.py', '--cfg-path', '/tmp/tmp0u4ih1r4']
[2024-03-30T23:17:24.899+0000] {standard_task_runner.py:88} INFO - Job 232: Subtask bash_task_2
[2024-03-30T23:17:24.943+0000] {task_command.py:423} INFO - Running <TaskInstance: study_case_etl_all_pipeline.bash_task_2 manual__2024-03-30T23:17:00.368909+00:00 [running]> on host f5156ab87ac1
[2024-03-30T23:17:25.005+0000] {taskinstance.py:2510} INFO - Exporting env vars: AIRFLOW_CTX_DAG_OWNER='Agus mahari' AIRFLOW_CTX_DAG_ID='study_case_etl_all_pipeline' AIRFLOW_CTX_TASK_ID='bash_task_2' AIRFLOW_CTX_EXECUTION_DATE='2024-03-30T23:17:00.368909+00:00' AIRFLOW_CTX_TRY_NUMBER='1' AIRFLOW_CTX_DAG_RUN_ID='manual__2024-03-30T23:17:00.368909+00:00'
[2024-03-30T23:17:25.007+0000] {subprocess.py:63} INFO - Tmp dir root location: /tmp
[2024-03-30T23:17:25.008+0000] {subprocess.py:75} INFO - Running command: ['/usr/bin/bash', '-c', 'cd /opt/***/dbt/credit_card_dwh && dbt run --profiles-dir .']
[2024-03-30T23:17:25.017+0000] {subprocess.py:86} INFO - Output:
[2024-03-30T23:17:27.703+0000] {subprocess.py:93} INFO - [0m23:17:27  Running with dbt=1.7.11
[2024-03-30T23:17:28.691+0000] {subprocess.py:93} INFO - [0m23:17:28  Registered adapter: bigquery=1.7.7
[2024-03-30T23:17:29.198+0000] {subprocess.py:93} INFO - [0m23:17:29  Found 1 model, 2 tests, 1 source, 0 exposures, 0 metrics, 907 macros, 0 groups, 0 semantic models
[2024-03-30T23:17:29.202+0000] {subprocess.py:93} INFO - [0m23:17:29
[2024-03-30T23:17:30.426+0000] {subprocess.py:93} INFO - [0m23:17:30  Concurrency: 4 threads (target='dev')
[2024-03-30T23:17:30.431+0000] {subprocess.py:93} INFO - [0m23:17:30
[2024-03-30T23:17:30.459+0000] {subprocess.py:93} INFO - [0m23:17:30  1 of 1 START sql incremental model test_location.stg__credit_card .............. [RUN]
[2024-03-30T23:17:35.270+0000] {subprocess.py:93} INFO - [0m23:17:35  1 of 1 OK created sql incremental model test_location.stg__credit_card ......... [[32mCREATE TABLE (55.5k rows, 12.1 MiB processed)[0m in 4.81s]
[2024-03-30T23:17:35.277+0000] {subprocess.py:93} INFO - [0m23:17:35
[2024-03-30T23:17:35.278+0000] {subprocess.py:93} INFO - [0m23:17:35  Finished running 1 incremental model in 0 hours 0 minutes and 6.07 seconds (6.07s).
[2024-03-30T23:17:35.360+0000] {subprocess.py:93} INFO - [0m23:17:35
[2024-03-30T23:17:35.360+0000] {subprocess.py:93} INFO - [0m23:17:35  [32mCompleted successfully[0m
[2024-03-30T23:17:35.361+0000] {subprocess.py:93} INFO - [0m23:17:35
[2024-03-30T23:17:35.362+0000] {subprocess.py:93} INFO - [0m23:17:35  Done. PASS=1 WARN=0 ERROR=0 SKIP=0 TOTAL=1
[2024-03-30T23:17:37.971+0000] {subprocess.py:97} INFO - Command exited with return code 0
[2024-03-30T23:17:37.991+0000] {taskinstance.py:1149} INFO - Marking task as SUCCESS. dag_id=study_case_etl_all_pipeline, task_id=bash_task_2, execution_date=20240330T231700, start_date=20240330T231724, end_date=20240330T231737
[2024-03-30T23:17:38.011+0000] {local_task_job_runner.py:234} INFO - Task exited with return code 0
[2024-03-30T23:17:38.029+0000] {taskinstance.py:3309} INFO - 3 downstream tasks scheduled from follow-on schedule check
