[2024-03-16T05:54:49.282+0000] {taskinstance.py:1979} INFO - Dependencies all met for dep_context=non-requeueable deps ti=<TaskInstance: study_case_1.fetch_data_task scheduled__2024-03-16T04:00:00+00:00 [queued]>
[2024-03-16T05:54:49.292+0000] {taskinstance.py:1979} INFO - Dependencies all met for dep_context=requeueable deps ti=<TaskInstance: study_case_1.fetch_data_task scheduled__2024-03-16T04:00:00+00:00 [queued]>
[2024-03-16T05:54:49.293+0000] {taskinstance.py:2193} INFO - Starting attempt 1 of 2
[2024-03-16T05:54:49.304+0000] {taskinstance.py:2214} INFO - Executing <Task(PythonOperator): fetch_data_task> on 2024-03-16 04:00:00+00:00
[2024-03-16T05:54:49.310+0000] {standard_task_runner.py:60} INFO - Started process 433 to run task
[2024-03-16T05:54:49.314+0000] {standard_task_runner.py:87} INFO - Running: ['***', 'tasks', 'run', 'study_case_1', 'fetch_data_task', 'scheduled__2024-03-16T04:00:00+00:00', '--job-id', '405', '--raw', '--subdir', 'DAGS_FOLDER/pintro_aplikasi_education/study_case1.py', '--cfg-path', '/tmp/tmpca5y_484']
[2024-03-16T05:54:49.317+0000] {standard_task_runner.py:88} INFO - Job 405: Subtask fetch_data_task
[2024-03-16T05:54:49.374+0000] {task_command.py:423} INFO - Running <TaskInstance: study_case_1.fetch_data_task scheduled__2024-03-16T04:00:00+00:00 [running]> on host f293363f8e27
[2024-03-16T05:54:49.449+0000] {taskinstance.py:2510} INFO - Exporting env vars: AIRFLOW_CTX_DAG_OWNER='Agus mahari' AIRFLOW_CTX_DAG_ID='study_case_1' AIRFLOW_CTX_TASK_ID='fetch_data_task' AIRFLOW_CTX_EXECUTION_DATE='2024-03-16T04:00:00+00:00' AIRFLOW_CTX_TRY_NUMBER='1' AIRFLOW_CTX_DAG_RUN_ID='scheduled__2024-03-16T04:00:00+00:00'
[2024-03-16T05:54:49.451+0000] {warnings.py:109} WARNING - /home/***/.local/lib/python3.8/site-packages/***/utils/context.py:315: AirflowContextDeprecationWarning: Accessing 'execution_date' from the template is deprecated and will be removed in a future version. Please use 'data_interval_start' or 'logical_date' instead.
  warnings.warn(_create_deprecation_warning(k, replacements))

[2024-03-16T05:54:52.041+0000] {logging_mixin.py:188} INFO - 2024-03-16 05:54:52,041 INFO sqlalchemy.engine.Engine SELECT DATABASE()
[2024-03-16T05:54:52.041+0000] {base.py:1863} INFO - SELECT DATABASE()
[2024-03-16T05:54:52.045+0000] {logging_mixin.py:188} INFO - 2024-03-16 05:54:52,045 INFO sqlalchemy.engine.Engine [raw sql] {}
[2024-03-16T05:54:52.045+0000] {base.py:1868} INFO - [raw sql] {}
[2024-03-16T05:54:52.938+0000] {logging_mixin.py:188} INFO - 2024-03-16 05:54:52,937 INFO sqlalchemy.engine.Engine SELECT @@sql_mode
[2024-03-16T05:54:52.937+0000] {base.py:1863} INFO - SELECT @@sql_mode
[2024-03-16T05:54:52.940+0000] {logging_mixin.py:188} INFO - 2024-03-16 05:54:52,940 INFO sqlalchemy.engine.Engine [raw sql] {}
[2024-03-16T05:54:52.940+0000] {base.py:1868} INFO - [raw sql] {}
[2024-03-16T05:54:53.419+0000] {logging_mixin.py:188} INFO - 2024-03-16 05:54:53,419 INFO sqlalchemy.engine.Engine SELECT @@lower_case_table_names
[2024-03-16T05:54:53.419+0000] {base.py:1863} INFO - SELECT @@lower_case_table_names
[2024-03-16T05:54:53.420+0000] {logging_mixin.py:188} INFO - 2024-03-16 05:54:53,420 INFO sqlalchemy.engine.Engine [raw sql] {}
[2024-03-16T05:54:53.420+0000] {base.py:1868} INFO - [raw sql] {}
[2024-03-16T05:54:54.555+0000] {logging_mixin.py:188} INFO - 2024-03-16 05:54:54,555 INFO sqlalchemy.engine.Engine 


   SELECT 
    *, 
    CONVERT_TZ(NOW(), 'UTC', '+07:00') as execution_at
FROM test.user
WHERE updated_at BETWEEN NOW() - INTERVAL 7 MINUTE AND NOW()
[2024-03-16T05:54:54.555+0000] {base.py:1863} INFO - 


   SELECT 
    *, 
    CONVERT_TZ(NOW(), 'UTC', '+07:00') as execution_at
FROM test.user
WHERE updated_at BETWEEN NOW() - INTERVAL 7 MINUTE AND NOW()
[2024-03-16T05:54:54.556+0000] {logging_mixin.py:188} INFO - 2024-03-16 05:54:54,556 INFO sqlalchemy.engine.Engine [raw sql] {}
[2024-03-16T05:54:54.556+0000] {base.py:1868} INFO - [raw sql] {}
[2024-03-16T05:54:55.053+0000] {logging_mixin.py:188} INFO - File already exists.
[2024-03-16T05:54:55.055+0000] {python.py:202} INFO - Done. Returned value was: None
[2024-03-16T05:54:55.065+0000] {taskinstance.py:1149} INFO - Marking task as SUCCESS. dag_id=study_case_1, task_id=fetch_data_task, execution_date=20240316T040000, start_date=20240316T055449, end_date=20240316T055455
[2024-03-16T05:54:55.109+0000] {local_task_job_runner.py:234} INFO - Task exited with return code 0
[2024-03-16T05:54:55.130+0000] {taskinstance.py:3309} INFO - 1 downstream tasks scheduled from follow-on schedule check
