[2024-03-16T16:07:22.996+0000] {taskinstance.py:1979} INFO - Dependencies all met for dep_context=non-requeueable deps ti=<TaskInstance: study_case_etl_cloud_storage.fetch_data_task manual__2024-03-16T16:07:21.101665+00:00 [queued]>
[2024-03-16T16:07:23.006+0000] {taskinstance.py:1979} INFO - Dependencies all met for dep_context=requeueable deps ti=<TaskInstance: study_case_etl_cloud_storage.fetch_data_task manual__2024-03-16T16:07:21.101665+00:00 [queued]>
[2024-03-16T16:07:23.006+0000] {taskinstance.py:2193} INFO - Starting attempt 1 of 2
[2024-03-16T16:07:23.020+0000] {taskinstance.py:2214} INFO - Executing <Task(PythonOperator): fetch_data_task> on 2024-03-16 16:07:21.101665+00:00
[2024-03-16T16:07:23.025+0000] {standard_task_runner.py:60} INFO - Started process 8038 to run task
[2024-03-16T16:07:23.029+0000] {standard_task_runner.py:87} INFO - Running: ['***', 'tasks', 'run', 'study_case_etl_cloud_storage', 'fetch_data_task', 'manual__2024-03-16T16:07:21.101665+00:00', '--job-id', '760', '--raw', '--subdir', 'DAGS_FOLDER/etl_day_bigquery/study_case_etl_cloud_storage.py', '--cfg-path', '/tmp/tmpe901ot9m']
[2024-03-16T16:07:23.032+0000] {standard_task_runner.py:88} INFO - Job 760: Subtask fetch_data_task
[2024-03-16T16:07:23.076+0000] {task_command.py:423} INFO - Running <TaskInstance: study_case_etl_cloud_storage.fetch_data_task manual__2024-03-16T16:07:21.101665+00:00 [running]> on host 1d5b76b26ba5
[2024-03-16T16:07:23.159+0000] {taskinstance.py:2510} INFO - Exporting env vars: AIRFLOW_CTX_DAG_OWNER='Agus mahari' AIRFLOW_CTX_DAG_ID='study_case_etl_cloud_storage' AIRFLOW_CTX_TASK_ID='fetch_data_task' AIRFLOW_CTX_EXECUTION_DATE='2024-03-16T16:07:21.101665+00:00' AIRFLOW_CTX_TRY_NUMBER='1' AIRFLOW_CTX_DAG_RUN_ID='manual__2024-03-16T16:07:21.101665+00:00'
[2024-03-16T16:07:25.901+0000] {logging_mixin.py:188} INFO - 2024-03-16 16:07:25,901 INFO sqlalchemy.engine.Engine SELECT DATABASE()
[2024-03-16T16:07:25.901+0000] {base.py:1863} INFO - SELECT DATABASE()
[2024-03-16T16:07:25.903+0000] {logging_mixin.py:188} INFO - 2024-03-16 16:07:25,902 INFO sqlalchemy.engine.Engine [raw sql] {}
[2024-03-16T16:07:25.902+0000] {base.py:1868} INFO - [raw sql] {}
[2024-03-16T16:07:26.806+0000] {logging_mixin.py:188} INFO - 2024-03-16 16:07:26,806 INFO sqlalchemy.engine.Engine SELECT @@sql_mode
[2024-03-16T16:07:26.806+0000] {base.py:1863} INFO - SELECT @@sql_mode
[2024-03-16T16:07:26.807+0000] {logging_mixin.py:188} INFO - 2024-03-16 16:07:26,807 INFO sqlalchemy.engine.Engine [raw sql] {}
[2024-03-16T16:07:26.807+0000] {base.py:1868} INFO - [raw sql] {}
[2024-03-16T16:07:27.259+0000] {logging_mixin.py:188} INFO - 2024-03-16 16:07:27,259 INFO sqlalchemy.engine.Engine SELECT @@lower_case_table_names
[2024-03-16T16:07:27.259+0000] {base.py:1863} INFO - SELECT @@lower_case_table_names
[2024-03-16T16:07:27.260+0000] {logging_mixin.py:188} INFO - 2024-03-16 16:07:27,260 INFO sqlalchemy.engine.Engine [raw sql] {}
[2024-03-16T16:07:27.260+0000] {base.py:1868} INFO - [raw sql] {}
[2024-03-16T16:07:27.938+0000] {logging_mixin.py:188} INFO - 2024-03-16 16:07:27,938 INFO sqlalchemy.engine.Engine 


  SELECT 
    *
FROM databasename.mytable
[2024-03-16T16:07:27.938+0000] {base.py:1863} INFO - 


  SELECT 
    *
FROM databasename.mytable
[2024-03-16T16:07:27.939+0000] {logging_mixin.py:188} INFO - 2024-03-16 16:07:27,939 INFO sqlalchemy.engine.Engine [raw sql] {}
[2024-03-16T16:07:27.939+0000] {base.py:1868} INFO - [raw sql] {}
[2024-03-16T16:07:28.397+0000] {python.py:202} INFO - Done. Returned value was: /opt/***/data/aplikasi_table_{{ ds }}.parquet
[2024-03-16T16:07:28.420+0000] {taskinstance.py:1149} INFO - Marking task as SUCCESS. dag_id=study_case_etl_cloud_storage, task_id=fetch_data_task, execution_date=20240316T160721, start_date=20240316T160722, end_date=20240316T160728
[2024-03-16T16:07:28.451+0000] {local_task_job_runner.py:234} INFO - Task exited with return code 0
[2024-03-16T16:07:28.479+0000] {taskinstance.py:3309} INFO - 1 downstream tasks scheduled from follow-on schedule check
