[2024-03-07T17:45:30.537+0000] {taskinstance.py:1979} INFO - Dependencies all met for dep_context=non-requeueable deps ti=<TaskInstance: example_lima_solid.fetch_data_task manual__2024-03-07T17:45:29.570526+00:00 [queued]>
[2024-03-07T17:45:30.547+0000] {taskinstance.py:1979} INFO - Dependencies all met for dep_context=requeueable deps ti=<TaskInstance: example_lima_solid.fetch_data_task manual__2024-03-07T17:45:29.570526+00:00 [queued]>
[2024-03-07T17:45:30.548+0000] {taskinstance.py:2193} INFO - Starting attempt 1 of 2
[2024-03-07T17:45:30.561+0000] {taskinstance.py:2214} INFO - Executing <Task(PythonOperator): fetch_data_task> on 2024-03-07 17:45:29.570526+00:00
[2024-03-07T17:45:30.566+0000] {standard_task_runner.py:60} INFO - Started process 1823 to run task
[2024-03-07T17:45:30.570+0000] {standard_task_runner.py:87} INFO - Running: ['***', 'tasks', 'run', 'example_lima_solid', 'fetch_data_task', 'manual__2024-03-07T17:45:29.570526+00:00', '--job-id', '136', '--raw', '--subdir', 'DAGS_FOLDER/other_ingestion_postgre/main_dag_sql_lima.py', '--cfg-path', '/tmp/tmpn6kcmr7s']
[2024-03-07T17:45:30.573+0000] {standard_task_runner.py:88} INFO - Job 136: Subtask fetch_data_task
[2024-03-07T17:45:30.616+0000] {task_command.py:423} INFO - Running <TaskInstance: example_lima_solid.fetch_data_task manual__2024-03-07T17:45:29.570526+00:00 [running]> on host c9d1ac6dab48
[2024-03-07T17:45:30.696+0000] {taskinstance.py:2510} INFO - Exporting env vars: AIRFLOW_CTX_DAG_OWNER='***' AIRFLOW_CTX_DAG_ID='example_lima_solid' AIRFLOW_CTX_TASK_ID='fetch_data_task' AIRFLOW_CTX_EXECUTION_DATE='2024-03-07T17:45:29.570526+00:00' AIRFLOW_CTX_TRY_NUMBER='1' AIRFLOW_CTX_DAG_RUN_ID='manual__2024-03-07T17:45:29.570526+00:00'
[2024-03-07T17:45:30.698+0000] {warnings.py:109} WARNING - /home/***/.local/lib/python3.8/site-packages/***/utils/context.py:315: AirflowContextDeprecationWarning: Accessing 'execution_date' from the template is deprecated and will be removed in a future version. Please use 'data_interval_start' or 'logical_date' instead.
  warnings.warn(_create_deprecation_warning(k, replacements))

[2024-03-07T17:45:33.108+0000] {logging_mixin.py:188} INFO - 2024-03-07 17:45:33,108 INFO sqlalchemy.engine.Engine SELECT DATABASE()
[2024-03-07T17:45:33.108+0000] {base.py:1863} INFO - SELECT DATABASE()
[2024-03-07T17:45:33.109+0000] {logging_mixin.py:188} INFO - 2024-03-07 17:45:33,109 INFO sqlalchemy.engine.Engine [raw sql] {}
[2024-03-07T17:45:33.109+0000] {base.py:1868} INFO - [raw sql] {}
[2024-03-07T17:45:33.938+0000] {logging_mixin.py:188} INFO - 2024-03-07 17:45:33,938 INFO sqlalchemy.engine.Engine SELECT @@sql_mode
[2024-03-07T17:45:33.938+0000] {base.py:1863} INFO - SELECT @@sql_mode
[2024-03-07T17:45:33.939+0000] {logging_mixin.py:188} INFO - 2024-03-07 17:45:33,939 INFO sqlalchemy.engine.Engine [raw sql] {}
[2024-03-07T17:45:33.939+0000] {base.py:1868} INFO - [raw sql] {}
[2024-03-07T17:45:34.353+0000] {logging_mixin.py:188} INFO - 2024-03-07 17:45:34,352 INFO sqlalchemy.engine.Engine SELECT @@lower_case_table_names
[2024-03-07T17:45:34.352+0000] {base.py:1863} INFO - SELECT @@lower_case_table_names
[2024-03-07T17:45:34.353+0000] {logging_mixin.py:188} INFO - 2024-03-07 17:45:34,353 INFO sqlalchemy.engine.Engine [raw sql] {}
[2024-03-07T17:45:34.353+0000] {base.py:1868} INFO - [raw sql] {}
[2024-03-07T17:45:34.978+0000] {logging_mixin.py:188} INFO - 2024-03-07 17:45:34,978 INFO sqlalchemy.engine.Engine SELECT 
    id_transaksi, 
    tanggal_transaksi, 
    id_pelanggan, 
    metode_pembayaran, 
    barang_jasa_dibeli, 
    status_pembayaran, 
    created_at, 
    updated_at 
FROM test.transaksi
[2024-03-07T17:45:34.978+0000] {base.py:1863} INFO - SELECT 
    id_transaksi, 
    tanggal_transaksi, 
    id_pelanggan, 
    metode_pembayaran, 
    barang_jasa_dibeli, 
    status_pembayaran, 
    created_at, 
    updated_at 
FROM test.transaksi

[2024-03-07T17:45:34.979+0000] {logging_mixin.py:188} INFO - 2024-03-07 17:45:34,978 INFO sqlalchemy.engine.Engine [raw sql] {}
[2024-03-07T17:45:34.978+0000] {base.py:1868} INFO - [raw sql] {}
[2024-03-07T17:45:35.417+0000] {python.py:202} INFO - Done. Returned value was: None
[2024-03-07T17:45:35.426+0000] {taskinstance.py:1149} INFO - Marking task as SUCCESS. dag_id=example_lima_solid, task_id=fetch_data_task, execution_date=20240307T174529, start_date=20240307T174530, end_date=20240307T174535
[2024-03-07T17:45:35.475+0000] {local_task_job_runner.py:234} INFO - Task exited with return code 0
[2024-03-07T17:45:35.497+0000] {taskinstance.py:3309} INFO - 1 downstream tasks scheduled from follow-on schedule check
