[2024-03-22T17:30:39.250+0000] {taskinstance.py:1979} INFO - Dependencies all met for dep_context=non-requeueable deps ti=<TaskInstance: study_case_etl_cloud_storage.fetch_data_task scheduled__2024-03-21T13:00:00+00:00 [queued]>
[2024-03-22T17:30:39.265+0000] {taskinstance.py:1979} INFO - Dependencies all met for dep_context=requeueable deps ti=<TaskInstance: study_case_etl_cloud_storage.fetch_data_task scheduled__2024-03-21T13:00:00+00:00 [queued]>
[2024-03-22T17:30:39.266+0000] {taskinstance.py:2193} INFO - Starting attempt 1 of 2
[2024-03-22T17:30:39.299+0000] {taskinstance.py:2214} INFO - Executing <Task(PythonOperator): fetch_data_task> on 2024-03-21 13:00:00+00:00
[2024-03-22T17:30:39.309+0000] {standard_task_runner.py:60} INFO - Started process 969 to run task
[2024-03-22T17:30:39.332+0000] {standard_task_runner.py:87} INFO - Running: ['***', 'tasks', 'run', 'study_case_etl_cloud_storage', 'fetch_data_task', 'scheduled__2024-03-21T13:00:00+00:00', '--job-id', '207', '--raw', '--subdir', 'DAGS_FOLDER/etl_day_bigquery/study_case_etl_cloud_storage.py', '--cfg-path', '/tmp/tmpbc3tgzah']
[2024-03-22T17:30:39.337+0000] {standard_task_runner.py:88} INFO - Job 207: Subtask fetch_data_task
[2024-03-22T17:30:39.451+0000] {task_command.py:423} INFO - Running <TaskInstance: study_case_etl_cloud_storage.fetch_data_task scheduled__2024-03-21T13:00:00+00:00 [running]> on host eb8b31fafb1e
[2024-03-22T17:30:39.711+0000] {taskinstance.py:2510} INFO - Exporting env vars: AIRFLOW_CTX_DAG_OWNER='Agus mahari' AIRFLOW_CTX_DAG_ID='study_case_etl_cloud_storage' AIRFLOW_CTX_TASK_ID='fetch_data_task' AIRFLOW_CTX_EXECUTION_DATE='2024-03-21T13:00:00+00:00' AIRFLOW_CTX_TRY_NUMBER='1' AIRFLOW_CTX_DAG_RUN_ID='scheduled__2024-03-21T13:00:00+00:00'
[2024-03-22T17:30:42.588+0000] {logging_mixin.py:188} INFO - 2024-03-22 17:30:42,588 INFO sqlalchemy.engine.Engine SELECT DATABASE()
[2024-03-22T17:30:42.588+0000] {base.py:1863} INFO - SELECT DATABASE()
[2024-03-22T17:30:42.589+0000] {logging_mixin.py:188} INFO - 2024-03-22 17:30:42,589 INFO sqlalchemy.engine.Engine [raw sql] {}
[2024-03-22T17:30:42.589+0000] {base.py:1868} INFO - [raw sql] {}
[2024-03-22T17:30:43.479+0000] {logging_mixin.py:188} INFO - 2024-03-22 17:30:43,479 INFO sqlalchemy.engine.Engine SELECT @@sql_mode
[2024-03-22T17:30:43.479+0000] {base.py:1863} INFO - SELECT @@sql_mode
[2024-03-22T17:30:43.480+0000] {logging_mixin.py:188} INFO - 2024-03-22 17:30:43,480 INFO sqlalchemy.engine.Engine [raw sql] {}
[2024-03-22T17:30:43.480+0000] {base.py:1868} INFO - [raw sql] {}
[2024-03-22T17:30:43.953+0000] {logging_mixin.py:188} INFO - 2024-03-22 17:30:43,953 INFO sqlalchemy.engine.Engine SELECT @@lower_case_table_names
[2024-03-22T17:30:43.953+0000] {base.py:1863} INFO - SELECT @@lower_case_table_names
[2024-03-22T17:30:43.956+0000] {logging_mixin.py:188} INFO - 2024-03-22 17:30:43,956 INFO sqlalchemy.engine.Engine [raw sql] {}
[2024-03-22T17:30:43.956+0000] {base.py:1868} INFO - [raw sql] {}
[2024-03-22T17:30:44.701+0000] {logging_mixin.py:188} INFO - 2024-03-22 17:30:44,701 INFO sqlalchemy.engine.Engine 


  SELECT 
    *
FROM databasename.mytable
[2024-03-22T17:30:44.701+0000] {base.py:1863} INFO - 


  SELECT 
    *
FROM databasename.mytable
[2024-03-22T17:30:44.703+0000] {logging_mixin.py:188} INFO - 2024-03-22 17:30:44,702 INFO sqlalchemy.engine.Engine [raw sql] {}
[2024-03-22T17:30:44.702+0000] {base.py:1868} INFO - [raw sql] {}
[2024-03-22T17:30:45.151+0000] {logging_mixin.py:188} INFO - File already exists.
[2024-03-22T17:30:45.154+0000] {python.py:202} INFO - Done. Returned value was: /opt/***/data/aplikasi_table_['{ ds }.parquet']
[2024-03-22T17:30:45.175+0000] {taskinstance.py:1149} INFO - Marking task as SUCCESS. dag_id=study_case_etl_cloud_storage, task_id=fetch_data_task, execution_date=20240321T130000, start_date=20240322T173039, end_date=20240322T173045
[2024-03-22T17:30:45.222+0000] {local_task_job_runner.py:234} INFO - Task exited with return code 0
[2024-03-22T17:30:45.239+0000] {taskinstance.py:3309} INFO - 0 downstream tasks scheduled from follow-on schedule check
