[2024-03-30T19:20:11.534+0000] {taskinstance.py:1979} INFO - Dependencies all met for dep_context=non-requeueable deps ti=<TaskInstance: study_case_etl_all_pipeline.fetch_data_task_id manual__2024-03-30T19:20:10.292203+00:00 [queued]>
[2024-03-30T19:20:11.541+0000] {taskinstance.py:1979} INFO - Dependencies all met for dep_context=requeueable deps ti=<TaskInstance: study_case_etl_all_pipeline.fetch_data_task_id manual__2024-03-30T19:20:10.292203+00:00 [queued]>
[2024-03-30T19:20:11.542+0000] {taskinstance.py:2193} INFO - Starting attempt 1 of 2
[2024-03-30T19:20:11.552+0000] {taskinstance.py:2214} INFO - Executing <Task(PythonOperator): fetch_data_task_id> on 2024-03-30 19:20:10.292203+00:00
[2024-03-30T19:20:11.557+0000] {standard_task_runner.py:60} INFO - Started process 2252 to run task
[2024-03-30T19:20:11.560+0000] {standard_task_runner.py:87} INFO - Running: ['***', 'tasks', 'run', 'study_case_etl_all_pipeline', 'fetch_data_task_id', 'manual__2024-03-30T19:20:10.292203+00:00', '--job-id', '170', '--raw', '--subdir', 'DAGS_FOLDER/running_dbt_core/study_case_etl_all_pipeline.py', '--cfg-path', '/tmp/tmp_11caidk']
[2024-03-30T19:20:11.564+0000] {standard_task_runner.py:88} INFO - Job 170: Subtask fetch_data_task_id
[2024-03-30T19:20:11.599+0000] {task_command.py:423} INFO - Running <TaskInstance: study_case_etl_all_pipeline.fetch_data_task_id manual__2024-03-30T19:20:10.292203+00:00 [running]> on host f5156ab87ac1
[2024-03-30T19:20:11.661+0000] {taskinstance.py:2510} INFO - Exporting env vars: AIRFLOW_CTX_DAG_OWNER='Agus mahari' AIRFLOW_CTX_DAG_ID='study_case_etl_all_pipeline' AIRFLOW_CTX_TASK_ID='fetch_data_task_id' AIRFLOW_CTX_EXECUTION_DATE='2024-03-30T19:20:10.292203+00:00' AIRFLOW_CTX_TRY_NUMBER='1' AIRFLOW_CTX_DAG_RUN_ID='manual__2024-03-30T19:20:10.292203+00:00'
[2024-03-30T19:20:14.548+0000] {logging_mixin.py:188} INFO - 2024-03-30 19:20:14,548 INFO sqlalchemy.engine.Engine SELECT DATABASE()
[2024-03-30T19:20:14.548+0000] {base.py:1863} INFO - SELECT DATABASE()
[2024-03-30T19:20:14.549+0000] {logging_mixin.py:188} INFO - 2024-03-30 19:20:14,549 INFO sqlalchemy.engine.Engine [raw sql] {}
[2024-03-30T19:20:14.549+0000] {base.py:1868} INFO - [raw sql] {}
[2024-03-30T19:20:15.484+0000] {logging_mixin.py:188} INFO - 2024-03-30 19:20:15,484 INFO sqlalchemy.engine.Engine SELECT @@sql_mode
[2024-03-30T19:20:15.484+0000] {base.py:1863} INFO - SELECT @@sql_mode
[2024-03-30T19:20:15.486+0000] {logging_mixin.py:188} INFO - 2024-03-30 19:20:15,485 INFO sqlalchemy.engine.Engine [raw sql] {}
[2024-03-30T19:20:15.485+0000] {base.py:1868} INFO - [raw sql] {}
[2024-03-30T19:20:15.952+0000] {logging_mixin.py:188} INFO - 2024-03-30 19:20:15,951 INFO sqlalchemy.engine.Engine SELECT @@lower_case_table_names
[2024-03-30T19:20:15.951+0000] {base.py:1863} INFO - SELECT @@lower_case_table_names
[2024-03-30T19:20:15.955+0000] {logging_mixin.py:188} INFO - 2024-03-30 19:20:15,955 INFO sqlalchemy.engine.Engine [raw sql] {}
[2024-03-30T19:20:15.955+0000] {base.py:1868} INFO - [raw sql] {}
[2024-03-30T19:20:16.647+0000] {logging_mixin.py:188} INFO - 2024-03-30 19:20:16,647 INFO sqlalchemy.engine.Engine 
  SELECT 
    *
FROM databasename.raw_credit_card
[2024-03-30T19:20:16.647+0000] {base.py:1863} INFO - 
  SELECT 
    *
FROM databasename.raw_credit_card
[2024-03-30T19:20:16.649+0000] {logging_mixin.py:188} INFO - 2024-03-30 19:20:16,649 INFO sqlalchemy.engine.Engine [raw sql] {}
[2024-03-30T19:20:16.649+0000] {base.py:1868} INFO - [raw sql] {}
[2024-03-30T19:20:34.715+0000] {python.py:202} INFO - Done. Returned value was: /opt/***/data/fetch_data_task_id_2024-03-30.csv
[2024-03-30T19:20:34.732+0000] {taskinstance.py:1149} INFO - Marking task as SUCCESS. dag_id=study_case_etl_all_pipeline, task_id=fetch_data_task_id, execution_date=20240330T192010, start_date=20240330T192011, end_date=20240330T192034
[2024-03-30T19:20:34.790+0000] {local_task_job_runner.py:234} INFO - Task exited with return code 0
[2024-03-30T19:20:34.810+0000] {taskinstance.py:3309} INFO - 1 downstream tasks scheduled from follow-on schedule check
