[2024-03-16T16:11:02.877+0000] {taskinstance.py:1979} INFO - Dependencies all met for dep_context=non-requeueable deps ti=<TaskInstance: study_case_etl_cloud_storage.fetch_data_task manual__2024-03-16T16:11:01.272809+00:00 [queued]>
[2024-03-16T16:11:02.890+0000] {taskinstance.py:1979} INFO - Dependencies all met for dep_context=requeueable deps ti=<TaskInstance: study_case_etl_cloud_storage.fetch_data_task manual__2024-03-16T16:11:01.272809+00:00 [queued]>
[2024-03-16T16:11:02.890+0000] {taskinstance.py:2193} INFO - Starting attempt 1 of 2
[2024-03-16T16:11:02.905+0000] {taskinstance.py:2214} INFO - Executing <Task(PythonOperator): fetch_data_task> on 2024-03-16 16:11:01.272809+00:00
[2024-03-16T16:11:02.911+0000] {standard_task_runner.py:60} INFO - Started process 8102 to run task
[2024-03-16T16:11:02.915+0000] {standard_task_runner.py:87} INFO - Running: ['***', 'tasks', 'run', 'study_case_etl_cloud_storage', 'fetch_data_task', 'manual__2024-03-16T16:11:01.272809+00:00', '--job-id', '763', '--raw', '--subdir', 'DAGS_FOLDER/etl_day_bigquery/study_case_etl_cloud_storage.py', '--cfg-path', '/tmp/tmpcmp3zpio']
[2024-03-16T16:11:02.918+0000] {standard_task_runner.py:88} INFO - Job 763: Subtask fetch_data_task
[2024-03-16T16:11:02.964+0000] {task_command.py:423} INFO - Running <TaskInstance: study_case_etl_cloud_storage.fetch_data_task manual__2024-03-16T16:11:01.272809+00:00 [running]> on host 1d5b76b26ba5
[2024-03-16T16:11:03.049+0000] {taskinstance.py:2510} INFO - Exporting env vars: AIRFLOW_CTX_DAG_OWNER='Agus mahari' AIRFLOW_CTX_DAG_ID='study_case_etl_cloud_storage' AIRFLOW_CTX_TASK_ID='fetch_data_task' AIRFLOW_CTX_EXECUTION_DATE='2024-03-16T16:11:01.272809+00:00' AIRFLOW_CTX_TRY_NUMBER='1' AIRFLOW_CTX_DAG_RUN_ID='manual__2024-03-16T16:11:01.272809+00:00'
[2024-03-16T16:11:05.607+0000] {logging_mixin.py:188} INFO - 2024-03-16 16:11:05,607 INFO sqlalchemy.engine.Engine SELECT DATABASE()
[2024-03-16T16:11:05.607+0000] {base.py:1863} INFO - SELECT DATABASE()
[2024-03-16T16:11:05.614+0000] {logging_mixin.py:188} INFO - 2024-03-16 16:11:05,614 INFO sqlalchemy.engine.Engine [raw sql] {}
[2024-03-16T16:11:05.614+0000] {base.py:1868} INFO - [raw sql] {}
[2024-03-16T16:11:06.516+0000] {logging_mixin.py:188} INFO - 2024-03-16 16:11:06,516 INFO sqlalchemy.engine.Engine SELECT @@sql_mode
[2024-03-16T16:11:06.516+0000] {base.py:1863} INFO - SELECT @@sql_mode
[2024-03-16T16:11:06.517+0000] {logging_mixin.py:188} INFO - 2024-03-16 16:11:06,516 INFO sqlalchemy.engine.Engine [raw sql] {}
[2024-03-16T16:11:06.516+0000] {base.py:1868} INFO - [raw sql] {}
[2024-03-16T16:11:06.960+0000] {logging_mixin.py:188} INFO - 2024-03-16 16:11:06,960 INFO sqlalchemy.engine.Engine SELECT @@lower_case_table_names
[2024-03-16T16:11:06.960+0000] {base.py:1863} INFO - SELECT @@lower_case_table_names
[2024-03-16T16:11:06.961+0000] {logging_mixin.py:188} INFO - 2024-03-16 16:11:06,961 INFO sqlalchemy.engine.Engine [raw sql] {}
[2024-03-16T16:11:06.961+0000] {base.py:1868} INFO - [raw sql] {}
[2024-03-16T16:11:07.620+0000] {logging_mixin.py:188} INFO - 2024-03-16 16:11:07,620 INFO sqlalchemy.engine.Engine 


  SELECT 
    *
FROM databasename.mytable
[2024-03-16T16:11:07.620+0000] {base.py:1863} INFO - 


  SELECT 
    *
FROM databasename.mytable
[2024-03-16T16:11:07.621+0000] {logging_mixin.py:188} INFO - 2024-03-16 16:11:07,621 INFO sqlalchemy.engine.Engine [raw sql] {}
[2024-03-16T16:11:07.621+0000] {base.py:1868} INFO - [raw sql] {}
[2024-03-16T16:11:08.091+0000] {python.py:202} INFO - Done. Returned value was: /opt/***/data/aplikasi_table_['{ ds }.parquet']
[2024-03-16T16:11:08.108+0000] {taskinstance.py:1149} INFO - Marking task as SUCCESS. dag_id=study_case_etl_cloud_storage, task_id=fetch_data_task, execution_date=20240316T161101, start_date=20240316T161102, end_date=20240316T161108
[2024-03-16T16:11:08.140+0000] {local_task_job_runner.py:234} INFO - Task exited with return code 0
[2024-03-16T16:11:08.162+0000] {taskinstance.py:3309} INFO - 1 downstream tasks scheduled from follow-on schedule check
