[2024-03-08T20:08:51.931+0000] {taskinstance.py:1979} INFO - Dependencies all met for dep_context=non-requeueable deps ti=<TaskInstance: mongodb_to_sql6.ingest_csv_to_mysql scheduled__2024-03-07T00:00:00+00:00 [queued]>
[2024-03-08T20:08:51.941+0000] {taskinstance.py:1979} INFO - Dependencies all met for dep_context=requeueable deps ti=<TaskInstance: mongodb_to_sql6.ingest_csv_to_mysql scheduled__2024-03-07T00:00:00+00:00 [queued]>
[2024-03-08T20:08:51.941+0000] {taskinstance.py:2193} INFO - Starting attempt 1 of 2
[2024-03-08T20:08:51.955+0000] {taskinstance.py:2214} INFO - Executing <Task(PythonOperator): ingest_csv_to_mysql> on 2024-03-07 00:00:00+00:00
[2024-03-08T20:08:51.959+0000] {standard_task_runner.py:60} INFO - Started process 1878 to run task
[2024-03-08T20:08:51.963+0000] {standard_task_runner.py:87} INFO - Running: ['***', 'tasks', 'run', 'mongodb_to_sql6', 'ingest_csv_to_mysql', 'scheduled__2024-03-07T00:00:00+00:00', '--job-id', '160', '--raw', '--subdir', 'DAGS_FOLDER/restrore_mongo/main_dag_sql_enam.py', '--cfg-path', '/tmp/tmpv00eomi5']
[2024-03-08T20:08:51.966+0000] {standard_task_runner.py:88} INFO - Job 160: Subtask ingest_csv_to_mysql
[2024-03-08T20:08:52.007+0000] {task_command.py:423} INFO - Running <TaskInstance: mongodb_to_sql6.ingest_csv_to_mysql scheduled__2024-03-07T00:00:00+00:00 [running]> on host c9d1ac6dab48
[2024-03-08T20:08:52.070+0000] {taskinstance.py:2510} INFO - Exporting env vars: AIRFLOW_CTX_DAG_OWNER='***' AIRFLOW_CTX_DAG_ID='mongodb_to_sql6' AIRFLOW_CTX_TASK_ID='ingest_csv_to_mysql' AIRFLOW_CTX_EXECUTION_DATE='2024-03-07T00:00:00+00:00' AIRFLOW_CTX_TRY_NUMBER='1' AIRFLOW_CTX_DAG_RUN_ID='scheduled__2024-03-07T00:00:00+00:00'
[2024-03-08T20:08:52.072+0000] {warnings.py:109} WARNING - /home/***/.local/lib/python3.8/site-packages/***/utils/context.py:315: AirflowContextDeprecationWarning: Accessing 'execution_date' from the template is deprecated and will be removed in a future version. Please use 'data_interval_start' or 'logical_date' instead.
  warnings.warn(_create_deprecation_warning(k, replacements))

[2024-03-08T20:08:54.635+0000] {logging_mixin.py:188} INFO - 2024-03-08 20:08:54,635 INFO sqlalchemy.engine.Engine SELECT DATABASE()
[2024-03-08T20:08:54.635+0000] {base.py:1863} INFO - SELECT DATABASE()
[2024-03-08T20:08:54.639+0000] {logging_mixin.py:188} INFO - 2024-03-08 20:08:54,638 INFO sqlalchemy.engine.Engine [raw sql] {}
[2024-03-08T20:08:54.638+0000] {base.py:1868} INFO - [raw sql] {}
[2024-03-08T20:08:55.517+0000] {logging_mixin.py:188} INFO - 2024-03-08 20:08:55,517 INFO sqlalchemy.engine.Engine SELECT @@sql_mode
[2024-03-08T20:08:55.517+0000] {base.py:1863} INFO - SELECT @@sql_mode
[2024-03-08T20:08:55.518+0000] {logging_mixin.py:188} INFO - 2024-03-08 20:08:55,518 INFO sqlalchemy.engine.Engine [raw sql] {}
[2024-03-08T20:08:55.518+0000] {base.py:1868} INFO - [raw sql] {}
[2024-03-08T20:08:55.949+0000] {logging_mixin.py:188} INFO - 2024-03-08 20:08:55,949 INFO sqlalchemy.engine.Engine SELECT @@lower_case_table_names
[2024-03-08T20:08:55.949+0000] {base.py:1863} INFO - SELECT @@lower_case_table_names
[2024-03-08T20:08:55.954+0000] {logging_mixin.py:188} INFO - 2024-03-08 20:08:55,953 INFO sqlalchemy.engine.Engine [raw sql] {}
[2024-03-08T20:08:55.953+0000] {base.py:1868} INFO - [raw sql] {}
[2024-03-08T20:08:56.385+0000] {logging_mixin.py:188} INFO - 2024-03-08 20:08:56,385 INFO sqlalchemy.engine.Engine BEGIN (implicit)
[2024-03-08T20:08:56.385+0000] {base.py:1032} INFO - BEGIN (implicit)
[2024-03-08T20:08:56.600+0000] {logging_mixin.py:188} INFO - 2024-03-08 20:08:56,599 INFO sqlalchemy.engine.Engine SELECT COUNT(*) FROM information_schema.tables WHERE table_schema = %(table_schema)s AND table_name = %(table_name)s
[2024-03-08T20:08:56.599+0000] {base.py:1863} INFO - SELECT COUNT(*) FROM information_schema.tables WHERE table_schema = %(table_schema)s AND table_name = %(table_name)s
[2024-03-08T20:08:56.600+0000] {logging_mixin.py:188} INFO - 2024-03-08 20:08:56,600 INFO sqlalchemy.engine.Engine [generated in 0.21130s] {'table_schema': 'test', 'table_name': 'transaksi_restore'}
[2024-03-08T20:08:56.600+0000] {base.py:1868} INFO - [generated in 0.21130s] {'table_schema': 'test', 'table_name': 'transaksi_restore'}
[2024-03-08T20:08:57.047+0000] {logging_mixin.py:188} INFO - 2024-03-08 20:08:57,047 INFO sqlalchemy.engine.Engine SELECT COUNT(*) FROM information_schema.tables WHERE table_schema = %(table_schema)s AND table_name = %(table_name)s
[2024-03-08T20:08:57.047+0000] {base.py:1863} INFO - SELECT COUNT(*) FROM information_schema.tables WHERE table_schema = %(table_schema)s AND table_name = %(table_name)s
[2024-03-08T20:08:57.048+0000] {logging_mixin.py:188} INFO - 2024-03-08 20:08:57,047 INFO sqlalchemy.engine.Engine [cached since 0.6584s ago] {'table_schema': 'test', 'table_name': 'transaksi_restore'}
[2024-03-08T20:08:57.047+0000] {base.py:1868} INFO - [cached since 0.6584s ago] {'table_schema': 'test', 'table_name': 'transaksi_restore'}
[2024-03-08T20:08:57.494+0000] {logging_mixin.py:188} INFO - 2024-03-08 20:08:57,494 INFO sqlalchemy.engine.Engine SHOW FULL TABLES FROM `test`
[2024-03-08T20:08:57.494+0000] {base.py:1863} INFO - SHOW FULL TABLES FROM `test`
[2024-03-08T20:08:57.496+0000] {logging_mixin.py:188} INFO - 2024-03-08 20:08:57,496 INFO sqlalchemy.engine.Engine [raw sql] {}
[2024-03-08T20:08:57.496+0000] {base.py:1868} INFO - [raw sql] {}
[2024-03-08T20:08:57.930+0000] {logging_mixin.py:188} INFO - 2024-03-08 20:08:57,930 INFO sqlalchemy.engine.Engine SHOW CREATE TABLE `transaksi_restore`
[2024-03-08T20:08:57.930+0000] {base.py:1863} INFO - SHOW CREATE TABLE `transaksi_restore`
[2024-03-08T20:08:57.930+0000] {logging_mixin.py:188} INFO - 2024-03-08 20:08:57,930 INFO sqlalchemy.engine.Engine [raw sql] {}
[2024-03-08T20:08:57.930+0000] {base.py:1868} INFO - [raw sql] {}
[2024-03-08T20:08:58.366+0000] {logging_mixin.py:188} INFO - 2024-03-08 20:08:58,366 INFO sqlalchemy.engine.Engine 
DROP TABLE transaksi_restore
[2024-03-08T20:08:58.366+0000] {base.py:1863} INFO - 
DROP TABLE transaksi_restore
[2024-03-08T20:08:58.371+0000] {logging_mixin.py:188} INFO - 2024-03-08 20:08:58,370 INFO sqlalchemy.engine.Engine [no key 0.22378s] {}
[2024-03-08T20:08:58.370+0000] {base.py:1868} INFO - [no key 0.22378s] {}
[2024-03-08T20:08:58.834+0000] {logging_mixin.py:188} INFO - 2024-03-08 20:08:58,834 INFO sqlalchemy.engine.Engine 
CREATE TABLE transaksi_restore (
	_id TEXT, 
	id_transaksi BIGINT, 
	tanggal_transaksi TEXT, 
	id_pelanggan BIGINT, 
	metode_pembayaran TEXT, 
	barang_jasa_dibeli TEXT, 
	status_pembayaran TEXT, 
	created_at TEXT, 
	updated_at TEXT, 
	execution_timestamp FLOAT(53)
)
[2024-03-08T20:08:58.834+0000] {base.py:1863} INFO - 
CREATE TABLE transaksi_restore (
	_id TEXT, 
	id_transaksi BIGINT, 
	tanggal_transaksi TEXT, 
	id_pelanggan BIGINT, 
	metode_pembayaran TEXT, 
	barang_jasa_dibeli TEXT, 
	status_pembayaran TEXT, 
	created_at TEXT, 
	updated_at TEXT, 
	execution_timestamp FLOAT(53)
)


[2024-03-08T20:08:58.838+0000] {logging_mixin.py:188} INFO - 2024-03-08 20:08:58,838 INFO sqlalchemy.engine.Engine [no key 0.21804s] {}
[2024-03-08T20:08:58.838+0000] {base.py:1868} INFO - [no key 0.21804s] {}
[2024-03-08T20:08:59.302+0000] {logging_mixin.py:188} INFO - 2024-03-08 20:08:59,302 INFO sqlalchemy.engine.Engine INSERT INTO transaksi_restore (_id, id_transaksi, tanggal_transaksi, id_pelanggan, metode_pembayaran, barang_jasa_dibeli, status_pembayaran, created_at, updated_at, execution_timestamp) VALUES (%(_id)s, %(id_transaksi)s, %(tanggal_transaksi)s, %(id_pelanggan)s, %(metode_pembayaran)s, %(barang_jasa_dibeli)s, %(status_pembayaran)s, %(created_at)s, %(updated_at)s, %(execution_timestamp)s)
[2024-03-08T20:08:59.302+0000] {base.py:1863} INFO - INSERT INTO transaksi_restore (_id, id_transaksi, tanggal_transaksi, id_pelanggan, metode_pembayaran, barang_jasa_dibeli, status_pembayaran, created_at, updated_at, execution_timestamp) VALUES (%(_id)s, %(id_transaksi)s, %(tanggal_transaksi)s, %(id_pelanggan)s, %(metode_pembayaran)s, %(barang_jasa_dibeli)s, %(status_pembayaran)s, %(created_at)s, %(updated_at)s, %(execution_timestamp)s)
[2024-03-08T20:08:59.303+0000] {logging_mixin.py:188} INFO - 2024-03-08 20:08:59,303 INFO sqlalchemy.engine.Engine [generated in 0.21242s] ({'_id': '65eb5c01c3b3c69e5121ff16', 'id_transaksi': 1, 'tanggal_transaksi': '2024-03-09', 'id_pelanggan': 101, 'metode_pembayaran': 'Tunai', 'barang_jasa_dibeli': 'Produk A', 'status_pembayaran': 'Lunas', 'created_at': '2024-03-08 18:06:43', 'updated_at': '2024-03-08 18:06:43', 'execution_timestamp': 1709923321.276285}, {'_id': '65eb5c01c3b3c69e5121ff17', 'id_transaksi': 2, 'tanggal_transaksi': '2024-03-09', 'id_pelanggan': 102, 'metode_pembayaran': 'Kartu Kredit', 'barang_jasa_dibeli': 'Produk B', 'status_pembayaran': 'Belum Lunas', 'created_at': '2024-03-08 17:46:43', 'updated_at': '2024-03-08 17:46:43', 'execution_timestamp': 1709923321.276285}, {'_id': '65eb5c01c3b3c69e5121ff18', 'id_transaksi': 3, 'tanggal_transaksi': '2024-03-09', 'id_pelanggan': 103, 'metode_pembayaran': 'Transfer Bank', 'barang_jasa_dibeli': 'Produk C', 'status_pembayaran': 'Lunas', 'created_at': '2024-03-08 17:26:43', 'updated_at': '2024-03-08 17:26:43', 'execution_timestamp': 1709923321.276285}, {'_id': '65eb5c01c3b3c69e5121ff19', 'id_transaksi': 4, 'tanggal_transaksi': '2024-03-09', 'id_pelanggan': 104, 'metode_pembayaran': 'E-Wallet', 'barang_jasa_dibeli': 'Produk D', 'status_pembayaran': 'Belum Lunas', 'created_at': '2024-03-08 17:06:43', 'updated_at': '2024-03-08 17:06:43', 'execution_timestamp': 1709923321.276285}, {'_id': '65eb5c01c3b3c69e5121ff1a', 'id_transaksi': 5, 'tanggal_transaksi': '2024-03-09', 'id_pelanggan': 105, 'metode_pembayaran': 'Tunai', 'barang_jasa_dibeli': 'Produk E', 'status_pembayaran': 'Lunas', 'created_at': '2024-03-08 16:46:43', 'updated_at': '2024-03-08 16:46:43', 'execution_timestamp': 1709923321.276285}, {'_id': '65eb5c01c3b3c69e5121ff1b', 'id_transaksi': 6, 'tanggal_transaksi': '2024-03-09', 'id_pelanggan': 106, 'metode_pembayaran': 'Kartu Kredit', 'barang_jasa_dibeli': 'Produk F', 'status_pembayaran': 'Belum Lunas', 'created_at': '2024-03-08 16:26:43', 'updated_at': '2024-03-08 16:26:43', 'execution_timestamp': 1709923321.276285}, {'_id': '65eb5c01c3b3c69e5121ff1c', 'id_transaksi': 7, 'tanggal_transaksi': '2024-03-09', 'id_pelanggan': 107, 'metode_pembayaran': 'Transfer Bank', 'barang_jasa_dibeli': 'Produk G', 'status_pembayaran': 'Lunas', 'created_at': '2024-03-08 16:06:43', 'updated_at': '2024-03-08 16:06:43', 'execution_timestamp': 1709923321.276285}, {'_id': '65eb5c01c3b3c69e5121ff1d', 'id_transaksi': 8, 'tanggal_transaksi': '2024-03-09', 'id_pelanggan': 108, 'metode_pembayaran': 'E-Wallet', 'barang_jasa_dibeli': 'Produk H', 'status_pembayaran': 'Belum Lunas', 'created_at': '2024-03-08 15:46:43', 'updated_at': '2024-03-08 15:46:43', 'execution_timestamp': 1709923321.276285}  ... displaying 10 of 26 total bound parameter sets ...  {'_id': '65eb5c01c3b3c69e5121ff2e', 'id_transaksi': 18, 'tanggal_transaksi': '2024-03-09', 'id_pelanggan': 118, 'metode_pembayaran': 'Kartu Kredit', 'barang_jasa_dibeli': 'Produk R', 'status_pembayaran': 'Lunas', 'created_at': '2024-03-08 12:26:43', 'updated_at': '2024-03-08 13:12:29', 'execution_timestamp': 1709923321.276285}, {'_id': '65eb5c01c3b3c69e5121ff2f', 'id_transaksi': 20, 'tanggal_transaksi': '2024-03-09', 'id_pelanggan': 120, 'metode_pembayaran': 'E-Wallet', 'barang_jasa_dibeli': 'Produk T', 'status_pembayaran': 'Lunas', 'created_at': '2024-03-08 11:46:43', 'updated_at': '2024-03-08 12:32:29', 'execution_timestamp': 1709923321.276285})
[2024-03-08T20:08:59.303+0000] {base.py:1868} INFO - [generated in 0.21242s] ({'_id': '65eb5c01c3b3c69e5121ff16', 'id_transaksi': 1, 'tanggal_transaksi': '2024-03-09', 'id_pelanggan': 101, 'metode_pembayaran': 'Tunai', 'barang_jasa_dibeli': 'Produk A', 'status_pembayaran': 'Lunas', 'created_at': '2024-03-08 18:06:43', 'updated_at': '2024-03-08 18:06:43', 'execution_timestamp': 1709923321.276285}, {'_id': '65eb5c01c3b3c69e5121ff17', 'id_transaksi': 2, 'tanggal_transaksi': '2024-03-09', 'id_pelanggan': 102, 'metode_pembayaran': 'Kartu Kredit', 'barang_jasa_dibeli': 'Produk B', 'status_pembayaran': 'Belum Lunas', 'created_at': '2024-03-08 17:46:43', 'updated_at': '2024-03-08 17:46:43', 'execution_timestamp': 1709923321.276285}, {'_id': '65eb5c01c3b3c69e5121ff18', 'id_transaksi': 3, 'tanggal_transaksi': '2024-03-09', 'id_pelanggan': 103, 'metode_pembayaran': 'Transfer Bank', 'barang_jasa_dibeli': 'Produk C', 'status_pembayaran': 'Lunas', 'created_at': '2024-03-08 17:26:43', 'updated_at': '2024-03-08 17:26:43', 'execution_timestamp': 1709923321.276285}, {'_id': '65eb5c01c3b3c69e5121ff19', 'id_transaksi': 4, 'tanggal_transaksi': '2024-03-09', 'id_pelanggan': 104, 'metode_pembayaran': 'E-Wallet', 'barang_jasa_dibeli': 'Produk D', 'status_pembayaran': 'Belum Lunas', 'created_at': '2024-03-08 17:06:43', 'updated_at': '2024-03-08 17:06:43', 'execution_timestamp': 1709923321.276285}, {'_id': '65eb5c01c3b3c69e5121ff1a', 'id_transaksi': 5, 'tanggal_transaksi': '2024-03-09', 'id_pelanggan': 105, 'metode_pembayaran': 'Tunai', 'barang_jasa_dibeli': 'Produk E', 'status_pembayaran': 'Lunas', 'created_at': '2024-03-08 16:46:43', 'updated_at': '2024-03-08 16:46:43', 'execution_timestamp': 1709923321.276285}, {'_id': '65eb5c01c3b3c69e5121ff1b', 'id_transaksi': 6, 'tanggal_transaksi': '2024-03-09', 'id_pelanggan': 106, 'metode_pembayaran': 'Kartu Kredit', 'barang_jasa_dibeli': 'Produk F', 'status_pembayaran': 'Belum Lunas', 'created_at': '2024-03-08 16:26:43', 'updated_at': '2024-03-08 16:26:43', 'execution_timestamp': 1709923321.276285}, {'_id': '65eb5c01c3b3c69e5121ff1c', 'id_transaksi': 7, 'tanggal_transaksi': '2024-03-09', 'id_pelanggan': 107, 'metode_pembayaran': 'Transfer Bank', 'barang_jasa_dibeli': 'Produk G', 'status_pembayaran': 'Lunas', 'created_at': '2024-03-08 16:06:43', 'updated_at': '2024-03-08 16:06:43', 'execution_timestamp': 1709923321.276285}, {'_id': '65eb5c01c3b3c69e5121ff1d', 'id_transaksi': 8, 'tanggal_transaksi': '2024-03-09', 'id_pelanggan': 108, 'metode_pembayaran': 'E-Wallet', 'barang_jasa_dibeli': 'Produk H', 'status_pembayaran': 'Belum Lunas', 'created_at': '2024-03-08 15:46:43', 'updated_at': '2024-03-08 15:46:43', 'execution_timestamp': 1709923321.276285}  ... displaying 10 of 26 total bound parameter sets ...  {'_id': '65eb5c01c3b3c69e5121ff2e', 'id_transaksi': 18, 'tanggal_transaksi': '2024-03-09', 'id_pelanggan': 118, 'metode_pembayaran': 'Kartu Kredit', 'barang_jasa_dibeli': 'Produk R', 'status_pembayaran': 'Lunas', 'created_at': '2024-03-08 12:26:43', 'updated_at': '2024-03-08 13:12:29', 'execution_timestamp': 1709923321.276285}, {'_id': '65eb5c01c3b3c69e5121ff2f', 'id_transaksi': 20, 'tanggal_transaksi': '2024-03-09', 'id_pelanggan': 120, 'metode_pembayaran': 'E-Wallet', 'barang_jasa_dibeli': 'Produk T', 'status_pembayaran': 'Lunas', 'created_at': '2024-03-08 11:46:43', 'updated_at': '2024-03-08 12:32:29', 'execution_timestamp': 1709923321.276285})
[2024-03-08T20:08:59.540+0000] {logging_mixin.py:188} INFO - 2024-03-08 20:08:59,540 INFO sqlalchemy.engine.Engine COMMIT
[2024-03-08T20:08:59.540+0000] {base.py:1092} INFO - COMMIT
[2024-03-08T20:08:59.987+0000] {python.py:202} INFO - Done. Returned value was: None
[2024-03-08T20:08:59.995+0000] {taskinstance.py:1149} INFO - Marking task as SUCCESS. dag_id=mongodb_to_sql6, task_id=ingest_csv_to_mysql, execution_date=20240307T000000, start_date=20240308T200851, end_date=20240308T200859
[2024-03-08T20:09:00.044+0000] {local_task_job_runner.py:234} INFO - Task exited with return code 0
[2024-03-08T20:09:00.055+0000] {taskinstance.py:3309} INFO - 0 downstream tasks scheduled from follow-on schedule check
