[2024-03-16T13:00:01.615+0000] {taskinstance.py:1979} INFO - Dependencies all met for dep_context=non-requeueable deps ti=<TaskInstance: study_case_etl_cloud_storage.fetch_data_task scheduled__2024-03-16T12:00:00+00:00 [queued]>
[2024-03-16T13:00:01.625+0000] {taskinstance.py:1979} INFO - Dependencies all met for dep_context=requeueable deps ti=<TaskInstance: study_case_etl_cloud_storage.fetch_data_task scheduled__2024-03-16T12:00:00+00:00 [queued]>
[2024-03-16T13:00:01.625+0000] {taskinstance.py:2193} INFO - Starting attempt 1 of 2
[2024-03-16T13:00:01.639+0000] {taskinstance.py:2214} INFO - Executing <Task(PythonOperator): fetch_data_task> on 2024-03-16 12:00:00+00:00
[2024-03-16T13:00:01.645+0000] {standard_task_runner.py:60} INFO - Started process 5123 to run task
[2024-03-16T13:00:01.649+0000] {standard_task_runner.py:87} INFO - Running: ['***', 'tasks', 'run', 'study_case_etl_cloud_storage', 'fetch_data_task', 'scheduled__2024-03-16T12:00:00+00:00', '--job-id', '722', '--raw', '--subdir', 'DAGS_FOLDER/etl_day_bigquery/study_case_etl_cloud_storage.py', '--cfg-path', '/tmp/tmpphwlun7v']
[2024-03-16T13:00:01.651+0000] {standard_task_runner.py:88} INFO - Job 722: Subtask fetch_data_task
[2024-03-16T13:00:01.694+0000] {task_command.py:423} INFO - Running <TaskInstance: study_case_etl_cloud_storage.fetch_data_task scheduled__2024-03-16T12:00:00+00:00 [running]> on host 1d5b76b26ba5
[2024-03-16T13:00:01.766+0000] {taskinstance.py:2510} INFO - Exporting env vars: AIRFLOW_CTX_DAG_OWNER='Agus mahari' AIRFLOW_CTX_DAG_ID='study_case_etl_cloud_storage' AIRFLOW_CTX_TASK_ID='fetch_data_task' AIRFLOW_CTX_EXECUTION_DATE='2024-03-16T12:00:00+00:00' AIRFLOW_CTX_TRY_NUMBER='1' AIRFLOW_CTX_DAG_RUN_ID='scheduled__2024-03-16T12:00:00+00:00'
[2024-03-16T13:00:01.768+0000] {warnings.py:109} WARNING - /home/***/.local/lib/python3.8/site-packages/***/utils/context.py:315: AirflowContextDeprecationWarning: Accessing 'execution_date' from the template is deprecated and will be removed in a future version. Please use 'data_interval_start' or 'logical_date' instead.
  warnings.warn(_create_deprecation_warning(k, replacements))

[2024-03-16T13:00:04.448+0000] {logging_mixin.py:188} INFO - 2024-03-16 13:00:04,447 INFO sqlalchemy.engine.Engine SELECT DATABASE()
[2024-03-16T13:00:04.447+0000] {base.py:1863} INFO - SELECT DATABASE()
[2024-03-16T13:00:04.449+0000] {logging_mixin.py:188} INFO - 2024-03-16 13:00:04,449 INFO sqlalchemy.engine.Engine [raw sql] {}
[2024-03-16T13:00:04.449+0000] {base.py:1868} INFO - [raw sql] {}
[2024-03-16T13:00:05.340+0000] {logging_mixin.py:188} INFO - 2024-03-16 13:00:05,340 INFO sqlalchemy.engine.Engine SELECT @@sql_mode
[2024-03-16T13:00:05.340+0000] {base.py:1863} INFO - SELECT @@sql_mode
[2024-03-16T13:00:05.341+0000] {logging_mixin.py:188} INFO - 2024-03-16 13:00:05,341 INFO sqlalchemy.engine.Engine [raw sql] {}
[2024-03-16T13:00:05.341+0000] {base.py:1868} INFO - [raw sql] {}
[2024-03-16T13:00:05.801+0000] {logging_mixin.py:188} INFO - 2024-03-16 13:00:05,800 INFO sqlalchemy.engine.Engine SELECT @@lower_case_table_names
[2024-03-16T13:00:05.800+0000] {base.py:1863} INFO - SELECT @@lower_case_table_names
[2024-03-16T13:00:05.804+0000] {logging_mixin.py:188} INFO - 2024-03-16 13:00:05,804 INFO sqlalchemy.engine.Engine [raw sql] {}
[2024-03-16T13:00:05.804+0000] {base.py:1868} INFO - [raw sql] {}
[2024-03-16T13:00:06.505+0000] {logging_mixin.py:188} INFO - 2024-03-16 13:00:06,505 INFO sqlalchemy.engine.Engine 


  SELECT 
    *
FROM databasename.mytable
[2024-03-16T13:00:06.505+0000] {base.py:1863} INFO - 


  SELECT 
    *
FROM databasename.mytable
[2024-03-16T13:00:06.506+0000] {logging_mixin.py:188} INFO - 2024-03-16 13:00:06,506 INFO sqlalchemy.engine.Engine [raw sql] {}
[2024-03-16T13:00:06.506+0000] {base.py:1868} INFO - [raw sql] {}
[2024-03-16T13:00:06.964+0000] {python.py:202} INFO - Done. Returned value was: /opt/***/data/aplikasi_table_2024-03-16-12-00-00.parquet
[2024-03-16T13:00:06.987+0000] {taskinstance.py:1149} INFO - Marking task as SUCCESS. dag_id=study_case_etl_cloud_storage, task_id=fetch_data_task, execution_date=20240316T120000, start_date=20240316T130001, end_date=20240316T130006
[2024-03-16T13:00:07.035+0000] {local_task_job_runner.py:234} INFO - Task exited with return code 0
[2024-03-16T13:00:07.060+0000] {taskinstance.py:3309} INFO - 1 downstream tasks scheduled from follow-on schedule check
[2024-03-22T17:28:38.110+0000] {taskinstance.py:1979} INFO - Dependencies all met for dep_context=non-requeueable deps ti=<TaskInstance: study_case_etl_cloud_storage.fetch_data_task scheduled__2024-03-16T12:00:00+00:00 [queued]>
[2024-03-22T17:28:38.128+0000] {taskinstance.py:1979} INFO - Dependencies all met for dep_context=requeueable deps ti=<TaskInstance: study_case_etl_cloud_storage.fetch_data_task scheduled__2024-03-16T12:00:00+00:00 [queued]>
[2024-03-22T17:28:38.129+0000] {taskinstance.py:2193} INFO - Starting attempt 1 of 2
[2024-03-22T17:28:38.147+0000] {taskinstance.py:2214} INFO - Executing <Task(PythonOperator): fetch_data_task> on 2024-03-16 12:00:00+00:00
[2024-03-22T17:28:38.158+0000] {standard_task_runner.py:60} INFO - Started process 458 to run task
[2024-03-22T17:28:38.166+0000] {standard_task_runner.py:87} INFO - Running: ['***', 'tasks', 'run', 'study_case_etl_cloud_storage', 'fetch_data_task', 'scheduled__2024-03-16T12:00:00+00:00', '--job-id', '48', '--raw', '--subdir', 'DAGS_FOLDER/etl_day_bigquery/study_case_etl_cloud_storage.py', '--cfg-path', '/tmp/tmp6jgb9rfz']
[2024-03-22T17:28:38.171+0000] {standard_task_runner.py:88} INFO - Job 48: Subtask fetch_data_task
[2024-03-22T17:28:38.250+0000] {task_command.py:423} INFO - Running <TaskInstance: study_case_etl_cloud_storage.fetch_data_task scheduled__2024-03-16T12:00:00+00:00 [running]> on host eb8b31fafb1e
[2024-03-22T17:28:38.361+0000] {taskinstance.py:2510} INFO - Exporting env vars: AIRFLOW_CTX_DAG_OWNER='Agus mahari' AIRFLOW_CTX_DAG_ID='study_case_etl_cloud_storage' AIRFLOW_CTX_TASK_ID='fetch_data_task' AIRFLOW_CTX_EXECUTION_DATE='2024-03-16T12:00:00+00:00' AIRFLOW_CTX_TRY_NUMBER='1' AIRFLOW_CTX_DAG_RUN_ID='scheduled__2024-03-16T12:00:00+00:00'
[2024-03-22T17:28:41.652+0000] {logging_mixin.py:188} INFO - 2024-03-22 17:28:41,652 INFO sqlalchemy.engine.Engine SELECT DATABASE()
[2024-03-22T17:28:41.652+0000] {base.py:1863} INFO - SELECT DATABASE()
[2024-03-22T17:28:41.654+0000] {logging_mixin.py:188} INFO - 2024-03-22 17:28:41,654 INFO sqlalchemy.engine.Engine [raw sql] {}
[2024-03-22T17:28:41.654+0000] {base.py:1868} INFO - [raw sql] {}
[2024-03-22T17:28:42.535+0000] {logging_mixin.py:188} INFO - 2024-03-22 17:28:42,535 INFO sqlalchemy.engine.Engine SELECT @@sql_mode
[2024-03-22T17:28:42.535+0000] {base.py:1863} INFO - SELECT @@sql_mode
[2024-03-22T17:28:42.536+0000] {logging_mixin.py:188} INFO - 2024-03-22 17:28:42,536 INFO sqlalchemy.engine.Engine [raw sql] {}
[2024-03-22T17:28:42.536+0000] {base.py:1868} INFO - [raw sql] {}
[2024-03-22T17:28:42.987+0000] {logging_mixin.py:188} INFO - 2024-03-22 17:28:42,987 INFO sqlalchemy.engine.Engine SELECT @@lower_case_table_names
[2024-03-22T17:28:42.987+0000] {base.py:1863} INFO - SELECT @@lower_case_table_names
[2024-03-22T17:28:42.990+0000] {logging_mixin.py:188} INFO - 2024-03-22 17:28:42,990 INFO sqlalchemy.engine.Engine [raw sql] {}
[2024-03-22T17:28:42.990+0000] {base.py:1868} INFO - [raw sql] {}
[2024-03-22T17:28:43.655+0000] {logging_mixin.py:188} INFO - 2024-03-22 17:28:43,654 INFO sqlalchemy.engine.Engine 


  SELECT 
    *
FROM databasename.mytable
[2024-03-22T17:28:43.654+0000] {base.py:1863} INFO - 


  SELECT 
    *
FROM databasename.mytable
[2024-03-22T17:28:43.655+0000] {logging_mixin.py:188} INFO - 2024-03-22 17:28:43,655 INFO sqlalchemy.engine.Engine [raw sql] {}
[2024-03-22T17:28:43.655+0000] {base.py:1868} INFO - [raw sql] {}
[2024-03-22T17:28:44.243+0000] {logging_mixin.py:188} INFO - File already exists.
[2024-03-22T17:28:44.247+0000] {python.py:202} INFO - Done. Returned value was: /opt/***/data/aplikasi_table_['{ ds }.parquet']
[2024-03-22T17:28:44.281+0000] {taskinstance.py:1149} INFO - Marking task as SUCCESS. dag_id=study_case_etl_cloud_storage, task_id=fetch_data_task, execution_date=20240316T120000, start_date=20240322T172838, end_date=20240322T172844
[2024-03-22T17:28:44.352+0000] {local_task_job_runner.py:234} INFO - Task exited with return code 0
[2024-03-22T17:28:44.544+0000] {taskinstance.py:3309} INFO - 0 downstream tasks scheduled from follow-on schedule check
