[2024-03-22T17:58:33.941+0000] {taskinstance.py:1979} INFO - Dependencies all met for dep_context=non-requeueable deps ti=<TaskInstance: my_first_dag.bash_task_1 manual__2024-03-22T17:58:32.312185+00:00 [queued]>
[2024-03-22T17:58:33.950+0000] {taskinstance.py:1979} INFO - Dependencies all met for dep_context=requeueable deps ti=<TaskInstance: my_first_dag.bash_task_1 manual__2024-03-22T17:58:32.312185+00:00 [queued]>
[2024-03-22T17:58:33.951+0000] {taskinstance.py:2193} INFO - Starting attempt 1 of 11
[2024-03-22T17:58:33.966+0000] {taskinstance.py:2214} INFO - Executing <Task(BashOperator): bash_task_1> on 2024-03-22 17:58:32.312185+00:00
[2024-03-22T17:58:33.970+0000] {standard_task_runner.py:60} INFO - Started process 83 to run task
[2024-03-22T17:58:33.973+0000] {standard_task_runner.py:87} INFO - Running: ['***', 'tasks', 'run', 'my_first_dag', 'bash_task_1', 'manual__2024-03-22T17:58:32.312185+00:00', '--job-id', '241', '--raw', '--subdir', 'DAGS_FOLDER/running_dbt_core/running_dbt_core.py', '--cfg-path', '/tmp/tmpvk4r9_dw']
[2024-03-22T17:58:33.974+0000] {standard_task_runner.py:88} INFO - Job 241: Subtask bash_task_1
[2024-03-22T17:58:34.010+0000] {task_command.py:423} INFO - Running <TaskInstance: my_first_dag.bash_task_1 manual__2024-03-22T17:58:32.312185+00:00 [running]> on host 428086c4ef09
[2024-03-22T17:58:34.075+0000] {taskinstance.py:2510} INFO - Exporting env vars: AIRFLOW_CTX_DAG_OWNER='proton' AIRFLOW_CTX_DAG_ID='my_first_dag' AIRFLOW_CTX_TASK_ID='bash_task_1' AIRFLOW_CTX_EXECUTION_DATE='2024-03-22T17:58:32.312185+00:00' AIRFLOW_CTX_TRY_NUMBER='1' AIRFLOW_CTX_DAG_RUN_ID='manual__2024-03-22T17:58:32.312185+00:00'
[2024-03-22T17:58:34.076+0000] {subprocess.py:63} INFO - Tmp dir root location: /tmp
[2024-03-22T17:58:34.077+0000] {subprocess.py:75} INFO - Running command: ['/usr/bin/bash', '-c', 'cd /opt/***/dbt/credit_card_dwh && dbt deps ']
[2024-03-22T17:58:34.084+0000] {subprocess.py:86} INFO - Output:
[2024-03-22T17:58:36.619+0000] {subprocess.py:93} INFO - [0m17:58:36  Running with dbt=1.7.10
[2024-03-22T17:58:44.671+0000] {subprocess.py:93} INFO - [0m17:58:44  Installing dbt-labs/dbt_utils
[2024-03-22T17:58:45.481+0000] {subprocess.py:93} INFO - [0m17:58:45  Installed from version 0.8.0
[2024-03-22T17:58:45.483+0000] {subprocess.py:93} INFO - [0m17:58:45  Updated version available: 1.1.1
[2024-03-22T17:58:45.486+0000] {subprocess.py:93} INFO - [0m17:58:45  Installing calogica/dbt_expectations
[2024-03-22T17:58:48.753+0000] {subprocess.py:93} INFO - [0m17:58:48  Installed from version 0.8.5
[2024-03-22T17:58:48.755+0000] {subprocess.py:93} INFO - [0m17:58:48  Updated version available: 0.10.3
[2024-03-22T17:58:48.757+0000] {subprocess.py:93} INFO - [0m17:58:48  Installing calogica/dbt_date
[2024-03-22T17:58:49.397+0000] {subprocess.py:93} INFO - [0m17:58:49  Installed from version 0.7.2
[2024-03-22T17:58:49.398+0000] {subprocess.py:93} INFO - [0m17:58:49  Updated version available: 0.10.0
[2024-03-22T17:58:49.400+0000] {subprocess.py:93} INFO - [0m17:58:49
[2024-03-22T17:58:49.401+0000] {subprocess.py:93} INFO - [0m17:58:49  Updates available for packages: ['dbt-labs/dbt_utils', 'calogica/dbt_expectations', 'calogica/dbt_date']
[2024-03-22T17:58:49.403+0000] {subprocess.py:93} INFO - Update your versions in packages.yml, then run dbt deps
[2024-03-22T17:58:52.000+0000] {subprocess.py:97} INFO - Command exited with return code 0
[2024-03-22T17:58:52.019+0000] {taskinstance.py:1149} INFO - Marking task as SUCCESS. dag_id=my_first_dag, task_id=bash_task_1, execution_date=20240322T175832, start_date=20240322T175833, end_date=20240322T175852
[2024-03-22T17:58:52.071+0000] {local_task_job_runner.py:234} INFO - Task exited with return code 0
[2024-03-22T17:58:52.082+0000] {taskinstance.py:3309} INFO - 0 downstream tasks scheduled from follow-on schedule check
