[2024-03-30T16:16:56.644+0000] {taskinstance.py:1979} INFO - Dependencies all met for dep_context=non-requeueable deps ti=<TaskInstance: study_case_etl_all_pipeline.fetch_data_task_id manual__2024-03-30T16:16:55.056756+00:00 [queued]>
[2024-03-30T16:16:56.654+0000] {taskinstance.py:1979} INFO - Dependencies all met for dep_context=requeueable deps ti=<TaskInstance: study_case_etl_all_pipeline.fetch_data_task_id manual__2024-03-30T16:16:55.056756+00:00 [queued]>
[2024-03-30T16:16:56.655+0000] {taskinstance.py:2193} INFO - Starting attempt 1 of 2
[2024-03-30T16:16:56.667+0000] {taskinstance.py:2214} INFO - Executing <Task(PythonOperator): fetch_data_task_id> on 2024-03-30 16:16:55.056756+00:00
[2024-03-30T16:16:56.674+0000] {standard_task_runner.py:60} INFO - Started process 7100 to run task
[2024-03-30T16:16:56.677+0000] {standard_task_runner.py:87} INFO - Running: ['***', 'tasks', 'run', 'study_case_etl_all_pipeline', 'fetch_data_task_id', 'manual__2024-03-30T16:16:55.056756+00:00', '--job-id', '61', '--raw', '--subdir', 'DAGS_FOLDER/running_dbt_core/study_case_etl_all_pipeline.py', '--cfg-path', '/tmp/tmpb980crji']
[2024-03-30T16:16:56.681+0000] {standard_task_runner.py:88} INFO - Job 61: Subtask fetch_data_task_id
[2024-03-30T16:16:56.730+0000] {task_command.py:423} INFO - Running <TaskInstance: study_case_etl_all_pipeline.fetch_data_task_id manual__2024-03-30T16:16:55.056756+00:00 [running]> on host 8e1e687a7cdb
[2024-03-30T16:16:56.824+0000] {taskinstance.py:2510} INFO - Exporting env vars: AIRFLOW_CTX_DAG_OWNER='Agus mahari' AIRFLOW_CTX_DAG_ID='study_case_etl_all_pipeline' AIRFLOW_CTX_TASK_ID='fetch_data_task_id' AIRFLOW_CTX_EXECUTION_DATE='2024-03-30T16:16:55.056756+00:00' AIRFLOW_CTX_TRY_NUMBER='1' AIRFLOW_CTX_DAG_RUN_ID='manual__2024-03-30T16:16:55.056756+00:00'
[2024-03-30T16:17:00.681+0000] {logging_mixin.py:188} INFO - 2024-03-30 16:17:00,680 INFO sqlalchemy.engine.Engine SELECT DATABASE()
[2024-03-30T16:17:00.680+0000] {base.py:1863} INFO - SELECT DATABASE()
[2024-03-30T16:17:00.682+0000] {logging_mixin.py:188} INFO - 2024-03-30 16:17:00,681 INFO sqlalchemy.engine.Engine [raw sql] {}
[2024-03-30T16:17:00.681+0000] {base.py:1868} INFO - [raw sql] {}
[2024-03-30T16:17:01.665+0000] {logging_mixin.py:188} INFO - 2024-03-30 16:17:01,664 INFO sqlalchemy.engine.Engine SELECT @@sql_mode
[2024-03-30T16:17:01.664+0000] {base.py:1863} INFO - SELECT @@sql_mode
[2024-03-30T16:17:01.670+0000] {logging_mixin.py:188} INFO - 2024-03-30 16:17:01,669 INFO sqlalchemy.engine.Engine [raw sql] {}
[2024-03-30T16:17:01.669+0000] {base.py:1868} INFO - [raw sql] {}
[2024-03-30T16:17:02.136+0000] {logging_mixin.py:188} INFO - 2024-03-30 16:17:02,135 INFO sqlalchemy.engine.Engine SELECT @@lower_case_table_names
[2024-03-30T16:17:02.135+0000] {base.py:1863} INFO - SELECT @@lower_case_table_names
[2024-03-30T16:17:02.140+0000] {logging_mixin.py:188} INFO - 2024-03-30 16:17:02,139 INFO sqlalchemy.engine.Engine [raw sql] {}
[2024-03-30T16:17:02.139+0000] {base.py:1868} INFO - [raw sql] {}
[2024-03-30T16:17:02.845+0000] {logging_mixin.py:188} INFO - 2024-03-30 16:17:02,844 INFO sqlalchemy.engine.Engine 
  SELECT 
    *
FROM databasename.raw_credit_card
[2024-03-30T16:17:02.844+0000] {base.py:1863} INFO - 
  SELECT 
    *
FROM databasename.raw_credit_card
[2024-03-30T16:17:02.846+0000] {logging_mixin.py:188} INFO - 2024-03-30 16:17:02,846 INFO sqlalchemy.engine.Engine [raw sql] {}
[2024-03-30T16:17:02.846+0000] {base.py:1868} INFO - [raw sql] {}
[2024-03-30T16:17:22.894+0000] {logging_mixin.py:188} INFO - File already exists.
[2024-03-30T16:17:22.944+0000] {python.py:202} INFO - Done. Returned value was: /opt/***/data/fetch_data_task_id_2024-03-30.csv
[2024-03-30T16:17:22.962+0000] {taskinstance.py:1149} INFO - Marking task as SUCCESS. dag_id=study_case_etl_all_pipeline, task_id=fetch_data_task_id, execution_date=20240330T161655, start_date=20240330T161656, end_date=20240330T161722
[2024-03-30T16:17:22.983+0000] {local_task_job_runner.py:234} INFO - Task exited with return code 0
[2024-03-30T16:17:23.003+0000] {taskinstance.py:3309} INFO - 1 downstream tasks scheduled from follow-on schedule check
