[2024-03-16T19:23:57.788+0000] {taskinstance.py:1979} INFO - Dependencies all met for dep_context=non-requeueable deps ti=<TaskInstance: study_case_etl_cloud_storage_dua.fetch_data_task_id manual__2024-03-16T19:23:56.717821+00:00 [queued]>
[2024-03-16T19:23:57.796+0000] {taskinstance.py:1979} INFO - Dependencies all met for dep_context=requeueable deps ti=<TaskInstance: study_case_etl_cloud_storage_dua.fetch_data_task_id manual__2024-03-16T19:23:56.717821+00:00 [queued]>
[2024-03-16T19:23:57.797+0000] {taskinstance.py:2193} INFO - Starting attempt 1 of 2
[2024-03-16T19:23:57.808+0000] {taskinstance.py:2214} INFO - Executing <Task(PythonOperator): fetch_data_task_id> on 2024-03-16 19:23:56.717821+00:00
[2024-03-16T19:23:57.812+0000] {standard_task_runner.py:60} INFO - Started process 133 to run task
[2024-03-16T19:23:57.815+0000] {standard_task_runner.py:87} INFO - Running: ['***', 'tasks', 'run', 'study_case_etl_cloud_storage_dua', 'fetch_data_task_id', 'manual__2024-03-16T19:23:56.717821+00:00', '--job-id', '852', '--raw', '--subdir', 'DAGS_FOLDER/etl_day_bigquery/study_case_etl_cloud_storage_dua.py', '--cfg-path', '/tmp/tmphf44uz54']
[2024-03-16T19:23:57.817+0000] {standard_task_runner.py:88} INFO - Job 852: Subtask fetch_data_task_id
[2024-03-16T19:23:57.851+0000] {task_command.py:423} INFO - Running <TaskInstance: study_case_etl_cloud_storage_dua.fetch_data_task_id manual__2024-03-16T19:23:56.717821+00:00 [running]> on host 1d5b76b26ba5
[2024-03-16T19:23:57.920+0000] {taskinstance.py:2510} INFO - Exporting env vars: AIRFLOW_CTX_DAG_OWNER='Agus mahari' AIRFLOW_CTX_DAG_ID='study_case_etl_cloud_storage_dua' AIRFLOW_CTX_TASK_ID='fetch_data_task_id' AIRFLOW_CTX_EXECUTION_DATE='2024-03-16T19:23:56.717821+00:00' AIRFLOW_CTX_TRY_NUMBER='1' AIRFLOW_CTX_DAG_RUN_ID='manual__2024-03-16T19:23:56.717821+00:00'
[2024-03-16T19:24:00.698+0000] {logging_mixin.py:188} INFO - 2024-03-16 19:24:00,698 INFO sqlalchemy.engine.Engine SELECT DATABASE()
[2024-03-16T19:24:00.698+0000] {base.py:1863} INFO - SELECT DATABASE()
[2024-03-16T19:24:00.699+0000] {logging_mixin.py:188} INFO - 2024-03-16 19:24:00,699 INFO sqlalchemy.engine.Engine [raw sql] {}
[2024-03-16T19:24:00.699+0000] {base.py:1868} INFO - [raw sql] {}
[2024-03-16T19:24:01.599+0000] {logging_mixin.py:188} INFO - 2024-03-16 19:24:01,599 INFO sqlalchemy.engine.Engine SELECT @@sql_mode
[2024-03-16T19:24:01.599+0000] {base.py:1863} INFO - SELECT @@sql_mode
[2024-03-16T19:24:01.600+0000] {logging_mixin.py:188} INFO - 2024-03-16 19:24:01,600 INFO sqlalchemy.engine.Engine [raw sql] {}
[2024-03-16T19:24:01.600+0000] {base.py:1868} INFO - [raw sql] {}
[2024-03-16T19:24:02.051+0000] {logging_mixin.py:188} INFO - 2024-03-16 19:24:02,051 INFO sqlalchemy.engine.Engine SELECT @@lower_case_table_names
[2024-03-16T19:24:02.051+0000] {base.py:1863} INFO - SELECT @@lower_case_table_names
[2024-03-16T19:24:02.052+0000] {logging_mixin.py:188} INFO - 2024-03-16 19:24:02,052 INFO sqlalchemy.engine.Engine [raw sql] {}
[2024-03-16T19:24:02.052+0000] {base.py:1868} INFO - [raw sql] {}
[2024-03-16T19:24:02.736+0000] {logging_mixin.py:188} INFO - 2024-03-16 19:24:02,735 INFO sqlalchemy.engine.Engine 
  SELECT 
    *
FROM databasename.mytable
[2024-03-16T19:24:02.735+0000] {base.py:1863} INFO - 
  SELECT 
    *
FROM databasename.mytable
[2024-03-16T19:24:02.737+0000] {logging_mixin.py:188} INFO - 2024-03-16 19:24:02,737 INFO sqlalchemy.engine.Engine [raw sql] {}
[2024-03-16T19:24:02.737+0000] {base.py:1868} INFO - [raw sql] {}
[2024-03-16T19:24:03.192+0000] {python.py:202} INFO - Done. Returned value was: /opt/***/data/fetch_data_task_id_2024-03-16.csv
[2024-03-16T19:24:03.218+0000] {taskinstance.py:1149} INFO - Marking task as SUCCESS. dag_id=study_case_etl_cloud_storage_dua, task_id=fetch_data_task_id, execution_date=20240316T192356, start_date=20240316T192357, end_date=20240316T192403
[2024-03-16T19:24:03.277+0000] {local_task_job_runner.py:234} INFO - Task exited with return code 0
[2024-03-16T19:24:03.311+0000] {taskinstance.py:3309} INFO - 0 downstream tasks scheduled from follow-on schedule check
