[2024-03-13T14:18:49.267+0000] {taskinstance.py:1979} INFO - Dependencies all met for dep_context=non-requeueable deps ti=<TaskInstance: example_delapan_product.fetch_data_task manual__2024-03-13T14:18:47.763930+00:00 [queued]>
[2024-03-13T14:18:49.274+0000] {taskinstance.py:1979} INFO - Dependencies all met for dep_context=requeueable deps ti=<TaskInstance: example_delapan_product.fetch_data_task manual__2024-03-13T14:18:47.763930+00:00 [queued]>
[2024-03-13T14:18:49.274+0000] {taskinstance.py:2193} INFO - Starting attempt 1 of 2
[2024-03-13T14:18:49.286+0000] {taskinstance.py:2214} INFO - Executing <Task(PythonOperator): fetch_data_task> on 2024-03-13 14:18:47.763930+00:00
[2024-03-13T14:18:49.290+0000] {standard_task_runner.py:60} INFO - Started process 154 to run task
[2024-03-13T14:18:49.294+0000] {standard_task_runner.py:87} INFO - Running: ['***', 'tasks', 'run', 'example_delapan_product', 'fetch_data_task', 'manual__2024-03-13T14:18:47.763930+00:00', '--job-id', '141', '--raw', '--subdir', 'DAGS_FOLDER/other_ingestion_postgre/main_dag_sql_delapan_product.py', '--cfg-path', '/tmp/tmp21d_cqmh']
[2024-03-13T14:18:49.296+0000] {standard_task_runner.py:88} INFO - Job 141: Subtask fetch_data_task
[2024-03-13T14:18:49.330+0000] {task_command.py:423} INFO - Running <TaskInstance: example_delapan_product.fetch_data_task manual__2024-03-13T14:18:47.763930+00:00 [running]> on host 35f9a0b3ca47
[2024-03-13T14:18:49.392+0000] {taskinstance.py:2510} INFO - Exporting env vars: AIRFLOW_CTX_DAG_OWNER='***' AIRFLOW_CTX_DAG_ID='example_delapan_product' AIRFLOW_CTX_TASK_ID='fetch_data_task' AIRFLOW_CTX_EXECUTION_DATE='2024-03-13T14:18:47.763930+00:00' AIRFLOW_CTX_TRY_NUMBER='1' AIRFLOW_CTX_DAG_RUN_ID='manual__2024-03-13T14:18:47.763930+00:00'
[2024-03-13T14:18:49.394+0000] {warnings.py:109} WARNING - /home/***/.local/lib/python3.8/site-packages/***/utils/context.py:315: AirflowContextDeprecationWarning: Accessing 'execution_date' from the template is deprecated and will be removed in a future version. Please use 'data_interval_start' or 'logical_date' instead.
  warnings.warn(_create_deprecation_warning(k, replacements))

[2024-03-13T14:18:52.241+0000] {logging_mixin.py:188} INFO - 2024-03-13 14:18:52,241 INFO sqlalchemy.engine.Engine SELECT DATABASE()
[2024-03-13T14:18:52.241+0000] {base.py:1863} INFO - SELECT DATABASE()
[2024-03-13T14:18:52.243+0000] {logging_mixin.py:188} INFO - 2024-03-13 14:18:52,243 INFO sqlalchemy.engine.Engine [raw sql] {}
[2024-03-13T14:18:52.243+0000] {base.py:1868} INFO - [raw sql] {}
[2024-03-13T14:18:53.236+0000] {logging_mixin.py:188} INFO - 2024-03-13 14:18:53,236 INFO sqlalchemy.engine.Engine SELECT @@sql_mode
[2024-03-13T14:18:53.236+0000] {base.py:1863} INFO - SELECT @@sql_mode
[2024-03-13T14:18:53.237+0000] {logging_mixin.py:188} INFO - 2024-03-13 14:18:53,237 INFO sqlalchemy.engine.Engine [raw sql] {}
[2024-03-13T14:18:53.237+0000] {base.py:1868} INFO - [raw sql] {}
[2024-03-13T14:18:53.731+0000] {logging_mixin.py:188} INFO - 2024-03-13 14:18:53,731 INFO sqlalchemy.engine.Engine SELECT @@lower_case_table_names
[2024-03-13T14:18:53.731+0000] {base.py:1863} INFO - SELECT @@lower_case_table_names
[2024-03-13T14:18:53.732+0000] {logging_mixin.py:188} INFO - 2024-03-13 14:18:53,732 INFO sqlalchemy.engine.Engine [raw sql] {}
[2024-03-13T14:18:53.732+0000] {base.py:1868} INFO - [raw sql] {}
[2024-03-13T14:18:54.477+0000] {logging_mixin.py:188} INFO - 2024-03-13 14:18:54,477 INFO sqlalchemy.engine.Engine 

SELECT 
    *, 
    CONVERT_TZ(NOW(), 'UTC', '+07:00') as execution_at
FROM test.product
[2024-03-13T14:18:54.477+0000] {base.py:1863} INFO - 

SELECT 
    *, 
    CONVERT_TZ(NOW(), 'UTC', '+07:00') as execution_at
FROM test.product 
[2024-03-13T14:18:54.478+0000] {logging_mixin.py:188} INFO - 2024-03-13 14:18:54,478 INFO sqlalchemy.engine.Engine [raw sql] {}
[2024-03-13T14:18:54.478+0000] {base.py:1868} INFO - [raw sql] {}
[2024-03-13T14:18:54.988+0000] {python.py:202} INFO - Done. Returned value was: None
[2024-03-13T14:18:54.996+0000] {taskinstance.py:1149} INFO - Marking task as SUCCESS. dag_id=example_delapan_product, task_id=fetch_data_task, execution_date=20240313T141847, start_date=20240313T141849, end_date=20240313T141854
[2024-03-13T14:18:55.042+0000] {local_task_job_runner.py:234} INFO - Task exited with return code 0
[2024-03-13T14:18:55.062+0000] {taskinstance.py:3309} INFO - 1 downstream tasks scheduled from follow-on schedule check
