[2024-03-15T00:00:00.946+0000] {taskinstance.py:1979} INFO - Dependencies all met for dep_context=non-requeueable deps ti=<TaskInstance: etl_hourly_pintro_aplikasi.fetch_data_task scheduled__2024-03-14T23:00:00+00:00 [queued]>
[2024-03-15T00:00:00.953+0000] {taskinstance.py:1979} INFO - Dependencies all met for dep_context=requeueable deps ti=<TaskInstance: etl_hourly_pintro_aplikasi.fetch_data_task scheduled__2024-03-14T23:00:00+00:00 [queued]>
[2024-03-15T00:00:00.954+0000] {taskinstance.py:2193} INFO - Starting attempt 1 of 2
[2024-03-15T00:00:00.964+0000] {taskinstance.py:2214} INFO - Executing <Task(PythonOperator): fetch_data_task> on 2024-03-14 23:00:00+00:00
[2024-03-15T00:00:00.969+0000] {standard_task_runner.py:60} INFO - Started process 6604 to run task
[2024-03-15T00:00:00.972+0000] {standard_task_runner.py:87} INFO - Running: ['***', 'tasks', 'run', 'etl_hourly_pintro_aplikasi', 'fetch_data_task', 'scheduled__2024-03-14T23:00:00+00:00', '--job-id', '172', '--raw', '--subdir', 'DAGS_FOLDER/pintro_aplikasi_education/etl_hourly_pintro_aplikasi.py', '--cfg-path', '/tmp/tmpxvdqyn3m']
[2024-03-15T00:00:00.974+0000] {standard_task_runner.py:88} INFO - Job 172: Subtask fetch_data_task
[2024-03-15T00:00:01.010+0000] {task_command.py:423} INFO - Running <TaskInstance: etl_hourly_pintro_aplikasi.fetch_data_task scheduled__2024-03-14T23:00:00+00:00 [running]> on host f293363f8e27
[2024-03-15T00:00:01.073+0000] {taskinstance.py:2510} INFO - Exporting env vars: AIRFLOW_CTX_DAG_OWNER='Agus mahari' AIRFLOW_CTX_DAG_ID='etl_hourly_pintro_aplikasi' AIRFLOW_CTX_TASK_ID='fetch_data_task' AIRFLOW_CTX_EXECUTION_DATE='2024-03-14T23:00:00+00:00' AIRFLOW_CTX_TRY_NUMBER='1' AIRFLOW_CTX_DAG_RUN_ID='scheduled__2024-03-14T23:00:00+00:00'
[2024-03-15T00:00:01.074+0000] {warnings.py:109} WARNING - /home/***/.local/lib/python3.8/site-packages/***/utils/context.py:315: AirflowContextDeprecationWarning: Accessing 'execution_date' from the template is deprecated and will be removed in a future version. Please use 'data_interval_start' or 'logical_date' instead.
  warnings.warn(_create_deprecation_warning(k, replacements))

[2024-03-15T00:00:03.756+0000] {logging_mixin.py:188} INFO - 2024-03-15 00:00:03,756 INFO sqlalchemy.engine.Engine SELECT DATABASE()
[2024-03-15T00:00:03.756+0000] {base.py:1863} INFO - SELECT DATABASE()
[2024-03-15T00:00:03.760+0000] {logging_mixin.py:188} INFO - 2024-03-15 00:00:03,759 INFO sqlalchemy.engine.Engine [raw sql] {}
[2024-03-15T00:00:03.759+0000] {base.py:1868} INFO - [raw sql] {}
[2024-03-15T00:00:04.647+0000] {logging_mixin.py:188} INFO - 2024-03-15 00:00:04,647 INFO sqlalchemy.engine.Engine SELECT @@sql_mode
[2024-03-15T00:00:04.647+0000] {base.py:1863} INFO - SELECT @@sql_mode
[2024-03-15T00:00:04.650+0000] {logging_mixin.py:188} INFO - 2024-03-15 00:00:04,650 INFO sqlalchemy.engine.Engine [raw sql] {}
[2024-03-15T00:00:04.650+0000] {base.py:1868} INFO - [raw sql] {}
[2024-03-15T00:00:05.096+0000] {logging_mixin.py:188} INFO - 2024-03-15 00:00:05,096 INFO sqlalchemy.engine.Engine SELECT @@lower_case_table_names
[2024-03-15T00:00:05.096+0000] {base.py:1863} INFO - SELECT @@lower_case_table_names
[2024-03-15T00:00:05.098+0000] {logging_mixin.py:188} INFO - 2024-03-15 00:00:05,098 INFO sqlalchemy.engine.Engine [raw sql] {}
[2024-03-15T00:00:05.098+0000] {base.py:1868} INFO - [raw sql] {}
[2024-03-15T00:00:05.766+0000] {logging_mixin.py:188} INFO - 2024-03-15 00:00:05,766 INFO sqlalchemy.engine.Engine SELECT 
    id_transaksi, 
    tanggal_transaksi, 
    id_pelanggan, 
    metode_pembayaran, 
    barang_jasa_dibeli, 
    status_pembayaran, 
    created_at, 
    updated_at, 
    CONVERT_TZ(NOW(), 'UTC', '+07:00') as execution_at
FROM test.transaksi
WHERE updated_at BETWEEN CONVERT_TZ(NOW(), 'UTC', '+07:00') - INTERVAL 1 HOUR AND CONVERT_TZ(NOW(), 'UTC', '+07:00')
[2024-03-15T00:00:05.766+0000] {base.py:1863} INFO - SELECT 
    id_transaksi, 
    tanggal_transaksi, 
    id_pelanggan, 
    metode_pembayaran, 
    barang_jasa_dibeli, 
    status_pembayaran, 
    created_at, 
    updated_at, 
    CONVERT_TZ(NOW(), 'UTC', '+07:00') as execution_at
FROM test.transaksi
WHERE updated_at BETWEEN CONVERT_TZ(NOW(), 'UTC', '+07:00') - INTERVAL 1 HOUR AND CONVERT_TZ(NOW(), 'UTC', '+07:00')
[2024-03-15T00:00:05.770+0000] {logging_mixin.py:188} INFO - 2024-03-15 00:00:05,769 INFO sqlalchemy.engine.Engine [raw sql] {}
[2024-03-15T00:00:05.769+0000] {base.py:1868} INFO - [raw sql] {}
[2024-03-15T00:00:06.933+0000] {python.py:202} INFO - Done. Returned value was: None
[2024-03-15T00:00:06.943+0000] {taskinstance.py:1149} INFO - Marking task as SUCCESS. dag_id=etl_hourly_pintro_aplikasi, task_id=fetch_data_task, execution_date=20240314T230000, start_date=20240315T000000, end_date=20240315T000006
[2024-03-15T00:00:06.965+0000] {local_task_job_runner.py:234} INFO - Task exited with return code 0
[2024-03-15T00:00:06.985+0000] {taskinstance.py:3309} INFO - 1 downstream tasks scheduled from follow-on schedule check
