[2024-03-17T09:34:40.141+0000] {taskinstance.py:1979} INFO - Dependencies all met for dep_context=non-requeueable deps ti=<TaskInstance: study_case_etl_cloud_storage_tiga.fetch_data_aplikasi_transaksi_task_id manual__2024-03-17T09:34:37.605435+00:00 [queued]>
[2024-03-17T09:34:40.155+0000] {taskinstance.py:1979} INFO - Dependencies all met for dep_context=requeueable deps ti=<TaskInstance: study_case_etl_cloud_storage_tiga.fetch_data_aplikasi_transaksi_task_id manual__2024-03-17T09:34:37.605435+00:00 [queued]>
[2024-03-17T09:34:40.156+0000] {taskinstance.py:2193} INFO - Starting attempt 1 of 2
[2024-03-17T09:34:40.172+0000] {taskinstance.py:2214} INFO - Executing <Task(PythonOperator): fetch_data_aplikasi_transaksi_task_id> on 2024-03-17 09:34:37.605435+00:00
[2024-03-17T09:34:40.179+0000] {standard_task_runner.py:60} INFO - Started process 9478 to run task
[2024-03-17T09:34:40.182+0000] {standard_task_runner.py:87} INFO - Running: ['***', 'tasks', 'run', 'study_case_etl_cloud_storage_tiga', 'fetch_data_aplikasi_transaksi_task_id', 'manual__2024-03-17T09:34:37.605435+00:00', '--job-id', '1068', '--raw', '--subdir', 'DAGS_FOLDER/etl_day_bigquery/study_case_etl_cloud_bigquery.py', '--cfg-path', '/tmp/tmp6wqdmfml']
[2024-03-17T09:34:40.185+0000] {standard_task_runner.py:88} INFO - Job 1068: Subtask fetch_data_aplikasi_transaksi_task_id
[2024-03-17T09:34:40.244+0000] {task_command.py:423} INFO - Running <TaskInstance: study_case_etl_cloud_storage_tiga.fetch_data_aplikasi_transaksi_task_id manual__2024-03-17T09:34:37.605435+00:00 [running]> on host 1d5b76b26ba5
[2024-03-17T09:34:40.333+0000] {taskinstance.py:2510} INFO - Exporting env vars: AIRFLOW_CTX_DAG_OWNER='Agus mahari' AIRFLOW_CTX_DAG_ID='study_case_etl_cloud_storage_tiga' AIRFLOW_CTX_TASK_ID='fetch_data_aplikasi_transaksi_task_id' AIRFLOW_CTX_EXECUTION_DATE='2024-03-17T09:34:37.605435+00:00' AIRFLOW_CTX_TRY_NUMBER='1' AIRFLOW_CTX_DAG_RUN_ID='manual__2024-03-17T09:34:37.605435+00:00'
[2024-03-17T09:34:42.922+0000] {logging_mixin.py:188} INFO - 2024-03-17 09:34:42,922 INFO sqlalchemy.engine.Engine SELECT DATABASE()
[2024-03-17T09:34:42.922+0000] {base.py:1863} INFO - SELECT DATABASE()
[2024-03-17T09:34:42.927+0000] {logging_mixin.py:188} INFO - 2024-03-17 09:34:42,926 INFO sqlalchemy.engine.Engine [raw sql] {}
[2024-03-17T09:34:42.926+0000] {base.py:1868} INFO - [raw sql] {}
[2024-03-17T09:34:43.821+0000] {logging_mixin.py:188} INFO - 2024-03-17 09:34:43,821 INFO sqlalchemy.engine.Engine SELECT @@sql_mode
[2024-03-17T09:34:43.821+0000] {base.py:1863} INFO - SELECT @@sql_mode
[2024-03-17T09:34:43.822+0000] {logging_mixin.py:188} INFO - 2024-03-17 09:34:43,822 INFO sqlalchemy.engine.Engine [raw sql] {}
[2024-03-17T09:34:43.822+0000] {base.py:1868} INFO - [raw sql] {}
[2024-03-17T09:34:44.282+0000] {logging_mixin.py:188} INFO - 2024-03-17 09:34:44,282 INFO sqlalchemy.engine.Engine SELECT @@lower_case_table_names
[2024-03-17T09:34:44.282+0000] {base.py:1863} INFO - SELECT @@lower_case_table_names
[2024-03-17T09:34:44.285+0000] {logging_mixin.py:188} INFO - 2024-03-17 09:34:44,285 INFO sqlalchemy.engine.Engine [raw sql] {}
[2024-03-17T09:34:44.285+0000] {base.py:1868} INFO - [raw sql] {}
[2024-03-17T09:34:44.954+0000] {logging_mixin.py:188} INFO - 2024-03-17 09:34:44,954 INFO sqlalchemy.engine.Engine 


  SELECT 
    *
FROM databasename.transaksi
[2024-03-17T09:34:44.954+0000] {base.py:1863} INFO - 


  SELECT 
    *
FROM databasename.transaksi
[2024-03-17T09:34:44.955+0000] {logging_mixin.py:188} INFO - 2024-03-17 09:34:44,955 INFO sqlalchemy.engine.Engine [raw sql] {}
[2024-03-17T09:34:44.955+0000] {base.py:1868} INFO - [raw sql] {}
[2024-03-17T09:34:45.416+0000] {logging_mixin.py:188} INFO - File already exists.
[2024-03-17T09:34:45.418+0000] {python.py:202} INFO - Done. Returned value was: /opt/***/data/fetch_data_aplikasi_transaksi_task_id_2024-03-17.csv
[2024-03-17T09:34:45.435+0000] {taskinstance.py:1149} INFO - Marking task as SUCCESS. dag_id=study_case_etl_cloud_storage_tiga, task_id=fetch_data_aplikasi_transaksi_task_id, execution_date=20240317T093437, start_date=20240317T093440, end_date=20240317T093445
[2024-03-17T09:34:45.456+0000] {local_task_job_runner.py:234} INFO - Task exited with return code 0
[2024-03-17T09:34:45.543+0000] {taskinstance.py:3309} INFO - 0 downstream tasks scheduled from follow-on schedule check
