[2024-03-16T06:06:31.451+0000] {taskinstance.py:1979} INFO - Dependencies all met for dep_context=non-requeueable deps ti=<TaskInstance: study_case_etl_cloud_storage.fetch_data_task scheduled__2024-03-14T19:00:00+00:00 [queued]>
[2024-03-16T06:06:31.469+0000] {taskinstance.py:1979} INFO - Dependencies all met for dep_context=requeueable deps ti=<TaskInstance: study_case_etl_cloud_storage.fetch_data_task scheduled__2024-03-14T19:00:00+00:00 [queued]>
[2024-03-16T06:06:31.472+0000] {taskinstance.py:2193} INFO - Starting attempt 1 of 2
[2024-03-16T06:06:31.490+0000] {taskinstance.py:2214} INFO - Executing <Task(PythonOperator): fetch_data_task> on 2024-03-14 19:00:00+00:00
[2024-03-16T06:06:31.496+0000] {standard_task_runner.py:60} INFO - Started process 134 to run task
[2024-03-16T06:06:31.505+0000] {standard_task_runner.py:87} INFO - Running: ['***', 'tasks', 'run', 'study_case_etl_cloud_storage', 'fetch_data_task', 'scheduled__2024-03-14T19:00:00+00:00', '--job-id', '480', '--raw', '--subdir', 'DAGS_FOLDER/etl_day_bigquery/study_case_etl_cloud_storage.py', '--cfg-path', '/tmp/tmpzseackvk']
[2024-03-16T06:06:31.508+0000] {standard_task_runner.py:88} INFO - Job 480: Subtask fetch_data_task
[2024-03-16T06:06:31.628+0000] {task_command.py:423} INFO - Running <TaskInstance: study_case_etl_cloud_storage.fetch_data_task scheduled__2024-03-14T19:00:00+00:00 [running]> on host 72d5c878da28
[2024-03-16T06:06:31.806+0000] {taskinstance.py:2510} INFO - Exporting env vars: AIRFLOW_CTX_DAG_OWNER='Agus mahari' AIRFLOW_CTX_DAG_ID='study_case_etl_cloud_storage' AIRFLOW_CTX_TASK_ID='fetch_data_task' AIRFLOW_CTX_EXECUTION_DATE='2024-03-14T19:00:00+00:00' AIRFLOW_CTX_TRY_NUMBER='1' AIRFLOW_CTX_DAG_RUN_ID='scheduled__2024-03-14T19:00:00+00:00'
[2024-03-16T06:06:31.810+0000] {warnings.py:109} WARNING - /home/***/.local/lib/python3.8/site-packages/***/utils/context.py:315: AirflowContextDeprecationWarning: Accessing 'execution_date' from the template is deprecated and will be removed in a future version. Please use 'data_interval_start' or 'logical_date' instead.
  warnings.warn(_create_deprecation_warning(k, replacements))

[2024-03-16T06:06:34.555+0000] {logging_mixin.py:188} INFO - 2024-03-16 06:06:34,555 INFO sqlalchemy.engine.Engine SELECT DATABASE()
[2024-03-16T06:06:34.555+0000] {base.py:1863} INFO - SELECT DATABASE()
[2024-03-16T06:06:34.565+0000] {logging_mixin.py:188} INFO - 2024-03-16 06:06:34,557 INFO sqlalchemy.engine.Engine [raw sql] {}
[2024-03-16T06:06:34.557+0000] {base.py:1868} INFO - [raw sql] {}
[2024-03-16T06:06:35.513+0000] {logging_mixin.py:188} INFO - 2024-03-16 06:06:35,513 INFO sqlalchemy.engine.Engine SELECT @@sql_mode
[2024-03-16T06:06:35.513+0000] {base.py:1863} INFO - SELECT @@sql_mode
[2024-03-16T06:06:35.515+0000] {logging_mixin.py:188} INFO - 2024-03-16 06:06:35,515 INFO sqlalchemy.engine.Engine [raw sql] {}
[2024-03-16T06:06:35.515+0000] {base.py:1868} INFO - [raw sql] {}
[2024-03-16T06:06:35.989+0000] {logging_mixin.py:188} INFO - 2024-03-16 06:06:35,989 INFO sqlalchemy.engine.Engine SELECT @@lower_case_table_names
[2024-03-16T06:06:35.989+0000] {base.py:1863} INFO - SELECT @@lower_case_table_names
[2024-03-16T06:06:35.990+0000] {logging_mixin.py:188} INFO - 2024-03-16 06:06:35,990 INFO sqlalchemy.engine.Engine [raw sql] {}
[2024-03-16T06:06:35.990+0000] {base.py:1868} INFO - [raw sql] {}
[2024-03-16T06:06:36.676+0000] {logging_mixin.py:188} INFO - 2024-03-16 06:06:36,676 INFO sqlalchemy.engine.Engine 


   SELECT 
    *, 
    CONVERT_TZ(NOW(), 'UTC', '+07:00') as execution_at
FROM test.user
WHERE updated_at BETWEEN NOW() - INTERVAL 7 MINUTE AND NOW()
[2024-03-16T06:06:36.676+0000] {base.py:1863} INFO - 


   SELECT 
    *, 
    CONVERT_TZ(NOW(), 'UTC', '+07:00') as execution_at
FROM test.user
WHERE updated_at BETWEEN NOW() - INTERVAL 7 MINUTE AND NOW()
[2024-03-16T06:06:36.677+0000] {logging_mixin.py:188} INFO - 2024-03-16 06:06:36,677 INFO sqlalchemy.engine.Engine [raw sql] {}
[2024-03-16T06:06:36.677+0000] {base.py:1868} INFO - [raw sql] {}
[2024-03-16T06:06:37.127+0000] {python.py:202} INFO - Done. Returned value was: /opt/***/data/aplikasi_table_2024-03-14-19-00-00.parquet
[2024-03-16T06:06:37.145+0000] {taskinstance.py:1149} INFO - Marking task as SUCCESS. dag_id=study_case_etl_cloud_storage, task_id=fetch_data_task, execution_date=20240314T190000, start_date=20240316T060631, end_date=20240316T060637
[2024-03-16T06:06:37.186+0000] {local_task_job_runner.py:234} INFO - Task exited with return code 0
[2024-03-16T06:06:37.343+0000] {taskinstance.py:3309} INFO - 0 downstream tasks scheduled from follow-on schedule check
[2024-03-22T17:28:00.479+0000] {taskinstance.py:1979} INFO - Dependencies all met for dep_context=non-requeueable deps ti=<TaskInstance: study_case_etl_cloud_storage.fetch_data_task scheduled__2024-03-14T19:00:00+00:00 [queued]>
[2024-03-22T17:28:00.491+0000] {taskinstance.py:1979} INFO - Dependencies all met for dep_context=requeueable deps ti=<TaskInstance: study_case_etl_cloud_storage.fetch_data_task scheduled__2024-03-14T19:00:00+00:00 [queued]>
[2024-03-22T17:28:00.492+0000] {taskinstance.py:2193} INFO - Starting attempt 1 of 2
[2024-03-22T17:28:00.509+0000] {taskinstance.py:2214} INFO - Executing <Task(PythonOperator): fetch_data_task> on 2024-03-14 19:00:00+00:00
[2024-03-22T17:28:00.515+0000] {standard_task_runner.py:60} INFO - Started process 331 to run task
[2024-03-22T17:28:00.522+0000] {standard_task_runner.py:87} INFO - Running: ['***', 'tasks', 'run', 'study_case_etl_cloud_storage', 'fetch_data_task', 'scheduled__2024-03-14T19:00:00+00:00', '--job-id', '5', '--raw', '--subdir', 'DAGS_FOLDER/etl_day_bigquery/study_case_etl_cloud_storage.py', '--cfg-path', '/tmp/tmpyj9hye0t']
[2024-03-22T17:28:00.528+0000] {standard_task_runner.py:88} INFO - Job 5: Subtask fetch_data_task
[2024-03-22T17:28:00.693+0000] {task_command.py:423} INFO - Running <TaskInstance: study_case_etl_cloud_storage.fetch_data_task scheduled__2024-03-14T19:00:00+00:00 [running]> on host eb8b31fafb1e
[2024-03-22T17:28:01.033+0000] {taskinstance.py:2510} INFO - Exporting env vars: AIRFLOW_CTX_DAG_OWNER='Agus mahari' AIRFLOW_CTX_DAG_ID='study_case_etl_cloud_storage' AIRFLOW_CTX_TASK_ID='fetch_data_task' AIRFLOW_CTX_EXECUTION_DATE='2024-03-14T19:00:00+00:00' AIRFLOW_CTX_TRY_NUMBER='1' AIRFLOW_CTX_DAG_RUN_ID='scheduled__2024-03-14T19:00:00+00:00'
[2024-03-22T17:28:05.374+0000] {logging_mixin.py:188} INFO - 2024-03-22 17:28:05,374 INFO sqlalchemy.engine.Engine SELECT DATABASE()
[2024-03-22T17:28:05.374+0000] {base.py:1863} INFO - SELECT DATABASE()
[2024-03-22T17:28:05.375+0000] {logging_mixin.py:188} INFO - 2024-03-22 17:28:05,375 INFO sqlalchemy.engine.Engine [raw sql] {}
[2024-03-22T17:28:05.375+0000] {base.py:1868} INFO - [raw sql] {}
[2024-03-22T17:28:06.296+0000] {logging_mixin.py:188} INFO - 2024-03-22 17:28:06,296 INFO sqlalchemy.engine.Engine SELECT @@sql_mode
[2024-03-22T17:28:06.296+0000] {base.py:1863} INFO - SELECT @@sql_mode
[2024-03-22T17:28:06.299+0000] {logging_mixin.py:188} INFO - 2024-03-22 17:28:06,299 INFO sqlalchemy.engine.Engine [raw sql] {}
[2024-03-22T17:28:06.299+0000] {base.py:1868} INFO - [raw sql] {}
[2024-03-22T17:28:06.742+0000] {logging_mixin.py:188} INFO - 2024-03-22 17:28:06,741 INFO sqlalchemy.engine.Engine SELECT @@lower_case_table_names
[2024-03-22T17:28:06.741+0000] {base.py:1863} INFO - SELECT @@lower_case_table_names
[2024-03-22T17:28:06.744+0000] {logging_mixin.py:188} INFO - 2024-03-22 17:28:06,743 INFO sqlalchemy.engine.Engine [raw sql] {}
[2024-03-22T17:28:06.743+0000] {base.py:1868} INFO - [raw sql] {}
[2024-03-22T17:28:07.411+0000] {logging_mixin.py:188} INFO - 2024-03-22 17:28:07,411 INFO sqlalchemy.engine.Engine 


  SELECT 
    *
FROM databasename.mytable
[2024-03-22T17:28:07.411+0000] {base.py:1863} INFO - 


  SELECT 
    *
FROM databasename.mytable
[2024-03-22T17:28:07.412+0000] {logging_mixin.py:188} INFO - 2024-03-22 17:28:07,412 INFO sqlalchemy.engine.Engine [raw sql] {}
[2024-03-22T17:28:07.412+0000] {base.py:1868} INFO - [raw sql] {}
[2024-03-22T17:28:07.873+0000] {python.py:202} INFO - Done. Returned value was: /opt/***/data/aplikasi_table_['{ ds }.parquet']
[2024-03-22T17:28:07.904+0000] {taskinstance.py:1149} INFO - Marking task as SUCCESS. dag_id=study_case_etl_cloud_storage, task_id=fetch_data_task, execution_date=20240314T190000, start_date=20240322T172800, end_date=20240322T172807
[2024-03-22T17:28:07.953+0000] {local_task_job_runner.py:234} INFO - Task exited with return code 0
[2024-03-22T17:28:07.979+0000] {taskinstance.py:3309} INFO - 0 downstream tasks scheduled from follow-on schedule check
