[2024-03-11T19:16:29.891+0000] {taskinstance.py:1979} INFO - Dependencies all met for dep_context=non-requeueable deps ti=<TaskInstance: mongodb_to_sql8.retrieve_data_and_save_to_csv manual__2024-03-11T19:16:28.128089+00:00 [queued]>
[2024-03-11T19:16:29.902+0000] {taskinstance.py:1979} INFO - Dependencies all met for dep_context=requeueable deps ti=<TaskInstance: mongodb_to_sql8.retrieve_data_and_save_to_csv manual__2024-03-11T19:16:28.128089+00:00 [queued]>
[2024-03-11T19:16:29.902+0000] {taskinstance.py:2193} INFO - Starting attempt 1 of 2
[2024-03-11T19:16:29.917+0000] {taskinstance.py:2214} INFO - Executing <Task(PythonOperator): retrieve_data_and_save_to_csv> on 2024-03-11 19:16:28.128089+00:00
[2024-03-11T19:16:29.922+0000] {standard_task_runner.py:60} INFO - Started process 437 to run task
[2024-03-11T19:16:29.926+0000] {standard_task_runner.py:87} INFO - Running: ['***', 'tasks', 'run', 'mongodb_to_sql8', 'retrieve_data_and_save_to_csv', 'manual__2024-03-11T19:16:28.128089+00:00', '--job-id', '5', '--raw', '--subdir', 'DAGS_FOLDER/restrore_mongo/main_dag_sql_delapan.py', '--cfg-path', '/tmp/tmpqkbugx5j']
[2024-03-11T19:16:29.928+0000] {standard_task_runner.py:88} INFO - Job 5: Subtask retrieve_data_and_save_to_csv
[2024-03-11T19:16:29.976+0000] {task_command.py:423} INFO - Running <TaskInstance: mongodb_to_sql8.retrieve_data_and_save_to_csv manual__2024-03-11T19:16:28.128089+00:00 [running]> on host 31e68e31498e
[2024-03-11T19:16:30.053+0000] {taskinstance.py:2510} INFO - Exporting env vars: AIRFLOW_CTX_DAG_OWNER='***' AIRFLOW_CTX_DAG_ID='mongodb_to_sql8' AIRFLOW_CTX_TASK_ID='retrieve_data_and_save_to_csv' AIRFLOW_CTX_EXECUTION_DATE='2024-03-11T19:16:28.128089+00:00' AIRFLOW_CTX_TRY_NUMBER='1' AIRFLOW_CTX_DAG_RUN_ID='manual__2024-03-11T19:16:28.128089+00:00'
[2024-03-11T19:16:30.055+0000] {warnings.py:109} WARNING - /home/***/.local/lib/python3.8/site-packages/***/utils/context.py:315: AirflowContextDeprecationWarning: Accessing 'execution_date' from the template is deprecated and will be removed in a future version. Please use 'data_interval_start' or 'logical_date' instead.
  warnings.warn(_create_deprecation_warning(k, replacements))

[2024-03-11T19:16:30.783+0000] {taskinstance.py:2728} ERROR - Task failed with exception
Traceback (most recent call last):
  File "/home/airflow/.local/lib/python3.8/site-packages/airflow/models/taskinstance.py", line 444, in _execute_task
    result = _execute_callable(context=context, **execute_callable_kwargs)
  File "/home/airflow/.local/lib/python3.8/site-packages/airflow/models/taskinstance.py", line 414, in _execute_callable
    return execute_callable(context=context, **execute_callable_kwargs)
  File "/home/airflow/.local/lib/python3.8/site-packages/airflow/operators/python.py", line 200, in execute
    return_value = self.execute_callable()
  File "/home/airflow/.local/lib/python3.8/site-packages/airflow/operators/python.py", line 217, in execute_callable
    return self.python_callable(*self.op_args, **self.op_kwargs)
  File "/opt/airflow/dags/restrore_mongo/main_dag_sql_delapan.py", line 94, in retrieve_data_and_save_to_csv
    df_sorted = df.sort_values(by='created_at', ascending=True)
  File "/home/airflow/.local/lib/python3.8/site-packages/pandas/core/frame.py", line 6758, in sort_values
    k = self._get_label_or_level_values(by, axis=axis)
  File "/home/airflow/.local/lib/python3.8/site-packages/pandas/core/generic.py", line 1778, in _get_label_or_level_values
    raise KeyError(key)
KeyError: 'created_at'
[2024-03-11T19:16:30.796+0000] {taskinstance.py:1149} INFO - Marking task as UP_FOR_RETRY. dag_id=mongodb_to_sql8, task_id=retrieve_data_and_save_to_csv, execution_date=20240311T191628, start_date=20240311T191629, end_date=20240311T191630
[2024-03-11T19:16:30.808+0000] {standard_task_runner.py:107} ERROR - Failed to execute job 5 for task retrieve_data_and_save_to_csv ('created_at'; 437)
[2024-03-11T19:16:30.842+0000] {local_task_job_runner.py:234} INFO - Task exited with return code 1
[2024-03-11T19:16:30.865+0000] {taskinstance.py:3309} INFO - 0 downstream tasks scheduled from follow-on schedule check
