[2024-03-16T06:11:54.314+0000] {taskinstance.py:1979} INFO - Dependencies all met for dep_context=non-requeueable deps ti=<TaskInstance: study_case_etl_cloud_storage.fetch_data_task scheduled__2024-03-15T19:00:00+00:00 [queued]>
[2024-03-16T06:11:54.324+0000] {taskinstance.py:1979} INFO - Dependencies all met for dep_context=requeueable deps ti=<TaskInstance: study_case_etl_cloud_storage.fetch_data_task scheduled__2024-03-15T19:00:00+00:00 [queued]>
[2024-03-16T06:11:54.325+0000] {taskinstance.py:2193} INFO - Starting attempt 1 of 2
[2024-03-16T06:11:54.531+0000] {taskinstance.py:2214} INFO - Executing <Task(PythonOperator): fetch_data_task> on 2024-03-15 19:00:00+00:00
[2024-03-16T06:11:54.538+0000] {standard_task_runner.py:60} INFO - Started process 383 to run task
[2024-03-16T06:11:54.546+0000] {standard_task_runner.py:87} INFO - Running: ['***', 'tasks', 'run', 'study_case_etl_cloud_storage', 'fetch_data_task', 'scheduled__2024-03-15T19:00:00+00:00', '--job-id', '536', '--raw', '--subdir', 'DAGS_FOLDER/etl_day_bigquery/study_case_etl_cloud_storage.py', '--cfg-path', '/tmp/tmp6dhllu5v']
[2024-03-16T06:11:54.552+0000] {standard_task_runner.py:88} INFO - Job 536: Subtask fetch_data_task
[2024-03-16T06:11:54.646+0000] {task_command.py:423} INFO - Running <TaskInstance: study_case_etl_cloud_storage.fetch_data_task scheduled__2024-03-15T19:00:00+00:00 [running]> on host 72d5c878da28
[2024-03-16T06:11:54.813+0000] {taskinstance.py:2510} INFO - Exporting env vars: AIRFLOW_CTX_DAG_OWNER='Agus mahari' AIRFLOW_CTX_DAG_ID='study_case_etl_cloud_storage' AIRFLOW_CTX_TASK_ID='fetch_data_task' AIRFLOW_CTX_EXECUTION_DATE='2024-03-15T19:00:00+00:00' AIRFLOW_CTX_TRY_NUMBER='1' AIRFLOW_CTX_DAG_RUN_ID='scheduled__2024-03-15T19:00:00+00:00'
[2024-03-16T06:11:54.815+0000] {warnings.py:109} WARNING - /home/***/.local/lib/python3.8/site-packages/***/utils/context.py:315: AirflowContextDeprecationWarning: Accessing 'execution_date' from the template is deprecated and will be removed in a future version. Please use 'data_interval_start' or 'logical_date' instead.
  warnings.warn(_create_deprecation_warning(k, replacements))

[2024-03-16T06:11:57.389+0000] {logging_mixin.py:188} INFO - 2024-03-16 06:11:57,388 INFO sqlalchemy.engine.Engine SELECT DATABASE()
[2024-03-16T06:11:57.388+0000] {base.py:1863} INFO - SELECT DATABASE()
[2024-03-16T06:11:57.389+0000] {logging_mixin.py:188} INFO - 2024-03-16 06:11:57,389 INFO sqlalchemy.engine.Engine [raw sql] {}
[2024-03-16T06:11:57.389+0000] {base.py:1868} INFO - [raw sql] {}
[2024-03-16T06:11:58.276+0000] {logging_mixin.py:188} INFO - 2024-03-16 06:11:58,276 INFO sqlalchemy.engine.Engine SELECT @@sql_mode
[2024-03-16T06:11:58.276+0000] {base.py:1863} INFO - SELECT @@sql_mode
[2024-03-16T06:11:58.277+0000] {logging_mixin.py:188} INFO - 2024-03-16 06:11:58,277 INFO sqlalchemy.engine.Engine [raw sql] {}
[2024-03-16T06:11:58.277+0000] {base.py:1868} INFO - [raw sql] {}
[2024-03-16T06:11:58.776+0000] {logging_mixin.py:188} INFO - 2024-03-16 06:11:58,776 INFO sqlalchemy.engine.Engine SELECT @@lower_case_table_names
[2024-03-16T06:11:58.776+0000] {base.py:1863} INFO - SELECT @@lower_case_table_names
[2024-03-16T06:11:58.784+0000] {logging_mixin.py:188} INFO - 2024-03-16 06:11:58,783 INFO sqlalchemy.engine.Engine [raw sql] {}
[2024-03-16T06:11:58.783+0000] {base.py:1868} INFO - [raw sql] {}
[2024-03-16T06:11:59.459+0000] {logging_mixin.py:188} INFO - 2024-03-16 06:11:59,458 INFO sqlalchemy.engine.Engine 


   SELECT 
    *, 
    CONVERT_TZ(NOW(), 'UTC', '+07:00') as execution_at
FROM test.user
WHERE updated_at BETWEEN NOW() - INTERVAL 7 MINUTE AND NOW()
[2024-03-16T06:11:59.458+0000] {base.py:1863} INFO - 


   SELECT 
    *, 
    CONVERT_TZ(NOW(), 'UTC', '+07:00') as execution_at
FROM test.user
WHERE updated_at BETWEEN NOW() - INTERVAL 7 MINUTE AND NOW()
[2024-03-16T06:11:59.464+0000] {logging_mixin.py:188} INFO - 2024-03-16 06:11:59,464 INFO sqlalchemy.engine.Engine [raw sql] {}
[2024-03-16T06:11:59.464+0000] {base.py:1868} INFO - [raw sql] {}
[2024-03-16T06:11:59.935+0000] {python.py:202} INFO - Done. Returned value was: /opt/***/data/aplikasi_table_2024-03-15-19-00-00.parquet
[2024-03-16T06:12:00.020+0000] {taskinstance.py:1149} INFO - Marking task as SUCCESS. dag_id=study_case_etl_cloud_storage, task_id=fetch_data_task, execution_date=20240315T190000, start_date=20240316T061154, end_date=20240316T061200
[2024-03-16T06:12:00.095+0000] {local_task_job_runner.py:234} INFO - Task exited with return code 0
[2024-03-16T06:12:00.150+0000] {taskinstance.py:3309} INFO - 1 downstream tasks scheduled from follow-on schedule check
[2024-03-22T17:28:22.917+0000] {taskinstance.py:1979} INFO - Dependencies all met for dep_context=non-requeueable deps ti=<TaskInstance: study_case_etl_cloud_storage.fetch_data_task scheduled__2024-03-15T19:00:00+00:00 [queued]>
[2024-03-22T17:28:22.934+0000] {taskinstance.py:1979} INFO - Dependencies all met for dep_context=requeueable deps ti=<TaskInstance: study_case_etl_cloud_storage.fetch_data_task scheduled__2024-03-15T19:00:00+00:00 [queued]>
[2024-03-22T17:28:22.935+0000] {taskinstance.py:2193} INFO - Starting attempt 1 of 2
[2024-03-22T17:28:22.958+0000] {taskinstance.py:2214} INFO - Executing <Task(PythonOperator): fetch_data_task> on 2024-03-15 19:00:00+00:00
[2024-03-22T17:28:22.971+0000] {standard_task_runner.py:60} INFO - Started process 400 to run task
[2024-03-22T17:28:22.978+0000] {standard_task_runner.py:87} INFO - Running: ['***', 'tasks', 'run', 'study_case_etl_cloud_storage', 'fetch_data_task', 'scheduled__2024-03-15T19:00:00+00:00', '--job-id', '31', '--raw', '--subdir', 'DAGS_FOLDER/etl_day_bigquery/study_case_etl_cloud_storage.py', '--cfg-path', '/tmp/tmpo70ycn4n']
[2024-03-22T17:28:22.990+0000] {standard_task_runner.py:88} INFO - Job 31: Subtask fetch_data_task
[2024-03-22T17:28:23.073+0000] {task_command.py:423} INFO - Running <TaskInstance: study_case_etl_cloud_storage.fetch_data_task scheduled__2024-03-15T19:00:00+00:00 [running]> on host eb8b31fafb1e
[2024-03-22T17:28:23.248+0000] {taskinstance.py:2510} INFO - Exporting env vars: AIRFLOW_CTX_DAG_OWNER='Agus mahari' AIRFLOW_CTX_DAG_ID='study_case_etl_cloud_storage' AIRFLOW_CTX_TASK_ID='fetch_data_task' AIRFLOW_CTX_EXECUTION_DATE='2024-03-15T19:00:00+00:00' AIRFLOW_CTX_TRY_NUMBER='1' AIRFLOW_CTX_DAG_RUN_ID='scheduled__2024-03-15T19:00:00+00:00'
[2024-03-22T17:28:25.866+0000] {logging_mixin.py:188} INFO - 2024-03-22 17:28:25,866 INFO sqlalchemy.engine.Engine SELECT DATABASE()
[2024-03-22T17:28:25.866+0000] {base.py:1863} INFO - SELECT DATABASE()
[2024-03-22T17:28:25.867+0000] {logging_mixin.py:188} INFO - 2024-03-22 17:28:25,867 INFO sqlalchemy.engine.Engine [raw sql] {}
[2024-03-22T17:28:25.867+0000] {base.py:1868} INFO - [raw sql] {}
[2024-03-22T17:28:26.777+0000] {logging_mixin.py:188} INFO - 2024-03-22 17:28:26,777 INFO sqlalchemy.engine.Engine SELECT @@sql_mode
[2024-03-22T17:28:26.777+0000] {base.py:1863} INFO - SELECT @@sql_mode
[2024-03-22T17:28:26.779+0000] {logging_mixin.py:188} INFO - 2024-03-22 17:28:26,779 INFO sqlalchemy.engine.Engine [raw sql] {}
[2024-03-22T17:28:26.779+0000] {base.py:1868} INFO - [raw sql] {}
[2024-03-22T17:28:27.225+0000] {logging_mixin.py:188} INFO - 2024-03-22 17:28:27,225 INFO sqlalchemy.engine.Engine SELECT @@lower_case_table_names
[2024-03-22T17:28:27.225+0000] {base.py:1863} INFO - SELECT @@lower_case_table_names
[2024-03-22T17:28:27.229+0000] {logging_mixin.py:188} INFO - 2024-03-22 17:28:27,228 INFO sqlalchemy.engine.Engine [raw sql] {}
[2024-03-22T17:28:27.228+0000] {base.py:1868} INFO - [raw sql] {}
[2024-03-22T17:28:27.898+0000] {logging_mixin.py:188} INFO - 2024-03-22 17:28:27,897 INFO sqlalchemy.engine.Engine 


  SELECT 
    *
FROM databasename.mytable
[2024-03-22T17:28:27.897+0000] {base.py:1863} INFO - 


  SELECT 
    *
FROM databasename.mytable
[2024-03-22T17:28:27.900+0000] {logging_mixin.py:188} INFO - 2024-03-22 17:28:27,900 INFO sqlalchemy.engine.Engine [raw sql] {}
[2024-03-22T17:28:27.900+0000] {base.py:1868} INFO - [raw sql] {}
[2024-03-22T17:28:28.345+0000] {logging_mixin.py:188} INFO - File already exists.
[2024-03-22T17:28:28.348+0000] {python.py:202} INFO - Done. Returned value was: /opt/***/data/aplikasi_table_['{ ds }.parquet']
[2024-03-22T17:28:28.373+0000] {taskinstance.py:1149} INFO - Marking task as SUCCESS. dag_id=study_case_etl_cloud_storage, task_id=fetch_data_task, execution_date=20240315T190000, start_date=20240322T172822, end_date=20240322T172828
[2024-03-22T17:28:28.420+0000] {local_task_job_runner.py:234} INFO - Task exited with return code 0
[2024-03-22T17:28:28.437+0000] {taskinstance.py:3309} INFO - 0 downstream tasks scheduled from follow-on schedule check
