[2024-03-17T06:53:04.959+0000] {taskinstance.py:1979} INFO - Dependencies all met for dep_context=non-requeueable deps ti=<TaskInstance: study_case_etl_cloud_storage_tiga.fetch_data_aplikasi_mydb_task_id scheduled__2024-03-14T17:00:00+00:00 [queued]>
[2024-03-17T06:53:04.982+0000] {taskinstance.py:1979} INFO - Dependencies all met for dep_context=requeueable deps ti=<TaskInstance: study_case_etl_cloud_storage_tiga.fetch_data_aplikasi_mydb_task_id scheduled__2024-03-14T17:00:00+00:00 [queued]>
[2024-03-17T06:53:04.984+0000] {taskinstance.py:2193} INFO - Starting attempt 1 of 2
[2024-03-17T06:53:05.006+0000] {taskinstance.py:2214} INFO - Executing <Task(PythonOperator): fetch_data_aplikasi_mydb_task_id> on 2024-03-14 17:00:00+00:00
[2024-03-17T06:53:05.017+0000] {standard_task_runner.py:60} INFO - Started process 6606 to run task
[2024-03-17T06:53:05.031+0000] {standard_task_runner.py:87} INFO - Running: ['***', 'tasks', 'run', 'study_case_etl_cloud_storage_tiga', 'fetch_data_aplikasi_mydb_task_id', 'scheduled__2024-03-14T17:00:00+00:00', '--job-id', '942', '--raw', '--subdir', 'DAGS_FOLDER/etl_day_bigquery/study_case_etl_cloud_bigquery.py', '--cfg-path', '/tmp/tmp88836fyd']
[2024-03-17T06:53:05.036+0000] {standard_task_runner.py:88} INFO - Job 942: Subtask fetch_data_aplikasi_mydb_task_id
[2024-03-17T06:53:05.120+0000] {task_command.py:423} INFO - Running <TaskInstance: study_case_etl_cloud_storage_tiga.fetch_data_aplikasi_mydb_task_id scheduled__2024-03-14T17:00:00+00:00 [running]> on host 1d5b76b26ba5
[2024-03-17T06:53:05.229+0000] {taskinstance.py:2510} INFO - Exporting env vars: AIRFLOW_CTX_DAG_OWNER='Agus mahari' AIRFLOW_CTX_DAG_ID='study_case_etl_cloud_storage_tiga' AIRFLOW_CTX_TASK_ID='fetch_data_aplikasi_mydb_task_id' AIRFLOW_CTX_EXECUTION_DATE='2024-03-14T17:00:00+00:00' AIRFLOW_CTX_TRY_NUMBER='1' AIRFLOW_CTX_DAG_RUN_ID='scheduled__2024-03-14T17:00:00+00:00'
[2024-03-17T06:53:07.850+0000] {logging_mixin.py:188} INFO - 2024-03-17 06:53:07,850 INFO sqlalchemy.engine.Engine SELECT DATABASE()
[2024-03-17T06:53:07.850+0000] {base.py:1863} INFO - SELECT DATABASE()
[2024-03-17T06:53:07.851+0000] {logging_mixin.py:188} INFO - 2024-03-17 06:53:07,851 INFO sqlalchemy.engine.Engine [raw sql] {}
[2024-03-17T06:53:07.851+0000] {base.py:1868} INFO - [raw sql] {}
[2024-03-17T06:53:08.730+0000] {logging_mixin.py:188} INFO - 2024-03-17 06:53:08,730 INFO sqlalchemy.engine.Engine SELECT @@sql_mode
[2024-03-17T06:53:08.730+0000] {base.py:1863} INFO - SELECT @@sql_mode
[2024-03-17T06:53:08.731+0000] {logging_mixin.py:188} INFO - 2024-03-17 06:53:08,731 INFO sqlalchemy.engine.Engine [raw sql] {}
[2024-03-17T06:53:08.731+0000] {base.py:1868} INFO - [raw sql] {}
[2024-03-17T06:53:09.179+0000] {logging_mixin.py:188} INFO - 2024-03-17 06:53:09,179 INFO sqlalchemy.engine.Engine SELECT @@lower_case_table_names
[2024-03-17T06:53:09.179+0000] {base.py:1863} INFO - SELECT @@lower_case_table_names
[2024-03-17T06:53:09.180+0000] {logging_mixin.py:188} INFO - 2024-03-17 06:53:09,180 INFO sqlalchemy.engine.Engine [raw sql] {}
[2024-03-17T06:53:09.180+0000] {base.py:1868} INFO - [raw sql] {}
[2024-03-17T06:53:09.853+0000] {logging_mixin.py:188} INFO - 2024-03-17 06:53:09,853 INFO sqlalchemy.engine.Engine 
  SELECT 
    *
FROM databasename.mytable
[2024-03-17T06:53:09.853+0000] {base.py:1863} INFO - 
  SELECT 
    *
FROM databasename.mytable
[2024-03-17T06:53:09.854+0000] {logging_mixin.py:188} INFO - 2024-03-17 06:53:09,854 INFO sqlalchemy.engine.Engine [raw sql] {}
[2024-03-17T06:53:09.854+0000] {base.py:1868} INFO - [raw sql] {}
[2024-03-17T06:53:10.304+0000] {python.py:202} INFO - Done. Returned value was: /opt/***/data/fetch_data_aplikasi_mydb_task_id_2024-03-14.csv
[2024-03-17T06:53:10.331+0000] {taskinstance.py:1149} INFO - Marking task as SUCCESS. dag_id=study_case_etl_cloud_storage_tiga, task_id=fetch_data_aplikasi_mydb_task_id, execution_date=20240314T170000, start_date=20240317T065304, end_date=20240317T065310
[2024-03-17T06:53:10.376+0000] {local_task_job_runner.py:234} INFO - Task exited with return code 0
[2024-03-17T06:53:10.406+0000] {taskinstance.py:3309} INFO - 1 downstream tasks scheduled from follow-on schedule check
