[2024-03-30T15:59:31.609+0000] {taskinstance.py:1979} INFO - Dependencies all met for dep_context=non-requeueable deps ti=<TaskInstance: study_case_etl_all_pipeline.fetch_data_task_id manual__2024-03-30T15:59:29.833367+00:00 [queued]>
[2024-03-30T15:59:31.620+0000] {taskinstance.py:1979} INFO - Dependencies all met for dep_context=requeueable deps ti=<TaskInstance: study_case_etl_all_pipeline.fetch_data_task_id manual__2024-03-30T15:59:29.833367+00:00 [queued]>
[2024-03-30T15:59:31.621+0000] {taskinstance.py:2193} INFO - Starting attempt 1 of 2
[2024-03-30T15:59:31.634+0000] {taskinstance.py:2214} INFO - Executing <Task(PythonOperator): fetch_data_task_id> on 2024-03-30 15:59:29.833367+00:00
[2024-03-30T15:59:31.640+0000] {standard_task_runner.py:60} INFO - Started process 6645 to run task
[2024-03-30T15:59:31.644+0000] {standard_task_runner.py:87} INFO - Running: ['***', 'tasks', 'run', 'study_case_etl_all_pipeline', 'fetch_data_task_id', 'manual__2024-03-30T15:59:29.833367+00:00', '--job-id', '30', '--raw', '--subdir', 'DAGS_FOLDER/running_dbt_core/study_case_etl_all_pipeline.py', '--cfg-path', '/tmp/tmp1zdwjm3n']
[2024-03-30T15:59:31.649+0000] {standard_task_runner.py:88} INFO - Job 30: Subtask fetch_data_task_id
[2024-03-30T15:59:31.701+0000] {task_command.py:423} INFO - Running <TaskInstance: study_case_etl_all_pipeline.fetch_data_task_id manual__2024-03-30T15:59:29.833367+00:00 [running]> on host 8e1e687a7cdb
[2024-03-30T15:59:31.776+0000] {taskinstance.py:2510} INFO - Exporting env vars: AIRFLOW_CTX_DAG_OWNER='Agus mahari' AIRFLOW_CTX_DAG_ID='study_case_etl_all_pipeline' AIRFLOW_CTX_TASK_ID='fetch_data_task_id' AIRFLOW_CTX_EXECUTION_DATE='2024-03-30T15:59:29.833367+00:00' AIRFLOW_CTX_TRY_NUMBER='1' AIRFLOW_CTX_DAG_RUN_ID='manual__2024-03-30T15:59:29.833367+00:00'
[2024-03-30T15:59:34.390+0000] {logging_mixin.py:188} INFO - 2024-03-30 15:59:34,390 INFO sqlalchemy.engine.Engine SELECT DATABASE()
[2024-03-30T15:59:34.390+0000] {base.py:1863} INFO - SELECT DATABASE()
[2024-03-30T15:59:34.393+0000] {logging_mixin.py:188} INFO - 2024-03-30 15:59:34,393 INFO sqlalchemy.engine.Engine [raw sql] {}
[2024-03-30T15:59:34.393+0000] {base.py:1868} INFO - [raw sql] {}
[2024-03-30T15:59:35.284+0000] {logging_mixin.py:188} INFO - 2024-03-30 15:59:35,284 INFO sqlalchemy.engine.Engine SELECT @@sql_mode
[2024-03-30T15:59:35.284+0000] {base.py:1863} INFO - SELECT @@sql_mode
[2024-03-30T15:59:35.287+0000] {logging_mixin.py:188} INFO - 2024-03-30 15:59:35,287 INFO sqlalchemy.engine.Engine [raw sql] {}
[2024-03-30T15:59:35.287+0000] {base.py:1868} INFO - [raw sql] {}
[2024-03-30T15:59:35.761+0000] {logging_mixin.py:188} INFO - 2024-03-30 15:59:35,760 INFO sqlalchemy.engine.Engine SELECT @@lower_case_table_names
[2024-03-30T15:59:35.760+0000] {base.py:1863} INFO - SELECT @@lower_case_table_names
[2024-03-30T15:59:35.765+0000] {logging_mixin.py:188} INFO - 2024-03-30 15:59:35,764 INFO sqlalchemy.engine.Engine [raw sql] {}
[2024-03-30T15:59:35.764+0000] {base.py:1868} INFO - [raw sql] {}
[2024-03-30T15:59:36.456+0000] {logging_mixin.py:188} INFO - 2024-03-30 15:59:36,456 INFO sqlalchemy.engine.Engine 
  SELECT 
    *
FROM databasename.raw_credit_card
[2024-03-30T15:59:36.456+0000] {base.py:1863} INFO - 
  SELECT 
    *
FROM databasename.raw_credit_card
[2024-03-30T15:59:36.460+0000] {logging_mixin.py:188} INFO - 2024-03-30 15:59:36,459 INFO sqlalchemy.engine.Engine [raw sql] {}
[2024-03-30T15:59:36.459+0000] {base.py:1868} INFO - [raw sql] {}
[2024-03-30T15:59:57.215+0000] {python.py:202} INFO - Done. Returned value was: /opt/***/data/fetch_data_task_id_2024-03-30.csv
[2024-03-30T15:59:57.244+0000] {taskinstance.py:1149} INFO - Marking task as SUCCESS. dag_id=study_case_etl_all_pipeline, task_id=fetch_data_task_id, execution_date=20240330T155929, start_date=20240330T155931, end_date=20240330T155957
[2024-03-30T15:59:57.309+0000] {local_task_job_runner.py:234} INFO - Task exited with return code 0
[2024-03-30T15:59:57.330+0000] {taskinstance.py:3309} INFO - 1 downstream tasks scheduled from follow-on schedule check
