[2024-03-16T06:11:55.498+0000] {taskinstance.py:1979} INFO - Dependencies all met for dep_context=non-requeueable deps ti=<TaskInstance: study_case_etl_cloud_storage.fetch_data_task scheduled__2024-03-15T23:00:00+00:00 [queued]>
[2024-03-16T06:11:55.508+0000] {taskinstance.py:1979} INFO - Dependencies all met for dep_context=requeueable deps ti=<TaskInstance: study_case_etl_cloud_storage.fetch_data_task scheduled__2024-03-15T23:00:00+00:00 [queued]>
[2024-03-16T06:11:55.508+0000] {taskinstance.py:2193} INFO - Starting attempt 1 of 2
[2024-03-16T06:11:55.518+0000] {taskinstance.py:2214} INFO - Executing <Task(PythonOperator): fetch_data_task> on 2024-03-15 23:00:00+00:00
[2024-03-16T06:11:55.523+0000] {standard_task_runner.py:60} INFO - Started process 391 to run task
[2024-03-16T06:11:55.527+0000] {standard_task_runner.py:87} INFO - Running: ['***', 'tasks', 'run', 'study_case_etl_cloud_storage', 'fetch_data_task', 'scheduled__2024-03-15T23:00:00+00:00', '--job-id', '540', '--raw', '--subdir', 'DAGS_FOLDER/etl_day_bigquery/study_case_etl_cloud_storage.py', '--cfg-path', '/tmp/tmp44o0myod']
[2024-03-16T06:11:55.532+0000] {standard_task_runner.py:88} INFO - Job 540: Subtask fetch_data_task
[2024-03-16T06:11:55.593+0000] {task_command.py:423} INFO - Running <TaskInstance: study_case_etl_cloud_storage.fetch_data_task scheduled__2024-03-15T23:00:00+00:00 [running]> on host 72d5c878da28
[2024-03-16T06:11:55.669+0000] {taskinstance.py:2510} INFO - Exporting env vars: AIRFLOW_CTX_DAG_OWNER='Agus mahari' AIRFLOW_CTX_DAG_ID='study_case_etl_cloud_storage' AIRFLOW_CTX_TASK_ID='fetch_data_task' AIRFLOW_CTX_EXECUTION_DATE='2024-03-15T23:00:00+00:00' AIRFLOW_CTX_TRY_NUMBER='1' AIRFLOW_CTX_DAG_RUN_ID='scheduled__2024-03-15T23:00:00+00:00'
[2024-03-16T06:11:55.672+0000] {warnings.py:109} WARNING - /home/***/.local/lib/python3.8/site-packages/***/utils/context.py:315: AirflowContextDeprecationWarning: Accessing 'execution_date' from the template is deprecated and will be removed in a future version. Please use 'data_interval_start' or 'logical_date' instead.
  warnings.warn(_create_deprecation_warning(k, replacements))

[2024-03-16T06:11:58.222+0000] {logging_mixin.py:188} INFO - 2024-03-16 06:11:58,221 INFO sqlalchemy.engine.Engine SELECT DATABASE()
[2024-03-16T06:11:58.221+0000] {base.py:1863} INFO - SELECT DATABASE()
[2024-03-16T06:11:58.225+0000] {logging_mixin.py:188} INFO - 2024-03-16 06:11:58,225 INFO sqlalchemy.engine.Engine [raw sql] {}
[2024-03-16T06:11:58.225+0000] {base.py:1868} INFO - [raw sql] {}
[2024-03-16T06:11:59.185+0000] {logging_mixin.py:188} INFO - 2024-03-16 06:11:59,185 INFO sqlalchemy.engine.Engine SELECT @@sql_mode
[2024-03-16T06:11:59.185+0000] {base.py:1863} INFO - SELECT @@sql_mode
[2024-03-16T06:11:59.190+0000] {logging_mixin.py:188} INFO - 2024-03-16 06:11:59,189 INFO sqlalchemy.engine.Engine [raw sql] {}
[2024-03-16T06:11:59.189+0000] {base.py:1868} INFO - [raw sql] {}
[2024-03-16T06:11:59.635+0000] {logging_mixin.py:188} INFO - 2024-03-16 06:11:59,634 INFO sqlalchemy.engine.Engine SELECT @@lower_case_table_names
[2024-03-16T06:11:59.634+0000] {base.py:1863} INFO - SELECT @@lower_case_table_names
[2024-03-16T06:11:59.641+0000] {logging_mixin.py:188} INFO - 2024-03-16 06:11:59,641 INFO sqlalchemy.engine.Engine [raw sql] {}
[2024-03-16T06:11:59.641+0000] {base.py:1868} INFO - [raw sql] {}
[2024-03-16T06:12:00.322+0000] {logging_mixin.py:188} INFO - 2024-03-16 06:12:00,321 INFO sqlalchemy.engine.Engine 


   SELECT 
    *, 
    CONVERT_TZ(NOW(), 'UTC', '+07:00') as execution_at
FROM test.user
WHERE updated_at BETWEEN NOW() - INTERVAL 7 MINUTE AND NOW()
[2024-03-16T06:12:00.321+0000] {base.py:1863} INFO - 


   SELECT 
    *, 
    CONVERT_TZ(NOW(), 'UTC', '+07:00') as execution_at
FROM test.user
WHERE updated_at BETWEEN NOW() - INTERVAL 7 MINUTE AND NOW()
[2024-03-16T06:12:00.328+0000] {logging_mixin.py:188} INFO - 2024-03-16 06:12:00,327 INFO sqlalchemy.engine.Engine [raw sql] {}
[2024-03-16T06:12:00.327+0000] {base.py:1868} INFO - [raw sql] {}
[2024-03-16T06:12:01.220+0000] {python.py:202} INFO - Done. Returned value was: /opt/***/data/aplikasi_table_2024-03-15-23-00-00.parquet
[2024-03-16T06:12:01.308+0000] {taskinstance.py:1149} INFO - Marking task as SUCCESS. dag_id=study_case_etl_cloud_storage, task_id=fetch_data_task, execution_date=20240315T230000, start_date=20240316T061155, end_date=20240316T061201
[2024-03-16T06:12:01.524+0000] {local_task_job_runner.py:234} INFO - Task exited with return code 0
[2024-03-16T06:12:01.566+0000] {taskinstance.py:3309} INFO - 1 downstream tasks scheduled from follow-on schedule check
[2024-03-22T17:28:22.401+0000] {taskinstance.py:1979} INFO - Dependencies all met for dep_context=non-requeueable deps ti=<TaskInstance: study_case_etl_cloud_storage.fetch_data_task scheduled__2024-03-15T23:00:00+00:00 [queued]>
[2024-03-22T17:28:22.412+0000] {taskinstance.py:1979} INFO - Dependencies all met for dep_context=requeueable deps ti=<TaskInstance: study_case_etl_cloud_storage.fetch_data_task scheduled__2024-03-15T23:00:00+00:00 [queued]>
[2024-03-22T17:28:22.412+0000] {taskinstance.py:2193} INFO - Starting attempt 1 of 2
[2024-03-22T17:28:22.426+0000] {taskinstance.py:2214} INFO - Executing <Task(PythonOperator): fetch_data_task> on 2024-03-15 23:00:00+00:00
[2024-03-22T17:28:22.434+0000] {standard_task_runner.py:60} INFO - Started process 396 to run task
[2024-03-22T17:28:22.445+0000] {standard_task_runner.py:87} INFO - Running: ['***', 'tasks', 'run', 'study_case_etl_cloud_storage', 'fetch_data_task', 'scheduled__2024-03-15T23:00:00+00:00', '--job-id', '28', '--raw', '--subdir', 'DAGS_FOLDER/etl_day_bigquery/study_case_etl_cloud_storage.py', '--cfg-path', '/tmp/tmpgxw9mf6v']
[2024-03-22T17:28:22.454+0000] {standard_task_runner.py:88} INFO - Job 28: Subtask fetch_data_task
[2024-03-22T17:28:22.597+0000] {task_command.py:423} INFO - Running <TaskInstance: study_case_etl_cloud_storage.fetch_data_task scheduled__2024-03-15T23:00:00+00:00 [running]> on host eb8b31fafb1e
[2024-03-22T17:28:22.937+0000] {taskinstance.py:2510} INFO - Exporting env vars: AIRFLOW_CTX_DAG_OWNER='Agus mahari' AIRFLOW_CTX_DAG_ID='study_case_etl_cloud_storage' AIRFLOW_CTX_TASK_ID='fetch_data_task' AIRFLOW_CTX_EXECUTION_DATE='2024-03-15T23:00:00+00:00' AIRFLOW_CTX_TRY_NUMBER='1' AIRFLOW_CTX_DAG_RUN_ID='scheduled__2024-03-15T23:00:00+00:00'
[2024-03-22T17:28:25.572+0000] {logging_mixin.py:188} INFO - 2024-03-22 17:28:25,572 INFO sqlalchemy.engine.Engine SELECT DATABASE()
[2024-03-22T17:28:25.572+0000] {base.py:1863} INFO - SELECT DATABASE()
[2024-03-22T17:28:25.573+0000] {logging_mixin.py:188} INFO - 2024-03-22 17:28:25,573 INFO sqlalchemy.engine.Engine [raw sql] {}
[2024-03-22T17:28:25.573+0000] {base.py:1868} INFO - [raw sql] {}
[2024-03-22T17:28:26.507+0000] {logging_mixin.py:188} INFO - 2024-03-22 17:28:26,507 INFO sqlalchemy.engine.Engine SELECT @@sql_mode
[2024-03-22T17:28:26.507+0000] {base.py:1863} INFO - SELECT @@sql_mode
[2024-03-22T17:28:26.508+0000] {logging_mixin.py:188} INFO - 2024-03-22 17:28:26,508 INFO sqlalchemy.engine.Engine [raw sql] {}
[2024-03-22T17:28:26.508+0000] {base.py:1868} INFO - [raw sql] {}
[2024-03-22T17:28:26.947+0000] {logging_mixin.py:188} INFO - 2024-03-22 17:28:26,947 INFO sqlalchemy.engine.Engine SELECT @@lower_case_table_names
[2024-03-22T17:28:26.947+0000] {base.py:1863} INFO - SELECT @@lower_case_table_names
[2024-03-22T17:28:26.950+0000] {logging_mixin.py:188} INFO - 2024-03-22 17:28:26,949 INFO sqlalchemy.engine.Engine [raw sql] {}
[2024-03-22T17:28:26.949+0000] {base.py:1868} INFO - [raw sql] {}
[2024-03-22T17:28:27.622+0000] {logging_mixin.py:188} INFO - 2024-03-22 17:28:27,622 INFO sqlalchemy.engine.Engine 


  SELECT 
    *
FROM databasename.mytable
[2024-03-22T17:28:27.622+0000] {base.py:1863} INFO - 


  SELECT 
    *
FROM databasename.mytable
[2024-03-22T17:28:27.623+0000] {logging_mixin.py:188} INFO - 2024-03-22 17:28:27,623 INFO sqlalchemy.engine.Engine [raw sql] {}
[2024-03-22T17:28:27.623+0000] {base.py:1868} INFO - [raw sql] {}
[2024-03-22T17:28:28.064+0000] {logging_mixin.py:188} INFO - File already exists.
[2024-03-22T17:28:28.066+0000] {python.py:202} INFO - Done. Returned value was: /opt/***/data/aplikasi_table_['{ ds }.parquet']
[2024-03-22T17:28:28.093+0000] {taskinstance.py:1149} INFO - Marking task as SUCCESS. dag_id=study_case_etl_cloud_storage, task_id=fetch_data_task, execution_date=20240315T230000, start_date=20240322T172822, end_date=20240322T172828
[2024-03-22T17:28:28.143+0000] {local_task_job_runner.py:234} INFO - Task exited with return code 0
[2024-03-22T17:28:28.155+0000] {taskinstance.py:3309} INFO - 0 downstream tasks scheduled from follow-on schedule check
