[2024-03-17T08:03:30.442+0000] {taskinstance.py:1979} INFO - Dependencies all met for dep_context=non-requeueable deps ti=<TaskInstance: study_case_etl_cloud_storage_tiga.fetch_data_aplikasi_product_task_id manual__2024-03-17T08:03:27.270408+00:00 [queued]>
[2024-03-17T08:03:30.452+0000] {taskinstance.py:1979} INFO - Dependencies all met for dep_context=requeueable deps ti=<TaskInstance: study_case_etl_cloud_storage_tiga.fetch_data_aplikasi_product_task_id manual__2024-03-17T08:03:27.270408+00:00 [queued]>
[2024-03-17T08:03:30.453+0000] {taskinstance.py:2193} INFO - Starting attempt 1 of 2
[2024-03-17T08:03:30.469+0000] {taskinstance.py:2214} INFO - Executing <Task(PythonOperator): fetch_data_aplikasi_product_task_id> on 2024-03-17 08:03:27.270408+00:00
[2024-03-17T08:03:30.474+0000] {standard_task_runner.py:60} INFO - Started process 7894 to run task
[2024-03-17T08:03:30.478+0000] {standard_task_runner.py:87} INFO - Running: ['***', 'tasks', 'run', 'study_case_etl_cloud_storage_tiga', 'fetch_data_aplikasi_product_task_id', 'manual__2024-03-17T08:03:27.270408+00:00', '--job-id', '1011', '--raw', '--subdir', 'DAGS_FOLDER/etl_day_bigquery/study_case_etl_cloud_bigquery.py', '--cfg-path', '/tmp/tmp7bnxjs25']
[2024-03-17T08:03:30.482+0000] {standard_task_runner.py:88} INFO - Job 1011: Subtask fetch_data_aplikasi_product_task_id
[2024-03-17T08:03:30.522+0000] {task_command.py:423} INFO - Running <TaskInstance: study_case_etl_cloud_storage_tiga.fetch_data_aplikasi_product_task_id manual__2024-03-17T08:03:27.270408+00:00 [running]> on host 1d5b76b26ba5
[2024-03-17T08:03:30.592+0000] {taskinstance.py:2510} INFO - Exporting env vars: AIRFLOW_CTX_DAG_OWNER='Agus mahari' AIRFLOW_CTX_DAG_ID='study_case_etl_cloud_storage_tiga' AIRFLOW_CTX_TASK_ID='fetch_data_aplikasi_product_task_id' AIRFLOW_CTX_EXECUTION_DATE='2024-03-17T08:03:27.270408+00:00' AIRFLOW_CTX_TRY_NUMBER='1' AIRFLOW_CTX_DAG_RUN_ID='manual__2024-03-17T08:03:27.270408+00:00'
[2024-03-17T08:03:33.353+0000] {logging_mixin.py:188} INFO - 2024-03-17 08:03:33,352 INFO sqlalchemy.engine.Engine SELECT DATABASE()
[2024-03-17T08:03:33.352+0000] {base.py:1863} INFO - SELECT DATABASE()
[2024-03-17T08:03:33.354+0000] {logging_mixin.py:188} INFO - 2024-03-17 08:03:33,353 INFO sqlalchemy.engine.Engine [raw sql] {}
[2024-03-17T08:03:33.353+0000] {base.py:1868} INFO - [raw sql] {}
[2024-03-17T08:03:34.300+0000] {logging_mixin.py:188} INFO - 2024-03-17 08:03:34,300 INFO sqlalchemy.engine.Engine SELECT @@sql_mode
[2024-03-17T08:03:34.300+0000] {base.py:1863} INFO - SELECT @@sql_mode
[2024-03-17T08:03:34.301+0000] {logging_mixin.py:188} INFO - 2024-03-17 08:03:34,301 INFO sqlalchemy.engine.Engine [raw sql] {}
[2024-03-17T08:03:34.301+0000] {base.py:1868} INFO - [raw sql] {}
[2024-03-17T08:03:34.754+0000] {logging_mixin.py:188} INFO - 2024-03-17 08:03:34,754 INFO sqlalchemy.engine.Engine SELECT @@lower_case_table_names
[2024-03-17T08:03:34.754+0000] {base.py:1863} INFO - SELECT @@lower_case_table_names
[2024-03-17T08:03:34.755+0000] {logging_mixin.py:188} INFO - 2024-03-17 08:03:34,755 INFO sqlalchemy.engine.Engine [raw sql] {}
[2024-03-17T08:03:34.755+0000] {base.py:1868} INFO - [raw sql] {}
[2024-03-17T08:03:35.492+0000] {logging_mixin.py:188} INFO - 2024-03-17 08:03:35,492 INFO sqlalchemy.engine.Engine 



  SELECT 
    *
FROM databasename.product
[2024-03-17T08:03:35.492+0000] {base.py:1863} INFO - 



  SELECT 
    *
FROM databasename.product
[2024-03-17T08:03:35.493+0000] {logging_mixin.py:188} INFO - 2024-03-17 08:03:35,493 INFO sqlalchemy.engine.Engine [raw sql] {}
[2024-03-17T08:03:35.493+0000] {base.py:1868} INFO - [raw sql] {}
[2024-03-17T08:03:35.977+0000] {logging_mixin.py:188} INFO - File already exists.
[2024-03-17T08:03:35.979+0000] {python.py:202} INFO - Done. Returned value was: /opt/***/data/fetch_data_aplikasi_product_task_id_2024-03-17.csv
[2024-03-17T08:03:35.996+0000] {taskinstance.py:1149} INFO - Marking task as SUCCESS. dag_id=study_case_etl_cloud_storage_tiga, task_id=fetch_data_aplikasi_product_task_id, execution_date=20240317T080327, start_date=20240317T080330, end_date=20240317T080335
[2024-03-17T08:03:36.026+0000] {local_task_job_runner.py:234} INFO - Task exited with return code 0
[2024-03-17T08:03:36.044+0000] {taskinstance.py:3309} INFO - 0 downstream tasks scheduled from follow-on schedule check
