[2024-03-22T17:30:57.610+0000] {taskinstance.py:1979} INFO - Dependencies all met for dep_context=non-requeueable deps ti=<TaskInstance: study_case_etl_cloud_storage.fetch_data_task scheduled__2024-03-22T04:00:00+00:00 [queued]>
[2024-03-22T17:30:57.622+0000] {taskinstance.py:1979} INFO - Dependencies all met for dep_context=requeueable deps ti=<TaskInstance: study_case_etl_cloud_storage.fetch_data_task scheduled__2024-03-22T04:00:00+00:00 [queued]>
[2024-03-22T17:30:57.623+0000] {taskinstance.py:2193} INFO - Starting attempt 1 of 2
[2024-03-22T17:30:57.642+0000] {taskinstance.py:2214} INFO - Executing <Task(PythonOperator): fetch_data_task> on 2024-03-22 04:00:00+00:00
[2024-03-22T17:30:57.652+0000] {standard_task_runner.py:60} INFO - Started process 1028 to run task
[2024-03-22T17:30:57.662+0000] {standard_task_runner.py:87} INFO - Running: ['***', 'tasks', 'run', 'study_case_etl_cloud_storage', 'fetch_data_task', 'scheduled__2024-03-22T04:00:00+00:00', '--job-id', '222', '--raw', '--subdir', 'DAGS_FOLDER/etl_day_bigquery/study_case_etl_cloud_storage.py', '--cfg-path', '/tmp/tmpq0zc_ocz']
[2024-03-22T17:30:57.675+0000] {standard_task_runner.py:88} INFO - Job 222: Subtask fetch_data_task
[2024-03-22T17:30:57.801+0000] {task_command.py:423} INFO - Running <TaskInstance: study_case_etl_cloud_storage.fetch_data_task scheduled__2024-03-22T04:00:00+00:00 [running]> on host eb8b31fafb1e
[2024-03-22T17:30:58.101+0000] {taskinstance.py:2510} INFO - Exporting env vars: AIRFLOW_CTX_DAG_OWNER='Agus mahari' AIRFLOW_CTX_DAG_ID='study_case_etl_cloud_storage' AIRFLOW_CTX_TASK_ID='fetch_data_task' AIRFLOW_CTX_EXECUTION_DATE='2024-03-22T04:00:00+00:00' AIRFLOW_CTX_TRY_NUMBER='1' AIRFLOW_CTX_DAG_RUN_ID='scheduled__2024-03-22T04:00:00+00:00'
[2024-03-22T17:31:00.839+0000] {logging_mixin.py:188} INFO - 2024-03-22 17:31:00,839 INFO sqlalchemy.engine.Engine SELECT DATABASE()
[2024-03-22T17:31:00.839+0000] {base.py:1863} INFO - SELECT DATABASE()
[2024-03-22T17:31:00.844+0000] {logging_mixin.py:188} INFO - 2024-03-22 17:31:00,843 INFO sqlalchemy.engine.Engine [raw sql] {}
[2024-03-22T17:31:00.843+0000] {base.py:1868} INFO - [raw sql] {}
[2024-03-22T17:31:01.733+0000] {logging_mixin.py:188} INFO - 2024-03-22 17:31:01,732 INFO sqlalchemy.engine.Engine SELECT @@sql_mode
[2024-03-22T17:31:01.732+0000] {base.py:1863} INFO - SELECT @@sql_mode
[2024-03-22T17:31:01.736+0000] {logging_mixin.py:188} INFO - 2024-03-22 17:31:01,735 INFO sqlalchemy.engine.Engine [raw sql] {}
[2024-03-22T17:31:01.735+0000] {base.py:1868} INFO - [raw sql] {}
[2024-03-22T17:31:02.183+0000] {logging_mixin.py:188} INFO - 2024-03-22 17:31:02,183 INFO sqlalchemy.engine.Engine SELECT @@lower_case_table_names
[2024-03-22T17:31:02.183+0000] {base.py:1863} INFO - SELECT @@lower_case_table_names
[2024-03-22T17:31:02.184+0000] {logging_mixin.py:188} INFO - 2024-03-22 17:31:02,183 INFO sqlalchemy.engine.Engine [raw sql] {}
[2024-03-22T17:31:02.183+0000] {base.py:1868} INFO - [raw sql] {}
[2024-03-22T17:31:02.863+0000] {logging_mixin.py:188} INFO - 2024-03-22 17:31:02,862 INFO sqlalchemy.engine.Engine 


  SELECT 
    *
FROM databasename.mytable
[2024-03-22T17:31:02.862+0000] {base.py:1863} INFO - 


  SELECT 
    *
FROM databasename.mytable
[2024-03-22T17:31:02.866+0000] {logging_mixin.py:188} INFO - 2024-03-22 17:31:02,866 INFO sqlalchemy.engine.Engine [raw sql] {}
[2024-03-22T17:31:02.866+0000] {base.py:1868} INFO - [raw sql] {}
[2024-03-22T17:31:03.317+0000] {logging_mixin.py:188} INFO - File already exists.
[2024-03-22T17:31:03.318+0000] {python.py:202} INFO - Done. Returned value was: /opt/***/data/aplikasi_table_['{ ds }.parquet']
[2024-03-22T17:31:03.334+0000] {taskinstance.py:1149} INFO - Marking task as SUCCESS. dag_id=study_case_etl_cloud_storage, task_id=fetch_data_task, execution_date=20240322T040000, start_date=20240322T173057, end_date=20240322T173103
[2024-03-22T17:31:03.375+0000] {local_task_job_runner.py:234} INFO - Task exited with return code 0
[2024-03-22T17:31:03.390+0000] {taskinstance.py:3309} INFO - 0 downstream tasks scheduled from follow-on schedule check
