[2024-03-09T05:50:55.626+0000] {taskinstance.py:1979} INFO - Dependencies all met for dep_context=non-requeueable deps ti=<TaskInstance: mongodb_to_sql8.ingest_csv_to_mysql manual__2024-03-09T05:50:49.494408+00:00 [queued]>
[2024-03-09T05:50:55.637+0000] {taskinstance.py:1979} INFO - Dependencies all met for dep_context=requeueable deps ti=<TaskInstance: mongodb_to_sql8.ingest_csv_to_mysql manual__2024-03-09T05:50:49.494408+00:00 [queued]>
[2024-03-09T05:50:55.638+0000] {taskinstance.py:2193} INFO - Starting attempt 1 of 2
[2024-03-09T05:50:55.651+0000] {taskinstance.py:2214} INFO - Executing <Task(PythonOperator): ingest_csv_to_mysql> on 2024-03-09 05:50:49.494408+00:00
[2024-03-09T05:50:55.657+0000] {standard_task_runner.py:60} INFO - Started process 1857 to run task
[2024-03-09T05:50:55.661+0000] {standard_task_runner.py:87} INFO - Running: ['***', 'tasks', 'run', 'mongodb_to_sql8', 'ingest_csv_to_mysql', 'manual__2024-03-09T05:50:49.494408+00:00', '--job-id', '182', '--raw', '--subdir', 'DAGS_FOLDER/restrore_mongo/main_dag_sql_delapan.py', '--cfg-path', '/tmp/tmpw8g8azuz']
[2024-03-09T05:50:55.663+0000] {standard_task_runner.py:88} INFO - Job 182: Subtask ingest_csv_to_mysql
[2024-03-09T05:50:55.712+0000] {task_command.py:423} INFO - Running <TaskInstance: mongodb_to_sql8.ingest_csv_to_mysql manual__2024-03-09T05:50:49.494408+00:00 [running]> on host c9d1ac6dab48
[2024-03-09T05:50:55.784+0000] {taskinstance.py:2510} INFO - Exporting env vars: AIRFLOW_CTX_DAG_OWNER='***' AIRFLOW_CTX_DAG_ID='mongodb_to_sql8' AIRFLOW_CTX_TASK_ID='ingest_csv_to_mysql' AIRFLOW_CTX_EXECUTION_DATE='2024-03-09T05:50:49.494408+00:00' AIRFLOW_CTX_TRY_NUMBER='1' AIRFLOW_CTX_DAG_RUN_ID='manual__2024-03-09T05:50:49.494408+00:00'
[2024-03-09T05:50:55.786+0000] {warnings.py:109} WARNING - /home/***/.local/lib/python3.8/site-packages/***/utils/context.py:315: AirflowContextDeprecationWarning: Accessing 'execution_date' from the template is deprecated and will be removed in a future version. Please use 'data_interval_start' or 'logical_date' instead.
  warnings.warn(_create_deprecation_warning(k, replacements))

[2024-03-09T05:50:58.549+0000] {logging_mixin.py:188} INFO - 2024-03-09 05:50:58,549 INFO sqlalchemy.engine.Engine SELECT DATABASE()
[2024-03-09T05:50:58.549+0000] {base.py:1863} INFO - SELECT DATABASE()
[2024-03-09T05:50:58.551+0000] {logging_mixin.py:188} INFO - 2024-03-09 05:50:58,550 INFO sqlalchemy.engine.Engine [raw sql] {}
[2024-03-09T05:50:58.550+0000] {base.py:1868} INFO - [raw sql] {}
[2024-03-09T05:50:59.455+0000] {logging_mixin.py:188} INFO - 2024-03-09 05:50:59,455 INFO sqlalchemy.engine.Engine SELECT @@sql_mode
[2024-03-09T05:50:59.455+0000] {base.py:1863} INFO - SELECT @@sql_mode
[2024-03-09T05:50:59.456+0000] {logging_mixin.py:188} INFO - 2024-03-09 05:50:59,456 INFO sqlalchemy.engine.Engine [raw sql] {}
[2024-03-09T05:50:59.456+0000] {base.py:1868} INFO - [raw sql] {}
[2024-03-09T05:50:59.903+0000] {logging_mixin.py:188} INFO - 2024-03-09 05:50:59,903 INFO sqlalchemy.engine.Engine SELECT @@lower_case_table_names
[2024-03-09T05:50:59.903+0000] {base.py:1863} INFO - SELECT @@lower_case_table_names
[2024-03-09T05:50:59.904+0000] {logging_mixin.py:188} INFO - 2024-03-09 05:50:59,903 INFO sqlalchemy.engine.Engine [raw sql] {}
[2024-03-09T05:50:59.903+0000] {base.py:1868} INFO - [raw sql] {}
[2024-03-09T05:51:00.356+0000] {logging_mixin.py:188} INFO - 2024-03-09 05:51:00,356 INFO sqlalchemy.engine.Engine BEGIN (implicit)
[2024-03-09T05:51:00.356+0000] {base.py:1032} INFO - BEGIN (implicit)
[2024-03-09T05:51:00.587+0000] {logging_mixin.py:188} INFO - 2024-03-09 05:51:00,587 INFO sqlalchemy.engine.Engine SELECT COUNT(*) FROM information_schema.tables WHERE table_schema = %(table_schema)s AND table_name = %(table_name)s
[2024-03-09T05:51:00.587+0000] {base.py:1863} INFO - SELECT COUNT(*) FROM information_schema.tables WHERE table_schema = %(table_schema)s AND table_name = %(table_name)s
[2024-03-09T05:51:00.588+0000] {logging_mixin.py:188} INFO - 2024-03-09 05:51:00,588 INFO sqlalchemy.engine.Engine [generated in 0.22865s] {'table_schema': 'test', 'table_name': 'transaksi_restore'}
[2024-03-09T05:51:00.588+0000] {base.py:1868} INFO - [generated in 0.22865s] {'table_schema': 'test', 'table_name': 'transaksi_restore'}
[2024-03-09T05:51:01.064+0000] {logging_mixin.py:188} INFO - 2024-03-09 05:51:01,064 INFO sqlalchemy.engine.Engine SELECT COUNT(*) FROM information_schema.tables WHERE table_schema = %(table_schema)s AND table_name = %(table_name)s
[2024-03-09T05:51:01.064+0000] {base.py:1863} INFO - SELECT COUNT(*) FROM information_schema.tables WHERE table_schema = %(table_schema)s AND table_name = %(table_name)s
[2024-03-09T05:51:01.065+0000] {logging_mixin.py:188} INFO - 2024-03-09 05:51:01,065 INFO sqlalchemy.engine.Engine [cached since 0.7054s ago] {'table_schema': 'test', 'table_name': 'transaksi_restore'}
[2024-03-09T05:51:01.065+0000] {base.py:1868} INFO - [cached since 0.7054s ago] {'table_schema': 'test', 'table_name': 'transaksi_restore'}
[2024-03-09T05:51:01.543+0000] {logging_mixin.py:188} INFO - 2024-03-09 05:51:01,543 INFO sqlalchemy.engine.Engine SHOW FULL TABLES FROM `test`
[2024-03-09T05:51:01.543+0000] {base.py:1863} INFO - SHOW FULL TABLES FROM `test`
[2024-03-09T05:51:01.544+0000] {logging_mixin.py:188} INFO - 2024-03-09 05:51:01,544 INFO sqlalchemy.engine.Engine [raw sql] {}
[2024-03-09T05:51:01.544+0000] {base.py:1868} INFO - [raw sql] {}
[2024-03-09T05:51:02.026+0000] {logging_mixin.py:188} INFO - 2024-03-09 05:51:02,026 INFO sqlalchemy.engine.Engine SHOW CREATE TABLE `transaksi_restore`
[2024-03-09T05:51:02.026+0000] {base.py:1863} INFO - SHOW CREATE TABLE `transaksi_restore`
[2024-03-09T05:51:02.027+0000] {logging_mixin.py:188} INFO - 2024-03-09 05:51:02,027 INFO sqlalchemy.engine.Engine [raw sql] {}
[2024-03-09T05:51:02.027+0000] {base.py:1868} INFO - [raw sql] {}
[2024-03-09T05:51:02.511+0000] {logging_mixin.py:188} INFO - 2024-03-09 05:51:02,511 INFO sqlalchemy.engine.Engine 
DROP TABLE transaksi_restore
[2024-03-09T05:51:02.511+0000] {base.py:1863} INFO - 
DROP TABLE transaksi_restore
[2024-03-09T05:51:02.512+0000] {logging_mixin.py:188} INFO - 2024-03-09 05:51:02,511 INFO sqlalchemy.engine.Engine [no key 0.24620s] {}
[2024-03-09T05:51:02.511+0000] {base.py:1868} INFO - [no key 0.24620s] {}
[2024-03-09T05:51:03.013+0000] {logging_mixin.py:188} INFO - 2024-03-09 05:51:03,013 INFO sqlalchemy.engine.Engine 
CREATE TABLE transaksi_restore (
	_id TEXT, 
	id_transaksi BIGINT, 
	tanggal_transaksi TEXT, 
	id_pelanggan BIGINT, 
	metode_pembayaran TEXT, 
	barang_jasa_dibeli TEXT, 
	status_pembayaran TEXT, 
	created_at TEXT, 
	updated_at TEXT, 
	execution_timestamp FLOAT(53)
)
[2024-03-09T05:51:03.013+0000] {base.py:1863} INFO - 
CREATE TABLE transaksi_restore (
	_id TEXT, 
	id_transaksi BIGINT, 
	tanggal_transaksi TEXT, 
	id_pelanggan BIGINT, 
	metode_pembayaran TEXT, 
	barang_jasa_dibeli TEXT, 
	status_pembayaran TEXT, 
	created_at TEXT, 
	updated_at TEXT, 
	execution_timestamp FLOAT(53)
)


[2024-03-09T05:51:03.014+0000] {logging_mixin.py:188} INFO - 2024-03-09 05:51:03,014 INFO sqlalchemy.engine.Engine [no key 0.23950s] {}
[2024-03-09T05:51:03.014+0000] {base.py:1868} INFO - [no key 0.23950s] {}
[2024-03-09T05:51:03.502+0000] {logging_mixin.py:188} INFO - 2024-03-09 05:51:03,501 INFO sqlalchemy.engine.Engine INSERT INTO transaksi_restore (_id, id_transaksi, tanggal_transaksi, id_pelanggan, metode_pembayaran, barang_jasa_dibeli, status_pembayaran, created_at, updated_at, execution_timestamp) VALUES (%(_id)s, %(id_transaksi)s, %(tanggal_transaksi)s, %(id_pelanggan)s, %(metode_pembayaran)s, %(barang_jasa_dibeli)s, %(status_pembayaran)s, %(created_at)s, %(updated_at)s, %(execution_timestamp)s)
[2024-03-09T05:51:03.501+0000] {base.py:1863} INFO - INSERT INTO transaksi_restore (_id, id_transaksi, tanggal_transaksi, id_pelanggan, metode_pembayaran, barang_jasa_dibeli, status_pembayaran, created_at, updated_at, execution_timestamp) VALUES (%(_id)s, %(id_transaksi)s, %(tanggal_transaksi)s, %(id_pelanggan)s, %(metode_pembayaran)s, %(barang_jasa_dibeli)s, %(status_pembayaran)s, %(created_at)s, %(updated_at)s, %(execution_timestamp)s)
[2024-03-09T05:51:03.510+0000] {logging_mixin.py:188} INFO - 2024-03-09 05:51:03,507 INFO sqlalchemy.engine.Engine [generated in 0.22761s] ({'_id': '65eb5c01c3b3c69e5121ff28', 'id_transaksi': 19, 'tanggal_transaksi': '2024-03-09', 'id_pelanggan': 119, 'metode_pembayaran': 'Transfer Bank', 'barang_jasa_dibeli': 'Produk S', 'status_pembayaran': 'Lunas', 'created_at': '2024-03-08 12:06:43', 'updated_at': '2024-03-08 12:06:43', 'execution_timestamp': 1709923321.276285}, {'_id': '65eb5c01c3b3c69e5121ff2f', 'id_transaksi': 20, 'tanggal_transaksi': '2024-03-09', 'id_pelanggan': 120, 'metode_pembayaran': 'E-Wallet', 'barang_jasa_dibeli': 'Produk T', 'status_pembayaran': 'Lunas', 'created_at': '2024-03-08 11:46:43', 'updated_at': '2024-03-08 12:32:29', 'execution_timestamp': 1709923321.276285}, {'_id': '65eb5c01c3b3c69e5121ff26', 'id_transaksi': 17, 'tanggal_transaksi': '2024-03-09', 'id_pelanggan': 117, 'metode_pembayaran': 'Tunai', 'barang_jasa_dibeli': 'Produk Q', 'status_pembayaran': 'Lunas', 'created_at': '2024-03-08 12:46:43', 'updated_at': '2024-03-08 12:46:43', 'execution_timestamp': 1709923321.276285}, {'_id': '65eb5c01c3b3c69e5121ff2e', 'id_transaksi': 18, 'tanggal_transaksi': '2024-03-09', 'id_pelanggan': 118, 'metode_pembayaran': 'Kartu Kredit', 'barang_jasa_dibeli': 'Produk R', 'status_pembayaran': 'Lunas', 'created_at': '2024-03-08 12:26:43', 'updated_at': '2024-03-08 13:12:29', 'execution_timestamp': 1709923321.276285}, {'_id': '65eb5c01c3b3c69e5121ff24', 'id_transaksi': 15, 'tanggal_transaksi': '2024-03-09', 'id_pelanggan': 115, 'metode_pembayaran': 'Transfer Bank', 'barang_jasa_dibeli': 'Produk O', 'status_pembayaran': 'Lunas', 'created_at': '2024-03-08 13:26:43', 'updated_at': '2024-03-08 13:26:43', 'execution_timestamp': 1709923321.276285}, {'_id': '65eb5c01c3b3c69e5121ff2d', 'id_transaksi': 16, 'tanggal_transaksi': '2024-03-09', 'id_pelanggan': 116, 'metode_pembayaran': 'E-Wallet', 'barang_jasa_dibeli': 'Produk P', 'status_pembayaran': 'Lunas', 'created_at': '2024-03-08 13:06:43', 'updated_at': '2024-03-08 13:52:29', 'execution_timestamp': 1709923321.276285}, {'_id': '65eb5c01c3b3c69e5121ff22', 'id_transaksi': 13, 'tanggal_transaksi': '2024-03-09', 'id_pelanggan': 113, 'metode_pembayaran': 'Tunai', 'barang_jasa_dibeli': 'Produk M', 'status_pembayaran': 'Lunas', 'created_at': '2024-03-08 14:06:43', 'updated_at': '2024-03-08 14:06:43', 'execution_timestamp': 1709923321.276285}, {'_id': '65eb5c01c3b3c69e5121ff2c', 'id_transaksi': 14, 'tanggal_transaksi': '2024-03-09', 'id_pelanggan': 114, 'metode_pembayaran': 'Kartu Kredit', 'barang_jasa_dibeli': 'Produk N', 'status_pembayaran': 'Lunas', 'created_at': '2024-03-08 13:46:43', 'updated_at': '2024-03-08 14:32:29', 'execution_timestamp': 1709923321.276285}  ... displaying 10 of 20 total bound parameter sets ...  {'_id': '65eb5c01c3b3c69e5121ff17', 'id_transaksi': 2, 'tanggal_transaksi': '2024-03-09', 'id_pelanggan': 102, 'metode_pembayaran': 'Kartu Kredit', 'barang_jasa_dibeli': 'Produk B', 'status_pembayaran': 'Belum Lunas', 'created_at': '2024-03-08 17:46:43', 'updated_at': '2024-03-08 17:46:43', 'execution_timestamp': 1709923321.276285}, {'_id': '65eb5c01c3b3c69e5121ff16', 'id_transaksi': 1, 'tanggal_transaksi': '2024-03-09', 'id_pelanggan': 101, 'metode_pembayaran': 'Tunai', 'barang_jasa_dibeli': 'Produk A', 'status_pembayaran': 'Lunas', 'created_at': '2024-03-08 18:06:43', 'updated_at': '2024-03-08 18:06:43', 'execution_timestamp': 1709923321.276285})
[2024-03-09T05:51:03.507+0000] {base.py:1868} INFO - [generated in 0.22761s] ({'_id': '65eb5c01c3b3c69e5121ff28', 'id_transaksi': 19, 'tanggal_transaksi': '2024-03-09', 'id_pelanggan': 119, 'metode_pembayaran': 'Transfer Bank', 'barang_jasa_dibeli': 'Produk S', 'status_pembayaran': 'Lunas', 'created_at': '2024-03-08 12:06:43', 'updated_at': '2024-03-08 12:06:43', 'execution_timestamp': 1709923321.276285}, {'_id': '65eb5c01c3b3c69e5121ff2f', 'id_transaksi': 20, 'tanggal_transaksi': '2024-03-09', 'id_pelanggan': 120, 'metode_pembayaran': 'E-Wallet', 'barang_jasa_dibeli': 'Produk T', 'status_pembayaran': 'Lunas', 'created_at': '2024-03-08 11:46:43', 'updated_at': '2024-03-08 12:32:29', 'execution_timestamp': 1709923321.276285}, {'_id': '65eb5c01c3b3c69e5121ff26', 'id_transaksi': 17, 'tanggal_transaksi': '2024-03-09', 'id_pelanggan': 117, 'metode_pembayaran': 'Tunai', 'barang_jasa_dibeli': 'Produk Q', 'status_pembayaran': 'Lunas', 'created_at': '2024-03-08 12:46:43', 'updated_at': '2024-03-08 12:46:43', 'execution_timestamp': 1709923321.276285}, {'_id': '65eb5c01c3b3c69e5121ff2e', 'id_transaksi': 18, 'tanggal_transaksi': '2024-03-09', 'id_pelanggan': 118, 'metode_pembayaran': 'Kartu Kredit', 'barang_jasa_dibeli': 'Produk R', 'status_pembayaran': 'Lunas', 'created_at': '2024-03-08 12:26:43', 'updated_at': '2024-03-08 13:12:29', 'execution_timestamp': 1709923321.276285}, {'_id': '65eb5c01c3b3c69e5121ff24', 'id_transaksi': 15, 'tanggal_transaksi': '2024-03-09', 'id_pelanggan': 115, 'metode_pembayaran': 'Transfer Bank', 'barang_jasa_dibeli': 'Produk O', 'status_pembayaran': 'Lunas', 'created_at': '2024-03-08 13:26:43', 'updated_at': '2024-03-08 13:26:43', 'execution_timestamp': 1709923321.276285}, {'_id': '65eb5c01c3b3c69e5121ff2d', 'id_transaksi': 16, 'tanggal_transaksi': '2024-03-09', 'id_pelanggan': 116, 'metode_pembayaran': 'E-Wallet', 'barang_jasa_dibeli': 'Produk P', 'status_pembayaran': 'Lunas', 'created_at': '2024-03-08 13:06:43', 'updated_at': '2024-03-08 13:52:29', 'execution_timestamp': 1709923321.276285}, {'_id': '65eb5c01c3b3c69e5121ff22', 'id_transaksi': 13, 'tanggal_transaksi': '2024-03-09', 'id_pelanggan': 113, 'metode_pembayaran': 'Tunai', 'barang_jasa_dibeli': 'Produk M', 'status_pembayaran': 'Lunas', 'created_at': '2024-03-08 14:06:43', 'updated_at': '2024-03-08 14:06:43', 'execution_timestamp': 1709923321.276285}, {'_id': '65eb5c01c3b3c69e5121ff2c', 'id_transaksi': 14, 'tanggal_transaksi': '2024-03-09', 'id_pelanggan': 114, 'metode_pembayaran': 'Kartu Kredit', 'barang_jasa_dibeli': 'Produk N', 'status_pembayaran': 'Lunas', 'created_at': '2024-03-08 13:46:43', 'updated_at': '2024-03-08 14:32:29', 'execution_timestamp': 1709923321.276285}  ... displaying 10 of 20 total bound parameter sets ...  {'_id': '65eb5c01c3b3c69e5121ff17', 'id_transaksi': 2, 'tanggal_transaksi': '2024-03-09', 'id_pelanggan': 102, 'metode_pembayaran': 'Kartu Kredit', 'barang_jasa_dibeli': 'Produk B', 'status_pembayaran': 'Belum Lunas', 'created_at': '2024-03-08 17:46:43', 'updated_at': '2024-03-08 17:46:43', 'execution_timestamp': 1709923321.276285}, {'_id': '65eb5c01c3b3c69e5121ff16', 'id_transaksi': 1, 'tanggal_transaksi': '2024-03-09', 'id_pelanggan': 101, 'metode_pembayaran': 'Tunai', 'barang_jasa_dibeli': 'Produk A', 'status_pembayaran': 'Lunas', 'created_at': '2024-03-08 18:06:43', 'updated_at': '2024-03-08 18:06:43', 'execution_timestamp': 1709923321.276285})
[2024-03-09T05:51:03.747+0000] {logging_mixin.py:188} INFO - 2024-03-09 05:51:03,746 INFO sqlalchemy.engine.Engine COMMIT
[2024-03-09T05:51:03.746+0000] {base.py:1092} INFO - COMMIT
[2024-03-09T05:51:04.196+0000] {python.py:202} INFO - Done. Returned value was: None
[2024-03-09T05:51:04.221+0000] {taskinstance.py:1149} INFO - Marking task as SUCCESS. dag_id=mongodb_to_sql8, task_id=ingest_csv_to_mysql, execution_date=20240309T055049, start_date=20240309T055055, end_date=20240309T055104
[2024-03-09T05:51:04.257+0000] {local_task_job_runner.py:234} INFO - Task exited with return code 0
[2024-03-09T05:51:04.269+0000] {taskinstance.py:3309} INFO - 0 downstream tasks scheduled from follow-on schedule check
