[2024-03-16T08:00:01.577+0000] {taskinstance.py:1979} INFO - Dependencies all met for dep_context=non-requeueable deps ti=<TaskInstance: study_case_etl_cloud_storage.fetch_data_task scheduled__2024-03-16T07:00:00+00:00 [queued]>
[2024-03-16T08:00:01.588+0000] {taskinstance.py:1979} INFO - Dependencies all met for dep_context=requeueable deps ti=<TaskInstance: study_case_etl_cloud_storage.fetch_data_task scheduled__2024-03-16T07:00:00+00:00 [queued]>
[2024-03-16T08:00:01.588+0000] {taskinstance.py:2193} INFO - Starting attempt 1 of 2
[2024-03-16T08:00:01.600+0000] {taskinstance.py:2214} INFO - Executing <Task(PythonOperator): fetch_data_task> on 2024-03-16 07:00:00+00:00
[2024-03-16T08:00:01.605+0000] {standard_task_runner.py:60} INFO - Started process 522 to run task
[2024-03-16T08:00:01.609+0000] {standard_task_runner.py:87} INFO - Running: ['***', 'tasks', 'run', 'study_case_etl_cloud_storage', 'fetch_data_task', 'scheduled__2024-03-16T07:00:00+00:00', '--job-id', '682', '--raw', '--subdir', 'DAGS_FOLDER/etl_day_bigquery/study_case_etl_cloud_storage.py', '--cfg-path', '/tmp/tmpktkbq0sd']
[2024-03-16T08:00:01.612+0000] {standard_task_runner.py:88} INFO - Job 682: Subtask fetch_data_task
[2024-03-16T08:00:01.669+0000] {task_command.py:423} INFO - Running <TaskInstance: study_case_etl_cloud_storage.fetch_data_task scheduled__2024-03-16T07:00:00+00:00 [running]> on host 1d5b76b26ba5
[2024-03-16T08:00:01.754+0000] {taskinstance.py:2510} INFO - Exporting env vars: AIRFLOW_CTX_DAG_OWNER='Agus mahari' AIRFLOW_CTX_DAG_ID='study_case_etl_cloud_storage' AIRFLOW_CTX_TASK_ID='fetch_data_task' AIRFLOW_CTX_EXECUTION_DATE='2024-03-16T07:00:00+00:00' AIRFLOW_CTX_TRY_NUMBER='1' AIRFLOW_CTX_DAG_RUN_ID='scheduled__2024-03-16T07:00:00+00:00'
[2024-03-16T08:00:01.756+0000] {warnings.py:109} WARNING - /home/***/.local/lib/python3.8/site-packages/***/utils/context.py:315: AirflowContextDeprecationWarning: Accessing 'execution_date' from the template is deprecated and will be removed in a future version. Please use 'data_interval_start' or 'logical_date' instead.
  warnings.warn(_create_deprecation_warning(k, replacements))

[2024-03-16T08:00:04.314+0000] {logging_mixin.py:188} INFO - 2024-03-16 08:00:04,313 INFO sqlalchemy.engine.Engine SELECT DATABASE()
[2024-03-16T08:00:04.313+0000] {base.py:1863} INFO - SELECT DATABASE()
[2024-03-16T08:00:04.316+0000] {logging_mixin.py:188} INFO - 2024-03-16 08:00:04,315 INFO sqlalchemy.engine.Engine [raw sql] {}
[2024-03-16T08:00:04.315+0000] {base.py:1868} INFO - [raw sql] {}
[2024-03-16T08:00:05.210+0000] {logging_mixin.py:188} INFO - 2024-03-16 08:00:05,210 INFO sqlalchemy.engine.Engine SELECT @@sql_mode
[2024-03-16T08:00:05.210+0000] {base.py:1863} INFO - SELECT @@sql_mode
[2024-03-16T08:00:05.211+0000] {logging_mixin.py:188} INFO - 2024-03-16 08:00:05,211 INFO sqlalchemy.engine.Engine [raw sql] {}
[2024-03-16T08:00:05.211+0000] {base.py:1868} INFO - [raw sql] {}
[2024-03-16T08:00:05.657+0000] {logging_mixin.py:188} INFO - 2024-03-16 08:00:05,657 INFO sqlalchemy.engine.Engine SELECT @@lower_case_table_names
[2024-03-16T08:00:05.657+0000] {base.py:1863} INFO - SELECT @@lower_case_table_names
[2024-03-16T08:00:05.658+0000] {logging_mixin.py:188} INFO - 2024-03-16 08:00:05,658 INFO sqlalchemy.engine.Engine [raw sql] {}
[2024-03-16T08:00:05.658+0000] {base.py:1868} INFO - [raw sql] {}
[2024-03-16T08:00:06.339+0000] {logging_mixin.py:188} INFO - 2024-03-16 08:00:06,339 INFO sqlalchemy.engine.Engine 


  SELECT 
    *
FROM databasename.mytable
[2024-03-16T08:00:06.339+0000] {base.py:1863} INFO - 


  SELECT 
    *
FROM databasename.mytable
[2024-03-16T08:00:06.340+0000] {logging_mixin.py:188} INFO - 2024-03-16 08:00:06,340 INFO sqlalchemy.engine.Engine [raw sql] {}
[2024-03-16T08:00:06.340+0000] {base.py:1868} INFO - [raw sql] {}
[2024-03-16T08:00:07.257+0000] {python.py:202} INFO - Done. Returned value was: /opt/***/data/aplikasi_table_2024-03-16-7-00-00.parquet
[2024-03-16T08:00:07.278+0000] {taskinstance.py:1149} INFO - Marking task as SUCCESS. dag_id=study_case_etl_cloud_storage, task_id=fetch_data_task, execution_date=20240316T070000, start_date=20240316T080001, end_date=20240316T080007
[2024-03-16T08:00:07.322+0000] {local_task_job_runner.py:234} INFO - Task exited with return code 0
[2024-03-16T08:00:07.341+0000] {taskinstance.py:3309} INFO - 1 downstream tasks scheduled from follow-on schedule check
[2024-03-22T17:28:35.729+0000] {taskinstance.py:1979} INFO - Dependencies all met for dep_context=non-requeueable deps ti=<TaskInstance: study_case_etl_cloud_storage.fetch_data_task scheduled__2024-03-16T07:00:00+00:00 [queued]>
[2024-03-22T17:28:35.760+0000] {taskinstance.py:1979} INFO - Dependencies all met for dep_context=requeueable deps ti=<TaskInstance: study_case_etl_cloud_storage.fetch_data_task scheduled__2024-03-16T07:00:00+00:00 [queued]>
[2024-03-22T17:28:35.762+0000] {taskinstance.py:2193} INFO - Starting attempt 1 of 2
[2024-03-22T17:28:35.865+0000] {taskinstance.py:2214} INFO - Executing <Task(PythonOperator): fetch_data_task> on 2024-03-16 07:00:00+00:00
[2024-03-22T17:28:35.878+0000] {standard_task_runner.py:60} INFO - Started process 438 to run task
[2024-03-22T17:28:35.887+0000] {standard_task_runner.py:87} INFO - Running: ['***', 'tasks', 'run', 'study_case_etl_cloud_storage', 'fetch_data_task', 'scheduled__2024-03-16T07:00:00+00:00', '--job-id', '40', '--raw', '--subdir', 'DAGS_FOLDER/etl_day_bigquery/study_case_etl_cloud_storage.py', '--cfg-path', '/tmp/tmp72a3kgbw']
[2024-03-22T17:28:35.902+0000] {standard_task_runner.py:88} INFO - Job 40: Subtask fetch_data_task
[2024-03-22T17:28:36.089+0000] {task_command.py:423} INFO - Running <TaskInstance: study_case_etl_cloud_storage.fetch_data_task scheduled__2024-03-16T07:00:00+00:00 [running]> on host eb8b31fafb1e
[2024-03-22T17:28:36.438+0000] {taskinstance.py:2510} INFO - Exporting env vars: AIRFLOW_CTX_DAG_OWNER='Agus mahari' AIRFLOW_CTX_DAG_ID='study_case_etl_cloud_storage' AIRFLOW_CTX_TASK_ID='fetch_data_task' AIRFLOW_CTX_EXECUTION_DATE='2024-03-16T07:00:00+00:00' AIRFLOW_CTX_TRY_NUMBER='1' AIRFLOW_CTX_DAG_RUN_ID='scheduled__2024-03-16T07:00:00+00:00'
[2024-03-22T17:28:39.823+0000] {logging_mixin.py:188} INFO - 2024-03-22 17:28:39,823 INFO sqlalchemy.engine.Engine SELECT DATABASE()
[2024-03-22T17:28:39.823+0000] {base.py:1863} INFO - SELECT DATABASE()
[2024-03-22T17:28:39.824+0000] {logging_mixin.py:188} INFO - 2024-03-22 17:28:39,824 INFO sqlalchemy.engine.Engine [raw sql] {}
[2024-03-22T17:28:39.824+0000] {base.py:1868} INFO - [raw sql] {}
[2024-03-22T17:28:40.707+0000] {logging_mixin.py:188} INFO - 2024-03-22 17:28:40,707 INFO sqlalchemy.engine.Engine SELECT @@sql_mode
[2024-03-22T17:28:40.707+0000] {base.py:1863} INFO - SELECT @@sql_mode
[2024-03-22T17:28:40.708+0000] {logging_mixin.py:188} INFO - 2024-03-22 17:28:40,708 INFO sqlalchemy.engine.Engine [raw sql] {}
[2024-03-22T17:28:40.708+0000] {base.py:1868} INFO - [raw sql] {}
[2024-03-22T17:28:41.149+0000] {logging_mixin.py:188} INFO - 2024-03-22 17:28:41,149 INFO sqlalchemy.engine.Engine SELECT @@lower_case_table_names
[2024-03-22T17:28:41.149+0000] {base.py:1863} INFO - SELECT @@lower_case_table_names
[2024-03-22T17:28:41.150+0000] {logging_mixin.py:188} INFO - 2024-03-22 17:28:41,150 INFO sqlalchemy.engine.Engine [raw sql] {}
[2024-03-22T17:28:41.150+0000] {base.py:1868} INFO - [raw sql] {}
[2024-03-22T17:28:41.830+0000] {logging_mixin.py:188} INFO - 2024-03-22 17:28:41,830 INFO sqlalchemy.engine.Engine 


  SELECT 
    *
FROM databasename.mytable
[2024-03-22T17:28:41.830+0000] {base.py:1863} INFO - 


  SELECT 
    *
FROM databasename.mytable
[2024-03-22T17:28:41.832+0000] {logging_mixin.py:188} INFO - 2024-03-22 17:28:41,832 INFO sqlalchemy.engine.Engine [raw sql] {}
[2024-03-22T17:28:41.832+0000] {base.py:1868} INFO - [raw sql] {}
[2024-03-22T17:28:42.280+0000] {logging_mixin.py:188} INFO - File already exists.
[2024-03-22T17:28:42.282+0000] {python.py:202} INFO - Done. Returned value was: /opt/***/data/aplikasi_table_['{ ds }.parquet']
[2024-03-22T17:28:42.311+0000] {taskinstance.py:1149} INFO - Marking task as SUCCESS. dag_id=study_case_etl_cloud_storage, task_id=fetch_data_task, execution_date=20240316T070000, start_date=20240322T172835, end_date=20240322T172842
[2024-03-22T17:28:42.365+0000] {local_task_job_runner.py:234} INFO - Task exited with return code 0
[2024-03-22T17:28:42.379+0000] {taskinstance.py:3309} INFO - 0 downstream tasks scheduled from follow-on schedule check
