[2024-03-29T01:18:11.513+0000] {processor.py:161} INFO - Started process (PID=23954) to work on /opt/airflow/dags/running_dbt_core/study_case_etl_all_pipeline.py
[2024-03-29T01:18:11.514+0000] {processor.py:830} INFO - Processing file /opt/airflow/dags/running_dbt_core/study_case_etl_all_pipeline.py for tasks to queue
[2024-03-29T01:18:11.517+0000] {logging_mixin.py:188} INFO - [2024-03-29T01:18:11.517+0000] {dagbag.py:540} INFO - Filling up the DagBag from /opt/airflow/dags/running_dbt_core/study_case_etl_all_pipeline.py
[2024-03-29T01:18:11.556+0000] {processor.py:840} INFO - DAG(s) 'study_case_etl_all_pipeline' retrieved from /opt/airflow/dags/running_dbt_core/study_case_etl_all_pipeline.py
[2024-03-29T01:18:11.636+0000] {logging_mixin.py:188} INFO - [2024-03-29T01:18:11.635+0000] {override.py:1769} INFO - Created Permission View: can read on DAG:study_case_etl_all_pipeline
[2024-03-29T01:18:11.645+0000] {logging_mixin.py:188} INFO - [2024-03-29T01:18:11.644+0000] {override.py:1769} INFO - Created Permission View: can delete on DAG:study_case_etl_all_pipeline
[2024-03-29T01:18:11.651+0000] {logging_mixin.py:188} INFO - [2024-03-29T01:18:11.650+0000] {override.py:1769} INFO - Created Permission View: can edit on DAG:study_case_etl_all_pipeline
[2024-03-29T01:18:11.651+0000] {logging_mixin.py:188} INFO - [2024-03-29T01:18:11.651+0000] {dag.py:3047} INFO - Sync 1 DAGs
[2024-03-29T01:18:11.662+0000] {logging_mixin.py:188} INFO - [2024-03-29T01:18:11.662+0000] {dag.py:3069} INFO - Creating ORM DAG for study_case_etl_all_pipeline
[2024-03-29T01:18:11.671+0000] {logging_mixin.py:188} INFO - [2024-03-29T01:18:11.671+0000] {dag.py:3834} INFO - Setting next_dagrun for study_case_etl_all_pipeline to 2024-03-14 17:00:00+00:00, run_after=2024-03-14 17:00:00+00:00
[2024-03-29T01:18:11.695+0000] {processor.py:183} INFO - Processing /opt/airflow/dags/running_dbt_core/study_case_etl_all_pipeline.py took 0.185 seconds
[2024-03-29T01:18:41.951+0000] {processor.py:161} INFO - Started process (PID=23986) to work on /opt/airflow/dags/running_dbt_core/study_case_etl_all_pipeline.py
[2024-03-29T01:18:41.953+0000] {processor.py:830} INFO - Processing file /opt/airflow/dags/running_dbt_core/study_case_etl_all_pipeline.py for tasks to queue
[2024-03-29T01:18:41.958+0000] {logging_mixin.py:188} INFO - [2024-03-29T01:18:41.957+0000] {dagbag.py:540} INFO - Filling up the DagBag from /opt/airflow/dags/running_dbt_core/study_case_etl_all_pipeline.py
[2024-03-29T01:18:41.995+0000] {processor.py:840} INFO - DAG(s) 'study_case_etl_all_pipeline' retrieved from /opt/airflow/dags/running_dbt_core/study_case_etl_all_pipeline.py
[2024-03-29T01:18:42.009+0000] {logging_mixin.py:188} INFO - [2024-03-29T01:18:42.009+0000] {dag.py:3047} INFO - Sync 1 DAGs
[2024-03-29T01:18:42.028+0000] {logging_mixin.py:188} INFO - [2024-03-29T01:18:42.028+0000] {dag.py:3834} INFO - Setting next_dagrun for study_case_etl_all_pipeline to 2024-03-14 17:00:00+00:00, run_after=2024-03-14 17:00:00+00:00
[2024-03-29T01:18:42.044+0000] {processor.py:183} INFO - Processing /opt/airflow/dags/running_dbt_core/study_case_etl_all_pipeline.py took 0.100 seconds
[2024-03-29T01:19:12.350+0000] {processor.py:161} INFO - Started process (PID=24019) to work on /opt/airflow/dags/running_dbt_core/study_case_etl_all_pipeline.py
[2024-03-29T01:19:12.351+0000] {processor.py:830} INFO - Processing file /opt/airflow/dags/running_dbt_core/study_case_etl_all_pipeline.py for tasks to queue
[2024-03-29T01:19:12.353+0000] {logging_mixin.py:188} INFO - [2024-03-29T01:19:12.353+0000] {dagbag.py:540} INFO - Filling up the DagBag from /opt/airflow/dags/running_dbt_core/study_case_etl_all_pipeline.py
[2024-03-29T01:19:12.388+0000] {processor.py:840} INFO - DAG(s) 'study_case_etl_all_pipeline' retrieved from /opt/airflow/dags/running_dbt_core/study_case_etl_all_pipeline.py
[2024-03-29T01:19:12.402+0000] {logging_mixin.py:188} INFO - [2024-03-29T01:19:12.402+0000] {dag.py:3047} INFO - Sync 1 DAGs
[2024-03-29T01:19:12.422+0000] {logging_mixin.py:188} INFO - [2024-03-29T01:19:12.421+0000] {dag.py:3834} INFO - Setting next_dagrun for study_case_etl_all_pipeline to 2024-03-14 17:00:00+00:00, run_after=2024-03-14 17:00:00+00:00
[2024-03-29T01:19:12.438+0000] {processor.py:183} INFO - Processing /opt/airflow/dags/running_dbt_core/study_case_etl_all_pipeline.py took 0.091 seconds
[2024-03-29T01:19:42.953+0000] {processor.py:161} INFO - Started process (PID=24052) to work on /opt/airflow/dags/running_dbt_core/study_case_etl_all_pipeline.py
[2024-03-29T01:19:42.955+0000] {processor.py:830} INFO - Processing file /opt/airflow/dags/running_dbt_core/study_case_etl_all_pipeline.py for tasks to queue
[2024-03-29T01:19:42.958+0000] {logging_mixin.py:188} INFO - [2024-03-29T01:19:42.958+0000] {dagbag.py:540} INFO - Filling up the DagBag from /opt/airflow/dags/running_dbt_core/study_case_etl_all_pipeline.py
[2024-03-29T01:19:42.995+0000] {processor.py:840} INFO - DAG(s) 'study_case_etl_all_pipeline' retrieved from /opt/airflow/dags/running_dbt_core/study_case_etl_all_pipeline.py
[2024-03-29T01:19:43.008+0000] {logging_mixin.py:188} INFO - [2024-03-29T01:19:43.008+0000] {dag.py:3047} INFO - Sync 1 DAGs
[2024-03-29T01:19:43.028+0000] {logging_mixin.py:188} INFO - [2024-03-29T01:19:43.027+0000] {dag.py:3834} INFO - Setting next_dagrun for study_case_etl_all_pipeline to 2024-03-14 17:00:00+00:00, run_after=2024-03-14 17:00:00+00:00
[2024-03-29T01:19:43.044+0000] {processor.py:183} INFO - Processing /opt/airflow/dags/running_dbt_core/study_case_etl_all_pipeline.py took 0.097 seconds
[2024-03-29T01:20:13.227+0000] {processor.py:161} INFO - Started process (PID=24085) to work on /opt/airflow/dags/running_dbt_core/study_case_etl_all_pipeline.py
[2024-03-29T01:20:13.228+0000] {processor.py:830} INFO - Processing file /opt/airflow/dags/running_dbt_core/study_case_etl_all_pipeline.py for tasks to queue
[2024-03-29T01:20:13.230+0000] {logging_mixin.py:188} INFO - [2024-03-29T01:20:13.230+0000] {dagbag.py:540} INFO - Filling up the DagBag from /opt/airflow/dags/running_dbt_core/study_case_etl_all_pipeline.py
[2024-03-29T01:20:13.266+0000] {processor.py:840} INFO - DAG(s) 'study_case_etl_all_pipeline' retrieved from /opt/airflow/dags/running_dbt_core/study_case_etl_all_pipeline.py
[2024-03-29T01:20:13.280+0000] {logging_mixin.py:188} INFO - [2024-03-29T01:20:13.280+0000] {dag.py:3047} INFO - Sync 1 DAGs
[2024-03-29T01:20:13.300+0000] {logging_mixin.py:188} INFO - [2024-03-29T01:20:13.300+0000] {dag.py:3834} INFO - Setting next_dagrun for study_case_etl_all_pipeline to 2024-03-14 17:00:00+00:00, run_after=2024-03-14 17:00:00+00:00
[2024-03-29T01:20:13.318+0000] {processor.py:183} INFO - Processing /opt/airflow/dags/running_dbt_core/study_case_etl_all_pipeline.py took 0.094 seconds
[2024-03-29T01:20:43.617+0000] {processor.py:161} INFO - Started process (PID=24118) to work on /opt/airflow/dags/running_dbt_core/study_case_etl_all_pipeline.py
[2024-03-29T01:20:43.619+0000] {processor.py:830} INFO - Processing file /opt/airflow/dags/running_dbt_core/study_case_etl_all_pipeline.py for tasks to queue
[2024-03-29T01:20:43.622+0000] {logging_mixin.py:188} INFO - [2024-03-29T01:20:43.621+0000] {dagbag.py:540} INFO - Filling up the DagBag from /opt/airflow/dags/running_dbt_core/study_case_etl_all_pipeline.py
[2024-03-29T01:20:43.658+0000] {processor.py:840} INFO - DAG(s) 'study_case_etl_all_pipeline' retrieved from /opt/airflow/dags/running_dbt_core/study_case_etl_all_pipeline.py
[2024-03-29T01:20:43.671+0000] {logging_mixin.py:188} INFO - [2024-03-29T01:20:43.671+0000] {dag.py:3047} INFO - Sync 1 DAGs
[2024-03-29T01:20:43.691+0000] {logging_mixin.py:188} INFO - [2024-03-29T01:20:43.691+0000] {dag.py:3834} INFO - Setting next_dagrun for study_case_etl_all_pipeline to 2024-03-14 17:00:00+00:00, run_after=2024-03-14 17:00:00+00:00
[2024-03-29T01:20:43.707+0000] {processor.py:183} INFO - Processing /opt/airflow/dags/running_dbt_core/study_case_etl_all_pipeline.py took 0.095 seconds
[2024-03-29T01:21:13.913+0000] {processor.py:161} INFO - Started process (PID=24151) to work on /opt/airflow/dags/running_dbt_core/study_case_etl_all_pipeline.py
[2024-03-29T01:21:13.915+0000] {processor.py:830} INFO - Processing file /opt/airflow/dags/running_dbt_core/study_case_etl_all_pipeline.py for tasks to queue
[2024-03-29T01:21:13.919+0000] {logging_mixin.py:188} INFO - [2024-03-29T01:21:13.918+0000] {dagbag.py:540} INFO - Filling up the DagBag from /opt/airflow/dags/running_dbt_core/study_case_etl_all_pipeline.py
[2024-03-29T01:21:13.956+0000] {processor.py:840} INFO - DAG(s) 'study_case_etl_all_pipeline' retrieved from /opt/airflow/dags/running_dbt_core/study_case_etl_all_pipeline.py
[2024-03-29T01:21:13.970+0000] {logging_mixin.py:188} INFO - [2024-03-29T01:21:13.969+0000] {dag.py:3047} INFO - Sync 1 DAGs
[2024-03-29T01:21:13.989+0000] {logging_mixin.py:188} INFO - [2024-03-29T01:21:13.989+0000] {dag.py:3834} INFO - Setting next_dagrun for study_case_etl_all_pipeline to 2024-03-14 17:00:00+00:00, run_after=2024-03-14 17:00:00+00:00
[2024-03-29T01:21:14.005+0000] {processor.py:183} INFO - Processing /opt/airflow/dags/running_dbt_core/study_case_etl_all_pipeline.py took 0.097 seconds
[2024-03-29T01:21:44.233+0000] {processor.py:161} INFO - Started process (PID=24184) to work on /opt/airflow/dags/running_dbt_core/study_case_etl_all_pipeline.py
[2024-03-29T01:21:44.233+0000] {processor.py:830} INFO - Processing file /opt/airflow/dags/running_dbt_core/study_case_etl_all_pipeline.py for tasks to queue
[2024-03-29T01:21:44.236+0000] {logging_mixin.py:188} INFO - [2024-03-29T01:21:44.235+0000] {dagbag.py:540} INFO - Filling up the DagBag from /opt/airflow/dags/running_dbt_core/study_case_etl_all_pipeline.py
[2024-03-29T01:21:44.270+0000] {processor.py:840} INFO - DAG(s) 'study_case_etl_all_pipeline' retrieved from /opt/airflow/dags/running_dbt_core/study_case_etl_all_pipeline.py
[2024-03-29T01:21:44.284+0000] {logging_mixin.py:188} INFO - [2024-03-29T01:21:44.284+0000] {dag.py:3047} INFO - Sync 1 DAGs
[2024-03-29T01:21:44.304+0000] {logging_mixin.py:188} INFO - [2024-03-29T01:21:44.304+0000] {dag.py:3834} INFO - Setting next_dagrun for study_case_etl_all_pipeline to 2024-03-14 17:00:00+00:00, run_after=2024-03-14 17:00:00+00:00
[2024-03-29T01:21:44.326+0000] {processor.py:183} INFO - Processing /opt/airflow/dags/running_dbt_core/study_case_etl_all_pipeline.py took 0.096 seconds
[2024-03-29T01:22:14.879+0000] {processor.py:161} INFO - Started process (PID=24217) to work on /opt/airflow/dags/running_dbt_core/study_case_etl_all_pipeline.py
[2024-03-29T01:22:14.880+0000] {processor.py:830} INFO - Processing file /opt/airflow/dags/running_dbt_core/study_case_etl_all_pipeline.py for tasks to queue
[2024-03-29T01:22:14.882+0000] {logging_mixin.py:188} INFO - [2024-03-29T01:22:14.882+0000] {dagbag.py:540} INFO - Filling up the DagBag from /opt/airflow/dags/running_dbt_core/study_case_etl_all_pipeline.py
[2024-03-29T01:22:14.916+0000] {processor.py:840} INFO - DAG(s) 'study_case_etl_all_pipeline' retrieved from /opt/airflow/dags/running_dbt_core/study_case_etl_all_pipeline.py
[2024-03-29T01:22:14.930+0000] {logging_mixin.py:188} INFO - [2024-03-29T01:22:14.929+0000] {dag.py:3047} INFO - Sync 1 DAGs
[2024-03-29T01:22:14.948+0000] {logging_mixin.py:188} INFO - [2024-03-29T01:22:14.948+0000] {dag.py:3834} INFO - Setting next_dagrun for study_case_etl_all_pipeline to 2024-03-14 17:00:00+00:00, run_after=2024-03-14 17:00:00+00:00
[2024-03-29T01:22:14.964+0000] {processor.py:183} INFO - Processing /opt/airflow/dags/running_dbt_core/study_case_etl_all_pipeline.py took 0.088 seconds
[2024-03-29T01:22:45.301+0000] {processor.py:161} INFO - Started process (PID=24250) to work on /opt/airflow/dags/running_dbt_core/study_case_etl_all_pipeline.py
[2024-03-29T01:22:45.303+0000] {processor.py:830} INFO - Processing file /opt/airflow/dags/running_dbt_core/study_case_etl_all_pipeline.py for tasks to queue
[2024-03-29T01:22:45.306+0000] {logging_mixin.py:188} INFO - [2024-03-29T01:22:45.305+0000] {dagbag.py:540} INFO - Filling up the DagBag from /opt/airflow/dags/running_dbt_core/study_case_etl_all_pipeline.py
[2024-03-29T01:22:45.358+0000] {processor.py:840} INFO - DAG(s) 'study_case_etl_all_pipeline' retrieved from /opt/airflow/dags/running_dbt_core/study_case_etl_all_pipeline.py
[2024-03-29T01:22:45.373+0000] {logging_mixin.py:188} INFO - [2024-03-29T01:22:45.373+0000] {dag.py:3047} INFO - Sync 1 DAGs
[2024-03-29T01:22:45.394+0000] {logging_mixin.py:188} INFO - [2024-03-29T01:22:45.393+0000] {dag.py:3834} INFO - Setting next_dagrun for study_case_etl_all_pipeline to 2024-03-14 17:00:00+00:00, run_after=2024-03-14 17:00:00+00:00
[2024-03-29T01:22:45.410+0000] {processor.py:183} INFO - Processing /opt/airflow/dags/running_dbt_core/study_case_etl_all_pipeline.py took 0.112 seconds
[2024-03-29T01:23:15.789+0000] {processor.py:161} INFO - Started process (PID=24283) to work on /opt/airflow/dags/running_dbt_core/study_case_etl_all_pipeline.py
[2024-03-29T01:23:15.791+0000] {processor.py:830} INFO - Processing file /opt/airflow/dags/running_dbt_core/study_case_etl_all_pipeline.py for tasks to queue
[2024-03-29T01:23:15.794+0000] {logging_mixin.py:188} INFO - [2024-03-29T01:23:15.794+0000] {dagbag.py:540} INFO - Filling up the DagBag from /opt/airflow/dags/running_dbt_core/study_case_etl_all_pipeline.py
[2024-03-29T01:23:15.830+0000] {processor.py:840} INFO - DAG(s) 'study_case_etl_all_pipeline' retrieved from /opt/airflow/dags/running_dbt_core/study_case_etl_all_pipeline.py
[2024-03-29T01:23:15.843+0000] {logging_mixin.py:188} INFO - [2024-03-29T01:23:15.843+0000] {dag.py:3047} INFO - Sync 1 DAGs
[2024-03-29T01:23:15.861+0000] {logging_mixin.py:188} INFO - [2024-03-29T01:23:15.861+0000] {dag.py:3834} INFO - Setting next_dagrun for study_case_etl_all_pipeline to 2024-03-14 17:00:00+00:00, run_after=2024-03-14 17:00:00+00:00
[2024-03-29T01:23:15.876+0000] {processor.py:183} INFO - Processing /opt/airflow/dags/running_dbt_core/study_case_etl_all_pipeline.py took 0.093 seconds
[2024-03-29T01:23:46.056+0000] {processor.py:161} INFO - Started process (PID=24316) to work on /opt/airflow/dags/running_dbt_core/study_case_etl_all_pipeline.py
[2024-03-29T01:23:46.058+0000] {processor.py:830} INFO - Processing file /opt/airflow/dags/running_dbt_core/study_case_etl_all_pipeline.py for tasks to queue
[2024-03-29T01:23:46.061+0000] {logging_mixin.py:188} INFO - [2024-03-29T01:23:46.061+0000] {dagbag.py:540} INFO - Filling up the DagBag from /opt/airflow/dags/running_dbt_core/study_case_etl_all_pipeline.py
[2024-03-29T01:23:46.098+0000] {processor.py:840} INFO - DAG(s) 'study_case_etl_all_pipeline' retrieved from /opt/airflow/dags/running_dbt_core/study_case_etl_all_pipeline.py
[2024-03-29T01:23:46.112+0000] {logging_mixin.py:188} INFO - [2024-03-29T01:23:46.112+0000] {dag.py:3047} INFO - Sync 1 DAGs
[2024-03-29T01:23:46.131+0000] {logging_mixin.py:188} INFO - [2024-03-29T01:23:46.131+0000] {dag.py:3834} INFO - Setting next_dagrun for study_case_etl_all_pipeline to 2024-03-14 17:00:00+00:00, run_after=2024-03-14 17:00:00+00:00
[2024-03-29T01:23:46.146+0000] {processor.py:183} INFO - Processing /opt/airflow/dags/running_dbt_core/study_case_etl_all_pipeline.py took 0.098 seconds
[2024-03-29T01:24:16.356+0000] {processor.py:161} INFO - Started process (PID=24348) to work on /opt/airflow/dags/running_dbt_core/study_case_etl_all_pipeline.py
[2024-03-29T01:24:16.358+0000] {processor.py:830} INFO - Processing file /opt/airflow/dags/running_dbt_core/study_case_etl_all_pipeline.py for tasks to queue
[2024-03-29T01:24:16.362+0000] {logging_mixin.py:188} INFO - [2024-03-29T01:24:16.361+0000] {dagbag.py:540} INFO - Filling up the DagBag from /opt/airflow/dags/running_dbt_core/study_case_etl_all_pipeline.py
[2024-03-29T01:24:16.397+0000] {processor.py:840} INFO - DAG(s) 'study_case_etl_all_pipeline' retrieved from /opt/airflow/dags/running_dbt_core/study_case_etl_all_pipeline.py
[2024-03-29T01:24:16.411+0000] {logging_mixin.py:188} INFO - [2024-03-29T01:24:16.410+0000] {dag.py:3047} INFO - Sync 1 DAGs
[2024-03-29T01:24:16.429+0000] {logging_mixin.py:188} INFO - [2024-03-29T01:24:16.428+0000] {dag.py:3834} INFO - Setting next_dagrun for study_case_etl_all_pipeline to 2024-03-14 17:00:00+00:00, run_after=2024-03-14 17:00:00+00:00
[2024-03-29T01:24:16.445+0000] {processor.py:183} INFO - Processing /opt/airflow/dags/running_dbt_core/study_case_etl_all_pipeline.py took 0.095 seconds
[2024-03-29T01:24:46.786+0000] {processor.py:161} INFO - Started process (PID=24381) to work on /opt/airflow/dags/running_dbt_core/study_case_etl_all_pipeline.py
[2024-03-29T01:24:46.788+0000] {processor.py:830} INFO - Processing file /opt/airflow/dags/running_dbt_core/study_case_etl_all_pipeline.py for tasks to queue
[2024-03-29T01:24:46.792+0000] {logging_mixin.py:188} INFO - [2024-03-29T01:24:46.791+0000] {dagbag.py:540} INFO - Filling up the DagBag from /opt/airflow/dags/running_dbt_core/study_case_etl_all_pipeline.py
[2024-03-29T01:24:46.827+0000] {processor.py:840} INFO - DAG(s) 'study_case_etl_all_pipeline' retrieved from /opt/airflow/dags/running_dbt_core/study_case_etl_all_pipeline.py
[2024-03-29T01:24:46.840+0000] {logging_mixin.py:188} INFO - [2024-03-29T01:24:46.840+0000] {dag.py:3047} INFO - Sync 1 DAGs
[2024-03-29T01:24:46.860+0000] {logging_mixin.py:188} INFO - [2024-03-29T01:24:46.859+0000] {dag.py:3834} INFO - Setting next_dagrun for study_case_etl_all_pipeline to 2024-03-14 17:00:00+00:00, run_after=2024-03-14 17:00:00+00:00
[2024-03-29T01:24:46.875+0000] {processor.py:183} INFO - Processing /opt/airflow/dags/running_dbt_core/study_case_etl_all_pipeline.py took 0.095 seconds
[2024-03-29T01:25:17.272+0000] {processor.py:161} INFO - Started process (PID=24414) to work on /opt/airflow/dags/running_dbt_core/study_case_etl_all_pipeline.py
[2024-03-29T01:25:17.274+0000] {processor.py:830} INFO - Processing file /opt/airflow/dags/running_dbt_core/study_case_etl_all_pipeline.py for tasks to queue
[2024-03-29T01:25:17.276+0000] {logging_mixin.py:188} INFO - [2024-03-29T01:25:17.276+0000] {dagbag.py:540} INFO - Filling up the DagBag from /opt/airflow/dags/running_dbt_core/study_case_etl_all_pipeline.py
[2024-03-29T01:25:17.311+0000] {processor.py:840} INFO - DAG(s) 'study_case_etl_all_pipeline' retrieved from /opt/airflow/dags/running_dbt_core/study_case_etl_all_pipeline.py
[2024-03-29T01:25:17.324+0000] {logging_mixin.py:188} INFO - [2024-03-29T01:25:17.324+0000] {dag.py:3047} INFO - Sync 1 DAGs
[2024-03-29T01:25:17.344+0000] {logging_mixin.py:188} INFO - [2024-03-29T01:25:17.343+0000] {dag.py:3834} INFO - Setting next_dagrun for study_case_etl_all_pipeline to 2024-03-14 17:00:00+00:00, run_after=2024-03-14 17:00:00+00:00
[2024-03-29T01:25:17.359+0000] {processor.py:183} INFO - Processing /opt/airflow/dags/running_dbt_core/study_case_etl_all_pipeline.py took 0.090 seconds
[2024-03-29T01:25:48.063+0000] {processor.py:161} INFO - Started process (PID=24447) to work on /opt/airflow/dags/running_dbt_core/study_case_etl_all_pipeline.py
[2024-03-29T01:25:48.064+0000] {processor.py:830} INFO - Processing file /opt/airflow/dags/running_dbt_core/study_case_etl_all_pipeline.py for tasks to queue
[2024-03-29T01:25:48.068+0000] {logging_mixin.py:188} INFO - [2024-03-29T01:25:48.067+0000] {dagbag.py:540} INFO - Filling up the DagBag from /opt/airflow/dags/running_dbt_core/study_case_etl_all_pipeline.py
[2024-03-29T01:25:48.106+0000] {processor.py:840} INFO - DAG(s) 'study_case_etl_all_pipeline' retrieved from /opt/airflow/dags/running_dbt_core/study_case_etl_all_pipeline.py
[2024-03-29T01:25:48.121+0000] {logging_mixin.py:188} INFO - [2024-03-29T01:25:48.121+0000] {dag.py:3047} INFO - Sync 1 DAGs
[2024-03-29T01:25:48.142+0000] {logging_mixin.py:188} INFO - [2024-03-29T01:25:48.141+0000] {dag.py:3834} INFO - Setting next_dagrun for study_case_etl_all_pipeline to 2024-03-14 17:00:00+00:00, run_after=2024-03-14 17:00:00+00:00
[2024-03-29T01:25:48.158+0000] {processor.py:183} INFO - Processing /opt/airflow/dags/running_dbt_core/study_case_etl_all_pipeline.py took 0.102 seconds
[2024-03-29T01:26:18.714+0000] {processor.py:161} INFO - Started process (PID=24480) to work on /opt/airflow/dags/running_dbt_core/study_case_etl_all_pipeline.py
[2024-03-29T01:26:18.716+0000] {processor.py:830} INFO - Processing file /opt/airflow/dags/running_dbt_core/study_case_etl_all_pipeline.py for tasks to queue
[2024-03-29T01:26:18.720+0000] {logging_mixin.py:188} INFO - [2024-03-29T01:26:18.719+0000] {dagbag.py:540} INFO - Filling up the DagBag from /opt/airflow/dags/running_dbt_core/study_case_etl_all_pipeline.py
[2024-03-29T01:26:18.757+0000] {processor.py:840} INFO - DAG(s) 'study_case_etl_all_pipeline' retrieved from /opt/airflow/dags/running_dbt_core/study_case_etl_all_pipeline.py
[2024-03-29T01:26:18.770+0000] {logging_mixin.py:188} INFO - [2024-03-29T01:26:18.770+0000] {dag.py:3047} INFO - Sync 1 DAGs
[2024-03-29T01:26:18.789+0000] {logging_mixin.py:188} INFO - [2024-03-29T01:26:18.788+0000] {dag.py:3834} INFO - Setting next_dagrun for study_case_etl_all_pipeline to 2024-03-14 17:00:00+00:00, run_after=2024-03-14 17:00:00+00:00
[2024-03-29T01:26:18.804+0000] {processor.py:183} INFO - Processing /opt/airflow/dags/running_dbt_core/study_case_etl_all_pipeline.py took 0.096 seconds
[2024-03-29T01:26:49.140+0000] {processor.py:161} INFO - Started process (PID=24513) to work on /opt/airflow/dags/running_dbt_core/study_case_etl_all_pipeline.py
[2024-03-29T01:26:49.141+0000] {processor.py:830} INFO - Processing file /opt/airflow/dags/running_dbt_core/study_case_etl_all_pipeline.py for tasks to queue
[2024-03-29T01:26:49.144+0000] {logging_mixin.py:188} INFO - [2024-03-29T01:26:49.143+0000] {dagbag.py:540} INFO - Filling up the DagBag from /opt/airflow/dags/running_dbt_core/study_case_etl_all_pipeline.py
[2024-03-29T01:26:49.178+0000] {processor.py:840} INFO - DAG(s) 'study_case_etl_all_pipeline' retrieved from /opt/airflow/dags/running_dbt_core/study_case_etl_all_pipeline.py
[2024-03-29T01:26:49.191+0000] {logging_mixin.py:188} INFO - [2024-03-29T01:26:49.191+0000] {dag.py:3047} INFO - Sync 1 DAGs
[2024-03-29T01:26:49.211+0000] {logging_mixin.py:188} INFO - [2024-03-29T01:26:49.210+0000] {dag.py:3834} INFO - Setting next_dagrun for study_case_etl_all_pipeline to 2024-03-14 17:00:00+00:00, run_after=2024-03-14 17:00:00+00:00
[2024-03-29T01:26:49.227+0000] {processor.py:183} INFO - Processing /opt/airflow/dags/running_dbt_core/study_case_etl_all_pipeline.py took 0.090 seconds
[2024-03-29T01:27:19.496+0000] {processor.py:161} INFO - Started process (PID=24546) to work on /opt/airflow/dags/running_dbt_core/study_case_etl_all_pipeline.py
[2024-03-29T01:27:19.498+0000] {processor.py:830} INFO - Processing file /opt/airflow/dags/running_dbt_core/study_case_etl_all_pipeline.py for tasks to queue
[2024-03-29T01:27:19.502+0000] {logging_mixin.py:188} INFO - [2024-03-29T01:27:19.501+0000] {dagbag.py:540} INFO - Filling up the DagBag from /opt/airflow/dags/running_dbt_core/study_case_etl_all_pipeline.py
[2024-03-29T01:27:19.543+0000] {processor.py:840} INFO - DAG(s) 'study_case_etl_all_pipeline' retrieved from /opt/airflow/dags/running_dbt_core/study_case_etl_all_pipeline.py
[2024-03-29T01:27:19.557+0000] {logging_mixin.py:188} INFO - [2024-03-29T01:27:19.556+0000] {dag.py:3047} INFO - Sync 1 DAGs
[2024-03-29T01:27:19.576+0000] {logging_mixin.py:188} INFO - [2024-03-29T01:27:19.575+0000] {dag.py:3834} INFO - Setting next_dagrun for study_case_etl_all_pipeline to 2024-03-14 17:00:00+00:00, run_after=2024-03-14 17:00:00+00:00
[2024-03-29T01:27:19.596+0000] {processor.py:183} INFO - Processing /opt/airflow/dags/running_dbt_core/study_case_etl_all_pipeline.py took 0.106 seconds
[2024-03-29T01:27:49.818+0000] {processor.py:161} INFO - Started process (PID=24579) to work on /opt/airflow/dags/running_dbt_core/study_case_etl_all_pipeline.py
[2024-03-29T01:27:49.820+0000] {processor.py:830} INFO - Processing file /opt/airflow/dags/running_dbt_core/study_case_etl_all_pipeline.py for tasks to queue
[2024-03-29T01:27:49.824+0000] {logging_mixin.py:188} INFO - [2024-03-29T01:27:49.823+0000] {dagbag.py:540} INFO - Filling up the DagBag from /opt/airflow/dags/running_dbt_core/study_case_etl_all_pipeline.py
[2024-03-29T01:27:49.867+0000] {processor.py:840} INFO - DAG(s) 'study_case_etl_all_pipeline' retrieved from /opt/airflow/dags/running_dbt_core/study_case_etl_all_pipeline.py
[2024-03-29T01:27:49.880+0000] {logging_mixin.py:188} INFO - [2024-03-29T01:27:49.880+0000] {dag.py:3047} INFO - Sync 1 DAGs
[2024-03-29T01:27:49.900+0000] {logging_mixin.py:188} INFO - [2024-03-29T01:27:49.900+0000] {dag.py:3834} INFO - Setting next_dagrun for study_case_etl_all_pipeline to 2024-03-14 17:00:00+00:00, run_after=2024-03-14 17:00:00+00:00
[2024-03-29T01:27:49.914+0000] {processor.py:183} INFO - Processing /opt/airflow/dags/running_dbt_core/study_case_etl_all_pipeline.py took 0.104 seconds
[2024-03-29T01:28:20.152+0000] {processor.py:161} INFO - Started process (PID=24612) to work on /opt/airflow/dags/running_dbt_core/study_case_etl_all_pipeline.py
[2024-03-29T01:28:20.154+0000] {processor.py:830} INFO - Processing file /opt/airflow/dags/running_dbt_core/study_case_etl_all_pipeline.py for tasks to queue
[2024-03-29T01:28:20.158+0000] {logging_mixin.py:188} INFO - [2024-03-29T01:28:20.157+0000] {dagbag.py:540} INFO - Filling up the DagBag from /opt/airflow/dags/running_dbt_core/study_case_etl_all_pipeline.py
[2024-03-29T01:28:20.194+0000] {processor.py:840} INFO - DAG(s) 'study_case_etl_all_pipeline' retrieved from /opt/airflow/dags/running_dbt_core/study_case_etl_all_pipeline.py
[2024-03-29T01:28:20.208+0000] {logging_mixin.py:188} INFO - [2024-03-29T01:28:20.208+0000] {dag.py:3047} INFO - Sync 1 DAGs
[2024-03-29T01:28:20.227+0000] {logging_mixin.py:188} INFO - [2024-03-29T01:28:20.227+0000] {dag.py:3834} INFO - Setting next_dagrun for study_case_etl_all_pipeline to 2024-03-14 17:00:00+00:00, run_after=2024-03-14 17:00:00+00:00
[2024-03-29T01:28:20.242+0000] {processor.py:183} INFO - Processing /opt/airflow/dags/running_dbt_core/study_case_etl_all_pipeline.py took 0.097 seconds
[2024-03-29T01:28:50.491+0000] {processor.py:161} INFO - Started process (PID=24645) to work on /opt/airflow/dags/running_dbt_core/study_case_etl_all_pipeline.py
[2024-03-29T01:28:50.493+0000] {processor.py:830} INFO - Processing file /opt/airflow/dags/running_dbt_core/study_case_etl_all_pipeline.py for tasks to queue
[2024-03-29T01:28:50.496+0000] {logging_mixin.py:188} INFO - [2024-03-29T01:28:50.496+0000] {dagbag.py:540} INFO - Filling up the DagBag from /opt/airflow/dags/running_dbt_core/study_case_etl_all_pipeline.py
[2024-03-29T01:28:50.532+0000] {processor.py:840} INFO - DAG(s) 'study_case_etl_all_pipeline' retrieved from /opt/airflow/dags/running_dbt_core/study_case_etl_all_pipeline.py
[2024-03-29T01:28:50.546+0000] {logging_mixin.py:188} INFO - [2024-03-29T01:28:50.546+0000] {dag.py:3047} INFO - Sync 1 DAGs
[2024-03-29T01:28:50.565+0000] {logging_mixin.py:188} INFO - [2024-03-29T01:28:50.564+0000] {dag.py:3834} INFO - Setting next_dagrun for study_case_etl_all_pipeline to 2024-03-14 17:00:00+00:00, run_after=2024-03-14 17:00:00+00:00
[2024-03-29T01:28:50.580+0000] {processor.py:183} INFO - Processing /opt/airflow/dags/running_dbt_core/study_case_etl_all_pipeline.py took 0.094 seconds
[2024-03-29T01:29:20.943+0000] {processor.py:161} INFO - Started process (PID=24678) to work on /opt/airflow/dags/running_dbt_core/study_case_etl_all_pipeline.py
[2024-03-29T01:29:20.945+0000] {processor.py:830} INFO - Processing file /opt/airflow/dags/running_dbt_core/study_case_etl_all_pipeline.py for tasks to queue
[2024-03-29T01:29:20.950+0000] {logging_mixin.py:188} INFO - [2024-03-29T01:29:20.949+0000] {dagbag.py:540} INFO - Filling up the DagBag from /opt/airflow/dags/running_dbt_core/study_case_etl_all_pipeline.py
[2024-03-29T01:29:20.990+0000] {processor.py:840} INFO - DAG(s) 'study_case_etl_all_pipeline' retrieved from /opt/airflow/dags/running_dbt_core/study_case_etl_all_pipeline.py
[2024-03-29T01:29:21.005+0000] {logging_mixin.py:188} INFO - [2024-03-29T01:29:21.004+0000] {dag.py:3047} INFO - Sync 1 DAGs
[2024-03-29T01:29:21.024+0000] {logging_mixin.py:188} INFO - [2024-03-29T01:29:21.024+0000] {dag.py:3834} INFO - Setting next_dagrun for study_case_etl_all_pipeline to 2024-03-14 17:00:00+00:00, run_after=2024-03-14 17:00:00+00:00
[2024-03-29T01:29:21.040+0000] {processor.py:183} INFO - Processing /opt/airflow/dags/running_dbt_core/study_case_etl_all_pipeline.py took 0.103 seconds
[2024-03-29T01:29:51.392+0000] {processor.py:161} INFO - Started process (PID=24711) to work on /opt/airflow/dags/running_dbt_core/study_case_etl_all_pipeline.py
[2024-03-29T01:29:51.394+0000] {processor.py:830} INFO - Processing file /opt/airflow/dags/running_dbt_core/study_case_etl_all_pipeline.py for tasks to queue
[2024-03-29T01:29:51.396+0000] {logging_mixin.py:188} INFO - [2024-03-29T01:29:51.396+0000] {dagbag.py:540} INFO - Filling up the DagBag from /opt/airflow/dags/running_dbt_core/study_case_etl_all_pipeline.py
[2024-03-29T01:29:51.431+0000] {processor.py:840} INFO - DAG(s) 'study_case_etl_all_pipeline' retrieved from /opt/airflow/dags/running_dbt_core/study_case_etl_all_pipeline.py
[2024-03-29T01:29:51.445+0000] {logging_mixin.py:188} INFO - [2024-03-29T01:29:51.444+0000] {dag.py:3047} INFO - Sync 1 DAGs
[2024-03-29T01:29:51.464+0000] {logging_mixin.py:188} INFO - [2024-03-29T01:29:51.464+0000] {dag.py:3834} INFO - Setting next_dagrun for study_case_etl_all_pipeline to 2024-03-14 17:00:00+00:00, run_after=2024-03-14 17:00:00+00:00
[2024-03-29T01:29:51.481+0000] {processor.py:183} INFO - Processing /opt/airflow/dags/running_dbt_core/study_case_etl_all_pipeline.py took 0.091 seconds
[2024-03-29T01:30:22.151+0000] {processor.py:161} INFO - Started process (PID=24744) to work on /opt/airflow/dags/running_dbt_core/study_case_etl_all_pipeline.py
[2024-03-29T01:30:22.152+0000] {processor.py:830} INFO - Processing file /opt/airflow/dags/running_dbt_core/study_case_etl_all_pipeline.py for tasks to queue
[2024-03-29T01:30:22.154+0000] {logging_mixin.py:188} INFO - [2024-03-29T01:30:22.154+0000] {dagbag.py:540} INFO - Filling up the DagBag from /opt/airflow/dags/running_dbt_core/study_case_etl_all_pipeline.py
[2024-03-29T01:30:22.192+0000] {processor.py:840} INFO - DAG(s) 'study_case_etl_all_pipeline' retrieved from /opt/airflow/dags/running_dbt_core/study_case_etl_all_pipeline.py
[2024-03-29T01:30:22.210+0000] {logging_mixin.py:188} INFO - [2024-03-29T01:30:22.210+0000] {dag.py:3047} INFO - Sync 1 DAGs
[2024-03-29T01:30:22.235+0000] {logging_mixin.py:188} INFO - [2024-03-29T01:30:22.234+0000] {dag.py:3834} INFO - Setting next_dagrun for study_case_etl_all_pipeline to 2024-03-14 17:00:00+00:00, run_after=2024-03-14 17:00:00+00:00
[2024-03-29T01:30:22.297+0000] {processor.py:183} INFO - Processing /opt/airflow/dags/running_dbt_core/study_case_etl_all_pipeline.py took 0.150 seconds
[2024-03-29T01:30:52.605+0000] {processor.py:161} INFO - Started process (PID=24777) to work on /opt/airflow/dags/running_dbt_core/study_case_etl_all_pipeline.py
[2024-03-29T01:30:52.606+0000] {processor.py:830} INFO - Processing file /opt/airflow/dags/running_dbt_core/study_case_etl_all_pipeline.py for tasks to queue
[2024-03-29T01:30:52.610+0000] {logging_mixin.py:188} INFO - [2024-03-29T01:30:52.609+0000] {dagbag.py:540} INFO - Filling up the DagBag from /opt/airflow/dags/running_dbt_core/study_case_etl_all_pipeline.py
[2024-03-29T01:30:52.645+0000] {processor.py:840} INFO - DAG(s) 'study_case_etl_all_pipeline' retrieved from /opt/airflow/dags/running_dbt_core/study_case_etl_all_pipeline.py
[2024-03-29T01:30:52.658+0000] {logging_mixin.py:188} INFO - [2024-03-29T01:30:52.658+0000] {dag.py:3047} INFO - Sync 1 DAGs
[2024-03-29T01:30:52.677+0000] {logging_mixin.py:188} INFO - [2024-03-29T01:30:52.677+0000] {dag.py:3834} INFO - Setting next_dagrun for study_case_etl_all_pipeline to 2024-03-14 17:00:00+00:00, run_after=2024-03-14 17:00:00+00:00
[2024-03-29T01:30:52.694+0000] {processor.py:183} INFO - Processing /opt/airflow/dags/running_dbt_core/study_case_etl_all_pipeline.py took 0.096 seconds
[2024-03-29T01:31:23.066+0000] {processor.py:161} INFO - Started process (PID=24810) to work on /opt/airflow/dags/running_dbt_core/study_case_etl_all_pipeline.py
[2024-03-29T01:31:23.068+0000] {processor.py:830} INFO - Processing file /opt/airflow/dags/running_dbt_core/study_case_etl_all_pipeline.py for tasks to queue
[2024-03-29T01:31:23.072+0000] {logging_mixin.py:188} INFO - [2024-03-29T01:31:23.072+0000] {dagbag.py:540} INFO - Filling up the DagBag from /opt/airflow/dags/running_dbt_core/study_case_etl_all_pipeline.py
[2024-03-29T01:31:23.111+0000] {processor.py:840} INFO - DAG(s) 'study_case_etl_all_pipeline' retrieved from /opt/airflow/dags/running_dbt_core/study_case_etl_all_pipeline.py
[2024-03-29T01:31:23.125+0000] {logging_mixin.py:188} INFO - [2024-03-29T01:31:23.124+0000] {dag.py:3047} INFO - Sync 1 DAGs
[2024-03-29T01:31:23.144+0000] {logging_mixin.py:188} INFO - [2024-03-29T01:31:23.143+0000] {dag.py:3834} INFO - Setting next_dagrun for study_case_etl_all_pipeline to 2024-03-14 17:00:00+00:00, run_after=2024-03-14 17:00:00+00:00
[2024-03-29T01:31:23.160+0000] {processor.py:183} INFO - Processing /opt/airflow/dags/running_dbt_core/study_case_etl_all_pipeline.py took 0.101 seconds
[2024-03-29T01:31:53.267+0000] {processor.py:161} INFO - Started process (PID=24843) to work on /opt/airflow/dags/running_dbt_core/study_case_etl_all_pipeline.py
[2024-03-29T01:31:53.268+0000] {processor.py:830} INFO - Processing file /opt/airflow/dags/running_dbt_core/study_case_etl_all_pipeline.py for tasks to queue
[2024-03-29T01:31:53.270+0000] {logging_mixin.py:188} INFO - [2024-03-29T01:31:53.270+0000] {dagbag.py:540} INFO - Filling up the DagBag from /opt/airflow/dags/running_dbt_core/study_case_etl_all_pipeline.py
[2024-03-29T01:31:53.304+0000] {processor.py:840} INFO - DAG(s) 'study_case_etl_all_pipeline' retrieved from /opt/airflow/dags/running_dbt_core/study_case_etl_all_pipeline.py
[2024-03-29T01:31:53.317+0000] {logging_mixin.py:188} INFO - [2024-03-29T01:31:53.317+0000] {dag.py:3047} INFO - Sync 1 DAGs
[2024-03-29T01:31:53.336+0000] {logging_mixin.py:188} INFO - [2024-03-29T01:31:53.336+0000] {dag.py:3834} INFO - Setting next_dagrun for study_case_etl_all_pipeline to 2024-03-14 17:00:00+00:00, run_after=2024-03-14 17:00:00+00:00
[2024-03-29T01:31:53.351+0000] {processor.py:183} INFO - Processing /opt/airflow/dags/running_dbt_core/study_case_etl_all_pipeline.py took 0.087 seconds
[2024-03-29T01:32:23.672+0000] {processor.py:161} INFO - Started process (PID=24876) to work on /opt/airflow/dags/running_dbt_core/study_case_etl_all_pipeline.py
[2024-03-29T01:32:23.674+0000] {processor.py:830} INFO - Processing file /opt/airflow/dags/running_dbt_core/study_case_etl_all_pipeline.py for tasks to queue
[2024-03-29T01:32:23.678+0000] {logging_mixin.py:188} INFO - [2024-03-29T01:32:23.677+0000] {dagbag.py:540} INFO - Filling up the DagBag from /opt/airflow/dags/running_dbt_core/study_case_etl_all_pipeline.py
[2024-03-29T01:32:23.711+0000] {processor.py:840} INFO - DAG(s) 'study_case_etl_all_pipeline' retrieved from /opt/airflow/dags/running_dbt_core/study_case_etl_all_pipeline.py
[2024-03-29T01:32:23.725+0000] {logging_mixin.py:188} INFO - [2024-03-29T01:32:23.725+0000] {dag.py:3047} INFO - Sync 1 DAGs
[2024-03-29T01:32:23.743+0000] {logging_mixin.py:188} INFO - [2024-03-29T01:32:23.743+0000] {dag.py:3834} INFO - Setting next_dagrun for study_case_etl_all_pipeline to 2024-03-14 17:00:00+00:00, run_after=2024-03-14 17:00:00+00:00
[2024-03-29T01:32:23.759+0000] {processor.py:183} INFO - Processing /opt/airflow/dags/running_dbt_core/study_case_etl_all_pipeline.py took 0.093 seconds
[2024-03-29T01:32:53.961+0000] {processor.py:161} INFO - Started process (PID=24909) to work on /opt/airflow/dags/running_dbt_core/study_case_etl_all_pipeline.py
[2024-03-29T01:32:53.962+0000] {processor.py:830} INFO - Processing file /opt/airflow/dags/running_dbt_core/study_case_etl_all_pipeline.py for tasks to queue
[2024-03-29T01:32:53.964+0000] {logging_mixin.py:188} INFO - [2024-03-29T01:32:53.964+0000] {dagbag.py:540} INFO - Filling up the DagBag from /opt/airflow/dags/running_dbt_core/study_case_etl_all_pipeline.py
[2024-03-29T01:32:53.999+0000] {processor.py:840} INFO - DAG(s) 'study_case_etl_all_pipeline' retrieved from /opt/airflow/dags/running_dbt_core/study_case_etl_all_pipeline.py
[2024-03-29T01:32:54.014+0000] {logging_mixin.py:188} INFO - [2024-03-29T01:32:54.014+0000] {dag.py:3047} INFO - Sync 1 DAGs
[2024-03-29T01:32:54.033+0000] {logging_mixin.py:188} INFO - [2024-03-29T01:32:54.033+0000] {dag.py:3834} INFO - Setting next_dagrun for study_case_etl_all_pipeline to 2024-03-14 17:00:00+00:00, run_after=2024-03-14 17:00:00+00:00
[2024-03-29T01:32:54.050+0000] {processor.py:183} INFO - Processing /opt/airflow/dags/running_dbt_core/study_case_etl_all_pipeline.py took 0.092 seconds
[2024-03-29T01:33:24.256+0000] {processor.py:161} INFO - Started process (PID=24942) to work on /opt/airflow/dags/running_dbt_core/study_case_etl_all_pipeline.py
[2024-03-29T01:33:24.259+0000] {processor.py:830} INFO - Processing file /opt/airflow/dags/running_dbt_core/study_case_etl_all_pipeline.py for tasks to queue
[2024-03-29T01:33:24.263+0000] {logging_mixin.py:188} INFO - [2024-03-29T01:33:24.263+0000] {dagbag.py:540} INFO - Filling up the DagBag from /opt/airflow/dags/running_dbt_core/study_case_etl_all_pipeline.py
[2024-03-29T01:33:24.304+0000] {processor.py:840} INFO - DAG(s) 'study_case_etl_all_pipeline' retrieved from /opt/airflow/dags/running_dbt_core/study_case_etl_all_pipeline.py
[2024-03-29T01:33:24.317+0000] {logging_mixin.py:188} INFO - [2024-03-29T01:33:24.317+0000] {dag.py:3047} INFO - Sync 1 DAGs
[2024-03-29T01:33:24.336+0000] {logging_mixin.py:188} INFO - [2024-03-29T01:33:24.336+0000] {dag.py:3834} INFO - Setting next_dagrun for study_case_etl_all_pipeline to 2024-03-14 17:00:00+00:00, run_after=2024-03-14 17:00:00+00:00
[2024-03-29T01:33:24.351+0000] {processor.py:183} INFO - Processing /opt/airflow/dags/running_dbt_core/study_case_etl_all_pipeline.py took 0.105 seconds
[2024-03-29T01:33:54.547+0000] {processor.py:161} INFO - Started process (PID=24975) to work on /opt/airflow/dags/running_dbt_core/study_case_etl_all_pipeline.py
[2024-03-29T01:33:54.548+0000] {processor.py:830} INFO - Processing file /opt/airflow/dags/running_dbt_core/study_case_etl_all_pipeline.py for tasks to queue
[2024-03-29T01:33:54.551+0000] {logging_mixin.py:188} INFO - [2024-03-29T01:33:54.550+0000] {dagbag.py:540} INFO - Filling up the DagBag from /opt/airflow/dags/running_dbt_core/study_case_etl_all_pipeline.py
[2024-03-29T01:33:54.586+0000] {processor.py:840} INFO - DAG(s) 'study_case_etl_all_pipeline' retrieved from /opt/airflow/dags/running_dbt_core/study_case_etl_all_pipeline.py
[2024-03-29T01:33:54.601+0000] {logging_mixin.py:188} INFO - [2024-03-29T01:33:54.601+0000] {dag.py:3047} INFO - Sync 1 DAGs
[2024-03-29T01:33:54.622+0000] {logging_mixin.py:188} INFO - [2024-03-29T01:33:54.622+0000] {dag.py:3834} INFO - Setting next_dagrun for study_case_etl_all_pipeline to 2024-03-14 17:00:00+00:00, run_after=2024-03-14 17:00:00+00:00
[2024-03-29T01:33:54.639+0000] {processor.py:183} INFO - Processing /opt/airflow/dags/running_dbt_core/study_case_etl_all_pipeline.py took 0.094 seconds
[2024-03-29T01:34:24.984+0000] {processor.py:161} INFO - Started process (PID=25008) to work on /opt/airflow/dags/running_dbt_core/study_case_etl_all_pipeline.py
[2024-03-29T01:34:24.985+0000] {processor.py:830} INFO - Processing file /opt/airflow/dags/running_dbt_core/study_case_etl_all_pipeline.py for tasks to queue
[2024-03-29T01:34:24.989+0000] {logging_mixin.py:188} INFO - [2024-03-29T01:34:24.988+0000] {dagbag.py:540} INFO - Filling up the DagBag from /opt/airflow/dags/running_dbt_core/study_case_etl_all_pipeline.py
[2024-03-29T01:34:25.024+0000] {processor.py:840} INFO - DAG(s) 'study_case_etl_all_pipeline' retrieved from /opt/airflow/dags/running_dbt_core/study_case_etl_all_pipeline.py
[2024-03-29T01:34:25.037+0000] {logging_mixin.py:188} INFO - [2024-03-29T01:34:25.037+0000] {dag.py:3047} INFO - Sync 1 DAGs
[2024-03-29T01:34:25.055+0000] {logging_mixin.py:188} INFO - [2024-03-29T01:34:25.055+0000] {dag.py:3834} INFO - Setting next_dagrun for study_case_etl_all_pipeline to 2024-03-14 17:00:00+00:00, run_after=2024-03-14 17:00:00+00:00
[2024-03-29T01:34:25.071+0000] {processor.py:183} INFO - Processing /opt/airflow/dags/running_dbt_core/study_case_etl_all_pipeline.py took 0.094 seconds
[2024-03-29T01:34:55.257+0000] {processor.py:161} INFO - Started process (PID=25041) to work on /opt/airflow/dags/running_dbt_core/study_case_etl_all_pipeline.py
[2024-03-29T01:34:55.258+0000] {processor.py:830} INFO - Processing file /opt/airflow/dags/running_dbt_core/study_case_etl_all_pipeline.py for tasks to queue
[2024-03-29T01:34:55.261+0000] {logging_mixin.py:188} INFO - [2024-03-29T01:34:55.260+0000] {dagbag.py:540} INFO - Filling up the DagBag from /opt/airflow/dags/running_dbt_core/study_case_etl_all_pipeline.py
[2024-03-29T01:34:55.294+0000] {processor.py:840} INFO - DAG(s) 'study_case_etl_all_pipeline' retrieved from /opt/airflow/dags/running_dbt_core/study_case_etl_all_pipeline.py
[2024-03-29T01:34:55.308+0000] {logging_mixin.py:188} INFO - [2024-03-29T01:34:55.308+0000] {dag.py:3047} INFO - Sync 1 DAGs
[2024-03-29T01:34:55.327+0000] {logging_mixin.py:188} INFO - [2024-03-29T01:34:55.327+0000] {dag.py:3834} INFO - Setting next_dagrun for study_case_etl_all_pipeline to 2024-03-14 17:00:00+00:00, run_after=2024-03-14 17:00:00+00:00
[2024-03-29T01:34:55.343+0000] {processor.py:183} INFO - Processing /opt/airflow/dags/running_dbt_core/study_case_etl_all_pipeline.py took 0.089 seconds
[2024-03-29T01:35:25.664+0000] {processor.py:161} INFO - Started process (PID=25074) to work on /opt/airflow/dags/running_dbt_core/study_case_etl_all_pipeline.py
[2024-03-29T01:35:25.667+0000] {processor.py:830} INFO - Processing file /opt/airflow/dags/running_dbt_core/study_case_etl_all_pipeline.py for tasks to queue
[2024-03-29T01:35:25.671+0000] {logging_mixin.py:188} INFO - [2024-03-29T01:35:25.671+0000] {dagbag.py:540} INFO - Filling up the DagBag from /opt/airflow/dags/running_dbt_core/study_case_etl_all_pipeline.py
[2024-03-29T01:35:25.708+0000] {processor.py:840} INFO - DAG(s) 'study_case_etl_all_pipeline' retrieved from /opt/airflow/dags/running_dbt_core/study_case_etl_all_pipeline.py
[2024-03-29T01:35:25.721+0000] {logging_mixin.py:188} INFO - [2024-03-29T01:35:25.721+0000] {dag.py:3047} INFO - Sync 1 DAGs
[2024-03-29T01:35:25.739+0000] {logging_mixin.py:188} INFO - [2024-03-29T01:35:25.739+0000] {dag.py:3834} INFO - Setting next_dagrun for study_case_etl_all_pipeline to 2024-03-14 17:00:00+00:00, run_after=2024-03-14 17:00:00+00:00
[2024-03-29T01:35:25.755+0000] {processor.py:183} INFO - Processing /opt/airflow/dags/running_dbt_core/study_case_etl_all_pipeline.py took 0.099 seconds
[2024-03-29T01:35:56.198+0000] {processor.py:161} INFO - Started process (PID=25107) to work on /opt/airflow/dags/running_dbt_core/study_case_etl_all_pipeline.py
[2024-03-29T01:35:56.199+0000] {processor.py:830} INFO - Processing file /opt/airflow/dags/running_dbt_core/study_case_etl_all_pipeline.py for tasks to queue
[2024-03-29T01:35:56.201+0000] {logging_mixin.py:188} INFO - [2024-03-29T01:35:56.201+0000] {dagbag.py:540} INFO - Filling up the DagBag from /opt/airflow/dags/running_dbt_core/study_case_etl_all_pipeline.py
[2024-03-29T01:35:56.235+0000] {processor.py:840} INFO - DAG(s) 'study_case_etl_all_pipeline' retrieved from /opt/airflow/dags/running_dbt_core/study_case_etl_all_pipeline.py
[2024-03-29T01:35:56.249+0000] {logging_mixin.py:188} INFO - [2024-03-29T01:35:56.249+0000] {dag.py:3047} INFO - Sync 1 DAGs
[2024-03-29T01:35:56.268+0000] {logging_mixin.py:188} INFO - [2024-03-29T01:35:56.268+0000] {dag.py:3834} INFO - Setting next_dagrun for study_case_etl_all_pipeline to 2024-03-14 17:00:00+00:00, run_after=2024-03-14 17:00:00+00:00
[2024-03-29T01:35:56.283+0000] {processor.py:183} INFO - Processing /opt/airflow/dags/running_dbt_core/study_case_etl_all_pipeline.py took 0.089 seconds
[2024-03-29T01:36:26.635+0000] {processor.py:161} INFO - Started process (PID=25140) to work on /opt/airflow/dags/running_dbt_core/study_case_etl_all_pipeline.py
[2024-03-29T01:36:26.636+0000] {processor.py:830} INFO - Processing file /opt/airflow/dags/running_dbt_core/study_case_etl_all_pipeline.py for tasks to queue
[2024-03-29T01:36:26.640+0000] {logging_mixin.py:188} INFO - [2024-03-29T01:36:26.639+0000] {dagbag.py:540} INFO - Filling up the DagBag from /opt/airflow/dags/running_dbt_core/study_case_etl_all_pipeline.py
[2024-03-29T01:36:26.676+0000] {processor.py:840} INFO - DAG(s) 'study_case_etl_all_pipeline' retrieved from /opt/airflow/dags/running_dbt_core/study_case_etl_all_pipeline.py
[2024-03-29T01:36:26.690+0000] {logging_mixin.py:188} INFO - [2024-03-29T01:36:26.690+0000] {dag.py:3047} INFO - Sync 1 DAGs
[2024-03-29T01:36:26.712+0000] {logging_mixin.py:188} INFO - [2024-03-29T01:36:26.712+0000] {dag.py:3834} INFO - Setting next_dagrun for study_case_etl_all_pipeline to 2024-03-14 17:00:00+00:00, run_after=2024-03-14 17:00:00+00:00
[2024-03-29T01:36:26.727+0000] {processor.py:183} INFO - Processing /opt/airflow/dags/running_dbt_core/study_case_etl_all_pipeline.py took 0.099 seconds
[2024-03-29T01:36:57.469+0000] {processor.py:161} INFO - Started process (PID=25173) to work on /opt/airflow/dags/running_dbt_core/study_case_etl_all_pipeline.py
[2024-03-29T01:36:57.471+0000] {processor.py:830} INFO - Processing file /opt/airflow/dags/running_dbt_core/study_case_etl_all_pipeline.py for tasks to queue
[2024-03-29T01:36:57.473+0000] {logging_mixin.py:188} INFO - [2024-03-29T01:36:57.473+0000] {dagbag.py:540} INFO - Filling up the DagBag from /opt/airflow/dags/running_dbt_core/study_case_etl_all_pipeline.py
[2024-03-29T01:36:57.508+0000] {processor.py:840} INFO - DAG(s) 'study_case_etl_all_pipeline' retrieved from /opt/airflow/dags/running_dbt_core/study_case_etl_all_pipeline.py
[2024-03-29T01:36:57.521+0000] {logging_mixin.py:188} INFO - [2024-03-29T01:36:57.521+0000] {dag.py:3047} INFO - Sync 1 DAGs
[2024-03-29T01:36:57.541+0000] {logging_mixin.py:188} INFO - [2024-03-29T01:36:57.541+0000] {dag.py:3834} INFO - Setting next_dagrun for study_case_etl_all_pipeline to 2024-03-14 17:00:00+00:00, run_after=2024-03-14 17:00:00+00:00
[2024-03-29T01:36:57.557+0000] {processor.py:183} INFO - Processing /opt/airflow/dags/running_dbt_core/study_case_etl_all_pipeline.py took 0.090 seconds
[2024-03-29T01:37:27.741+0000] {processor.py:161} INFO - Started process (PID=25206) to work on /opt/airflow/dags/running_dbt_core/study_case_etl_all_pipeline.py
[2024-03-29T01:37:27.742+0000] {processor.py:830} INFO - Processing file /opt/airflow/dags/running_dbt_core/study_case_etl_all_pipeline.py for tasks to queue
[2024-03-29T01:37:27.746+0000] {logging_mixin.py:188} INFO - [2024-03-29T01:37:27.745+0000] {dagbag.py:540} INFO - Filling up the DagBag from /opt/airflow/dags/running_dbt_core/study_case_etl_all_pipeline.py
[2024-03-29T01:37:27.782+0000] {processor.py:840} INFO - DAG(s) 'study_case_etl_all_pipeline' retrieved from /opt/airflow/dags/running_dbt_core/study_case_etl_all_pipeline.py
[2024-03-29T01:37:27.795+0000] {logging_mixin.py:188} INFO - [2024-03-29T01:37:27.795+0000] {dag.py:3047} INFO - Sync 1 DAGs
[2024-03-29T01:37:27.814+0000] {logging_mixin.py:188} INFO - [2024-03-29T01:37:27.813+0000] {dag.py:3834} INFO - Setting next_dagrun for study_case_etl_all_pipeline to 2024-03-14 17:00:00+00:00, run_after=2024-03-14 17:00:00+00:00
[2024-03-29T01:37:27.830+0000] {processor.py:183} INFO - Processing /opt/airflow/dags/running_dbt_core/study_case_etl_all_pipeline.py took 0.096 seconds
[2024-03-29T01:37:58.130+0000] {processor.py:161} INFO - Started process (PID=25239) to work on /opt/airflow/dags/running_dbt_core/study_case_etl_all_pipeline.py
[2024-03-29T01:37:58.131+0000] {processor.py:830} INFO - Processing file /opt/airflow/dags/running_dbt_core/study_case_etl_all_pipeline.py for tasks to queue
[2024-03-29T01:37:58.133+0000] {logging_mixin.py:188} INFO - [2024-03-29T01:37:58.133+0000] {dagbag.py:540} INFO - Filling up the DagBag from /opt/airflow/dags/running_dbt_core/study_case_etl_all_pipeline.py
[2024-03-29T01:37:58.169+0000] {processor.py:840} INFO - DAG(s) 'study_case_etl_all_pipeline' retrieved from /opt/airflow/dags/running_dbt_core/study_case_etl_all_pipeline.py
[2024-03-29T01:37:58.183+0000] {logging_mixin.py:188} INFO - [2024-03-29T01:37:58.183+0000] {dag.py:3047} INFO - Sync 1 DAGs
[2024-03-29T01:37:58.203+0000] {logging_mixin.py:188} INFO - [2024-03-29T01:37:58.203+0000] {dag.py:3834} INFO - Setting next_dagrun for study_case_etl_all_pipeline to 2024-03-14 17:00:00+00:00, run_after=2024-03-14 17:00:00+00:00
[2024-03-29T01:37:58.220+0000] {processor.py:183} INFO - Processing /opt/airflow/dags/running_dbt_core/study_case_etl_all_pipeline.py took 0.093 seconds
[2024-03-29T01:38:29.127+0000] {processor.py:161} INFO - Started process (PID=25272) to work on /opt/airflow/dags/running_dbt_core/study_case_etl_all_pipeline.py
[2024-03-29T01:38:29.129+0000] {processor.py:830} INFO - Processing file /opt/airflow/dags/running_dbt_core/study_case_etl_all_pipeline.py for tasks to queue
[2024-03-29T01:38:29.132+0000] {logging_mixin.py:188} INFO - [2024-03-29T01:38:29.131+0000] {dagbag.py:540} INFO - Filling up the DagBag from /opt/airflow/dags/running_dbt_core/study_case_etl_all_pipeline.py
[2024-03-29T01:38:29.169+0000] {processor.py:840} INFO - DAG(s) 'study_case_etl_all_pipeline' retrieved from /opt/airflow/dags/running_dbt_core/study_case_etl_all_pipeline.py
[2024-03-29T01:38:29.183+0000] {logging_mixin.py:188} INFO - [2024-03-29T01:38:29.183+0000] {dag.py:3047} INFO - Sync 1 DAGs
[2024-03-29T01:38:29.202+0000] {logging_mixin.py:188} INFO - [2024-03-29T01:38:29.202+0000] {dag.py:3834} INFO - Setting next_dagrun for study_case_etl_all_pipeline to 2024-03-14 17:00:00+00:00, run_after=2024-03-14 17:00:00+00:00
[2024-03-29T01:38:29.219+0000] {processor.py:183} INFO - Processing /opt/airflow/dags/running_dbt_core/study_case_etl_all_pipeline.py took 0.099 seconds
[2024-03-29T01:38:59.594+0000] {processor.py:161} INFO - Started process (PID=25305) to work on /opt/airflow/dags/running_dbt_core/study_case_etl_all_pipeline.py
[2024-03-29T01:38:59.596+0000] {processor.py:830} INFO - Processing file /opt/airflow/dags/running_dbt_core/study_case_etl_all_pipeline.py for tasks to queue
[2024-03-29T01:38:59.600+0000] {logging_mixin.py:188} INFO - [2024-03-29T01:38:59.599+0000] {dagbag.py:540} INFO - Filling up the DagBag from /opt/airflow/dags/running_dbt_core/study_case_etl_all_pipeline.py
[2024-03-29T01:38:59.650+0000] {processor.py:840} INFO - DAG(s) 'study_case_etl_all_pipeline' retrieved from /opt/airflow/dags/running_dbt_core/study_case_etl_all_pipeline.py
[2024-03-29T01:38:59.665+0000] {logging_mixin.py:188} INFO - [2024-03-29T01:38:59.664+0000] {dag.py:3047} INFO - Sync 1 DAGs
[2024-03-29T01:38:59.685+0000] {logging_mixin.py:188} INFO - [2024-03-29T01:38:59.685+0000] {dag.py:3834} INFO - Setting next_dagrun for study_case_etl_all_pipeline to 2024-03-14 17:00:00+00:00, run_after=2024-03-14 17:00:00+00:00
[2024-03-29T01:38:59.703+0000] {processor.py:183} INFO - Processing /opt/airflow/dags/running_dbt_core/study_case_etl_all_pipeline.py took 0.115 seconds
[2024-03-29T01:39:30.415+0000] {processor.py:161} INFO - Started process (PID=25338) to work on /opt/airflow/dags/running_dbt_core/study_case_etl_all_pipeline.py
[2024-03-29T01:39:30.417+0000] {processor.py:830} INFO - Processing file /opt/airflow/dags/running_dbt_core/study_case_etl_all_pipeline.py for tasks to queue
[2024-03-29T01:39:30.421+0000] {logging_mixin.py:188} INFO - [2024-03-29T01:39:30.421+0000] {dagbag.py:540} INFO - Filling up the DagBag from /opt/airflow/dags/running_dbt_core/study_case_etl_all_pipeline.py
[2024-03-29T01:39:30.459+0000] {processor.py:840} INFO - DAG(s) 'study_case_etl_all_pipeline' retrieved from /opt/airflow/dags/running_dbt_core/study_case_etl_all_pipeline.py
[2024-03-29T01:39:30.478+0000] {logging_mixin.py:188} INFO - [2024-03-29T01:39:30.478+0000] {dag.py:3047} INFO - Sync 1 DAGs
[2024-03-29T01:39:30.498+0000] {logging_mixin.py:188} INFO - [2024-03-29T01:39:30.498+0000] {dag.py:3834} INFO - Setting next_dagrun for study_case_etl_all_pipeline to 2024-03-14 17:00:00+00:00, run_after=2024-03-14 17:00:00+00:00
[2024-03-29T01:39:30.513+0000] {processor.py:183} INFO - Processing /opt/airflow/dags/running_dbt_core/study_case_etl_all_pipeline.py took 0.104 seconds
[2024-03-29T01:40:01.426+0000] {processor.py:161} INFO - Started process (PID=25371) to work on /opt/airflow/dags/running_dbt_core/study_case_etl_all_pipeline.py
[2024-03-29T01:40:01.427+0000] {processor.py:830} INFO - Processing file /opt/airflow/dags/running_dbt_core/study_case_etl_all_pipeline.py for tasks to queue
[2024-03-29T01:40:01.430+0000] {logging_mixin.py:188} INFO - [2024-03-29T01:40:01.429+0000] {dagbag.py:540} INFO - Filling up the DagBag from /opt/airflow/dags/running_dbt_core/study_case_etl_all_pipeline.py
[2024-03-29T01:40:01.463+0000] {processor.py:840} INFO - DAG(s) 'study_case_etl_all_pipeline' retrieved from /opt/airflow/dags/running_dbt_core/study_case_etl_all_pipeline.py
[2024-03-29T01:40:01.477+0000] {logging_mixin.py:188} INFO - [2024-03-29T01:40:01.477+0000] {dag.py:3047} INFO - Sync 1 DAGs
[2024-03-29T01:40:01.496+0000] {logging_mixin.py:188} INFO - [2024-03-29T01:40:01.496+0000] {dag.py:3834} INFO - Setting next_dagrun for study_case_etl_all_pipeline to 2024-03-14 17:00:00+00:00, run_after=2024-03-14 17:00:00+00:00
[2024-03-29T01:40:01.513+0000] {processor.py:183} INFO - Processing /opt/airflow/dags/running_dbt_core/study_case_etl_all_pipeline.py took 0.089 seconds
[2024-03-29T01:40:32.346+0000] {processor.py:161} INFO - Started process (PID=25404) to work on /opt/airflow/dags/running_dbt_core/study_case_etl_all_pipeline.py
[2024-03-29T01:40:32.347+0000] {processor.py:830} INFO - Processing file /opt/airflow/dags/running_dbt_core/study_case_etl_all_pipeline.py for tasks to queue
[2024-03-29T01:40:32.350+0000] {logging_mixin.py:188} INFO - [2024-03-29T01:40:32.349+0000] {dagbag.py:540} INFO - Filling up the DagBag from /opt/airflow/dags/running_dbt_core/study_case_etl_all_pipeline.py
[2024-03-29T01:40:32.384+0000] {processor.py:840} INFO - DAG(s) 'study_case_etl_all_pipeline' retrieved from /opt/airflow/dags/running_dbt_core/study_case_etl_all_pipeline.py
[2024-03-29T01:40:32.399+0000] {logging_mixin.py:188} INFO - [2024-03-29T01:40:32.399+0000] {dag.py:3047} INFO - Sync 1 DAGs
[2024-03-29T01:40:32.419+0000] {logging_mixin.py:188} INFO - [2024-03-29T01:40:32.419+0000] {dag.py:3834} INFO - Setting next_dagrun for study_case_etl_all_pipeline to 2024-03-14 17:00:00+00:00, run_after=2024-03-14 17:00:00+00:00
[2024-03-29T01:40:32.436+0000] {processor.py:183} INFO - Processing /opt/airflow/dags/running_dbt_core/study_case_etl_all_pipeline.py took 0.094 seconds
[2024-03-29T01:41:03.310+0000] {processor.py:161} INFO - Started process (PID=25437) to work on /opt/airflow/dags/running_dbt_core/study_case_etl_all_pipeline.py
[2024-03-29T01:41:03.311+0000] {processor.py:830} INFO - Processing file /opt/airflow/dags/running_dbt_core/study_case_etl_all_pipeline.py for tasks to queue
[2024-03-29T01:41:03.313+0000] {logging_mixin.py:188} INFO - [2024-03-29T01:41:03.313+0000] {dagbag.py:540} INFO - Filling up the DagBag from /opt/airflow/dags/running_dbt_core/study_case_etl_all_pipeline.py
[2024-03-29T01:41:03.347+0000] {processor.py:840} INFO - DAG(s) 'study_case_etl_all_pipeline' retrieved from /opt/airflow/dags/running_dbt_core/study_case_etl_all_pipeline.py
[2024-03-29T01:41:03.360+0000] {logging_mixin.py:188} INFO - [2024-03-29T01:41:03.360+0000] {dag.py:3047} INFO - Sync 1 DAGs
[2024-03-29T01:41:03.379+0000] {logging_mixin.py:188} INFO - [2024-03-29T01:41:03.379+0000] {dag.py:3834} INFO - Setting next_dagrun for study_case_etl_all_pipeline to 2024-03-14 17:00:00+00:00, run_after=2024-03-14 17:00:00+00:00
[2024-03-29T01:41:03.532+0000] {processor.py:183} INFO - Processing /opt/airflow/dags/running_dbt_core/study_case_etl_all_pipeline.py took 0.225 seconds
[2024-03-29T01:41:34.260+0000] {processor.py:161} INFO - Started process (PID=25470) to work on /opt/airflow/dags/running_dbt_core/study_case_etl_all_pipeline.py
[2024-03-29T01:41:34.262+0000] {processor.py:830} INFO - Processing file /opt/airflow/dags/running_dbt_core/study_case_etl_all_pipeline.py for tasks to queue
[2024-03-29T01:41:34.265+0000] {logging_mixin.py:188} INFO - [2024-03-29T01:41:34.264+0000] {dagbag.py:540} INFO - Filling up the DagBag from /opt/airflow/dags/running_dbt_core/study_case_etl_all_pipeline.py
[2024-03-29T01:41:34.299+0000] {processor.py:840} INFO - DAG(s) 'study_case_etl_all_pipeline' retrieved from /opt/airflow/dags/running_dbt_core/study_case_etl_all_pipeline.py
[2024-03-29T01:41:34.313+0000] {logging_mixin.py:188} INFO - [2024-03-29T01:41:34.312+0000] {dag.py:3047} INFO - Sync 1 DAGs
[2024-03-29T01:41:34.331+0000] {logging_mixin.py:188} INFO - [2024-03-29T01:41:34.330+0000] {dag.py:3834} INFO - Setting next_dagrun for study_case_etl_all_pipeline to 2024-03-14 17:00:00+00:00, run_after=2024-03-14 17:00:00+00:00
[2024-03-29T01:41:34.346+0000] {processor.py:183} INFO - Processing /opt/airflow/dags/running_dbt_core/study_case_etl_all_pipeline.py took 0.090 seconds
[2024-03-29T01:42:05.276+0000] {processor.py:161} INFO - Started process (PID=25503) to work on /opt/airflow/dags/running_dbt_core/study_case_etl_all_pipeline.py
[2024-03-29T01:42:05.278+0000] {processor.py:830} INFO - Processing file /opt/airflow/dags/running_dbt_core/study_case_etl_all_pipeline.py for tasks to queue
[2024-03-29T01:42:05.282+0000] {logging_mixin.py:188} INFO - [2024-03-29T01:42:05.281+0000] {dagbag.py:540} INFO - Filling up the DagBag from /opt/airflow/dags/running_dbt_core/study_case_etl_all_pipeline.py
[2024-03-29T01:42:05.325+0000] {processor.py:840} INFO - DAG(s) 'study_case_etl_all_pipeline' retrieved from /opt/airflow/dags/running_dbt_core/study_case_etl_all_pipeline.py
[2024-03-29T01:42:05.339+0000] {logging_mixin.py:188} INFO - [2024-03-29T01:42:05.338+0000] {dag.py:3047} INFO - Sync 1 DAGs
[2024-03-29T01:42:05.359+0000] {logging_mixin.py:188} INFO - [2024-03-29T01:42:05.359+0000] {dag.py:3834} INFO - Setting next_dagrun for study_case_etl_all_pipeline to 2024-03-14 17:00:00+00:00, run_after=2024-03-14 17:00:00+00:00
[2024-03-29T01:42:05.504+0000] {processor.py:183} INFO - Processing /opt/airflow/dags/running_dbt_core/study_case_etl_all_pipeline.py took 0.233 seconds
[2024-03-29T01:42:36.235+0000] {processor.py:161} INFO - Started process (PID=25536) to work on /opt/airflow/dags/running_dbt_core/study_case_etl_all_pipeline.py
[2024-03-29T01:42:36.237+0000] {processor.py:830} INFO - Processing file /opt/airflow/dags/running_dbt_core/study_case_etl_all_pipeline.py for tasks to queue
[2024-03-29T01:42:36.242+0000] {logging_mixin.py:188} INFO - [2024-03-29T01:42:36.241+0000] {dagbag.py:540} INFO - Filling up the DagBag from /opt/airflow/dags/running_dbt_core/study_case_etl_all_pipeline.py
[2024-03-29T01:42:36.286+0000] {processor.py:840} INFO - DAG(s) 'study_case_etl_all_pipeline' retrieved from /opt/airflow/dags/running_dbt_core/study_case_etl_all_pipeline.py
[2024-03-29T01:42:36.448+0000] {logging_mixin.py:188} INFO - [2024-03-29T01:42:36.448+0000] {dag.py:3047} INFO - Sync 1 DAGs
[2024-03-29T01:42:36.477+0000] {logging_mixin.py:188} INFO - [2024-03-29T01:42:36.477+0000] {dag.py:3834} INFO - Setting next_dagrun for study_case_etl_all_pipeline to 2024-03-14 17:00:00+00:00, run_after=2024-03-14 17:00:00+00:00
[2024-03-29T01:42:36.500+0000] {processor.py:183} INFO - Processing /opt/airflow/dags/running_dbt_core/study_case_etl_all_pipeline.py took 0.274 seconds
[2024-03-29T01:43:06.574+0000] {processor.py:161} INFO - Started process (PID=25569) to work on /opt/airflow/dags/running_dbt_core/study_case_etl_all_pipeline.py
[2024-03-29T01:43:06.576+0000] {processor.py:830} INFO - Processing file /opt/airflow/dags/running_dbt_core/study_case_etl_all_pipeline.py for tasks to queue
[2024-03-29T01:43:06.580+0000] {logging_mixin.py:188} INFO - [2024-03-29T01:43:06.579+0000] {dagbag.py:540} INFO - Filling up the DagBag from /opt/airflow/dags/running_dbt_core/study_case_etl_all_pipeline.py
[2024-03-29T01:43:06.622+0000] {processor.py:840} INFO - DAG(s) 'study_case_etl_all_pipeline' retrieved from /opt/airflow/dags/running_dbt_core/study_case_etl_all_pipeline.py
[2024-03-29T01:43:06.638+0000] {logging_mixin.py:188} INFO - [2024-03-29T01:43:06.638+0000] {dag.py:3047} INFO - Sync 1 DAGs
[2024-03-29T01:43:06.661+0000] {logging_mixin.py:188} INFO - [2024-03-29T01:43:06.660+0000] {dag.py:3834} INFO - Setting next_dagrun for study_case_etl_all_pipeline to 2024-03-14 17:00:00+00:00, run_after=2024-03-14 17:00:00+00:00
[2024-03-29T01:43:06.826+0000] {processor.py:183} INFO - Processing /opt/airflow/dags/running_dbt_core/study_case_etl_all_pipeline.py took 0.259 seconds
[2024-03-29T01:43:37.378+0000] {processor.py:161} INFO - Started process (PID=25602) to work on /opt/airflow/dags/running_dbt_core/study_case_etl_all_pipeline.py
[2024-03-29T01:43:37.379+0000] {processor.py:830} INFO - Processing file /opt/airflow/dags/running_dbt_core/study_case_etl_all_pipeline.py for tasks to queue
[2024-03-29T01:43:37.382+0000] {logging_mixin.py:188} INFO - [2024-03-29T01:43:37.382+0000] {dagbag.py:540} INFO - Filling up the DagBag from /opt/airflow/dags/running_dbt_core/study_case_etl_all_pipeline.py
[2024-03-29T01:43:37.431+0000] {processor.py:840} INFO - DAG(s) 'study_case_etl_all_pipeline' retrieved from /opt/airflow/dags/running_dbt_core/study_case_etl_all_pipeline.py
[2024-03-29T01:43:37.585+0000] {logging_mixin.py:188} INFO - [2024-03-29T01:43:37.585+0000] {dag.py:3047} INFO - Sync 1 DAGs
[2024-03-29T01:43:37.604+0000] {logging_mixin.py:188} INFO - [2024-03-29T01:43:37.604+0000] {dag.py:3834} INFO - Setting next_dagrun for study_case_etl_all_pipeline to 2024-03-14 17:00:00+00:00, run_after=2024-03-14 17:00:00+00:00
[2024-03-29T01:43:37.622+0000] {processor.py:183} INFO - Processing /opt/airflow/dags/running_dbt_core/study_case_etl_all_pipeline.py took 0.247 seconds
[2024-03-29T01:44:08.092+0000] {processor.py:161} INFO - Started process (PID=25635) to work on /opt/airflow/dags/running_dbt_core/study_case_etl_all_pipeline.py
[2024-03-29T01:44:08.093+0000] {processor.py:830} INFO - Processing file /opt/airflow/dags/running_dbt_core/study_case_etl_all_pipeline.py for tasks to queue
[2024-03-29T01:44:08.098+0000] {logging_mixin.py:188} INFO - [2024-03-29T01:44:08.098+0000] {dagbag.py:540} INFO - Filling up the DagBag from /opt/airflow/dags/running_dbt_core/study_case_etl_all_pipeline.py
[2024-03-29T01:44:08.150+0000] {processor.py:840} INFO - DAG(s) 'study_case_etl_all_pipeline' retrieved from /opt/airflow/dags/running_dbt_core/study_case_etl_all_pipeline.py
[2024-03-29T01:44:08.168+0000] {logging_mixin.py:188} INFO - [2024-03-29T01:44:08.168+0000] {dag.py:3047} INFO - Sync 1 DAGs
[2024-03-29T01:44:08.193+0000] {logging_mixin.py:188} INFO - [2024-03-29T01:44:08.193+0000] {dag.py:3834} INFO - Setting next_dagrun for study_case_etl_all_pipeline to 2024-03-14 17:00:00+00:00, run_after=2024-03-14 17:00:00+00:00
[2024-03-29T01:44:08.352+0000] {processor.py:183} INFO - Processing /opt/airflow/dags/running_dbt_core/study_case_etl_all_pipeline.py took 0.268 seconds
[2024-03-29T01:44:39.011+0000] {processor.py:161} INFO - Started process (PID=25667) to work on /opt/airflow/dags/running_dbt_core/study_case_etl_all_pipeline.py
[2024-03-29T01:44:39.012+0000] {processor.py:830} INFO - Processing file /opt/airflow/dags/running_dbt_core/study_case_etl_all_pipeline.py for tasks to queue
[2024-03-29T01:44:39.015+0000] {logging_mixin.py:188} INFO - [2024-03-29T01:44:39.014+0000] {dagbag.py:540} INFO - Filling up the DagBag from /opt/airflow/dags/running_dbt_core/study_case_etl_all_pipeline.py
[2024-03-29T01:44:39.055+0000] {processor.py:840} INFO - DAG(s) 'study_case_etl_all_pipeline' retrieved from /opt/airflow/dags/running_dbt_core/study_case_etl_all_pipeline.py
[2024-03-29T01:44:39.070+0000] {logging_mixin.py:188} INFO - [2024-03-29T01:44:39.070+0000] {dag.py:3047} INFO - Sync 1 DAGs
[2024-03-29T01:44:39.091+0000] {logging_mixin.py:188} INFO - [2024-03-29T01:44:39.091+0000] {dag.py:3834} INFO - Setting next_dagrun for study_case_etl_all_pipeline to 2024-03-14 17:00:00+00:00, run_after=2024-03-14 17:00:00+00:00
[2024-03-29T01:44:39.109+0000] {processor.py:183} INFO - Processing /opt/airflow/dags/running_dbt_core/study_case_etl_all_pipeline.py took 0.101 seconds
[2024-03-29T01:45:09.437+0000] {processor.py:161} INFO - Started process (PID=25700) to work on /opt/airflow/dags/running_dbt_core/study_case_etl_all_pipeline.py
[2024-03-29T01:45:09.439+0000] {processor.py:830} INFO - Processing file /opt/airflow/dags/running_dbt_core/study_case_etl_all_pipeline.py for tasks to queue
[2024-03-29T01:45:09.443+0000] {logging_mixin.py:188} INFO - [2024-03-29T01:45:09.442+0000] {dagbag.py:540} INFO - Filling up the DagBag from /opt/airflow/dags/running_dbt_core/study_case_etl_all_pipeline.py
[2024-03-29T01:45:09.486+0000] {processor.py:840} INFO - DAG(s) 'study_case_etl_all_pipeline' retrieved from /opt/airflow/dags/running_dbt_core/study_case_etl_all_pipeline.py
[2024-03-29T01:45:09.501+0000] {logging_mixin.py:188} INFO - [2024-03-29T01:45:09.501+0000] {dag.py:3047} INFO - Sync 1 DAGs
[2024-03-29T01:45:09.524+0000] {logging_mixin.py:188} INFO - [2024-03-29T01:45:09.524+0000] {dag.py:3834} INFO - Setting next_dagrun for study_case_etl_all_pipeline to 2024-03-14 17:00:00+00:00, run_after=2024-03-14 17:00:00+00:00
[2024-03-29T01:45:09.542+0000] {processor.py:183} INFO - Processing /opt/airflow/dags/running_dbt_core/study_case_etl_all_pipeline.py took 0.110 seconds
[2024-03-29T01:45:39.855+0000] {processor.py:161} INFO - Started process (PID=25733) to work on /opt/airflow/dags/running_dbt_core/study_case_etl_all_pipeline.py
[2024-03-29T01:45:39.858+0000] {processor.py:830} INFO - Processing file /opt/airflow/dags/running_dbt_core/study_case_etl_all_pipeline.py for tasks to queue
[2024-03-29T01:45:39.863+0000] {logging_mixin.py:188} INFO - [2024-03-29T01:45:39.862+0000] {dagbag.py:540} INFO - Filling up the DagBag from /opt/airflow/dags/running_dbt_core/study_case_etl_all_pipeline.py
[2024-03-29T01:45:39.919+0000] {processor.py:840} INFO - DAG(s) 'study_case_etl_all_pipeline' retrieved from /opt/airflow/dags/running_dbt_core/study_case_etl_all_pipeline.py
[2024-03-29T01:45:39.934+0000] {logging_mixin.py:188} INFO - [2024-03-29T01:45:39.934+0000] {dag.py:3047} INFO - Sync 1 DAGs
[2024-03-29T01:45:39.954+0000] {logging_mixin.py:188} INFO - [2024-03-29T01:45:39.954+0000] {dag.py:3834} INFO - Setting next_dagrun for study_case_etl_all_pipeline to 2024-03-14 17:00:00+00:00, run_after=2024-03-14 17:00:00+00:00
[2024-03-29T01:45:39.970+0000] {processor.py:183} INFO - Processing /opt/airflow/dags/running_dbt_core/study_case_etl_all_pipeline.py took 0.125 seconds
[2024-03-29T01:46:10.122+0000] {processor.py:161} INFO - Started process (PID=25766) to work on /opt/airflow/dags/running_dbt_core/study_case_etl_all_pipeline.py
[2024-03-29T01:46:10.124+0000] {processor.py:830} INFO - Processing file /opt/airflow/dags/running_dbt_core/study_case_etl_all_pipeline.py for tasks to queue
[2024-03-29T01:46:10.127+0000] {logging_mixin.py:188} INFO - [2024-03-29T01:46:10.126+0000] {dagbag.py:540} INFO - Filling up the DagBag from /opt/airflow/dags/running_dbt_core/study_case_etl_all_pipeline.py
[2024-03-29T01:46:10.173+0000] {processor.py:840} INFO - DAG(s) 'study_case_etl_all_pipeline' retrieved from /opt/airflow/dags/running_dbt_core/study_case_etl_all_pipeline.py
[2024-03-29T01:46:10.189+0000] {logging_mixin.py:188} INFO - [2024-03-29T01:46:10.189+0000] {dag.py:3047} INFO - Sync 1 DAGs
[2024-03-29T01:46:10.211+0000] {logging_mixin.py:188} INFO - [2024-03-29T01:46:10.210+0000] {dag.py:3834} INFO - Setting next_dagrun for study_case_etl_all_pipeline to 2024-03-14 17:00:00+00:00, run_after=2024-03-14 17:00:00+00:00
[2024-03-29T01:46:10.229+0000] {processor.py:183} INFO - Processing /opt/airflow/dags/running_dbt_core/study_case_etl_all_pipeline.py took 0.114 seconds
[2024-03-29T01:46:40.449+0000] {processor.py:161} INFO - Started process (PID=25799) to work on /opt/airflow/dags/running_dbt_core/study_case_etl_all_pipeline.py
[2024-03-29T01:46:40.452+0000] {processor.py:830} INFO - Processing file /opt/airflow/dags/running_dbt_core/study_case_etl_all_pipeline.py for tasks to queue
[2024-03-29T01:46:40.457+0000] {logging_mixin.py:188} INFO - [2024-03-29T01:46:40.456+0000] {dagbag.py:540} INFO - Filling up the DagBag from /opt/airflow/dags/running_dbt_core/study_case_etl_all_pipeline.py
[2024-03-29T01:46:40.535+0000] {processor.py:840} INFO - DAG(s) 'study_case_etl_all_pipeline' retrieved from /opt/airflow/dags/running_dbt_core/study_case_etl_all_pipeline.py
[2024-03-29T01:46:40.556+0000] {logging_mixin.py:188} INFO - [2024-03-29T01:46:40.555+0000] {dag.py:3047} INFO - Sync 1 DAGs
[2024-03-29T01:46:40.588+0000] {logging_mixin.py:188} INFO - [2024-03-29T01:46:40.588+0000] {dag.py:3834} INFO - Setting next_dagrun for study_case_etl_all_pipeline to 2024-03-14 17:00:00+00:00, run_after=2024-03-14 17:00:00+00:00
[2024-03-29T01:46:40.619+0000] {processor.py:183} INFO - Processing /opt/airflow/dags/running_dbt_core/study_case_etl_all_pipeline.py took 0.176 seconds
[2024-03-29T01:47:10.853+0000] {processor.py:161} INFO - Started process (PID=25832) to work on /opt/airflow/dags/running_dbt_core/study_case_etl_all_pipeline.py
[2024-03-29T01:47:10.856+0000] {processor.py:830} INFO - Processing file /opt/airflow/dags/running_dbt_core/study_case_etl_all_pipeline.py for tasks to queue
[2024-03-29T01:47:10.860+0000] {logging_mixin.py:188} INFO - [2024-03-29T01:47:10.859+0000] {dagbag.py:540} INFO - Filling up the DagBag from /opt/airflow/dags/running_dbt_core/study_case_etl_all_pipeline.py
[2024-03-29T01:47:10.915+0000] {processor.py:840} INFO - DAG(s) 'study_case_etl_all_pipeline' retrieved from /opt/airflow/dags/running_dbt_core/study_case_etl_all_pipeline.py
[2024-03-29T01:47:10.930+0000] {logging_mixin.py:188} INFO - [2024-03-29T01:47:10.930+0000] {dag.py:3047} INFO - Sync 1 DAGs
[2024-03-29T01:47:10.952+0000] {logging_mixin.py:188} INFO - [2024-03-29T01:47:10.952+0000] {dag.py:3834} INFO - Setting next_dagrun for study_case_etl_all_pipeline to 2024-03-14 17:00:00+00:00, run_after=2024-03-14 17:00:00+00:00
[2024-03-29T01:47:10.970+0000] {processor.py:183} INFO - Processing /opt/airflow/dags/running_dbt_core/study_case_etl_all_pipeline.py took 0.124 seconds
[2024-03-29T01:47:41.575+0000] {processor.py:161} INFO - Started process (PID=25865) to work on /opt/airflow/dags/running_dbt_core/study_case_etl_all_pipeline.py
[2024-03-29T01:47:41.578+0000] {processor.py:830} INFO - Processing file /opt/airflow/dags/running_dbt_core/study_case_etl_all_pipeline.py for tasks to queue
[2024-03-29T01:47:41.582+0000] {logging_mixin.py:188} INFO - [2024-03-29T01:47:41.581+0000] {dagbag.py:540} INFO - Filling up the DagBag from /opt/airflow/dags/running_dbt_core/study_case_etl_all_pipeline.py
[2024-03-29T01:47:41.625+0000] {processor.py:840} INFO - DAG(s) 'study_case_etl_all_pipeline' retrieved from /opt/airflow/dags/running_dbt_core/study_case_etl_all_pipeline.py
[2024-03-29T01:47:41.640+0000] {logging_mixin.py:188} INFO - [2024-03-29T01:47:41.640+0000] {dag.py:3047} INFO - Sync 1 DAGs
[2024-03-29T01:47:41.660+0000] {logging_mixin.py:188} INFO - [2024-03-29T01:47:41.660+0000] {dag.py:3834} INFO - Setting next_dagrun for study_case_etl_all_pipeline to 2024-03-14 17:00:00+00:00, run_after=2024-03-14 17:00:00+00:00
[2024-03-29T01:47:41.676+0000] {processor.py:183} INFO - Processing /opt/airflow/dags/running_dbt_core/study_case_etl_all_pipeline.py took 0.107 seconds
[2024-03-29T01:48:11.988+0000] {processor.py:161} INFO - Started process (PID=25898) to work on /opt/airflow/dags/running_dbt_core/study_case_etl_all_pipeline.py
[2024-03-29T01:48:11.990+0000] {processor.py:830} INFO - Processing file /opt/airflow/dags/running_dbt_core/study_case_etl_all_pipeline.py for tasks to queue
[2024-03-29T01:48:11.993+0000] {logging_mixin.py:188} INFO - [2024-03-29T01:48:11.993+0000] {dagbag.py:540} INFO - Filling up the DagBag from /opt/airflow/dags/running_dbt_core/study_case_etl_all_pipeline.py
[2024-03-29T01:48:12.042+0000] {processor.py:840} INFO - DAG(s) 'study_case_etl_all_pipeline' retrieved from /opt/airflow/dags/running_dbt_core/study_case_etl_all_pipeline.py
[2024-03-29T01:48:12.057+0000] {logging_mixin.py:188} INFO - [2024-03-29T01:48:12.056+0000] {dag.py:3047} INFO - Sync 1 DAGs
[2024-03-29T01:48:12.078+0000] {logging_mixin.py:188} INFO - [2024-03-29T01:48:12.078+0000] {dag.py:3834} INFO - Setting next_dagrun for study_case_etl_all_pipeline to 2024-03-14 17:00:00+00:00, run_after=2024-03-14 17:00:00+00:00
[2024-03-29T01:48:12.097+0000] {processor.py:183} INFO - Processing /opt/airflow/dags/running_dbt_core/study_case_etl_all_pipeline.py took 0.116 seconds
[2024-03-29T01:49:25.221+0000] {processor.py:161} INFO - Started process (PID=25943) to work on /opt/airflow/dags/running_dbt_core/study_case_etl_all_pipeline.py
[2024-03-29T01:49:25.238+0000] {processor.py:830} INFO - Processing file /opt/airflow/dags/running_dbt_core/study_case_etl_all_pipeline.py for tasks to queue
[2024-03-29T01:49:25.242+0000] {logging_mixin.py:188} INFO - [2024-03-29T01:49:25.241+0000] {dagbag.py:540} INFO - Filling up the DagBag from /opt/airflow/dags/running_dbt_core/study_case_etl_all_pipeline.py
[2024-03-29T01:49:25.380+0000] {processor.py:840} INFO - DAG(s) 'study_case_etl_all_pipeline' retrieved from /opt/airflow/dags/running_dbt_core/study_case_etl_all_pipeline.py
[2024-03-29T01:49:25.458+0000] {logging_mixin.py:188} INFO - [2024-03-29T01:49:25.452+0000] {dag.py:3047} INFO - Sync 1 DAGs
[2024-03-29T01:49:25.517+0000] {logging_mixin.py:188} INFO - [2024-03-29T01:49:25.516+0000] {dag.py:3834} INFO - Setting next_dagrun for study_case_etl_all_pipeline to 2024-03-14 17:00:00+00:00, run_after=2024-03-14 17:00:00+00:00
[2024-03-29T01:49:25.743+0000] {processor.py:183} INFO - Processing /opt/airflow/dags/running_dbt_core/study_case_etl_all_pipeline.py took 0.527 seconds
[2024-03-29T01:49:56.787+0000] {processor.py:161} INFO - Started process (PID=25976) to work on /opt/airflow/dags/running_dbt_core/study_case_etl_all_pipeline.py
[2024-03-29T01:49:56.794+0000] {processor.py:830} INFO - Processing file /opt/airflow/dags/running_dbt_core/study_case_etl_all_pipeline.py for tasks to queue
[2024-03-29T01:49:56.797+0000] {logging_mixin.py:188} INFO - [2024-03-29T01:49:56.797+0000] {dagbag.py:540} INFO - Filling up the DagBag from /opt/airflow/dags/running_dbt_core/study_case_etl_all_pipeline.py
[2024-03-29T01:49:56.902+0000] {processor.py:840} INFO - DAG(s) 'study_case_etl_all_pipeline' retrieved from /opt/airflow/dags/running_dbt_core/study_case_etl_all_pipeline.py
[2024-03-29T01:49:56.927+0000] {logging_mixin.py:188} INFO - [2024-03-29T01:49:56.927+0000] {dag.py:3047} INFO - Sync 1 DAGs
[2024-03-29T01:49:56.955+0000] {logging_mixin.py:188} INFO - [2024-03-29T01:49:56.955+0000] {dag.py:3834} INFO - Setting next_dagrun for study_case_etl_all_pipeline to 2024-03-14 17:00:00+00:00, run_after=2024-03-14 17:00:00+00:00
[2024-03-29T01:49:57.944+0000] {processor.py:183} INFO - Processing /opt/airflow/dags/running_dbt_core/study_case_etl_all_pipeline.py took 1.164 seconds
[2024-03-29T01:50:29.272+0000] {processor.py:161} INFO - Started process (PID=26009) to work on /opt/airflow/dags/running_dbt_core/study_case_etl_all_pipeline.py
[2024-03-29T01:50:29.274+0000] {processor.py:830} INFO - Processing file /opt/airflow/dags/running_dbt_core/study_case_etl_all_pipeline.py for tasks to queue
[2024-03-29T01:50:29.279+0000] {logging_mixin.py:188} INFO - [2024-03-29T01:50:29.279+0000] {dagbag.py:540} INFO - Filling up the DagBag from /opt/airflow/dags/running_dbt_core/study_case_etl_all_pipeline.py
[2024-03-29T01:50:29.351+0000] {processor.py:840} INFO - DAG(s) 'study_case_etl_all_pipeline' retrieved from /opt/airflow/dags/running_dbt_core/study_case_etl_all_pipeline.py
[2024-03-29T01:50:29.371+0000] {logging_mixin.py:188} INFO - [2024-03-29T01:50:29.371+0000] {dag.py:3047} INFO - Sync 1 DAGs
[2024-03-29T01:50:29.406+0000] {logging_mixin.py:188} INFO - [2024-03-29T01:50:29.405+0000] {dag.py:3834} INFO - Setting next_dagrun for study_case_etl_all_pipeline to 2024-03-14 17:00:00+00:00, run_after=2024-03-14 17:00:00+00:00
[2024-03-29T01:50:29.432+0000] {processor.py:183} INFO - Processing /opt/airflow/dags/running_dbt_core/study_case_etl_all_pipeline.py took 0.168 seconds
