[2024-03-16T06:11:52.916+0000] {taskinstance.py:1979} INFO - Dependencies all met for dep_context=non-requeueable deps ti=<TaskInstance: study_case_etl_cloud_storage.fetch_data_task scheduled__2024-03-15T15:00:00+00:00 [queued]>
[2024-03-16T06:11:52.940+0000] {taskinstance.py:1979} INFO - Dependencies all met for dep_context=requeueable deps ti=<TaskInstance: study_case_etl_cloud_storage.fetch_data_task scheduled__2024-03-15T15:00:00+00:00 [queued]>
[2024-03-16T06:11:52.943+0000] {taskinstance.py:2193} INFO - Starting attempt 1 of 2
[2024-03-16T06:11:52.974+0000] {taskinstance.py:2214} INFO - Executing <Task(PythonOperator): fetch_data_task> on 2024-03-15 15:00:00+00:00
[2024-03-16T06:11:52.985+0000] {standard_task_runner.py:60} INFO - Started process 371 to run task
[2024-03-16T06:11:52.988+0000] {standard_task_runner.py:87} INFO - Running: ['***', 'tasks', 'run', 'study_case_etl_cloud_storage', 'fetch_data_task', 'scheduled__2024-03-15T15:00:00+00:00', '--job-id', '532', '--raw', '--subdir', 'DAGS_FOLDER/etl_day_bigquery/study_case_etl_cloud_storage.py', '--cfg-path', '/tmp/tmpldjawz0r']
[2024-03-16T06:11:52.993+0000] {standard_task_runner.py:88} INFO - Job 532: Subtask fetch_data_task
[2024-03-16T06:11:53.072+0000] {task_command.py:423} INFO - Running <TaskInstance: study_case_etl_cloud_storage.fetch_data_task scheduled__2024-03-15T15:00:00+00:00 [running]> on host 72d5c878da28
[2024-03-16T06:11:53.269+0000] {taskinstance.py:2510} INFO - Exporting env vars: AIRFLOW_CTX_DAG_OWNER='Agus mahari' AIRFLOW_CTX_DAG_ID='study_case_etl_cloud_storage' AIRFLOW_CTX_TASK_ID='fetch_data_task' AIRFLOW_CTX_EXECUTION_DATE='2024-03-15T15:00:00+00:00' AIRFLOW_CTX_TRY_NUMBER='1' AIRFLOW_CTX_DAG_RUN_ID='scheduled__2024-03-15T15:00:00+00:00'
[2024-03-16T06:11:53.272+0000] {warnings.py:109} WARNING - /home/***/.local/lib/python3.8/site-packages/***/utils/context.py:315: AirflowContextDeprecationWarning: Accessing 'execution_date' from the template is deprecated and will be removed in a future version. Please use 'data_interval_start' or 'logical_date' instead.
  warnings.warn(_create_deprecation_warning(k, replacements))

[2024-03-16T06:11:55.924+0000] {logging_mixin.py:188} INFO - 2024-03-16 06:11:55,923 INFO sqlalchemy.engine.Engine SELECT DATABASE()
[2024-03-16T06:11:55.923+0000] {base.py:1863} INFO - SELECT DATABASE()
[2024-03-16T06:11:55.924+0000] {logging_mixin.py:188} INFO - 2024-03-16 06:11:55,924 INFO sqlalchemy.engine.Engine [raw sql] {}
[2024-03-16T06:11:55.924+0000] {base.py:1868} INFO - [raw sql] {}
[2024-03-16T06:11:56.816+0000] {logging_mixin.py:188} INFO - 2024-03-16 06:11:56,816 INFO sqlalchemy.engine.Engine SELECT @@sql_mode
[2024-03-16T06:11:56.816+0000] {base.py:1863} INFO - SELECT @@sql_mode
[2024-03-16T06:11:56.817+0000] {logging_mixin.py:188} INFO - 2024-03-16 06:11:56,817 INFO sqlalchemy.engine.Engine [raw sql] {}
[2024-03-16T06:11:56.817+0000] {base.py:1868} INFO - [raw sql] {}
[2024-03-16T06:11:57.259+0000] {logging_mixin.py:188} INFO - 2024-03-16 06:11:57,259 INFO sqlalchemy.engine.Engine SELECT @@lower_case_table_names
[2024-03-16T06:11:57.259+0000] {base.py:1863} INFO - SELECT @@lower_case_table_names
[2024-03-16T06:11:57.261+0000] {logging_mixin.py:188} INFO - 2024-03-16 06:11:57,260 INFO sqlalchemy.engine.Engine [raw sql] {}
[2024-03-16T06:11:57.260+0000] {base.py:1868} INFO - [raw sql] {}
[2024-03-16T06:11:57.929+0000] {logging_mixin.py:188} INFO - 2024-03-16 06:11:57,929 INFO sqlalchemy.engine.Engine 


   SELECT 
    *, 
    CONVERT_TZ(NOW(), 'UTC', '+07:00') as execution_at
FROM test.user
WHERE updated_at BETWEEN NOW() - INTERVAL 7 MINUTE AND NOW()
[2024-03-16T06:11:57.929+0000] {base.py:1863} INFO - 


   SELECT 
    *, 
    CONVERT_TZ(NOW(), 'UTC', '+07:00') as execution_at
FROM test.user
WHERE updated_at BETWEEN NOW() - INTERVAL 7 MINUTE AND NOW()
[2024-03-16T06:11:57.931+0000] {logging_mixin.py:188} INFO - 2024-03-16 06:11:57,930 INFO sqlalchemy.engine.Engine [raw sql] {}
[2024-03-16T06:11:57.930+0000] {base.py:1868} INFO - [raw sql] {}
[2024-03-16T06:11:58.387+0000] {python.py:202} INFO - Done. Returned value was: /opt/***/data/aplikasi_table_2024-03-15-15-00-00.parquet
[2024-03-16T06:11:58.431+0000] {taskinstance.py:1149} INFO - Marking task as SUCCESS. dag_id=study_case_etl_cloud_storage, task_id=fetch_data_task, execution_date=20240315T150000, start_date=20240316T061152, end_date=20240316T061158
[2024-03-16T06:11:58.504+0000] {local_task_job_runner.py:234} INFO - Task exited with return code 0
[2024-03-16T06:11:58.559+0000] {taskinstance.py:3309} INFO - 1 downstream tasks scheduled from follow-on schedule check
[2024-03-22T17:28:22.371+0000] {taskinstance.py:1979} INFO - Dependencies all met for dep_context=non-requeueable deps ti=<TaskInstance: study_case_etl_cloud_storage.fetch_data_task scheduled__2024-03-15T15:00:00+00:00 [queued]>
[2024-03-22T17:28:22.399+0000] {taskinstance.py:1979} INFO - Dependencies all met for dep_context=requeueable deps ti=<TaskInstance: study_case_etl_cloud_storage.fetch_data_task scheduled__2024-03-15T15:00:00+00:00 [queued]>
[2024-03-22T17:28:22.400+0000] {taskinstance.py:2193} INFO - Starting attempt 1 of 2
[2024-03-22T17:28:22.440+0000] {taskinstance.py:2214} INFO - Executing <Task(PythonOperator): fetch_data_task> on 2024-03-15 15:00:00+00:00
[2024-03-22T17:28:22.459+0000] {standard_task_runner.py:60} INFO - Started process 397 to run task
[2024-03-22T17:28:22.474+0000] {standard_task_runner.py:87} INFO - Running: ['***', 'tasks', 'run', 'study_case_etl_cloud_storage', 'fetch_data_task', 'scheduled__2024-03-15T15:00:00+00:00', '--job-id', '26', '--raw', '--subdir', 'DAGS_FOLDER/etl_day_bigquery/study_case_etl_cloud_storage.py', '--cfg-path', '/tmp/tmp7c3o1rfz']
[2024-03-22T17:28:22.491+0000] {standard_task_runner.py:88} INFO - Job 26: Subtask fetch_data_task
[2024-03-22T17:28:22.678+0000] {task_command.py:423} INFO - Running <TaskInstance: study_case_etl_cloud_storage.fetch_data_task scheduled__2024-03-15T15:00:00+00:00 [running]> on host eb8b31fafb1e
[2024-03-22T17:28:22.887+0000] {taskinstance.py:2510} INFO - Exporting env vars: AIRFLOW_CTX_DAG_OWNER='Agus mahari' AIRFLOW_CTX_DAG_ID='study_case_etl_cloud_storage' AIRFLOW_CTX_TASK_ID='fetch_data_task' AIRFLOW_CTX_EXECUTION_DATE='2024-03-15T15:00:00+00:00' AIRFLOW_CTX_TRY_NUMBER='1' AIRFLOW_CTX_DAG_RUN_ID='scheduled__2024-03-15T15:00:00+00:00'
[2024-03-22T17:28:25.518+0000] {logging_mixin.py:188} INFO - 2024-03-22 17:28:25,518 INFO sqlalchemy.engine.Engine SELECT DATABASE()
[2024-03-22T17:28:25.518+0000] {base.py:1863} INFO - SELECT DATABASE()
[2024-03-22T17:28:25.519+0000] {logging_mixin.py:188} INFO - 2024-03-22 17:28:25,519 INFO sqlalchemy.engine.Engine [raw sql] {}
[2024-03-22T17:28:25.519+0000] {base.py:1868} INFO - [raw sql] {}
[2024-03-22T17:28:26.434+0000] {logging_mixin.py:188} INFO - 2024-03-22 17:28:26,434 INFO sqlalchemy.engine.Engine SELECT @@sql_mode
[2024-03-22T17:28:26.434+0000] {base.py:1863} INFO - SELECT @@sql_mode
[2024-03-22T17:28:26.435+0000] {logging_mixin.py:188} INFO - 2024-03-22 17:28:26,435 INFO sqlalchemy.engine.Engine [raw sql] {}
[2024-03-22T17:28:26.435+0000] {base.py:1868} INFO - [raw sql] {}
[2024-03-22T17:28:26.877+0000] {logging_mixin.py:188} INFO - 2024-03-22 17:28:26,877 INFO sqlalchemy.engine.Engine SELECT @@lower_case_table_names
[2024-03-22T17:28:26.877+0000] {base.py:1863} INFO - SELECT @@lower_case_table_names
[2024-03-22T17:28:26.878+0000] {logging_mixin.py:188} INFO - 2024-03-22 17:28:26,878 INFO sqlalchemy.engine.Engine [raw sql] {}
[2024-03-22T17:28:26.878+0000] {base.py:1868} INFO - [raw sql] {}
[2024-03-22T17:28:27.541+0000] {logging_mixin.py:188} INFO - 2024-03-22 17:28:27,540 INFO sqlalchemy.engine.Engine 


  SELECT 
    *
FROM databasename.mytable
[2024-03-22T17:28:27.540+0000] {base.py:1863} INFO - 


  SELECT 
    *
FROM databasename.mytable
[2024-03-22T17:28:27.542+0000] {logging_mixin.py:188} INFO - 2024-03-22 17:28:27,542 INFO sqlalchemy.engine.Engine [raw sql] {}
[2024-03-22T17:28:27.542+0000] {base.py:1868} INFO - [raw sql] {}
[2024-03-22T17:28:27.994+0000] {logging_mixin.py:188} INFO - File already exists.
[2024-03-22T17:28:27.995+0000] {python.py:202} INFO - Done. Returned value was: /opt/***/data/aplikasi_table_['{ ds }.parquet']
[2024-03-22T17:28:28.024+0000] {taskinstance.py:1149} INFO - Marking task as SUCCESS. dag_id=study_case_etl_cloud_storage, task_id=fetch_data_task, execution_date=20240315T150000, start_date=20240322T172822, end_date=20240322T172828
[2024-03-22T17:28:28.074+0000] {local_task_job_runner.py:234} INFO - Task exited with return code 0
[2024-03-22T17:28:28.090+0000] {taskinstance.py:3309} INFO - 0 downstream tasks scheduled from follow-on schedule check
