[2024-03-15T08:33:28.056+0000] {taskinstance.py:1979} INFO - Dependencies all met for dep_context=non-requeueable deps ti=<TaskInstance: study_case_1.fetch_data_task manual__2024-03-15T08:33:26.743020+00:00 [queued]>
[2024-03-15T08:33:28.068+0000] {taskinstance.py:1979} INFO - Dependencies all met for dep_context=requeueable deps ti=<TaskInstance: study_case_1.fetch_data_task manual__2024-03-15T08:33:26.743020+00:00 [queued]>
[2024-03-15T08:33:28.068+0000] {taskinstance.py:2193} INFO - Starting attempt 1 of 2
[2024-03-15T08:33:28.081+0000] {taskinstance.py:2214} INFO - Executing <Task(PythonOperator): fetch_data_task> on 2024-03-15 08:33:26.743020+00:00
[2024-03-15T08:33:28.086+0000] {standard_task_runner.py:60} INFO - Started process 2196 to run task
[2024-03-15T08:33:28.090+0000] {standard_task_runner.py:87} INFO - Running: ['***', 'tasks', 'run', 'study_case_1', 'fetch_data_task', 'manual__2024-03-15T08:33:26.743020+00:00', '--job-id', '280', '--raw', '--subdir', 'DAGS_FOLDER/pintro_aplikasi_education/study_case1.py', '--cfg-path', '/tmp/tmpq0rvf01p']
[2024-03-15T08:33:28.092+0000] {standard_task_runner.py:88} INFO - Job 280: Subtask fetch_data_task
[2024-03-15T08:33:28.146+0000] {task_command.py:423} INFO - Running <TaskInstance: study_case_1.fetch_data_task manual__2024-03-15T08:33:26.743020+00:00 [running]> on host f293363f8e27
[2024-03-15T08:33:28.238+0000] {taskinstance.py:2510} INFO - Exporting env vars: AIRFLOW_CTX_DAG_OWNER='Agus mahari' AIRFLOW_CTX_DAG_ID='study_case_1' AIRFLOW_CTX_TASK_ID='fetch_data_task' AIRFLOW_CTX_EXECUTION_DATE='2024-03-15T08:33:26.743020+00:00' AIRFLOW_CTX_TRY_NUMBER='1' AIRFLOW_CTX_DAG_RUN_ID='manual__2024-03-15T08:33:26.743020+00:00'
[2024-03-15T08:33:28.241+0000] {warnings.py:109} WARNING - /home/***/.local/lib/python3.8/site-packages/***/utils/context.py:315: AirflowContextDeprecationWarning: Accessing 'execution_date' from the template is deprecated and will be removed in a future version. Please use 'data_interval_start' or 'logical_date' instead.
  warnings.warn(_create_deprecation_warning(k, replacements))

[2024-03-15T08:33:30.664+0000] {logging_mixin.py:188} INFO - 2024-03-15 08:33:30,664 INFO sqlalchemy.engine.Engine SELECT DATABASE()
[2024-03-15T08:33:30.664+0000] {base.py:1863} INFO - SELECT DATABASE()
[2024-03-15T08:33:30.665+0000] {logging_mixin.py:188} INFO - 2024-03-15 08:33:30,665 INFO sqlalchemy.engine.Engine [raw sql] {}
[2024-03-15T08:33:30.665+0000] {base.py:1868} INFO - [raw sql] {}
[2024-03-15T08:33:31.489+0000] {logging_mixin.py:188} INFO - 2024-03-15 08:33:31,488 INFO sqlalchemy.engine.Engine SELECT @@sql_mode
[2024-03-15T08:33:31.488+0000] {base.py:1863} INFO - SELECT @@sql_mode
[2024-03-15T08:33:31.490+0000] {logging_mixin.py:188} INFO - 2024-03-15 08:33:31,490 INFO sqlalchemy.engine.Engine [raw sql] {}
[2024-03-15T08:33:31.490+0000] {base.py:1868} INFO - [raw sql] {}
[2024-03-15T08:33:31.904+0000] {logging_mixin.py:188} INFO - 2024-03-15 08:33:31,904 INFO sqlalchemy.engine.Engine SELECT @@lower_case_table_names
[2024-03-15T08:33:31.904+0000] {base.py:1863} INFO - SELECT @@lower_case_table_names
[2024-03-15T08:33:31.905+0000] {logging_mixin.py:188} INFO - 2024-03-15 08:33:31,905 INFO sqlalchemy.engine.Engine [raw sql] {}
[2024-03-15T08:33:31.905+0000] {base.py:1868} INFO - [raw sql] {}
[2024-03-15T08:33:32.526+0000] {logging_mixin.py:188} INFO - 2024-03-15 08:33:32,526 INFO sqlalchemy.engine.Engine 


   SELECT 
    *, 
    CONVERT_TZ(NOW(), 'UTC', '+07:00') as execution_at
FROM test.user
WHERE updated_at BETWEEN NOW() - INTERVAL 27 MINUTE AND NOW()
[2024-03-15T08:33:32.526+0000] {base.py:1863} INFO - 


   SELECT 
    *, 
    CONVERT_TZ(NOW(), 'UTC', '+07:00') as execution_at
FROM test.user
WHERE updated_at BETWEEN NOW() - INTERVAL 27 MINUTE AND NOW()
[2024-03-15T08:33:32.527+0000] {logging_mixin.py:188} INFO - 2024-03-15 08:33:32,527 INFO sqlalchemy.engine.Engine [raw sql] {}
[2024-03-15T08:33:32.527+0000] {base.py:1868} INFO - [raw sql] {}
[2024-03-15T08:33:32.950+0000] {python.py:202} INFO - Done. Returned value was: None
[2024-03-15T08:33:32.959+0000] {taskinstance.py:1149} INFO - Marking task as SUCCESS. dag_id=study_case_1, task_id=fetch_data_task, execution_date=20240315T083326, start_date=20240315T083328, end_date=20240315T083332
[2024-03-15T08:33:32.983+0000] {local_task_job_runner.py:234} INFO - Task exited with return code 0
[2024-03-15T08:33:33.005+0000] {taskinstance.py:3309} INFO - 1 downstream tasks scheduled from follow-on schedule check
