[2024-03-16T06:11:53.626+0000] {taskinstance.py:1979} INFO - Dependencies all met for dep_context=non-requeueable deps ti=<TaskInstance: study_case_etl_cloud_storage.fetch_data_task scheduled__2024-03-15T17:00:00+00:00 [queued]>
[2024-03-16T06:11:53.642+0000] {taskinstance.py:1979} INFO - Dependencies all met for dep_context=requeueable deps ti=<TaskInstance: study_case_etl_cloud_storage.fetch_data_task scheduled__2024-03-15T17:00:00+00:00 [queued]>
[2024-03-16T06:11:53.643+0000] {taskinstance.py:2193} INFO - Starting attempt 1 of 2
[2024-03-16T06:11:53.864+0000] {taskinstance.py:2214} INFO - Executing <Task(PythonOperator): fetch_data_task> on 2024-03-15 17:00:00+00:00
[2024-03-16T06:11:53.871+0000] {standard_task_runner.py:60} INFO - Started process 377 to run task
[2024-03-16T06:11:53.880+0000] {standard_task_runner.py:87} INFO - Running: ['***', 'tasks', 'run', 'study_case_etl_cloud_storage', 'fetch_data_task', 'scheduled__2024-03-15T17:00:00+00:00', '--job-id', '534', '--raw', '--subdir', 'DAGS_FOLDER/etl_day_bigquery/study_case_etl_cloud_storage.py', '--cfg-path', '/tmp/tmpjjr9ke12']
[2024-03-16T06:11:53.883+0000] {standard_task_runner.py:88} INFO - Job 534: Subtask fetch_data_task
[2024-03-16T06:11:53.953+0000] {task_command.py:423} INFO - Running <TaskInstance: study_case_etl_cloud_storage.fetch_data_task scheduled__2024-03-15T17:00:00+00:00 [running]> on host 72d5c878da28
[2024-03-16T06:11:54.045+0000] {taskinstance.py:2510} INFO - Exporting env vars: AIRFLOW_CTX_DAG_OWNER='Agus mahari' AIRFLOW_CTX_DAG_ID='study_case_etl_cloud_storage' AIRFLOW_CTX_TASK_ID='fetch_data_task' AIRFLOW_CTX_EXECUTION_DATE='2024-03-15T17:00:00+00:00' AIRFLOW_CTX_TRY_NUMBER='1' AIRFLOW_CTX_DAG_RUN_ID='scheduled__2024-03-15T17:00:00+00:00'
[2024-03-16T06:11:54.047+0000] {warnings.py:109} WARNING - /home/***/.local/lib/python3.8/site-packages/***/utils/context.py:315: AirflowContextDeprecationWarning: Accessing 'execution_date' from the template is deprecated and will be removed in a future version. Please use 'data_interval_start' or 'logical_date' instead.
  warnings.warn(_create_deprecation_warning(k, replacements))

[2024-03-16T06:11:56.629+0000] {logging_mixin.py:188} INFO - 2024-03-16 06:11:56,629 INFO sqlalchemy.engine.Engine SELECT DATABASE()
[2024-03-16T06:11:56.629+0000] {base.py:1863} INFO - SELECT DATABASE()
[2024-03-16T06:11:56.630+0000] {logging_mixin.py:188} INFO - 2024-03-16 06:11:56,630 INFO sqlalchemy.engine.Engine [raw sql] {}
[2024-03-16T06:11:56.630+0000] {base.py:1868} INFO - [raw sql] {}
[2024-03-16T06:11:57.514+0000] {logging_mixin.py:188} INFO - 2024-03-16 06:11:57,513 INFO sqlalchemy.engine.Engine SELECT @@sql_mode
[2024-03-16T06:11:57.513+0000] {base.py:1863} INFO - SELECT @@sql_mode
[2024-03-16T06:11:57.514+0000] {logging_mixin.py:188} INFO - 2024-03-16 06:11:57,514 INFO sqlalchemy.engine.Engine [raw sql] {}
[2024-03-16T06:11:57.514+0000] {base.py:1868} INFO - [raw sql] {}
[2024-03-16T06:11:57.957+0000] {logging_mixin.py:188} INFO - 2024-03-16 06:11:57,957 INFO sqlalchemy.engine.Engine SELECT @@lower_case_table_names
[2024-03-16T06:11:57.957+0000] {base.py:1863} INFO - SELECT @@lower_case_table_names
[2024-03-16T06:11:57.958+0000] {logging_mixin.py:188} INFO - 2024-03-16 06:11:57,958 INFO sqlalchemy.engine.Engine [raw sql] {}
[2024-03-16T06:11:57.958+0000] {base.py:1868} INFO - [raw sql] {}
[2024-03-16T06:11:58.644+0000] {logging_mixin.py:188} INFO - 2024-03-16 06:11:58,643 INFO sqlalchemy.engine.Engine 


   SELECT 
    *, 
    CONVERT_TZ(NOW(), 'UTC', '+07:00') as execution_at
FROM test.user
WHERE updated_at BETWEEN NOW() - INTERVAL 7 MINUTE AND NOW()
[2024-03-16T06:11:58.643+0000] {base.py:1863} INFO - 


   SELECT 
    *, 
    CONVERT_TZ(NOW(), 'UTC', '+07:00') as execution_at
FROM test.user
WHERE updated_at BETWEEN NOW() - INTERVAL 7 MINUTE AND NOW()
[2024-03-16T06:11:58.647+0000] {logging_mixin.py:188} INFO - 2024-03-16 06:11:58,647 INFO sqlalchemy.engine.Engine [raw sql] {}
[2024-03-16T06:11:58.647+0000] {base.py:1868} INFO - [raw sql] {}
[2024-03-16T06:11:59.148+0000] {python.py:202} INFO - Done. Returned value was: /opt/***/data/aplikasi_table_2024-03-15-17-00-00.parquet
[2024-03-16T06:11:59.198+0000] {taskinstance.py:1149} INFO - Marking task as SUCCESS. dag_id=study_case_etl_cloud_storage, task_id=fetch_data_task, execution_date=20240315T170000, start_date=20240316T061153, end_date=20240316T061159
[2024-03-16T06:11:59.344+0000] {local_task_job_runner.py:234} INFO - Task exited with return code 0
[2024-03-16T06:11:59.406+0000] {taskinstance.py:3309} INFO - 1 downstream tasks scheduled from follow-on schedule check
[2024-03-22T17:28:22.267+0000] {taskinstance.py:1979} INFO - Dependencies all met for dep_context=non-requeueable deps ti=<TaskInstance: study_case_etl_cloud_storage.fetch_data_task scheduled__2024-03-15T17:00:00+00:00 [queued]>
[2024-03-22T17:28:22.316+0000] {taskinstance.py:1979} INFO - Dependencies all met for dep_context=requeueable deps ti=<TaskInstance: study_case_etl_cloud_storage.fetch_data_task scheduled__2024-03-15T17:00:00+00:00 [queued]>
[2024-03-22T17:28:22.317+0000] {taskinstance.py:2193} INFO - Starting attempt 1 of 2
[2024-03-22T17:28:22.343+0000] {taskinstance.py:2214} INFO - Executing <Task(PythonOperator): fetch_data_task> on 2024-03-15 17:00:00+00:00
[2024-03-22T17:28:22.349+0000] {standard_task_runner.py:60} INFO - Started process 394 to run task
[2024-03-22T17:28:22.357+0000] {standard_task_runner.py:87} INFO - Running: ['***', 'tasks', 'run', 'study_case_etl_cloud_storage', 'fetch_data_task', 'scheduled__2024-03-15T17:00:00+00:00', '--job-id', '25', '--raw', '--subdir', 'DAGS_FOLDER/etl_day_bigquery/study_case_etl_cloud_storage.py', '--cfg-path', '/tmp/tmpk19u0vf5']
[2024-03-22T17:28:22.363+0000] {standard_task_runner.py:88} INFO - Job 25: Subtask fetch_data_task
[2024-03-22T17:28:22.431+0000] {task_command.py:423} INFO - Running <TaskInstance: study_case_etl_cloud_storage.fetch_data_task scheduled__2024-03-15T17:00:00+00:00 [running]> on host eb8b31fafb1e
[2024-03-22T17:28:22.696+0000] {taskinstance.py:2510} INFO - Exporting env vars: AIRFLOW_CTX_DAG_OWNER='Agus mahari' AIRFLOW_CTX_DAG_ID='study_case_etl_cloud_storage' AIRFLOW_CTX_TASK_ID='fetch_data_task' AIRFLOW_CTX_EXECUTION_DATE='2024-03-15T17:00:00+00:00' AIRFLOW_CTX_TRY_NUMBER='1' AIRFLOW_CTX_DAG_RUN_ID='scheduled__2024-03-15T17:00:00+00:00'
[2024-03-22T17:28:25.476+0000] {logging_mixin.py:188} INFO - 2024-03-22 17:28:25,476 INFO sqlalchemy.engine.Engine SELECT DATABASE()
[2024-03-22T17:28:25.476+0000] {base.py:1863} INFO - SELECT DATABASE()
[2024-03-22T17:28:25.477+0000] {logging_mixin.py:188} INFO - 2024-03-22 17:28:25,477 INFO sqlalchemy.engine.Engine [raw sql] {}
[2024-03-22T17:28:25.477+0000] {base.py:1868} INFO - [raw sql] {}
[2024-03-22T17:28:26.417+0000] {logging_mixin.py:188} INFO - 2024-03-22 17:28:26,417 INFO sqlalchemy.engine.Engine SELECT @@sql_mode
[2024-03-22T17:28:26.417+0000] {base.py:1863} INFO - SELECT @@sql_mode
[2024-03-22T17:28:26.418+0000] {logging_mixin.py:188} INFO - 2024-03-22 17:28:26,418 INFO sqlalchemy.engine.Engine [raw sql] {}
[2024-03-22T17:28:26.418+0000] {base.py:1868} INFO - [raw sql] {}
[2024-03-22T17:28:26.860+0000] {logging_mixin.py:188} INFO - 2024-03-22 17:28:26,860 INFO sqlalchemy.engine.Engine SELECT @@lower_case_table_names
[2024-03-22T17:28:26.860+0000] {base.py:1863} INFO - SELECT @@lower_case_table_names
[2024-03-22T17:28:26.862+0000] {logging_mixin.py:188} INFO - 2024-03-22 17:28:26,861 INFO sqlalchemy.engine.Engine [raw sql] {}
[2024-03-22T17:28:26.861+0000] {base.py:1868} INFO - [raw sql] {}
[2024-03-22T17:28:27.525+0000] {logging_mixin.py:188} INFO - 2024-03-22 17:28:27,524 INFO sqlalchemy.engine.Engine 


  SELECT 
    *
FROM databasename.mytable
[2024-03-22T17:28:27.524+0000] {base.py:1863} INFO - 


  SELECT 
    *
FROM databasename.mytable
[2024-03-22T17:28:27.525+0000] {logging_mixin.py:188} INFO - 2024-03-22 17:28:27,525 INFO sqlalchemy.engine.Engine [raw sql] {}
[2024-03-22T17:28:27.525+0000] {base.py:1868} INFO - [raw sql] {}
[2024-03-22T17:28:27.975+0000] {logging_mixin.py:188} INFO - File already exists.
[2024-03-22T17:28:27.977+0000] {python.py:202} INFO - Done. Returned value was: /opt/***/data/aplikasi_table_['{ ds }.parquet']
[2024-03-22T17:28:28.000+0000] {taskinstance.py:1149} INFO - Marking task as SUCCESS. dag_id=study_case_etl_cloud_storage, task_id=fetch_data_task, execution_date=20240315T170000, start_date=20240322T172822, end_date=20240322T172828
[2024-03-22T17:28:28.043+0000] {local_task_job_runner.py:234} INFO - Task exited with return code 0
[2024-03-22T17:28:28.057+0000] {taskinstance.py:3309} INFO - 0 downstream tasks scheduled from follow-on schedule check
