[2024-03-17T06:53:03.378+0000] {taskinstance.py:1979} INFO - Dependencies all met for dep_context=non-requeueable deps ti=<TaskInstance: study_case_etl_cloud_storage_tiga.fetch_data_aplikasi_product_task_id scheduled__2024-03-14T17:00:00+00:00 [queued]>
[2024-03-17T06:53:03.395+0000] {taskinstance.py:1979} INFO - Dependencies all met for dep_context=requeueable deps ti=<TaskInstance: study_case_etl_cloud_storage_tiga.fetch_data_aplikasi_product_task_id scheduled__2024-03-14T17:00:00+00:00 [queued]>
[2024-03-17T06:53:03.396+0000] {taskinstance.py:2193} INFO - Starting attempt 1 of 2
[2024-03-17T06:53:03.432+0000] {taskinstance.py:2214} INFO - Executing <Task(PythonOperator): fetch_data_aplikasi_product_task_id> on 2024-03-14 17:00:00+00:00
[2024-03-17T06:53:03.448+0000] {standard_task_runner.py:60} INFO - Started process 6600 to run task
[2024-03-17T06:53:03.475+0000] {standard_task_runner.py:87} INFO - Running: ['***', 'tasks', 'run', 'study_case_etl_cloud_storage_tiga', 'fetch_data_aplikasi_product_task_id', 'scheduled__2024-03-14T17:00:00+00:00', '--job-id', '938', '--raw', '--subdir', 'DAGS_FOLDER/etl_day_bigquery/study_case_etl_cloud_bigquery.py', '--cfg-path', '/tmp/tmprsnr8a_4']
[2024-03-17T06:53:03.502+0000] {standard_task_runner.py:88} INFO - Job 938: Subtask fetch_data_aplikasi_product_task_id
[2024-03-17T06:53:03.644+0000] {task_command.py:423} INFO - Running <TaskInstance: study_case_etl_cloud_storage_tiga.fetch_data_aplikasi_product_task_id scheduled__2024-03-14T17:00:00+00:00 [running]> on host 1d5b76b26ba5
[2024-03-17T06:53:03.807+0000] {taskinstance.py:2510} INFO - Exporting env vars: AIRFLOW_CTX_DAG_OWNER='Agus mahari' AIRFLOW_CTX_DAG_ID='study_case_etl_cloud_storage_tiga' AIRFLOW_CTX_TASK_ID='fetch_data_aplikasi_product_task_id' AIRFLOW_CTX_EXECUTION_DATE='2024-03-14T17:00:00+00:00' AIRFLOW_CTX_TRY_NUMBER='1' AIRFLOW_CTX_DAG_RUN_ID='scheduled__2024-03-14T17:00:00+00:00'
[2024-03-17T06:53:06.698+0000] {logging_mixin.py:188} INFO - 2024-03-17 06:53:06,698 INFO sqlalchemy.engine.Engine SELECT DATABASE()
[2024-03-17T06:53:06.698+0000] {base.py:1863} INFO - SELECT DATABASE()
[2024-03-17T06:53:06.699+0000] {logging_mixin.py:188} INFO - 2024-03-17 06:53:06,699 INFO sqlalchemy.engine.Engine [raw sql] {}
[2024-03-17T06:53:06.699+0000] {base.py:1868} INFO - [raw sql] {}
[2024-03-17T06:53:07.588+0000] {logging_mixin.py:188} INFO - 2024-03-17 06:53:07,588 INFO sqlalchemy.engine.Engine SELECT @@sql_mode
[2024-03-17T06:53:07.588+0000] {base.py:1863} INFO - SELECT @@sql_mode
[2024-03-17T06:53:07.589+0000] {logging_mixin.py:188} INFO - 2024-03-17 06:53:07,589 INFO sqlalchemy.engine.Engine [raw sql] {}
[2024-03-17T06:53:07.589+0000] {base.py:1868} INFO - [raw sql] {}
[2024-03-17T06:53:08.036+0000] {logging_mixin.py:188} INFO - 2024-03-17 06:53:08,035 INFO sqlalchemy.engine.Engine SELECT @@lower_case_table_names
[2024-03-17T06:53:08.035+0000] {base.py:1863} INFO - SELECT @@lower_case_table_names
[2024-03-17T06:53:08.036+0000] {logging_mixin.py:188} INFO - 2024-03-17 06:53:08,036 INFO sqlalchemy.engine.Engine [raw sql] {}
[2024-03-17T06:53:08.036+0000] {base.py:1868} INFO - [raw sql] {}
[2024-03-17T06:53:08.703+0000] {logging_mixin.py:188} INFO - 2024-03-17 06:53:08,703 INFO sqlalchemy.engine.Engine 
  SELECT 
    *
FROM databasename.mytable
[2024-03-17T06:53:08.703+0000] {base.py:1863} INFO - 
  SELECT 
    *
FROM databasename.mytable
[2024-03-17T06:53:08.704+0000] {logging_mixin.py:188} INFO - 2024-03-17 06:53:08,704 INFO sqlalchemy.engine.Engine [raw sql] {}
[2024-03-17T06:53:08.704+0000] {base.py:1868} INFO - [raw sql] {}
[2024-03-17T06:53:09.167+0000] {python.py:202} INFO - Done. Returned value was: /opt/***/data/fetch_data_aplikasi_product_task_id_2024-03-14.csv
[2024-03-17T06:53:09.188+0000] {taskinstance.py:1149} INFO - Marking task as SUCCESS. dag_id=study_case_etl_cloud_storage_tiga, task_id=fetch_data_aplikasi_product_task_id, execution_date=20240314T170000, start_date=20240317T065303, end_date=20240317T065309
[2024-03-17T06:53:09.224+0000] {local_task_job_runner.py:234} INFO - Task exited with return code 0
[2024-03-17T06:53:09.246+0000] {taskinstance.py:3309} INFO - 0 downstream tasks scheduled from follow-on schedule check
