[2024-03-16T06:06:31.355+0000] {taskinstance.py:1979} INFO - Dependencies all met for dep_context=non-requeueable deps ti=<TaskInstance: study_case_etl_cloud_storage.fetch_data_task scheduled__2024-03-14T18:00:00+00:00 [queued]>
[2024-03-16T06:06:31.364+0000] {taskinstance.py:1979} INFO - Dependencies all met for dep_context=requeueable deps ti=<TaskInstance: study_case_etl_cloud_storage.fetch_data_task scheduled__2024-03-14T18:00:00+00:00 [queued]>
[2024-03-16T06:06:31.366+0000] {taskinstance.py:2193} INFO - Starting attempt 1 of 2
[2024-03-16T06:06:31.393+0000] {taskinstance.py:2214} INFO - Executing <Task(PythonOperator): fetch_data_task> on 2024-03-14 18:00:00+00:00
[2024-03-16T06:06:31.401+0000] {standard_task_runner.py:60} INFO - Started process 133 to run task
[2024-03-16T06:06:31.410+0000] {standard_task_runner.py:87} INFO - Running: ['***', 'tasks', 'run', 'study_case_etl_cloud_storage', 'fetch_data_task', 'scheduled__2024-03-14T18:00:00+00:00', '--job-id', '479', '--raw', '--subdir', 'DAGS_FOLDER/etl_day_bigquery/study_case_etl_cloud_storage.py', '--cfg-path', '/tmp/tmplkt_jp6b']
[2024-03-16T06:06:31.416+0000] {standard_task_runner.py:88} INFO - Job 479: Subtask fetch_data_task
[2024-03-16T06:06:31.496+0000] {task_command.py:423} INFO - Running <TaskInstance: study_case_etl_cloud_storage.fetch_data_task scheduled__2024-03-14T18:00:00+00:00 [running]> on host 72d5c878da28
[2024-03-16T06:06:31.630+0000] {taskinstance.py:2510} INFO - Exporting env vars: AIRFLOW_CTX_DAG_OWNER='Agus mahari' AIRFLOW_CTX_DAG_ID='study_case_etl_cloud_storage' AIRFLOW_CTX_TASK_ID='fetch_data_task' AIRFLOW_CTX_EXECUTION_DATE='2024-03-14T18:00:00+00:00' AIRFLOW_CTX_TRY_NUMBER='1' AIRFLOW_CTX_DAG_RUN_ID='scheduled__2024-03-14T18:00:00+00:00'
[2024-03-16T06:06:31.631+0000] {warnings.py:109} WARNING - /home/***/.local/lib/python3.8/site-packages/***/utils/context.py:315: AirflowContextDeprecationWarning: Accessing 'execution_date' from the template is deprecated and will be removed in a future version. Please use 'data_interval_start' or 'logical_date' instead.
  warnings.warn(_create_deprecation_warning(k, replacements))

[2024-03-16T06:06:35.448+0000] {logging_mixin.py:188} INFO - 2024-03-16 06:06:35,447 INFO sqlalchemy.engine.Engine SELECT DATABASE()
[2024-03-16T06:06:35.447+0000] {base.py:1863} INFO - SELECT DATABASE()
[2024-03-16T06:06:35.449+0000] {logging_mixin.py:188} INFO - 2024-03-16 06:06:35,449 INFO sqlalchemy.engine.Engine [raw sql] {}
[2024-03-16T06:06:35.449+0000] {base.py:1868} INFO - [raw sql] {}
[2024-03-16T06:06:36.439+0000] {logging_mixin.py:188} INFO - 2024-03-16 06:06:36,439 INFO sqlalchemy.engine.Engine SELECT @@sql_mode
[2024-03-16T06:06:36.439+0000] {base.py:1863} INFO - SELECT @@sql_mode
[2024-03-16T06:06:36.440+0000] {logging_mixin.py:188} INFO - 2024-03-16 06:06:36,440 INFO sqlalchemy.engine.Engine [raw sql] {}
[2024-03-16T06:06:36.440+0000] {base.py:1868} INFO - [raw sql] {}
[2024-03-16T06:06:36.886+0000] {logging_mixin.py:188} INFO - 2024-03-16 06:06:36,886 INFO sqlalchemy.engine.Engine SELECT @@lower_case_table_names
[2024-03-16T06:06:36.886+0000] {base.py:1863} INFO - SELECT @@lower_case_table_names
[2024-03-16T06:06:36.887+0000] {logging_mixin.py:188} INFO - 2024-03-16 06:06:36,887 INFO sqlalchemy.engine.Engine [raw sql] {}
[2024-03-16T06:06:36.887+0000] {base.py:1868} INFO - [raw sql] {}
[2024-03-16T06:06:37.551+0000] {logging_mixin.py:188} INFO - 2024-03-16 06:06:37,551 INFO sqlalchemy.engine.Engine 


   SELECT 
    *, 
    CONVERT_TZ(NOW(), 'UTC', '+07:00') as execution_at
FROM test.user
WHERE updated_at BETWEEN NOW() - INTERVAL 7 MINUTE AND NOW()
[2024-03-16T06:06:37.551+0000] {base.py:1863} INFO - 


   SELECT 
    *, 
    CONVERT_TZ(NOW(), 'UTC', '+07:00') as execution_at
FROM test.user
WHERE updated_at BETWEEN NOW() - INTERVAL 7 MINUTE AND NOW()
[2024-03-16T06:06:37.554+0000] {logging_mixin.py:188} INFO - 2024-03-16 06:06:37,553 INFO sqlalchemy.engine.Engine [raw sql] {}
[2024-03-16T06:06:37.553+0000] {base.py:1868} INFO - [raw sql] {}
[2024-03-16T06:06:38.010+0000] {python.py:202} INFO - Done. Returned value was: /opt/***/data/aplikasi_table_2024-03-14-18-00-00.parquet
[2024-03-16T06:06:38.045+0000] {taskinstance.py:1149} INFO - Marking task as SUCCESS. dag_id=study_case_etl_cloud_storage, task_id=fetch_data_task, execution_date=20240314T180000, start_date=20240316T060631, end_date=20240316T060638
[2024-03-16T06:06:38.080+0000] {local_task_job_runner.py:234} INFO - Task exited with return code 0
[2024-03-16T06:06:38.340+0000] {taskinstance.py:3309} INFO - 0 downstream tasks scheduled from follow-on schedule check
[2024-03-22T17:28:00.953+0000] {taskinstance.py:1979} INFO - Dependencies all met for dep_context=non-requeueable deps ti=<TaskInstance: study_case_etl_cloud_storage.fetch_data_task scheduled__2024-03-14T18:00:00+00:00 [queued]>
[2024-03-22T17:28:00.997+0000] {taskinstance.py:1979} INFO - Dependencies all met for dep_context=requeueable deps ti=<TaskInstance: study_case_etl_cloud_storage.fetch_data_task scheduled__2024-03-14T18:00:00+00:00 [queued]>
[2024-03-22T17:28:01.005+0000] {taskinstance.py:2193} INFO - Starting attempt 1 of 2
[2024-03-22T17:28:01.093+0000] {taskinstance.py:2214} INFO - Executing <Task(PythonOperator): fetch_data_task> on 2024-03-14 18:00:00+00:00
[2024-03-22T17:28:01.130+0000] {standard_task_runner.py:60} INFO - Started process 336 to run task
[2024-03-22T17:28:01.135+0000] {standard_task_runner.py:87} INFO - Running: ['***', 'tasks', 'run', 'study_case_etl_cloud_storage', 'fetch_data_task', 'scheduled__2024-03-14T18:00:00+00:00', '--job-id', '7', '--raw', '--subdir', 'DAGS_FOLDER/etl_day_bigquery/study_case_etl_cloud_storage.py', '--cfg-path', '/tmp/tmpfk1qhlch']
[2024-03-22T17:28:01.146+0000] {standard_task_runner.py:88} INFO - Job 7: Subtask fetch_data_task
[2024-03-22T17:28:01.307+0000] {task_command.py:423} INFO - Running <TaskInstance: study_case_etl_cloud_storage.fetch_data_task scheduled__2024-03-14T18:00:00+00:00 [running]> on host eb8b31fafb1e
[2024-03-22T17:28:01.454+0000] {taskinstance.py:2510} INFO - Exporting env vars: AIRFLOW_CTX_DAG_OWNER='Agus mahari' AIRFLOW_CTX_DAG_ID='study_case_etl_cloud_storage' AIRFLOW_CTX_TASK_ID='fetch_data_task' AIRFLOW_CTX_EXECUTION_DATE='2024-03-14T18:00:00+00:00' AIRFLOW_CTX_TRY_NUMBER='1' AIRFLOW_CTX_DAG_RUN_ID='scheduled__2024-03-14T18:00:00+00:00'
[2024-03-22T17:28:05.444+0000] {logging_mixin.py:188} INFO - 2024-03-22 17:28:05,444 INFO sqlalchemy.engine.Engine SELECT DATABASE()
[2024-03-22T17:28:05.444+0000] {base.py:1863} INFO - SELECT DATABASE()
[2024-03-22T17:28:05.445+0000] {logging_mixin.py:188} INFO - 2024-03-22 17:28:05,445 INFO sqlalchemy.engine.Engine [raw sql] {}
[2024-03-22T17:28:05.445+0000] {base.py:1868} INFO - [raw sql] {}
[2024-03-22T17:28:06.379+0000] {logging_mixin.py:188} INFO - 2024-03-22 17:28:06,378 INFO sqlalchemy.engine.Engine SELECT @@sql_mode
[2024-03-22T17:28:06.378+0000] {base.py:1863} INFO - SELECT @@sql_mode
[2024-03-22T17:28:06.379+0000] {logging_mixin.py:188} INFO - 2024-03-22 17:28:06,379 INFO sqlalchemy.engine.Engine [raw sql] {}
[2024-03-22T17:28:06.379+0000] {base.py:1868} INFO - [raw sql] {}
[2024-03-22T17:28:06.819+0000] {logging_mixin.py:188} INFO - 2024-03-22 17:28:06,819 INFO sqlalchemy.engine.Engine SELECT @@lower_case_table_names
[2024-03-22T17:28:06.819+0000] {base.py:1863} INFO - SELECT @@lower_case_table_names
[2024-03-22T17:28:06.820+0000] {logging_mixin.py:188} INFO - 2024-03-22 17:28:06,820 INFO sqlalchemy.engine.Engine [raw sql] {}
[2024-03-22T17:28:06.820+0000] {base.py:1868} INFO - [raw sql] {}
[2024-03-22T17:28:07.479+0000] {logging_mixin.py:188} INFO - 2024-03-22 17:28:07,478 INFO sqlalchemy.engine.Engine 


  SELECT 
    *
FROM databasename.mytable
[2024-03-22T17:28:07.478+0000] {base.py:1863} INFO - 


  SELECT 
    *
FROM databasename.mytable
[2024-03-22T17:28:07.479+0000] {logging_mixin.py:188} INFO - 2024-03-22 17:28:07,479 INFO sqlalchemy.engine.Engine [raw sql] {}
[2024-03-22T17:28:07.479+0000] {base.py:1868} INFO - [raw sql] {}
[2024-03-22T17:28:07.924+0000] {logging_mixin.py:188} INFO - File already exists.
[2024-03-22T17:28:07.927+0000] {python.py:202} INFO - Done. Returned value was: /opt/***/data/aplikasi_table_['{ ds }.parquet']
[2024-03-22T17:28:07.965+0000] {taskinstance.py:1149} INFO - Marking task as SUCCESS. dag_id=study_case_etl_cloud_storage, task_id=fetch_data_task, execution_date=20240314T180000, start_date=20240322T172800, end_date=20240322T172807
[2024-03-22T17:28:08.031+0000] {local_task_job_runner.py:234} INFO - Task exited with return code 0
[2024-03-22T17:28:08.061+0000] {taskinstance.py:3309} INFO - 0 downstream tasks scheduled from follow-on schedule check
