[2024-03-16T15:00:01.567+0000] {taskinstance.py:1979} INFO - Dependencies all met for dep_context=non-requeueable deps ti=<TaskInstance: study_case_etl_cloud_storage.fetch_data_task scheduled__2024-03-16T14:00:00+00:00 [queued]>
[2024-03-16T15:00:01.577+0000] {taskinstance.py:1979} INFO - Dependencies all met for dep_context=requeueable deps ti=<TaskInstance: study_case_etl_cloud_storage.fetch_data_task scheduled__2024-03-16T14:00:00+00:00 [queued]>
[2024-03-16T15:00:01.577+0000] {taskinstance.py:2193} INFO - Starting attempt 1 of 2
[2024-03-16T15:00:01.590+0000] {taskinstance.py:2214} INFO - Executing <Task(PythonOperator): fetch_data_task> on 2024-03-16 14:00:00+00:00
[2024-03-16T15:00:01.596+0000] {standard_task_runner.py:60} INFO - Started process 7000 to run task
[2024-03-16T15:00:01.599+0000] {standard_task_runner.py:87} INFO - Running: ['***', 'tasks', 'run', 'study_case_etl_cloud_storage', 'fetch_data_task', 'scheduled__2024-03-16T14:00:00+00:00', '--job-id', '748', '--raw', '--subdir', 'DAGS_FOLDER/etl_day_bigquery/study_case_etl_cloud_storage.py', '--cfg-path', '/tmp/tmpm8vrje9k']
[2024-03-16T15:00:01.602+0000] {standard_task_runner.py:88} INFO - Job 748: Subtask fetch_data_task
[2024-03-16T15:00:01.651+0000] {task_command.py:423} INFO - Running <TaskInstance: study_case_etl_cloud_storage.fetch_data_task scheduled__2024-03-16T14:00:00+00:00 [running]> on host 1d5b76b26ba5
[2024-03-16T15:00:01.744+0000] {taskinstance.py:2510} INFO - Exporting env vars: AIRFLOW_CTX_DAG_OWNER='Agus mahari' AIRFLOW_CTX_DAG_ID='study_case_etl_cloud_storage' AIRFLOW_CTX_TASK_ID='fetch_data_task' AIRFLOW_CTX_EXECUTION_DATE='2024-03-16T14:00:00+00:00' AIRFLOW_CTX_TRY_NUMBER='1' AIRFLOW_CTX_DAG_RUN_ID='scheduled__2024-03-16T14:00:00+00:00'
[2024-03-16T15:00:01.746+0000] {warnings.py:109} WARNING - /home/***/.local/lib/python3.8/site-packages/***/utils/context.py:315: AirflowContextDeprecationWarning: Accessing 'execution_date' from the template is deprecated and will be removed in a future version. Please use 'data_interval_start' or 'logical_date' instead.
  warnings.warn(_create_deprecation_warning(k, replacements))

[2024-03-16T15:00:04.321+0000] {logging_mixin.py:188} INFO - 2024-03-16 15:00:04,321 INFO sqlalchemy.engine.Engine SELECT DATABASE()
[2024-03-16T15:00:04.321+0000] {base.py:1863} INFO - SELECT DATABASE()
[2024-03-16T15:00:04.322+0000] {logging_mixin.py:188} INFO - 2024-03-16 15:00:04,322 INFO sqlalchemy.engine.Engine [raw sql] {}
[2024-03-16T15:00:04.322+0000] {base.py:1868} INFO - [raw sql] {}
[2024-03-16T15:00:05.206+0000] {logging_mixin.py:188} INFO - 2024-03-16 15:00:05,206 INFO sqlalchemy.engine.Engine SELECT @@sql_mode
[2024-03-16T15:00:05.206+0000] {base.py:1863} INFO - SELECT @@sql_mode
[2024-03-16T15:00:05.207+0000] {logging_mixin.py:188} INFO - 2024-03-16 15:00:05,207 INFO sqlalchemy.engine.Engine [raw sql] {}
[2024-03-16T15:00:05.207+0000] {base.py:1868} INFO - [raw sql] {}
[2024-03-16T15:00:05.649+0000] {logging_mixin.py:188} INFO - 2024-03-16 15:00:05,649 INFO sqlalchemy.engine.Engine SELECT @@lower_case_table_names
[2024-03-16T15:00:05.649+0000] {base.py:1863} INFO - SELECT @@lower_case_table_names
[2024-03-16T15:00:05.650+0000] {logging_mixin.py:188} INFO - 2024-03-16 15:00:05,650 INFO sqlalchemy.engine.Engine [raw sql] {}
[2024-03-16T15:00:05.650+0000] {base.py:1868} INFO - [raw sql] {}
[2024-03-16T15:00:06.311+0000] {logging_mixin.py:188} INFO - 2024-03-16 15:00:06,311 INFO sqlalchemy.engine.Engine 


  SELECT 
    *
FROM databasename.mytable
[2024-03-16T15:00:06.311+0000] {base.py:1863} INFO - 


  SELECT 
    *
FROM databasename.mytable
[2024-03-16T15:00:06.313+0000] {logging_mixin.py:188} INFO - 2024-03-16 15:00:06,312 INFO sqlalchemy.engine.Engine [raw sql] {}
[2024-03-16T15:00:06.312+0000] {base.py:1868} INFO - [raw sql] {}
[2024-03-16T15:00:06.772+0000] {python.py:202} INFO - Done. Returned value was: /opt/***/data/aplikasi_table_2024-03-16-14-00-00.parquet
[2024-03-16T15:00:06.792+0000] {taskinstance.py:1149} INFO - Marking task as SUCCESS. dag_id=study_case_etl_cloud_storage, task_id=fetch_data_task, execution_date=20240316T140000, start_date=20240316T150001, end_date=20240316T150006
[2024-03-16T15:00:06.819+0000] {local_task_job_runner.py:234} INFO - Task exited with return code 0
[2024-03-16T15:00:06.839+0000] {taskinstance.py:3309} INFO - 1 downstream tasks scheduled from follow-on schedule check
[2024-03-22T17:28:37.609+0000] {taskinstance.py:1979} INFO - Dependencies all met for dep_context=non-requeueable deps ti=<TaskInstance: study_case_etl_cloud_storage.fetch_data_task scheduled__2024-03-16T14:00:00+00:00 [queued]>
[2024-03-22T17:28:37.631+0000] {taskinstance.py:1979} INFO - Dependencies all met for dep_context=requeueable deps ti=<TaskInstance: study_case_etl_cloud_storage.fetch_data_task scheduled__2024-03-16T14:00:00+00:00 [queued]>
[2024-03-22T17:28:37.631+0000] {taskinstance.py:2193} INFO - Starting attempt 1 of 2
[2024-03-22T17:28:37.666+0000] {taskinstance.py:2214} INFO - Executing <Task(PythonOperator): fetch_data_task> on 2024-03-16 14:00:00+00:00
[2024-03-22T17:28:37.679+0000] {standard_task_runner.py:60} INFO - Started process 454 to run task
[2024-03-22T17:28:37.687+0000] {standard_task_runner.py:87} INFO - Running: ['***', 'tasks', 'run', 'study_case_etl_cloud_storage', 'fetch_data_task', 'scheduled__2024-03-16T14:00:00+00:00', '--job-id', '45', '--raw', '--subdir', 'DAGS_FOLDER/etl_day_bigquery/study_case_etl_cloud_storage.py', '--cfg-path', '/tmp/tmpwdva79ks']
[2024-03-22T17:28:37.704+0000] {standard_task_runner.py:88} INFO - Job 45: Subtask fetch_data_task
[2024-03-22T17:28:37.835+0000] {task_command.py:423} INFO - Running <TaskInstance: study_case_etl_cloud_storage.fetch_data_task scheduled__2024-03-16T14:00:00+00:00 [running]> on host eb8b31fafb1e
[2024-03-22T17:28:38.039+0000] {taskinstance.py:2510} INFO - Exporting env vars: AIRFLOW_CTX_DAG_OWNER='Agus mahari' AIRFLOW_CTX_DAG_ID='study_case_etl_cloud_storage' AIRFLOW_CTX_TASK_ID='fetch_data_task' AIRFLOW_CTX_EXECUTION_DATE='2024-03-16T14:00:00+00:00' AIRFLOW_CTX_TRY_NUMBER='1' AIRFLOW_CTX_DAG_RUN_ID='scheduled__2024-03-16T14:00:00+00:00'
[2024-03-22T17:28:41.359+0000] {logging_mixin.py:188} INFO - 2024-03-22 17:28:41,359 INFO sqlalchemy.engine.Engine SELECT DATABASE()
[2024-03-22T17:28:41.359+0000] {base.py:1863} INFO - SELECT DATABASE()
[2024-03-22T17:28:41.361+0000] {logging_mixin.py:188} INFO - 2024-03-22 17:28:41,360 INFO sqlalchemy.engine.Engine [raw sql] {}
[2024-03-22T17:28:41.360+0000] {base.py:1868} INFO - [raw sql] {}
[2024-03-22T17:28:42.245+0000] {logging_mixin.py:188} INFO - 2024-03-22 17:28:42,245 INFO sqlalchemy.engine.Engine SELECT @@sql_mode
[2024-03-22T17:28:42.245+0000] {base.py:1863} INFO - SELECT @@sql_mode
[2024-03-22T17:28:42.247+0000] {logging_mixin.py:188} INFO - 2024-03-22 17:28:42,246 INFO sqlalchemy.engine.Engine [raw sql] {}
[2024-03-22T17:28:42.246+0000] {base.py:1868} INFO - [raw sql] {}
[2024-03-22T17:28:42.688+0000] {logging_mixin.py:188} INFO - 2024-03-22 17:28:42,688 INFO sqlalchemy.engine.Engine SELECT @@lower_case_table_names
[2024-03-22T17:28:42.688+0000] {base.py:1863} INFO - SELECT @@lower_case_table_names
[2024-03-22T17:28:42.689+0000] {logging_mixin.py:188} INFO - 2024-03-22 17:28:42,689 INFO sqlalchemy.engine.Engine [raw sql] {}
[2024-03-22T17:28:42.689+0000] {base.py:1868} INFO - [raw sql] {}
[2024-03-22T17:28:43.354+0000] {logging_mixin.py:188} INFO - 2024-03-22 17:28:43,352 INFO sqlalchemy.engine.Engine 


  SELECT 
    *
FROM databasename.mytable
[2024-03-22T17:28:43.352+0000] {base.py:1863} INFO - 


  SELECT 
    *
FROM databasename.mytable
[2024-03-22T17:28:43.355+0000] {logging_mixin.py:188} INFO - 2024-03-22 17:28:43,355 INFO sqlalchemy.engine.Engine [raw sql] {}
[2024-03-22T17:28:43.355+0000] {base.py:1868} INFO - [raw sql] {}
[2024-03-22T17:28:43.797+0000] {logging_mixin.py:188} INFO - File already exists.
[2024-03-22T17:28:43.799+0000] {python.py:202} INFO - Done. Returned value was: /opt/***/data/aplikasi_table_['{ ds }.parquet']
[2024-03-22T17:28:43.822+0000] {taskinstance.py:1149} INFO - Marking task as SUCCESS. dag_id=study_case_etl_cloud_storage, task_id=fetch_data_task, execution_date=20240316T140000, start_date=20240322T172837, end_date=20240322T172843
[2024-03-22T17:28:43.870+0000] {local_task_job_runner.py:234} INFO - Task exited with return code 0
[2024-03-22T17:28:43.882+0000] {taskinstance.py:3309} INFO - 0 downstream tasks scheduled from follow-on schedule check
