[2024-03-16T06:18:25.475+0000] {taskinstance.py:1979} INFO - Dependencies all met for dep_context=non-requeueable deps ti=<TaskInstance: study_case_etl_cloud_storage.fetch_data_task scheduled__2024-03-16T01:00:00+00:00 [queued]>
[2024-03-16T06:18:25.488+0000] {taskinstance.py:1979} INFO - Dependencies all met for dep_context=requeueable deps ti=<TaskInstance: study_case_etl_cloud_storage.fetch_data_task scheduled__2024-03-16T01:00:00+00:00 [queued]>
[2024-03-16T06:18:25.489+0000] {taskinstance.py:2193} INFO - Starting attempt 1 of 2
[2024-03-16T06:18:25.515+0000] {taskinstance.py:2214} INFO - Executing <Task(PythonOperator): fetch_data_task> on 2024-03-16 01:00:00+00:00
[2024-03-16T06:18:25.526+0000] {standard_task_runner.py:60} INFO - Started process 116 to run task
[2024-03-16T06:18:25.529+0000] {standard_task_runner.py:87} INFO - Running: ['***', 'tasks', 'run', 'study_case_etl_cloud_storage', 'fetch_data_task', 'scheduled__2024-03-16T01:00:00+00:00', '--job-id', '594', '--raw', '--subdir', 'DAGS_FOLDER/etl_day_bigquery/study_case_etl_cloud_storage.py', '--cfg-path', '/tmp/tmp_ngc2soa']
[2024-03-16T06:18:25.532+0000] {standard_task_runner.py:88} INFO - Job 594: Subtask fetch_data_task
[2024-03-16T06:18:25.609+0000] {task_command.py:423} INFO - Running <TaskInstance: study_case_etl_cloud_storage.fetch_data_task scheduled__2024-03-16T01:00:00+00:00 [running]> on host 5aeb2644b29c
[2024-03-16T06:18:25.815+0000] {taskinstance.py:2510} INFO - Exporting env vars: AIRFLOW_CTX_DAG_OWNER='Agus mahari' AIRFLOW_CTX_DAG_ID='study_case_etl_cloud_storage' AIRFLOW_CTX_TASK_ID='fetch_data_task' AIRFLOW_CTX_EXECUTION_DATE='2024-03-16T01:00:00+00:00' AIRFLOW_CTX_TRY_NUMBER='1' AIRFLOW_CTX_DAG_RUN_ID='scheduled__2024-03-16T01:00:00+00:00'
[2024-03-16T06:18:25.819+0000] {warnings.py:109} WARNING - /home/***/.local/lib/python3.8/site-packages/***/utils/context.py:315: AirflowContextDeprecationWarning: Accessing 'execution_date' from the template is deprecated and will be removed in a future version. Please use 'data_interval_start' or 'logical_date' instead.
  warnings.warn(_create_deprecation_warning(k, replacements))

[2024-03-16T06:18:28.694+0000] {logging_mixin.py:188} INFO - 2024-03-16 06:18:28,694 INFO sqlalchemy.engine.Engine SELECT DATABASE()
[2024-03-16T06:18:28.694+0000] {base.py:1863} INFO - SELECT DATABASE()
[2024-03-16T06:18:28.695+0000] {logging_mixin.py:188} INFO - 2024-03-16 06:18:28,695 INFO sqlalchemy.engine.Engine [raw sql] {}
[2024-03-16T06:18:28.695+0000] {base.py:1868} INFO - [raw sql] {}
[2024-03-16T06:18:29.596+0000] {logging_mixin.py:188} INFO - 2024-03-16 06:18:29,596 INFO sqlalchemy.engine.Engine SELECT @@sql_mode
[2024-03-16T06:18:29.596+0000] {base.py:1863} INFO - SELECT @@sql_mode
[2024-03-16T06:18:29.597+0000] {logging_mixin.py:188} INFO - 2024-03-16 06:18:29,597 INFO sqlalchemy.engine.Engine [raw sql] {}
[2024-03-16T06:18:29.597+0000] {base.py:1868} INFO - [raw sql] {}
[2024-03-16T06:18:30.055+0000] {logging_mixin.py:188} INFO - 2024-03-16 06:18:30,054 INFO sqlalchemy.engine.Engine SELECT @@lower_case_table_names
[2024-03-16T06:18:30.054+0000] {base.py:1863} INFO - SELECT @@lower_case_table_names
[2024-03-16T06:18:30.056+0000] {logging_mixin.py:188} INFO - 2024-03-16 06:18:30,056 INFO sqlalchemy.engine.Engine [raw sql] {}
[2024-03-16T06:18:30.056+0000] {base.py:1868} INFO - [raw sql] {}
[2024-03-16T06:18:30.742+0000] {logging_mixin.py:188} INFO - 2024-03-16 06:18:30,742 INFO sqlalchemy.engine.Engine 


   SELECT 
    *, 
    CONVERT_TZ(NOW(), 'UTC', '+07:00') as execution_at
FROM test.user
WHERE updated_at BETWEEN NOW() - INTERVAL 7 MINUTE AND NOW()
[2024-03-16T06:18:30.742+0000] {base.py:1863} INFO - 


   SELECT 
    *, 
    CONVERT_TZ(NOW(), 'UTC', '+07:00') as execution_at
FROM test.user
WHERE updated_at BETWEEN NOW() - INTERVAL 7 MINUTE AND NOW()
[2024-03-16T06:18:30.744+0000] {logging_mixin.py:188} INFO - 2024-03-16 06:18:30,744 INFO sqlalchemy.engine.Engine [raw sql] {}
[2024-03-16T06:18:30.744+0000] {base.py:1868} INFO - [raw sql] {}
[2024-03-16T06:18:31.443+0000] {python.py:202} INFO - Done. Returned value was: /opt/***/data/aplikasi_table_2024-03-16-1-00-00.parquet
[2024-03-16T06:18:31.480+0000] {taskinstance.py:1149} INFO - Marking task as SUCCESS. dag_id=study_case_etl_cloud_storage, task_id=fetch_data_task, execution_date=20240316T010000, start_date=20240316T061825, end_date=20240316T061831
[2024-03-16T06:18:31.541+0000] {local_task_job_runner.py:234} INFO - Task exited with return code 0
[2024-03-16T06:18:31.570+0000] {taskinstance.py:3309} INFO - 1 downstream tasks scheduled from follow-on schedule check
[2024-03-22T17:28:23.646+0000] {taskinstance.py:1979} INFO - Dependencies all met for dep_context=non-requeueable deps ti=<TaskInstance: study_case_etl_cloud_storage.fetch_data_task scheduled__2024-03-16T01:00:00+00:00 [queued]>
[2024-03-22T17:28:23.657+0000] {taskinstance.py:1979} INFO - Dependencies all met for dep_context=requeueable deps ti=<TaskInstance: study_case_etl_cloud_storage.fetch_data_task scheduled__2024-03-16T01:00:00+00:00 [queued]>
[2024-03-22T17:28:23.658+0000] {taskinstance.py:2193} INFO - Starting attempt 1 of 2
[2024-03-22T17:28:23.673+0000] {taskinstance.py:2214} INFO - Executing <Task(PythonOperator): fetch_data_task> on 2024-03-16 01:00:00+00:00
[2024-03-22T17:28:23.679+0000] {standard_task_runner.py:60} INFO - Started process 404 to run task
[2024-03-22T17:28:23.683+0000] {standard_task_runner.py:87} INFO - Running: ['***', 'tasks', 'run', 'study_case_etl_cloud_storage', 'fetch_data_task', 'scheduled__2024-03-16T01:00:00+00:00', '--job-id', '35', '--raw', '--subdir', 'DAGS_FOLDER/etl_day_bigquery/study_case_etl_cloud_storage.py', '--cfg-path', '/tmp/tmpiq3icy7_']
[2024-03-22T17:28:23.689+0000] {standard_task_runner.py:88} INFO - Job 35: Subtask fetch_data_task
[2024-03-22T17:28:23.748+0000] {task_command.py:423} INFO - Running <TaskInstance: study_case_etl_cloud_storage.fetch_data_task scheduled__2024-03-16T01:00:00+00:00 [running]> on host eb8b31fafb1e
[2024-03-22T17:28:23.878+0000] {taskinstance.py:2510} INFO - Exporting env vars: AIRFLOW_CTX_DAG_OWNER='Agus mahari' AIRFLOW_CTX_DAG_ID='study_case_etl_cloud_storage' AIRFLOW_CTX_TASK_ID='fetch_data_task' AIRFLOW_CTX_EXECUTION_DATE='2024-03-16T01:00:00+00:00' AIRFLOW_CTX_TRY_NUMBER='1' AIRFLOW_CTX_DAG_RUN_ID='scheduled__2024-03-16T01:00:00+00:00'
[2024-03-22T17:28:26.495+0000] {logging_mixin.py:188} INFO - 2024-03-22 17:28:26,494 INFO sqlalchemy.engine.Engine SELECT DATABASE()
[2024-03-22T17:28:26.494+0000] {base.py:1863} INFO - SELECT DATABASE()
[2024-03-22T17:28:26.495+0000] {logging_mixin.py:188} INFO - 2024-03-22 17:28:26,495 INFO sqlalchemy.engine.Engine [raw sql] {}
[2024-03-22T17:28:26.495+0000] {base.py:1868} INFO - [raw sql] {}
[2024-03-22T17:28:27.377+0000] {logging_mixin.py:188} INFO - 2024-03-22 17:28:27,377 INFO sqlalchemy.engine.Engine SELECT @@sql_mode
[2024-03-22T17:28:27.377+0000] {base.py:1863} INFO - SELECT @@sql_mode
[2024-03-22T17:28:27.378+0000] {logging_mixin.py:188} INFO - 2024-03-22 17:28:27,378 INFO sqlalchemy.engine.Engine [raw sql] {}
[2024-03-22T17:28:27.378+0000] {base.py:1868} INFO - [raw sql] {}
[2024-03-22T17:28:27.817+0000] {logging_mixin.py:188} INFO - 2024-03-22 17:28:27,817 INFO sqlalchemy.engine.Engine SELECT @@lower_case_table_names
[2024-03-22T17:28:27.817+0000] {base.py:1863} INFO - SELECT @@lower_case_table_names
[2024-03-22T17:28:27.818+0000] {logging_mixin.py:188} INFO - 2024-03-22 17:28:27,818 INFO sqlalchemy.engine.Engine [raw sql] {}
[2024-03-22T17:28:27.818+0000] {base.py:1868} INFO - [raw sql] {}
[2024-03-22T17:28:28.478+0000] {logging_mixin.py:188} INFO - 2024-03-22 17:28:28,477 INFO sqlalchemy.engine.Engine 


  SELECT 
    *
FROM databasename.mytable
[2024-03-22T17:28:28.477+0000] {base.py:1863} INFO - 


  SELECT 
    *
FROM databasename.mytable
[2024-03-22T17:28:28.479+0000] {logging_mixin.py:188} INFO - 2024-03-22 17:28:28,479 INFO sqlalchemy.engine.Engine [raw sql] {}
[2024-03-22T17:28:28.479+0000] {base.py:1868} INFO - [raw sql] {}
[2024-03-22T17:28:28.927+0000] {logging_mixin.py:188} INFO - File already exists.
[2024-03-22T17:28:28.929+0000] {python.py:202} INFO - Done. Returned value was: /opt/***/data/aplikasi_table_['{ ds }.parquet']
[2024-03-22T17:28:28.947+0000] {taskinstance.py:1149} INFO - Marking task as SUCCESS. dag_id=study_case_etl_cloud_storage, task_id=fetch_data_task, execution_date=20240316T010000, start_date=20240322T172823, end_date=20240322T172828
[2024-03-22T17:28:28.969+0000] {local_task_job_runner.py:234} INFO - Task exited with return code 0
[2024-03-22T17:28:28.979+0000] {taskinstance.py:3309} INFO - 0 downstream tasks scheduled from follow-on schedule check
