[2024-03-22T21:00:01.644+0000] {taskinstance.py:1979} INFO - Dependencies all met for dep_context=non-requeueable deps ti=<TaskInstance: study_case_etl_cloud_storage.fetch_data_task scheduled__2024-03-22T20:00:00+00:00 [queued]>
[2024-03-22T21:00:01.651+0000] {taskinstance.py:1979} INFO - Dependencies all met for dep_context=requeueable deps ti=<TaskInstance: study_case_etl_cloud_storage.fetch_data_task scheduled__2024-03-22T20:00:00+00:00 [queued]>
[2024-03-22T21:00:01.652+0000] {taskinstance.py:2193} INFO - Starting attempt 1 of 2
[2024-03-22T21:00:01.664+0000] {taskinstance.py:2214} INFO - Executing <Task(PythonOperator): fetch_data_task> on 2024-03-22 20:00:00+00:00
[2024-03-22T21:00:01.669+0000] {standard_task_runner.py:60} INFO - Started process 3116 to run task
[2024-03-22T21:00:01.673+0000] {standard_task_runner.py:87} INFO - Running: ['***', 'tasks', 'run', 'study_case_etl_cloud_storage', 'fetch_data_task', 'scheduled__2024-03-22T20:00:00+00:00', '--job-id', '260', '--raw', '--subdir', 'DAGS_FOLDER/etl_day_bigquery/study_case_etl_cloud_storage.py', '--cfg-path', '/tmp/tmp6uj7e766']
[2024-03-22T21:00:01.675+0000] {standard_task_runner.py:88} INFO - Job 260: Subtask fetch_data_task
[2024-03-22T21:00:01.717+0000] {task_command.py:423} INFO - Running <TaskInstance: study_case_etl_cloud_storage.fetch_data_task scheduled__2024-03-22T20:00:00+00:00 [running]> on host 428086c4ef09
[2024-03-22T21:00:01.785+0000] {taskinstance.py:2510} INFO - Exporting env vars: AIRFLOW_CTX_DAG_OWNER='Agus mahari' AIRFLOW_CTX_DAG_ID='study_case_etl_cloud_storage' AIRFLOW_CTX_TASK_ID='fetch_data_task' AIRFLOW_CTX_EXECUTION_DATE='2024-03-22T20:00:00+00:00' AIRFLOW_CTX_TRY_NUMBER='1' AIRFLOW_CTX_DAG_RUN_ID='scheduled__2024-03-22T20:00:00+00:00'
[2024-03-22T21:00:04.420+0000] {logging_mixin.py:188} INFO - 2024-03-22 21:00:04,420 INFO sqlalchemy.engine.Engine SELECT DATABASE()
[2024-03-22T21:00:04.420+0000] {base.py:1863} INFO - SELECT DATABASE()
[2024-03-22T21:00:04.421+0000] {logging_mixin.py:188} INFO - 2024-03-22 21:00:04,421 INFO sqlalchemy.engine.Engine [raw sql] {}
[2024-03-22T21:00:04.421+0000] {base.py:1868} INFO - [raw sql] {}
[2024-03-22T21:00:05.341+0000] {logging_mixin.py:188} INFO - 2024-03-22 21:00:05,341 INFO sqlalchemy.engine.Engine SELECT @@sql_mode
[2024-03-22T21:00:05.341+0000] {base.py:1863} INFO - SELECT @@sql_mode
[2024-03-22T21:00:05.344+0000] {logging_mixin.py:188} INFO - 2024-03-22 21:00:05,344 INFO sqlalchemy.engine.Engine [raw sql] {}
[2024-03-22T21:00:05.344+0000] {base.py:1868} INFO - [raw sql] {}
[2024-03-22T21:00:05.794+0000] {logging_mixin.py:188} INFO - 2024-03-22 21:00:05,793 INFO sqlalchemy.engine.Engine SELECT @@lower_case_table_names
[2024-03-22T21:00:05.793+0000] {base.py:1863} INFO - SELECT @@lower_case_table_names
[2024-03-22T21:00:05.797+0000] {logging_mixin.py:188} INFO - 2024-03-22 21:00:05,796 INFO sqlalchemy.engine.Engine [raw sql] {}
[2024-03-22T21:00:05.796+0000] {base.py:1868} INFO - [raw sql] {}
[2024-03-22T21:00:06.489+0000] {logging_mixin.py:188} INFO - 2024-03-22 21:00:06,488 INFO sqlalchemy.engine.Engine 


  SELECT 
    *
FROM databasename.mytable
[2024-03-22T21:00:06.488+0000] {base.py:1863} INFO - 


  SELECT 
    *
FROM databasename.mytable
[2024-03-22T21:00:06.493+0000] {logging_mixin.py:188} INFO - 2024-03-22 21:00:06,492 INFO sqlalchemy.engine.Engine [raw sql] {}
[2024-03-22T21:00:06.492+0000] {base.py:1868} INFO - [raw sql] {}
[2024-03-22T21:00:06.947+0000] {logging_mixin.py:188} INFO - File already exists.
[2024-03-22T21:00:06.953+0000] {python.py:202} INFO - Done. Returned value was: /opt/***/data/aplikasi_table_['{ ds }.parquet']
[2024-03-22T21:00:07.013+0000] {taskinstance.py:1149} INFO - Marking task as SUCCESS. dag_id=study_case_etl_cloud_storage, task_id=fetch_data_task, execution_date=20240322T200000, start_date=20240322T210001, end_date=20240322T210007
[2024-03-22T21:00:07.041+0000] {local_task_job_runner.py:234} INFO - Task exited with return code 0
[2024-03-22T21:00:07.052+0000] {taskinstance.py:3309} INFO - 0 downstream tasks scheduled from follow-on schedule check
