[2024-03-16T06:18:25.843+0000] {taskinstance.py:1979} INFO - Dependencies all met for dep_context=non-requeueable deps ti=<TaskInstance: study_case_etl_cloud_storage.fetch_data_task scheduled__2024-03-16T02:00:00+00:00 [queued]>
[2024-03-16T06:18:25.858+0000] {taskinstance.py:1979} INFO - Dependencies all met for dep_context=requeueable deps ti=<TaskInstance: study_case_etl_cloud_storage.fetch_data_task scheduled__2024-03-16T02:00:00+00:00 [queued]>
[2024-03-16T06:18:25.859+0000] {taskinstance.py:2193} INFO - Starting attempt 1 of 2
[2024-03-16T06:18:25.877+0000] {taskinstance.py:2214} INFO - Executing <Task(PythonOperator): fetch_data_task> on 2024-03-16 02:00:00+00:00
[2024-03-16T06:18:25.886+0000] {standard_task_runner.py:60} INFO - Started process 117 to run task
[2024-03-16T06:18:25.890+0000] {standard_task_runner.py:87} INFO - Running: ['***', 'tasks', 'run', 'study_case_etl_cloud_storage', 'fetch_data_task', 'scheduled__2024-03-16T02:00:00+00:00', '--job-id', '595', '--raw', '--subdir', 'DAGS_FOLDER/etl_day_bigquery/study_case_etl_cloud_storage.py', '--cfg-path', '/tmp/tmpg70qpeoy']
[2024-03-16T06:18:25.894+0000] {standard_task_runner.py:88} INFO - Job 595: Subtask fetch_data_task
[2024-03-16T06:18:25.976+0000] {task_command.py:423} INFO - Running <TaskInstance: study_case_etl_cloud_storage.fetch_data_task scheduled__2024-03-16T02:00:00+00:00 [running]> on host 5aeb2644b29c
[2024-03-16T06:18:26.082+0000] {taskinstance.py:2510} INFO - Exporting env vars: AIRFLOW_CTX_DAG_OWNER='Agus mahari' AIRFLOW_CTX_DAG_ID='study_case_etl_cloud_storage' AIRFLOW_CTX_TASK_ID='fetch_data_task' AIRFLOW_CTX_EXECUTION_DATE='2024-03-16T02:00:00+00:00' AIRFLOW_CTX_TRY_NUMBER='1' AIRFLOW_CTX_DAG_RUN_ID='scheduled__2024-03-16T02:00:00+00:00'
[2024-03-16T06:18:26.086+0000] {warnings.py:109} WARNING - /home/***/.local/lib/python3.8/site-packages/***/utils/context.py:315: AirflowContextDeprecationWarning: Accessing 'execution_date' from the template is deprecated and will be removed in a future version. Please use 'data_interval_start' or 'logical_date' instead.
  warnings.warn(_create_deprecation_warning(k, replacements))

[2024-03-16T06:18:28.777+0000] {logging_mixin.py:188} INFO - 2024-03-16 06:18:28,777 INFO sqlalchemy.engine.Engine SELECT DATABASE()
[2024-03-16T06:18:28.777+0000] {base.py:1863} INFO - SELECT DATABASE()
[2024-03-16T06:18:28.778+0000] {logging_mixin.py:188} INFO - 2024-03-16 06:18:28,778 INFO sqlalchemy.engine.Engine [raw sql] {}
[2024-03-16T06:18:28.778+0000] {base.py:1868} INFO - [raw sql] {}
[2024-03-16T06:18:29.680+0000] {logging_mixin.py:188} INFO - 2024-03-16 06:18:29,680 INFO sqlalchemy.engine.Engine SELECT @@sql_mode
[2024-03-16T06:18:29.680+0000] {base.py:1863} INFO - SELECT @@sql_mode
[2024-03-16T06:18:29.682+0000] {logging_mixin.py:188} INFO - 2024-03-16 06:18:29,682 INFO sqlalchemy.engine.Engine [raw sql] {}
[2024-03-16T06:18:29.682+0000] {base.py:1868} INFO - [raw sql] {}
[2024-03-16T06:18:30.132+0000] {logging_mixin.py:188} INFO - 2024-03-16 06:18:30,132 INFO sqlalchemy.engine.Engine SELECT @@lower_case_table_names
[2024-03-16T06:18:30.132+0000] {base.py:1863} INFO - SELECT @@lower_case_table_names
[2024-03-16T06:18:30.133+0000] {logging_mixin.py:188} INFO - 2024-03-16 06:18:30,133 INFO sqlalchemy.engine.Engine [raw sql] {}
[2024-03-16T06:18:30.133+0000] {base.py:1868} INFO - [raw sql] {}
[2024-03-16T06:18:30.808+0000] {logging_mixin.py:188} INFO - 2024-03-16 06:18:30,808 INFO sqlalchemy.engine.Engine 


   SELECT 
    *, 
    CONVERT_TZ(NOW(), 'UTC', '+07:00') as execution_at
FROM test.user
WHERE updated_at BETWEEN NOW() - INTERVAL 7 MINUTE AND NOW()
[2024-03-16T06:18:30.808+0000] {base.py:1863} INFO - 


   SELECT 
    *, 
    CONVERT_TZ(NOW(), 'UTC', '+07:00') as execution_at
FROM test.user
WHERE updated_at BETWEEN NOW() - INTERVAL 7 MINUTE AND NOW()
[2024-03-16T06:18:30.809+0000] {logging_mixin.py:188} INFO - 2024-03-16 06:18:30,809 INFO sqlalchemy.engine.Engine [raw sql] {}
[2024-03-16T06:18:30.809+0000] {base.py:1868} INFO - [raw sql] {}
[2024-03-16T06:18:31.430+0000] {python.py:202} INFO - Done. Returned value was: /opt/***/data/aplikasi_table_2024-03-16-2-00-00.parquet
[2024-03-16T06:18:31.474+0000] {taskinstance.py:1149} INFO - Marking task as SUCCESS. dag_id=study_case_etl_cloud_storage, task_id=fetch_data_task, execution_date=20240316T020000, start_date=20240316T061825, end_date=20240316T061831
[2024-03-16T06:18:31.536+0000] {local_task_job_runner.py:234} INFO - Task exited with return code 0
[2024-03-16T06:18:31.584+0000] {taskinstance.py:3309} INFO - 1 downstream tasks scheduled from follow-on schedule check
[2024-03-22T17:28:34.237+0000] {taskinstance.py:1979} INFO - Dependencies all met for dep_context=non-requeueable deps ti=<TaskInstance: study_case_etl_cloud_storage.fetch_data_task scheduled__2024-03-16T02:00:00+00:00 [queued]>
[2024-03-22T17:28:34.272+0000] {taskinstance.py:1979} INFO - Dependencies all met for dep_context=requeueable deps ti=<TaskInstance: study_case_etl_cloud_storage.fetch_data_task scheduled__2024-03-16T02:00:00+00:00 [queued]>
[2024-03-22T17:28:34.279+0000] {taskinstance.py:2193} INFO - Starting attempt 1 of 2
[2024-03-22T17:28:34.331+0000] {taskinstance.py:2214} INFO - Executing <Task(PythonOperator): fetch_data_task> on 2024-03-16 02:00:00+00:00
[2024-03-22T17:28:34.357+0000] {standard_task_runner.py:60} INFO - Started process 422 to run task
[2024-03-22T17:28:34.369+0000] {standard_task_runner.py:87} INFO - Running: ['***', 'tasks', 'run', 'study_case_etl_cloud_storage', 'fetch_data_task', 'scheduled__2024-03-16T02:00:00+00:00', '--job-id', '36', '--raw', '--subdir', 'DAGS_FOLDER/etl_day_bigquery/study_case_etl_cloud_storage.py', '--cfg-path', '/tmp/tmp6s7v5979']
[2024-03-22T17:28:34.380+0000] {standard_task_runner.py:88} INFO - Job 36: Subtask fetch_data_task
[2024-03-22T17:28:34.465+0000] {task_command.py:423} INFO - Running <TaskInstance: study_case_etl_cloud_storage.fetch_data_task scheduled__2024-03-16T02:00:00+00:00 [running]> on host eb8b31fafb1e
[2024-03-22T17:28:34.729+0000] {taskinstance.py:2510} INFO - Exporting env vars: AIRFLOW_CTX_DAG_OWNER='Agus mahari' AIRFLOW_CTX_DAG_ID='study_case_etl_cloud_storage' AIRFLOW_CTX_TASK_ID='fetch_data_task' AIRFLOW_CTX_EXECUTION_DATE='2024-03-16T02:00:00+00:00' AIRFLOW_CTX_TRY_NUMBER='1' AIRFLOW_CTX_DAG_RUN_ID='scheduled__2024-03-16T02:00:00+00:00'
[2024-03-22T17:28:37.712+0000] {logging_mixin.py:188} INFO - 2024-03-22 17:28:37,712 INFO sqlalchemy.engine.Engine SELECT DATABASE()
[2024-03-22T17:28:37.712+0000] {base.py:1863} INFO - SELECT DATABASE()
[2024-03-22T17:28:37.716+0000] {logging_mixin.py:188} INFO - 2024-03-22 17:28:37,716 INFO sqlalchemy.engine.Engine [raw sql] {}
[2024-03-22T17:28:37.716+0000] {base.py:1868} INFO - [raw sql] {}
[2024-03-22T17:28:38.606+0000] {logging_mixin.py:188} INFO - 2024-03-22 17:28:38,606 INFO sqlalchemy.engine.Engine SELECT @@sql_mode
[2024-03-22T17:28:38.606+0000] {base.py:1863} INFO - SELECT @@sql_mode
[2024-03-22T17:28:38.607+0000] {logging_mixin.py:188} INFO - 2024-03-22 17:28:38,607 INFO sqlalchemy.engine.Engine [raw sql] {}
[2024-03-22T17:28:38.607+0000] {base.py:1868} INFO - [raw sql] {}
[2024-03-22T17:28:39.490+0000] {logging_mixin.py:188} INFO - 2024-03-22 17:28:39,490 INFO sqlalchemy.engine.Engine SELECT @@lower_case_table_names
[2024-03-22T17:28:39.490+0000] {base.py:1863} INFO - SELECT @@lower_case_table_names
[2024-03-22T17:28:39.491+0000] {logging_mixin.py:188} INFO - 2024-03-22 17:28:39,491 INFO sqlalchemy.engine.Engine [raw sql] {}
[2024-03-22T17:28:39.491+0000] {base.py:1868} INFO - [raw sql] {}
[2024-03-22T17:28:40.157+0000] {logging_mixin.py:188} INFO - 2024-03-22 17:28:40,157 INFO sqlalchemy.engine.Engine 


  SELECT 
    *
FROM databasename.mytable
[2024-03-22T17:28:40.157+0000] {base.py:1863} INFO - 


  SELECT 
    *
FROM databasename.mytable
[2024-03-22T17:28:40.158+0000] {logging_mixin.py:188} INFO - 2024-03-22 17:28:40,158 INFO sqlalchemy.engine.Engine [raw sql] {}
[2024-03-22T17:28:40.158+0000] {base.py:1868} INFO - [raw sql] {}
[2024-03-22T17:28:40.604+0000] {logging_mixin.py:188} INFO - File already exists.
[2024-03-22T17:28:40.606+0000] {python.py:202} INFO - Done. Returned value was: /opt/***/data/aplikasi_table_['{ ds }.parquet']
[2024-03-22T17:28:40.624+0000] {taskinstance.py:1149} INFO - Marking task as SUCCESS. dag_id=study_case_etl_cloud_storage, task_id=fetch_data_task, execution_date=20240316T020000, start_date=20240322T172834, end_date=20240322T172840
[2024-03-22T17:28:40.675+0000] {local_task_job_runner.py:234} INFO - Task exited with return code 0
[2024-03-22T17:28:40.689+0000] {taskinstance.py:3309} INFO - 0 downstream tasks scheduled from follow-on schedule check
