[2024-03-08T18:42:02.635+0000] {taskinstance.py:1979} INFO - Dependencies all met for dep_context=non-requeueable deps ti=<TaskInstance: example_lima_solid.fetch_data_task manual__2024-03-08T18:42:01.276285+00:00 [queued]>
[2024-03-08T18:42:02.643+0000] {taskinstance.py:1979} INFO - Dependencies all met for dep_context=requeueable deps ti=<TaskInstance: example_lima_solid.fetch_data_task manual__2024-03-08T18:42:01.276285+00:00 [queued]>
[2024-03-08T18:42:02.644+0000] {taskinstance.py:2193} INFO - Starting attempt 1 of 2
[2024-03-08T18:42:02.654+0000] {taskinstance.py:2214} INFO - Executing <Task(PythonOperator): fetch_data_task> on 2024-03-08 18:42:01.276285+00:00
[2024-03-08T18:42:02.658+0000] {standard_task_runner.py:60} INFO - Started process 525 to run task
[2024-03-08T18:42:02.661+0000] {standard_task_runner.py:87} INFO - Running: ['***', 'tasks', 'run', 'example_lima_solid', 'fetch_data_task', 'manual__2024-03-08T18:42:01.276285+00:00', '--job-id', '153', '--raw', '--subdir', 'DAGS_FOLDER/other_ingestion_postgre/main_dag_sql_lima.py', '--cfg-path', '/tmp/tmp9fh5n4dw']
[2024-03-08T18:42:02.663+0000] {standard_task_runner.py:88} INFO - Job 153: Subtask fetch_data_task
[2024-03-08T18:42:02.702+0000] {task_command.py:423} INFO - Running <TaskInstance: example_lima_solid.fetch_data_task manual__2024-03-08T18:42:01.276285+00:00 [running]> on host c9d1ac6dab48
[2024-03-08T18:42:02.768+0000] {taskinstance.py:2510} INFO - Exporting env vars: AIRFLOW_CTX_DAG_OWNER='***' AIRFLOW_CTX_DAG_ID='example_lima_solid' AIRFLOW_CTX_TASK_ID='fetch_data_task' AIRFLOW_CTX_EXECUTION_DATE='2024-03-08T18:42:01.276285+00:00' AIRFLOW_CTX_TRY_NUMBER='1' AIRFLOW_CTX_DAG_RUN_ID='manual__2024-03-08T18:42:01.276285+00:00'
[2024-03-08T18:42:02.770+0000] {warnings.py:109} WARNING - /home/***/.local/lib/python3.8/site-packages/***/utils/context.py:315: AirflowContextDeprecationWarning: Accessing 'execution_date' from the template is deprecated and will be removed in a future version. Please use 'data_interval_start' or 'logical_date' instead.
  warnings.warn(_create_deprecation_warning(k, replacements))

[2024-03-08T18:42:05.221+0000] {logging_mixin.py:188} INFO - 2024-03-08 18:42:05,221 INFO sqlalchemy.engine.Engine SELECT DATABASE()
[2024-03-08T18:42:05.221+0000] {base.py:1863} INFO - SELECT DATABASE()
[2024-03-08T18:42:05.222+0000] {logging_mixin.py:188} INFO - 2024-03-08 18:42:05,222 INFO sqlalchemy.engine.Engine [raw sql] {}
[2024-03-08T18:42:05.222+0000] {base.py:1868} INFO - [raw sql] {}
[2024-03-08T18:42:06.064+0000] {logging_mixin.py:188} INFO - 2024-03-08 18:42:06,064 INFO sqlalchemy.engine.Engine SELECT @@sql_mode
[2024-03-08T18:42:06.064+0000] {base.py:1863} INFO - SELECT @@sql_mode
[2024-03-08T18:42:06.068+0000] {logging_mixin.py:188} INFO - 2024-03-08 18:42:06,068 INFO sqlalchemy.engine.Engine [raw sql] {}
[2024-03-08T18:42:06.068+0000] {base.py:1868} INFO - [raw sql] {}
[2024-03-08T18:42:06.494+0000] {logging_mixin.py:188} INFO - 2024-03-08 18:42:06,494 INFO sqlalchemy.engine.Engine SELECT @@lower_case_table_names
[2024-03-08T18:42:06.494+0000] {base.py:1863} INFO - SELECT @@lower_case_table_names
[2024-03-08T18:42:06.495+0000] {logging_mixin.py:188} INFO - 2024-03-08 18:42:06,495 INFO sqlalchemy.engine.Engine [raw sql] {}
[2024-03-08T18:42:06.495+0000] {base.py:1868} INFO - [raw sql] {}
[2024-03-08T18:42:07.148+0000] {logging_mixin.py:188} INFO - 2024-03-08 18:42:07,148 INFO sqlalchemy.engine.Engine SELECT 
    id_transaksi, 
    tanggal_transaksi, 
    id_pelanggan, 
    metode_pembayaran, 
    barang_jasa_dibeli, 
    status_pembayaran, 
    created_at, 
    updated_at
FROM test.transaksi
[2024-03-08T18:42:07.148+0000] {base.py:1863} INFO - SELECT 
    id_transaksi, 
    tanggal_transaksi, 
    id_pelanggan, 
    metode_pembayaran, 
    barang_jasa_dibeli, 
    status_pembayaran, 
    created_at, 
    updated_at
FROM test.transaksi

[2024-03-08T18:42:07.151+0000] {logging_mixin.py:188} INFO - 2024-03-08 18:42:07,151 INFO sqlalchemy.engine.Engine [raw sql] {}
[2024-03-08T18:42:07.151+0000] {base.py:1868} INFO - [raw sql] {}
[2024-03-08T18:42:07.612+0000] {python.py:202} INFO - Done. Returned value was: None
[2024-03-08T18:42:07.620+0000] {taskinstance.py:1149} INFO - Marking task as SUCCESS. dag_id=example_lima_solid, task_id=fetch_data_task, execution_date=20240308T184201, start_date=20240308T184202, end_date=20240308T184207
[2024-03-08T18:42:07.657+0000] {local_task_job_runner.py:234} INFO - Task exited with return code 0
[2024-03-08T18:42:07.673+0000] {taskinstance.py:3309} INFO - 0 downstream tasks scheduled from follow-on schedule check
