[2024-03-28T18:58:12.547+0000] {taskinstance.py:1979} INFO - Dependencies all met for dep_context=non-requeueable deps ti=<TaskInstance: my_first_dag.bash_task_1 manual__2024-03-28T18:58:11.048547+00:00 [queued]>
[2024-03-28T18:58:12.554+0000] {taskinstance.py:1979} INFO - Dependencies all met for dep_context=requeueable deps ti=<TaskInstance: my_first_dag.bash_task_1 manual__2024-03-28T18:58:11.048547+00:00 [queued]>
[2024-03-28T18:58:12.554+0000] {taskinstance.py:2193} INFO - Starting attempt 1 of 11
[2024-03-28T18:58:12.569+0000] {taskinstance.py:2214} INFO - Executing <Task(BashOperator): bash_task_1> on 2024-03-28 18:58:11.048547+00:00
[2024-03-28T18:58:12.573+0000] {standard_task_runner.py:60} INFO - Started process 59 to run task
[2024-03-28T18:58:12.576+0000] {standard_task_runner.py:87} INFO - Running: ['***', 'tasks', 'run', 'my_first_dag', 'bash_task_1', 'manual__2024-03-28T18:58:11.048547+00:00', '--job-id', '38', '--raw', '--subdir', 'DAGS_FOLDER/running_dbt_core/running_dbt_core.py', '--cfg-path', '/tmp/tmp_ff6_495']
[2024-03-28T18:58:12.578+0000] {standard_task_runner.py:88} INFO - Job 38: Subtask bash_task_1
[2024-03-28T18:58:12.615+0000] {task_command.py:423} INFO - Running <TaskInstance: my_first_dag.bash_task_1 manual__2024-03-28T18:58:11.048547+00:00 [running]> on host f96e363fc764
[2024-03-28T18:58:12.681+0000] {taskinstance.py:2510} INFO - Exporting env vars: AIRFLOW_CTX_DAG_OWNER='proton' AIRFLOW_CTX_DAG_ID='my_first_dag' AIRFLOW_CTX_TASK_ID='bash_task_1' AIRFLOW_CTX_EXECUTION_DATE='2024-03-28T18:58:11.048547+00:00' AIRFLOW_CTX_TRY_NUMBER='1' AIRFLOW_CTX_DAG_RUN_ID='manual__2024-03-28T18:58:11.048547+00:00'
[2024-03-28T18:58:12.682+0000] {subprocess.py:63} INFO - Tmp dir root location: /tmp
[2024-03-28T18:58:12.683+0000] {subprocess.py:75} INFO - Running command: ['/usr/bin/bash', '-c', 'cd /opt/***/dbt/credit_card_dwh && dbt deps && dbt seed --profiles-dir .']
[2024-03-28T18:58:12.690+0000] {subprocess.py:86} INFO - Output:
[2024-03-28T18:58:15.443+0000] {subprocess.py:93} INFO - [0m18:58:15  Running with dbt=1.7.10
[2024-03-28T18:58:17.953+0000] {subprocess.py:93} INFO - [0m18:58:17  Installing dbt-labs/dbt_utils
[2024-03-28T18:58:18.811+0000] {subprocess.py:93} INFO - [0m18:58:18  Installed from version 0.8.0
[2024-03-28T18:58:18.813+0000] {subprocess.py:93} INFO - [0m18:58:18  Updated version available: 1.1.1
[2024-03-28T18:58:18.815+0000] {subprocess.py:93} INFO - [0m18:58:18  Installing calogica/dbt_expectations
[2024-03-28T18:58:21.946+0000] {subprocess.py:93} INFO - [0m18:58:21  Installed from version 0.8.5
[2024-03-28T18:58:21.947+0000] {subprocess.py:93} INFO - [0m18:58:21  Updated version available: 0.10.3
[2024-03-28T18:58:21.949+0000] {subprocess.py:93} INFO - [0m18:58:21  Installing calogica/dbt_date
[2024-03-28T18:58:22.558+0000] {subprocess.py:93} INFO - [0m18:58:22  Installed from version 0.7.2
[2024-03-28T18:58:22.560+0000] {subprocess.py:93} INFO - [0m18:58:22  Updated version available: 0.10.0
[2024-03-28T18:58:22.562+0000] {subprocess.py:93} INFO - [0m18:58:22
[2024-03-28T18:58:22.564+0000] {subprocess.py:93} INFO - [0m18:58:22  Updates available for packages: ['dbt-labs/dbt_utils', 'calogica/dbt_expectations', 'calogica/dbt_date']
[2024-03-28T18:58:22.564+0000] {subprocess.py:93} INFO - Update your versions in packages.yml, then run dbt deps
[2024-03-28T18:58:27.580+0000] {subprocess.py:93} INFO - [0m18:58:27  Running with dbt=1.7.10
[2024-03-28T18:58:29.476+0000] {subprocess.py:93} INFO - [0m18:58:29  Registered adapter: bigquery=1.7.6
[2024-03-28T18:58:29.666+0000] {subprocess.py:93} INFO - [0m18:58:29  Found 15 models, 5 seeds, 20 tests, 1 source, 0 exposures, 0 metrics, 870 macros, 0 groups, 0 semantic models
[2024-03-28T18:58:29.669+0000] {subprocess.py:93} INFO - [0m18:58:29
[2024-03-28T18:58:30.973+0000] {subprocess.py:93} INFO - [0m18:58:30  Concurrency: 4 threads (target='dev')
[2024-03-28T18:58:30.975+0000] {subprocess.py:93} INFO - [0m18:58:30
[2024-03-28T18:58:30.988+0000] {subprocess.py:93} INFO - [0m18:58:30  1 of 5 START seed file final_project.dim_EDUCATION ............................. [RUN]
[2024-03-28T18:58:30.989+0000] {subprocess.py:93} INFO - [0m18:58:30  2 of 5 START seed file final_project.dim_HOUSING ............................... [RUN]
[2024-03-28T18:58:30.990+0000] {subprocess.py:93} INFO - [0m18:58:30  3 of 5 START seed file final_project.dim_INCOME ................................ [RUN]
[2024-03-28T18:58:30.992+0000] {subprocess.py:93} INFO - [0m18:58:30  4 of 5 START seed file final_project.dim_JOB ................................... [RUN]
[2024-03-28T18:58:38.364+0000] {subprocess.py:93} INFO - [0m18:58:38  2 of 5 OK loaded seed file final_project.dim_HOUSING ........................... [[32mINSERT 6[0m in 7.37s]
[2024-03-28T18:58:38.372+0000] {subprocess.py:93} INFO - [0m18:58:38  5 of 5 START seed file final_project.dim_MARITAL ............................... [RUN]
[2024-03-28T18:58:38.380+0000] {subprocess.py:93} INFO - [0m18:58:38  4 of 5 OK loaded seed file final_project.dim_JOB ............................... [[32mINSERT 19[0m in 7.38s]
[2024-03-28T18:58:38.416+0000] {subprocess.py:93} INFO - [0m18:58:38  3 of 5 OK loaded seed file final_project.dim_INCOME ............................ [[32mINSERT 5[0m in 7.42s]
[2024-03-28T18:58:38.421+0000] {subprocess.py:93} INFO - [0m18:58:38  1 of 5 OK loaded seed file final_project.dim_EDUCATION ......................... [[32mINSERT 5[0m in 7.43s]
[2024-03-28T18:58:46.147+0000] {subprocess.py:93} INFO - [0m18:58:46  5 of 5 OK loaded seed file final_project.dim_MARITAL ........................... [[32mINSERT 5[0m in 7.77s]
[2024-03-28T18:58:46.157+0000] {subprocess.py:93} INFO - [0m18:58:46
[2024-03-28T18:58:46.159+0000] {subprocess.py:93} INFO - [0m18:58:46  Finished running 5 seeds in 0 hours 0 minutes and 16.49 seconds (16.49s).
[2024-03-28T18:58:46.188+0000] {subprocess.py:93} INFO - [0m18:58:46
[2024-03-28T18:58:46.190+0000] {subprocess.py:93} INFO - [0m18:58:46  [32mCompleted successfully[0m
[2024-03-28T18:58:46.192+0000] {subprocess.py:93} INFO - [0m18:58:46
[2024-03-28T18:58:46.194+0000] {subprocess.py:93} INFO - [0m18:58:46  Done. PASS=5 WARN=0 ERROR=0 SKIP=0 TOTAL=5
[2024-03-28T18:58:48.584+0000] {subprocess.py:97} INFO - Command exited with return code 0
[2024-03-28T18:58:48.604+0000] {taskinstance.py:1149} INFO - Marking task as SUCCESS. dag_id=my_first_dag, task_id=bash_task_1, execution_date=20240328T185811, start_date=20240328T185812, end_date=20240328T185848
[2024-03-28T18:58:48.647+0000] {local_task_job_runner.py:234} INFO - Task exited with return code 0
[2024-03-28T18:58:48.662+0000] {taskinstance.py:3309} INFO - 1 downstream tasks scheduled from follow-on schedule check
