[2024-03-30T22:46:28.613+0000] {taskinstance.py:1979} INFO - Dependencies all met for dep_context=non-requeueable deps ti=<TaskInstance: study_case_etl_all_pipeline.bash_task_2 manual__2024-03-30T22:46:05.538421+00:00 [queued]>
[2024-03-30T22:46:28.621+0000] {taskinstance.py:1979} INFO - Dependencies all met for dep_context=requeueable deps ti=<TaskInstance: study_case_etl_all_pipeline.bash_task_2 manual__2024-03-30T22:46:05.538421+00:00 [queued]>
[2024-03-30T22:46:28.621+0000] {taskinstance.py:2193} INFO - Starting attempt 1 of 2
[2024-03-30T22:46:28.633+0000] {taskinstance.py:2214} INFO - Executing <Task(BashOperator): bash_task_2> on 2024-03-30 22:46:05.538421+00:00
[2024-03-30T22:46:28.638+0000] {standard_task_runner.py:60} INFO - Started process 5710 to run task
[2024-03-30T22:46:28.640+0000] {standard_task_runner.py:87} INFO - Running: ['***', 'tasks', 'run', 'study_case_etl_all_pipeline', 'bash_task_2', 'manual__2024-03-30T22:46:05.538421+00:00', '--job-id', '216', '--raw', '--subdir', 'DAGS_FOLDER/running_dbt_core/study_case_etl_all_pipeline.py', '--cfg-path', '/tmp/tmp08zfh6xt']
[2024-03-30T22:46:28.643+0000] {standard_task_runner.py:88} INFO - Job 216: Subtask bash_task_2
[2024-03-30T22:46:28.679+0000] {task_command.py:423} INFO - Running <TaskInstance: study_case_etl_all_pipeline.bash_task_2 manual__2024-03-30T22:46:05.538421+00:00 [running]> on host f5156ab87ac1
[2024-03-30T22:46:28.741+0000] {taskinstance.py:2510} INFO - Exporting env vars: AIRFLOW_CTX_DAG_OWNER='Agus mahari' AIRFLOW_CTX_DAG_ID='study_case_etl_all_pipeline' AIRFLOW_CTX_TASK_ID='bash_task_2' AIRFLOW_CTX_EXECUTION_DATE='2024-03-30T22:46:05.538421+00:00' AIRFLOW_CTX_TRY_NUMBER='1' AIRFLOW_CTX_DAG_RUN_ID='manual__2024-03-30T22:46:05.538421+00:00'
[2024-03-30T22:46:28.742+0000] {subprocess.py:63} INFO - Tmp dir root location: /tmp
[2024-03-30T22:46:28.743+0000] {subprocess.py:75} INFO - Running command: ['/usr/bin/bash', '-c', 'cd /opt/***/dbt/credit_card_dwh && dbt run --profiles-dir .']
[2024-03-30T22:46:28.752+0000] {subprocess.py:86} INFO - Output:
[2024-03-30T22:46:31.189+0000] {subprocess.py:93} INFO - [0m22:46:31  Running with dbt=1.7.11
[2024-03-30T22:46:32.107+0000] {subprocess.py:93} INFO - [0m22:46:32  Registered adapter: bigquery=1.7.7
[2024-03-30T22:46:32.266+0000] {subprocess.py:93} INFO - [0m22:46:32  Found 1 model, 2 tests, 1 source, 0 exposures, 0 metrics, 907 macros, 0 groups, 0 semantic models
[2024-03-30T22:46:32.269+0000] {subprocess.py:93} INFO - [0m22:46:32
[2024-03-30T22:46:33.499+0000] {subprocess.py:93} INFO - [0m22:46:33  Concurrency: 4 threads (target='dev')
[2024-03-30T22:46:33.503+0000] {subprocess.py:93} INFO - [0m22:46:33
[2024-03-30T22:46:33.525+0000] {subprocess.py:93} INFO - [0m22:46:33  1 of 1 START sql incremental model test_location.stg__credit_card .............. [RUN]
[2024-03-30T22:46:37.920+0000] {subprocess.py:93} INFO - [0m22:46:37  1 of 1 OK created sql incremental model test_location.stg__credit_card ......... [[32mMERGE (55.5k rows, 12.1 MiB processed)[0m in 4.39s]
[2024-03-30T22:46:37.927+0000] {subprocess.py:93} INFO - [0m22:46:37
[2024-03-30T22:46:37.928+0000] {subprocess.py:93} INFO - [0m22:46:37  Finished running 1 incremental model in 0 hours 0 minutes and 5.66 seconds (5.66s).
[2024-03-30T22:46:37.949+0000] {subprocess.py:93} INFO - [0m22:46:37
[2024-03-30T22:46:37.950+0000] {subprocess.py:93} INFO - [0m22:46:37  [32mCompleted successfully[0m
[2024-03-30T22:46:37.951+0000] {subprocess.py:93} INFO - [0m22:46:37
[2024-03-30T22:46:37.952+0000] {subprocess.py:93} INFO - [0m22:46:37  Done. PASS=1 WARN=0 ERROR=0 SKIP=0 TOTAL=1
[2024-03-30T22:46:40.570+0000] {subprocess.py:97} INFO - Command exited with return code 0
[2024-03-30T22:46:40.591+0000] {taskinstance.py:1149} INFO - Marking task as SUCCESS. dag_id=study_case_etl_all_pipeline, task_id=bash_task_2, execution_date=20240330T224605, start_date=20240330T224628, end_date=20240330T224640
[2024-03-30T22:46:40.611+0000] {local_task_job_runner.py:234} INFO - Task exited with return code 0
[2024-03-30T22:46:40.626+0000] {taskinstance.py:3309} INFO - 3 downstream tasks scheduled from follow-on schedule check
