[2024-03-03T10:38:32.556+0000] {taskinstance.py:1979} INFO - Dependencies all met for dep_context=non-requeueable deps ti=<TaskInstance: aaexample_2.fetch_data_and_process_task manual__2024-03-03T10:38:31.359028+00:00 [queued]>
[2024-03-03T10:38:32.563+0000] {taskinstance.py:1979} INFO - Dependencies all met for dep_context=requeueable deps ti=<TaskInstance: aaexample_2.fetch_data_and_process_task manual__2024-03-03T10:38:31.359028+00:00 [queued]>
[2024-03-03T10:38:32.563+0000] {taskinstance.py:2193} INFO - Starting attempt 1 of 2
[2024-03-03T10:38:32.574+0000] {taskinstance.py:2214} INFO - Executing <Task(PythonOperator): fetch_data_and_process_task> on 2024-03-03 10:38:31.359028+00:00
[2024-03-03T10:38:32.579+0000] {standard_task_runner.py:60} INFO - Started process 1878 to run task
[2024-03-03T10:38:32.581+0000] {standard_task_runner.py:87} INFO - Running: ['***', 'tasks', 'run', 'aaexample_2', 'fetch_data_and_process_task', 'manual__2024-03-03T10:38:31.359028+00:00', '--job-id', '56', '--raw', '--subdir', 'DAGS_FOLDER/other_ingestion_postgre/main_dag_eks_sql_os.py', '--cfg-path', '/tmp/tmpgqdeid7_']
[2024-03-03T10:38:32.584+0000] {standard_task_runner.py:88} INFO - Job 56: Subtask fetch_data_and_process_task
[2024-03-03T10:38:32.621+0000] {task_command.py:423} INFO - Running <TaskInstance: aaexample_2.fetch_data_and_process_task manual__2024-03-03T10:38:31.359028+00:00 [running]> on host 749678136a31
[2024-03-03T10:38:32.681+0000] {taskinstance.py:2510} INFO - Exporting env vars: AIRFLOW_CTX_DAG_OWNER='***' AIRFLOW_CTX_DAG_ID='aaexample_2' AIRFLOW_CTX_TASK_ID='fetch_data_and_process_task' AIRFLOW_CTX_EXECUTION_DATE='2024-03-03T10:38:31.359028+00:00' AIRFLOW_CTX_TRY_NUMBER='1' AIRFLOW_CTX_DAG_RUN_ID='manual__2024-03-03T10:38:31.359028+00:00'
[2024-03-03T10:38:32.683+0000] {warnings.py:110} WARNING - /home/***/.local/lib/python3.11/site-packages/***/utils/context.py:315: AirflowContextDeprecationWarning: Accessing 'execution_date' from the template is deprecated and will be removed in a future version. Please use 'data_interval_start' or 'logical_date' instead.
  warnings.warn(_create_deprecation_warning(k, replacements))

[2024-03-03T10:38:32.690+0000] {taskinstance.py:2728} ERROR - Task failed with exception
Traceback (most recent call last):
  File "/home/airflow/.local/lib/python3.11/site-packages/airflow/models/taskinstance.py", line 444, in _execute_task
    result = _execute_callable(context=context, **execute_callable_kwargs)
             ^^^^^^^^^^^^^^^^^^^^^^^^^^^^^^^^^^^^^^^^^^^^^^^^^^^^^^^^^^^^^
  File "/home/airflow/.local/lib/python3.11/site-packages/airflow/models/taskinstance.py", line 414, in _execute_callable
    return execute_callable(context=context, **execute_callable_kwargs)
           ^^^^^^^^^^^^^^^^^^^^^^^^^^^^^^^^^^^^^^^^^^^^^^^^^^^^^^^^^^^^
  File "/home/airflow/.local/lib/python3.11/site-packages/airflow/operators/python.py", line 200, in execute
    return_value = self.execute_callable()
                   ^^^^^^^^^^^^^^^^^^^^^^^
  File "/home/airflow/.local/lib/python3.11/site-packages/airflow/operators/python.py", line 217, in execute_callable
    return self.python_callable(*self.op_args, **self.op_kwargs)
           ^^^^^^^^^^^^^^^^^^^^^^^^^^^^^^^^^^^^^^^^^^^^^^^^^^^^^
  File "/opt/airflow/dags/other_ingestion_postgre/main_dag_eks_sql_os.py", line 35, in fetch_data_and_process
    conn = get_postgres_connection()
           ^^^^^^^^^^^^^^^^^^^^^^^
NameError: name 'get_postgres_connection' is not defined
[2024-03-03T10:38:32.698+0000] {taskinstance.py:1149} INFO - Marking task as UP_FOR_RETRY. dag_id=aaexample_2, task_id=fetch_data_and_process_task, execution_date=20240303T103831, start_date=20240303T103832, end_date=20240303T103832
[2024-03-03T10:38:32.707+0000] {standard_task_runner.py:107} ERROR - Failed to execute job 56 for task fetch_data_and_process_task (name 'get_postgres_connection' is not defined; 1878)
[2024-03-03T10:38:32.753+0000] {local_task_job_runner.py:234} INFO - Task exited with return code 1
[2024-03-03T10:38:32.768+0000] {taskinstance.py:3309} INFO - 0 downstream tasks scheduled from follow-on schedule check
