[2024-03-16T05:54:20.371+0000] {taskinstance.py:1979} INFO - Dependencies all met for dep_context=non-requeueable deps ti=<TaskInstance: etl_hourly_pintro_aplikasi.fetch_data_task scheduled__2024-03-15T14:00:00+00:00 [queued]>
[2024-03-16T05:54:20.395+0000] {taskinstance.py:1979} INFO - Dependencies all met for dep_context=requeueable deps ti=<TaskInstance: etl_hourly_pintro_aplikasi.fetch_data_task scheduled__2024-03-15T14:00:00+00:00 [queued]>
[2024-03-16T05:54:20.396+0000] {taskinstance.py:2193} INFO - Starting attempt 1 of 2
[2024-03-16T05:54:20.419+0000] {taskinstance.py:2214} INFO - Executing <Task(PythonOperator): fetch_data_task> on 2024-03-15 14:00:00+00:00
[2024-03-16T05:54:20.431+0000] {standard_task_runner.py:60} INFO - Started process 87 to run task
[2024-03-16T05:54:20.447+0000] {standard_task_runner.py:87} INFO - Running: ['***', 'tasks', 'run', 'etl_hourly_pintro_aplikasi', 'fetch_data_task', 'scheduled__2024-03-15T14:00:00+00:00', '--job-id', '340', '--raw', '--subdir', 'DAGS_FOLDER/pintro_aplikasi_education/etl_hourly_pintro_aplikasi.py', '--cfg-path', '/tmp/tmp6gkv70yn']
[2024-03-16T05:54:20.455+0000] {standard_task_runner.py:88} INFO - Job 340: Subtask fetch_data_task
[2024-03-16T05:54:20.608+0000] {task_command.py:423} INFO - Running <TaskInstance: etl_hourly_pintro_aplikasi.fetch_data_task scheduled__2024-03-15T14:00:00+00:00 [running]> on host f293363f8e27
[2024-03-16T05:54:20.862+0000] {taskinstance.py:2510} INFO - Exporting env vars: AIRFLOW_CTX_DAG_OWNER='Agus mahari' AIRFLOW_CTX_DAG_ID='etl_hourly_pintro_aplikasi' AIRFLOW_CTX_TASK_ID='fetch_data_task' AIRFLOW_CTX_EXECUTION_DATE='2024-03-15T14:00:00+00:00' AIRFLOW_CTX_TRY_NUMBER='1' AIRFLOW_CTX_DAG_RUN_ID='scheduled__2024-03-15T14:00:00+00:00'
[2024-03-16T05:54:20.871+0000] {warnings.py:109} WARNING - /home/***/.local/lib/python3.8/site-packages/***/utils/context.py:315: AirflowContextDeprecationWarning: Accessing 'execution_date' from the template is deprecated and will be removed in a future version. Please use 'data_interval_start' or 'logical_date' instead.
  warnings.warn(_create_deprecation_warning(k, replacements))

[2024-03-16T05:54:23.584+0000] {logging_mixin.py:188} INFO - 2024-03-16 05:54:23,584 INFO sqlalchemy.engine.Engine SELECT DATABASE()
[2024-03-16T05:54:23.584+0000] {base.py:1863} INFO - SELECT DATABASE()
[2024-03-16T05:54:23.585+0000] {logging_mixin.py:188} INFO - 2024-03-16 05:54:23,585 INFO sqlalchemy.engine.Engine [raw sql] {}
[2024-03-16T05:54:23.585+0000] {base.py:1868} INFO - [raw sql] {}
[2024-03-16T05:54:24.667+0000] {logging_mixin.py:188} INFO - 2024-03-16 05:54:24,667 INFO sqlalchemy.engine.Engine SELECT @@sql_mode
[2024-03-16T05:54:24.667+0000] {base.py:1863} INFO - SELECT @@sql_mode
[2024-03-16T05:54:24.672+0000] {logging_mixin.py:188} INFO - 2024-03-16 05:54:24,672 INFO sqlalchemy.engine.Engine [raw sql] {}
[2024-03-16T05:54:24.672+0000] {base.py:1868} INFO - [raw sql] {}
[2024-03-16T05:54:25.126+0000] {logging_mixin.py:188} INFO - 2024-03-16 05:54:25,126 INFO sqlalchemy.engine.Engine SELECT @@lower_case_table_names
[2024-03-16T05:54:25.126+0000] {base.py:1863} INFO - SELECT @@lower_case_table_names
[2024-03-16T05:54:25.127+0000] {logging_mixin.py:188} INFO - 2024-03-16 05:54:25,127 INFO sqlalchemy.engine.Engine [raw sql] {}
[2024-03-16T05:54:25.127+0000] {base.py:1868} INFO - [raw sql] {}
[2024-03-16T05:54:25.821+0000] {logging_mixin.py:188} INFO - 2024-03-16 05:54:25,821 INFO sqlalchemy.engine.Engine SELECT 
    id_transaksi, 
    tanggal_transaksi, 
    id_pelanggan, 
    metode_pembayaran, 
    barang_jasa_dibeli, 
    status_pembayaran, 
    created_at, 
    updated_at, 
    CONVERT_TZ(NOW(), 'UTC', '+07:00') as execution_at
FROM test.transaksi
WHERE updated_at BETWEEN CONVERT_TZ(NOW(), 'UTC', '+07:00') - INTERVAL 1 HOUR AND CONVERT_TZ(NOW(), 'UTC', '+07:00')
[2024-03-16T05:54:25.821+0000] {base.py:1863} INFO - SELECT 
    id_transaksi, 
    tanggal_transaksi, 
    id_pelanggan, 
    metode_pembayaran, 
    barang_jasa_dibeli, 
    status_pembayaran, 
    created_at, 
    updated_at, 
    CONVERT_TZ(NOW(), 'UTC', '+07:00') as execution_at
FROM test.transaksi
WHERE updated_at BETWEEN CONVERT_TZ(NOW(), 'UTC', '+07:00') - INTERVAL 1 HOUR AND CONVERT_TZ(NOW(), 'UTC', '+07:00')
[2024-03-16T05:54:25.828+0000] {logging_mixin.py:188} INFO - 2024-03-16 05:54:25,828 INFO sqlalchemy.engine.Engine [raw sql] {}
[2024-03-16T05:54:25.828+0000] {base.py:1868} INFO - [raw sql] {}
[2024-03-16T05:54:26.282+0000] {logging_mixin.py:188} INFO - File already exists.
[2024-03-16T05:54:26.285+0000] {python.py:202} INFO - Done. Returned value was: None
[2024-03-16T05:54:26.307+0000] {taskinstance.py:1149} INFO - Marking task as SUCCESS. dag_id=etl_hourly_pintro_aplikasi, task_id=fetch_data_task, execution_date=20240315T140000, start_date=20240316T055420, end_date=20240316T055426
[2024-03-16T05:54:26.462+0000] {local_task_job_runner.py:234} INFO - Task exited with return code 0
[2024-03-16T05:54:26.520+0000] {taskinstance.py:3309} INFO - 1 downstream tasks scheduled from follow-on schedule check
