[2024-03-16T06:11:54.879+0000] {taskinstance.py:1979} INFO - Dependencies all met for dep_context=non-requeueable deps ti=<TaskInstance: study_case_etl_cloud_storage.fetch_data_task scheduled__2024-03-15T21:00:00+00:00 [queued]>
[2024-03-16T06:11:54.899+0000] {taskinstance.py:1979} INFO - Dependencies all met for dep_context=requeueable deps ti=<TaskInstance: study_case_etl_cloud_storage.fetch_data_task scheduled__2024-03-15T21:00:00+00:00 [queued]>
[2024-03-16T06:11:54.899+0000] {taskinstance.py:2193} INFO - Starting attempt 1 of 2
[2024-03-16T06:11:54.921+0000] {taskinstance.py:2214} INFO - Executing <Task(PythonOperator): fetch_data_task> on 2024-03-15 21:00:00+00:00
[2024-03-16T06:11:54.928+0000] {standard_task_runner.py:60} INFO - Started process 388 to run task
[2024-03-16T06:11:54.935+0000] {standard_task_runner.py:87} INFO - Running: ['***', 'tasks', 'run', 'study_case_etl_cloud_storage', 'fetch_data_task', 'scheduled__2024-03-15T21:00:00+00:00', '--job-id', '538', '--raw', '--subdir', 'DAGS_FOLDER/etl_day_bigquery/study_case_etl_cloud_storage.py', '--cfg-path', '/tmp/tmptf7prky_']
[2024-03-16T06:11:54.938+0000] {standard_task_runner.py:88} INFO - Job 538: Subtask fetch_data_task
[2024-03-16T06:11:54.996+0000] {task_command.py:423} INFO - Running <TaskInstance: study_case_etl_cloud_storage.fetch_data_task scheduled__2024-03-15T21:00:00+00:00 [running]> on host 72d5c878da28
[2024-03-16T06:11:55.088+0000] {taskinstance.py:2510} INFO - Exporting env vars: AIRFLOW_CTX_DAG_OWNER='Agus mahari' AIRFLOW_CTX_DAG_ID='study_case_etl_cloud_storage' AIRFLOW_CTX_TASK_ID='fetch_data_task' AIRFLOW_CTX_EXECUTION_DATE='2024-03-15T21:00:00+00:00' AIRFLOW_CTX_TRY_NUMBER='1' AIRFLOW_CTX_DAG_RUN_ID='scheduled__2024-03-15T21:00:00+00:00'
[2024-03-16T06:11:55.090+0000] {warnings.py:109} WARNING - /home/***/.local/lib/python3.8/site-packages/***/utils/context.py:315: AirflowContextDeprecationWarning: Accessing 'execution_date' from the template is deprecated and will be removed in a future version. Please use 'data_interval_start' or 'logical_date' instead.
  warnings.warn(_create_deprecation_warning(k, replacements))

[2024-03-16T06:11:57.666+0000] {logging_mixin.py:188} INFO - 2024-03-16 06:11:57,666 INFO sqlalchemy.engine.Engine SELECT DATABASE()
[2024-03-16T06:11:57.666+0000] {base.py:1863} INFO - SELECT DATABASE()
[2024-03-16T06:11:57.667+0000] {logging_mixin.py:188} INFO - 2024-03-16 06:11:57,667 INFO sqlalchemy.engine.Engine [raw sql] {}
[2024-03-16T06:11:57.667+0000] {base.py:1868} INFO - [raw sql] {}
[2024-03-16T06:11:58.564+0000] {logging_mixin.py:188} INFO - 2024-03-16 06:11:58,564 INFO sqlalchemy.engine.Engine SELECT @@sql_mode
[2024-03-16T06:11:58.564+0000] {base.py:1863} INFO - SELECT @@sql_mode
[2024-03-16T06:11:58.571+0000] {logging_mixin.py:188} INFO - 2024-03-16 06:11:58,571 INFO sqlalchemy.engine.Engine [raw sql] {}
[2024-03-16T06:11:58.571+0000] {base.py:1868} INFO - [raw sql] {}
[2024-03-16T06:11:59.054+0000] {logging_mixin.py:188} INFO - 2024-03-16 06:11:59,054 INFO sqlalchemy.engine.Engine SELECT @@lower_case_table_names
[2024-03-16T06:11:59.054+0000] {base.py:1863} INFO - SELECT @@lower_case_table_names
[2024-03-16T06:11:59.055+0000] {logging_mixin.py:188} INFO - 2024-03-16 06:11:59,055 INFO sqlalchemy.engine.Engine [raw sql] {}
[2024-03-16T06:11:59.055+0000] {base.py:1868} INFO - [raw sql] {}
[2024-03-16T06:11:59.726+0000] {logging_mixin.py:188} INFO - 2024-03-16 06:11:59,725 INFO sqlalchemy.engine.Engine 


   SELECT 
    *, 
    CONVERT_TZ(NOW(), 'UTC', '+07:00') as execution_at
FROM test.user
WHERE updated_at BETWEEN NOW() - INTERVAL 7 MINUTE AND NOW()
[2024-03-16T06:11:59.725+0000] {base.py:1863} INFO - 


   SELECT 
    *, 
    CONVERT_TZ(NOW(), 'UTC', '+07:00') as execution_at
FROM test.user
WHERE updated_at BETWEEN NOW() - INTERVAL 7 MINUTE AND NOW()
[2024-03-16T06:11:59.729+0000] {logging_mixin.py:188} INFO - 2024-03-16 06:11:59,729 INFO sqlalchemy.engine.Engine [raw sql] {}
[2024-03-16T06:11:59.729+0000] {base.py:1868} INFO - [raw sql] {}
[2024-03-16T06:12:00.221+0000] {python.py:202} INFO - Done. Returned value was: /opt/***/data/aplikasi_table_2024-03-15-21-00-00.parquet
[2024-03-16T06:12:00.322+0000] {taskinstance.py:1149} INFO - Marking task as SUCCESS. dag_id=study_case_etl_cloud_storage, task_id=fetch_data_task, execution_date=20240315T210000, start_date=20240316T061154, end_date=20240316T061200
[2024-03-16T06:12:00.437+0000] {local_task_job_runner.py:234} INFO - Task exited with return code 0
[2024-03-16T06:12:00.711+0000] {taskinstance.py:3309} INFO - 0 downstream tasks scheduled from follow-on schedule check
[2024-03-22T17:28:23.339+0000] {taskinstance.py:1979} INFO - Dependencies all met for dep_context=non-requeueable deps ti=<TaskInstance: study_case_etl_cloud_storage.fetch_data_task scheduled__2024-03-15T21:00:00+00:00 [queued]>
[2024-03-22T17:28:23.361+0000] {taskinstance.py:1979} INFO - Dependencies all met for dep_context=requeueable deps ti=<TaskInstance: study_case_etl_cloud_storage.fetch_data_task scheduled__2024-03-15T21:00:00+00:00 [queued]>
[2024-03-22T17:28:23.361+0000] {taskinstance.py:2193} INFO - Starting attempt 1 of 2
[2024-03-22T17:28:23.421+0000] {taskinstance.py:2214} INFO - Executing <Task(PythonOperator): fetch_data_task> on 2024-03-15 21:00:00+00:00
[2024-03-22T17:28:23.429+0000] {standard_task_runner.py:60} INFO - Started process 402 to run task
[2024-03-22T17:28:23.438+0000] {standard_task_runner.py:87} INFO - Running: ['***', 'tasks', 'run', 'study_case_etl_cloud_storage', 'fetch_data_task', 'scheduled__2024-03-15T21:00:00+00:00', '--job-id', '33', '--raw', '--subdir', 'DAGS_FOLDER/etl_day_bigquery/study_case_etl_cloud_storage.py', '--cfg-path', '/tmp/tmp3jp0vntj']
[2024-03-22T17:28:23.446+0000] {standard_task_runner.py:88} INFO - Job 33: Subtask fetch_data_task
[2024-03-22T17:28:23.527+0000] {task_command.py:423} INFO - Running <TaskInstance: study_case_etl_cloud_storage.fetch_data_task scheduled__2024-03-15T21:00:00+00:00 [running]> on host eb8b31fafb1e
[2024-03-22T17:28:23.627+0000] {taskinstance.py:2510} INFO - Exporting env vars: AIRFLOW_CTX_DAG_OWNER='Agus mahari' AIRFLOW_CTX_DAG_ID='study_case_etl_cloud_storage' AIRFLOW_CTX_TASK_ID='fetch_data_task' AIRFLOW_CTX_EXECUTION_DATE='2024-03-15T21:00:00+00:00' AIRFLOW_CTX_TRY_NUMBER='1' AIRFLOW_CTX_DAG_RUN_ID='scheduled__2024-03-15T21:00:00+00:00'
[2024-03-22T17:28:26.226+0000] {logging_mixin.py:188} INFO - 2024-03-22 17:28:26,225 INFO sqlalchemy.engine.Engine SELECT DATABASE()
[2024-03-22T17:28:26.225+0000] {base.py:1863} INFO - SELECT DATABASE()
[2024-03-22T17:28:26.227+0000] {logging_mixin.py:188} INFO - 2024-03-22 17:28:26,226 INFO sqlalchemy.engine.Engine [raw sql] {}
[2024-03-22T17:28:26.226+0000] {base.py:1868} INFO - [raw sql] {}
[2024-03-22T17:28:27.126+0000] {logging_mixin.py:188} INFO - 2024-03-22 17:28:27,125 INFO sqlalchemy.engine.Engine SELECT @@sql_mode
[2024-03-22T17:28:27.125+0000] {base.py:1863} INFO - SELECT @@sql_mode
[2024-03-22T17:28:27.130+0000] {logging_mixin.py:188} INFO - 2024-03-22 17:28:27,130 INFO sqlalchemy.engine.Engine [raw sql] {}
[2024-03-22T17:28:27.130+0000] {base.py:1868} INFO - [raw sql] {}
[2024-03-22T17:28:27.570+0000] {logging_mixin.py:188} INFO - 2024-03-22 17:28:27,570 INFO sqlalchemy.engine.Engine SELECT @@lower_case_table_names
[2024-03-22T17:28:27.570+0000] {base.py:1863} INFO - SELECT @@lower_case_table_names
[2024-03-22T17:28:27.571+0000] {logging_mixin.py:188} INFO - 2024-03-22 17:28:27,571 INFO sqlalchemy.engine.Engine [raw sql] {}
[2024-03-22T17:28:27.571+0000] {base.py:1868} INFO - [raw sql] {}
[2024-03-22T17:28:28.229+0000] {logging_mixin.py:188} INFO - 2024-03-22 17:28:28,229 INFO sqlalchemy.engine.Engine 


  SELECT 
    *
FROM databasename.mytable
[2024-03-22T17:28:28.229+0000] {base.py:1863} INFO - 


  SELECT 
    *
FROM databasename.mytable
[2024-03-22T17:28:28.232+0000] {logging_mixin.py:188} INFO - 2024-03-22 17:28:28,231 INFO sqlalchemy.engine.Engine [raw sql] {}
[2024-03-22T17:28:28.231+0000] {base.py:1868} INFO - [raw sql] {}
[2024-03-22T17:28:28.675+0000] {logging_mixin.py:188} INFO - File already exists.
[2024-03-22T17:28:28.676+0000] {python.py:202} INFO - Done. Returned value was: /opt/***/data/aplikasi_table_['{ ds }.parquet']
[2024-03-22T17:28:28.706+0000] {taskinstance.py:1149} INFO - Marking task as SUCCESS. dag_id=study_case_etl_cloud_storage, task_id=fetch_data_task, execution_date=20240315T210000, start_date=20240322T172823, end_date=20240322T172828
[2024-03-22T17:28:28.744+0000] {local_task_job_runner.py:234} INFO - Task exited with return code 0
[2024-03-22T17:28:28.766+0000] {taskinstance.py:3309} INFO - 0 downstream tasks scheduled from follow-on schedule check
