[2024-03-30T19:30:45.270+0000] {taskinstance.py:1979} INFO - Dependencies all met for dep_context=non-requeueable deps ti=<TaskInstance: study_case_etl_all_pipeline.fetch_data_task_id manual__2024-03-30T19:30:43.990818+00:00 [queued]>
[2024-03-30T19:30:45.278+0000] {taskinstance.py:1979} INFO - Dependencies all met for dep_context=requeueable deps ti=<TaskInstance: study_case_etl_all_pipeline.fetch_data_task_id manual__2024-03-30T19:30:43.990818+00:00 [queued]>
[2024-03-30T19:30:45.278+0000] {taskinstance.py:2193} INFO - Starting attempt 1 of 2
[2024-03-30T19:30:45.289+0000] {taskinstance.py:2214} INFO - Executing <Task(PythonOperator): fetch_data_task_id> on 2024-03-30 19:30:43.990818+00:00
[2024-03-30T19:30:45.293+0000] {standard_task_runner.py:60} INFO - Started process 2457 to run task
[2024-03-30T19:30:45.297+0000] {standard_task_runner.py:87} INFO - Running: ['***', 'tasks', 'run', 'study_case_etl_all_pipeline', 'fetch_data_task_id', 'manual__2024-03-30T19:30:43.990818+00:00', '--job-id', '175', '--raw', '--subdir', 'DAGS_FOLDER/running_dbt_core/study_case_etl_all_pipeline.py', '--cfg-path', '/tmp/tmpoo1o8k1n']
[2024-03-30T19:30:45.301+0000] {standard_task_runner.py:88} INFO - Job 175: Subtask fetch_data_task_id
[2024-03-30T19:30:45.338+0000] {task_command.py:423} INFO - Running <TaskInstance: study_case_etl_all_pipeline.fetch_data_task_id manual__2024-03-30T19:30:43.990818+00:00 [running]> on host f5156ab87ac1
[2024-03-30T19:30:45.402+0000] {taskinstance.py:2510} INFO - Exporting env vars: AIRFLOW_CTX_DAG_OWNER='Agus mahari' AIRFLOW_CTX_DAG_ID='study_case_etl_all_pipeline' AIRFLOW_CTX_TASK_ID='fetch_data_task_id' AIRFLOW_CTX_EXECUTION_DATE='2024-03-30T19:30:43.990818+00:00' AIRFLOW_CTX_TRY_NUMBER='1' AIRFLOW_CTX_DAG_RUN_ID='manual__2024-03-30T19:30:43.990818+00:00'
[2024-03-30T19:30:48.215+0000] {logging_mixin.py:188} INFO - 2024-03-30 19:30:48,215 INFO sqlalchemy.engine.Engine SELECT DATABASE()
[2024-03-30T19:30:48.215+0000] {base.py:1863} INFO - SELECT DATABASE()
[2024-03-30T19:30:48.216+0000] {logging_mixin.py:188} INFO - 2024-03-30 19:30:48,216 INFO sqlalchemy.engine.Engine [raw sql] {}
[2024-03-30T19:30:48.216+0000] {base.py:1868} INFO - [raw sql] {}
[2024-03-30T19:30:49.229+0000] {logging_mixin.py:188} INFO - 2024-03-30 19:30:49,228 INFO sqlalchemy.engine.Engine SELECT @@sql_mode
[2024-03-30T19:30:49.228+0000] {base.py:1863} INFO - SELECT @@sql_mode
[2024-03-30T19:30:49.233+0000] {logging_mixin.py:188} INFO - 2024-03-30 19:30:49,232 INFO sqlalchemy.engine.Engine [raw sql] {}
[2024-03-30T19:30:49.232+0000] {base.py:1868} INFO - [raw sql] {}
[2024-03-30T19:30:49.712+0000] {logging_mixin.py:188} INFO - 2024-03-30 19:30:49,712 INFO sqlalchemy.engine.Engine SELECT @@lower_case_table_names
[2024-03-30T19:30:49.712+0000] {base.py:1863} INFO - SELECT @@lower_case_table_names
[2024-03-30T19:30:49.714+0000] {logging_mixin.py:188} INFO - 2024-03-30 19:30:49,714 INFO sqlalchemy.engine.Engine [raw sql] {}
[2024-03-30T19:30:49.714+0000] {base.py:1868} INFO - [raw sql] {}
[2024-03-30T19:30:50.404+0000] {logging_mixin.py:188} INFO - 2024-03-30 19:30:50,403 INFO sqlalchemy.engine.Engine 
  SELECT 
    *
FROM databasename.raw_credit_card
[2024-03-30T19:30:50.403+0000] {base.py:1863} INFO - 
  SELECT 
    *
FROM databasename.raw_credit_card
[2024-03-30T19:30:50.405+0000] {logging_mixin.py:188} INFO - 2024-03-30 19:30:50,405 INFO sqlalchemy.engine.Engine [raw sql] {}
[2024-03-30T19:30:50.405+0000] {base.py:1868} INFO - [raw sql] {}
[2024-03-30T19:31:10.097+0000] {logging_mixin.py:188} INFO - File already exists.
[2024-03-30T19:31:10.150+0000] {python.py:202} INFO - Done. Returned value was: /opt/***/data/fetch_data_task_id_2024-03-30.csv
[2024-03-30T19:31:10.168+0000] {taskinstance.py:1149} INFO - Marking task as SUCCESS. dag_id=study_case_etl_all_pipeline, task_id=fetch_data_task_id, execution_date=20240330T193043, start_date=20240330T193045, end_date=20240330T193110
[2024-03-30T19:31:10.187+0000] {local_task_job_runner.py:234} INFO - Task exited with return code 0
[2024-03-30T19:31:10.207+0000] {taskinstance.py:3309} INFO - 1 downstream tasks scheduled from follow-on schedule check
