[2024-03-16T06:06:35.500+0000] {taskinstance.py:1979} INFO - Dependencies all met for dep_context=non-requeueable deps ti=<TaskInstance: study_case_etl_cloud_storage.fetch_data_task scheduled__2024-03-15T07:00:00+00:00 [queued]>
[2024-03-16T06:06:35.509+0000] {taskinstance.py:1979} INFO - Dependencies all met for dep_context=requeueable deps ti=<TaskInstance: study_case_etl_cloud_storage.fetch_data_task scheduled__2024-03-15T07:00:00+00:00 [queued]>
[2024-03-16T06:06:35.509+0000] {taskinstance.py:2193} INFO - Starting attempt 1 of 2
[2024-03-16T06:06:35.521+0000] {taskinstance.py:2214} INFO - Executing <Task(PythonOperator): fetch_data_task> on 2024-03-15 07:00:00+00:00
[2024-03-16T06:06:35.526+0000] {standard_task_runner.py:60} INFO - Started process 168 to run task
[2024-03-16T06:06:35.530+0000] {standard_task_runner.py:87} INFO - Running: ['***', 'tasks', 'run', 'study_case_etl_cloud_storage', 'fetch_data_task', 'scheduled__2024-03-15T07:00:00+00:00', '--job-id', '492', '--raw', '--subdir', 'DAGS_FOLDER/etl_day_bigquery/study_case_etl_cloud_storage.py', '--cfg-path', '/tmp/tmpj9oprt_6']
[2024-03-16T06:06:35.533+0000] {standard_task_runner.py:88} INFO - Job 492: Subtask fetch_data_task
[2024-03-16T06:06:35.585+0000] {task_command.py:423} INFO - Running <TaskInstance: study_case_etl_cloud_storage.fetch_data_task scheduled__2024-03-15T07:00:00+00:00 [running]> on host 72d5c878da28
[2024-03-16T06:06:35.653+0000] {taskinstance.py:2510} INFO - Exporting env vars: AIRFLOW_CTX_DAG_OWNER='Agus mahari' AIRFLOW_CTX_DAG_ID='study_case_etl_cloud_storage' AIRFLOW_CTX_TASK_ID='fetch_data_task' AIRFLOW_CTX_EXECUTION_DATE='2024-03-15T07:00:00+00:00' AIRFLOW_CTX_TRY_NUMBER='1' AIRFLOW_CTX_DAG_RUN_ID='scheduled__2024-03-15T07:00:00+00:00'
[2024-03-16T06:06:35.655+0000] {warnings.py:109} WARNING - /home/***/.local/lib/python3.8/site-packages/***/utils/context.py:315: AirflowContextDeprecationWarning: Accessing 'execution_date' from the template is deprecated and will be removed in a future version. Please use 'data_interval_start' or 'logical_date' instead.
  warnings.warn(_create_deprecation_warning(k, replacements))

[2024-03-16T06:06:38.222+0000] {logging_mixin.py:188} INFO - 2024-03-16 06:06:38,222 INFO sqlalchemy.engine.Engine SELECT DATABASE()
[2024-03-16T06:06:38.222+0000] {base.py:1863} INFO - SELECT DATABASE()
[2024-03-16T06:06:38.225+0000] {logging_mixin.py:188} INFO - 2024-03-16 06:06:38,225 INFO sqlalchemy.engine.Engine [raw sql] {}
[2024-03-16T06:06:38.225+0000] {base.py:1868} INFO - [raw sql] {}
[2024-03-16T06:06:39.599+0000] {logging_mixin.py:188} INFO - 2024-03-16 06:06:39,599 INFO sqlalchemy.engine.Engine SELECT @@sql_mode
[2024-03-16T06:06:39.599+0000] {base.py:1863} INFO - SELECT @@sql_mode
[2024-03-16T06:06:39.600+0000] {logging_mixin.py:188} INFO - 2024-03-16 06:06:39,600 INFO sqlalchemy.engine.Engine [raw sql] {}
[2024-03-16T06:06:39.600+0000] {base.py:1868} INFO - [raw sql] {}
[2024-03-16T06:06:40.051+0000] {logging_mixin.py:188} INFO - 2024-03-16 06:06:40,051 INFO sqlalchemy.engine.Engine SELECT @@lower_case_table_names
[2024-03-16T06:06:40.051+0000] {base.py:1863} INFO - SELECT @@lower_case_table_names
[2024-03-16T06:06:40.052+0000] {logging_mixin.py:188} INFO - 2024-03-16 06:06:40,052 INFO sqlalchemy.engine.Engine [raw sql] {}
[2024-03-16T06:06:40.052+0000] {base.py:1868} INFO - [raw sql] {}
[2024-03-16T06:06:40.715+0000] {logging_mixin.py:188} INFO - 2024-03-16 06:06:40,715 INFO sqlalchemy.engine.Engine 


   SELECT 
    *, 
    CONVERT_TZ(NOW(), 'UTC', '+07:00') as execution_at
FROM test.user
WHERE updated_at BETWEEN NOW() - INTERVAL 7 MINUTE AND NOW()
[2024-03-16T06:06:40.715+0000] {base.py:1863} INFO - 


   SELECT 
    *, 
    CONVERT_TZ(NOW(), 'UTC', '+07:00') as execution_at
FROM test.user
WHERE updated_at BETWEEN NOW() - INTERVAL 7 MINUTE AND NOW()
[2024-03-16T06:06:40.717+0000] {logging_mixin.py:188} INFO - 2024-03-16 06:06:40,717 INFO sqlalchemy.engine.Engine [raw sql] {}
[2024-03-16T06:06:40.717+0000] {base.py:1868} INFO - [raw sql] {}
[2024-03-16T06:06:41.614+0000] {python.py:202} INFO - Done. Returned value was: /opt/***/data/aplikasi_table_2024-03-15-7-00-00.parquet
[2024-03-16T06:06:41.655+0000] {taskinstance.py:1149} INFO - Marking task as SUCCESS. dag_id=study_case_etl_cloud_storage, task_id=fetch_data_task, execution_date=20240315T070000, start_date=20240316T060635, end_date=20240316T060641
[2024-03-16T06:06:41.692+0000] {local_task_job_runner.py:234} INFO - Task exited with return code 0
[2024-03-16T06:06:41.728+0000] {taskinstance.py:3309} INFO - 1 downstream tasks scheduled from follow-on schedule check
[2024-03-22T17:28:04.051+0000] {taskinstance.py:1979} INFO - Dependencies all met for dep_context=non-requeueable deps ti=<TaskInstance: study_case_etl_cloud_storage.fetch_data_task scheduled__2024-03-15T07:00:00+00:00 [queued]>
[2024-03-22T17:28:04.067+0000] {taskinstance.py:1979} INFO - Dependencies all met for dep_context=requeueable deps ti=<TaskInstance: study_case_etl_cloud_storage.fetch_data_task scheduled__2024-03-15T07:00:00+00:00 [queued]>
[2024-03-22T17:28:04.068+0000] {taskinstance.py:2193} INFO - Starting attempt 1 of 2
[2024-03-22T17:28:04.136+0000] {taskinstance.py:2214} INFO - Executing <Task(PythonOperator): fetch_data_task> on 2024-03-15 07:00:00+00:00
[2024-03-22T17:28:04.153+0000] {standard_task_runner.py:60} INFO - Started process 352 to run task
[2024-03-22T17:28:04.167+0000] {standard_task_runner.py:87} INFO - Running: ['***', 'tasks', 'run', 'study_case_etl_cloud_storage', 'fetch_data_task', 'scheduled__2024-03-15T07:00:00+00:00', '--job-id', '16', '--raw', '--subdir', 'DAGS_FOLDER/etl_day_bigquery/study_case_etl_cloud_storage.py', '--cfg-path', '/tmp/tmph_x50cb5']
[2024-03-22T17:28:04.174+0000] {standard_task_runner.py:88} INFO - Job 16: Subtask fetch_data_task
[2024-03-22T17:28:04.296+0000] {task_command.py:423} INFO - Running <TaskInstance: study_case_etl_cloud_storage.fetch_data_task scheduled__2024-03-15T07:00:00+00:00 [running]> on host eb8b31fafb1e
[2024-03-22T17:28:04.509+0000] {taskinstance.py:2510} INFO - Exporting env vars: AIRFLOW_CTX_DAG_OWNER='Agus mahari' AIRFLOW_CTX_DAG_ID='study_case_etl_cloud_storage' AIRFLOW_CTX_TASK_ID='fetch_data_task' AIRFLOW_CTX_EXECUTION_DATE='2024-03-15T07:00:00+00:00' AIRFLOW_CTX_TRY_NUMBER='1' AIRFLOW_CTX_DAG_RUN_ID='scheduled__2024-03-15T07:00:00+00:00'
[2024-03-22T17:28:07.137+0000] {logging_mixin.py:188} INFO - 2024-03-22 17:28:07,136 INFO sqlalchemy.engine.Engine SELECT DATABASE()
[2024-03-22T17:28:07.136+0000] {base.py:1863} INFO - SELECT DATABASE()
[2024-03-22T17:28:07.138+0000] {logging_mixin.py:188} INFO - 2024-03-22 17:28:07,138 INFO sqlalchemy.engine.Engine [raw sql] {}
[2024-03-22T17:28:07.138+0000] {base.py:1868} INFO - [raw sql] {}
[2024-03-22T17:28:08.022+0000] {logging_mixin.py:188} INFO - 2024-03-22 17:28:08,022 INFO sqlalchemy.engine.Engine SELECT @@sql_mode
[2024-03-22T17:28:08.022+0000] {base.py:1863} INFO - SELECT @@sql_mode
[2024-03-22T17:28:08.026+0000] {logging_mixin.py:188} INFO - 2024-03-22 17:28:08,025 INFO sqlalchemy.engine.Engine [raw sql] {}
[2024-03-22T17:28:08.025+0000] {base.py:1868} INFO - [raw sql] {}
[2024-03-22T17:28:08.472+0000] {logging_mixin.py:188} INFO - 2024-03-22 17:28:08,472 INFO sqlalchemy.engine.Engine SELECT @@lower_case_table_names
[2024-03-22T17:28:08.472+0000] {base.py:1863} INFO - SELECT @@lower_case_table_names
[2024-03-22T17:28:08.473+0000] {logging_mixin.py:188} INFO - 2024-03-22 17:28:08,473 INFO sqlalchemy.engine.Engine [raw sql] {}
[2024-03-22T17:28:08.473+0000] {base.py:1868} INFO - [raw sql] {}
[2024-03-22T17:28:09.600+0000] {logging_mixin.py:188} INFO - 2024-03-22 17:28:09,600 INFO sqlalchemy.engine.Engine 


  SELECT 
    *
FROM databasename.mytable
[2024-03-22T17:28:09.600+0000] {base.py:1863} INFO - 


  SELECT 
    *
FROM databasename.mytable
[2024-03-22T17:28:09.602+0000] {logging_mixin.py:188} INFO - 2024-03-22 17:28:09,601 INFO sqlalchemy.engine.Engine [raw sql] {}
[2024-03-22T17:28:09.601+0000] {base.py:1868} INFO - [raw sql] {}
[2024-03-22T17:28:10.058+0000] {logging_mixin.py:188} INFO - File already exists.
[2024-03-22T17:28:10.060+0000] {python.py:202} INFO - Done. Returned value was: /opt/***/data/aplikasi_table_['{ ds }.parquet']
[2024-03-22T17:28:10.092+0000] {taskinstance.py:1149} INFO - Marking task as SUCCESS. dag_id=study_case_etl_cloud_storage, task_id=fetch_data_task, execution_date=20240315T070000, start_date=20240322T172804, end_date=20240322T172810
[2024-03-22T17:28:10.117+0000] {local_task_job_runner.py:234} INFO - Task exited with return code 0
[2024-03-22T17:28:10.129+0000] {taskinstance.py:3309} INFO - 0 downstream tasks scheduled from follow-on schedule check
