[2024-03-15T07:29:46.270+0000] {taskinstance.py:1979} INFO - Dependencies all met for dep_context=non-requeueable deps ti=<TaskInstance: study_case1_restore.ingest_csv_to_mysql manual__2024-03-15T07:29:41.918393+00:00 [queued]>
[2024-03-15T07:29:46.279+0000] {taskinstance.py:1979} INFO - Dependencies all met for dep_context=requeueable deps ti=<TaskInstance: study_case1_restore.ingest_csv_to_mysql manual__2024-03-15T07:29:41.918393+00:00 [queued]>
[2024-03-15T07:29:46.279+0000] {taskinstance.py:2193} INFO - Starting attempt 1 of 2
[2024-03-15T07:29:46.292+0000] {taskinstance.py:2214} INFO - Executing <Task(PythonOperator): ingest_csv_to_mysql> on 2024-03-15 07:29:41.918393+00:00
[2024-03-15T07:29:46.297+0000] {standard_task_runner.py:60} INFO - Started process 1152 to run task
[2024-03-15T07:29:46.300+0000] {standard_task_runner.py:87} INFO - Running: ['***', 'tasks', 'run', 'study_case1_restore', 'ingest_csv_to_mysql', 'manual__2024-03-15T07:29:41.918393+00:00', '--job-id', '263', '--raw', '--subdir', 'DAGS_FOLDER/restrore_mongo/study_case1_restore.py', '--cfg-path', '/tmp/tmprb440wcs']
[2024-03-15T07:29:46.302+0000] {standard_task_runner.py:88} INFO - Job 263: Subtask ingest_csv_to_mysql
[2024-03-15T07:29:46.336+0000] {task_command.py:423} INFO - Running <TaskInstance: study_case1_restore.ingest_csv_to_mysql manual__2024-03-15T07:29:41.918393+00:00 [running]> on host f293363f8e27
[2024-03-15T07:29:46.410+0000] {taskinstance.py:2510} INFO - Exporting env vars: AIRFLOW_CTX_DAG_OWNER='Agus mahari' AIRFLOW_CTX_DAG_ID='study_case1_restore' AIRFLOW_CTX_TASK_ID='ingest_csv_to_mysql' AIRFLOW_CTX_EXECUTION_DATE='2024-03-15T07:29:41.918393+00:00' AIRFLOW_CTX_TRY_NUMBER='1' AIRFLOW_CTX_DAG_RUN_ID='manual__2024-03-15T07:29:41.918393+00:00'
[2024-03-15T07:29:46.412+0000] {warnings.py:109} WARNING - /home/***/.local/lib/python3.8/site-packages/***/utils/context.py:315: AirflowContextDeprecationWarning: Accessing 'execution_date' from the template is deprecated and will be removed in a future version. Please use 'data_interval_start' or 'logical_date' instead.
  warnings.warn(_create_deprecation_warning(k, replacements))

[2024-03-15T07:29:49.424+0000] {logging_mixin.py:188} INFO - 2024-03-15 07:29:49,424 INFO sqlalchemy.engine.Engine SELECT DATABASE()
[2024-03-15T07:29:49.424+0000] {base.py:1863} INFO - SELECT DATABASE()
[2024-03-15T07:29:49.425+0000] {logging_mixin.py:188} INFO - 2024-03-15 07:29:49,425 INFO sqlalchemy.engine.Engine [raw sql] {}
[2024-03-15T07:29:49.425+0000] {base.py:1868} INFO - [raw sql] {}
[2024-03-15T07:29:50.270+0000] {logging_mixin.py:188} INFO - 2024-03-15 07:29:50,270 INFO sqlalchemy.engine.Engine SELECT @@sql_mode
[2024-03-15T07:29:50.270+0000] {base.py:1863} INFO - SELECT @@sql_mode
[2024-03-15T07:29:50.271+0000] {logging_mixin.py:188} INFO - 2024-03-15 07:29:50,270 INFO sqlalchemy.engine.Engine [raw sql] {}
[2024-03-15T07:29:50.270+0000] {base.py:1868} INFO - [raw sql] {}
[2024-03-15T07:29:50.680+0000] {logging_mixin.py:188} INFO - 2024-03-15 07:29:50,680 INFO sqlalchemy.engine.Engine SELECT @@lower_case_table_names
[2024-03-15T07:29:50.680+0000] {base.py:1863} INFO - SELECT @@lower_case_table_names
[2024-03-15T07:29:50.681+0000] {logging_mixin.py:188} INFO - 2024-03-15 07:29:50,681 INFO sqlalchemy.engine.Engine [raw sql] {}
[2024-03-15T07:29:50.681+0000] {base.py:1868} INFO - [raw sql] {}
[2024-03-15T07:29:51.106+0000] {logging_mixin.py:188} INFO - 2024-03-15 07:29:51,105 INFO sqlalchemy.engine.Engine BEGIN (implicit)
[2024-03-15T07:29:51.105+0000] {base.py:1032} INFO - BEGIN (implicit)
[2024-03-15T07:29:51.318+0000] {logging_mixin.py:188} INFO - 2024-03-15 07:29:51,318 INFO sqlalchemy.engine.Engine SELECT COUNT(*) FROM information_schema.tables WHERE table_schema = %(table_schema)s AND table_name = %(table_name)s
[2024-03-15T07:29:51.318+0000] {base.py:1863} INFO - SELECT COUNT(*) FROM information_schema.tables WHERE table_schema = %(table_schema)s AND table_name = %(table_name)s
[2024-03-15T07:29:51.319+0000] {logging_mixin.py:188} INFO - 2024-03-15 07:29:51,319 INFO sqlalchemy.engine.Engine [generated in 0.20896s] {'table_schema': 'backup', 'table_name': 'user_restore'}
[2024-03-15T07:29:51.319+0000] {base.py:1868} INFO - [generated in 0.20896s] {'table_schema': 'backup', 'table_name': 'user_restore'}
[2024-03-15T07:29:51.730+0000] {logging_mixin.py:188} INFO - 2024-03-15 07:29:51,730 INFO sqlalchemy.engine.Engine SELECT COUNT(*) FROM information_schema.tables WHERE table_schema = %(table_schema)s AND table_name = %(table_name)s
[2024-03-15T07:29:51.730+0000] {base.py:1863} INFO - SELECT COUNT(*) FROM information_schema.tables WHERE table_schema = %(table_schema)s AND table_name = %(table_name)s
[2024-03-15T07:29:51.731+0000] {logging_mixin.py:188} INFO - 2024-03-15 07:29:51,731 INFO sqlalchemy.engine.Engine [cached since 0.621s ago] {'table_schema': 'backup', 'table_name': 'user_restore'}
[2024-03-15T07:29:51.731+0000] {base.py:1868} INFO - [cached since 0.621s ago] {'table_schema': 'backup', 'table_name': 'user_restore'}
[2024-03-15T07:29:52.142+0000] {logging_mixin.py:188} INFO - 2024-03-15 07:29:52,142 INFO sqlalchemy.engine.Engine SHOW FULL TABLES FROM `backup`
[2024-03-15T07:29:52.142+0000] {base.py:1863} INFO - SHOW FULL TABLES FROM `backup`
[2024-03-15T07:29:52.143+0000] {logging_mixin.py:188} INFO - 2024-03-15 07:29:52,143 INFO sqlalchemy.engine.Engine [raw sql] {}
[2024-03-15T07:29:52.143+0000] {base.py:1868} INFO - [raw sql] {}
[2024-03-15T07:29:52.571+0000] {logging_mixin.py:188} INFO - 2024-03-15 07:29:52,571 INFO sqlalchemy.engine.Engine SHOW CREATE TABLE `user_restore`
[2024-03-15T07:29:52.571+0000] {base.py:1863} INFO - SHOW CREATE TABLE `user_restore`
[2024-03-15T07:29:52.571+0000] {logging_mixin.py:188} INFO - 2024-03-15 07:29:52,571 INFO sqlalchemy.engine.Engine [raw sql] {}
[2024-03-15T07:29:52.571+0000] {base.py:1868} INFO - [raw sql] {}
[2024-03-15T07:29:52.982+0000] {logging_mixin.py:188} INFO - 2024-03-15 07:29:52,982 INFO sqlalchemy.engine.Engine 
DROP TABLE user_restore
[2024-03-15T07:29:52.982+0000] {base.py:1863} INFO - 
DROP TABLE user_restore
[2024-03-15T07:29:52.983+0000] {logging_mixin.py:188} INFO - 2024-03-15 07:29:52,983 INFO sqlalchemy.engine.Engine [no key 0.20424s] {}
[2024-03-15T07:29:52.983+0000] {base.py:1868} INFO - [no key 0.20424s] {}
[2024-03-15T07:29:53.568+0000] {logging_mixin.py:188} INFO - 2024-03-15 07:29:53,568 INFO sqlalchemy.engine.Engine 
CREATE TABLE user_restore (
	_id TEXT, 
	id BIGINT, 
	nama TEXT, 
	created_at TEXT, 
	updated_at TEXT, 
	delete_at TEXT, 
	alamat TEXT, 
	execution_at TEXT
)
[2024-03-15T07:29:53.568+0000] {base.py:1863} INFO - 
CREATE TABLE user_restore (
	_id TEXT, 
	id BIGINT, 
	nama TEXT, 
	created_at TEXT, 
	updated_at TEXT, 
	delete_at TEXT, 
	alamat TEXT, 
	execution_at TEXT
)


[2024-03-15T07:29:53.569+0000] {logging_mixin.py:188} INFO - 2024-03-15 07:29:53,569 INFO sqlalchemy.engine.Engine [no key 0.20550s] {}
[2024-03-15T07:29:53.569+0000] {base.py:1868} INFO - [no key 0.20550s] {}
[2024-03-15T07:29:54.010+0000] {logging_mixin.py:188} INFO - 2024-03-15 07:29:54,010 INFO sqlalchemy.engine.Engine INSERT INTO user_restore (_id, id, nama, created_at, updated_at, delete_at, alamat, execution_at) VALUES (%(_id)s, %(id)s, %(nama)s, %(created_at)s, %(updated_at)s, %(delete_at)s, %(alamat)s, %(execution_at)s)
[2024-03-15T07:29:54.010+0000] {base.py:1863} INFO - INSERT INTO user_restore (_id, id, nama, created_at, updated_at, delete_at, alamat, execution_at) VALUES (%(_id)s, %(id)s, %(nama)s, %(created_at)s, %(updated_at)s, %(delete_at)s, %(alamat)s, %(execution_at)s)
[2024-03-15T07:29:54.011+0000] {logging_mixin.py:188} INFO - 2024-03-15 07:29:54,011 INFO sqlalchemy.engine.Engine [generated in 0.20524s] ({'_id': '65f3f40eda7aa32d3fca9c6c', 'id': 3, 'nama': 'agus', 'created_at': '2024-03-12 14:10:00', 'updated_at': '2024-03-15 06:41:00', 'delete_at': '2024-03-12 14:10:00', 'alamat': None, 'execution_at': '2024-03-15 14:08:54'}, {'_id': '65f3ebcb8e29b2caac808099', 'id': 1, 'nama': 'heri', 'created_at': '2024-03-15 06:05:00', 'updated_at': '2024-03-15 06:05:00', 'delete_at': '2024-03-15 06:05:00', 'alamat': None, 'execution_at': '2024-03-15 13:33:38'}, {'_id': '65f3f40eda7aa32d3fca9c6b', 'id': 2, 'nama': 'Setiawan MM', 'created_at': '2024-03-15 06:10:00', 'updated_at': '2024-03-15 06:40:00', 'delete_at': '2024-03-15 06:10:00', 'alamat': None, 'execution_at': '2024-03-15 14:08:54'}, {'_id': '65f3f8a688b935b8aed6c6d0', 'id': 4, 'nama': 'mahari', 'created_at': '2024-03-15 07:11:00', 'updated_at': '2024-03-15 07:11:00', 'delete_at': '2024-03-15 07:11:00', 'alamat': 'cirebon', 'execution_at': '2024-03-15 14:28:34'})
[2024-03-15T07:29:54.011+0000] {base.py:1868} INFO - [generated in 0.20524s] ({'_id': '65f3f40eda7aa32d3fca9c6c', 'id': 3, 'nama': 'agus', 'created_at': '2024-03-12 14:10:00', 'updated_at': '2024-03-15 06:41:00', 'delete_at': '2024-03-12 14:10:00', 'alamat': None, 'execution_at': '2024-03-15 14:08:54'}, {'_id': '65f3ebcb8e29b2caac808099', 'id': 1, 'nama': 'heri', 'created_at': '2024-03-15 06:05:00', 'updated_at': '2024-03-15 06:05:00', 'delete_at': '2024-03-15 06:05:00', 'alamat': None, 'execution_at': '2024-03-15 13:33:38'}, {'_id': '65f3f40eda7aa32d3fca9c6b', 'id': 2, 'nama': 'Setiawan MM', 'created_at': '2024-03-15 06:10:00', 'updated_at': '2024-03-15 06:40:00', 'delete_at': '2024-03-15 06:10:00', 'alamat': None, 'execution_at': '2024-03-15 14:08:54'}, {'_id': '65f3f8a688b935b8aed6c6d0', 'id': 4, 'nama': 'mahari', 'created_at': '2024-03-15 07:11:00', 'updated_at': '2024-03-15 07:11:00', 'delete_at': '2024-03-15 07:11:00', 'alamat': 'cirebon', 'execution_at': '2024-03-15 14:28:34'})
[2024-03-15T07:29:54.223+0000] {logging_mixin.py:188} INFO - 2024-03-15 07:29:54,223 INFO sqlalchemy.engine.Engine COMMIT
[2024-03-15T07:29:54.223+0000] {base.py:1092} INFO - COMMIT
[2024-03-15T07:29:54.643+0000] {python.py:202} INFO - Done. Returned value was: None
[2024-03-15T07:29:54.659+0000] {taskinstance.py:1149} INFO - Marking task as SUCCESS. dag_id=study_case1_restore, task_id=ingest_csv_to_mysql, execution_date=20240315T072941, start_date=20240315T072946, end_date=20240315T072954
[2024-03-15T07:29:54.718+0000] {local_task_job_runner.py:234} INFO - Task exited with return code 0
[2024-03-15T07:29:54.735+0000] {taskinstance.py:3309} INFO - 1 downstream tasks scheduled from follow-on schedule check
