[2024-03-30T18:54:20.240+0000] {taskinstance.py:1979} INFO - Dependencies all met for dep_context=non-requeueable deps ti=<TaskInstance: study_case_etl_all_pipeline.bash_task_2 manual__2024-03-30T18:53:44.412667+00:00 [queued]>
[2024-03-30T18:54:20.248+0000] {taskinstance.py:1979} INFO - Dependencies all met for dep_context=requeueable deps ti=<TaskInstance: study_case_etl_all_pipeline.bash_task_2 manual__2024-03-30T18:53:44.412667+00:00 [queued]>
[2024-03-30T18:54:20.248+0000] {taskinstance.py:2193} INFO - Starting attempt 1 of 2
[2024-03-30T18:54:20.258+0000] {taskinstance.py:2214} INFO - Executing <Task(BashOperator): bash_task_2> on 2024-03-30 18:53:44.412667+00:00
[2024-03-30T18:54:20.263+0000] {standard_task_runner.py:60} INFO - Started process 1843 to run task
[2024-03-30T18:54:20.266+0000] {standard_task_runner.py:87} INFO - Running: ['***', 'tasks', 'run', 'study_case_etl_all_pipeline', 'bash_task_2', 'manual__2024-03-30T18:53:44.412667+00:00', '--job-id', '167', '--raw', '--subdir', 'DAGS_FOLDER/running_dbt_core/study_case_etl_all_pipeline.py', '--cfg-path', '/tmp/tmpycz72kk9']
[2024-03-30T18:54:20.270+0000] {standard_task_runner.py:88} INFO - Job 167: Subtask bash_task_2
[2024-03-30T18:54:20.306+0000] {task_command.py:423} INFO - Running <TaskInstance: study_case_etl_all_pipeline.bash_task_2 manual__2024-03-30T18:53:44.412667+00:00 [running]> on host f5156ab87ac1
[2024-03-30T18:54:20.365+0000] {taskinstance.py:2510} INFO - Exporting env vars: AIRFLOW_CTX_DAG_OWNER='Agus mahari' AIRFLOW_CTX_DAG_ID='study_case_etl_all_pipeline' AIRFLOW_CTX_TASK_ID='bash_task_2' AIRFLOW_CTX_EXECUTION_DATE='2024-03-30T18:53:44.412667+00:00' AIRFLOW_CTX_TRY_NUMBER='1' AIRFLOW_CTX_DAG_RUN_ID='manual__2024-03-30T18:53:44.412667+00:00'
[2024-03-30T18:54:20.367+0000] {subprocess.py:63} INFO - Tmp dir root location: /tmp
[2024-03-30T18:54:20.368+0000] {subprocess.py:75} INFO - Running command: ['/usr/bin/bash', '-c', 'cd /opt/***/dbt/credit_card_dwh && dbt run --profiles-dir .']
[2024-03-30T18:54:20.377+0000] {subprocess.py:86} INFO - Output:
[2024-03-30T18:54:22.651+0000] {subprocess.py:93} INFO - [0m18:54:22  Running with dbt=1.7.11
[2024-03-30T18:54:23.556+0000] {subprocess.py:93} INFO - [0m18:54:23  Registered adapter: bigquery=1.7.7
[2024-03-30T18:54:23.715+0000] {subprocess.py:93} INFO - [0m18:54:23  Found 1 model, 2 tests, 1 source, 0 exposures, 0 metrics, 907 macros, 0 groups, 0 semantic models
[2024-03-30T18:54:23.718+0000] {subprocess.py:93} INFO - [0m18:54:23
[2024-03-30T18:54:25.141+0000] {subprocess.py:93} INFO - [0m18:54:25  Concurrency: 4 threads (target='dev')
[2024-03-30T18:54:25.143+0000] {subprocess.py:93} INFO - [0m18:54:25
[2024-03-30T18:54:25.156+0000] {subprocess.py:93} INFO - [0m18:54:25  1 of 1 START sql incremental model test_location.stg__credit_card .............. [RUN]
[2024-03-30T18:54:29.788+0000] {subprocess.py:93} INFO - [0m18:54:29  1 of 1 OK created sql incremental model test_location.stg__credit_card ......... [[32mMERGE (55.5k rows, 8.2 MiB processed)[0m in 4.63s]
[2024-03-30T18:54:29.795+0000] {subprocess.py:93} INFO - [0m18:54:29
[2024-03-30T18:54:29.796+0000] {subprocess.py:93} INFO - [0m18:54:29  Finished running 1 incremental model in 0 hours 0 minutes and 6.08 seconds (6.08s).
[2024-03-30T18:54:29.815+0000] {subprocess.py:93} INFO - [0m18:54:29
[2024-03-30T18:54:29.816+0000] {subprocess.py:93} INFO - [0m18:54:29  [32mCompleted successfully[0m
[2024-03-30T18:54:29.817+0000] {subprocess.py:93} INFO - [0m18:54:29
[2024-03-30T18:54:29.818+0000] {subprocess.py:93} INFO - [0m18:54:29  Done. PASS=1 WARN=0 ERROR=0 SKIP=0 TOTAL=1
[2024-03-30T18:54:32.510+0000] {subprocess.py:97} INFO - Command exited with return code 0
[2024-03-30T18:54:32.529+0000] {taskinstance.py:1149} INFO - Marking task as SUCCESS. dag_id=study_case_etl_all_pipeline, task_id=bash_task_2, execution_date=20240330T185344, start_date=20240330T185420, end_date=20240330T185432
[2024-03-30T18:54:32.578+0000] {local_task_job_runner.py:234} INFO - Task exited with return code 0
[2024-03-30T18:54:32.594+0000] {taskinstance.py:3309} INFO - 2 downstream tasks scheduled from follow-on schedule check
