[2024-03-22T19:15:34.722+0000] {taskinstance.py:1979} INFO - Dependencies all met for dep_context=non-requeueable deps ti=<TaskInstance: my_first_dag.bash_task_2 manual__2024-03-22T19:14:58.054130+00:00 [queued]>
[2024-03-22T19:15:34.730+0000] {taskinstance.py:1979} INFO - Dependencies all met for dep_context=requeueable deps ti=<TaskInstance: my_first_dag.bash_task_2 manual__2024-03-22T19:14:58.054130+00:00 [queued]>
[2024-03-22T19:15:34.731+0000] {taskinstance.py:2193} INFO - Starting attempt 1 of 11
[2024-03-22T19:15:34.742+0000] {taskinstance.py:2214} INFO - Executing <Task(BashOperator): bash_task_2> on 2024-03-22 19:14:58.054130+00:00
[2024-03-22T19:15:34.745+0000] {standard_task_runner.py:60} INFO - Started process 1532 to run task
[2024-03-22T19:15:34.749+0000] {standard_task_runner.py:87} INFO - Running: ['***', 'tasks', 'run', 'my_first_dag', 'bash_task_2', 'manual__2024-03-22T19:14:58.054130+00:00', '--job-id', '258', '--raw', '--subdir', 'DAGS_FOLDER/running_dbt_core/running_dbt_core.py', '--cfg-path', '/tmp/tmpv2r22njg']
[2024-03-22T19:15:34.750+0000] {standard_task_runner.py:88} INFO - Job 258: Subtask bash_task_2
[2024-03-22T19:15:34.785+0000] {task_command.py:423} INFO - Running <TaskInstance: my_first_dag.bash_task_2 manual__2024-03-22T19:14:58.054130+00:00 [running]> on host 428086c4ef09
[2024-03-22T19:15:34.846+0000] {taskinstance.py:2510} INFO - Exporting env vars: AIRFLOW_CTX_DAG_OWNER='proton' AIRFLOW_CTX_DAG_ID='my_first_dag' AIRFLOW_CTX_TASK_ID='bash_task_2' AIRFLOW_CTX_EXECUTION_DATE='2024-03-22T19:14:58.054130+00:00' AIRFLOW_CTX_TRY_NUMBER='1' AIRFLOW_CTX_DAG_RUN_ID='manual__2024-03-22T19:14:58.054130+00:00'
[2024-03-22T19:15:34.847+0000] {subprocess.py:63} INFO - Tmp dir root location: /tmp
[2024-03-22T19:15:34.848+0000] {subprocess.py:75} INFO - Running command: ['/usr/bin/bash', '-c', 'cd /opt/***/dbt/credit_card_dwh && dbt run --profiles-dir .']
[2024-03-22T19:15:34.855+0000] {subprocess.py:86} INFO - Output:
[2024-03-22T19:15:37.130+0000] {subprocess.py:93} INFO - [0m19:15:37  Running with dbt=1.7.10
[2024-03-22T19:15:38.034+0000] {subprocess.py:93} INFO - [0m19:15:38  Registered adapter: bigquery=1.7.6
[2024-03-22T19:15:38.204+0000] {subprocess.py:93} INFO - [0m19:15:38  Found 15 models, 5 seeds, 20 tests, 1 source, 0 exposures, 0 metrics, 870 macros, 0 groups, 0 semantic models
[2024-03-22T19:15:38.208+0000] {subprocess.py:93} INFO - [0m19:15:38
[2024-03-22T19:15:39.568+0000] {subprocess.py:93} INFO - [0m19:15:39  Concurrency: 4 threads (target='dev')
[2024-03-22T19:15:39.570+0000] {subprocess.py:93} INFO - [0m19:15:39
[2024-03-22T19:15:39.582+0000] {subprocess.py:93} INFO - [0m19:15:39  1 of 15 START sql view model final_project.stg__credit_card .................... [RUN]
[2024-03-22T19:15:41.346+0000] {subprocess.py:93} INFO - [0m19:15:41  1 of 15 OK created sql view model final_project.stg__credit_card ............... [[32mCREATE VIEW (0 processed)[0m in 1.76s]
[2024-03-22T19:15:41.352+0000] {subprocess.py:93} INFO - [0m19:15:41  2 of 15 START sql view model final_project.dim__EDUCATION ...................... [RUN]
[2024-03-22T19:15:41.354+0000] {subprocess.py:93} INFO - [0m19:15:41  3 of 15 START sql view model final_project.dim__HOUSING ........................ [RUN]
[2024-03-22T19:15:41.355+0000] {subprocess.py:93} INFO - [0m19:15:41  4 of 15 START sql view model final_project.dim__INCOME ......................... [RUN]
[2024-03-22T19:15:41.356+0000] {subprocess.py:93} INFO - [0m19:15:41  5 of 15 START sql view model final_project.dim__JOB ............................ [RUN]
[2024-03-22T19:15:43.168+0000] {subprocess.py:93} INFO - [0m19:15:43  2 of 15 OK created sql view model final_project.dim__EDUCATION ................. [[32mCREATE VIEW (0 processed)[0m in 1.80s]
[2024-03-22T19:15:43.179+0000] {subprocess.py:93} INFO - [0m19:15:43  6 of 15 START sql view model final_project.dim__MARITAL ........................ [RUN]
[2024-03-22T19:15:43.275+0000] {subprocess.py:93} INFO - [0m19:15:43  3 of 15 OK created sql view model final_project.dim__HOUSING ................... [[32mCREATE VIEW (0 processed)[0m in 1.91s]
[2024-03-22T19:15:43.556+0000] {subprocess.py:93} INFO - [0m19:15:43  5 of 15 OK created sql view model final_project.dim__JOB ....................... [[32mCREATE VIEW (0 processed)[0m in 2.19s]
[2024-03-22T19:15:43.567+0000] {subprocess.py:93} INFO - [0m19:15:43  4 of 15 OK created sql view model final_project.dim__INCOME .................... [[32mCREATE VIEW (0 processed)[0m in 2.21s]
[2024-03-22T19:15:44.927+0000] {subprocess.py:93} INFO - [0m19:15:44  6 of 15 OK created sql view model final_project.dim__MARITAL ................... [[32mCREATE VIEW (0 processed)[0m in 1.74s]
[2024-03-22T19:15:44.937+0000] {subprocess.py:93} INFO - [0m19:15:44  7 of 15 START sql table model final_project.fact__tables ....................... [RUN]
[2024-03-22T19:15:52.409+0000] {subprocess.py:93} INFO - [0m19:15:52  7 of 15 OK created sql table model final_project.fact__tables .................. [[32mCREATE TABLE (438.6k rows, 68.4 MiB processed)[0m in 7.47s]
[2024-03-22T19:15:52.416+0000] {subprocess.py:93} INFO - [0m19:15:52  8 of 15 START sql table model final_project.clustered__ASSET ................... [RUN]
[2024-03-22T19:15:52.417+0000] {subprocess.py:93} INFO - [0m19:15:52  9 of 15 START sql table model final_project.clustered__ASSET_CAR ............... [RUN]
[2024-03-22T19:15:52.418+0000] {subprocess.py:93} INFO - [0m19:15:52  10 of 15 START sql table model final_project.clustered__EDUCATION .............. [RUN]
[2024-03-22T19:15:52.419+0000] {subprocess.py:93} INFO - [0m19:15:52  11 of 15 START sql table model final_project.clustered__INCOME ................. [RUN]
[2024-03-22T19:15:57.778+0000] {subprocess.py:93} INFO - [0m19:15:57  8 of 15 OK created sql table model final_project.clustered__ASSET .............. [[32mCREATE TABLE (438.6k rows, 54.6 MiB processed)[0m in 5.35s]
[2024-03-22T19:15:57.795+0000] {subprocess.py:93} INFO - [0m19:15:57  12 of 15 START sql table model final_project.clustered__JOB .................... [RUN]
[2024-03-22T19:16:01.019+0000] {subprocess.py:93} INFO - [0m19:16:01  11 of 15 OK created sql table model final_project.clustered__INCOME ............ [[32mCREATE TABLE (438.6k rows, 54.6 MiB processed)[0m in 8.59s]
[2024-03-22T19:16:01.031+0000] {subprocess.py:93} INFO - [0m19:16:01  13 of 15 START sql table model final_project.clustered__MARITAL ................ [RUN]
[2024-03-22T19:16:01.563+0000] {subprocess.py:93} INFO - [0m19:16:01  9 of 15 OK created sql table model final_project.clustered__ASSET_CAR .......... [[32mCREATE TABLE (438.6k rows, 54.6 MiB processed)[0m in 9.14s]
[2024-03-22T19:16:01.567+0000] {subprocess.py:93} INFO - [0m19:16:01  14 of 15 START sql table model final_project.nested__FRAUD ..................... [RUN]
[2024-03-22T19:16:02.339+0000] {subprocess.py:93} INFO - [0m19:16:02  10 of 15 OK created sql table model final_project.clustered__EDUCATION ......... [[32mCREATE TABLE (438.6k rows, 54.6 MiB processed)[0m in 9.91s]
[2024-03-22T19:16:02.347+0000] {subprocess.py:93} INFO - [0m19:16:02  15 of 15 START sql table model final_project.partitioned__dates ................ [RUN]
[2024-03-22T19:16:06.000+0000] {subprocess.py:93} INFO - [0m19:16:05  12 of 15 OK created sql table model final_project.clustered__JOB ............... [[32mCREATE TABLE (438.6k rows, 54.6 MiB processed)[0m in 8.20s]
[2024-03-22T19:16:06.123+0000] {subprocess.py:93} INFO - [0m19:16:06  14 of 15 OK created sql table model final_project.nested__FRAUD ................ [[32mCREATE TABLE (90.1k rows, 51.3 MiB processed)[0m in 4.55s]
[2024-03-22T19:16:08.657+0000] {subprocess.py:93} INFO - [0m19:16:08  13 of 15 OK created sql table model final_project.clustered__MARITAL ........... [[32mCREATE TABLE (438.6k rows, 54.6 MiB processed)[0m in 7.62s]
[2024-03-22T19:16:10.390+0000] {subprocess.py:93} INFO - [0m19:16:10  15 of 15 OK created sql table model final_project.partitioned__dates ........... [[32mCREATE TABLE (438.6k rows, 54.6 MiB processed)[0m in 8.03s]
[2024-03-22T19:16:10.409+0000] {subprocess.py:93} INFO - [0m19:16:10
[2024-03-22T19:16:10.410+0000] {subprocess.py:93} INFO - [0m19:16:10  Finished running 6 view models, 9 table models in 0 hours 0 minutes and 32.20 seconds (32.20s).
[2024-03-22T19:16:10.439+0000] {subprocess.py:93} INFO - [0m19:16:10
[2024-03-22T19:16:10.440+0000] {subprocess.py:93} INFO - [0m19:16:10  [32mCompleted successfully[0m
[2024-03-22T19:16:10.441+0000] {subprocess.py:93} INFO - [0m19:16:10
[2024-03-22T19:16:10.442+0000] {subprocess.py:93} INFO - [0m19:16:10  Done. PASS=15 WARN=0 ERROR=0 SKIP=0 TOTAL=15
[2024-03-22T19:16:13.363+0000] {subprocess.py:97} INFO - Command exited with return code 0
[2024-03-22T19:16:13.382+0000] {taskinstance.py:1149} INFO - Marking task as SUCCESS. dag_id=my_first_dag, task_id=bash_task_2, execution_date=20240322T191458, start_date=20240322T191534, end_date=20240322T191613
[2024-03-22T19:16:13.426+0000] {local_task_job_runner.py:234} INFO - Task exited with return code 0
[2024-03-22T19:16:13.439+0000] {taskinstance.py:3309} INFO - 0 downstream tasks scheduled from follow-on schedule check
