[2024-03-16T14:19:19.101+0000] {taskinstance.py:1979} INFO - Dependencies all met for dep_context=non-requeueable deps ti=<TaskInstance: study_case_etl_cloud_storage.fetch_data_task manual__2024-03-16T14:19:17.353374+00:00 [queued]>
[2024-03-16T14:19:19.111+0000] {taskinstance.py:1979} INFO - Dependencies all met for dep_context=requeueable deps ti=<TaskInstance: study_case_etl_cloud_storage.fetch_data_task manual__2024-03-16T14:19:17.353374+00:00 [queued]>
[2024-03-16T14:19:19.112+0000] {taskinstance.py:2193} INFO - Starting attempt 1 of 2
[2024-03-16T14:19:19.122+0000] {taskinstance.py:2214} INFO - Executing <Task(PythonOperator): fetch_data_task> on 2024-03-16 14:19:17.353374+00:00
[2024-03-16T14:19:19.128+0000] {standard_task_runner.py:60} INFO - Started process 6351 to run task
[2024-03-16T14:19:19.132+0000] {standard_task_runner.py:87} INFO - Running: ['***', 'tasks', 'run', 'study_case_etl_cloud_storage', 'fetch_data_task', 'manual__2024-03-16T14:19:17.353374+00:00', '--job-id', '737', '--raw', '--subdir', 'DAGS_FOLDER/etl_day_bigquery/study_case_etl_cloud_storage.py', '--cfg-path', '/tmp/tmpnjtoqv6i']
[2024-03-16T14:19:19.135+0000] {standard_task_runner.py:88} INFO - Job 737: Subtask fetch_data_task
[2024-03-16T14:19:19.177+0000] {task_command.py:423} INFO - Running <TaskInstance: study_case_etl_cloud_storage.fetch_data_task manual__2024-03-16T14:19:17.353374+00:00 [running]> on host 1d5b76b26ba5
[2024-03-16T14:19:19.251+0000] {taskinstance.py:2510} INFO - Exporting env vars: AIRFLOW_CTX_DAG_OWNER='Agus mahari' AIRFLOW_CTX_DAG_ID='study_case_etl_cloud_storage' AIRFLOW_CTX_TASK_ID='fetch_data_task' AIRFLOW_CTX_EXECUTION_DATE='2024-03-16T14:19:17.353374+00:00' AIRFLOW_CTX_TRY_NUMBER='1' AIRFLOW_CTX_DAG_RUN_ID='manual__2024-03-16T14:19:17.353374+00:00'
[2024-03-16T14:19:19.253+0000] {warnings.py:109} WARNING - /home/***/.local/lib/python3.8/site-packages/***/utils/context.py:315: AirflowContextDeprecationWarning: Accessing 'execution_date' from the template is deprecated and will be removed in a future version. Please use 'data_interval_start' or 'logical_date' instead.
  warnings.warn(_create_deprecation_warning(k, replacements))

[2024-03-16T14:19:22.279+0000] {logging_mixin.py:188} INFO - 2024-03-16 14:19:22,279 INFO sqlalchemy.engine.Engine SELECT DATABASE()
[2024-03-16T14:19:22.279+0000] {base.py:1863} INFO - SELECT DATABASE()
[2024-03-16T14:19:22.280+0000] {logging_mixin.py:188} INFO - 2024-03-16 14:19:22,280 INFO sqlalchemy.engine.Engine [raw sql] {}
[2024-03-16T14:19:22.280+0000] {base.py:1868} INFO - [raw sql] {}
[2024-03-16T14:19:23.597+0000] {logging_mixin.py:188} INFO - 2024-03-16 14:19:23,597 INFO sqlalchemy.engine.Engine SELECT @@sql_mode
[2024-03-16T14:19:23.597+0000] {base.py:1863} INFO - SELECT @@sql_mode
[2024-03-16T14:19:23.598+0000] {logging_mixin.py:188} INFO - 2024-03-16 14:19:23,598 INFO sqlalchemy.engine.Engine [raw sql] {}
[2024-03-16T14:19:23.598+0000] {base.py:1868} INFO - [raw sql] {}
[2024-03-16T14:19:24.060+0000] {logging_mixin.py:188} INFO - 2024-03-16 14:19:24,060 INFO sqlalchemy.engine.Engine SELECT @@lower_case_table_names
[2024-03-16T14:19:24.060+0000] {base.py:1863} INFO - SELECT @@lower_case_table_names
[2024-03-16T14:19:24.061+0000] {logging_mixin.py:188} INFO - 2024-03-16 14:19:24,061 INFO sqlalchemy.engine.Engine [raw sql] {}
[2024-03-16T14:19:24.061+0000] {base.py:1868} INFO - [raw sql] {}
[2024-03-16T14:19:25.246+0000] {logging_mixin.py:188} INFO - 2024-03-16 14:19:25,246 INFO sqlalchemy.engine.Engine 


  SELECT 
    *
FROM databasename.mytable
[2024-03-16T14:19:25.246+0000] {base.py:1863} INFO - 


  SELECT 
    *
FROM databasename.mytable
[2024-03-16T14:19:25.247+0000] {logging_mixin.py:188} INFO - 2024-03-16 14:19:25,247 INFO sqlalchemy.engine.Engine [raw sql] {}
[2024-03-16T14:19:25.247+0000] {base.py:1868} INFO - [raw sql] {}
[2024-03-16T14:19:25.730+0000] {python.py:202} INFO - Done. Returned value was: /opt/***/data/aplikasi_table_2024-03-16-14-19-17.parquet
[2024-03-16T14:19:25.749+0000] {taskinstance.py:1149} INFO - Marking task as SUCCESS. dag_id=study_case_etl_cloud_storage, task_id=fetch_data_task, execution_date=20240316T141917, start_date=20240316T141919, end_date=20240316T141925
[2024-03-16T14:19:25.786+0000] {local_task_job_runner.py:234} INFO - Task exited with return code 0
[2024-03-16T14:19:25.807+0000] {taskinstance.py:3309} INFO - 1 downstream tasks scheduled from follow-on schedule check
