[2024-03-15T04:17:39.024+0000] {taskinstance.py:1979} INFO - Dependencies all met for dep_context=non-requeueable deps ti=<TaskInstance: study_case_1.fetch_data_task scheduled__2024-03-15T02:00:00+00:00 [queued]>
[2024-03-15T04:17:39.045+0000] {taskinstance.py:1979} INFO - Dependencies all met for dep_context=requeueable deps ti=<TaskInstance: study_case_1.fetch_data_task scheduled__2024-03-15T02:00:00+00:00 [queued]>
[2024-03-15T04:17:39.057+0000] {taskinstance.py:2193} INFO - Starting attempt 1 of 2
[2024-03-15T04:17:39.118+0000] {taskinstance.py:2214} INFO - Executing <Task(PythonOperator): fetch_data_task> on 2024-03-15 02:00:00+00:00
[2024-03-15T04:17:39.141+0000] {standard_task_runner.py:60} INFO - Started process 10584 to run task
[2024-03-15T04:17:39.150+0000] {standard_task_runner.py:87} INFO - Running: ['***', 'tasks', 'run', 'study_case_1', 'fetch_data_task', 'scheduled__2024-03-15T02:00:00+00:00', '--job-id', '198', '--raw', '--subdir', 'DAGS_FOLDER/pintro_aplikasi_education/study_case1.py', '--cfg-path', '/tmp/tmpxsf8aq2s']
[2024-03-15T04:17:39.159+0000] {standard_task_runner.py:88} INFO - Job 198: Subtask fetch_data_task
[2024-03-15T04:17:39.433+0000] {task_command.py:423} INFO - Running <TaskInstance: study_case_1.fetch_data_task scheduled__2024-03-15T02:00:00+00:00 [running]> on host f293363f8e27
[2024-03-15T04:17:39.633+0000] {taskinstance.py:2510} INFO - Exporting env vars: AIRFLOW_CTX_DAG_OWNER='Agus mahari' AIRFLOW_CTX_DAG_ID='study_case_1' AIRFLOW_CTX_TASK_ID='fetch_data_task' AIRFLOW_CTX_EXECUTION_DATE='2024-03-15T02:00:00+00:00' AIRFLOW_CTX_TRY_NUMBER='1' AIRFLOW_CTX_DAG_RUN_ID='scheduled__2024-03-15T02:00:00+00:00'
[2024-03-15T04:17:39.637+0000] {warnings.py:109} WARNING - /home/***/.local/lib/python3.8/site-packages/***/utils/context.py:315: AirflowContextDeprecationWarning: Accessing 'execution_date' from the template is deprecated and will be removed in a future version. Please use 'data_interval_start' or 'logical_date' instead.
  warnings.warn(_create_deprecation_warning(k, replacements))

[2024-03-15T04:17:42.861+0000] {logging_mixin.py:188} INFO - 2024-03-15 04:17:42,860 INFO sqlalchemy.engine.Engine SELECT DATABASE()
[2024-03-15T04:17:42.860+0000] {base.py:1863} INFO - SELECT DATABASE()
[2024-03-15T04:17:42.863+0000] {logging_mixin.py:188} INFO - 2024-03-15 04:17:42,862 INFO sqlalchemy.engine.Engine [raw sql] {}
[2024-03-15T04:17:42.862+0000] {base.py:1868} INFO - [raw sql] {}
[2024-03-15T04:17:43.761+0000] {logging_mixin.py:188} INFO - 2024-03-15 04:17:43,761 INFO sqlalchemy.engine.Engine SELECT @@sql_mode
[2024-03-15T04:17:43.761+0000] {base.py:1863} INFO - SELECT @@sql_mode
[2024-03-15T04:17:43.763+0000] {logging_mixin.py:188} INFO - 2024-03-15 04:17:43,763 INFO sqlalchemy.engine.Engine [raw sql] {}
[2024-03-15T04:17:43.763+0000] {base.py:1868} INFO - [raw sql] {}
[2024-03-15T04:17:44.209+0000] {logging_mixin.py:188} INFO - 2024-03-15 04:17:44,208 INFO sqlalchemy.engine.Engine SELECT @@lower_case_table_names
[2024-03-15T04:17:44.208+0000] {base.py:1863} INFO - SELECT @@lower_case_table_names
[2024-03-15T04:17:44.210+0000] {logging_mixin.py:188} INFO - 2024-03-15 04:17:44,210 INFO sqlalchemy.engine.Engine [raw sql] {}
[2024-03-15T04:17:44.210+0000] {base.py:1868} INFO - [raw sql] {}
[2024-03-15T04:17:44.889+0000] {logging_mixin.py:188} INFO - 2024-03-15 04:17:44,887 INFO sqlalchemy.engine.Engine 


SELECT 
    *, 
    CONVERT_TZ(NOW(), 'UTC', '+07:00') as execution_at
FROM test.user
[2024-03-15T04:17:44.887+0000] {base.py:1863} INFO - 


SELECT 
    *, 
    CONVERT_TZ(NOW(), 'UTC', '+07:00') as execution_at
FROM test.user
[2024-03-15T04:17:44.893+0000] {logging_mixin.py:188} INFO - 2024-03-15 04:17:44,892 INFO sqlalchemy.engine.Engine [raw sql] {}
[2024-03-15T04:17:44.892+0000] {base.py:1868} INFO - [raw sql] {}
[2024-03-15T04:17:45.371+0000] {python.py:202} INFO - Done. Returned value was: None
[2024-03-15T04:17:45.418+0000] {taskinstance.py:1149} INFO - Marking task as SUCCESS. dag_id=study_case_1, task_id=fetch_data_task, execution_date=20240315T020000, start_date=20240315T041739, end_date=20240315T041745
[2024-03-15T04:17:45.937+0000] {local_task_job_runner.py:234} INFO - Task exited with return code 0
[2024-03-15T04:17:46.040+0000] {taskinstance.py:3309} INFO - 1 downstream tasks scheduled from follow-on schedule check
