[2024-03-16T06:12:55.204+0000] {taskinstance.py:1979} INFO - Dependencies all met for dep_context=non-requeueable deps ti=<TaskInstance: study_case_1.fetch_data_task scheduled__2024-03-15T08:00:00+00:00 [queued]>
[2024-03-16T06:12:55.220+0000] {taskinstance.py:1979} INFO - Dependencies all met for dep_context=requeueable deps ti=<TaskInstance: study_case_1.fetch_data_task scheduled__2024-03-15T08:00:00+00:00 [queued]>
[2024-03-16T06:12:55.221+0000] {taskinstance.py:2193} INFO - Starting attempt 2 of 2
[2024-03-16T06:12:55.246+0000] {taskinstance.py:2214} INFO - Executing <Task(PythonOperator): fetch_data_task> on 2024-03-15 08:00:00+00:00
[2024-03-16T06:12:55.255+0000] {standard_task_runner.py:60} INFO - Started process 470 to run task
[2024-03-16T06:12:55.261+0000] {standard_task_runner.py:87} INFO - Running: ['***', 'tasks', 'run', 'study_case_1', 'fetch_data_task', 'scheduled__2024-03-15T08:00:00+00:00', '--job-id', '559', '--raw', '--subdir', 'DAGS_FOLDER/pintro_aplikasi_education/study_case1.py', '--cfg-path', '/tmp/tmpicbjrzrg']
[2024-03-16T06:12:55.265+0000] {standard_task_runner.py:88} INFO - Job 559: Subtask fetch_data_task
[2024-03-16T06:12:55.351+0000] {task_command.py:423} INFO - Running <TaskInstance: study_case_1.fetch_data_task scheduled__2024-03-15T08:00:00+00:00 [running]> on host 72d5c878da28
[2024-03-16T06:12:55.489+0000] {taskinstance.py:2510} INFO - Exporting env vars: AIRFLOW_CTX_DAG_OWNER='Agus mahari' AIRFLOW_CTX_DAG_ID='study_case_1' AIRFLOW_CTX_TASK_ID='fetch_data_task' AIRFLOW_CTX_EXECUTION_DATE='2024-03-15T08:00:00+00:00' AIRFLOW_CTX_TRY_NUMBER='2' AIRFLOW_CTX_DAG_RUN_ID='scheduled__2024-03-15T08:00:00+00:00'
[2024-03-16T06:12:55.492+0000] {warnings.py:109} WARNING - /home/***/.local/lib/python3.8/site-packages/***/utils/context.py:315: AirflowContextDeprecationWarning: Accessing 'execution_date' from the template is deprecated and will be removed in a future version. Please use 'data_interval_start' or 'logical_date' instead.
  warnings.warn(_create_deprecation_warning(k, replacements))

[2024-03-16T06:12:58.191+0000] {logging_mixin.py:188} INFO - 2024-03-16 06:12:58,191 INFO sqlalchemy.engine.Engine SELECT DATABASE()
[2024-03-16T06:12:58.191+0000] {base.py:1863} INFO - SELECT DATABASE()
[2024-03-16T06:12:58.192+0000] {logging_mixin.py:188} INFO - 2024-03-16 06:12:58,192 INFO sqlalchemy.engine.Engine [raw sql] {}
[2024-03-16T06:12:58.192+0000] {base.py:1868} INFO - [raw sql] {}
[2024-03-16T06:12:59.119+0000] {logging_mixin.py:188} INFO - 2024-03-16 06:12:59,119 INFO sqlalchemy.engine.Engine SELECT @@sql_mode
[2024-03-16T06:12:59.119+0000] {base.py:1863} INFO - SELECT @@sql_mode
[2024-03-16T06:12:59.120+0000] {logging_mixin.py:188} INFO - 2024-03-16 06:12:59,120 INFO sqlalchemy.engine.Engine [raw sql] {}
[2024-03-16T06:12:59.120+0000] {base.py:1868} INFO - [raw sql] {}
[2024-03-16T06:12:59.569+0000] {logging_mixin.py:188} INFO - 2024-03-16 06:12:59,569 INFO sqlalchemy.engine.Engine SELECT @@lower_case_table_names
[2024-03-16T06:12:59.569+0000] {base.py:1863} INFO - SELECT @@lower_case_table_names
[2024-03-16T06:12:59.572+0000] {logging_mixin.py:188} INFO - 2024-03-16 06:12:59,572 INFO sqlalchemy.engine.Engine [raw sql] {}
[2024-03-16T06:12:59.572+0000] {base.py:1868} INFO - [raw sql] {}
[2024-03-16T06:13:00.332+0000] {logging_mixin.py:188} INFO - 2024-03-16 06:13:00,332 INFO sqlalchemy.engine.Engine 


   SELECT 
    *, 
    CONVERT_TZ(NOW(), 'UTC', '+07:00') as execution_at
FROM test.user
WHERE updated_at BETWEEN NOW() - INTERVAL 7 MINUTE AND NOW()
[2024-03-16T06:13:00.332+0000] {base.py:1863} INFO - 


   SELECT 
    *, 
    CONVERT_TZ(NOW(), 'UTC', '+07:00') as execution_at
FROM test.user
WHERE updated_at BETWEEN NOW() - INTERVAL 7 MINUTE AND NOW()
[2024-03-16T06:13:00.334+0000] {logging_mixin.py:188} INFO - 2024-03-16 06:13:00,334 INFO sqlalchemy.engine.Engine [raw sql] {}
[2024-03-16T06:13:00.334+0000] {base.py:1868} INFO - [raw sql] {}
[2024-03-16T06:13:00.843+0000] {python.py:202} INFO - Done. Returned value was: None
[2024-03-16T06:13:00.869+0000] {taskinstance.py:1149} INFO - Marking task as SUCCESS. dag_id=study_case_1, task_id=fetch_data_task, execution_date=20240315T080000, start_date=20240316T061255, end_date=20240316T061300
[2024-03-16T06:13:00.928+0000] {local_task_job_runner.py:234} INFO - Task exited with return code 0
[2024-03-16T06:13:00.959+0000] {taskinstance.py:3309} INFO - 1 downstream tasks scheduled from follow-on schedule check
