[2024-03-16T06:11:53.914+0000] {taskinstance.py:1979} INFO - Dependencies all met for dep_context=non-requeueable deps ti=<TaskInstance: study_case_etl_cloud_storage.fetch_data_task scheduled__2024-03-15T18:00:00+00:00 [queued]>
[2024-03-16T06:11:53.931+0000] {taskinstance.py:1979} INFO - Dependencies all met for dep_context=requeueable deps ti=<TaskInstance: study_case_etl_cloud_storage.fetch_data_task scheduled__2024-03-15T18:00:00+00:00 [queued]>
[2024-03-16T06:11:53.932+0000] {taskinstance.py:2193} INFO - Starting attempt 1 of 2
[2024-03-16T06:11:53.951+0000] {taskinstance.py:2214} INFO - Executing <Task(PythonOperator): fetch_data_task> on 2024-03-15 18:00:00+00:00
[2024-03-16T06:11:53.961+0000] {standard_task_runner.py:60} INFO - Started process 379 to run task
[2024-03-16T06:11:53.978+0000] {standard_task_runner.py:87} INFO - Running: ['***', 'tasks', 'run', 'study_case_etl_cloud_storage', 'fetch_data_task', 'scheduled__2024-03-15T18:00:00+00:00', '--job-id', '535', '--raw', '--subdir', 'DAGS_FOLDER/etl_day_bigquery/study_case_etl_cloud_storage.py', '--cfg-path', '/tmp/tmppinfa_vx']
[2024-03-16T06:11:53.985+0000] {standard_task_runner.py:88} INFO - Job 535: Subtask fetch_data_task
[2024-03-16T06:11:54.041+0000] {task_command.py:423} INFO - Running <TaskInstance: study_case_etl_cloud_storage.fetch_data_task scheduled__2024-03-15T18:00:00+00:00 [running]> on host 72d5c878da28
[2024-03-16T06:11:54.145+0000] {taskinstance.py:2510} INFO - Exporting env vars: AIRFLOW_CTX_DAG_OWNER='Agus mahari' AIRFLOW_CTX_DAG_ID='study_case_etl_cloud_storage' AIRFLOW_CTX_TASK_ID='fetch_data_task' AIRFLOW_CTX_EXECUTION_DATE='2024-03-15T18:00:00+00:00' AIRFLOW_CTX_TRY_NUMBER='1' AIRFLOW_CTX_DAG_RUN_ID='scheduled__2024-03-15T18:00:00+00:00'
[2024-03-16T06:11:54.148+0000] {warnings.py:109} WARNING - /home/***/.local/lib/python3.8/site-packages/***/utils/context.py:315: AirflowContextDeprecationWarning: Accessing 'execution_date' from the template is deprecated and will be removed in a future version. Please use 'data_interval_start' or 'logical_date' instead.
  warnings.warn(_create_deprecation_warning(k, replacements))

[2024-03-16T06:11:56.822+0000] {logging_mixin.py:188} INFO - 2024-03-16 06:11:56,822 INFO sqlalchemy.engine.Engine SELECT DATABASE()
[2024-03-16T06:11:56.822+0000] {base.py:1863} INFO - SELECT DATABASE()
[2024-03-16T06:11:56.823+0000] {logging_mixin.py:188} INFO - 2024-03-16 06:11:56,823 INFO sqlalchemy.engine.Engine [raw sql] {}
[2024-03-16T06:11:56.823+0000] {base.py:1868} INFO - [raw sql] {}
[2024-03-16T06:11:57.720+0000] {logging_mixin.py:188} INFO - 2024-03-16 06:11:57,719 INFO sqlalchemy.engine.Engine SELECT @@sql_mode
[2024-03-16T06:11:57.719+0000] {base.py:1863} INFO - SELECT @@sql_mode
[2024-03-16T06:11:57.720+0000] {logging_mixin.py:188} INFO - 2024-03-16 06:11:57,720 INFO sqlalchemy.engine.Engine [raw sql] {}
[2024-03-16T06:11:57.720+0000] {base.py:1868} INFO - [raw sql] {}
[2024-03-16T06:11:58.162+0000] {logging_mixin.py:188} INFO - 2024-03-16 06:11:58,161 INFO sqlalchemy.engine.Engine SELECT @@lower_case_table_names
[2024-03-16T06:11:58.161+0000] {base.py:1863} INFO - SELECT @@lower_case_table_names
[2024-03-16T06:11:58.163+0000] {logging_mixin.py:188} INFO - 2024-03-16 06:11:58,163 INFO sqlalchemy.engine.Engine [raw sql] {}
[2024-03-16T06:11:58.163+0000] {base.py:1868} INFO - [raw sql] {}
[2024-03-16T06:11:58.879+0000] {logging_mixin.py:188} INFO - 2024-03-16 06:11:58,878 INFO sqlalchemy.engine.Engine 


   SELECT 
    *, 
    CONVERT_TZ(NOW(), 'UTC', '+07:00') as execution_at
FROM test.user
WHERE updated_at BETWEEN NOW() - INTERVAL 7 MINUTE AND NOW()
[2024-03-16T06:11:58.878+0000] {base.py:1863} INFO - 


   SELECT 
    *, 
    CONVERT_TZ(NOW(), 'UTC', '+07:00') as execution_at
FROM test.user
WHERE updated_at BETWEEN NOW() - INTERVAL 7 MINUTE AND NOW()
[2024-03-16T06:11:58.880+0000] {logging_mixin.py:188} INFO - 2024-03-16 06:11:58,879 INFO sqlalchemy.engine.Engine [raw sql] {}
[2024-03-16T06:11:58.879+0000] {base.py:1868} INFO - [raw sql] {}
[2024-03-16T06:11:59.373+0000] {python.py:202} INFO - Done. Returned value was: /opt/***/data/aplikasi_table_2024-03-15-18-00-00.parquet
[2024-03-16T06:11:59.429+0000] {taskinstance.py:1149} INFO - Marking task as SUCCESS. dag_id=study_case_etl_cloud_storage, task_id=fetch_data_task, execution_date=20240315T180000, start_date=20240316T061153, end_date=20240316T061159
[2024-03-16T06:11:59.513+0000] {local_task_job_runner.py:234} INFO - Task exited with return code 0
[2024-03-16T06:11:59.575+0000] {taskinstance.py:3309} INFO - 1 downstream tasks scheduled from follow-on schedule check
[2024-03-22T17:28:21.348+0000] {taskinstance.py:1979} INFO - Dependencies all met for dep_context=non-requeueable deps ti=<TaskInstance: study_case_etl_cloud_storage.fetch_data_task scheduled__2024-03-15T18:00:00+00:00 [queued]>
[2024-03-22T17:28:21.367+0000] {taskinstance.py:1979} INFO - Dependencies all met for dep_context=requeueable deps ti=<TaskInstance: study_case_etl_cloud_storage.fetch_data_task scheduled__2024-03-15T18:00:00+00:00 [queued]>
[2024-03-22T17:28:21.371+0000] {taskinstance.py:2193} INFO - Starting attempt 1 of 2
[2024-03-22T17:28:21.393+0000] {taskinstance.py:2214} INFO - Executing <Task(PythonOperator): fetch_data_task> on 2024-03-15 18:00:00+00:00
[2024-03-22T17:28:21.403+0000] {standard_task_runner.py:60} INFO - Started process 391 to run task
[2024-03-22T17:28:21.418+0000] {standard_task_runner.py:87} INFO - Running: ['***', 'tasks', 'run', 'study_case_etl_cloud_storage', 'fetch_data_task', 'scheduled__2024-03-15T18:00:00+00:00', '--job-id', '23', '--raw', '--subdir', 'DAGS_FOLDER/etl_day_bigquery/study_case_etl_cloud_storage.py', '--cfg-path', '/tmp/tmpiqdks2hb']
[2024-03-22T17:28:21.443+0000] {standard_task_runner.py:88} INFO - Job 23: Subtask fetch_data_task
[2024-03-22T17:28:21.691+0000] {task_command.py:423} INFO - Running <TaskInstance: study_case_etl_cloud_storage.fetch_data_task scheduled__2024-03-15T18:00:00+00:00 [running]> on host eb8b31fafb1e
[2024-03-22T17:28:22.041+0000] {taskinstance.py:2510} INFO - Exporting env vars: AIRFLOW_CTX_DAG_OWNER='Agus mahari' AIRFLOW_CTX_DAG_ID='study_case_etl_cloud_storage' AIRFLOW_CTX_TASK_ID='fetch_data_task' AIRFLOW_CTX_EXECUTION_DATE='2024-03-15T18:00:00+00:00' AIRFLOW_CTX_TRY_NUMBER='1' AIRFLOW_CTX_DAG_RUN_ID='scheduled__2024-03-15T18:00:00+00:00'
[2024-03-22T17:28:24.777+0000] {logging_mixin.py:188} INFO - 2024-03-22 17:28:24,777 INFO sqlalchemy.engine.Engine SELECT DATABASE()
[2024-03-22T17:28:24.777+0000] {base.py:1863} INFO - SELECT DATABASE()
[2024-03-22T17:28:24.778+0000] {logging_mixin.py:188} INFO - 2024-03-22 17:28:24,778 INFO sqlalchemy.engine.Engine [raw sql] {}
[2024-03-22T17:28:24.778+0000] {base.py:1868} INFO - [raw sql] {}
[2024-03-22T17:28:25.668+0000] {logging_mixin.py:188} INFO - 2024-03-22 17:28:25,668 INFO sqlalchemy.engine.Engine SELECT @@sql_mode
[2024-03-22T17:28:25.668+0000] {base.py:1863} INFO - SELECT @@sql_mode
[2024-03-22T17:28:25.669+0000] {logging_mixin.py:188} INFO - 2024-03-22 17:28:25,669 INFO sqlalchemy.engine.Engine [raw sql] {}
[2024-03-22T17:28:25.669+0000] {base.py:1868} INFO - [raw sql] {}
[2024-03-22T17:28:26.135+0000] {logging_mixin.py:188} INFO - 2024-03-22 17:28:26,135 INFO sqlalchemy.engine.Engine SELECT @@lower_case_table_names
[2024-03-22T17:28:26.135+0000] {base.py:1863} INFO - SELECT @@lower_case_table_names
[2024-03-22T17:28:26.137+0000] {logging_mixin.py:188} INFO - 2024-03-22 17:28:26,137 INFO sqlalchemy.engine.Engine [raw sql] {}
[2024-03-22T17:28:26.137+0000] {base.py:1868} INFO - [raw sql] {}
[2024-03-22T17:28:26.829+0000] {logging_mixin.py:188} INFO - 2024-03-22 17:28:26,829 INFO sqlalchemy.engine.Engine 


  SELECT 
    *
FROM databasename.mytable
[2024-03-22T17:28:26.829+0000] {base.py:1863} INFO - 


  SELECT 
    *
FROM databasename.mytable
[2024-03-22T17:28:26.830+0000] {logging_mixin.py:188} INFO - 2024-03-22 17:28:26,830 INFO sqlalchemy.engine.Engine [raw sql] {}
[2024-03-22T17:28:26.830+0000] {base.py:1868} INFO - [raw sql] {}
[2024-03-22T17:28:27.272+0000] {logging_mixin.py:188} INFO - File already exists.
[2024-03-22T17:28:27.274+0000] {python.py:202} INFO - Done. Returned value was: /opt/***/data/aplikasi_table_['{ ds }.parquet']
[2024-03-22T17:28:27.296+0000] {taskinstance.py:1149} INFO - Marking task as SUCCESS. dag_id=study_case_etl_cloud_storage, task_id=fetch_data_task, execution_date=20240315T180000, start_date=20240322T172821, end_date=20240322T172827
[2024-03-22T17:28:27.336+0000] {local_task_job_runner.py:234} INFO - Task exited with return code 0
[2024-03-22T17:28:27.353+0000] {taskinstance.py:3309} INFO - 0 downstream tasks scheduled from follow-on schedule check
