[2024-03-22T17:30:24.001+0000] {taskinstance.py:1979} INFO - Dependencies all met for dep_context=non-requeueable deps ti=<TaskInstance: study_case_etl_cloud_storage.fetch_data_task scheduled__2024-03-20T20:00:00+00:00 [queued]>
[2024-03-22T17:30:24.061+0000] {taskinstance.py:1979} INFO - Dependencies all met for dep_context=requeueable deps ti=<TaskInstance: study_case_etl_cloud_storage.fetch_data_task scheduled__2024-03-20T20:00:00+00:00 [queued]>
[2024-03-22T17:30:24.063+0000] {taskinstance.py:2193} INFO - Starting attempt 1 of 2
[2024-03-22T17:30:24.130+0000] {taskinstance.py:2214} INFO - Executing <Task(PythonOperator): fetch_data_task> on 2024-03-20 20:00:00+00:00
[2024-03-22T17:30:24.152+0000] {standard_task_runner.py:60} INFO - Started process 902 to run task
[2024-03-22T17:30:24.163+0000] {standard_task_runner.py:87} INFO - Running: ['***', 'tasks', 'run', 'study_case_etl_cloud_storage', 'fetch_data_task', 'scheduled__2024-03-20T20:00:00+00:00', '--job-id', '186', '--raw', '--subdir', 'DAGS_FOLDER/etl_day_bigquery/study_case_etl_cloud_storage.py', '--cfg-path', '/tmp/tmp0nvuesjl']
[2024-03-22T17:30:24.179+0000] {standard_task_runner.py:88} INFO - Job 186: Subtask fetch_data_task
[2024-03-22T17:30:24.322+0000] {task_command.py:423} INFO - Running <TaskInstance: study_case_etl_cloud_storage.fetch_data_task scheduled__2024-03-20T20:00:00+00:00 [running]> on host eb8b31fafb1e
[2024-03-22T17:30:24.531+0000] {taskinstance.py:2510} INFO - Exporting env vars: AIRFLOW_CTX_DAG_OWNER='Agus mahari' AIRFLOW_CTX_DAG_ID='study_case_etl_cloud_storage' AIRFLOW_CTX_TASK_ID='fetch_data_task' AIRFLOW_CTX_EXECUTION_DATE='2024-03-20T20:00:00+00:00' AIRFLOW_CTX_TRY_NUMBER='1' AIRFLOW_CTX_DAG_RUN_ID='scheduled__2024-03-20T20:00:00+00:00'
[2024-03-22T17:30:27.295+0000] {logging_mixin.py:188} INFO - 2024-03-22 17:30:27,295 INFO sqlalchemy.engine.Engine SELECT DATABASE()
[2024-03-22T17:30:27.295+0000] {base.py:1863} INFO - SELECT DATABASE()
[2024-03-22T17:30:27.299+0000] {logging_mixin.py:188} INFO - 2024-03-22 17:30:27,299 INFO sqlalchemy.engine.Engine [raw sql] {}
[2024-03-22T17:30:27.299+0000] {base.py:1868} INFO - [raw sql] {}
[2024-03-22T17:30:28.188+0000] {logging_mixin.py:188} INFO - 2024-03-22 17:30:28,188 INFO sqlalchemy.engine.Engine SELECT @@sql_mode
[2024-03-22T17:30:28.188+0000] {base.py:1863} INFO - SELECT @@sql_mode
[2024-03-22T17:30:28.189+0000] {logging_mixin.py:188} INFO - 2024-03-22 17:30:28,189 INFO sqlalchemy.engine.Engine [raw sql] {}
[2024-03-22T17:30:28.189+0000] {base.py:1868} INFO - [raw sql] {}
[2024-03-22T17:30:28.639+0000] {logging_mixin.py:188} INFO - 2024-03-22 17:30:28,639 INFO sqlalchemy.engine.Engine SELECT @@lower_case_table_names
[2024-03-22T17:30:28.639+0000] {base.py:1863} INFO - SELECT @@lower_case_table_names
[2024-03-22T17:30:28.640+0000] {logging_mixin.py:188} INFO - 2024-03-22 17:30:28,640 INFO sqlalchemy.engine.Engine [raw sql] {}
[2024-03-22T17:30:28.640+0000] {base.py:1868} INFO - [raw sql] {}
[2024-03-22T17:30:29.337+0000] {logging_mixin.py:188} INFO - 2024-03-22 17:30:29,337 INFO sqlalchemy.engine.Engine 


  SELECT 
    *
FROM databasename.mytable
[2024-03-22T17:30:29.337+0000] {base.py:1863} INFO - 


  SELECT 
    *
FROM databasename.mytable
[2024-03-22T17:30:29.338+0000] {logging_mixin.py:188} INFO - 2024-03-22 17:30:29,338 INFO sqlalchemy.engine.Engine [raw sql] {}
[2024-03-22T17:30:29.338+0000] {base.py:1868} INFO - [raw sql] {}
[2024-03-22T17:30:29.788+0000] {logging_mixin.py:188} INFO - File already exists.
[2024-03-22T17:30:29.792+0000] {python.py:202} INFO - Done. Returned value was: /opt/***/data/aplikasi_table_['{ ds }.parquet']
[2024-03-22T17:30:29.821+0000] {taskinstance.py:1149} INFO - Marking task as SUCCESS. dag_id=study_case_etl_cloud_storage, task_id=fetch_data_task, execution_date=20240320T200000, start_date=20240322T173024, end_date=20240322T173029
[2024-03-22T17:30:29.852+0000] {local_task_job_runner.py:234} INFO - Task exited with return code 0
[2024-03-22T17:30:29.870+0000] {taskinstance.py:3309} INFO - 0 downstream tasks scheduled from follow-on schedule check
