[2024-03-07T19:16:08.899+0000] {processor.py:161} INFO - Started process (PID=7634) to work on /opt/airflow/dags/other_ingestion_postgre/main_dag_sql_enam.py
[2024-03-07T19:16:08.902+0000] {processor.py:830} INFO - Processing file /opt/airflow/dags/other_ingestion_postgre/main_dag_sql_enam.py for tasks to queue
[2024-03-07T19:16:08.905+0000] {logging_mixin.py:188} INFO - [2024-03-07T19:16:08.904+0000] {dagbag.py:540} INFO - Filling up the DagBag from /opt/airflow/dags/other_ingestion_postgre/main_dag_sql_enam.py
[2024-03-07T19:16:09.550+0000] {processor.py:840} INFO - DAG(s) 'example_enam_solid' retrieved from /opt/airflow/dags/other_ingestion_postgre/main_dag_sql_enam.py
[2024-03-07T19:16:09.712+0000] {logging_mixin.py:188} INFO - [2024-03-07T19:16:09.711+0000] {override.py:1769} INFO - Created Permission View: can read on DAG:example_enam_solid
[2024-03-07T19:16:09.735+0000] {logging_mixin.py:188} INFO - [2024-03-07T19:16:09.734+0000] {override.py:1769} INFO - Created Permission View: can edit on DAG:example_enam_solid
[2024-03-07T19:16:09.744+0000] {logging_mixin.py:188} INFO - [2024-03-07T19:16:09.744+0000] {override.py:1769} INFO - Created Permission View: can delete on DAG:example_enam_solid
[2024-03-07T19:16:09.746+0000] {logging_mixin.py:188} INFO - [2024-03-07T19:16:09.745+0000] {dag.py:3047} INFO - Sync 1 DAGs
[2024-03-07T19:16:09.759+0000] {logging_mixin.py:188} INFO - [2024-03-07T19:16:09.759+0000] {dag.py:3069} INFO - Creating ORM DAG for example_enam_solid
[2024-03-07T19:16:09.761+0000] {logging_mixin.py:188} INFO - [2024-03-07T19:16:09.760+0000] {dag.py:3834} INFO - Setting next_dagrun for example_enam_solid to None, run_after=None
[2024-03-07T19:16:09.785+0000] {processor.py:183} INFO - Processing /opt/airflow/dags/other_ingestion_postgre/main_dag_sql_enam.py took 0.897 seconds
[2024-03-07T19:16:40.359+0000] {processor.py:161} INFO - Started process (PID=7656) to work on /opt/airflow/dags/other_ingestion_postgre/main_dag_sql_enam.py
[2024-03-07T19:16:40.360+0000] {processor.py:830} INFO - Processing file /opt/airflow/dags/other_ingestion_postgre/main_dag_sql_enam.py for tasks to queue
[2024-03-07T19:16:40.363+0000] {logging_mixin.py:188} INFO - [2024-03-07T19:16:40.362+0000] {dagbag.py:540} INFO - Filling up the DagBag from /opt/airflow/dags/other_ingestion_postgre/main_dag_sql_enam.py
[2024-03-07T19:16:40.767+0000] {processor.py:840} INFO - DAG(s) 'example_enam_solid' retrieved from /opt/airflow/dags/other_ingestion_postgre/main_dag_sql_enam.py
[2024-03-07T19:16:40.850+0000] {logging_mixin.py:188} INFO - [2024-03-07T19:16:40.849+0000] {dag.py:3047} INFO - Sync 1 DAGs
[2024-03-07T19:16:40.861+0000] {logging_mixin.py:188} INFO - [2024-03-07T19:16:40.861+0000] {dag.py:3834} INFO - Setting next_dagrun for example_enam_solid to None, run_after=None
[2024-03-07T19:16:40.877+0000] {processor.py:183} INFO - Processing /opt/airflow/dags/other_ingestion_postgre/main_dag_sql_enam.py took 0.521 seconds
[2024-03-07T19:17:11.534+0000] {processor.py:161} INFO - Started process (PID=7677) to work on /opt/airflow/dags/other_ingestion_postgre/main_dag_sql_enam.py
[2024-03-07T19:17:11.535+0000] {processor.py:830} INFO - Processing file /opt/airflow/dags/other_ingestion_postgre/main_dag_sql_enam.py for tasks to queue
[2024-03-07T19:17:11.538+0000] {logging_mixin.py:188} INFO - [2024-03-07T19:17:11.537+0000] {dagbag.py:540} INFO - Filling up the DagBag from /opt/airflow/dags/other_ingestion_postgre/main_dag_sql_enam.py
[2024-03-07T19:17:11.942+0000] {processor.py:840} INFO - DAG(s) 'example_enam_solid' retrieved from /opt/airflow/dags/other_ingestion_postgre/main_dag_sql_enam.py
[2024-03-07T19:17:12.018+0000] {logging_mixin.py:188} INFO - [2024-03-07T19:17:12.017+0000] {dag.py:3047} INFO - Sync 1 DAGs
[2024-03-07T19:17:12.027+0000] {logging_mixin.py:188} INFO - [2024-03-07T19:17:12.026+0000] {dag.py:3834} INFO - Setting next_dagrun for example_enam_solid to None, run_after=None
[2024-03-07T19:17:12.042+0000] {processor.py:183} INFO - Processing /opt/airflow/dags/other_ingestion_postgre/main_dag_sql_enam.py took 0.512 seconds
[2024-03-07T19:17:42.656+0000] {processor.py:161} INFO - Started process (PID=7698) to work on /opt/airflow/dags/other_ingestion_postgre/main_dag_sql_enam.py
[2024-03-07T19:17:42.658+0000] {processor.py:830} INFO - Processing file /opt/airflow/dags/other_ingestion_postgre/main_dag_sql_enam.py for tasks to queue
[2024-03-07T19:17:42.662+0000] {logging_mixin.py:188} INFO - [2024-03-07T19:17:42.662+0000] {dagbag.py:540} INFO - Filling up the DagBag from /opt/airflow/dags/other_ingestion_postgre/main_dag_sql_enam.py
[2024-03-07T19:17:43.041+0000] {processor.py:840} INFO - DAG(s) 'example_enam_solid' retrieved from /opt/airflow/dags/other_ingestion_postgre/main_dag_sql_enam.py
[2024-03-07T19:17:43.115+0000] {logging_mixin.py:188} INFO - [2024-03-07T19:17:43.114+0000] {dag.py:3047} INFO - Sync 1 DAGs
[2024-03-07T19:17:43.125+0000] {logging_mixin.py:188} INFO - [2024-03-07T19:17:43.125+0000] {dag.py:3834} INFO - Setting next_dagrun for example_enam_solid to None, run_after=None
[2024-03-07T19:17:43.140+0000] {processor.py:183} INFO - Processing /opt/airflow/dags/other_ingestion_postgre/main_dag_sql_enam.py took 0.490 seconds
[2024-03-07T19:18:13.233+0000] {processor.py:161} INFO - Started process (PID=7719) to work on /opt/airflow/dags/other_ingestion_postgre/main_dag_sql_enam.py
[2024-03-07T19:18:13.234+0000] {processor.py:830} INFO - Processing file /opt/airflow/dags/other_ingestion_postgre/main_dag_sql_enam.py for tasks to queue
[2024-03-07T19:18:13.236+0000] {logging_mixin.py:188} INFO - [2024-03-07T19:18:13.236+0000] {dagbag.py:540} INFO - Filling up the DagBag from /opt/airflow/dags/other_ingestion_postgre/main_dag_sql_enam.py
[2024-03-07T19:18:13.608+0000] {processor.py:840} INFO - DAG(s) 'example_enam_solid' retrieved from /opt/airflow/dags/other_ingestion_postgre/main_dag_sql_enam.py
[2024-03-07T19:18:13.685+0000] {logging_mixin.py:188} INFO - [2024-03-07T19:18:13.684+0000] {dag.py:3047} INFO - Sync 1 DAGs
[2024-03-07T19:18:13.693+0000] {logging_mixin.py:188} INFO - [2024-03-07T19:18:13.693+0000] {dag.py:3834} INFO - Setting next_dagrun for example_enam_solid to None, run_after=None
[2024-03-07T19:18:13.708+0000] {processor.py:183} INFO - Processing /opt/airflow/dags/other_ingestion_postgre/main_dag_sql_enam.py took 0.481 seconds
[2024-03-07T19:18:28.673+0000] {processor.py:161} INFO - Started process (PID=7731) to work on /opt/airflow/dags/other_ingestion_postgre/main_dag_sql_enam.py
[2024-03-07T19:18:28.674+0000] {processor.py:830} INFO - Processing file /opt/airflow/dags/other_ingestion_postgre/main_dag_sql_enam.py for tasks to queue
[2024-03-07T19:18:28.677+0000] {logging_mixin.py:188} INFO - [2024-03-07T19:18:28.676+0000] {dagbag.py:540} INFO - Filling up the DagBag from /opt/airflow/dags/other_ingestion_postgre/main_dag_sql_enam.py
[2024-03-07T19:18:29.115+0000] {logging_mixin.py:188} INFO - [2024-03-07T19:18:29.114+0000] {dagbag.py:350} ERROR - Failed to import: /opt/airflow/dags/other_ingestion_postgre/main_dag_sql_enam.py
Traceback (most recent call last):
  File "/home/airflow/.local/lib/python3.8/site-packages/airflow/models/dagbag.py", line 346, in parse
    loader.exec_module(new_module)
  File "<frozen importlib._bootstrap_external>", line 843, in exec_module
  File "<frozen importlib._bootstrap>", line 219, in _call_with_frames_removed
  File "/opt/airflow/dags/other_ingestion_postgre/main_dag_sql_enam.py", line 97, in <module>
    op_args=[{{ ds }}, Variable.get("BASE_PATH")],
NameError: name 'ds' is not defined
[2024-03-07T19:18:29.116+0000] {processor.py:842} WARNING - No viable dags retrieved from /opt/airflow/dags/other_ingestion_postgre/main_dag_sql_enam.py
[2024-03-07T19:18:29.129+0000] {processor.py:183} INFO - Processing /opt/airflow/dags/other_ingestion_postgre/main_dag_sql_enam.py took 0.460 seconds
[2024-03-07T19:18:59.366+0000] {processor.py:161} INFO - Started process (PID=7752) to work on /opt/airflow/dags/other_ingestion_postgre/main_dag_sql_enam.py
[2024-03-07T19:18:59.369+0000] {processor.py:830} INFO - Processing file /opt/airflow/dags/other_ingestion_postgre/main_dag_sql_enam.py for tasks to queue
[2024-03-07T19:18:59.371+0000] {logging_mixin.py:188} INFO - [2024-03-07T19:18:59.370+0000] {dagbag.py:540} INFO - Filling up the DagBag from /opt/airflow/dags/other_ingestion_postgre/main_dag_sql_enam.py
[2024-03-07T19:18:59.767+0000] {logging_mixin.py:188} INFO - [2024-03-07T19:18:59.766+0000] {dagbag.py:350} ERROR - Failed to import: /opt/airflow/dags/other_ingestion_postgre/main_dag_sql_enam.py
Traceback (most recent call last):
  File "/home/airflow/.local/lib/python3.8/site-packages/airflow/models/dagbag.py", line 346, in parse
    loader.exec_module(new_module)
  File "<frozen importlib._bootstrap_external>", line 843, in exec_module
  File "<frozen importlib._bootstrap>", line 219, in _call_with_frames_removed
  File "/opt/airflow/dags/other_ingestion_postgre/main_dag_sql_enam.py", line 97, in <module>
    op_args=[{{ ds }}, Variable.get("BASE_PATH")],
NameError: name 'ds' is not defined
[2024-03-07T19:18:59.767+0000] {processor.py:842} WARNING - No viable dags retrieved from /opt/airflow/dags/other_ingestion_postgre/main_dag_sql_enam.py
[2024-03-07T19:18:59.783+0000] {processor.py:183} INFO - Processing /opt/airflow/dags/other_ingestion_postgre/main_dag_sql_enam.py took 0.420 seconds
