[2024-03-22T20:00:01.369+0000] {taskinstance.py:1979} INFO - Dependencies all met for dep_context=non-requeueable deps ti=<TaskInstance: study_case_etl_cloud_storage.fetch_data_task scheduled__2024-03-22T19:00:00+00:00 [queued]>
[2024-03-22T20:00:01.379+0000] {taskinstance.py:1979} INFO - Dependencies all met for dep_context=requeueable deps ti=<TaskInstance: study_case_etl_cloud_storage.fetch_data_task scheduled__2024-03-22T19:00:00+00:00 [queued]>
[2024-03-22T20:00:01.380+0000] {taskinstance.py:2193} INFO - Starting attempt 1 of 2
[2024-03-22T20:00:01.391+0000] {taskinstance.py:2214} INFO - Executing <Task(PythonOperator): fetch_data_task> on 2024-03-22 19:00:00+00:00
[2024-03-22T20:00:01.397+0000] {standard_task_runner.py:60} INFO - Started process 2221 to run task
[2024-03-22T20:00:01.400+0000] {standard_task_runner.py:87} INFO - Running: ['***', 'tasks', 'run', 'study_case_etl_cloud_storage', 'fetch_data_task', 'scheduled__2024-03-22T19:00:00+00:00', '--job-id', '259', '--raw', '--subdir', 'DAGS_FOLDER/etl_day_bigquery/study_case_etl_cloud_storage.py', '--cfg-path', '/tmp/tmpbpbbr5ff']
[2024-03-22T20:00:01.402+0000] {standard_task_runner.py:88} INFO - Job 259: Subtask fetch_data_task
[2024-03-22T20:00:01.443+0000] {task_command.py:423} INFO - Running <TaskInstance: study_case_etl_cloud_storage.fetch_data_task scheduled__2024-03-22T19:00:00+00:00 [running]> on host 428086c4ef09
[2024-03-22T20:00:01.509+0000] {taskinstance.py:2510} INFO - Exporting env vars: AIRFLOW_CTX_DAG_OWNER='Agus mahari' AIRFLOW_CTX_DAG_ID='study_case_etl_cloud_storage' AIRFLOW_CTX_TASK_ID='fetch_data_task' AIRFLOW_CTX_EXECUTION_DATE='2024-03-22T19:00:00+00:00' AIRFLOW_CTX_TRY_NUMBER='1' AIRFLOW_CTX_DAG_RUN_ID='scheduled__2024-03-22T19:00:00+00:00'
[2024-03-22T20:00:04.374+0000] {logging_mixin.py:188} INFO - 2024-03-22 20:00:04,374 INFO sqlalchemy.engine.Engine SELECT DATABASE()
[2024-03-22T20:00:04.374+0000] {base.py:1863} INFO - SELECT DATABASE()
[2024-03-22T20:00:04.375+0000] {logging_mixin.py:188} INFO - 2024-03-22 20:00:04,375 INFO sqlalchemy.engine.Engine [raw sql] {}
[2024-03-22T20:00:04.375+0000] {base.py:1868} INFO - [raw sql] {}
[2024-03-22T20:00:05.836+0000] {logging_mixin.py:188} INFO - 2024-03-22 20:00:05,836 INFO sqlalchemy.engine.Engine SELECT @@sql_mode
[2024-03-22T20:00:05.836+0000] {base.py:1863} INFO - SELECT @@sql_mode
[2024-03-22T20:00:05.839+0000] {logging_mixin.py:188} INFO - 2024-03-22 20:00:05,839 INFO sqlalchemy.engine.Engine [raw sql] {}
[2024-03-22T20:00:05.839+0000] {base.py:1868} INFO - [raw sql] {}
[2024-03-22T20:00:06.334+0000] {logging_mixin.py:188} INFO - 2024-03-22 20:00:06,334 INFO sqlalchemy.engine.Engine SELECT @@lower_case_table_names
[2024-03-22T20:00:06.334+0000] {base.py:1863} INFO - SELECT @@lower_case_table_names
[2024-03-22T20:00:06.338+0000] {logging_mixin.py:188} INFO - 2024-03-22 20:00:06,338 INFO sqlalchemy.engine.Engine [raw sql] {}
[2024-03-22T20:00:06.338+0000] {base.py:1868} INFO - [raw sql] {}
[2024-03-22T20:00:07.095+0000] {logging_mixin.py:188} INFO - 2024-03-22 20:00:07,095 INFO sqlalchemy.engine.Engine 


  SELECT 
    *
FROM databasename.mytable
[2024-03-22T20:00:07.095+0000] {base.py:1863} INFO - 


  SELECT 
    *
FROM databasename.mytable
[2024-03-22T20:00:07.096+0000] {logging_mixin.py:188} INFO - 2024-03-22 20:00:07,096 INFO sqlalchemy.engine.Engine [raw sql] {}
[2024-03-22T20:00:07.096+0000] {base.py:1868} INFO - [raw sql] {}
[2024-03-22T20:00:07.616+0000] {logging_mixin.py:188} INFO - File already exists.
[2024-03-22T20:00:07.621+0000] {python.py:202} INFO - Done. Returned value was: /opt/***/data/aplikasi_table_['{ ds }.parquet']
[2024-03-22T20:00:07.689+0000] {taskinstance.py:1149} INFO - Marking task as SUCCESS. dag_id=study_case_etl_cloud_storage, task_id=fetch_data_task, execution_date=20240322T190000, start_date=20240322T200001, end_date=20240322T200007
[2024-03-22T20:00:07.720+0000] {local_task_job_runner.py:234} INFO - Task exited with return code 0
[2024-03-22T20:00:07.731+0000] {taskinstance.py:3309} INFO - 0 downstream tasks scheduled from follow-on schedule check
