[2024-03-16T07:46:37.584+0000] {taskinstance.py:1979} INFO - Dependencies all met for dep_context=non-requeueable deps ti=<TaskInstance: study_case_etl_cloud_storage.fetch_data_task manual__2024-03-16T07:46:36.238460+00:00 [queued]>
[2024-03-16T07:46:37.593+0000] {taskinstance.py:1979} INFO - Dependencies all met for dep_context=requeueable deps ti=<TaskInstance: study_case_etl_cloud_storage.fetch_data_task manual__2024-03-16T07:46:36.238460+00:00 [queued]>
[2024-03-16T07:46:37.593+0000] {taskinstance.py:2193} INFO - Starting attempt 1 of 2
[2024-03-16T07:46:37.606+0000] {taskinstance.py:2214} INFO - Executing <Task(PythonOperator): fetch_data_task> on 2024-03-16 07:46:36.238460+00:00
[2024-03-16T07:46:37.612+0000] {standard_task_runner.py:60} INFO - Started process 302 to run task
[2024-03-16T07:46:37.615+0000] {standard_task_runner.py:87} INFO - Running: ['***', 'tasks', 'run', 'study_case_etl_cloud_storage', 'fetch_data_task', 'manual__2024-03-16T07:46:36.238460+00:00', '--job-id', '675', '--raw', '--subdir', 'DAGS_FOLDER/etl_day_bigquery/study_case_etl_cloud_storage.py', '--cfg-path', '/tmp/tmpclgytnjd']
[2024-03-16T07:46:37.619+0000] {standard_task_runner.py:88} INFO - Job 675: Subtask fetch_data_task
[2024-03-16T07:46:37.664+0000] {task_command.py:423} INFO - Running <TaskInstance: study_case_etl_cloud_storage.fetch_data_task manual__2024-03-16T07:46:36.238460+00:00 [running]> on host 1d5b76b26ba5
[2024-03-16T07:46:37.753+0000] {taskinstance.py:2510} INFO - Exporting env vars: AIRFLOW_CTX_DAG_OWNER='Agus mahari' AIRFLOW_CTX_DAG_ID='study_case_etl_cloud_storage' AIRFLOW_CTX_TASK_ID='fetch_data_task' AIRFLOW_CTX_EXECUTION_DATE='2024-03-16T07:46:36.238460+00:00' AIRFLOW_CTX_TRY_NUMBER='1' AIRFLOW_CTX_DAG_RUN_ID='manual__2024-03-16T07:46:36.238460+00:00'
[2024-03-16T07:46:37.756+0000] {warnings.py:109} WARNING - /home/***/.local/lib/python3.8/site-packages/***/utils/context.py:315: AirflowContextDeprecationWarning: Accessing 'execution_date' from the template is deprecated and will be removed in a future version. Please use 'data_interval_start' or 'logical_date' instead.
  warnings.warn(_create_deprecation_warning(k, replacements))

[2024-03-16T07:46:40.471+0000] {logging_mixin.py:188} INFO - 2024-03-16 07:46:40,471 INFO sqlalchemy.engine.Engine SELECT DATABASE()
[2024-03-16T07:46:40.471+0000] {base.py:1863} INFO - SELECT DATABASE()
[2024-03-16T07:46:40.472+0000] {logging_mixin.py:188} INFO - 2024-03-16 07:46:40,472 INFO sqlalchemy.engine.Engine [raw sql] {}
[2024-03-16T07:46:40.472+0000] {base.py:1868} INFO - [raw sql] {}
[2024-03-16T07:46:41.358+0000] {logging_mixin.py:188} INFO - 2024-03-16 07:46:41,358 INFO sqlalchemy.engine.Engine SELECT @@sql_mode
[2024-03-16T07:46:41.358+0000] {base.py:1863} INFO - SELECT @@sql_mode
[2024-03-16T07:46:41.363+0000] {logging_mixin.py:188} INFO - 2024-03-16 07:46:41,362 INFO sqlalchemy.engine.Engine [raw sql] {}
[2024-03-16T07:46:41.362+0000] {base.py:1868} INFO - [raw sql] {}
[2024-03-16T07:46:41.808+0000] {logging_mixin.py:188} INFO - 2024-03-16 07:46:41,808 INFO sqlalchemy.engine.Engine SELECT @@lower_case_table_names
[2024-03-16T07:46:41.808+0000] {base.py:1863} INFO - SELECT @@lower_case_table_names
[2024-03-16T07:46:41.810+0000] {logging_mixin.py:188} INFO - 2024-03-16 07:46:41,810 INFO sqlalchemy.engine.Engine [raw sql] {}
[2024-03-16T07:46:41.810+0000] {base.py:1868} INFO - [raw sql] {}
[2024-03-16T07:46:42.481+0000] {logging_mixin.py:188} INFO - 2024-03-16 07:46:42,481 INFO sqlalchemy.engine.Engine 


  SELECT 
    *
FROM databasename.mytable
[2024-03-16T07:46:42.481+0000] {base.py:1863} INFO - 


  SELECT 
    *
FROM databasename.mytable
[2024-03-16T07:46:42.481+0000] {logging_mixin.py:188} INFO - 2024-03-16 07:46:42,481 INFO sqlalchemy.engine.Engine [raw sql] {}
[2024-03-16T07:46:42.481+0000] {base.py:1868} INFO - [raw sql] {}
[2024-03-16T07:46:42.932+0000] {python.py:202} INFO - Done. Returned value was: /opt/***/data/aplikasi_table_2024-03-16-7-46-36.parquet
[2024-03-16T07:46:42.950+0000] {taskinstance.py:1149} INFO - Marking task as SUCCESS. dag_id=study_case_etl_cloud_storage, task_id=fetch_data_task, execution_date=20240316T074636, start_date=20240316T074637, end_date=20240316T074642
[2024-03-16T07:46:42.991+0000] {local_task_job_runner.py:234} INFO - Task exited with return code 0
[2024-03-16T07:46:43.009+0000] {taskinstance.py:3309} INFO - 1 downstream tasks scheduled from follow-on schedule check
