[2024-03-12T17:59:25.002+0000] {taskinstance.py:1979} INFO - Dependencies all met for dep_context=non-requeueable deps ti=<TaskInstance: example_enam.fetch_data_task manual__2024-03-12T17:59:23.700809+00:00 [queued]>
[2024-03-12T17:59:25.010+0000] {taskinstance.py:1979} INFO - Dependencies all met for dep_context=requeueable deps ti=<TaskInstance: example_enam.fetch_data_task manual__2024-03-12T17:59:23.700809+00:00 [queued]>
[2024-03-12T17:59:25.010+0000] {taskinstance.py:2193} INFO - Starting attempt 1 of 2
[2024-03-12T17:59:25.020+0000] {taskinstance.py:2214} INFO - Executing <Task(PythonOperator): fetch_data_task> on 2024-03-12 17:59:23.700809+00:00
[2024-03-12T17:59:25.024+0000] {standard_task_runner.py:60} INFO - Started process 137 to run task
[2024-03-12T17:59:25.026+0000] {standard_task_runner.py:87} INFO - Running: ['***', 'tasks', 'run', 'example_enam', 'fetch_data_task', 'manual__2024-03-12T17:59:23.700809+00:00', '--job-id', '35', '--raw', '--subdir', 'DAGS_FOLDER/other_ingestion_postgre/main_dag_sql_enam.py', '--cfg-path', '/tmp/tmp6j9rt8an']
[2024-03-12T17:59:25.029+0000] {standard_task_runner.py:88} INFO - Job 35: Subtask fetch_data_task
[2024-03-12T17:59:25.064+0000] {task_command.py:423} INFO - Running <TaskInstance: example_enam.fetch_data_task manual__2024-03-12T17:59:23.700809+00:00 [running]> on host 31e68e31498e
[2024-03-12T17:59:25.122+0000] {taskinstance.py:2510} INFO - Exporting env vars: AIRFLOW_CTX_DAG_OWNER='***' AIRFLOW_CTX_DAG_ID='example_enam' AIRFLOW_CTX_TASK_ID='fetch_data_task' AIRFLOW_CTX_EXECUTION_DATE='2024-03-12T17:59:23.700809+00:00' AIRFLOW_CTX_TRY_NUMBER='1' AIRFLOW_CTX_DAG_RUN_ID='manual__2024-03-12T17:59:23.700809+00:00'
[2024-03-12T17:59:25.124+0000] {warnings.py:109} WARNING - /home/***/.local/lib/python3.8/site-packages/***/utils/context.py:315: AirflowContextDeprecationWarning: Accessing 'execution_date' from the template is deprecated and will be removed in a future version. Please use 'data_interval_start' or 'logical_date' instead.
  warnings.warn(_create_deprecation_warning(k, replacements))

[2024-03-12T17:59:27.738+0000] {logging_mixin.py:188} INFO - 2024-03-12 17:59:27,737 INFO sqlalchemy.engine.Engine SELECT DATABASE()
[2024-03-12T17:59:27.737+0000] {base.py:1863} INFO - SELECT DATABASE()
[2024-03-12T17:59:27.740+0000] {logging_mixin.py:188} INFO - 2024-03-12 17:59:27,740 INFO sqlalchemy.engine.Engine [raw sql] {}
[2024-03-12T17:59:27.740+0000] {base.py:1868} INFO - [raw sql] {}
[2024-03-12T17:59:28.630+0000] {logging_mixin.py:188} INFO - 2024-03-12 17:59:28,629 INFO sqlalchemy.engine.Engine SELECT @@sql_mode
[2024-03-12T17:59:28.629+0000] {base.py:1863} INFO - SELECT @@sql_mode
[2024-03-12T17:59:28.631+0000] {logging_mixin.py:188} INFO - 2024-03-12 17:59:28,630 INFO sqlalchemy.engine.Engine [raw sql] {}
[2024-03-12T17:59:28.630+0000] {base.py:1868} INFO - [raw sql] {}
[2024-03-12T17:59:29.080+0000] {logging_mixin.py:188} INFO - 2024-03-12 17:59:29,079 INFO sqlalchemy.engine.Engine SELECT @@lower_case_table_names
[2024-03-12T17:59:29.079+0000] {base.py:1863} INFO - SELECT @@lower_case_table_names
[2024-03-12T17:59:29.083+0000] {logging_mixin.py:188} INFO - 2024-03-12 17:59:29,082 INFO sqlalchemy.engine.Engine [raw sql] {}
[2024-03-12T17:59:29.082+0000] {base.py:1868} INFO - [raw sql] {}
[2024-03-12T17:59:29.756+0000] {logging_mixin.py:188} INFO - 2024-03-12 17:59:29,756 INFO sqlalchemy.engine.Engine SELECT 
    id_transaksi, 
    tanggal_transaksi, 
    id_pelanggan, 
    metode_pembayaran, 
    barang_jasa_dibeli, 
    status_pembayaran, 
    created_at, 
    updated_at, 
    CONVERT_TZ(NOW(), 'UTC', '+07:00') as execution_at
FROM test.transaksi 
WHERE updated_at BETWEEN CONVERT_TZ(NOW(), 'UTC', '+07:00') - INTERVAL 1 HOUR AND CONVERT_TZ(NOW(), 'UTC', '+07:00');
[2024-03-12T17:59:29.756+0000] {base.py:1863} INFO - SELECT 
    id_transaksi, 
    tanggal_transaksi, 
    id_pelanggan, 
    metode_pembayaran, 
    barang_jasa_dibeli, 
    status_pembayaran, 
    created_at, 
    updated_at, 
    CONVERT_TZ(NOW(), 'UTC', '+07:00') as execution_at
FROM test.transaksi 
WHERE updated_at BETWEEN CONVERT_TZ(NOW(), 'UTC', '+07:00') - INTERVAL 1 HOUR AND CONVERT_TZ(NOW(), 'UTC', '+07:00');
[2024-03-12T17:59:29.764+0000] {logging_mixin.py:188} INFO - 2024-03-12 17:59:29,762 INFO sqlalchemy.engine.Engine [raw sql] {}
[2024-03-12T17:59:29.762+0000] {base.py:1868} INFO - [raw sql] {}
[2024-03-12T17:59:30.228+0000] {python.py:202} INFO - Done. Returned value was: None
[2024-03-12T17:59:30.235+0000] {taskinstance.py:1149} INFO - Marking task as SUCCESS. dag_id=example_enam, task_id=fetch_data_task, execution_date=20240312T175923, start_date=20240312T175925, end_date=20240312T175930
[2024-03-12T17:59:30.303+0000] {local_task_job_runner.py:234} INFO - Task exited with return code 0
[2024-03-12T17:59:30.322+0000] {taskinstance.py:3309} INFO - 1 downstream tasks scheduled from follow-on schedule check
